! 56, ise, 64, 1, 1, 8, 448, 10, 10, 444, 449, 444
  result is correct!
! 56, ise, 64, 1, 1, 12, 672, 10, 10, 810, 815, 810
  result is correct!
! 56, ise, 64, 1, 1, 16, 896, 10, 10, 1275, 1280, 1275
  result is correct!
! 56, ise, 64, 1, 1, 20, 1120, 10, 10, 1812, 2241, 1869
  result is correct!
! 56, ise, 64, 1, 1, 24, 1344, 10, 10, 2450, 2879, 2507
  result is correct!
! 56, ise, 64, 1, 1, 28, 1568, 10, 10, 3184, 3721, 3242
  result is correct!
! 56, ise, 64, 1, 1, 32, 1792, 10, 10, 4014, 4547, 4071
  result is correct!
! 56, ise, 64, 1, 1, 36, 2016, 10, 10, 4940, 5369, 5054
  result is correct!
! 56, ise, 64, 1, 1, 40, 2240, 10, 10, 5965, 6391, 6079
  result is correct!
! 56, ise, 64, 1, 1, 44, 2464, 10, 10, 7080, 7616, 7195
  result is correct!
! 56, ise, 64, 1, 1, 48, 2688, 10, 10, 8294, 8829, 8466
  result is correct!
! 56, ise, 64, 1, 1, 52, 2912, 10, 10, 9604, 10142, 9781
  result is correct!
! 56, ise, 64, 1, 1, 56, 3136, 10, 10, 11010, 11544, 11239
  result is correct!
! 56, ise, 64, 1, 1, 60, 3360, 10, 10, 12512, 13050, 12746
  result is correct!
! 56, ise, 64, 1, 1, 64, 3584, 10, 10, 14151, 14650, 14397
  result is correct!
! 56, ise, 64, 1, 1, 68, 3808, 10, 10, 15850, 16335, 16094
  result is correct!
! 56, ise, 64, 1, 1, 72, 4032, 10, 10, 17635, 18131, 17895
  result is correct!

--------------------Threshold debug data--------------------
! 56, ise, 64, 1, 1, 8, 448, 10

! @  449 444 444 444 444 444 444 444 444 444
! 56, ise, 64, 1, 1, 12, 672, 10

! @  815 810 810 810 810 810 810 810 810 810
! 56, ise, 64, 1, 1, 16, 896, 10

! @  1280 1275 1275 1275 1275 1275 1275 1275 1275 1275
! 56, ise, 64, 1, 1, 20, 1120, 10

! @  1817 1812 1812 1812 1812 2241 1954 1812 1812 1812
! 56, ise, 64, 1, 1, 24, 1344, 10

! @  2455 2879 2592 2450 2450 2450 2450 2450 2450 2450
! 56, ise, 64, 1, 1, 28, 1568, 10

! @  3195 3184 3184 3184 3184 3184 3184 3184 3721 3225
! 56, ise, 64, 1, 1, 32, 1792, 10

! @  4019 4014 4014 4014 4547 4055 4014 4014 4014 4014
! 56, ise, 64, 1, 1, 36, 2016, 10

! @  4945 5369 5082 4940 4940 4940 4940 5369 5082 4940
! 56, ise, 64, 1, 1, 40, 2240, 10

! @  6112 5965 5965 5965 6391 6107 5965 5965 5965 6391
! 56, ise, 64, 1, 1, 44, 2464, 10

! @  7085 7080 7616 7121 7080 7080 7614 7121 7080 7080
! 56, ise, 64, 1, 1, 48, 2688, 10

! @  8732 8436 8294 8294 8829 8335 8294 8724 8436 8294
! 56, ise, 64, 1, 1, 52, 2912, 10

! @  9650 9604 10138 9645 9604 10142 9645 9604 10140 9645
! 56, ise, 64, 1, 1, 56, 3136, 10

! @  11445 11152 11010 11544 11051 11438 11152 11010 11441 11152
! 56, ise, 64, 1, 1, 60, 3360, 10

! @  12558 12941 12654 12512 13047 12553 13050 12553 12941 12654
! 56, ise, 64, 1, 1, 64, 3584, 10

! @  14650 14151 14648 14151 14584 14208 14542 14252 14540 14252
! 56, ise, 64, 1, 1, 68, 3808, 10

! @  15850 16335 16275 15946 16232 15946 16234 15946 16233 15946
! 56, ise, 64, 1, 1, 72, 4032, 10

! @  17741 18024 17736 18131 17997 17803 18022 17736 18129 17635
