! 58, ise, 64, 1, 1, 8, 464, 10, 10, 1006, 1009, 1006
  result is correct!
! 58, ise, 64, 1, 1, 12, 696, 10, 10, 2018, 2336, 2050
  result is correct!
! 58, ise, 64, 1, 1, 16, 928, 10, 10, 3382, 3701, 3414
  result is correct!
! 58, ise, 64, 1, 1, 20, 1160, 10, 10, 5098, 5417, 5162
  result is correct!
! 58, ise, 64, 1, 1, 24, 1392, 10, 10, 7166, 7486, 7230
  result is correct!
! 58, ise, 64, 1, 1, 28, 1624, 10, 10, 9586, 9907, 9683
  result is correct!
! 58, ise, 64, 1, 1, 32, 1856, 10, 10, 12358, 12679, 12488
  result is correct!
! 58, ise, 64, 1, 1, 36, 2088, 10, 10, 15485, 15803, 15645
  result is correct!
! 58, ise, 64, 1, 1, 40, 2320, 10, 10, 18961, 19279, 19152
  result is correct!
! 58, ise, 64, 1, 1, 44, 2552, 10, 10, 22803, 23114, 23044
  result is correct!
! 58, ise, 64, 1, 1, 48, 2784, 10, 10, 26983, 27290, 27255
  result is correct!
! 58, ise, 64, 1, 1, 52, 3016, 10, 10, 31817, 32111, 31849
  result is correct!
! 58, ise, 64, 1, 1, 56, 3248, 10, 10, 36701, 36995, 36764
  result is correct!
! 58, ise, 64, 1, 1, 60, 3480, 10, 10, 41941, 42247, 42062
  result is correct!
! 58, ise, 64, 1, 1, 64, 3712, 10, 10, 47527, 47833, 47710
  result is correct!

--------------------Threshold debug data--------------------
! 58, ise, 64, 1, 1, 8, 464, 10

! @  1009 1006 1006 1006 1006 1006 1006 1006 1006 1006
! 58, ise, 64, 1, 1, 12, 696, 10

! @  2021 2018 2018 2018 2336 2021 2018 2018 2018 2018
! 58, ise, 64, 1, 1, 16, 928, 10

! @  3385 3382 3382 3382 3382 3382 3382 3701 3385 3382
! 58, ise, 64, 1, 1, 20, 1160, 10

! @  5101 5417 5101 5098 5098 5098 5098 5417 5101 5098
! 58, ise, 64, 1, 1, 24, 1392, 10

! @  7169 7166 7486 7169 7166 7166 7483 7169 7166 7166
! 58, ise, 64, 1, 1, 28, 1624, 10

! @  9594 9586 9905 9589 9586 9907 9589 9586 9904 9589
! 58, ise, 64, 1, 1, 32, 1856, 10

! @  12380 12662 12375 12358 12677 12361 12661 12375 12358 12679
! 58, ise, 64, 1, 1, 36, 2088, 10

! @  15504 15803 15485 15803 15485 15803 15485 15801 15485 15801
! 58, ise, 64, 1, 1, 40, 2320, 10

! @  19272 18975 19278 18961 19279 19267 18975 19279 19265 18975
! 58, ise, 64, 1, 1, 44, 2552, 10

! @  23114 23094 23109 22803 23107 23093 23109 22803 23104 23109
! 58, ise, 64, 1, 1, 48, 2784, 10

! @  27290 26983 27283 27288 27285 27288 27288 27273 27286 27289
! 58, ise, 64, 1, 1, 52, 3016, 10

! @  31824 31820 31822 31822 31817 32111 31818 31819 31821 31817
! 58, ise, 64, 1, 1, 56, 3248, 10

! @  36709 36718 36705 36991 36703 36720 36703 36995 36701 36704
! 58, ise, 64, 1, 1, 60, 3480, 10

! @  41945 41954 42232 41941 42244 41941 41954 42228 41941 42247
! 58, ise, 64, 1, 1, 64, 3712, 10

! @  47821 47832 47528 47828 47538 47818 47833 47527 47833 47542
