! 64, ise, 64, 1, 1, 8, 512, 10, 10, 1122, 1124, 1122
  result is correct!
! 64, ise, 64, 1, 1, 12, 768, 10, 10, 2290, 2586, 2321
  result is correct!
! 64, ise, 64, 1, 1, 16, 1024, 10, 10, 3874, 4186, 3905
  result is correct!
! 64, ise, 64, 1, 1, 20, 1280, 10, 10, 5874, 6186, 5937
  result is correct!
! 64, ise, 64, 1, 1, 24, 1536, 10, 10, 8290, 8602, 8384
  result is correct!
! 64, ise, 64, 1, 1, 28, 1792, 10, 10, 11122, 11433, 11247
  result is correct!
! 64, ise, 64, 1, 1, 32, 2048, 10, 10, 14373, 14683, 14526
  result is correct!
! 64, ise, 64, 1, 1, 36, 2304, 10, 10, 18037, 18346, 18222
  result is correct!
! 64, ise, 64, 1, 1, 40, 2560, 10, 10, 22132, 22429, 22334
  result is correct!
! 64, ise, 64, 1, 1, 44, 2816, 10, 10, 26628, 26925, 26892
  result is correct!
! 64, ise, 64, 1, 1, 48, 3072, 10, 10, 31834, 32124, 31864
  result is correct!
! 64, ise, 64, 1, 1, 52, 3328, 10, 10, 37161, 37452, 37225
  result is correct!
! 64, ise, 64, 1, 1, 56, 3584, 10, 10, 42909, 43207, 43030
  result is correct!
! 64, ise, 64, 1, 1, 60, 3840, 10, 10, 49067, 49374, 49250
  result is correct!
! 64, ise, 64, 1, 1, 64, 4096, 10, 10, 55660, 55950, 55915
  result is correct!

--------------------Threshold debug data--------------------
! 64, ise, 64, 1, 1, 8, 512, 10

! @  1124 1122 1122 1122 1122 1122 1122 1122 1122 1122
! 64, ise, 64, 1, 1, 12, 768, 10

! @  2292 2290 2586 2308 2290 2290 2290 2290 2290 2290
! 64, ise, 64, 1, 1, 16, 1024, 10

! @  3876 3874 3874 3874 3874 4186 3877 3874 3874 3874
! 64, ise, 64, 1, 1, 20, 1280, 10

! @  6186 5877 5874 5874 5874 6186 5877 5874 5874 5874
! 64, ise, 64, 1, 1, 24, 1536, 10

! @  8589 8308 8290 8290 8602 8293 8290 8585 8308 8290
! 64, ise, 64, 1, 1, 28, 1792, 10

! @  11421 11140 11122 11433 11125 11419 11140 11122 11417 11140
! 64, ise, 64, 1, 1, 32, 2048, 10

! @  14683 14373 14678 14373 14681 14373 14681 14373 14665 14388
! 64, ise, 64, 1, 1, 36, 2304, 10

! @  18056 18345 18037 18346 18333 18052 18345 18037 18345 18330
! 64, ise, 64, 1, 1, 40, 2560, 10

! @  22416 22132 22425 22429 22414 22132 22425 22424 22414 22132
! 64, ise, 64, 1, 1, 44, 2816, 10

! @  26922 26924 26924 26924 26924 26910 26923 26925 26924 26628
! 64, ise, 64, 1, 1, 48, 3072, 10

! @  31838 31836 31836 31836 31834 32124 31837 31835 31836 31836
! 64, ise, 64, 1, 1, 52, 3328, 10

! @  37184 37163 37451 37161 37179 37164 37452 37165 37163 37177
! 64, ise, 64, 1, 1, 56, 3584, 10

! @  42928 43193 42909 43207 42909 42924 43196 42923 43193 42923
! 64, ise, 64, 1, 1, 60, 3840, 10

! @  49374 49067 49370 49367 49069 49369 49083 49353 49366 49083
! 64, ise, 64, 1, 1, 64, 4096, 10

! @  55950 55944 55947 55946 55660 55926 55945 55946 55946 55946
