! 56, ise, 64, 1, 1, 8, 448, 10, 10, 1006, 1011, 1006
  result is correct!
! 56, ise, 64, 1, 1, 12, 672, 10, 10, 2018, 2336, 2050
  result is correct!
! 56, ise, 64, 1, 1, 16, 896, 10, 10, 3382, 3701, 3414
  result is correct!
! 56, ise, 64, 1, 1, 20, 1120, 10, 10, 5098, 5417, 5163
  result is correct!
! 56, ise, 64, 1, 1, 24, 1344, 10, 10, 7166, 7486, 7231
  result is correct!
! 56, ise, 64, 1, 1, 28, 1568, 10, 10, 9586, 9905, 9684
  result is correct!
! 56, ise, 64, 1, 1, 32, 1792, 10, 10, 12358, 12677, 12489
  result is correct!
! 56, ise, 64, 1, 1, 36, 2016, 10, 10, 15487, 15802, 15645
  result is correct!
! 56, ise, 64, 1, 1, 40, 2240, 10, 10, 18963, 19276, 19151
  result is correct!
! 56, ise, 64, 1, 1, 44, 2464, 10, 10, 22805, 23112, 23044
  result is correct!
! 56, ise, 64, 1, 1, 48, 2688, 10, 10, 26985, 27294, 27256
  result is correct!
! 56, ise, 64, 1, 1, 52, 2912, 10, 10, 31818, 32107, 31849
  result is correct!
! 56, ise, 64, 1, 1, 56, 3136, 10, 10, 36703, 36994, 36766
  result is correct!
! 56, ise, 64, 1, 1, 60, 3360, 10, 10, 41937, 42247, 42062
  result is correct!
! 56, ise, 64, 1, 1, 64, 3584, 10, 10, 47529, 47834, 47711
  result is correct!
! 56, ise, 64, 1, 1, 68, 3808, 10, 10, 53469, 53775, 53711
  result is correct!
! 56, ise, 64, 1, 1, 72, 4032, 10, 10, 60063, 60071, 60066
  result is correct!

--------------------Threshold debug data--------------------
! 56, ise, 64, 1, 1, 8, 448, 10

! @  1011 1006 1006 1006 1006 1006 1006 1006 1006 1006
! 56, ise, 64, 1, 1, 12, 672, 10

! @  2023 2018 2018 2018 2336 2023 2018 2018 2018 2018
! 56, ise, 64, 1, 1, 16, 896, 10

! @  3387 3382 3382 3382 3382 3382 3382 3701 3387 3382
! 56, ise, 64, 1, 1, 20, 1120, 10

! @  5103 5415 5103 5098 5098 5098 5098 5417 5103 5098
! 56, ise, 64, 1, 1, 24, 1344, 10

! @  7171 7166 7486 7171 7166 7166 7484 7171 7166 7166
! 56, ise, 64, 1, 1, 28, 1568, 10

! @  9596 9586 9904 9591 9586 9904 9591 9586 9905 9591
! 56, ise, 64, 1, 1, 32, 1792, 10

! @  12382 12663 12377 12358 12677 12363 12662 12377 12358 12676
! 56, ise, 64, 1, 1, 36, 2016, 10

! @  15506 15799 15487 15802 15487 15800 15487 15800 15487 15802
! 56, ise, 64, 1, 1, 40, 2240, 10

! @  19270 18977 19274 18963 19276 19265 18977 19276 19264 18977
! 56, ise, 64, 1, 1, 44, 2464, 10

! @  23112 23096 23107 22805 23104 23095 23110 22805 23105 23108
! 56, ise, 64, 1, 1, 48, 2688, 10

! @  27294 26985 27283 27290 27288 27290 27291 27275 27286 27287
! 56, ise, 64, 1, 1, 52, 2912, 10

! @  31827 31823 31819 31819 31818 32107 31821 31822 31819 31822
! 56, ise, 64, 1, 1, 56, 3136, 10

! @  36711 36719 36707 36992 36703 36721 36705 36994 36705 36706
! 56, ise, 64, 1, 1, 60, 3360, 10

! @  41945 41956 42231 41942 42247 41941 41957 42228 41937 42242
! 56, ise, 64, 1, 1, 64, 3584, 10

! @  47822 47834 47530 47829 47545 47818 47832 47529 47832 47539
! 56, ise, 64, 1, 1, 68, 3808, 10

! @  53765 53773 53774 53775 53469 53775 53773 53773 53771 53469
! 56, ise, 64, 1, 1, 72, 4032, 10

! @  60071 60066 60064 60068 60066 60065 60063 60066 60065 60067
