! 64, isa, 64, 1, 1, 8, 512, 10, 10, 1306, 1309, 1306
  result is correct!
! 64, isa, 64, 1, 1, 12, 768, 10, 10, 2710, 3014, 2742
  result is correct!
! 64, isa, 64, 1, 1, 16, 1024, 10, 10, 4626, 4950, 4691
  result is correct!
! 64, isa, 64, 1, 1, 20, 1280, 10, 10, 7054, 7358, 7119
  result is correct!
! 64, isa, 64, 1, 1, 24, 1536, 10, 10, 9994, 10298, 10092
  result is correct!
! 64, isa, 64, 1, 1, 28, 1792, 10, 10, 13446, 13770, 13606
  result is correct!
! 64, isa, 64, 1, 1, 32, 2048, 10, 10, 17414, 17737, 17605
  result is correct!
! 64, isa, 64, 1, 1, 36, 2304, 10, 10, 21908, 22213, 22114
  result is correct!
! 64, isa, 64, 1, 1, 40, 2560, 10, 10, 26900, 27202, 27167
  result is correct!
! 64, isa, 64, 1, 1, 44, 2816, 10, 10, 32698, 32999, 32731
  result is correct!
! 64, isa, 64, 1, 1, 48, 3072, 10, 10, 38712, 39010, 38805
  result is correct!
! 64, isa, 64, 1, 1, 52, 3328, 10, 10, 45233, 45549, 45392
  result is correct!
! 64, isa, 64, 1, 1, 56, 3584, 10, 10, 52272, 52587, 52521
  result is correct!
! 64, isa, 64, 1, 1, 60, 3840, 10, 10, 60126, 60133, 60131
  result is correct!
! 64, isa, 64, 1, 1, 64, 4096, 10, 10, 68190, 68484, 68278
  result is correct!

--------------------Threshold debug data--------------------
! 64, isa, 64, 1, 1, 8, 512, 10

! @  1309 1306 1306 1306 1306 1306 1306 1306 1306 1306
! 64, isa, 64, 1, 1, 12, 768, 10

! @  3014 2732 2710 2710 2710 2710 2710 2710 2710 2710
! 64, isa, 64, 1, 1, 16, 1024, 10

! @  4629 4626 4927 4648 4626 4626 4626 4626 4626 4950
! 64, isa, 64, 1, 1, 20, 1280, 10

! @  7057 7054 7355 7076 7054 7054 7358 7076 7054 7054
! 64, isa, 64, 1, 1, 24, 1536, 10

! @  9997 10298 10016 9994 10298 10016 9994 10298 10016 9994
! 64, isa, 64, 1, 1, 28, 1792, 10

! @  13750 13468 13446 13770 13450 13770 13450 13749 13468 13747
! 64, isa, 64, 1, 1, 32, 2048, 10

! @  17737 17719 17432 17714 17432 17729 17414 17730 17718 17432
! 64, isa, 64, 1, 1, 36, 2304, 10

! @  22198 21908 22209 22194 22213 21908 22206 22194 22211 21908
! 64, isa, 64, 1, 1, 40, 2560, 10

! @  26900 27195 27201 27200 27202 27202 27179 27200 27199 27197
! 64, isa, 64, 1, 1, 44, 2816, 10

! @  32999 32699 32699 32700 32700 32699 32720 32698 32698 32702
! 64, isa, 64, 1, 1, 48, 3072, 10

! @  39010 38712 38730 39006 38712 38729 39003 38713 38713 38731
! 64, isa, 64, 1, 1, 52, 3328, 10

! @  45240 45546 45235 45548 45233 45549 45251 45536 45255 45530
! 64, isa, 64, 1, 1, 56, 3584, 10

! @  52587 52585 52273 52581 52584 52581 52272 52581 52582 52585
! 64, isa, 64, 1, 1, 60, 3840, 10

! @  60132 60133 60126 60132 60130 60133 60132 60133 60131 60132
! 64, isa, 64, 1, 1, 64, 4096, 10

! @  68484 68191 68192 68193 68480 68190 68193 68192 68480 68192
