! 64, ise, 64, 1, 1, 8, 512, 10, 10, 551, 553, 551
  result is correct!
! 64, ise, 64, 1, 1, 12, 768, 10, 10, 1154, 1156, 1154
  result is correct!
! 64, ise, 64, 1, 1, 16, 1024, 10, 10, 1980, 2431, 2027
  result is correct!
! 64, ise, 64, 1, 1, 20, 1280, 10, 10, 2997, 3454, 3053
  result is correct!
! 64, ise, 64, 1, 1, 24, 1536, 10, 10, 4234, 4606, 4282
  result is correct!
! 64, ise, 64, 1, 1, 28, 1792, 10, 10, 5687, 6147, 5783
  result is correct!
! 64, ise, 64, 1, 1, 32, 2048, 10, 10, 7356, 7729, 7489
  result is correct!
! 64, ise, 64, 1, 1, 36, 2304, 10, 10, 9241, 9700, 9385
  result is correct!
! 64, ise, 64, 1, 1, 40, 2560, 10, 10, 11342, 11802, 11535
  result is correct!
! 64, ise, 64, 1, 1, 44, 2816, 10, 10, 13659, 14118, 13897
  result is correct!
! 64, ise, 64, 1, 1, 48, 3072, 10, 10, 16217, 16650, 16464
  result is correct!
! 64, ise, 64, 1, 1, 52, 3328, 10, 10, 19049, 19399, 19232
  result is correct!
! 64, ise, 64, 1, 1, 56, 3584, 10, 10, 22014, 22388, 22245
  result is correct!
! 64, ise, 64, 1, 1, 60, 3840, 10, 10, 25195, 25570, 25512
  result is correct!
! 64, ise, 64, 1, 1, 64, 4096, 10, 10, 28881, 28972, 28958
  result is correct!

--------------------Threshold debug data--------------------
! 64, ise, 64, 1, 1, 8, 512, 10

! @  553 551 551 551 551 551 551 551 551 551
! 64, ise, 64, 1, 1, 12, 768, 10

! @  1156 1154 1154 1154 1154 1154 1154 1154 1154 1154
! 64, ise, 64, 1, 1, 16, 1024, 10

! @  1982 1980 1980 1980 2431 2005 1980 1980 1980 1980
! 64, ise, 64, 1, 1, 20, 1280, 10

! @  3109 2997 2997 2997 2997 2997 2997 2997 2997 3454
! 64, ise, 64, 1, 1, 24, 1536, 10

! @  4236 4234 4234 4606 4342 4234 4234 4234 4234 4234
! 64, ise, 64, 1, 1, 28, 1792, 10

! @  6147 5712 5687 5687 5687 6144 5712 5687 5687 5687
! 64, ise, 64, 1, 1, 32, 2048, 10

! @  7358 7727 7464 7356 7356 7727 7464 7356 7356 7729
! 64, ise, 64, 1, 1, 36, 2304, 10

! @  9270 9241 9612 9349 9241 9614 9349 9241 9241 9700
! 64, ise, 64, 1, 1, 40, 2560, 10

! @  11802 11367 11715 11450 11342 11747 11420 11342 11800 11367
! 64, ise, 64, 1, 1, 44, 2816, 10

! @  14034 13767 14030 13767 13659 14118 13684 14117 13684 14118
! 64, ise, 64, 1, 1, 48, 3072, 10

! @  16593 16300 16565 16300 16622 16246 16646 16217 16650 16509
! 64, ise, 64, 1, 1, 52, 3328, 10

! @  19337 19049 19398 19339 19049 19312 19049 19399 19339 19049
! 64, ise, 64, 1, 1, 56, 3584, 10

! @  22306 22014 22365 22385 22303 22014 22363 22388 22303 22014
! 64, ise, 64, 1, 1, 60, 3840, 10

! @  25488 25567 25568 25195 25545 25570 25570 25485 25568 25568
! 64, ise, 64, 1, 1, 64, 4096, 10

! @  28972 28967 28967 28967 28966 28964 28881 28966 28965 28965
