! 56, isa, 64, 1, 1, 8, 448, 10, 10, 1212, 1217, 1212
  result is correct!
! 56, isa, 64, 1, 1, 12, 672, 10, 10, 2472, 2772, 2505
  result is correct!
! 56, isa, 64, 1, 1, 16, 896, 10, 10, 4180, 4509, 4214
  result is correct!
! 56, isa, 64, 1, 1, 20, 1120, 10, 10, 6336, 6637, 6403
  result is correct!
! 56, isa, 64, 1, 1, 24, 1344, 10, 10, 8940, 9269, 9040
  result is correct!
! 56, isa, 64, 1, 1, 28, 1568, 10, 10, 11992, 12320, 12125
  result is correct!
! 56, isa, 64, 1, 1, 32, 1792, 10, 10, 15501, 15831, 15663
  result is correct!
! 56, isa, 64, 1, 1, 36, 2016, 10, 10, 19469, 19775, 19673
  result is correct!
! 56, isa, 64, 1, 1, 40, 2240, 10, 10, 23865, 24175, 24104
  result is correct!
! 56, isa, 64, 1, 1, 44, 2464, 10, 10, 28990, 29023, 29010
  result is correct!
! 56, isa, 64, 1, 1, 48, 2688, 10, 10, 34299, 34624, 34343
  result is correct!
! 56, isa, 64, 1, 1, 52, 2912, 10, 10, 40039, 40357, 40144
  result is correct!
! 56, isa, 64, 1, 1, 56, 3136, 10, 10, 46230, 46564, 46399
  result is correct!
! 56, isa, 64, 1, 1, 60, 3360, 10, 10, 52865, 53209, 53132
  result is correct!
! 56, isa, 64, 1, 1, 64, 3584, 10, 10, 60262, 60269, 60266
  result is correct!
! 56, isa, 64, 1, 1, 68, 3808, 10, 10, 67795, 68132, 67906
  result is correct!
! 56, isa, 64, 1, 1, 72, 4032, 10, 10, 75782, 76122, 75950
  result is correct!

--------------------Threshold debug data--------------------
! 56, isa, 64, 1, 1, 8, 448, 10

! @  1217 1212 1212 1212 1212 1212 1212 1212 1212 1212
! 56, isa, 64, 1, 1, 12, 672, 10

! @  2477 2772 2501 2472 2472 2472 2472 2472 2472 2472
! 56, isa, 64, 1, 1, 16, 896, 10

! @  4185 4180 4180 4180 4509 4189 4180 4180 4180 4180
! 56, isa, 64, 1, 1, 20, 1120, 10

! @  6350 6336 6336 6637 6365 6336 6336 6336 6637 6365
! 56, isa, 64, 1, 1, 24, 1344, 10

! @  8974 8940 8940 9269 8949 8940 9259 8949 8940 9242
! 56, isa, 64, 1, 1, 28, 1568, 10

! @  12026 11992 12318 12001 12295 12021 11992 12320 12001 12293
! 56, isa, 64, 1, 1, 32, 1792, 10

! @  15526 15814 15501 15818 15501 15821 15501 15825 15501 15831
! 56, isa, 64, 1, 1, 36, 2016, 10

! @  19756 19469 19775 19750 19469 19774 19751 19469 19769 19750
! 56, isa, 64, 1, 1, 40, 2240, 10

! @  23870 24173 24170 24147 24166 23865 24175 24169 24143 24166
! 56, isa, 64, 1, 1, 44, 2464, 10

! @  29023 29014 29015 29013 29011 29009 28990 29007 29012 29010
! 56, isa, 64, 1, 1, 48, 2688, 10

! @  34327 34310 34319 34624 34302 34301 34299 34324 34308 34321
! 56, isa, 64, 1, 1, 52, 2912, 10

! @  40069 40350 40042 40062 40356 40039 40067 40357 40039 40066
! 56, isa, 64, 1, 1, 56, 3136, 10

! @  46554 46230 46557 46232 46564 46248 46543 46251 46554 46258
! 56, isa, 64, 1, 1, 60, 3360, 10

! @  53209 53194 53183 52865 53208 53195 53187 52885 53197 53199
! 56, isa, 64, 1, 1, 64, 3584, 10

! @  60267 60262 60265 60266 60267 60266 60266 60264 60268 60269
! 56, isa, 64, 1, 1, 68, 3808, 10

! @  67827 68129 67803 67816 67824 68132 67806 67817 68118 67795
! 56, isa, 64, 1, 1, 72, 4032, 10

! @  75797 76112 75797 76119 75800 76122 76091 75782 76094 75786
