! 21, ise, 32, 1, 1, 8, 168, 10, 10, 467, 475, 467
  result is correct!
! 21, ise, 32, 1, 1, 12, 252, 10, 10, 836, 842, 836
  result is correct!
! 21, ise, 32, 1, 1, 16, 336, 10, 10, 1299, 1305, 1299
  result is correct!
! 21, ise, 32, 1, 1, 20, 420, 10, 10, 1838, 2348, 1892
  result is correct!
! 21, ise, 32, 1, 1, 24, 504, 10, 10, 2477, 2904, 2530
  result is correct!
! 21, ise, 32, 1, 1, 28, 588, 10, 10, 3212, 3466, 3238
  result is correct!
! 21, ise, 32, 1, 1, 32, 672, 10, 10, 4043, 4553, 4097
  result is correct!
! 21, ise, 32, 1, 1, 36, 756, 10, 10, 4970, 5386, 5076
  result is correct!
! 21, ise, 32, 1, 1, 40, 840, 10, 10, 5993, 6502, 6108
  result is correct!
! 21, ise, 32, 1, 1, 44, 924, 10, 10, 7112, 7623, 7220
  result is correct!
! 21, ise, 32, 1, 1, 48, 1008, 10, 10, 8327, 8842, 8487
  result is correct!
! 21, ise, 32, 1, 1, 52, 1092, 10, 10, 9638, 10149, 9802
  result is correct!
! 21, ise, 32, 1, 1, 56, 1176, 10, 10, 11045, 11556, 11257
  result is correct!
! 21, ise, 32, 1, 1, 60, 1260, 10, 10, 12548, 13077, 12763
  result is correct!
! 21, ise, 32, 1, 1, 64, 1344, 10, 10, 14174, 14663, 14414
  result is correct!
! 21, ise, 32, 1, 1, 68, 1428, 10, 10, 15869, 16354, 16111
  result is correct!
! 21, ise, 32, 1, 1, 72, 1512, 10, 10, 17747, 18146, 17952
  result is correct!

--------------------Threshold debug data--------------------
! 21, ise, 32, 1, 1, 8, 168, 10

! @  475 467 467 467 467 467 467 467 467 467
! 21, ise, 32, 1, 1, 12, 252, 10

! @  842 836 836 836 836 836 836 836 836 836
! 21, ise, 32, 1, 1, 16, 336, 10

! @  1305 1299 1299 1299 1299 1299 1299 1299 1299 1299
! 21, ise, 32, 1, 1, 20, 420, 10

! @  1844 1838 1838 1838 1838 2348 1865 1838 1838 1838
! 21, ise, 32, 1, 1, 24, 504, 10

! @  2483 2904 2580 2477 2477 2477 2477 2477 2477 2477
! 21, ise, 32, 1, 1, 28, 588, 10

! @  3218 3212 3212 3212 3212 3212 3212 3212 3466 3212
! 21, ise, 32, 1, 1, 32, 672, 10

! @  4049 4043 4043 4043 4553 4070 4043 4043 4043 4043
! 21, ise, 32, 1, 1, 36, 756, 10

! @  4976 5385 5084 4970 4970 4970 4970 5386 5084 4970
! 21, ise, 32, 1, 1, 40, 840, 10

! @  6112 5993 5993 5993 6407 6107 5993 5993 5993 6502
! 21, ise, 32, 1, 1, 44, 924, 10

! @  7118 7112 7623 7139 7112 7112 7623 7139 7112 7112
! 21, ise, 32, 1, 1, 48, 1008, 10

! @  8842 8354 8327 8327 8837 8354 8327 8741 8441 8327
! 21, ise, 32, 1, 1, 52, 1092, 10

! @  9670 9638 10149 9665 9638 10149 9665 9638 10149 9665
! 21, ise, 32, 1, 1, 56, 1176, 10

! @  11465 11159 11045 11556 11072 11459 11159 11045 11459 11159
! 21, ise, 32, 1, 1, 60, 1260, 10

! @  12580 12961 12662 12548 13077 12548 13061 12575 12964 12662
! 21, ise, 32, 1, 1, 64, 1344, 10

! @  14663 14174 14658 14174 14657 14174 14560 14261 14561 14261
! 21, ise, 32, 1, 1, 68, 1428, 10

! @  15874 16354 16284 15956 16256 15956 16258 15956 16354 15869
! 21, ise, 32, 1, 1, 72, 1512, 10

! @  17752 18046 17747 18145 18073 17747 18047 17747 18146 18074
