! 29, isa, 32, 1, 1, 8, 232, 10, 10, 1220, 1226, 1220
  result is correct!
! 29, isa, 32, 1, 1, 12, 348, 10, 10, 2480, 2781, 2513
  result is correct!
! 29, isa, 32, 1, 1, 16, 464, 10, 10, 4188, 4489, 4221
  result is correct!
! 29, isa, 32, 1, 1, 20, 580, 10, 10, 6344, 6644, 6409
  result is correct!
! 29, isa, 32, 1, 1, 24, 696, 10, 10, 8948, 9275, 9046
  result is correct!
! 29, isa, 32, 1, 1, 28, 812, 10, 10, 12000, 12331, 12132
  result is correct!
! 29, isa, 32, 1, 1, 32, 928, 10, 10, 15502, 15843, 15670
  result is correct!
! 29, isa, 32, 1, 1, 36, 1044, 10, 10, 19468, 19785, 19676
  result is correct!
! 29, isa, 32, 1, 1, 40, 1160, 10, 10, 23864, 24185, 24107
  result is correct!
! 29, isa, 32, 1, 1, 44, 1276, 10, 10, 28991, 29033, 29012
  result is correct!
! 29, isa, 32, 1, 1, 48, 1392, 10, 10, 34299, 34624, 34345
  result is correct!
! 29, isa, 32, 1, 1, 52, 1508, 10, 10, 40040, 40356, 40146
  result is correct!
! 29, isa, 32, 1, 1, 56, 1624, 10, 10, 46229, 46567, 46401
  result is correct!
! 29, isa, 32, 1, 1, 60, 1740, 10, 10, 52864, 53222, 53133
  result is correct!
! 29, isa, 32, 1, 1, 64, 1856, 10, 10, 60265, 60281, 60268
  result is correct!

--------------------Threshold debug data--------------------
! 29, isa, 32, 1, 1, 8, 232, 10

! @  1226 1220 1220 1220 1220 1220 1220 1220 1220 1220
! 29, isa, 32, 1, 1, 12, 348, 10

! @  2494 2781 2500 2480 2480 2480 2480 2480 2480 2480
! 29, isa, 32, 1, 1, 16, 464, 10

! @  4202 4188 4188 4489 4208 4188 4188 4188 4188 4188
! 29, isa, 32, 1, 1, 20, 580, 10

! @  6362 6344 6344 6644 6364 6344 6344 6344 6642 6364
! 29, isa, 32, 1, 1, 24, 696, 10

! @  8984 8948 8948 9275 8950 8948 9268 8950 8948 9249
! 29, isa, 32, 1, 1, 28, 812, 10

! @  12036 12000 12328 12002 12302 12020 12000 12331 12002 12302
! 29, isa, 32, 1, 1, 32, 928, 10

! @  15536 15824 15502 15827 15502 15831 15502 15836 15502 15843
! 29, isa, 32, 1, 1, 36, 1044, 10

! @  19766 19468 19785 19748 19468 19783 19748 19468 19778 19751
! 29, isa, 32, 1, 1, 40, 1160, 10

! @  23880 24183 24173 24147 24162 23864 24185 24173 24146 24164
! 29, isa, 32, 1, 1, 44, 1276, 10

! @  29033 29019 29016 29014 29015 29012 29009 28991 29008 29009
! 29, isa, 32, 1, 1, 48, 1392, 10

! @  34338 34312 34321 34624 34299 34301 34300 34324 34315 34323
! 29, isa, 32, 1, 1, 52, 1508, 10

! @  40079 40356 40042 40063 40353 40041 40067 40353 40040 40068
! 29, isa, 32, 1, 1, 56, 1624, 10

! @  46567 46229 46559 46231 46562 46247 46547 46253 46558 46257
! 29, isa, 32, 1, 1, 60, 1740, 10

! @  53222 53192 53183 52864 53210 53196 53184 52888 53196 53201
! 29, isa, 32, 1, 1, 64, 1856, 10

! @  60281 60266 60267 60268 60266 60265 60267 60266 60267 60270
