! 27, isa, 32, 1, 1, 8, 216, 10, 10, 828, 836, 828
  result is correct!
! 27, isa, 32, 1, 1, 12, 324, 10, 10, 1619, 2150, 1676
  result is correct!
! 27, isa, 32, 1, 1, 16, 432, 10, 10, 2662, 3101, 2718
  result is correct!
! 27, isa, 32, 1, 1, 20, 540, 10, 10, 3937, 4372, 3993
  result is correct!
! 27, isa, 32, 1, 1, 24, 648, 10, 10, 5470, 5909, 5583
  result is correct!
! 27, isa, 32, 1, 1, 28, 756, 10, 10, 7257, 7807, 7371
  result is correct!
! 27, isa, 32, 1, 1, 32, 864, 10, 10, 9298, 9733, 9469
  result is correct!
! 27, isa, 32, 1, 1, 36, 972, 10, 10, 11593, 12147, 11819
  result is correct!
! 27, isa, 32, 1, 1, 40, 1080, 10, 10, 14164, 14697, 14426
  result is correct!
! 27, isa, 32, 1, 1, 44, 1188, 10, 10, 16967, 17497, 17283
  result is correct!
! 27, isa, 32, 1, 1, 48, 1296, 10, 10, 20130, 20557, 20397
  result is correct!
! 27, isa, 32, 1, 1, 52, 1404, 10, 10, 23441, 23885, 23765
  result is correct!
! 27, isa, 32, 1, 1, 56, 1512, 10, 10, 27006, 27450, 27390
  result is correct!
! 27, isa, 32, 1, 1, 60, 1620, 10, 10, 31267, 31374, 31279
  result is correct!
! 27, isa, 32, 1, 1, 64, 1728, 10, 10, 35330, 35732, 35436
  result is correct!
! 27, isa, 32, 1, 1, 68, 1836, 10, 10, 39657, 40052, 39811
  result is correct!
! 27, isa, 32, 1, 1, 72, 1944, 10, 10, 44239, 44637, 44482
  result is correct!

--------------------Threshold debug data--------------------
! 27, isa, 32, 1, 1, 8, 216, 10

! @  836 828 828 828 828 828 828 828 828 828
! 27, isa, 32, 1, 1, 12, 324, 10

! @  1625 1619 1619 1619 1619 1619 1619 2150 1653 1619
! 27, isa, 32, 1, 1, 16, 432, 10

! @  3101 2790 2662 2662 2662 2662 2662 2662 2662 2662
! 27, isa, 32, 1, 1, 20, 540, 10

! @  3943 3937 3937 3937 4372 4065 3937 3937 3937 3937
! 27, isa, 32, 1, 1, 24, 648, 10

! @  5909 5598 5470 5470 5470 5880 5624 5470 5470 5470
! 27, isa, 32, 1, 1, 28, 756, 10

! @  7263 7257 7807 7279 7257 7257 7805 7279 7257 7257
! 27, isa, 32, 1, 1, 32, 864, 10

! @  9325 9298 9731 9426 9298 9731 9426 9298 9733 9426
! 27, isa, 32, 1, 1, 36, 972, 10

! @  12147 11615 12026 11721 11593 12141 11615 12026 11721 11593
! 27, isa, 32, 1, 1, 40, 1080, 10

! @  14697 14164 14692 14164 14688 14169 14577 14270 14576 14270
! 27, isa, 32, 1, 1, 44, 1188, 10

! @  17497 16967 17493 17401 17073 17380 17073 17491 16967 17497
! 27, isa, 32, 1, 1, 48, 1296, 10

! @  20557 20458 20130 20551 20458 20130 20552 20458 20130 20553
! 27, isa, 32, 1, 1, 52, 1404, 10

! @  23865 23885 23768 23873 23441 23859 23885 23768 23873 23441
! 27, isa, 32, 1, 1, 56, 1512, 10

! @  27443 27006 27430 27449 27450 27450 27449 27446 27339 27439
! 27, isa, 32, 1, 1, 60, 1620, 10

! @  31374 31270 31273 31269 31269 31268 31267 31268 31269 31270
! 27, isa, 32, 1, 1, 64, 1728, 10

! @  35732 35333 35331 35445 35346 35343 35727 35332 35330 35448
! 27, isa, 32, 1, 1, 68, 1836, 10

! @  39707 39732 40051 39659 39775 40052 39657 39775 40052 39658
! 27, isa, 32, 1, 1, 72, 1944, 10

! @  44635 44354 44631 44357 44632 44350 44637 44351 44636 44239
