! 24, ise, 32, 1, 1, 8, 192, 10, 10, 467, 475, 467
  result is correct!
! 24, ise, 32, 1, 1, 12, 288, 10, 10, 836, 842, 836
  result is correct!
! 24, ise, 32, 1, 1, 16, 384, 10, 10, 1299, 1305, 1299
  result is correct!
! 24, ise, 32, 1, 1, 20, 480, 10, 10, 1838, 2348, 1892
  result is correct!
! 24, ise, 32, 1, 1, 24, 576, 10, 10, 2477, 2917, 2530
  result is correct!
! 24, ise, 32, 1, 1, 28, 672, 10, 10, 3212, 3466, 3238
  result is correct!
! 24, ise, 32, 1, 1, 32, 768, 10, 10, 4043, 4553, 4097
  result is correct!
! 24, ise, 32, 1, 1, 36, 864, 10, 10, 4970, 5384, 5076
  result is correct!
! 24, ise, 32, 1, 1, 40, 960, 10, 10, 5993, 6502, 6108
  result is correct!
! 24, ise, 32, 1, 1, 44, 1056, 10, 10, 7112, 7623, 7220
  result is correct!
! 24, ise, 32, 1, 1, 48, 1152, 10, 10, 8327, 8844, 8487
  result is correct!
! 24, ise, 32, 1, 1, 52, 1248, 10, 10, 9638, 10150, 9802
  result is correct!
! 24, ise, 32, 1, 1, 56, 1344, 10, 10, 11045, 11555, 11257
  result is correct!
! 24, ise, 32, 1, 1, 60, 1440, 10, 10, 12548, 13075, 12763
  result is correct!
! 24, ise, 32, 1, 1, 64, 1536, 10, 10, 14174, 14665, 14415
  result is correct!
! 24, ise, 32, 1, 1, 68, 1632, 10, 10, 15869, 16355, 16111
  result is correct!
! 24, ise, 32, 1, 1, 72, 1728, 10, 10, 17747, 18146, 17953
  result is correct!

--------------------Threshold debug data--------------------
! 24, ise, 32, 1, 1, 8, 192, 10

! @  475 467 467 467 467 467 467 467 467 467
! 24, ise, 32, 1, 1, 12, 288, 10

! @  842 836 836 836 836 836 836 836 836 836
! 24, ise, 32, 1, 1, 16, 384, 10

! @  1305 1299 1299 1299 1299 1299 1299 1299 1299 1299
! 24, ise, 32, 1, 1, 20, 480, 10

! @  1844 1838 1838 1838 1838 2348 1865 1838 1838 1838
! 24, ise, 32, 1, 1, 24, 576, 10

! @  2483 2917 2568 2477 2477 2477 2477 2477 2477 2477
! 24, ise, 32, 1, 1, 28, 672, 10

! @  3218 3212 3212 3212 3212 3212 3212 3212 3466 3212
! 24, ise, 32, 1, 1, 32, 768, 10

! @  4049 4043 4043 4043 4553 4070 4043 4043 4043 4043
! 24, ise, 32, 1, 1, 36, 864, 10

! @  4976 5384 5084 4970 4970 4970 4970 5384 5084 4970
! 24, ise, 32, 1, 1, 40, 960, 10

! @  6112 5993 5993 5993 6407 6107 5993 5993 5993 6502
! 24, ise, 32, 1, 1, 44, 1056, 10

! @  7118 7112 7622 7139 7112 7112 7623 7139 7112 7112
! 24, ise, 32, 1, 1, 48, 1152, 10

! @  8844 8354 8327 8327 8834 8354 8327 8740 8441 8327
! 24, ise, 32, 1, 1, 52, 1248, 10

! @  9670 9638 10148 9665 9638 10149 9665 9638 10150 9665
! 24, ise, 32, 1, 1, 56, 1344, 10

! @  11464 11159 11045 11555 11072 11458 11159 11045 11460 11159
! 24, ise, 32, 1, 1, 60, 1440, 10

! @  12580 12962 12662 12548 13075 12549 13059 12575 12963 12662
! 24, ise, 32, 1, 1, 64, 1536, 10

! @  14665 14174 14658 14174 14657 14174 14564 14261 14562 14261
! 24, ise, 32, 1, 1, 68, 1632, 10

! @  15874 16355 16283 15956 16256 15956 16256 15956 16351 15869
! 24, ise, 32, 1, 1, 72, 1728, 10

! @  17752 18049 17747 18146 18074 17747 18047 17747 18146 18077
