=============================================================
test_nop - nop_routine
=============================================================

-------------------- Cycles --------------------

! @  15 13 13 13 13 13 13 13 13 13

---------------- Instructions ----------------

! @  25 25 25 25 25 25 25 25 25 25

----------------------------------------------

=============================================================
test_gfp_arith - gfp add
=============================================================

-------------------- Cycles --------------------

! @  94 102 94 94 94 94 94 94 94 94

---------------- Instructions ----------------

! @  93 93 93 93 93 93 93 93 93 93

----------------------------------------------

=============================================================
test_gfp_arith - gfp sub
=============================================================

-------------------- Cycles --------------------

! @  109 109 109 109 109 109 109 109 109 109

---------------- Instructions ----------------

! @  113 113 113 113 113 113 113 113 113 113

----------------------------------------------

=============================================================
test_gfp_arith - gfp mul
=============================================================

-------------------- Cycles --------------------

! @  412 406 406 406 406 406 406 406 406 406

---------------- Instructions ----------------

! @  346 346 346 346 346 346 346 346 346 346

----------------------------------------------

=============================================================
test_gfp_arith - gfp mul32
=============================================================

-------------------- Cycles --------------------

! @  83 83 83 83 83 83 83 83 83 83

---------------- Instructions ----------------

! @  85 85 85 85 85 85 85 85 85 85

----------------------------------------------

=============================================================
test_gfp_arith - gfp sqr
=============================================================

-------------------- Cycles --------------------

! @  352 350 350 350 350 350 350 350 350 350

---------------- Instructions ----------------

! @  300 300 300 300 300 300 300 300 300 300

----------------------------------------------

=============================================================
test_gfp_arith - gfp inv
=============================================================

-------------------- Cycles --------------------

! @  92721 92718 92717 92722 92614 92434 92717 92723 93482 92722

---------------- Instructions ----------------

! @  74175 74175 74175 74175 74175 74175 74175 74175 74175 74175

----------------------------------------------

=============================================================
test_curve_arith - mon_ladder_step
=============================================================

-------------------- Cycles --------------------

! @  4127 4122 4122 4122 4911 4295 4122 4122 4122 4122

---------------- Instructions ----------------

! @  3461 3461 3461 3461 3461 3461 3461 3461 3461 3461

----------------------------------------------

=============================================================
test_mon_varbase_mul - mon_varbase_mul
=============================================================

-------------------- Cycles --------------------

! @  1223332 1222410 1222897 1223446 1223319 1222377 1223071 1223452 1223397 1222403

---------------- Instructions ----------------

! @  987220 987220 987220 987220 987220 987220 987220 987220 987220 987220

----------------------------------------------
