=============================================================
test_nop - nop_routine
=============================================================

-------------------- Cycles --------------------

! @  13 13 13 13 13 13 13 13 13 13

---------------- Instructions ----------------

! @  25 25 25 25 25 25 25 25 25 25

----------------------------------------------

=============================================================
test_gfp_arith - gfp add
=============================================================

-------------------- Cycles --------------------

! @  99 98 98 98 98 98 98 98 98 98

---------------- Instructions ----------------

! @  98 98 98 98 98 98 98 98 98 98

----------------------------------------------

=============================================================
test_gfp_arith - gfp sub
=============================================================

-------------------- Cycles --------------------

! @  112 119 111 111 111 111 111 111 111 111

---------------- Instructions ----------------

! @  118 118 118 118 118 118 118 118 118 118

----------------------------------------------

=============================================================
test_gfp_arith - gfp mul
=============================================================

-------------------- Cycles --------------------

! @  691 689 689 689 689 689 689 689 689 689

---------------- Instructions ----------------

! @  615 615 615 615 615 615 615 615 615 615

----------------------------------------------

=============================================================
test_gfp_arith - gfp mul32
=============================================================

-------------------- Cycles --------------------

! @  114 114 114 114 114 114 114 114 114 114

---------------- Instructions ----------------

! @  110 110 110 110 110 110 110 110 110 110

----------------------------------------------

=============================================================
test_gfp_arith - gfp sqr
=============================================================

-------------------- Cycles --------------------

! @  528 527 527 527 527 527 527 527 527 527

---------------- Instructions ----------------

! @  467 467 467 467 467 467 467 467 467 467

----------------------------------------------

=============================================================
test_gfp_arith - gfp inv
=============================================================

-------------------- Cycles --------------------

! @  142060 141530 142058 142054 142051 141540 142056 142061 142064 141190

---------------- Instructions ----------------

! @  119552 119552 119552 119552 119552 119552 119552 119552 119552 119552

----------------------------------------------

=============================================================
test_curve_arith - mon_ladder_step
=============================================================

-------------------- Cycles --------------------

! @  6306 6305 7363 6320 6305 6305 6305 7387 6307 6305

---------------- Instructions ----------------

! @  5539 5539 5539 5539 5539 5539 5539 5539 5539 5539

----------------------------------------------

=============================================================
test_mon_varbase_mul - mon_varbase_mul
=============================================================

-------------------- Cycles --------------------

! @  1857032 1857069 1857094 1857037 1857149 1856556 1857012 1857061 1857107 1856961

---------------- Instructions ----------------

! @  1562756 1562756 1562756 1562756 1562756 1562756 1562756 1562756 1562756 1562756

----------------------------------------------
