=============================================================
test_nop - nop_routine
=============================================================

-------------------- Cycles --------------------

! @  13 13 13 13 13 13 13 13 13 13

---------------- Instructions ----------------

! @  25 25 25 25 25 25 25 25 25 25

----------------------------------------------

=============================================================
test_gfp_arith - gfp add
=============================================================

-------------------- Cycles --------------------

! @  90 89 89 89 89 89 89 89 89 89

---------------- Instructions ----------------

! @  96 96 96 96 96 96 96 96 96 96

----------------------------------------------

=============================================================
test_gfp_arith - gfp sub
=============================================================

-------------------- Cycles --------------------

! @  95 102 94 94 94 94 94 94 94 94

---------------- Instructions ----------------

! @  101 101 101 101 101 101 101 101 101 101

----------------------------------------------

=============================================================
test_gfp_arith - gfp mul
=============================================================

-------------------- Cycles --------------------

! @  789 789 789 789 789 789 789 789 789 789

---------------- Instructions ----------------

! @  690 690 690 690 690 690 690 690 690 690

----------------------------------------------

=============================================================
test_gfp_arith - gfp mul32
=============================================================

-------------------- Cycles --------------------

! @  149 144 144 144 144 144 144 144 144 144

---------------- Instructions ----------------

! @  134 134 134 134 134 134 134 134 134 134

----------------------------------------------

=============================================================
test_gfp_arith - gfp sqr
=============================================================

-------------------- Cycles --------------------

! @  552 554 554 554 554 554 554 554 554 554

---------------- Instructions ----------------

! @  510 510 510 510 510 510 510 510 510 510

----------------------------------------------

=============================================================
test_gfp_arith - gfp inv
=============================================================

-------------------- Cycles --------------------

! @  150029 150038 150033 150032 150036 150040 150036 150041 150034 150031

---------------- Instructions ----------------

! @  131299 131299 131299 131299 131299 131299 131299 131299 131299 131299

----------------------------------------------

=============================================================
test_curve_arith - mon_ladder_step
=============================================================

-------------------- Cycles --------------------

! @  6820 6820 7915 6830 6820 6820 7916 6832 6820 6820

---------------- Instructions ----------------

! @  6034 6034 6034 6034 6034 6034 6034 6034 6034 6034

----------------------------------------------

=============================================================
test_mon_varbase_mul - mon_varbase_mul
=============================================================

-------------------- Cycles --------------------

! @  2010588 2010736 2010691 2010864 2010943 2010879 2010896 2010947 2010910 2010882

---------------- Instructions ----------------

! @  1705381 1705381 1705381 1705381 1705381 1705381 1705381 1705381 1705381 1705381

----------------------------------------------
