=============================================================
test_nop - nop_routine
=============================================================

-------------------- Cycles --------------------

! @  13 13 13 13 13 13 13 13 13 13

---------------- Instructions ----------------

! @  25 25 25 25 25 25 25 25 25 25

----------------------------------------------

=============================================================
test_gfp_arith - gfp add
=============================================================

-------------------- Cycles --------------------

! @  90 89 89 89 89 89 89 89 89 89

---------------- Instructions ----------------

! @  96 96 96 96 96 96 96 96 96 96

----------------------------------------------

=============================================================
test_gfp_arith - gfp sub
=============================================================

-------------------- Cycles --------------------

! @  99 102 94 94 94 94 94 94 94 94

---------------- Instructions ----------------

! @  101 101 101 101 101 101 101 101 101 101

----------------------------------------------

=============================================================
test_gfp_arith - gfp mul
=============================================================

-------------------- Cycles --------------------

! @  412 411 411 411 411 411 411 411 411 411

---------------- Instructions ----------------

! @  379 379 379 379 379 379 379 379 379 379

----------------------------------------------

=============================================================
test_gfp_arith - gfp mul32
=============================================================

-------------------- Cycles --------------------

! @  113 107 107 107 107 107 107 107 107 107

---------------- Instructions ----------------

! @  98 98 98 98 98 98 98 98 98 98

----------------------------------------------

=============================================================
test_gfp_arith - gfp sqr
=============================================================

-------------------- Cycles --------------------

! @  374 374 374 374 374 374 374 374 374 374

---------------- Instructions ----------------

! @  344 344 344 344 344 344 344 344 344 344

----------------------------------------------

=============================================================
test_gfp_arith - gfp inv
=============================================================

-------------------- Cycles --------------------

! @  97574 98701 97879 97878 97567 98706 97879 97882 97876 98702

---------------- Instructions ----------------

! @  85714 85714 85714 85714 85714 85714 85714 85714 85714 85714

----------------------------------------------

=============================================================
test_curve_arith - mon_ladder_step
=============================================================

-------------------- Cycles --------------------

! @  4197 4198 4198 4198 5152 4270 4198 4198 4198 4198

---------------- Instructions ----------------

! @  3779 3779 3779 3779 3779 3779 3779 3779 3779 3779

----------------------------------------------

=============================================================
test_mon_varbase_mul - mon_varbase_mul
=============================================================

-------------------- Cycles --------------------

! @  1257614 1257638 1257509 1257321 1257326 1257386 1256535 1257053 1257334 1257631

---------------- Instructions ----------------

! @  1084460 1084460 1084460 1084460 1084460 1084460 1084460 1084460 1084460 1084460

----------------------------------------------
