>>>>
====
REPO_HOME         := auto-generated-text
RISCV             := auto-generated-text
MPISE_DESTRUCTIVE := 0
MPISE_STATELESS   := 1
----
ARCH              := rv64
TYPE              := isa
RADIX             := 52
PLATFORM          := cva6-verilator
VERSION           := simple
<<<<
bbl loader
! 52, isa, 64, 0, 1, 8, 416, 10, 10, 1211, 1216, 1211
  result is correct!
! 52, isa, 64, 0, 1, 12, 624, 10, 10, 2471, 2782, 2504
  result is correct!
! 52, isa, 64, 0, 1, 16, 832, 10, 10, 4179, 4509, 4213
  result is correct!
! 52, isa, 64, 0, 1, 20, 1040, 10, 10, 6335, 6646, 6402
  result is correct!
! 52, isa, 64, 0, 1, 24, 1248, 10, 10, 8939, 9269, 9039
  result is correct!
! 52, isa, 64, 0, 1, 28, 1456, 10, 10, 11991, 12320, 12124
  result is correct!
! 52, isa, 64, 0, 1, 32, 1664, 10, 10, 15496, 15823, 15661
  result is correct!
! 52, isa, 64, 0, 1, 36, 1872, 10, 10, 19461, 19770, 19671
  result is correct!
! 52, isa, 64, 0, 1, 40, 2080, 10, 10, 23857, 24170, 24102
  result is correct!
! 52, isa, 64, 0, 1, 44, 2288, 10, 10, 28995, 29020, 29010
  result is correct!
! 52, isa, 64, 0, 1, 48, 2496, 10, 10, 34302, 34603, 34339
  result is correct!
! 52, isa, 64, 0, 1, 52, 2704, 10, 10, 40040, 40343, 40141
  result is correct!
! 52, isa, 64, 0, 1, 56, 2912, 10, 10, 46230, 46552, 46392
  result is correct!
! 52, isa, 64, 0, 1, 60, 3120, 10, 10, 52867, 53190, 53119
  result is correct!
! 52, isa, 64, 0, 1, 64, 3328, 10, 10, 60262, 60272, 60266
  result is correct!
! 52, isa, 64, 0, 1, 68, 3536, 10, 10, 67796, 68094, 67887
  result is correct!
! 52, isa, 64, 0, 1, 72, 3744, 10, 10, 75776, 76075, 75926
  result is correct!
