>>>>
====
REPO_HOME         := auto-generated-text
RISCV             := auto-generated-text
MPISE_DESTRUCTIVE := 0
MPISE_STATELESS   := 1
----
ARCH              := rv64
TYPE              := isa
RADIX             := 56
PLATFORM          := cva6-verilator
VERSION           := hybrid
<<<<
bbl loader
! 56, isa, 64, 0, 1, 8, 448, 10, 10, 809, 814, 809
  result is correct!
! 56, isa, 64, 0, 1, 12, 672, 10, 10, 1596, 2007, 1657
  result is correct!
! 56, isa, 64, 0, 1, 16, 896, 10, 10, 2640, 3099, 2701
  result is correct!
! 56, isa, 64, 0, 1, 20, 1120, 10, 10, 3914, 4366, 3975
  result is correct!
! 56, isa, 64, 0, 1, 24, 1344, 10, 10, 5447, 6021, 5569
  result is correct!
! 56, isa, 64, 0, 1, 28, 1568, 10, 10, 7234, 7809, 7356
  result is correct!
! 56, isa, 64, 0, 1, 32, 1792, 10, 10, 9275, 9729, 9462
  result is correct!
! 56, isa, 64, 0, 1, 36, 2016, 10, 10, 11570, 12151, 11815
  result is correct!
! 56, isa, 64, 0, 1, 40, 2240, 10, 10, 14158, 14700, 14426
  result is correct!
! 56, isa, 64, 0, 1, 44, 2464, 10, 10, 16958, 17498, 17285
  result is correct!
! 56, isa, 64, 0, 1, 48, 2688, 10, 10, 20137, 20559, 20403
  result is correct!
! 56, isa, 64, 0, 1, 52, 2912, 10, 10, 23448, 23903, 23779
  result is correct!
! 56, isa, 64, 0, 1, 56, 3136, 10, 10, 27013, 27470, 27404
  result is correct!
! 56, isa, 64, 0, 1, 60, 3360, 10, 10, 31276, 31409, 31298
  result is correct!
! 56, isa, 64, 0, 1, 64, 3584, 10, 10, 35355, 35759, 35462
  result is correct!
! 56, isa, 64, 0, 1, 68, 3808, 10, 10, 39678, 40084, 39840
  result is correct!
! 56, isa, 64, 0, 1, 72, 4032, 10, 10, 44346, 44670, 44521
  result is correct!
