>>>>
====
REPO_HOME         := auto-generated-text
RISCV             := auto-generated-text
MPISE_DESTRUCTIVE := 0
MPISE_STATELESS   := 1
----
ARCH              := rv64
TYPE              := ise
RADIX             := 54
PLATFORM          := cva6-verilator
VERSION           := simple
<<<<
bbl loader
! 54, ise, 64, 0, 1, 8, 432, 10, 10, 1006, 1011, 1006
  result is correct!
! 54, ise, 64, 0, 1, 12, 648, 10, 10, 2018, 2336, 2050
  result is correct!
! 54, ise, 64, 0, 1, 16, 864, 10, 10, 3382, 3702, 3415
  result is correct!
! 54, ise, 64, 0, 1, 20, 1080, 10, 10, 5098, 5418, 5163
  result is correct!
! 54, ise, 64, 0, 1, 24, 1296, 10, 10, 7166, 7484, 7231
  result is correct!
! 54, ise, 64, 0, 1, 28, 1512, 10, 10, 9586, 9903, 9683
  result is correct!
! 54, ise, 64, 0, 1, 32, 1728, 10, 10, 12358, 12676, 12488
  result is correct!
! 54, ise, 64, 0, 1, 36, 1944, 10, 10, 15487, 15802, 15645
  result is correct!
! 54, ise, 64, 0, 1, 40, 2160, 10, 10, 18963, 19278, 19152
  result is correct!
! 54, ise, 64, 0, 1, 44, 2376, 10, 10, 22805, 23113, 23044
  result is correct!
! 54, ise, 64, 0, 1, 48, 2592, 10, 10, 26985, 27295, 27258
  result is correct!
! 54, ise, 64, 0, 1, 52, 2808, 10, 10, 31819, 32111, 31850
  result is correct!
! 54, ise, 64, 0, 1, 56, 3024, 10, 10, 36703, 36996, 36766
  result is correct!
! 54, ise, 64, 0, 1, 60, 3240, 10, 10, 41938, 42247, 42062
  result is correct!
! 54, ise, 64, 0, 1, 64, 3456, 10, 10, 47529, 47834, 47711
  result is correct!
! 54, ise, 64, 0, 1, 68, 3672, 10, 10, 53466, 53776, 53710
  result is correct!
! 54, ise, 64, 0, 1, 72, 3888, 10, 10, 60061, 60071, 60065
  result is correct!
