>>>>
====
REPO_HOME         := auto-generated-text
RISCV             := auto-generated-text
MPISE_DESTRUCTIVE := 0
MPISE_STATELESS   := 1
----
ARCH              := rv64
TYPE              := isa
RADIX             := 53
PLATFORM          := cva6-verilator
VERSION           := simple
<<<<
bbl loader
! 53, isa, 64, 0, 1, 8, 424, 10, 10, 1211, 1216, 1211
  result is correct!
! 53, isa, 64, 0, 1, 12, 636, 10, 10, 2471, 2782, 2504
  result is correct!
! 53, isa, 64, 0, 1, 16, 848, 10, 10, 4179, 4509, 4213
  result is correct!
! 53, isa, 64, 0, 1, 20, 1060, 10, 10, 6335, 6646, 6402
  result is correct!
! 53, isa, 64, 0, 1, 24, 1272, 10, 10, 8939, 9269, 9039
  result is correct!
! 53, isa, 64, 0, 1, 28, 1484, 10, 10, 11991, 12320, 12124
  result is correct!
! 53, isa, 64, 0, 1, 32, 1696, 10, 10, 15496, 15823, 15661
  result is correct!
! 53, isa, 64, 0, 1, 36, 1908, 10, 10, 19461, 19770, 19671
  result is correct!
! 53, isa, 64, 0, 1, 40, 2120, 10, 10, 23857, 24170, 24102
  result is correct!
! 53, isa, 64, 0, 1, 44, 2332, 10, 10, 28995, 29020, 29010
  result is correct!
! 53, isa, 64, 0, 1, 48, 2544, 10, 10, 34302, 34603, 34339
  result is correct!
! 53, isa, 64, 0, 1, 52, 2756, 10, 10, 40040, 40343, 40141
  result is correct!
! 53, isa, 64, 0, 1, 56, 2968, 10, 10, 46230, 46552, 46392
  result is correct!
! 53, isa, 64, 0, 1, 60, 3180, 10, 10, 52867, 53190, 53119
  result is correct!
! 53, isa, 64, 0, 1, 64, 3392, 10, 10, 60262, 60272, 60266
  result is correct!
! 53, isa, 64, 0, 1, 68, 3604, 10, 10, 67796, 68094, 67887
  result is correct!
! 53, isa, 64, 0, 1, 72, 3816, 10, 10, 75776, 76075, 75926
  result is correct!
