>>>>
====
REPO_HOME         := auto-generated-text
RISCV             := auto-generated-text
MPISE_DESTRUCTIVE := 0
MPISE_STATELESS   := 1
----
ARCH              := rv64
TYPE              := ise
RADIX             := 51
PLATFORM          := cva6-verilator
VERSION           := simple
<<<<
bbl loader
! 51, ise, 64, 0, 1, 8, 408, 10, 10, 1006, 1011, 1006
  result is correct!
! 51, ise, 64, 0, 1, 12, 612, 10, 10, 2018, 2336, 2050
  result is correct!
! 51, ise, 64, 0, 1, 16, 816, 10, 10, 3382, 3702, 3415
  result is correct!
! 51, ise, 64, 0, 1, 20, 1020, 10, 10, 5098, 5418, 5163
  result is correct!
! 51, ise, 64, 0, 1, 24, 1224, 10, 10, 7166, 7484, 7231
  result is correct!
! 51, ise, 64, 0, 1, 28, 1428, 10, 10, 9586, 9903, 9683
  result is correct!
! 51, ise, 64, 0, 1, 32, 1632, 10, 10, 12358, 12676, 12488
  result is correct!
! 51, ise, 64, 0, 1, 36, 1836, 10, 10, 15487, 15802, 15645
  result is correct!
! 51, ise, 64, 0, 1, 40, 2040, 10, 10, 18963, 19278, 19152
  result is correct!
! 51, ise, 64, 0, 1, 44, 2244, 10, 10, 22805, 23113, 23044
  result is correct!
! 51, ise, 64, 0, 1, 48, 2448, 10, 10, 26985, 27295, 27258
  result is correct!
! 51, ise, 64, 0, 1, 52, 2652, 10, 10, 31819, 32111, 31850
  result is correct!
! 51, ise, 64, 0, 1, 56, 2856, 10, 10, 36703, 36996, 36766
  result is correct!
! 51, ise, 64, 0, 1, 60, 3060, 10, 10, 41938, 42247, 42062
  result is correct!
! 51, ise, 64, 0, 1, 64, 3264, 10, 10, 47529, 47834, 47711
  result is correct!
! 51, ise, 64, 0, 1, 68, 3468, 10, 10, 53466, 53776, 53710
  result is correct!
! 51, ise, 64, 0, 1, 72, 3672, 10, 10, 60061, 60071, 60065
  result is correct!
