>>>>
====
REPO_HOME         := auto-generated-text
RISCV             := auto-generated-text
MPISE_DESTRUCTIVE := 0
MPISE_STATELESS   := 1
----
ARCH              := rv64
TYPE              := ise
RADIX             := 53
PLATFORM          := cva6-verilator
VERSION           := hybrid
<<<<
bbl loader
! 53, ise, 64, 0, 1, 8, 424, 10, 10, 444, 449, 444
  result is correct!
! 53, ise, 64, 0, 1, 12, 636, 10, 10, 815, 820, 815
  result is correct!
! 53, ise, 64, 0, 1, 16, 848, 10, 10, 1275, 1280, 1275
  result is correct!
! 53, ise, 64, 0, 1, 20, 1060, 10, 10, 1812, 2241, 1869
  result is correct!
! 53, ise, 64, 0, 1, 24, 1272, 10, 10, 2450, 2878, 2507
  result is correct!
! 53, ise, 64, 0, 1, 28, 1484, 10, 10, 3184, 3721, 3244
  result is correct!
! 53, ise, 64, 0, 1, 32, 1696, 10, 10, 4014, 4546, 4071
  result is correct!
! 53, ise, 64, 0, 1, 36, 1908, 10, 10, 4940, 5371, 5054
  result is correct!
! 53, ise, 64, 0, 1, 40, 2120, 10, 10, 5965, 6391, 6079
  result is correct!
! 53, ise, 64, 0, 1, 44, 2332, 10, 10, 7080, 7616, 7195
  result is correct!
! 53, ise, 64, 0, 1, 48, 2544, 10, 10, 8294, 8827, 8466
  result is correct!
! 53, ise, 64, 0, 1, 52, 2756, 10, 10, 9604, 10142, 9781
  result is correct!
! 53, ise, 64, 0, 1, 56, 2968, 10, 10, 11010, 11546, 11240
  result is correct!
! 53, ise, 64, 0, 1, 60, 3180, 10, 10, 12512, 13049, 12746
  result is correct!
! 53, ise, 64, 0, 1, 64, 3392, 10, 10, 14151, 14648, 14397
  result is correct!
! 53, ise, 64, 0, 1, 68, 3604, 10, 10, 15850, 16337, 16094
  result is correct!
! 53, ise, 64, 0, 1, 72, 3816, 10, 10, 17635, 18132, 17895
  result is correct!
