>>>>
====
REPO_HOME         := auto-generated-text
RISCV             := auto-generated-text
MPISE_DESTRUCTIVE := 0
MPISE_STATELESS   := 1
----
ARCH              := rv64
TYPE              := ise
RADIX             := 57
PLATFORM          := cva6-verilator
VERSION           := hybrid
<<<<
bbl loader
! 57, ise, 64, 0, 1, 8, 456, 10, 10, 444, 449, 444
  result is correct!
! 57, ise, 64, 0, 1, 12, 684, 10, 10, 815, 820, 815
  result is correct!
! 57, ise, 64, 0, 1, 16, 912, 10, 10, 1275, 1280, 1275
  result is correct!
! 57, ise, 64, 0, 1, 20, 1140, 10, 10, 1812, 2241, 1869
  result is correct!
! 57, ise, 64, 0, 1, 24, 1368, 10, 10, 2450, 2881, 2507
  result is correct!
! 57, ise, 64, 0, 1, 28, 1596, 10, 10, 3184, 3719, 3243
  result is correct!
! 57, ise, 64, 0, 1, 32, 1824, 10, 10, 4014, 4546, 4071
  result is correct!
! 57, ise, 64, 0, 1, 36, 2052, 10, 10, 4940, 5371, 5054
  result is correct!
! 57, ise, 64, 0, 1, 40, 2280, 10, 10, 5965, 6390, 6078
  result is correct!
! 57, ise, 64, 0, 1, 44, 2508, 10, 10, 7080, 7616, 7195
  result is correct!
! 57, ise, 64, 0, 1, 48, 2736, 10, 10, 8294, 8827, 8466
  result is correct!
! 57, ise, 64, 0, 1, 52, 2964, 10, 10, 9604, 10142, 9781
  result is correct!
! 57, ise, 64, 0, 1, 56, 3192, 10, 10, 11010, 11546, 11240
  result is correct!
! 57, ise, 64, 0, 1, 60, 3420, 10, 10, 12512, 13049, 12746
  result is correct!
! 57, ise, 64, 0, 1, 64, 3648, 10, 10, 14151, 14648, 14397
  result is correct!
! 57, ise, 64, 0, 1, 68, 3876, 10, 10, 15850, 16337, 16094
  result is correct!
! 57, ise, 64, 0, 1, 72, 4104, 10, 10, 17635, 18132, 17895
  result is correct!
