>>>>
====
REPO_HOME         := auto-generated-text
RISCV             := auto-generated-text
MPISE_DESTRUCTIVE := 0
MPISE_STATELESS   := 1
----
ARCH              := rv64
TYPE              := ise
RADIX             := 64
PLATFORM          := cva6-verilator
VERSION           := hybrid
<<<<
bbl loader
! 64, ise, 64, 0, 1, 8, 512, 10, 10, 491, 493, 491
  result is correct!
! 64, ise, 64, 0, 1, 12, 768, 10, 10, 1019, 1021, 1019
  result is correct!
! 64, ise, 64, 0, 1, 16, 1024, 10, 10, 1736, 2168, 1783
  result is correct!
! 64, ise, 64, 0, 1, 20, 1280, 10, 10, 2622, 3068, 2669
  result is correct!
! 64, ise, 64, 0, 1, 24, 1536, 10, 10, 3694, 4064, 3741
  result is correct!
! 64, ise, 64, 0, 1, 28, 1792, 10, 10, 4952, 5321, 5046
  result is correct!
! 64, ise, 64, 0, 1, 32, 2048, 10, 10, 6396, 6847, 6494
  result is correct!
! 64, ise, 64, 0, 1, 36, 2304, 10, 10, 8026, 8477, 8168
  result is correct!
! 64, ise, 64, 0, 1, 40, 2560, 10, 10, 9842, 10213, 9984
  result is correct!
! 64, ise, 64, 0, 1, 44, 2816, 10, 10, 11844, 12295, 12033
  result is correct!
! 64, ise, 64, 0, 1, 48, 3072, 10, 10, 14057, 14483, 14269
  result is correct!
! 64, ise, 64, 0, 1, 52, 3328, 10, 10, 16431, 16857, 16680
  result is correct!
! 64, ise, 64, 0, 1, 56, 3584, 10, 10, 18991, 19418, 19254
  result is correct!
! 64, ise, 64, 0, 1, 60, 3840, 10, 10, 21817, 22187, 22047
  result is correct!
! 64, ise, 64, 0, 1, 64, 4096, 10, 10, 24749, 25123, 25032
  result is correct!
