! 22, ise, 32, 1, 1, 8, 176, 475, 63298, 724
  result is correct!
! 22, ise, 32, 1, 1, 12, 264, 845, 63702, 1219
  result is correct!
! 22, ise, 32, 1, 1, 16, 352, 1308, 73522, 1950
  result is correct!
! 22, ise, 32, 1, 1, 20, 440, 1847, 64943, 2661
  result is correct!
! 22, ise, 32, 1, 1, 24, 528, 2486, 331415, 4127
  result is correct!
! 22, ise, 32, 1, 1, 28, 616, 3221, 66454, 4724
  result is correct!
! 22, ise, 32, 1, 1, 32, 704, 4052, 67615, 5868
  result is correct!
! 22, ise, 32, 1, 1, 36, 792, 4979, 150647, 7403
  result is correct!
! 22, ise, 32, 1, 1, 40, 880, 6002, 334931, 9227
  result is correct!
! 22, ise, 32, 1, 1, 44, 968, 7121, 70853, 10402
  result is correct!
! 22, ise, 32, 1, 1, 48, 1056, 8336, 336408, 12528
  result is correct!
! 22, ise, 32, 1, 1, 52, 1144, 9647, 203441, 14437
  result is correct!
! 22, ise, 32, 1, 1, 56, 1232, 11054, 340268, 16968
  result is correct!
! 22, ise, 32, 1, 1, 60, 1320, 12557, 157406, 18550
  result is correct!
! 22, ise, 32, 1, 1, 64, 1408, 14156, 159026, 20945
  result is correct!
! 22, ise, 32, 1, 1, 68, 1496, 15851, 159630, 23375
  result is correct!
! 22, ise, 32, 1, 1, 72, 1584, 17642, 161042, 26159
  result is correct!
