! 32, isa, 32, 1, 1, 8, 256, 1318, 62262, 1864
  result is correct!
! 32, isa, 32, 1, 1, 12, 384, 2726, 64406, 3944
  result is correct!
! 32, isa, 32, 1, 1, 16, 512, 4646, 66150, 6714
  result is correct!
! 32, isa, 32, 1, 1, 20, 640, 7078, 186696, 10543
  result is correct!
! 32, isa, 32, 1, 1, 24, 768, 10022, 152764, 14577
  result is correct!
! 32, isa, 32, 1, 1, 28, 896, 13478, 75331, 19467
  result is correct!
! 32, isa, 32, 1, 1, 32, 1024, 17446, 295237, 25601
  result is correct!
! 32, isa, 32, 1, 1, 36, 1152, 21926, 163529, 31716
  result is correct!
! 32, isa, 32, 1, 1, 40, 1280, 26918, 353328, 39882
  result is correct!
! 32, isa, 32, 1, 1, 44, 1408, 32422, 358260, 47756
  result is correct!
! 32, isa, 32, 1, 1, 48, 1536, 38438, 364332, 56504
  result is correct!
! 32, isa, 32, 1, 1, 52, 1664, 44966, 382549, 66361
  result is correct!
! 32, isa, 32, 1, 1, 56, 1792, 52009, 377994, 76943
  result is correct!
! 32, isa, 32, 1, 1, 60, 1920, 59561, 386112, 87969
  result is correct!
! 32, isa, 32, 1, 1, 64, 2048, 67625, 393808, 99815
  result is correct!
