! 27, isa, 32, 1, 1, 8, 216, 837, 64213, 1215
  result is correct!
! 27, isa, 32, 1, 1, 12, 324, 1622, 65080, 2317
  result is correct!
! 27, isa, 32, 1, 1, 16, 432, 2671, 66501, 3936
  result is correct!
! 27, isa, 32, 1, 1, 20, 540, 3946, 67738, 5713
  result is correct!
! 27, isa, 32, 1, 1, 24, 648, 5479, 193765, 8216
  result is correct!
! 27, isa, 32, 1, 1, 28, 756, 7266, 335045, 11140
  result is correct!
! 27, isa, 32, 1, 1, 32, 864, 9307, 178261, 13810
  result is correct!
! 27, isa, 32, 1, 1, 36, 972, 11602, 157175, 17171
  result is correct!
! 27, isa, 32, 1, 1, 40, 1080, 14151, 344832, 21102
  result is correct!
! 27, isa, 32, 1, 1, 44, 1188, 16954, 342923, 25534
  result is correct!
! 27, isa, 32, 1, 1, 48, 1296, 20011, 347136, 30010
  result is correct!
! 27, isa, 32, 1, 1, 52, 1404, 23322, 177861, 34686
  result is correct!
! 27, isa, 32, 1, 1, 56, 1512, 26887, 354902, 40283
  result is correct!
! 27, isa, 32, 1, 1, 60, 1620, 30706, 359920, 46148
  result is correct!
! 27, isa, 32, 1, 1, 64, 1728, 34779, 364141, 52323
  result is correct!
! 27, isa, 32, 1, 1, 68, 1836, 39106, 369168, 59071
  result is correct!
! 27, isa, 32, 1, 1, 72, 1944, 43687, 374612, 65845
  result is correct!
