! 21, ise, 32, 1, 1, 8, 168, 1023, 62386, 1509
  result is correct!
! 21, ise, 32, 1, 1, 12, 252, 2039, 63381, 2891
  result is correct!
! 21, ise, 32, 1, 1, 16, 336, 3407, 179596, 5121
  result is correct!
! 21, ise, 32, 1, 1, 20, 420, 5127, 66827, 7385
  result is correct!
! 21, ise, 32, 1, 1, 24, 504, 7199, 69576, 10381
  result is correct!
! 21, ise, 32, 1, 1, 28, 588, 9623, 335149, 14362
  result is correct!
! 21, ise, 32, 1, 1, 32, 672, 12399, 164601, 18355
  result is correct!
! 21, ise, 32, 1, 1, 36, 756, 15527, 167300, 22663
  result is correct!
! 21, ise, 32, 1, 1, 40, 840, 19007, 297715, 27597
  result is correct!
! 21, ise, 32, 1, 1, 44, 924, 22839, 349814, 33919
  result is correct!
! 21, ise, 32, 1, 1, 48, 1008, 27023, 187448, 39646
  result is correct!
! 21, ise, 32, 1, 1, 52, 1092, 31559, 358786, 46578
  result is correct!
! 21, ise, 32, 1, 1, 56, 1176, 36447, 363034, 53798
  result is correct!
! 21, ise, 32, 1, 1, 60, 1260, 41687, 369320, 61707
  result is correct!
! 21, ise, 32, 1, 1, 64, 1344, 47279, 374773, 69761
  result is correct!
! 21, ise, 32, 1, 1, 68, 1428, 53223, 379770, 78575
  result is correct!
! 21, ise, 32, 1, 1, 72, 1512, 59519, 387345, 88373
  result is correct!
