! 32, isa, 32, 1, 1, 8, 256, 757, 63559, 1133
  result is correct!
! 32, isa, 32, 1, 1, 12, 384, 1604, 64644, 2357
  result is correct!
! 32, isa, 32, 1, 1, 16, 512, 2757, 66570, 4074
  result is correct!
! 32, isa, 32, 1, 1, 20, 640, 4209, 67723, 6096
  result is correct!
! 32, isa, 32, 1, 1, 24, 768, 5973, 69472, 8744
  result is correct!
! 32, isa, 32, 1, 1, 28, 896, 8049, 153064, 11933
  result is correct!
! 32, isa, 32, 1, 1, 32, 1024, 10437, 338528, 15922
  result is correct!
! 32, isa, 32, 1, 1, 36, 1152, 13137, 186166, 19573
  result is correct!
! 32, isa, 32, 1, 1, 40, 1280, 16149, 294521, 24111
  result is correct!
! 32, isa, 32, 1, 1, 44, 1408, 19473, 172268, 28818
  result is correct!
! 32, isa, 32, 1, 1, 48, 1536, 23109, 351432, 34716
  result is correct!
! 32, isa, 32, 1, 1, 52, 1664, 27057, 180360, 40270
  result is correct!
! 32, isa, 32, 1, 1, 56, 1792, 31329, 359233, 46793
  result is correct!
! 32, isa, 32, 1, 1, 60, 1920, 35901, 365180, 53911
  result is correct!
! 32, isa, 32, 1, 1, 64, 2048, 40785, 371291, 61699
  result is correct!
