! 27, isa, 32, 1, 1, 8, 216, 1226, 62518, 1770
  result is correct!
! 27, isa, 32, 1, 1, 12, 324, 2490, 141090, 3674
  result is correct!
! 27, isa, 32, 1, 1, 16, 432, 4202, 146148, 6183
  result is correct!
! 27, isa, 32, 1, 1, 20, 540, 6362, 334035, 9554
  result is correct!
! 27, isa, 32, 1, 1, 24, 648, 8970, 70654, 12932
  result is correct!
! 27, isa, 32, 1, 1, 28, 756, 12026, 338552, 18029
  result is correct!
! 27, isa, 32, 1, 1, 32, 864, 15530, 343404, 23073
  result is correct!
! 27, isa, 32, 1, 1, 36, 972, 19482, 346109, 28920
  result is correct!
! 27, isa, 32, 1, 1, 40, 1080, 23882, 175062, 34705
  result is correct!
! 27, isa, 32, 1, 1, 44, 1188, 28730, 354172, 42382
  result is correct!
! 27, isa, 32, 1, 1, 48, 1296, 34026, 361366, 50204
  result is correct!
! 27, isa, 32, 1, 1, 52, 1404, 39770, 376925, 58228
  result is correct!
! 27, isa, 32, 1, 1, 56, 1512, 45962, 373475, 68156
  result is correct!
! 27, isa, 32, 1, 1, 60, 1620, 52602, 378378, 77942
  result is correct!
! 27, isa, 32, 1, 1, 64, 1728, 59690, 386856, 87701
  result is correct!
! 27, isa, 32, 1, 1, 68, 1836, 67226, 394129, 99364
  result is correct!
! 27, isa, 32, 1, 1, 72, 1944, 75210, 402074, 111412
  result is correct!
