! 20, isa, 32, 1, 1, 8, 160, 837, 64483, 1216
  result is correct!
! 20, isa, 32, 1, 1, 12, 240, 1622, 67271, 2382
  result is correct!
! 20, isa, 32, 1, 1, 16, 320, 2671, 66188, 3869
  result is correct!
! 20, isa, 32, 1, 1, 20, 400, 3946, 67606, 5777
  result is correct!
! 20, isa, 32, 1, 1, 24, 480, 5479, 69584, 8016
  result is correct!
! 20, isa, 32, 1, 1, 28, 560, 7266, 72500, 10559
  result is correct!
! 20, isa, 32, 1, 1, 32, 640, 9307, 336959, 14140
  result is correct!
! 20, isa, 32, 1, 1, 36, 720, 11602, 156221, 17252
  result is correct!
! 20, isa, 32, 1, 1, 40, 800, 14151, 78873, 20778
  result is correct!
! 20, isa, 32, 1, 1, 44, 880, 16954, 172688, 25122
  result is correct!
! 20, isa, 32, 1, 1, 48, 960, 20011, 166527, 29593
  result is correct!
! 20, isa, 32, 1, 1, 52, 1040, 23322, 352144, 35194
  result is correct!
! 20, isa, 32, 1, 1, 56, 1120, 26887, 190646, 40230
  result is correct!
! 20, isa, 32, 1, 1, 60, 1200, 30706, 360934, 46241
  result is correct!
! 20, isa, 32, 1, 1, 64, 1280, 34779, 376022, 52173
  result is correct!
! 20, isa, 32, 1, 1, 68, 1360, 39106, 368962, 59077
  result is correct!
! 20, isa, 32, 1, 1, 72, 1440, 43687, 372804, 65434
  result is correct!
