! 26, ise, 32, 1, 1, 8, 208, 1019, 62774, 1447
  result is correct!
! 26, ise, 32, 1, 1, 12, 312, 2035, 63782, 2949
  result is correct!
! 26, ise, 32, 1, 1, 16, 416, 3403, 65328, 4930
  result is correct!
! 26, ise, 32, 1, 1, 20, 520, 5123, 158696, 7635
  result is correct!
! 26, ise, 32, 1, 1, 24, 624, 7195, 148207, 10472
  result is correct!
! 26, ise, 32, 1, 1, 28, 728, 9619, 177085, 14131
  result is correct!
! 26, ise, 32, 1, 1, 32, 832, 12395, 339473, 18374
  result is correct!
! 26, ise, 32, 1, 1, 36, 936, 15523, 341084, 22956
  result is correct!
! 26, ise, 32, 1, 1, 40, 1040, 19003, 345767, 28216
  result is correct!
! 26, ise, 32, 1, 1, 44, 1144, 22835, 347542, 33786
  result is correct!
! 26, ise, 32, 1, 1, 48, 1248, 27019, 351442, 39549
  result is correct!
! 26, ise, 32, 1, 1, 52, 1352, 31555, 359753, 46720
  result is correct!
! 26, ise, 32, 1, 1, 56, 1456, 36443, 362879, 53723
  result is correct!
! 26, ise, 32, 1, 1, 60, 1560, 41683, 368846, 61654
  result is correct!
! 26, ise, 32, 1, 1, 64, 1664, 47275, 374599, 70349
  result is correct!
