! 24, isa, 32, 1, 1, 8, 192, 1220, 62740, 1767
  result is correct!
! 24, isa, 32, 1, 1, 12, 288, 2480, 63852, 3573
  result is correct!
! 24, isa, 32, 1, 1, 16, 384, 4188, 181376, 6211
  result is correct!
! 24, isa, 32, 1, 1, 20, 480, 6344, 331103, 9594
  result is correct!
! 24, isa, 32, 1, 1, 24, 576, 8948, 71775, 12797
  result is correct!
! 24, isa, 32, 1, 1, 28, 672, 12000, 335697, 17922
  result is correct!
! 24, isa, 32, 1, 1, 32, 768, 15500, 342234, 23106
  result is correct!
! 24, isa, 32, 1, 1, 36, 864, 19448, 345814, 28549
  result is correct!
! 24, isa, 32, 1, 1, 40, 960, 23844, 349626, 35178
  result is correct!
! 24, isa, 32, 1, 1, 44, 1056, 28688, 352840, 42366
  result is correct!
! 24, isa, 32, 1, 1, 48, 1152, 33980, 359388, 50173
  result is correct!
! 24, isa, 32, 1, 1, 52, 1248, 39720, 366181, 58425
  result is correct!
! 24, isa, 32, 1, 1, 56, 1344, 45908, 372906, 67773
  result is correct!
! 24, isa, 32, 1, 1, 60, 1440, 52544, 377718, 77863
  result is correct!
! 24, isa, 32, 1, 1, 64, 1536, 59628, 387602, 88017
  result is correct!
! 24, isa, 32, 1, 1, 68, 1632, 67160, 395008, 99235
  result is correct!
! 24, isa, 32, 1, 1, 72, 1728, 75140, 403438, 111233
  result is correct!
