! 20, ise, 32, 1, 1, 8, 160, 475, 71169, 672
  result is correct!
! 20, ise, 32, 1, 1, 12, 240, 845, 64231, 1158
  result is correct!
! 20, ise, 32, 1, 1, 16, 320, 1308, 64055, 1933
  result is correct!
! 20, ise, 32, 1, 1, 20, 400, 1847, 64852, 2724
  result is correct!
! 20, ise, 32, 1, 1, 24, 480, 2486, 65603, 3616
  result is correct!
! 20, ise, 32, 1, 1, 28, 560, 3221, 66497, 4666
  result is correct!
! 20, ise, 32, 1, 1, 32, 640, 4052, 67242, 5871
  result is correct!
! 20, ise, 32, 1, 1, 36, 720, 4979, 311751, 7565
  result is correct!
! 20, ise, 32, 1, 1, 40, 800, 6002, 69729, 8776
  result is correct!
! 20, ise, 32, 1, 1, 44, 880, 7121, 70699, 10406
  result is correct!
! 20, ise, 32, 1, 1, 48, 960, 8336, 336769, 12710
  result is correct!
! 20, ise, 32, 1, 1, 52, 1040, 9647, 162434, 14319
  result is correct!
! 20, ise, 32, 1, 1, 56, 1120, 11054, 156695, 16234
  result is correct!
! 20, ise, 32, 1, 1, 60, 1200, 12557, 341459, 19085
  result is correct!
! 20, ise, 32, 1, 1, 64, 1280, 14156, 282653, 21478
  result is correct!
! 20, ise, 32, 1, 1, 68, 1360, 15851, 167847, 23588
  result is correct!
! 20, ise, 32, 1, 1, 72, 1440, 17642, 170056, 26199
  result is correct!
