! 25, ise, 32, 1, 1, 8, 200, 1023, 62345, 1509
  result is correct!
! 25, ise, 32, 1, 1, 12, 300, 2039, 63295, 2950
  result is correct!
! 25, ise, 32, 1, 1, 16, 400, 3407, 64810, 4928
  result is correct!
! 25, ise, 32, 1, 1, 20, 500, 5127, 182804, 7460
  result is correct!
! 25, ise, 32, 1, 1, 24, 600, 7199, 148862, 10474
  result is correct!
! 25, ise, 32, 1, 1, 28, 700, 9623, 174531, 14196
  result is correct!
! 25, ise, 32, 1, 1, 32, 800, 12399, 166733, 18082
  result is correct!
! 25, ise, 32, 1, 1, 36, 900, 15527, 157443, 22558
  result is correct!
! 25, ise, 32, 1, 1, 40, 1000, 19007, 162531, 27656
  result is correct!
! 25, ise, 32, 1, 1, 44, 1100, 22839, 175440, 33476
  result is correct!
! 25, ise, 32, 1, 1, 48, 1200, 27023, 353071, 39721
  result is correct!
! 25, ise, 32, 1, 1, 52, 1300, 31559, 357448, 46512
  result is correct!
! 25, ise, 32, 1, 1, 56, 1400, 36447, 361769, 53471
  result is correct!
! 25, ise, 32, 1, 1, 60, 1500, 41687, 369033, 61580
  result is correct!
! 25, ise, 32, 1, 1, 64, 1600, 47279, 375096, 69594
  result is correct!
! 25, ise, 32, 1, 1, 68, 1700, 53223, 379399, 78432
  result is correct!
! 25, ise, 32, 1, 1, 72, 1800, 59519, 388583, 88313
  result is correct!
