! 23, isa, 32, 1, 1, 8, 184, 1226, 62491, 1771
  result is correct!
! 23, isa, 32, 1, 1, 12, 276, 2490, 328755, 4096
  result is correct!
! 23, isa, 32, 1, 1, 16, 368, 4202, 147633, 6187
  result is correct!
! 23, isa, 32, 1, 1, 20, 460, 6362, 67889, 9162
  result is correct!
! 23, isa, 32, 1, 1, 24, 552, 8970, 335534, 13389
  result is correct!
! 23, isa, 32, 1, 1, 28, 644, 12026, 175794, 17709
  result is correct!
! 23, isa, 32, 1, 1, 32, 736, 15530, 166818, 22811
  result is correct!
! 23, isa, 32, 1, 1, 36, 828, 19482, 169427, 28321
  result is correct!
! 23, isa, 32, 1, 1, 40, 920, 23882, 348857, 35532
  result is correct!
! 23, isa, 32, 1, 1, 44, 1012, 28730, 180125, 41918
  result is correct!
! 23, isa, 32, 1, 1, 48, 1104, 34026, 593473, 51088
  result is correct!
! 23, isa, 32, 1, 1, 52, 1196, 39770, 366565, 58547
  result is correct!
! 23, isa, 32, 1, 1, 56, 1288, 45962, 371408, 67763
  result is correct!
! 23, isa, 32, 1, 1, 60, 1380, 52602, 379012, 77177
  result is correct!
! 23, isa, 32, 1, 1, 64, 1472, 59690, 387360, 88354
  result is correct!
! 23, isa, 32, 1, 1, 68, 1564, 67226, 393423, 99082
  result is correct!
! 23, isa, 32, 1, 1, 72, 1656, 75210, 402075, 110879
  result is correct!
