! 25, ise, 32, 1, 1, 8, 200, 475, 63516, 726
  result is correct!
! 25, ise, 32, 1, 1, 12, 300, 845, 63610, 1280
  result is correct!
! 25, ise, 32, 1, 1, 16, 400, 1308, 179507, 2130
  result is correct!
! 25, ise, 32, 1, 1, 20, 500, 1847, 64524, 2720
  result is correct!
! 25, ise, 32, 1, 1, 24, 600, 2486, 65075, 3549
  result is correct!
! 25, ise, 32, 1, 1, 28, 700, 3221, 66195, 4720
  result is correct!
! 25, ise, 32, 1, 1, 32, 800, 4052, 148047, 6031
  result is correct!
! 25, ise, 32, 1, 1, 36, 900, 4979, 331548, 7939
  result is correct!
! 25, ise, 32, 1, 1, 40, 1000, 6002, 69427, 8770
  result is correct!
! 25, ise, 32, 1, 1, 44, 1100, 7121, 150339, 10493
  result is correct!
! 25, ise, 32, 1, 1, 48, 1200, 8336, 152621, 12343
  result is correct!
! 25, ise, 32, 1, 1, 52, 1300, 9647, 153716, 14227
  result is correct!
! 25, ise, 32, 1, 1, 56, 1400, 11054, 77717, 16243
  result is correct!
! 25, ise, 32, 1, 1, 60, 1500, 12557, 339281, 19167
  result is correct!
! 25, ise, 32, 1, 1, 64, 1600, 14156, 342064, 21543
  result is correct!
! 25, ise, 32, 1, 1, 68, 1700, 15851, 343053, 24004
  result is correct!
! 25, ise, 32, 1, 1, 72, 1800, 17642, 348150, 26863
  result is correct!
