! 25, isa, 32, 1, 1, 8, 200, 837, 64748, 1215
  result is correct!
! 25, isa, 32, 1, 1, 12, 300, 1622, 65091, 2381
  result is correct!
! 25, isa, 32, 1, 1, 16, 400, 2671, 66374, 3811
  result is correct!
! 25, isa, 32, 1, 1, 20, 500, 3946, 67651, 5773
  result is correct!
! 25, isa, 32, 1, 1, 24, 600, 5479, 184968, 8215
  result is correct!
! 25, isa, 32, 1, 1, 28, 700, 7266, 162333, 10806
  result is correct!
! 25, isa, 32, 1, 1, 32, 800, 9307, 181414, 13973
  result is correct!
! 25, isa, 32, 1, 1, 36, 900, 11602, 75920, 17067
  result is correct!
! 25, isa, 32, 1, 1, 40, 1000, 14151, 160174, 20940
  result is correct!
! 25, isa, 32, 1, 1, 44, 1100, 16954, 345770, 25539
  result is correct!
! 25, isa, 32, 1, 1, 48, 1200, 20011, 165693, 29489
  result is correct!
! 25, isa, 32, 1, 1, 52, 1300, 23322, 352092, 35107
  result is correct!
! 25, isa, 32, 1, 1, 56, 1400, 26887, 357983, 40190
  result is correct!
! 25, isa, 32, 1, 1, 60, 1500, 30706, 358437, 46146
  result is correct!
! 25, isa, 32, 1, 1, 64, 1600, 34779, 364030, 52170
  result is correct!
! 25, isa, 32, 1, 1, 68, 1700, 39106, 368792, 58665
  result is correct!
! 25, isa, 32, 1, 1, 72, 1800, 43687, 374207, 65854
  result is correct!
