! 24, isa, 32, 1, 1, 8, 192, 838, 63518, 1277
  result is correct!
! 24, isa, 32, 1, 1, 12, 288, 1623, 65171, 2379
  result is correct!
! 24, isa, 32, 1, 1, 16, 384, 2672, 68923, 3942
  result is correct!
! 24, isa, 32, 1, 1, 20, 480, 3947, 67913, 5777
  result is correct!
! 24, isa, 32, 1, 1, 24, 576, 5480, 69544, 8071
  result is correct!
! 24, isa, 32, 1, 1, 28, 672, 7267, 350711, 11176
  result is correct!
! 24, isa, 32, 1, 1, 32, 768, 9308, 73334, 13679
  result is correct!
! 24, isa, 32, 1, 1, 36, 864, 11603, 340246, 17616
  result is correct!
! 24, isa, 32, 1, 1, 40, 960, 14152, 343002, 21565
  result is correct!
! 24, isa, 32, 1, 1, 44, 1056, 16955, 346196, 25728
  result is correct!
! 24, isa, 32, 1, 1, 48, 1152, 20012, 349095, 30172
  result is correct!
! 24, isa, 32, 1, 1, 52, 1248, 23323, 170155, 34469
  result is correct!
! 24, isa, 32, 1, 1, 56, 1344, 26888, 356786, 40565
  result is correct!
! 24, isa, 32, 1, 1, 60, 1440, 30707, 360322, 46099
  result is correct!
! 24, isa, 32, 1, 1, 64, 1536, 34780, 365394, 52321
  result is correct!
! 24, isa, 32, 1, 1, 68, 1632, 39107, 368946, 58682
  result is correct!
! 24, isa, 32, 1, 1, 72, 1728, 43688, 371994, 65944
  result is correct!
