! 24, ise, 32, 1, 1, 8, 192, 1020, 62603, 1508
  result is correct!
! 24, ise, 32, 1, 1, 12, 288, 2036, 327830, 3400
  result is correct!
! 24, ise, 32, 1, 1, 16, 384, 3404, 147889, 5027
  result is correct!
! 24, ise, 32, 1, 1, 20, 480, 5124, 66939, 7386
  result is correct!
! 24, ise, 32, 1, 1, 24, 576, 7196, 145995, 10533
  result is correct!
! 24, ise, 32, 1, 1, 28, 672, 9620, 72661, 13914
  result is correct!
! 24, ise, 32, 1, 1, 32, 768, 12396, 337276, 18454
  result is correct!
! 24, ise, 32, 1, 1, 36, 864, 15524, 341950, 23076
  result is correct!
! 24, ise, 32, 1, 1, 40, 960, 19004, 346877, 28044
  result is correct!
! 24, ise, 32, 1, 1, 44, 1056, 22836, 350818, 33789
  result is correct!
! 24, ise, 32, 1, 1, 48, 1152, 27020, 352903, 39821
  result is correct!
! 24, ise, 32, 1, 1, 52, 1248, 31556, 190156, 46386
  result is correct!
! 24, ise, 32, 1, 1, 56, 1344, 36444, 363471, 54173
  result is correct!
! 24, ise, 32, 1, 1, 60, 1440, 41684, 368902, 61762
  result is correct!
! 24, ise, 32, 1, 1, 64, 1536, 47276, 374473, 70057
  result is correct!
! 24, ise, 32, 1, 1, 68, 1632, 53220, 380210, 79082
  result is correct!
! 24, ise, 32, 1, 1, 72, 1728, 59516, 386813, 88333
  result is correct!
