! 29, isa, 32, 1, 1, 8, 232, 836, 64265, 1214
  result is correct!
! 29, isa, 32, 1, 1, 12, 348, 1621, 148247, 2542
  result is correct!
! 29, isa, 32, 1, 1, 16, 464, 2670, 66803, 3933
  result is correct!
! 29, isa, 32, 1, 1, 20, 580, 3945, 67610, 5717
  result is correct!
! 29, isa, 32, 1, 1, 24, 696, 5478, 190693, 8217
  result is correct!
! 29, isa, 32, 1, 1, 28, 812, 7265, 153435, 10790
  result is correct!
! 29, isa, 32, 1, 1, 32, 928, 9306, 176952, 13973
  result is correct!
! 29, isa, 32, 1, 1, 36, 1044, 11601, 339470, 17527
  result is correct!
! 29, isa, 32, 1, 1, 40, 1160, 14150, 159076, 21029
  result is correct!
! 29, isa, 32, 1, 1, 44, 1276, 16953, 163215, 25030
  result is correct!
! 29, isa, 32, 1, 1, 48, 1392, 20010, 349871, 30020
  result is correct!
! 29, isa, 32, 1, 1, 52, 1508, 23321, 354928, 35215
  result is correct!
! 29, isa, 32, 1, 1, 56, 1624, 26886, 357160, 40256
  result is correct!
! 29, isa, 32, 1, 1, 60, 1740, 30705, 359242, 46165
  result is correct!
! 29, isa, 32, 1, 1, 64, 1856, 34778, 366155, 52191
  result is correct!
