! 20, isa, 32, 1, 1, 8, 160, 1226, 62552, 1833
  result is correct!
! 20, isa, 32, 1, 1, 12, 240, 2490, 180063, 3774
  result is correct!
! 20, isa, 32, 1, 1, 16, 320, 4202, 66077, 5968
  result is correct!
! 20, isa, 32, 1, 1, 20, 400, 6362, 67699, 9160
  result is correct!
! 20, isa, 32, 1, 1, 24, 480, 8970, 335176, 13569
  result is correct!
! 20, isa, 32, 1, 1, 28, 560, 12026, 164634, 17657
  result is correct!
! 20, isa, 32, 1, 1, 32, 640, 15530, 77540, 22315
  result is correct!
! 20, isa, 32, 1, 1, 36, 720, 19482, 171871, 28384
  result is correct!
! 20, isa, 32, 1, 1, 40, 800, 23882, 350161, 35201
  result is correct!
! 20, isa, 32, 1, 1, 44, 880, 28730, 357294, 42340
  result is correct!
! 20, isa, 32, 1, 1, 48, 960, 34026, 361820, 50166
  result is correct!
! 20, isa, 32, 1, 1, 52, 1040, 39770, 367907, 58891
  result is correct!
! 20, isa, 32, 1, 1, 56, 1120, 45962, 372897, 67701
  result is correct!
! 20, isa, 32, 1, 1, 60, 1200, 52602, 377733, 77442
  result is correct!
! 20, isa, 32, 1, 1, 64, 1280, 59690, 387158, 88223
  result is correct!
! 20, isa, 32, 1, 1, 68, 1360, 67226, 395070, 99606
  result is correct!
! 20, isa, 32, 1, 1, 72, 1440, 75210, 402628, 111248
  result is correct!
