! 22, ise, 32, 1, 1, 8, 176, 1023, 330059, 1898
  result is correct!
! 22, ise, 32, 1, 1, 12, 264, 2039, 66972, 2900
  result is correct!
! 22, ise, 32, 1, 1, 16, 352, 3407, 65098, 4931
  result is correct!
! 22, ise, 32, 1, 1, 20, 440, 5127, 66944, 7326
  result is correct!
! 22, ise, 32, 1, 1, 24, 528, 7199, 333779, 10955
  result is correct!
! 22, ise, 32, 1, 1, 28, 616, 9623, 163379, 14078
  result is correct!
! 22, ise, 32, 1, 1, 32, 704, 12399, 339206, 18865
  result is correct!
! 22, ise, 32, 1, 1, 36, 792, 15527, 345724, 23335
  result is correct!
! 22, ise, 32, 1, 1, 40, 880, 19007, 354599, 28129
  result is correct!
! 22, ise, 32, 1, 1, 44, 968, 22839, 350997, 33547
  result is correct!
! 22, ise, 32, 1, 1, 48, 1056, 27023, 353906, 40141
  result is correct!
! 22, ise, 32, 1, 1, 52, 1144, 31559, 358655, 46518
  result is correct!
! 22, ise, 32, 1, 1, 56, 1232, 36447, 362671, 53697
  result is correct!
! 22, ise, 32, 1, 1, 60, 1320, 41687, 366822, 61314
  result is correct!
! 22, ise, 32, 1, 1, 64, 1408, 47279, 373407, 70137
  result is correct!
! 22, ise, 32, 1, 1, 68, 1496, 53223, 379706, 78905
  result is correct!
! 22, ise, 32, 1, 1, 72, 1584, 59519, 386087, 87831
  result is correct!
