! 26, ise, 32, 1, 1, 8, 208, 475, 62964, 664
  result is correct!
! 26, ise, 32, 1, 1, 12, 312, 844, 63224, 1218
  result is correct!
! 26, ise, 32, 1, 1, 16, 416, 1307, 64070, 1930
  result is correct!
! 26, ise, 32, 1, 1, 20, 520, 1846, 64537, 2718
  result is correct!
! 26, ise, 32, 1, 1, 24, 624, 2485, 148085, 3769
  result is correct!
! 26, ise, 32, 1, 1, 28, 728, 3220, 66385, 4661
  result is correct!
! 26, ise, 32, 1, 1, 32, 832, 4051, 67353, 5928
  result is correct!
! 26, ise, 32, 1, 1, 36, 936, 4978, 68200, 7114
  result is correct!
! 26, ise, 32, 1, 1, 40, 1040, 6001, 151113, 8924
  result is correct!
! 26, ise, 32, 1, 1, 44, 1144, 7120, 153948, 10561
  result is correct!
! 26, ise, 32, 1, 1, 48, 1248, 8335, 154132, 12343
  result is correct!
! 26, ise, 32, 1, 1, 52, 1352, 9646, 160168, 14462
  result is correct!
! 26, ise, 32, 1, 1, 56, 1456, 11053, 164776, 16502
  result is correct!
! 26, ise, 32, 1, 1, 60, 1560, 12556, 156613, 18531
  result is correct!
! 26, ise, 32, 1, 1, 64, 1664, 14155, 294233, 20974
  result is correct!
