! 29, isa, 32, 1, 1, 8, 232, 1218, 62901, 1769
  result is correct!
! 29, isa, 32, 1, 1, 12, 348, 2478, 63930, 3576
  result is correct!
! 29, isa, 32, 1, 1, 16, 464, 4186, 66022, 6021
  result is correct!
! 29, isa, 32, 1, 1, 20, 580, 6342, 68231, 9156
  result is correct!
! 29, isa, 32, 1, 1, 24, 696, 8946, 71370, 12865
  result is correct!
! 29, isa, 32, 1, 1, 28, 812, 11998, 338599, 17976
  result is correct!
! 29, isa, 32, 1, 1, 32, 928, 15498, 340959, 23006
  result is correct!
! 29, isa, 32, 1, 1, 36, 1044, 19446, 345038, 28910
  result is correct!
! 29, isa, 32, 1, 1, 40, 1160, 23842, 349850, 35332
  result is correct!
! 29, isa, 32, 1, 1, 44, 1276, 28686, 366528, 42257
  result is correct!
! 29, isa, 32, 1, 1, 48, 1392, 33978, 360557, 50040
  result is correct!
! 29, isa, 32, 1, 1, 52, 1508, 39718, 365532, 58430
  result is correct!
! 29, isa, 32, 1, 1, 56, 1624, 45906, 373802, 67986
  result is correct!
! 29, isa, 32, 1, 1, 60, 1740, 52542, 380426, 77853
  result is correct!
! 29, isa, 32, 1, 1, 64, 1856, 59626, 385893, 88140
  result is correct!
