! 22, isa, 32, 1, 1, 8, 176, 1226, 62307, 1772
  result is correct!
! 22, isa, 32, 1, 1, 12, 264, 2490, 63994, 3586
  result is correct!
! 22, isa, 32, 1, 1, 16, 352, 4202, 65850, 6087
  result is correct!
! 22, isa, 32, 1, 1, 20, 440, 6362, 149204, 9328
  result is correct!
! 22, isa, 32, 1, 1, 24, 528, 8970, 176525, 13226
  result is correct!
! 22, isa, 32, 1, 1, 28, 616, 12026, 155825, 17441
  result is correct!
! 22, isa, 32, 1, 1, 32, 704, 15530, 341996, 22988
  result is correct!
! 22, isa, 32, 1, 1, 36, 792, 19482, 344467, 28731
  result is correct!
! 22, isa, 32, 1, 1, 40, 880, 23882, 300819, 34974
  result is correct!
! 22, isa, 32, 1, 1, 44, 968, 28730, 354052, 42112
  result is correct!
! 22, isa, 32, 1, 1, 48, 1056, 34026, 359960, 50086
  result is correct!
! 22, isa, 32, 1, 1, 52, 1144, 39770, 366445, 58540
  result is correct!
! 22, isa, 32, 1, 1, 56, 1232, 45962, 374483, 67629
  result is correct!
! 22, isa, 32, 1, 1, 60, 1320, 52602, 379688, 77351
  result is correct!
! 22, isa, 32, 1, 1, 64, 1408, 59690, 384843, 87795
  result is correct!
! 22, isa, 32, 1, 1, 68, 1496, 67226, 394616, 99257
  result is correct!
! 22, isa, 32, 1, 1, 72, 1584, 75210, 401342, 111098
  result is correct!
