! 24, ise, 32, 1, 1, 8, 192, 476, 63403, 726
  result is correct!
! 24, ise, 32, 1, 1, 12, 288, 836, 63312, 1209
  result is correct!
! 24, ise, 32, 1, 1, 16, 384, 1299, 64060, 1924
  result is correct!
! 24, ise, 32, 1, 1, 20, 480, 1838, 147469, 2873
  result is correct!
! 24, ise, 32, 1, 1, 24, 576, 2477, 65883, 3544
  result is correct!
! 24, ise, 32, 1, 1, 28, 672, 3212, 333349, 5102
  result is correct!
! 24, ise, 32, 1, 1, 32, 768, 4043, 70893, 5926
  result is correct!
! 24, ise, 32, 1, 1, 36, 864, 4970, 68103, 7227
  result is correct!
! 24, ise, 32, 1, 1, 40, 960, 5993, 69910, 8757
  result is correct!
! 24, ise, 32, 1, 1, 44, 1056, 7112, 153028, 10541
  result is correct!
! 24, ise, 32, 1, 1, 48, 1152, 8327, 160913, 12383
  result is correct!
! 24, ise, 32, 1, 1, 52, 1248, 9638, 154875, 14273
  result is correct!
! 24, ise, 32, 1, 1, 56, 1344, 11045, 340018, 16618
  result is correct!
! 24, ise, 32, 1, 1, 60, 1440, 12548, 291304, 18688
  result is correct!
! 24, ise, 32, 1, 1, 64, 1536, 14147, 78725, 20732
  result is correct!
! 24, ise, 32, 1, 1, 68, 1632, 15842, 161224, 23367
  result is correct!
! 24, ise, 32, 1, 1, 72, 1728, 17633, 171335, 26165
  result is correct!
