! 25, ise, 32, 0, 0, 8, 200, 10, 10, 467, 471, 467
  result is correct!
! 25, ise, 32, 0, 0, 12, 300, 10, 10, 836, 846, 837
  result is correct!
! 25, ise, 32, 0, 0, 16, 400, 10, 10, 1299, 1309, 1300
  result is correct!
! 25, ise, 32, 0, 0, 20, 500, 10, 10, 1838, 2343, 1891
  result is correct!
! 25, ise, 32, 0, 0, 24, 600, 10, 10, 2477, 2888, 2530
  result is correct!
! 25, ise, 32, 0, 0, 28, 700, 10, 10, 3212, 3735, 3265
  result is correct!
! 25, ise, 32, 0, 0, 32, 800, 10, 10, 4043, 4550, 4097
  result is correct!
! 25, ise, 32, 0, 0, 36, 900, 10, 10, 4970, 5380, 5074
  result is correct!
! 25, ise, 32, 0, 0, 40, 1000, 10, 10, 5993, 6499, 6107
  result is correct!
! 25, ise, 32, 0, 0, 44, 1100, 10, 10, 7112, 7621, 7219
  result is correct!
! 25, ise, 32, 0, 0, 48, 1200, 10, 10, 8327, 8845, 8486
  result is correct!
! 25, ise, 32, 0, 0, 52, 1300, 10, 10, 9638, 10147, 9801
  result is correct!
! 25, ise, 32, 0, 0, 56, 1400, 10, 10, 11045, 11552, 11255
  result is correct!
! 25, ise, 32, 0, 0, 60, 1500, 10, 10, 12548, 13069, 12760
  result is correct!
! 25, ise, 32, 0, 0, 64, 1600, 10, 10, 14170, 14665, 14411
  result is correct!
! 25, ise, 32, 0, 0, 68, 1700, 10, 10, 15865, 16349, 16107
  result is correct!
! 25, ise, 32, 0, 0, 72, 1800, 10, 10, 17743, 18143, 17949
  result is correct!

--------------------Threshold debug data--------------------
! 25, ise, 32, 0, 0, 8, 200, 10

! @  471 467 467 467 467 467 467 467 467 467
! 25, ise, 32, 0, 0, 12, 300, 10

! @  846 836 836 836 836 836 836 836 836 836
! 25, ise, 32, 0, 0, 16, 400, 10

! @  1309 1299 1299 1299 1299 1299 1299 1299 1299 1299
! 25, ise, 32, 0, 0, 20, 500, 10

! @  1848 1838 1838 1838 1838 2343 1861 1838 1838 1838
! 25, ise, 32, 0, 0, 24, 600, 10

! @  2487 2888 2587 2477 2477 2477 2477 2477 2477 2477
! 25, ise, 32, 0, 0, 28, 700, 10

! @  3222 3212 3212 3212 3212 3212 3212 3212 3735 3214
! 25, ise, 32, 0, 0, 32, 800, 10

! @  4053 4043 4043 4043 4550 4066 4043 4043 4043 4043
! 25, ise, 32, 0, 0, 36, 900, 10

! @  4980 5380 5080 4970 4970 4970 4970 5377 5080 4970
! 25, ise, 32, 0, 0, 40, 1000, 10

! @  6116 5993 5993 5993 6402 6103 5993 5993 5993 6499
! 25, ise, 32, 0, 0, 44, 1100, 10

! @  7122 7112 7620 7135 7112 7112 7621 7135 7112 7112
! 25, ise, 32, 0, 0, 48, 1200, 10

! @  8845 8350 8327 8327 8834 8350 8327 8736 8437 8327
! 25, ise, 32, 0, 0, 52, 1300, 10

! @  9674 9638 10147 9661 9638 10146 9661 9638 10146 9661
! 25, ise, 32, 0, 0, 56, 1400, 10

! @  11464 11155 11045 11552 11068 11455 11155 11045 11456 11155
! 25, ise, 32, 0, 0, 60, 1500, 10

! @  12584 12957 12658 12548 13069 12550 13056 12571 12957 12658
! 25, ise, 32, 0, 0, 64, 1600, 10

! @  14665 14170 14655 14170 14653 14170 14561 14257 14557 14257
! 25, ise, 32, 0, 0, 68, 1700, 10

! @  15878 16348 16276 15952 16253 15952 16253 15952 16349 15865
! 25, ise, 32, 0, 0, 72, 1800, 10

! @  17756 18043 17743 18143 18070 17743 18043 17743 18140 18066
