! 32, ise, 32, 0, 0, 8, 256, 10, 10, 508, 515, 508
  result is correct!
! 32, ise, 32, 0, 0, 12, 384, 10, 10, 1037, 1049, 1039
  result is correct!
! 32, ise, 32, 0, 0, 16, 512, 10, 10, 1762, 2189, 1807
  result is correct!
! 32, ise, 32, 0, 0, 20, 640, 10, 10, 2645, 3010, 2690
  result is correct!
! 32, ise, 32, 0, 0, 24, 768, 10, 10, 3718, 4078, 3763
  result is correct!
! 32, ise, 32, 0, 0, 28, 896, 10, 10, 4977, 5340, 5066
  result is correct!
! 32, ise, 32, 0, 0, 32, 1024, 10, 10, 6422, 6852, 6514
  result is correct!
! 32, ise, 32, 0, 0, 36, 1152, 10, 10, 8053, 8482, 8187
  result is correct!
! 32, ise, 32, 0, 0, 40, 1280, 10, 10, 9870, 10232, 10003
  result is correct!
! 32, ise, 32, 0, 0, 44, 1408, 10, 10, 11877, 12308, 12053
  result is correct!
! 32, ise, 32, 0, 0, 48, 1536, 10, 10, 14086, 14499, 14285
  result is correct!
! 32, ise, 32, 0, 0, 52, 1664, 10, 10, 16461, 16872, 16699
  result is correct!
! 32, ise, 32, 0, 0, 56, 1792, 10, 10, 19017, 19433, 19269
  result is correct!
! 32, ise, 32, 0, 0, 60, 1920, 10, 10, 21826, 22185, 22059
  result is correct!
! 32, ise, 32, 0, 0, 64, 2048, 10, 10, 24759, 25134, 25043
  result is correct!

--------------------Threshold debug data--------------------
! 32, ise, 32, 0, 0, 8, 256, 10

! @  515 508 508 508 508 508 508 508 508 508
! 32, ise, 32, 0, 0, 12, 384, 10

! @  1049 1037 1043 1038 1038 1038 1038 1038 1038 1038
! 32, ise, 32, 0, 0, 16, 512, 10

! @  1768 1767 1762 1762 1762 1762 2189 1782 1762 1762
! 32, ise, 32, 0, 0, 20, 640, 10

! @  3010 2731 2645 2645 2645 2645 2645 2645 2645 2645
! 32, ise, 32, 0, 0, 24, 768, 10

! @  3724 3723 3718 3718 3718 4078 3804 3718 3718 3718
! 32, ise, 32, 0, 0, 28, 896, 10

! @  4983 5340 5063 4977 4977 4977 4977 5331 5058 4977
! 32, ise, 32, 0, 0, 32, 1024, 10

! @  6446 6427 6422 6781 6508 6422 6422 6422 6852 6442
! 32, ise, 32, 0, 0, 36, 1152, 10

! @  8417 8139 8053 8053 8413 8134 8053 8053 8482 8073
! 32, ise, 32, 0, 0, 40, 1280, 10

! @  9876 10232 9956 9870 10227 9951 9870 10228 9951 9870
! 32, ise, 32, 0, 0, 44, 1408, 10

! @  11959 11878 12304 11893 12231 11954 11877 12308 11897 12237
! 32, ise, 32, 0, 0, 48, 1536, 10

! @  14499 14086 14425 14143 14424 14143 14424 14143 14424 14143
! 32, ise, 32, 0, 0, 52, 1664, 10

! @  16801 16523 16871 16461 16872 16461 16871 16814 16518 16799
! 32, ise, 32, 0, 0, 56, 1792, 10

! @  19381 19084 19433 19382 19079 19431 19017 19433 19374 19079
! 32, ise, 32, 0, 0, 60, 1920, 10

! @  22124 21831 22182 22130 22185 21831 22179 22122 22185 21826
! 32, ise, 32, 0, 0, 64, 2048, 10

! @  25120 25122 24764 25113 25127 25134 25060 25117 24759 25114
