>>>>
====
REPO_HOME         := auto-generated-text
RISCV             := auto-generated-text
MPISE_DESTRUCTIVE := 1
MPISE_STATELESS   := 0
----
ARCH              := rv32
TYPE              := isa
RADIX             := 28
PLATFORM          := cva6-fpga
VERSION           := simple
<<<<
bbl loader
! 28, isa, 32, 1, 0, 8, 224, 10, 9, 828, 828, 828
  result is correct!
! 28, isa, 32, 1, 0, 12, 336, 10, 2, 1616, 1616, 1616
  result is correct!
! 28, isa, 32, 1, 0, 16, 448, 10, 8, 2652, 2660, 2655
  result is correct!
! 28, isa, 32, 1, 0, 20, 560, 10, 3, 3927, 3927, 3927
  result is correct!
! 28, isa, 32, 1, 0, 24, 672, 10, 6, 5460, 5468, 5462
  result is correct!
! 28, isa, 32, 1, 0, 28, 784, 10, 3, 7247, 7247, 7247
  result is correct!
! 28, isa, 32, 1, 0, 32, 896, 10, 4, 9288, 9325, 9299
  result is correct!
! 28, isa, 32, 1, 0, 36, 1008, 10, 4, 11583, 11615, 11596
  result is correct!
! 28, isa, 32, 1, 0, 40, 1120, 10, 3, 14154, 14164, 14159
  result is correct!
! 28, isa, 32, 1, 0, 44, 1232, 10, 2, 16957, 16967, 16962
  result is correct!
! 28, isa, 32, 1, 0, 48, 1344, 10, 3, 20120, 20128, 20122
  result is correct!
! 28, isa, 32, 1, 0, 52, 1456, 10, 2, 23757, 23759, 23758
  result is correct!
! 28, isa, 32, 1, 0, 56, 1568, 10, 2, 27422, 27429, 27425
  result is correct!
! 28, isa, 32, 1, 0, 60, 1680, 10, 4, 31258, 31260, 31259
  result is correct!
! 28, isa, 32, 1, 0, 64, 1792, 10, 6, 35320, 35337, 35329
  result is correct!
! 28, isa, 32, 1, 0, 68, 1904, 10, 7, 39648, 39773, 39703
  result is correct!
! 28, isa, 32, 1, 0, 72, 2016, 10, 5, 44229, 44356, 44323
  result is correct!
