>>>>
====
REPO_HOME         := auto-generated-text
RISCV             := auto-generated-text
MPISE_DESTRUCTIVE := 1
MPISE_STATELESS   := 0
----
ARCH              := rv32
TYPE              := ise
RADIX             := 22
PLATFORM          := cva6-fpga
VERSION           := simple
<<<<
bbl loader
! 22, ise, 32, 1, 0, 8, 176, 10, 9, 467, 467, 467
  result is correct!
! 22, ise, 32, 1, 0, 12, 264, 10, 9, 836, 836, 836
  result is correct!
! 22, ise, 32, 1, 0, 16, 352, 10, 9, 1299, 1299, 1299
  result is correct!
! 22, ise, 32, 1, 0, 20, 440, 10, 8, 1838, 1848, 1839
  result is correct!
! 22, ise, 32, 1, 0, 24, 528, 10, 8, 2477, 2487, 2478
  result is correct!
! 22, ise, 32, 1, 0, 28, 616, 10, 8, 3212, 3214, 3212
  result is correct!
! 22, ise, 32, 1, 0, 32, 704, 10, 8, 4043, 4053, 4044
  result is correct!
! 22, ise, 32, 1, 0, 36, 792, 10, 6, 4970, 4980, 4971
  result is correct!
! 22, ise, 32, 1, 0, 40, 880, 10, 6, 5993, 5993, 5993
  result is correct!
! 22, ise, 32, 1, 0, 44, 968, 10, 6, 7112, 7122, 7113
  result is correct!
! 22, ise, 32, 1, 0, 48, 1056, 10, 7, 8327, 8437, 8349
  result is correct!
! 22, ise, 32, 1, 0, 52, 1144, 10, 7, 9638, 9674, 9653
  result is correct!
! 22, ise, 32, 1, 0, 56, 1232, 10, 3, 11045, 11068, 11052
  result is correct!
! 22, ise, 32, 1, 0, 60, 1320, 10, 4, 12548, 12584, 12563
  result is correct!
! 22, ise, 32, 1, 0, 64, 1408, 10, 3, 14170, 14170, 14170
  result is correct!
! 22, ise, 32, 1, 0, 68, 1496, 10, 2, 15865, 15878, 15871
  result is correct!
! 22, ise, 32, 1, 0, 72, 1584, 10, 4, 17743, 17756, 17746
  result is correct!
