>>>>
====
REPO_HOME         := auto-generated-text
RISCV             := auto-generated-text
MPISE_DESTRUCTIVE := 1
MPISE_STATELESS   := 0
----
ARCH              := rv32
TYPE              := isa
RADIX             := 29
PLATFORM          := cva6-fpga
VERSION           := simple
<<<<
bbl loader
! 29, isa, 32, 1, 0, 8, 232, 10, 9, 828, 828, 828
  result is correct!
! 29, isa, 32, 1, 0, 12, 348, 10, 8, 1619, 1633, 1620
  result is correct!
! 29, isa, 32, 1, 0, 16, 464, 10, 8, 2662, 2662, 2662
  result is correct!
! 29, isa, 32, 1, 0, 20, 580, 10, 8, 3937, 3951, 3938
  result is correct!
! 29, isa, 32, 1, 0, 24, 696, 10, 6, 5470, 5470, 5470
  result is correct!
! 29, isa, 32, 1, 0, 28, 812, 10, 5, 7257, 7257, 7257
  result is correct!
! 29, isa, 32, 1, 0, 32, 928, 10, 4, 9298, 9333, 9306
  result is correct!
! 29, isa, 32, 1, 0, 36, 1044, 10, 2, 11593, 11593, 11593
  result is correct!
! 29, isa, 32, 1, 0, 40, 1160, 10, 3, 14160, 14165, 14161
  result is correct!
! 29, isa, 32, 1, 0, 44, 1276, 10, 2, 16963, 16963, 16963
  result is correct!
! 29, isa, 32, 1, 0, 48, 1392, 10, 3, 20126, 20126, 20126
  result is correct!
! 29, isa, 32, 1, 0, 52, 1508, 10, 2, 23760, 23760, 23760
  result is correct!
! 29, isa, 32, 1, 0, 56, 1624, 10, 1, 27424, 27424, 27424
  result is correct!
! 29, isa, 32, 1, 0, 60, 1740, 10, 2, 31259, 31259, 31259
  result is correct!
! 29, isa, 32, 1, 0, 64, 1856, 10, 6, 35323, 35356, 35330
  result is correct!
