>>>>
====
REPO_HOME         := auto-generated-text
RISCV             := auto-generated-text
MPISE_DESTRUCTIVE := 1
MPISE_STATELESS   := 0
----
ARCH              := rv32
TYPE              := isa
RADIX             := 23
PLATFORM          := cva6-fpga
VERSION           := simple
<<<<
bbl loader
! 23, isa, 32, 1, 0, 8, 184, 10, 9, 828, 828, 828
  result is correct!
! 23, isa, 32, 1, 0, 12, 276, 10, 8, 1619, 1625, 1619
  result is correct!
! 23, isa, 32, 1, 0, 16, 368, 10, 8, 2662, 2662, 2662
  result is correct!
! 23, isa, 32, 1, 0, 20, 460, 10, 8, 3937, 3943, 3937
  result is correct!
! 23, isa, 32, 1, 0, 24, 552, 10, 6, 5470, 5470, 5470
  result is correct!
! 23, isa, 32, 1, 0, 28, 644, 10, 6, 7257, 7263, 7258
  result is correct!
! 23, isa, 32, 1, 0, 32, 736, 10, 4, 9298, 9325, 9304
  result is correct!
! 23, isa, 32, 1, 0, 36, 828, 10, 2, 11593, 11593, 11593
  result is correct!
! 23, isa, 32, 1, 0, 40, 920, 10, 3, 14164, 14169, 14165
  result is correct!
! 23, isa, 32, 1, 0, 44, 1012, 10, 2, 16967, 16967, 16967
  result is correct!
! 23, isa, 32, 1, 0, 48, 1104, 10, 3, 20130, 20130, 20130
  result is correct!
! 23, isa, 32, 1, 0, 52, 1196, 10, 2, 23769, 23770, 23769
  result is correct!
! 23, isa, 32, 1, 0, 56, 1288, 10, 3, 27430, 27443, 27437
  result is correct!
! 23, isa, 32, 1, 0, 60, 1380, 10, 1, 31267, 31267, 31267
  result is correct!
! 23, isa, 32, 1, 0, 64, 1472, 10, 6, 35330, 35346, 35335
  result is correct!
! 23, isa, 32, 1, 0, 68, 1564, 10, 3, 39657, 39659, 39658
  result is correct!
! 23, isa, 32, 1, 0, 72, 1656, 10, 5, 44239, 44357, 44330
  result is correct!
