>>>>
====
REPO_HOME         := auto-generated-text
RISCV             := auto-generated-text
MPISE_DESTRUCTIVE := 1
MPISE_STATELESS   := 0
----
ARCH              := rv32
TYPE              := ise
RADIX             := 20
PLATFORM          := cva6-fpga
VERSION           := hybrid
<<<<
bbl loader
! 20, ise, 32, 1, 0, 8, 160, 10, 7, 464, 465, 464
  result is correct!
! 20, ise, 32, 1, 0, 12, 240, 10, 8, 834, 834, 834
  result is correct!
! 20, ise, 32, 1, 0, 16, 320, 10, 8, 1297, 1297, 1297
  result is correct!
! 20, ise, 32, 1, 0, 20, 400, 10, 7, 1836, 1842, 1836
  result is correct!
! 20, ise, 32, 1, 0, 24, 480, 10, 6, 2475, 2475, 2475
  result is correct!
! 20, ise, 32, 1, 0, 28, 560, 10, 7, 3210, 3216, 3210
  result is correct!
! 20, ise, 32, 1, 0, 32, 640, 10, 7, 4041, 4047, 4041
  result is correct!
! 20, ise, 32, 1, 0, 36, 720, 10, 6, 4968, 4983, 4971
  result is correct!
! 20, ise, 32, 1, 0, 40, 800, 10, 6, 5991, 5997, 5992
  result is correct!
! 20, ise, 32, 1, 0, 44, 880, 10, 5, 7110, 7110, 7110
  result is correct!
! 20, ise, 32, 1, 0, 48, 960, 10, 7, 8325, 8434, 8348
  result is correct!
! 20, ise, 32, 1, 0, 52, 1040, 10, 7, 9636, 9677, 9651
  result is correct!
! 20, ise, 32, 1, 0, 56, 1120, 10, 3, 11043, 11065, 11052
  result is correct!
! 20, ise, 32, 1, 0, 60, 1200, 10, 6, 12546, 12655, 12596
  result is correct!
! 20, ise, 32, 1, 0, 64, 1280, 10, 3, 14167, 14167, 14167
  result is correct!
! 20, ise, 32, 1, 0, 68, 1360, 10, 2, 15881, 15891, 15886
  result is correct!
! 20, ise, 32, 1, 0, 72, 1440, 10, 4, 17740, 17759, 17744
  result is correct!
