====
REPO_HOME         := /home/gk24545/Documents/software/Github/mpise-releases/v22052025
RISCV             := /home/gk24545/Documents/software/Github/mpise-releases/v22052025/build/riscv-spike
MPISE_DESTRUCTIVE := 1
MPISE_STATELESS   := 0
----
ARCH              := rv32
TYPE              := isa
RADIX             := 25
PLATFORM          := spike
VERSION           := simple
<<<<
bbl loader
! 25, isa, 32, 1, 0, 8, 200, 974, 974, 974
  result is correct!
! 25, isa, 32, 1, 0, 12, 300, 2030, 2030, 2030
  result is correct!
! 25, isa, 32, 1, 0, 16, 400, 3470, 3470, 3470
  result is correct!
! 25, isa, 32, 1, 0, 20, 500, 5294, 5294, 5294
  result is correct!
! 25, isa, 32, 1, 0, 24, 600, 7502, 7502, 7502
  result is correct!
! 25, isa, 32, 1, 0, 28, 700, 10094, 10094, 10094
  result is correct!
! 25, isa, 32, 1, 0, 32, 800, 13070, 13070, 13070
  result is correct!
! 25, isa, 32, 1, 0, 36, 900, 16430, 16430, 16430
  result is correct!
! 25, isa, 32, 1, 0, 40, 1000, 20174, 20174, 20174
  result is correct!
! 25, isa, 32, 1, 0, 44, 1100, 24302, 24302, 24302
  result is correct!
! 25, isa, 32, 1, 0, 48, 1200, 28814, 28814, 28814
  result is correct!
! 25, isa, 32, 1, 0, 52, 1300, 33710, 33710, 33710
  result is correct!
! 25, isa, 32, 1, 0, 56, 1400, 38990, 38990, 38990
  result is correct!
! 25, isa, 32, 1, 0, 60, 1500, 44654, 44654, 44654
  result is correct!
! 25, isa, 32, 1, 0, 64, 1600, 50702, 50702, 50702
  result is correct!
! 25, isa, 32, 1, 0, 68, 1700, 57134, 57134, 57134
  result is correct!
! 25, isa, 32, 1, 0, 72, 1800, 63950, 63950, 63950
  result is correct!
>>>>
