====
REPO_HOME         := /home/gk24545/Documents/software/Github/mpise-releases/v22052025
RISCV             := /home/gk24545/Documents/software/Github/mpise-releases/v22052025/build/riscv-spike
MPISE_DESTRUCTIVE := 1
MPISE_STATELESS   := 0
----
ARCH              := rv32
TYPE              := ise
RADIX             := 21
PLATFORM          := spike
VERSION           := simple
<<<<
bbl loader
! 21, ise, 32, 1, 0, 8, 168, 704, 704, 704
  result is correct!
! 21, ise, 32, 1, 0, 12, 252, 1432, 1432, 1432
  result is correct!
! 21, ise, 32, 1, 0, 16, 336, 2416, 2416, 2416
  result is correct!
! 21, ise, 32, 1, 0, 20, 420, 3656, 3656, 3656
  result is correct!
! 21, ise, 32, 1, 0, 24, 504, 5152, 5152, 5152
  result is correct!
! 21, ise, 32, 1, 0, 28, 588, 6904, 6904, 6904
  result is correct!
! 21, ise, 32, 1, 0, 32, 672, 8912, 8912, 8912
  result is correct!
! 21, ise, 32, 1, 0, 36, 756, 11176, 11176, 11176
  result is correct!
! 21, ise, 32, 1, 0, 40, 840, 13696, 13696, 13696
  result is correct!
! 21, ise, 32, 1, 0, 44, 924, 16472, 16472, 16472
  result is correct!
! 21, ise, 32, 1, 0, 48, 1008, 19504, 19504, 19504
  result is correct!
! 21, ise, 32, 1, 0, 52, 1092, 22792, 22792, 22792
  result is correct!
! 21, ise, 32, 1, 0, 56, 1176, 26336, 26336, 26336
  result is correct!
! 21, ise, 32, 1, 0, 60, 1260, 30136, 30136, 30136
  result is correct!
! 21, ise, 32, 1, 0, 64, 1344, 34192, 34192, 34192
  result is correct!
! 21, ise, 32, 1, 0, 68, 1428, 38504, 38504, 38504
  result is correct!
! 21, ise, 32, 1, 0, 72, 1512, 43072, 43072, 43072
  result is correct!
>>>>
