====
REPO_HOME         := /home/gk24545/Documents/software/Github/mpise-releases/v22052025
RISCV             := /home/gk24545/Documents/software/Github/mpise-releases/v22052025/build/riscv-spike
MPISE_DESTRUCTIVE := 1
MPISE_STATELESS   := 0
----
ARCH              := rv32
TYPE              := ise
RADIX             := 24
PLATFORM          := spike
VERSION           := hybrid
<<<<
bbl loader
! 24, ise, 32, 1, 0, 8, 192, 420, 420, 420
  result is correct!
! 24, ise, 32, 1, 0, 12, 288, 740, 740, 740
  result is correct!
! 24, ise, 32, 1, 0, 16, 384, 1148, 1148, 1148
  result is correct!
! 24, ise, 32, 1, 0, 20, 480, 1644, 1644, 1644
  result is correct!
! 24, ise, 32, 1, 0, 24, 576, 2228, 2228, 2228
  result is correct!
! 24, ise, 32, 1, 0, 28, 672, 2900, 2900, 2900
  result is correct!
! 24, ise, 32, 1, 0, 32, 768, 3660, 3660, 3660
  result is correct!
! 24, ise, 32, 1, 0, 36, 864, 4508, 4508, 4508
  result is correct!
! 24, ise, 32, 1, 0, 40, 960, 5444, 5444, 5444
  result is correct!
! 24, ise, 32, 1, 0, 44, 1056, 6468, 6468, 6468
  result is correct!
! 24, ise, 32, 1, 0, 48, 1152, 7580, 7580, 7580
  result is correct!
! 24, ise, 32, 1, 0, 52, 1248, 8780, 8780, 8780
  result is correct!
! 24, ise, 32, 1, 0, 56, 1344, 10068, 10068, 10068
  result is correct!
! 24, ise, 32, 1, 0, 60, 1440, 11444, 11444, 11444
  result is correct!
! 24, ise, 32, 1, 0, 64, 1536, 12908, 12908, 12908
  result is correct!
! 24, ise, 32, 1, 0, 68, 1632, 14460, 14460, 14460
  result is correct!
! 24, ise, 32, 1, 0, 72, 1728, 16100, 16100, 16100
  result is correct!
>>>>
