====
REPO_HOME         := /home/gk24545/Documents/software/Github/mpise-releases/v22052025
RISCV             := /home/gk24545/Documents/software/Github/mpise-releases/v22052025/build/riscv-spike
MPISE_DESTRUCTIVE := 1
MPISE_STATELESS   := 0
----
ARCH              := rv32
TYPE              := ise
RADIX             := 27
PLATFORM          := spike
VERSION           := simple
<<<<
bbl loader
! 27, ise, 32, 1, 0, 8, 216, 704, 704, 704
  result is correct!
! 27, ise, 32, 1, 0, 12, 324, 1432, 1432, 1432
  result is correct!
! 27, ise, 32, 1, 0, 16, 432, 2416, 2416, 2416
  result is correct!
! 27, ise, 32, 1, 0, 20, 540, 3656, 3656, 3656
  result is correct!
! 27, ise, 32, 1, 0, 24, 648, 5152, 5152, 5152
  result is correct!
! 27, ise, 32, 1, 0, 28, 756, 6904, 6904, 6904
  result is correct!
! 27, ise, 32, 1, 0, 32, 864, 8912, 8912, 8912
  result is correct!
>>>>
