====
REPO_HOME         := /home/gk24545/Documents/software/Github/mpise-releases/v22052025
RISCV             := /home/gk24545/Documents/software/Github/mpise-releases/v22052025/build/riscv-spike
MPISE_DESTRUCTIVE := 1
MPISE_STATELESS   := 0
----
ARCH              := rv32
TYPE              := isa
RADIX             := 25
PLATFORM          := spike
VERSION           := hybrid
<<<<
bbl loader
! 25, isa, 32, 1, 0, 8, 200, 722, 722, 722
  result is correct!
! 25, isa, 32, 1, 0, 12, 300, 1386, 1386, 1386
  result is correct!
! 25, isa, 32, 1, 0, 16, 400, 2266, 2266, 2266
  result is correct!
! 25, isa, 32, 1, 0, 20, 500, 3362, 3362, 3362
  result is correct!
! 25, isa, 32, 1, 0, 24, 600, 4674, 4674, 4674
  result is correct!
! 25, isa, 32, 1, 0, 28, 700, 6202, 6202, 6202
  result is correct!
! 25, isa, 32, 1, 0, 32, 800, 7946, 7946, 7946
  result is correct!
! 25, isa, 32, 1, 0, 36, 900, 9906, 9906, 9906
  result is correct!
! 25, isa, 32, 1, 0, 40, 1000, 12082, 12082, 12082
  result is correct!
! 25, isa, 32, 1, 0, 44, 1100, 14474, 14474, 14474
  result is correct!
! 25, isa, 32, 1, 0, 48, 1200, 17082, 17082, 17082
  result is correct!
! 25, isa, 32, 1, 0, 52, 1300, 19906, 19906, 19906
  result is correct!
! 25, isa, 32, 1, 0, 56, 1400, 22946, 22946, 22946
  result is correct!
! 25, isa, 32, 1, 0, 60, 1500, 26202, 26202, 26202
  result is correct!
! 25, isa, 32, 1, 0, 64, 1600, 29674, 29674, 29674
  result is correct!
! 25, isa, 32, 1, 0, 68, 1700, 33362, 33362, 33362
  result is correct!
! 25, isa, 32, 1, 0, 72, 1800, 37266, 37266, 37266
  result is correct!
>>>>
