====
REPO_HOME         := /home/gk24545/Documents/software/Github/mpise-releases/v22052025
RISCV             := /home/gk24545/Documents/software/Github/mpise-releases/v22052025/build/riscv-spike
MPISE_DESTRUCTIVE := 1
MPISE_STATELESS   := 0
----
ARCH              := rv32
TYPE              := isa
RADIX             := 26
PLATFORM          := spike
VERSION           := simple
<<<<
bbl loader
! 26, isa, 32, 1, 0, 8, 208, 974, 974, 974
  result is correct!
! 26, isa, 32, 1, 0, 12, 312, 2030, 2030, 2030
  result is correct!
! 26, isa, 32, 1, 0, 16, 416, 3470, 3470, 3470
  result is correct!
! 26, isa, 32, 1, 0, 20, 520, 5294, 5294, 5294
  result is correct!
! 26, isa, 32, 1, 0, 24, 624, 7502, 7502, 7502
  result is correct!
! 26, isa, 32, 1, 0, 28, 728, 10094, 10094, 10094
  result is correct!
! 26, isa, 32, 1, 0, 32, 832, 13070, 13070, 13070
  result is correct!
! 26, isa, 32, 1, 0, 36, 936, 16430, 16430, 16430
  result is correct!
! 26, isa, 32, 1, 0, 40, 1040, 20174, 20174, 20174
  result is correct!
! 26, isa, 32, 1, 0, 44, 1144, 24302, 24302, 24302
  result is correct!
! 26, isa, 32, 1, 0, 48, 1248, 28814, 28814, 28814
  result is correct!
! 26, isa, 32, 1, 0, 52, 1352, 33710, 33710, 33710
  result is correct!
! 26, isa, 32, 1, 0, 56, 1456, 38990, 38990, 38990
  result is correct!
! 26, isa, 32, 1, 0, 60, 1560, 44654, 44654, 44654
  result is correct!
! 26, isa, 32, 1, 0, 64, 1664, 50702, 50702, 50702
  result is correct!
! 26, isa, 32, 1, 0, 68, 1768, 57134, 57134, 57134
  result is correct!
! 26, isa, 32, 1, 0, 72, 1872, 63950, 63950, 63950
  result is correct!
>>>>
