====
REPO_HOME         := /home/gk24545/Documents/software/Github/mpise-releases/v22052025
RISCV             := /home/gk24545/Documents/software/Github/mpise-releases/v22052025/build/riscv-spike
MPISE_DESTRUCTIVE := 1
MPISE_STATELESS   := 0
----
ARCH              := rv32
TYPE              := isa
RADIX             := 21
PLATFORM          := spike
VERSION           := simple
<<<<
bbl loader
! 21, isa, 32, 1, 0, 8, 168, 974, 974, 974
  result is correct!
! 21, isa, 32, 1, 0, 12, 252, 2030, 2030, 2030
  result is correct!
! 21, isa, 32, 1, 0, 16, 336, 3470, 3470, 3470
  result is correct!
! 21, isa, 32, 1, 0, 20, 420, 5294, 5294, 5294
  result is correct!
! 21, isa, 32, 1, 0, 24, 504, 7502, 7502, 7502
  result is correct!
! 21, isa, 32, 1, 0, 28, 588, 10094, 10094, 10094
  result is correct!
! 21, isa, 32, 1, 0, 32, 672, 13070, 13070, 13070
  result is correct!
! 21, isa, 32, 1, 0, 36, 756, 16430, 16430, 16430
  result is correct!
! 21, isa, 32, 1, 0, 40, 840, 20174, 20174, 20174
  result is correct!
! 21, isa, 32, 1, 0, 44, 924, 24302, 24302, 24302
  result is correct!
! 21, isa, 32, 1, 0, 48, 1008, 28814, 28814, 28814
  result is correct!
! 21, isa, 32, 1, 0, 52, 1092, 33710, 33710, 33710
  result is correct!
! 21, isa, 32, 1, 0, 56, 1176, 38990, 38990, 38990
  result is correct!
! 21, isa, 32, 1, 0, 60, 1260, 44654, 44654, 44654
  result is correct!
! 21, isa, 32, 1, 0, 64, 1344, 50702, 50702, 50702
  result is correct!
! 21, isa, 32, 1, 0, 68, 1428, 57134, 57134, 57134
  result is correct!
! 21, isa, 32, 1, 0, 72, 1512, 63950, 63950, 63950
  result is correct!
>>>>
