====
REPO_HOME         := /home/gk24545/Documents/software/Github/mpise-releases/v22052025
RISCV             := /home/gk24545/Documents/software/Github/mpise-releases/v22052025/build/riscv-spike
MPISE_DESTRUCTIVE := 1
MPISE_STATELESS   := 0
----
ARCH              := rv32
TYPE              := isa
RADIX             := 26
PLATFORM          := spike
VERSION           := hybrid
<<<<
bbl loader
! 26, isa, 32, 1, 0, 8, 208, 722, 722, 722
  result is correct!
! 26, isa, 32, 1, 0, 12, 312, 1386, 1386, 1386
  result is correct!
! 26, isa, 32, 1, 0, 16, 416, 2266, 2266, 2266
  result is correct!
! 26, isa, 32, 1, 0, 20, 520, 3362, 3362, 3362
  result is correct!
! 26, isa, 32, 1, 0, 24, 624, 4674, 4674, 4674
  result is correct!
! 26, isa, 32, 1, 0, 28, 728, 6202, 6202, 6202
  result is correct!
! 26, isa, 32, 1, 0, 32, 832, 7946, 7946, 7946
  result is correct!
! 26, isa, 32, 1, 0, 36, 936, 9906, 9906, 9906
  result is correct!
! 26, isa, 32, 1, 0, 40, 1040, 12082, 12082, 12082
  result is correct!
! 26, isa, 32, 1, 0, 44, 1144, 14474, 14474, 14474
  result is correct!
! 26, isa, 32, 1, 0, 48, 1248, 17082, 17082, 17082
  result is correct!
! 26, isa, 32, 1, 0, 52, 1352, 19906, 19906, 19906
  result is correct!
! 26, isa, 32, 1, 0, 56, 1456, 22946, 22946, 22946
  result is correct!
! 26, isa, 32, 1, 0, 60, 1560, 26202, 26202, 26202
  result is correct!
! 26, isa, 32, 1, 0, 64, 1664, 29674, 29674, 29674
  result is correct!
! 26, isa, 32, 1, 0, 68, 1768, 33362, 33362, 33362
  result is correct!
! 26, isa, 32, 1, 0, 72, 1872, 37266, 37266, 37266
  result is correct!
>>>>
