====
REPO_HOME         := /home/gk24545/Documents/software/Github/mpise-releases/v22052025
RISCV             := /home/gk24545/Documents/software/Github/mpise-releases/v22052025/build/riscv-spike
MPISE_DESTRUCTIVE := 1
MPISE_STATELESS   := 0
----
ARCH              := rv32
TYPE              := isa
RADIX             := 27
PLATFORM          := spike
VERSION           := simple
<<<<
bbl loader
! 27, isa, 32, 1, 0, 8, 216, 974, 974, 974
  result is correct!
! 27, isa, 32, 1, 0, 12, 324, 2030, 2030, 2030
  result is correct!
! 27, isa, 32, 1, 0, 16, 432, 3470, 3470, 3470
  result is correct!
! 27, isa, 32, 1, 0, 20, 540, 5294, 5294, 5294
  result is correct!
! 27, isa, 32, 1, 0, 24, 648, 7502, 7502, 7502
  result is correct!
! 27, isa, 32, 1, 0, 28, 756, 10094, 10094, 10094
  result is correct!
! 27, isa, 32, 1, 0, 32, 864, 13070, 13070, 13070
  result is correct!
! 27, isa, 32, 1, 0, 36, 972, 16430, 16430, 16430
  result is correct!
! 27, isa, 32, 1, 0, 40, 1080, 20174, 20174, 20174
  result is correct!
! 27, isa, 32, 1, 0, 44, 1188, 24302, 24302, 24302
  result is correct!
! 27, isa, 32, 1, 0, 48, 1296, 28814, 28814, 28814
  result is correct!
! 27, isa, 32, 1, 0, 52, 1404, 33710, 33710, 33710
  result is correct!
! 27, isa, 32, 1, 0, 56, 1512, 38990, 38990, 38990
  result is correct!
! 27, isa, 32, 1, 0, 60, 1620, 44654, 44654, 44654
  result is correct!
! 27, isa, 32, 1, 0, 64, 1728, 50702, 50702, 50702
  result is correct!
! 27, isa, 32, 1, 0, 68, 1836, 57134, 57134, 57134
  result is correct!
! 27, isa, 32, 1, 0, 72, 1944, 63950, 63950, 63950
  result is correct!
>>>>
