====
REPO_HOME         := /home/gk24545/Documents/software/Github/mpise-releases/v22052025
RISCV             := /home/gk24545/Documents/software/Github/mpise-releases/v22052025/build/riscv-spike
MPISE_DESTRUCTIVE := 1
MPISE_STATELESS   := 0
----
ARCH              := rv32
TYPE              := ise
RADIX             := 32
PLATFORM          := spike
VERSION           := simple
<<<<
bbl loader
! 32, ise, 32, 1, 0, 8, 256, 878, 878, 878
  result is correct!
! 32, ise, 32, 1, 0, 12, 384, 1838, 1838, 1838
  result is correct!
! 32, ise, 32, 1, 0, 16, 512, 3150, 3150, 3150
  result is correct!
! 32, ise, 32, 1, 0, 20, 640, 4814, 4814, 4814
  result is correct!
! 32, ise, 32, 1, 0, 24, 768, 6830, 6830, 6830
  result is correct!
! 32, ise, 32, 1, 0, 28, 896, 9198, 9198, 9198
  result is correct!
! 32, ise, 32, 1, 0, 32, 1024, 11918, 11918, 11918
  result is correct!
! 32, ise, 32, 1, 0, 36, 1152, 14990, 14990, 14990
  result is correct!
! 32, ise, 32, 1, 0, 40, 1280, 18414, 18414, 18414
  result is correct!
! 32, ise, 32, 1, 0, 44, 1408, 22190, 22190, 22190
  result is correct!
! 32, ise, 32, 1, 0, 48, 1536, 26318, 26318, 26318
  result is correct!
! 32, ise, 32, 1, 0, 52, 1664, 30798, 30798, 30798
  result is correct!
! 32, ise, 32, 1, 0, 56, 1792, 35630, 35630, 35630
  result is correct!
! 32, ise, 32, 1, 0, 60, 1920, 40814, 40814, 40814
  result is correct!
! 32, ise, 32, 1, 0, 64, 2048, 46350, 46350, 46350
  result is correct!
>>>>
