====
REPO_HOME         := /home/gk24545/Documents/software/Github/mpise-releases/v22052025
RISCV             := /home/gk24545/Documents/software/Github/mpise-releases/v22052025/build/riscv-spike
MPISE_DESTRUCTIVE := 1
MPISE_STATELESS   := 0
----
ARCH              := rv32
TYPE              := isa
RADIX             := 20
PLATFORM          := spike
VERSION           := simple
<<<<
bbl loader
! 20, isa, 32, 1, 0, 8, 160, 974, 974, 974
  result is correct!
! 20, isa, 32, 1, 0, 12, 240, 2030, 2030, 2030
  result is correct!
! 20, isa, 32, 1, 0, 16, 320, 3470, 3470, 3470
  result is correct!
! 20, isa, 32, 1, 0, 20, 400, 5294, 5294, 5294
  result is correct!
! 20, isa, 32, 1, 0, 24, 480, 7502, 7502, 7502
  result is correct!
! 20, isa, 32, 1, 0, 28, 560, 10094, 10094, 10094
  result is correct!
! 20, isa, 32, 1, 0, 32, 640, 13070, 13070, 13070
  result is correct!
! 20, isa, 32, 1, 0, 36, 720, 16430, 16430, 16430
  result is correct!
! 20, isa, 32, 1, 0, 40, 800, 20174, 20174, 20174
  result is correct!
! 20, isa, 32, 1, 0, 44, 880, 24302, 24302, 24302
  result is correct!
! 20, isa, 32, 1, 0, 48, 960, 28814, 28814, 28814
  result is correct!
! 20, isa, 32, 1, 0, 52, 1040, 33710, 33710, 33710
  result is correct!
! 20, isa, 32, 1, 0, 56, 1120, 38990, 38990, 38990
  result is correct!
! 20, isa, 32, 1, 0, 60, 1200, 44654, 44654, 44654
  result is correct!
! 20, isa, 32, 1, 0, 64, 1280, 50702, 50702, 50702
  result is correct!
! 20, isa, 32, 1, 0, 68, 1360, 57134, 57134, 57134
  result is correct!
! 20, isa, 32, 1, 0, 72, 1440, 63950, 63950, 63950
  result is correct!
>>>>
