! 58, ise, 64, 0, 1, 8, 464, 1006, 23171, 1049
  result is correct!
! 58, ise, 64, 0, 1, 12, 696, 2018, 22791, 2100
  result is correct!
! 58, ise, 64, 0, 1, 16, 928, 3382, 24076, 3525
  result is correct!
! 58, ise, 64, 0, 1, 20, 1160, 5098, 26612, 5305
  result is correct!
! 58, ise, 64, 0, 1, 24, 1392, 7166, 27851, 7473
  result is correct!
! 58, ise, 64, 0, 1, 28, 1624, 9586, 30216, 9995
  result is correct!
! 58, ise, 64, 0, 1, 32, 1856, 12358, 79562, 12946
  result is correct!
! 58, ise, 64, 0, 1, 36, 2088, 15482, 36315, 16137
  result is correct!
! 58, ise, 64, 0, 1, 40, 2320, 18958, 39707, 19776
  result is correct!
! 58, ise, 64, 0, 1, 44, 2552, 22786, 80256, 23787
  result is correct!
! 58, ise, 64, 0, 1, 48, 2784, 26966, 47657, 28105
  result is correct!
! 58, ise, 64, 0, 1, 52, 3016, 31498, 178610, 32962
  result is correct!
! 58, ise, 64, 0, 1, 56, 3248, 36382, 189289, 38088
  result is correct!
! 58, ise, 64, 0, 1, 60, 3480, 41618, 181109, 43582
  result is correct!
! 58, ise, 64, 0, 1, 64, 3712, 47206, 186914, 49414
  result is correct!
