! 56, ise, 64, 0, 1, 8, 448, 501, 24608, 581
  result is correct!
! 56, ise, 64, 0, 1, 12, 672, 868, 22546, 942
  result is correct!
! 56, ise, 64, 0, 1, 16, 896, 1333, 22066, 1421
  result is correct!
! 56, ise, 64, 0, 1, 20, 1120, 1870, 22558, 1979
  result is correct!
! 56, ise, 64, 0, 1, 24, 1344, 2508, 23190, 2637
  result is correct!
! 56, ise, 64, 0, 1, 28, 1568, 3242, 24128, 3413
  result is correct!
! 56, ise, 64, 0, 1, 32, 1792, 4072, 24855, 4283
  result is correct!
! 56, ise, 64, 0, 1, 36, 2016, 4998, 25950, 5250
  result is correct!
! 56, ise, 64, 0, 1, 40, 2240, 6020, 76796, 6382
  result is correct!
! 56, ise, 64, 0, 1, 44, 2464, 7138, 27813, 7471
  result is correct!
! 56, ise, 64, 0, 1, 48, 2688, 8352, 29335, 8750
  result is correct!
! 56, ise, 64, 0, 1, 52, 2912, 9662, 171093, 10280
  result is correct!
! 56, ise, 64, 0, 1, 56, 3136, 11068, 31809, 11566
  result is correct!
! 56, ise, 64, 0, 1, 60, 3360, 12570, 167236, 13301
  result is correct!
! 56, ise, 64, 0, 1, 64, 3584, 14168, 34895, 14808
  result is correct!
! 56, ise, 64, 0, 1, 68, 3808, 15862, 39122, 16573
  result is correct!
! 56, ise, 64, 0, 1, 72, 4032, 17652, 162756, 18667
  result is correct!
