! 61, isa, 64, 0, 1, 8, 488, 869, 23187, 931
  result is correct!
! 61, isa, 64, 0, 1, 12, 732, 1656, 22778, 1737
  result is correct!
! 61, isa, 64, 0, 1, 16, 976, 2695, 23689, 2835
  result is correct!
! 61, isa, 64, 0, 1, 20, 1220, 3974, 161341, 4314
  result is correct!
! 61, isa, 64, 0, 1, 24, 1464, 5507, 26685, 5751
  result is correct!
! 61, isa, 64, 0, 1, 28, 1708, 7294, 28257, 7621
  result is correct!
! 61, isa, 64, 0, 1, 32, 1952, 9335, 30367, 9765
  result is correct!
! 61, isa, 64, 0, 1, 36, 2196, 11630, 32875, 12164
  result is correct!
! 61, isa, 64, 0, 1, 40, 2440, 14179, 36257, 14797
  result is correct!
! 61, isa, 64, 0, 1, 44, 2684, 16982, 38082, 17744
  result is correct!
! 61, isa, 64, 0, 1, 48, 2928, 20039, 41289, 20927
  result is correct!
! 61, isa, 64, 0, 1, 52, 3172, 23350, 167626, 24555
  result is correct!
! 61, isa, 64, 0, 1, 56, 3416, 26915, 170231, 28234
  result is correct!
! 61, isa, 64, 0, 1, 60, 3660, 30734, 51863, 32075
  result is correct!
! 61, isa, 64, 0, 1, 64, 3904, 34807, 177996, 36526
  result is correct!
