! 64, isa, 64, 0, 1, 8, 512, 1296, 22069, 1357
  result is correct!
! 64, isa, 64, 0, 1, 12, 768, 2700, 23169, 2821
  result is correct!
! 64, isa, 64, 0, 1, 16, 1024, 4616, 24986, 4818
  result is correct!
! 64, isa, 64, 0, 1, 20, 1280, 7044, 28259, 7348
  result is correct!
! 64, isa, 64, 0, 1, 24, 1536, 9984, 157634, 10548
  result is correct!
! 64, isa, 64, 0, 1, 28, 1792, 13436, 33877, 14002
  result is correct!
! 64, isa, 64, 0, 1, 32, 2048, 17400, 159138, 18261
  result is correct!
! 64, isa, 64, 0, 1, 36, 2304, 21876, 163085, 22938
  result is correct!
! 64, isa, 64, 0, 1, 40, 2560, 26864, 166908, 28127
  result is correct!
! 64, isa, 64, 0, 1, 44, 2816, 32364, 173159, 33917
  result is correct!
! 64, isa, 64, 0, 1, 48, 3072, 38376, 177937, 40219
  result is correct!
! 64, isa, 64, 0, 1, 52, 3328, 44900, 104440, 46848
  result is correct!
! 64, isa, 64, 0, 1, 56, 3584, 51936, 191152, 54447
  result is correct!
! 64, isa, 64, 0, 1, 60, 3840, 59484, 197822, 62212
  result is correct!
! 64, isa, 64, 0, 1, 64, 4096, 67544, 207483, 70718
  result is correct!
