! 50, ise, 64, 0, 1, 8, 400, 1005, 1005, 1047
  result is correct!
! 50, ise, 64, 0, 1, 12, 600, 2017, 2017, 2101
  result is correct!
! 50, ise, 64, 0, 1, 16, 800, 3381, 3381, 3668
  result is correct!
! 50, ise, 64, 0, 1, 20, 1000, 5097, 5097, 5300
  result is correct!
! 50, ise, 64, 0, 1, 24, 1200, 7165, 7165, 7470
  result is correct!
! 50, ise, 64, 0, 1, 28, 1400, 9585, 9585, 10053
  result is correct!
! 50, ise, 64, 0, 1, 32, 1600, 12357, 12357, 12865
  result is correct!
! 50, ise, 64, 0, 1, 36, 1800, 15481, 15481, 16404
  result is correct!
! 50, ise, 64, 0, 1, 40, 2000, 18957, 18957, 19803
  result is correct!
! 50, ise, 64, 0, 1, 44, 2200, 22785, 22785, 23806
  result is correct!
! 50, ise, 64, 0, 1, 48, 2400, 26965, 26965, 28227
  result is correct!
! 50, ise, 64, 0, 1, 52, 2600, 31497, 31497, 33023
  result is correct!
! 50, ise, 64, 0, 1, 56, 2800, 36381, 36381, 38129
  result is correct!
! 50, ise, 64, 0, 1, 60, 3000, 41617, 41617, 43567
  result is correct!
! 50, ise, 64, 0, 1, 64, 3200, 47205, 47205, 49397
  result is correct!
! 50, ise, 64, 0, 1, 68, 3400, 53145, 73539, 55602
  result is correct!
! 50, ise, 64, 0, 1, 72, 3600, 59437, 79753, 62159
  result is correct!
