! 58, isa, 64, 0, 1, 8, 464, 870, 22127, 910
  result is correct!
! 58, isa, 64, 0, 1, 12, 696, 1657, 22592, 1738
  result is correct!
! 58, isa, 64, 0, 1, 16, 928, 2701, 23752, 2842
  result is correct!
! 58, isa, 64, 0, 1, 20, 1160, 3975, 82205, 4248
  result is correct!
! 58, isa, 64, 0, 1, 24, 1392, 5508, 26506, 5731
  result is correct!
! 58, isa, 64, 0, 1, 28, 1624, 7295, 28309, 7622
  result is correct!
! 58, isa, 64, 0, 1, 32, 1856, 9336, 30829, 9746
  result is correct!
! 58, isa, 64, 0, 1, 36, 2088, 11631, 32657, 12163
  result is correct!
! 58, isa, 64, 0, 1, 40, 2320, 14180, 76693, 14877
  result is correct!
! 58, isa, 64, 0, 1, 44, 2552, 16983, 37846, 17742
  result is correct!
! 58, isa, 64, 0, 1, 48, 2784, 20040, 81384, 20974
  result is correct!
! 58, isa, 64, 0, 1, 52, 3016, 23351, 167914, 24519
  result is correct!
! 58, isa, 64, 0, 1, 56, 3248, 26916, 171148, 28229
  result is correct!
! 58, isa, 64, 0, 1, 60, 3480, 30735, 91269, 32123
  result is correct!
! 58, isa, 64, 0, 1, 64, 3712, 34808, 181597, 36531
  result is correct!
! 58, isa, 64, 0, 1, 68, 3944, 39135, 181453, 41034
  result is correct!
! 58, isa, 64, 0, 1, 72, 4176, 43716, 185376, 45815
  result is correct!
