! 55, ise, 64, 0, 1, 8, 440, 505, 534, 555
  result is correct!
! 55, ise, 64, 0, 1, 12, 660, 871, 900, 943
  result is correct!
! 55, ise, 64, 0, 1, 16, 880, 1329, 1360, 1423
  result is correct!
! 55, ise, 64, 0, 1, 20, 1100, 1866, 1897, 1979
  result is correct!
! 55, ise, 64, 0, 1, 24, 1320, 2504, 2535, 2664
  result is correct!
! 55, ise, 64, 0, 1, 28, 1540, 3238, 3269, 3561
  result is correct!
! 55, ise, 64, 0, 1, 32, 1760, 4068, 4099, 4263
  result is correct!
! 55, ise, 64, 0, 1, 36, 1980, 4994, 5025, 5230
  result is correct!
! 55, ise, 64, 0, 1, 40, 2200, 6016, 6047, 6315
  result is correct!
! 55, ise, 64, 0, 1, 44, 2420, 7134, 7165, 7475
  result is correct!
! 55, ise, 64, 0, 1, 48, 2640, 8348, 8379, 8728
  result is correct!
! 55, ise, 64, 0, 1, 52, 2860, 9659, 9689, 10104
  result is correct!
! 55, ise, 64, 0, 1, 56, 3080, 11064, 11095, 11709
  result is correct!
! 55, ise, 64, 0, 1, 60, 3300, 12566, 12597, 13136
  result is correct!
! 55, ise, 64, 0, 1, 64, 3520, 14164, 14195, 14949
  result is correct!
! 55, ise, 64, 0, 1, 68, 3740, 15858, 15889, 16623
  result is correct!
! 55, ise, 64, 0, 1, 72, 3960, 17648, 17679, 18440
  result is correct!
