! 52, isa, 64, 0, 1, 8, 416, 870, 23088, 932
  result is correct!
! 52, isa, 64, 0, 1, 12, 624, 1656, 31268, 1772
  result is correct!
! 52, isa, 64, 0, 1, 16, 832, 2701, 23945, 2822
  result is correct!
! 52, isa, 64, 0, 1, 20, 1040, 3975, 25322, 4158
  result is correct!
! 52, isa, 64, 0, 1, 24, 1248, 5508, 26656, 5774
  result is correct!
! 52, isa, 64, 0, 1, 28, 1456, 7295, 28533, 7626
  result is correct!
! 52, isa, 64, 0, 1, 32, 1664, 9336, 31204, 9771
  result is correct!
! 52, isa, 64, 0, 1, 36, 1872, 11631, 32811, 12147
  result is correct!
! 52, isa, 64, 0, 1, 40, 2080, 14180, 35459, 14823
  result is correct!
! 52, isa, 64, 0, 1, 44, 2288, 16983, 79306, 17784
  result is correct!
! 52, isa, 64, 0, 1, 48, 2496, 20040, 166335, 21149
  result is correct!
! 52, isa, 64, 0, 1, 52, 2704, 23351, 167540, 24530
  result is correct!
! 52, isa, 64, 0, 1, 56, 2912, 26916, 171282, 28314
  result is correct!
! 52, isa, 64, 0, 1, 60, 3120, 30735, 101900, 32156
  result is correct!
! 52, isa, 64, 0, 1, 64, 3328, 34808, 177883, 36490
  result is correct!
! 52, isa, 64, 0, 1, 68, 3536, 39135, 183323, 41057
  result is correct!
! 52, isa, 64, 0, 1, 72, 3744, 43716, 185962, 45845
  result is correct!
