! 60, isa, 64, 0, 1, 8, 480, 1207, 21690, 1252
  result is correct!
! 60, isa, 64, 0, 1, 12, 720, 2472, 22780, 2576
  result is correct!
! 60, isa, 64, 0, 1, 16, 960, 4188, 25370, 4350
  result is correct!
! 60, isa, 64, 0, 1, 20, 1200, 6344, 153818, 6749
  result is correct!
! 60, isa, 64, 0, 1, 24, 1440, 8952, 29319, 9336
  result is correct!
! 60, isa, 64, 0, 1, 28, 1680, 12008, 80958, 12574
  result is correct!
! 60, isa, 64, 0, 1, 32, 1920, 15512, 35703, 16154
  result is correct!
! 60, isa, 64, 0, 1, 36, 2160, 19464, 160533, 20421
  result is correct!
! 60, isa, 64, 0, 1, 40, 2400, 23864, 164954, 25001
  result is correct!
! 60, isa, 64, 0, 1, 44, 2640, 28712, 169463, 30048
  result is correct!
! 60, isa, 64, 0, 1, 48, 2880, 34008, 91973, 35483
  result is correct!
! 60, isa, 64, 0, 1, 52, 3120, 39752, 178387, 41549
  result is correct!
! 60, isa, 64, 0, 1, 56, 3360, 45944, 184560, 48052
  result is correct!
! 60, isa, 64, 0, 1, 60, 3600, 52584, 190296, 54974
  result is correct!
! 60, isa, 64, 0, 1, 64, 3840, 59672, 198136, 62357
  result is correct!
! 60, isa, 64, 0, 1, 68, 4080, 67208, 205654, 70306
  result is correct!
! 60, isa, 64, 0, 1, 72, 4320, 75192, 215061, 78576
  result is correct!
