! 54, ise, 64, 0, 1, 8, 432, 506, 22468, 561
  result is correct!
! 54, ise, 64, 0, 1, 12, 648, 867, 22663, 936
  result is correct!
! 54, ise, 64, 0, 1, 16, 864, 1333, 22571, 1423
  result is correct!
! 54, ise, 64, 0, 1, 20, 1080, 1870, 22904, 1979
  result is correct!
! 54, ise, 64, 0, 1, 24, 1296, 2508, 23457, 2659
  result is correct!
! 54, ise, 64, 0, 1, 28, 1512, 3242, 24173, 3393
  result is correct!
! 54, ise, 64, 0, 1, 32, 1728, 4072, 25620, 4286
  result is correct!
! 54, ise, 64, 0, 1, 36, 1944, 4998, 25783, 5251
  result is correct!
! 54, ise, 64, 0, 1, 40, 2160, 6020, 26748, 6314
  result is correct!
! 54, ise, 64, 0, 1, 44, 2376, 7138, 28175, 7474
  result is correct!
! 54, ise, 64, 0, 1, 48, 2592, 8352, 80020, 8794
  result is correct!
! 54, ise, 64, 0, 1, 52, 2808, 9662, 40297, 10116
  result is correct!
! 54, ise, 64, 0, 1, 56, 3024, 11068, 73285, 11623
  result is correct!
! 54, ise, 64, 0, 1, 60, 3240, 12570, 156419, 13291
  result is correct!
! 54, ise, 64, 0, 1, 64, 3456, 14168, 76569, 14871
  result is correct!
! 54, ise, 64, 0, 1, 68, 3672, 15862, 36717, 16568
  result is correct!
! 54, ise, 64, 0, 1, 72, 3888, 17652, 161516, 18580
  result is correct!
