! 51, ise, 64, 0, 1, 8, 408, 1005, 1005, 1046
  result is correct!
! 51, ise, 64, 0, 1, 12, 612, 2017, 2017, 2119
  result is correct!
! 51, ise, 64, 0, 1, 16, 816, 3381, 3381, 3687
  result is correct!
! 51, ise, 64, 0, 1, 20, 1020, 5097, 5097, 5320
  result is correct!
! 51, ise, 64, 0, 1, 24, 1224, 7165, 7165, 7470
  result is correct!
! 51, ise, 64, 0, 1, 28, 1428, 9585, 9585, 9991
  result is correct!
! 51, ise, 64, 0, 1, 32, 1632, 12357, 12357, 12885
  result is correct!
! 51, ise, 64, 0, 1, 36, 1836, 15481, 15481, 16337
  result is correct!
! 51, ise, 64, 0, 1, 40, 2040, 18957, 18957, 19751
  result is correct!
! 51, ise, 64, 0, 1, 44, 2244, 22785, 22785, 23761
  result is correct!
! 51, ise, 64, 0, 1, 48, 2448, 26965, 26965, 28152
  result is correct!
! 51, ise, 64, 0, 1, 52, 2652, 31497, 31497, 33020
  result is correct!
! 51, ise, 64, 0, 1, 56, 2856, 36381, 36381, 38059
  result is correct!
! 51, ise, 64, 0, 1, 60, 3060, 41617, 41617, 43568
  result is correct!
! 51, ise, 64, 0, 1, 64, 3264, 47205, 47205, 49448
  result is correct!
! 51, ise, 64, 0, 1, 68, 3468, 53145, 53145, 55684
  result is correct!
! 51, ise, 64, 0, 1, 72, 3672, 59437, 59437, 62160
  result is correct!
