! 57, ise, 64, 0, 1, 8, 456, 1005, 1005, 1046
  result is correct!
! 57, ise, 64, 0, 1, 12, 684, 2017, 2017, 2098
  result is correct!
! 57, ise, 64, 0, 1, 16, 912, 3381, 3381, 3523
  result is correct!
! 57, ise, 64, 0, 1, 20, 1140, 5097, 5097, 5465
  result is correct!
! 57, ise, 64, 0, 1, 24, 1368, 7165, 7165, 7469
  result is correct!
! 57, ise, 64, 0, 1, 28, 1596, 9585, 9585, 9992
  result is correct!
! 57, ise, 64, 0, 1, 32, 1824, 12357, 12357, 13019
  result is correct!
! 57, ise, 64, 0, 1, 36, 2052, 15481, 15481, 16273
  result is correct!
! 57, ise, 64, 0, 1, 40, 2280, 18957, 18957, 19819
  result is correct!
! 57, ise, 64, 0, 1, 44, 2508, 22785, 22785, 23740
  result is correct!
! 57, ise, 64, 0, 1, 48, 2736, 26965, 26965, 28106
  result is correct!
! 57, ise, 64, 0, 1, 52, 2964, 31497, 31497, 32868
  result is correct!
! 57, ise, 64, 0, 1, 56, 3192, 36381, 36381, 38108
  result is correct!
! 57, ise, 64, 0, 1, 60, 3420, 41617, 41617, 43570
  result is correct!
! 57, ise, 64, 0, 1, 64, 3648, 47205, 47205, 49404
  result is correct!
! 57, ise, 64, 0, 1, 68, 3876, 53145, 53145, 55590
  result is correct!
! 57, ise, 64, 0, 1, 72, 4104, 59437, 59437, 62209
  result is correct!
