! 59, isa, 64, 0, 1, 8, 472, 1216, 1216, 1278
  result is correct!
! 59, isa, 64, 0, 1, 12, 708, 2476, 2480, 2600
  result is correct!
! 59, isa, 64, 0, 1, 16, 944, 4188, 4192, 4372
  result is correct!
! 59, isa, 64, 0, 1, 20, 1180, 6348, 6352, 6611
  result is correct!
! 59, isa, 64, 0, 1, 24, 1416, 8956, 8960, 9489
  result is correct!
! 59, isa, 64, 0, 1, 28, 1652, 12012, 12016, 12516
  result is correct!
! 59, isa, 64, 0, 1, 32, 1888, 15516, 15520, 16332
  result is correct!
! 59, isa, 64, 0, 1, 36, 2124, 19468, 19472, 20273
  result is correct!
! 59, isa, 64, 0, 1, 40, 2360, 23868, 23872, 24853
  result is correct!
! 59, isa, 64, 0, 1, 44, 2596, 28716, 28720, 30099
  result is correct!
! 59, isa, 64, 0, 1, 48, 2832, 34012, 34016, 35618
  result is correct!
! 59, isa, 64, 0, 1, 52, 3068, 39756, 39760, 41603
  result is correct!
! 59, isa, 64, 0, 1, 56, 3304, 45948, 45952, 48054
  result is correct!
! 59, isa, 64, 0, 1, 60, 3540, 52588, 82713, 55130
  result is correct!
! 59, isa, 64, 0, 1, 64, 3776, 59676, 59680, 62339
  result is correct!
! 59, isa, 64, 0, 1, 68, 4012, 67212, 67260, 70345
  result is correct!
! 59, isa, 64, 0, 1, 72, 4248, 75196, 75200, 78655
  result is correct!
