! 58, isa, 64, 0, 1, 8, 464, 1211, 21760, 1272
  result is correct!
! 58, isa, 64, 0, 1, 12, 696, 2476, 22534, 2596
  result is correct!
! 58, isa, 64, 0, 1, 16, 928, 4188, 24408, 4348
  result is correct!
! 58, isa, 64, 0, 1, 20, 1160, 6348, 158932, 6756
  result is correct!
! 58, isa, 64, 0, 1, 24, 1392, 8956, 81139, 9391
  result is correct!
! 58, isa, 64, 0, 1, 28, 1624, 12012, 32210, 12512
  result is correct!
! 58, isa, 64, 0, 1, 32, 1856, 15516, 82409, 16235
  result is correct!
! 58, isa, 64, 0, 1, 36, 2088, 19468, 162577, 20426
  result is correct!
! 58, isa, 64, 0, 1, 40, 2320, 23868, 163788, 25048
  result is correct!
! 58, isa, 64, 0, 1, 44, 2552, 28716, 172002, 30125
  result is correct!
! 58, isa, 64, 0, 1, 48, 2784, 34012, 92178, 35508
  result is correct!
! 58, isa, 64, 0, 1, 52, 3016, 39756, 178261, 41598
  result is correct!
! 58, isa, 64, 0, 1, 56, 3248, 45948, 186096, 48083
  result is correct!
! 58, isa, 64, 0, 1, 60, 3480, 52588, 199562, 54927
  result is correct!
! 58, isa, 64, 0, 1, 64, 3712, 59676, 198968, 62367
  result is correct!
! 58, isa, 64, 0, 1, 68, 3944, 67212, 206792, 70229
  result is correct!
! 58, isa, 64, 0, 1, 72, 4176, 75196, 213888, 78522
  result is correct!
