! 64, ise, 64, 0, 1, 8, 512, 522, 22672, 589
  result is correct!
! 64, ise, 64, 0, 1, 12, 768, 1050, 23027, 1158
  result is correct!
! 64, ise, 64, 0, 1, 16, 1024, 1746, 22707, 1864
  result is correct!
! 64, ise, 64, 0, 1, 20, 1280, 2632, 23645, 2791
  result is correct!
! 64, ise, 64, 0, 1, 24, 1536, 3704, 24737, 3926
  result is correct!
! 64, ise, 64, 0, 1, 28, 1792, 4962, 82140, 5314
  result is correct!
! 64, ise, 64, 0, 1, 32, 2048, 6406, 157733, 6871
  result is correct!
! 64, ise, 64, 0, 1, 36, 2304, 8036, 28926, 8420
  result is correct!
! 64, ise, 64, 0, 1, 40, 2560, 9852, 79542, 10402
  result is correct!
! 64, ise, 64, 0, 1, 44, 2816, 11854, 158022, 12567
  result is correct!
! 64, ise, 64, 0, 1, 48, 3072, 14042, 77008, 14773
  result is correct!
! 64, ise, 64, 0, 1, 52, 3328, 16438, 38474, 17199
  result is correct!
! 64, ise, 64, 0, 1, 56, 3584, 18976, 169570, 20007
  result is correct!
! 64, ise, 64, 0, 1, 60, 3840, 21722, 163871, 22870
  result is correct!
! 64, ise, 64, 0, 1, 64, 4096, 24652, 166837, 25904
  result is correct!
