! 52, isa, 64, 0, 1, 8, 416, 1212, 1216, 1276
  result is correct!
! 52, isa, 64, 0, 1, 12, 624, 2476, 2480, 2580
  result is correct!
! 52, isa, 64, 0, 1, 16, 832, 4188, 4192, 4371
  result is correct!
! 52, isa, 64, 0, 1, 20, 1040, 6348, 6352, 6611
  result is correct!
! 52, isa, 64, 0, 1, 24, 1248, 8956, 8960, 9511
  result is correct!
! 52, isa, 64, 0, 1, 28, 1456, 12012, 12016, 12513
  result is correct!
! 52, isa, 64, 0, 1, 32, 1664, 15516, 15520, 16335
  result is correct!
! 52, isa, 64, 0, 1, 36, 1872, 19468, 19472, 20478
  result is correct!
! 52, isa, 64, 0, 1, 40, 2080, 23868, 23872, 25041
  result is correct!
! 52, isa, 64, 0, 1, 44, 2288, 28716, 28720, 30126
  result is correct!
! 52, isa, 64, 0, 1, 48, 2496, 34012, 34016, 35583
  result is correct!
! 52, isa, 64, 0, 1, 52, 2704, 39756, 39760, 41666
  result is correct!
! 52, isa, 64, 0, 1, 56, 2912, 45948, 45952, 47963
  result is correct!
! 52, isa, 64, 0, 1, 60, 3120, 52588, 52592, 54972
  result is correct!
! 52, isa, 64, 0, 1, 64, 3328, 59676, 59680, 62409
  result is correct!
! 52, isa, 64, 0, 1, 68, 3536, 67212, 87169, 70347
  result is correct!
! 52, isa, 64, 0, 1, 72, 3744, 75196, 102153, 78718
  result is correct!
