! 51, ise, 64, 0, 1, 8, 408, 507, 25882, 564
  result is correct!
! 51, ise, 64, 0, 1, 12, 612, 867, 22736, 936
  result is correct!
! 51, ise, 64, 0, 1, 16, 816, 1333, 22488, 1422
  result is correct!
! 51, ise, 64, 0, 1, 20, 1020, 1870, 23416, 1980
  result is correct!
! 51, ise, 64, 0, 1, 24, 1224, 2508, 23316, 2638
  result is correct!
! 51, ise, 64, 0, 1, 28, 1428, 3242, 24355, 3414
  result is correct!
! 51, ise, 64, 0, 1, 32, 1632, 4072, 24968, 4264
  result is correct!
! 51, ise, 64, 0, 1, 36, 1836, 4998, 25921, 5231
  result is correct!
! 51, ise, 64, 0, 1, 40, 2040, 6020, 75535, 6345
  result is correct!
! 51, ise, 64, 0, 1, 44, 2244, 7138, 27929, 7474
  result is correct!
! 51, ise, 64, 0, 1, 48, 2448, 8352, 29353, 8750
  result is correct!
! 51, ise, 64, 0, 1, 52, 2652, 9662, 68823, 10172
  result is correct!
! 51, ise, 64, 0, 1, 56, 2856, 11068, 32234, 11571
  result is correct!
! 51, ise, 64, 0, 1, 60, 3060, 12570, 158441, 13345
  result is correct!
! 51, ise, 64, 0, 1, 64, 3264, 14168, 35382, 14815
  result is correct!
! 51, ise, 64, 0, 1, 68, 3468, 15862, 76651, 16620
  result is correct!
! 51, ise, 64, 0, 1, 72, 3672, 17652, 163687, 18657
  result is correct!
