! 54, ise, 64, 0, 1, 8, 432, 1005, 22152, 1046
  result is correct!
! 54, ise, 64, 0, 1, 12, 648, 2018, 22695, 2079
  result is correct!
! 54, ise, 64, 0, 1, 16, 864, 3382, 23885, 3524
  result is correct!
! 54, ise, 64, 0, 1, 20, 1080, 5098, 81806, 5390
  result is correct!
! 54, ise, 64, 0, 1, 24, 1296, 7166, 27756, 7470
  result is correct!
! 54, ise, 64, 0, 1, 28, 1512, 9586, 30281, 9992
  result is correct!
! 54, ise, 64, 0, 1, 32, 1728, 12358, 40914, 12900
  result is correct!
! 54, ise, 64, 0, 1, 36, 1944, 15482, 36608, 16135
  result is correct!
! 54, ise, 64, 0, 1, 40, 2160, 18958, 161092, 19906
  result is correct!
! 54, ise, 64, 0, 1, 44, 2376, 22786, 166700, 23956
  result is correct!
! 54, ise, 64, 0, 1, 48, 2592, 26966, 166637, 28263
  result is correct!
! 54, ise, 64, 0, 1, 52, 2808, 31498, 173802, 33031
  result is correct!
! 54, ise, 64, 0, 1, 56, 3024, 36382, 96638, 37977
  result is correct!
! 54, ise, 64, 0, 1, 60, 3240, 41618, 181750, 43592
  result is correct!
! 54, ise, 64, 0, 1, 64, 3456, 47206, 187466, 49405
  result is correct!
! 54, ise, 64, 0, 1, 68, 3672, 53146, 191766, 55584
  result is correct!
! 54, ise, 64, 0, 1, 72, 3888, 59438, 207068, 62293
  result is correct!
