! 53, ise, 64, 0, 1, 8, 424, 506, 21919, 561
  result is correct!
! 53, ise, 64, 0, 1, 12, 636, 867, 22406, 936
  result is correct!
! 53, ise, 64, 0, 1, 16, 848, 1333, 22428, 1422
  result is correct!
! 53, ise, 64, 0, 1, 20, 1060, 1870, 22739, 1979
  result is correct!
! 53, ise, 64, 0, 1, 24, 1272, 2508, 23378, 2659
  result is correct!
! 53, ise, 64, 0, 1, 28, 1484, 3242, 24329, 3393
  result is correct!
! 53, ise, 64, 0, 1, 32, 1696, 4072, 24790, 4283
  result is correct!
! 53, ise, 64, 0, 1, 36, 1908, 4998, 26121, 5232
  result is correct!
! 53, ise, 64, 0, 1, 40, 2120, 6020, 34491, 6307
  result is correct!
! 53, ise, 64, 0, 1, 44, 2332, 7138, 28756, 7474
  result is correct!
! 53, ise, 64, 0, 1, 48, 2544, 8352, 29307, 8728
  result is correct!
! 53, ise, 64, 0, 1, 52, 2756, 9662, 69307, 10173
  result is correct!
! 53, ise, 64, 0, 1, 56, 2968, 11068, 73806, 11621
  result is correct!
! 53, ise, 64, 0, 1, 60, 3180, 12570, 160135, 13276
  result is correct!
! 53, ise, 64, 0, 1, 64, 3392, 14168, 42519, 14824
  result is correct!
! 53, ise, 64, 0, 1, 68, 3604, 15862, 37341, 16569
  result is correct!
! 53, ise, 64, 0, 1, 72, 3816, 17652, 158554, 18578
  result is correct!
