! 57, ise, 64, 0, 1, 8, 456, 499, 534, 556
  result is correct!
! 57, ise, 64, 0, 1, 12, 684, 870, 900, 942
  result is correct!
! 57, ise, 64, 0, 1, 16, 912, 1329, 1360, 1422
  result is correct!
! 57, ise, 64, 0, 1, 20, 1140, 1866, 1897, 1979
  result is correct!
! 57, ise, 64, 0, 1, 24, 1368, 2504, 2535, 2637
  result is correct!
! 57, ise, 64, 0, 1, 28, 1596, 3238, 3269, 3412
  result is correct!
! 57, ise, 64, 0, 1, 32, 1824, 4068, 4099, 4315
  result is correct!
! 57, ise, 64, 0, 1, 36, 2052, 4994, 5025, 5252
  result is correct!
! 57, ise, 64, 0, 1, 40, 2280, 6016, 6047, 6314
  result is correct!
! 57, ise, 64, 0, 1, 44, 2508, 7134, 7165, 7474
  result is correct!
! 57, ise, 64, 0, 1, 48, 2736, 8348, 8379, 8808
  result is correct!
! 57, ise, 64, 0, 1, 52, 2964, 9658, 9689, 10101
  result is correct!
! 57, ise, 64, 0, 1, 56, 3192, 11064, 11095, 11751
  result is correct!
! 57, ise, 64, 0, 1, 60, 3420, 12566, 12597, 13114
  result is correct!
! 57, ise, 64, 0, 1, 64, 3648, 14164, 14195, 14966
  result is correct!
! 57, ise, 64, 0, 1, 68, 3876, 15858, 15889, 16570
  result is correct!
! 57, ise, 64, 0, 1, 72, 4104, 17648, 17679, 18441
  result is correct!
