! 55, ise, 64, 0, 1, 8, 440, 1005, 22021, 1046
  result is correct!
! 55, ise, 64, 0, 1, 12, 660, 2018, 22500, 2099
  result is correct!
! 55, ise, 64, 0, 1, 16, 880, 3382, 24229, 3525
  result is correct!
! 55, ise, 64, 0, 1, 20, 1100, 5098, 25764, 5323
  result is correct!
! 55, ise, 64, 0, 1, 24, 1320, 7166, 27798, 7472
  result is correct!
! 55, ise, 64, 0, 1, 28, 1540, 9586, 30233, 9993
  result is correct!
! 55, ise, 64, 0, 1, 32, 1760, 12358, 83559, 12952
  result is correct!
! 55, ise, 64, 0, 1, 36, 1980, 15482, 36146, 16135
  result is correct!
! 55, ise, 64, 0, 1, 40, 2200, 18958, 159853, 19906
  result is correct!
! 55, ise, 64, 0, 1, 44, 2420, 22786, 164139, 23910
  result is correct!
! 55, ise, 64, 0, 1, 48, 2640, 26966, 166125, 28239
  result is correct!
! 55, ise, 64, 0, 1, 52, 2860, 31498, 172729, 33021
  result is correct!
! 55, ise, 64, 0, 1, 56, 3080, 36382, 95275, 37957
  result is correct!
! 55, ise, 64, 0, 1, 60, 3300, 41618, 181369, 43571
  result is correct!
! 55, ise, 64, 0, 1, 64, 3520, 47206, 186552, 49405
  result is correct!
! 55, ise, 64, 0, 1, 68, 3740, 53146, 192316, 55596
  result is correct!
! 55, ise, 64, 0, 1, 72, 3960, 59438, 198704, 62277
  result is correct!
