! 57, isa, 64, 0, 1, 8, 456, 1212, 1216, 1276
  result is correct!
! 57, isa, 64, 0, 1, 12, 684, 2476, 2480, 2580
  result is correct!
! 57, isa, 64, 0, 1, 16, 912, 4188, 4192, 4372
  result is correct!
! 57, isa, 64, 0, 1, 20, 1140, 6348, 6352, 6700
  result is correct!
! 57, isa, 64, 0, 1, 24, 1368, 8956, 8960, 9483
  result is correct!
! 57, isa, 64, 0, 1, 28, 1596, 12012, 12016, 12511
  result is correct!
! 57, isa, 64, 0, 1, 32, 1824, 15516, 15520, 16314
  result is correct!
! 57, isa, 64, 0, 1, 36, 2052, 19468, 19472, 20272
  result is correct!
! 57, isa, 64, 0, 1, 40, 2280, 23868, 23872, 24898
  result is correct!
! 57, isa, 64, 0, 1, 44, 2508, 28716, 28720, 30048
  result is correct!
! 57, isa, 64, 0, 1, 48, 2736, 34012, 34016, 35618
  result is correct!
! 57, isa, 64, 0, 1, 52, 2964, 39756, 39760, 41602
  result is correct!
! 57, isa, 64, 0, 1, 56, 3192, 45948, 45952, 48052
  result is correct!
! 57, isa, 64, 0, 1, 60, 3420, 52588, 52592, 55165
  result is correct!
! 57, isa, 64, 0, 1, 64, 3648, 59676, 59680, 62340
  result is correct!
! 57, isa, 64, 0, 1, 68, 3876, 67212, 87019, 70318
  result is correct!
! 57, isa, 64, 0, 1, 72, 4104, 75196, 75200, 78702
  result is correct!
