! 50, ise, 64, 0, 1, 8, 400, 511, 22488, 562
  result is correct!
! 50, ise, 64, 0, 1, 12, 600, 867, 22870, 915
  result is correct!
! 50, ise, 64, 0, 1, 16, 800, 1333, 23074, 1423
  result is correct!
! 50, ise, 64, 0, 1, 20, 1000, 1870, 23120, 1980
  result is correct!
! 50, ise, 64, 0, 1, 24, 1200, 2508, 23413, 2638
  result is correct!
! 50, ise, 64, 0, 1, 28, 1400, 3242, 24026, 3413
  result is correct!
! 50, ise, 64, 0, 1, 32, 1600, 4072, 24784, 4262
  result is correct!
! 50, ise, 64, 0, 1, 36, 1800, 4998, 161063, 5397
  result is correct!
! 50, ise, 64, 0, 1, 40, 2000, 6020, 26943, 6273
  result is correct!
! 50, ise, 64, 0, 1, 44, 2200, 7138, 28007, 7474
  result is correct!
! 50, ise, 64, 0, 1, 48, 2400, 8352, 29203, 8748
  result is correct!
! 50, ise, 64, 0, 1, 52, 2600, 9662, 32384, 10104
  result is correct!
! 50, ise, 64, 0, 1, 56, 2800, 11068, 32105, 11572
  result is correct!
! 50, ise, 64, 0, 1, 60, 3000, 12570, 168001, 13304
  result is correct!
! 50, ise, 64, 0, 1, 64, 3200, 14168, 35149, 14815
  result is correct!
! 50, ise, 64, 0, 1, 68, 3400, 15862, 36819, 16569
  result is correct!
! 50, ise, 64, 0, 1, 72, 3600, 17652, 159599, 18654
  result is correct!
