! 58, ise, 64, 0, 1, 8, 464, 504, 538, 557
  result is correct!
! 58, ise, 64, 0, 1, 12, 696, 863, 893, 935
  result is correct!
! 58, ise, 64, 0, 1, 16, 928, 1329, 1359, 1420
  result is correct!
! 58, ise, 64, 0, 1, 20, 1160, 1866, 1896, 1957
  result is correct!
! 58, ise, 64, 0, 1, 24, 1392, 2504, 2534, 2657
  result is correct!
! 58, ise, 64, 0, 1, 28, 1624, 3238, 3238, 3411
  result is correct!
! 58, ise, 64, 0, 1, 32, 1856, 4068, 4098, 4263
  result is correct!
! 58, ise, 64, 0, 1, 36, 2088, 4994, 5024, 5294
  result is correct!
! 58, ise, 64, 0, 1, 40, 2320, 6016, 6046, 6314
  result is correct!
! 58, ise, 64, 0, 1, 44, 2552, 7134, 7164, 7472
  result is correct!
! 58, ise, 64, 0, 1, 48, 2784, 8348, 8378, 8728
  result is correct!
! 58, ise, 64, 0, 1, 52, 3016, 9658, 9688, 10096
  result is correct!
! 58, ise, 64, 0, 1, 56, 3248, 11064, 11094, 11708
  result is correct!
! 58, ise, 64, 0, 1, 60, 3480, 12566, 12596, 13175
  result is correct!
! 58, ise, 64, 0, 1, 64, 3712, 14164, 14194, 14956
  result is correct!
