! 54, isa, 64, 0, 1, 8, 432, 1211, 21900, 1272
  result is correct!
! 54, isa, 64, 0, 1, 12, 648, 2476, 79125, 2666
  result is correct!
! 54, isa, 64, 0, 1, 16, 864, 4188, 24686, 4350
  result is correct!
! 54, isa, 64, 0, 1, 20, 1080, 6348, 156886, 6758
  result is correct!
! 54, isa, 64, 0, 1, 24, 1296, 8956, 29587, 9342
  result is correct!
! 54, isa, 64, 0, 1, 28, 1512, 12012, 32458, 12518
  result is correct!
! 54, isa, 64, 0, 1, 32, 1728, 15516, 72360, 16230
  result is correct!
! 54, isa, 64, 0, 1, 36, 1944, 19468, 165205, 20420
  result is correct!
! 54, isa, 64, 0, 1, 40, 2160, 23868, 163943, 24994
  result is correct!
! 54, isa, 64, 0, 1, 44, 2376, 28716, 170528, 30444
  result is correct!
! 54, isa, 64, 0, 1, 48, 2592, 34012, 101616, 35513
  result is correct!
! 54, isa, 64, 0, 1, 52, 2808, 39756, 180008, 41602
  result is correct!
! 54, isa, 64, 0, 1, 56, 3024, 45948, 185003, 48075
  result is correct!
! 54, isa, 64, 0, 1, 60, 3240, 52588, 190628, 54999
  result is correct!
! 54, isa, 64, 0, 1, 64, 3456, 59676, 198017, 62387
  result is correct!
! 54, isa, 64, 0, 1, 68, 3672, 67212, 205754, 70257
  result is correct!
! 54, isa, 64, 0, 1, 72, 3888, 75196, 219515, 78564
  result is correct!
