! 55, isa, 64, 0, 1, 8, 440, 1211, 21697, 1251
  result is correct!
! 55, isa, 64, 0, 1, 12, 660, 2476, 22671, 2575
  result is correct!
! 55, isa, 64, 0, 1, 16, 880, 4188, 24389, 4328
  result is correct!
! 55, isa, 64, 0, 1, 20, 1100, 6348, 159970, 6758
  result is correct!
! 55, isa, 64, 0, 1, 24, 1320, 8956, 82333, 9401
  result is correct!
! 55, isa, 64, 0, 1, 28, 1540, 12012, 32208, 12511
  result is correct!
! 55, isa, 64, 0, 1, 32, 1760, 15516, 36088, 16177
  result is correct!
! 55, isa, 64, 0, 1, 36, 1980, 19468, 163279, 20475
  result is correct!
! 55, isa, 64, 0, 1, 40, 2200, 23868, 167624, 25077
  result is correct!
! 55, isa, 64, 0, 1, 44, 2420, 28716, 171557, 30102
  result is correct!
! 55, isa, 64, 0, 1, 48, 2640, 34012, 89056, 35475
  result is correct!
! 55, isa, 64, 0, 1, 52, 2860, 39756, 187171, 41555
  result is correct!
! 55, isa, 64, 0, 1, 56, 3080, 45948, 184696, 48074
  result is correct!
! 55, isa, 64, 0, 1, 60, 3300, 52588, 192259, 54970
  result is correct!
! 55, isa, 64, 0, 1, 64, 3520, 59676, 199415, 62453
  result is correct!
! 55, isa, 64, 0, 1, 68, 3740, 67212, 206856, 70194
  result is correct!
! 55, isa, 64, 0, 1, 72, 3960, 75196, 213388, 78547
  result is correct!
