! 53, isa, 64, 0, 1, 8, 424, 866, 889, 931
  result is correct!
! 53, isa, 64, 0, 1, 12, 636, 1653, 1676, 1739
  result is correct!
! 53, isa, 64, 0, 1, 16, 848, 2697, 2717, 2841
  result is correct!
! 53, isa, 64, 0, 1, 20, 1060, 3971, 3991, 4177
  result is correct!
! 53, isa, 64, 0, 1, 24, 1272, 5504, 5524, 5772
  result is correct!
! 53, isa, 64, 0, 1, 28, 1484, 7291, 7311, 7623
  result is correct!
! 53, isa, 64, 0, 1, 32, 1696, 9332, 9352, 9745
  result is correct!
! 53, isa, 64, 0, 1, 36, 1908, 11627, 11647, 12286
  result is correct!
! 53, isa, 64, 0, 1, 40, 2120, 14176, 14196, 14815
  result is correct!
! 53, isa, 64, 0, 1, 44, 2332, 16979, 16999, 17939
  result is correct!
! 53, isa, 64, 0, 1, 48, 2544, 20036, 20056, 21172
  result is correct!
! 53, isa, 64, 0, 1, 52, 2756, 23347, 23367, 24523
  result is correct!
! 53, isa, 64, 0, 1, 56, 2968, 26912, 26932, 28241
  result is correct!
! 53, isa, 64, 0, 1, 60, 3180, 30731, 30751, 32231
  result is correct!
! 53, isa, 64, 0, 1, 64, 3392, 34804, 34824, 36336
  result is correct!
! 53, isa, 64, 0, 1, 68, 3604, 39131, 39151, 41090
  result is correct!
! 53, isa, 64, 0, 1, 72, 3816, 43712, 43732, 45807
  result is correct!
