! 56, isa, 64, 0, 1, 8, 448, 866, 889, 911
  result is correct!
! 56, isa, 64, 0, 1, 12, 672, 1653, 1676, 1759
  result is correct!
! 56, isa, 64, 0, 1, 16, 896, 2697, 2717, 2822
  result is correct!
! 56, isa, 64, 0, 1, 20, 1120, 3971, 3991, 4157
  result is correct!
! 56, isa, 64, 0, 1, 24, 1344, 5504, 5524, 5772
  result is correct!
! 56, isa, 64, 0, 1, 28, 1568, 7291, 7311, 7657
  result is correct!
! 56, isa, 64, 0, 1, 32, 1792, 9332, 9352, 9829
  result is correct!
! 56, isa, 64, 0, 1, 36, 2016, 11627, 11647, 12290
  result is correct!
! 56, isa, 64, 0, 1, 40, 2240, 14176, 14196, 14870
  result is correct!
! 56, isa, 64, 0, 1, 44, 2464, 16979, 16999, 17887
  result is correct!
! 56, isa, 64, 0, 1, 48, 2688, 20036, 20056, 21065
  result is correct!
! 56, isa, 64, 0, 1, 52, 2912, 23347, 23460, 24517
  result is correct!
! 56, isa, 64, 0, 1, 56, 3136, 26912, 26932, 28252
  result is correct!
! 56, isa, 64, 0, 1, 60, 3360, 30731, 30751, 32285
  result is correct!
! 56, isa, 64, 0, 1, 64, 3584, 34804, 34824, 36385
  result is correct!
! 56, isa, 64, 0, 1, 68, 3808, 39131, 39151, 41047
  result is correct!
! 56, isa, 64, 0, 1, 72, 4032, 43712, 43732, 45876
  result is correct!
