! 56, ise, 64, 0, 1, 8, 448, 1005, 21972, 1046
  result is correct!
! 56, ise, 64, 0, 1, 12, 672, 2018, 22831, 2100
  result is correct!
! 56, ise, 64, 0, 1, 16, 896, 3382, 24006, 3524
  result is correct!
! 56, ise, 64, 0, 1, 20, 1120, 5098, 25577, 5321
  result is correct!
! 56, ise, 64, 0, 1, 24, 1344, 7166, 82449, 7536
  result is correct!
! 56, ise, 64, 0, 1, 28, 1568, 9586, 30182, 9994
  result is correct!
! 56, ise, 64, 0, 1, 32, 1792, 12358, 33526, 12867
  result is correct!
! 56, ise, 64, 0, 1, 36, 2016, 15482, 36095, 16133
  result is correct!
! 56, ise, 64, 0, 1, 40, 2240, 18958, 158582, 19957
  result is correct!
! 56, ise, 64, 0, 1, 44, 2464, 22786, 162704, 23949
  result is correct!
! 56, ise, 64, 0, 1, 48, 2688, 26966, 168194, 28359
  result is correct!
! 56, ise, 64, 0, 1, 52, 2912, 31498, 171783, 32974
  result is correct!
! 56, ise, 64, 0, 1, 56, 3136, 36382, 95006, 37977
  result is correct!
! 56, ise, 64, 0, 1, 60, 3360, 41618, 180071, 43567
  result is correct!
! 56, ise, 64, 0, 1, 64, 3584, 47206, 186674, 49391
  result is correct!
! 56, ise, 64, 0, 1, 68, 3808, 53146, 191877, 55584
  result is correct!
! 56, ise, 64, 0, 1, 72, 4032, 59438, 199016, 62133
  result is correct!
