! 53, ise, 64, 0, 1, 8, 424, 1005, 22406, 1067
  result is correct!
! 53, ise, 64, 0, 1, 12, 636, 2018, 22888, 2100
  result is correct!
! 53, ise, 64, 0, 1, 16, 848, 3382, 78934, 3611
  result is correct!
! 53, ise, 64, 0, 1, 20, 1060, 5098, 25748, 5323
  result is correct!
! 53, ise, 64, 0, 1, 24, 1272, 7166, 27914, 7473
  result is correct!
! 53, ise, 64, 0, 1, 28, 1484, 9586, 30947, 9995
  result is correct!
! 53, ise, 64, 0, 1, 32, 1696, 12358, 33174, 12869
  result is correct!
! 53, ise, 64, 0, 1, 36, 1908, 15482, 74210, 16184
  result is correct!
! 53, ise, 64, 0, 1, 40, 2120, 18958, 164198, 19916
  result is correct!
! 53, ise, 64, 0, 1, 44, 2332, 22786, 162129, 23942
  result is correct!
! 53, ise, 64, 0, 1, 48, 2544, 26966, 167832, 28279
  result is correct!
! 53, ise, 64, 0, 1, 52, 2756, 31498, 171344, 33027
  result is correct!
! 53, ise, 64, 0, 1, 56, 2968, 36382, 56976, 37925
  result is correct!
! 53, ise, 64, 0, 1, 60, 3180, 41618, 181720, 43570
  result is correct!
! 53, ise, 64, 0, 1, 64, 3392, 47206, 196180, 49355
  result is correct!
! 53, ise, 64, 0, 1, 68, 3604, 53146, 192471, 55586
  result is correct!
! 53, ise, 64, 0, 1, 72, 3816, 59438, 198569, 62304
  result is correct!
