! 51, isa, 64, 0, 1, 8, 408, 1212, 1216, 1278
  result is correct!
! 51, isa, 64, 0, 1, 12, 612, 2476, 2480, 2582
  result is correct!
! 51, isa, 64, 0, 1, 16, 816, 4188, 4192, 4362
  result is correct!
! 51, isa, 64, 0, 1, 20, 1020, 6348, 6352, 6612
  result is correct!
! 51, isa, 64, 0, 1, 24, 1224, 8960, 8960, 9483
  result is correct!
! 51, isa, 64, 0, 1, 28, 1428, 12012, 12016, 12515
  result is correct!
! 51, isa, 64, 0, 1, 32, 1632, 15516, 15520, 16348
  result is correct!
! 51, isa, 64, 0, 1, 36, 1836, 19468, 19472, 20408
  result is correct!
! 51, isa, 64, 0, 1, 40, 2040, 23868, 23872, 24980
  result is correct!
! 51, isa, 64, 0, 1, 44, 2244, 28716, 28720, 30098
  result is correct!
! 51, isa, 64, 0, 1, 48, 2448, 34012, 34039, 35643
  result is correct!
! 51, isa, 64, 0, 1, 52, 2652, 39756, 39760, 41560
  result is correct!
! 51, isa, 64, 0, 1, 56, 2856, 45948, 45952, 47921
  result is correct!
! 51, isa, 64, 0, 1, 60, 3060, 52588, 52592, 55020
  result is correct!
! 51, isa, 64, 0, 1, 64, 3264, 59676, 79721, 62363
  result is correct!
! 51, isa, 64, 0, 1, 68, 3468, 67212, 67216, 70352
  result is correct!
! 51, isa, 64, 0, 1, 72, 3672, 75196, 75200, 78675
  result is correct!
