! 55, isa, 64, 0, 1, 8, 440, 866, 889, 932
  result is correct!
! 55, isa, 64, 0, 1, 12, 660, 1653, 1676, 1738
  result is correct!
! 55, isa, 64, 0, 1, 16, 880, 2697, 2717, 2841
  result is correct!
! 55, isa, 64, 0, 1, 20, 1100, 3971, 3991, 4179
  result is correct!
! 55, isa, 64, 0, 1, 24, 1320, 5504, 5524, 5751
  result is correct!
! 55, isa, 64, 0, 1, 28, 1540, 7291, 7311, 7601
  result is correct!
! 55, isa, 64, 0, 1, 32, 1760, 9332, 9352, 9746
  result is correct!
! 55, isa, 64, 0, 1, 36, 1980, 11627, 11647, 12303
  result is correct!
! 55, isa, 64, 0, 1, 40, 2200, 14176, 14196, 14818
  result is correct!
! 55, isa, 64, 0, 1, 44, 2420, 16979, 16999, 17881
  result is correct!
! 55, isa, 64, 0, 1, 48, 2640, 20036, 20056, 21067
  result is correct!
! 55, isa, 64, 0, 1, 52, 2860, 23347, 23367, 24523
  result is correct!
! 55, isa, 64, 0, 1, 56, 3080, 26912, 26932, 28280
  result is correct!
! 55, isa, 64, 0, 1, 60, 3300, 30731, 30751, 32220
  result is correct!
! 55, isa, 64, 0, 1, 64, 3520, 34804, 34824, 36367
  result is correct!
! 55, isa, 64, 0, 1, 68, 3740, 39131, 39151, 41036
  result is correct!
! 55, isa, 64, 0, 1, 72, 3960, 43712, 43732, 45764
  result is correct!
