! 56, isa, 64, 0, 1, 8, 448, 1212, 21484, 1252
  result is correct!
! 56, isa, 64, 0, 1, 12, 672, 2472, 22785, 2576
  result is correct!
! 56, isa, 64, 0, 1, 16, 896, 4184, 24175, 4346
  result is correct!
! 56, isa, 64, 0, 1, 20, 1120, 6344, 179843, 6778
  result is correct!
! 56, isa, 64, 0, 1, 24, 1344, 8952, 29121, 9336
  result is correct!
! 56, isa, 64, 0, 1, 28, 1568, 12008, 33143, 12513
  result is correct!
! 56, isa, 64, 0, 1, 32, 1792, 15512, 102927, 16235
  result is correct!
! 56, isa, 64, 0, 1, 36, 2016, 19464, 161777, 20425
  result is correct!
! 56, isa, 64, 0, 1, 40, 2240, 23864, 172725, 25062
  result is correct!
! 56, isa, 64, 0, 1, 44, 2464, 28712, 170090, 30110
  result is correct!
! 56, isa, 64, 0, 1, 48, 2688, 34008, 93095, 35483
  result is correct!
! 56, isa, 64, 0, 1, 52, 2912, 39752, 178401, 41599
  result is correct!
! 56, isa, 64, 0, 1, 56, 3136, 45944, 183718, 48051
  result is correct!
! 56, isa, 64, 0, 1, 60, 3360, 52584, 198662, 54981
  result is correct!
! 56, isa, 64, 0, 1, 64, 3584, 59672, 199031, 62358
  result is correct!
! 56, isa, 64, 0, 1, 68, 3808, 67208, 205152, 70240
  result is correct!
! 56, isa, 64, 0, 1, 72, 4032, 75192, 219510, 78580
  result is correct!
