! 64, isa, 64, 0, 1, 8, 512, 765, 22869, 868
  result is correct!
! 64, isa, 64, 0, 1, 12, 768, 1618, 22433, 1733
  result is correct!
! 64, isa, 64, 0, 1, 16, 1024, 2752, 23285, 2924
  result is correct!
! 64, isa, 64, 0, 1, 20, 1280, 4215, 25003, 4439
  result is correct!
! 64, isa, 64, 0, 1, 24, 1536, 5980, 26747, 6307
  result is correct!
! 64, isa, 64, 0, 1, 28, 1792, 8057, 81291, 8542
  result is correct!
! 64, isa, 64, 0, 1, 32, 2048, 10446, 31365, 10957
  result is correct!
! 64, isa, 64, 0, 1, 36, 2304, 13137, 161257, 13985
  result is correct!
! 64, isa, 64, 0, 1, 40, 2560, 16160, 77721, 16969
  result is correct!
! 64, isa, 64, 0, 1, 44, 2816, 19475, 108519, 20463
  result is correct!
! 64, isa, 64, 0, 1, 48, 3072, 23122, 44137, 24186
  result is correct!
! 64, isa, 64, 0, 1, 52, 3328, 27061, 47902, 28278
  result is correct!
! 64, isa, 64, 0, 1, 56, 3584, 31332, 52575, 32743
  result is correct!
! 64, isa, 64, 0, 1, 60, 3840, 35895, 176585, 37688
  result is correct!
! 64, isa, 64, 0, 1, 64, 4096, 40780, 102028, 42688
  result is correct!
