! 60, isa, 64, 0, 1, 8, 480, 870, 23250, 928
  result is correct!
! 60, isa, 64, 0, 1, 12, 720, 1657, 22970, 1761
  result is correct!
! 60, isa, 64, 0, 1, 16, 960, 2691, 23861, 2807
  result is correct!
! 60, isa, 64, 0, 1, 20, 1200, 3970, 160518, 4316
  result is correct!
! 60, isa, 64, 0, 1, 24, 1440, 5503, 26432, 5764
  result is correct!
! 60, isa, 64, 0, 1, 28, 1680, 7290, 83431, 7701
  result is correct!
! 60, isa, 64, 0, 1, 32, 1920, 9331, 99965, 9840
  result is correct!
! 60, isa, 64, 0, 1, 36, 2160, 11626, 81894, 12198
  result is correct!
! 60, isa, 64, 0, 1, 40, 2400, 14175, 35125, 14808
  result is correct!
! 60, isa, 64, 0, 1, 44, 2640, 16978, 79690, 17768
  result is correct!
! 60, isa, 64, 0, 1, 48, 2880, 20035, 81791, 20973
  result is correct!
! 60, isa, 64, 0, 1, 52, 3120, 23346, 169648, 24571
  result is correct!
! 60, isa, 64, 0, 1, 56, 3360, 26911, 172663, 28308
  result is correct!
! 60, isa, 64, 0, 1, 60, 3600, 30730, 100483, 32184
  result is correct!
! 60, isa, 64, 0, 1, 64, 3840, 34803, 177669, 36518
  result is correct!
! 60, isa, 64, 0, 1, 68, 4080, 39130, 194519, 40993
  result is correct!
! 60, isa, 64, 0, 1, 72, 4320, 43711, 187759, 45828
  result is correct!
