-----------------Showing intmul-rv64_isa_50_hybrid.log-----------------
! 50, isa, 64, 0, 1, 8, 400, 866, 889, 932
  result is correct!
! 50, isa, 64, 0, 1, 12, 600, 1653, 1676, 1760
  result is correct!
! 50, isa, 64, 0, 1, 16, 800, 2697, 2717, 2820
  result is correct!
! 50, isa, 64, 0, 1, 20, 1000, 3971, 3991, 4156
  result is correct!
! 50, isa, 64, 0, 1, 24, 1200, 5504, 5524, 5772
  result is correct!
! 50, isa, 64, 0, 1, 28, 1400, 7291, 7311, 7645
  result is correct!
! 50, isa, 64, 0, 1, 32, 1600, 9332, 9352, 9765
  result is correct!
! 50, isa, 64, 0, 1, 36, 1800, 11627, 11647, 12325
  result is correct!
! 50, isa, 64, 0, 1, 40, 2000, 14176, 14196, 14796
  result is correct!
! 50, isa, 64, 0, 1, 44, 2200, 16980, 16999, 17741
  result is correct!
! 50, isa, 64, 0, 1, 48, 2400, 20036, 20056, 21120
  result is correct!
! 50, isa, 64, 0, 1, 52, 2600, 23347, 23367, 24579
  result is correct!
! 50, isa, 64, 0, 1, 56, 2800, 26912, 47537, 28309
  result is correct!
! 50, isa, 64, 0, 1, 60, 3000, 30731, 30751, 32373
  result is correct!
! 50, isa, 64, 0, 1, 64, 3200, 34804, 34824, 36388
  result is correct!
! 50, isa, 64, 0, 1, 68, 3400, 39131, 39151, 41110
  result is correct!
! 50, isa, 64, 0, 1, 72, 3600, 43712, 43732, 45878
  result is correct!
-----------------Showing intmul-rv64_isa_50_simple.log-----------------
! 50, isa, 64, 0, 1, 8, 400, 1212, 1216, 1277
  result is correct!
! 50, isa, 64, 0, 1, 12, 600, 2476, 2480, 2580
  result is correct!
! 50, isa, 64, 0, 1, 16, 800, 4188, 4192, 4353
  result is correct!
! 50, isa, 64, 0, 1, 20, 1000, 6348, 6352, 6631
  result is correct!
! 50, isa, 64, 0, 1, 24, 1200, 8956, 8960, 9485
  result is correct!
! 50, isa, 64, 0, 1, 28, 1400, 12012, 12016, 12579
  result is correct!
! 50, isa, 64, 0, 1, 32, 1600, 15516, 15520, 16320
  result is correct!
! 50, isa, 64, 0, 1, 36, 1800, 19468, 19472, 20405
  result is correct!
! 50, isa, 64, 0, 1, 40, 2000, 23868, 44866, 25026
  result is correct!
! 50, isa, 64, 0, 1, 44, 2200, 28716, 28720, 30051
  result is correct!
! 50, isa, 64, 0, 1, 48, 2400, 34012, 34016, 35621
  result is correct!
! 50, isa, 64, 0, 1, 52, 2600, 39756, 39760, 41550
  result is correct!
! 50, isa, 64, 0, 1, 56, 2800, 45948, 45952, 48044
  result is correct!
! 50, isa, 64, 0, 1, 60, 3000, 52588, 52592, 54973
  result is correct!
! 50, isa, 64, 0, 1, 64, 3200, 59676, 59680, 62370
  result is correct!
! 50, isa, 64, 0, 1, 68, 3400, 67212, 67216, 70335
  result is correct!
! 50, isa, 64, 0, 1, 72, 3600, 75196, 75200, 78707
  result is correct!
-----------------Showing intmul-rv64_isa_51_hybrid.log-----------------
! 51, isa, 64, 0, 1, 8, 408, 866, 889, 931
  result is correct!
! 51, isa, 64, 0, 1, 12, 612, 1653, 1676, 1759
  result is correct!
! 51, isa, 64, 0, 1, 16, 816, 2697, 2717, 2820
  result is correct!
! 51, isa, 64, 0, 1, 20, 1020, 3971, 3991, 4158
  result is correct!
! 51, isa, 64, 0, 1, 24, 1224, 5504, 5524, 5773
  result is correct!
! 51, isa, 64, 0, 1, 28, 1428, 7291, 7311, 7642
  result is correct!
! 51, isa, 64, 0, 1, 32, 1632, 9332, 9352, 9766
  result is correct!
! 51, isa, 64, 0, 1, 36, 1836, 11627, 11647, 12283
  result is correct!
! 51, isa, 64, 0, 1, 40, 2040, 14176, 14196, 14818
  result is correct!
! 51, isa, 64, 0, 1, 44, 2244, 16979, 16999, 17883
  result is correct!
! 51, isa, 64, 0, 1, 48, 2448, 20036, 20056, 21063
  result is correct!
! 51, isa, 64, 0, 1, 52, 2652, 23347, 23367, 24533
  result is correct!
! 51, isa, 64, 0, 1, 56, 2856, 26912, 26932, 28254
  result is correct!
! 51, isa, 64, 0, 1, 60, 3060, 30731, 30751, 32233
  result is correct!
! 51, isa, 64, 0, 1, 64, 3264, 34804, 34824, 36388
  result is correct!
! 51, isa, 64, 0, 1, 68, 3468, 39131, 39205, 41057
  result is correct!
! 51, isa, 64, 0, 1, 72, 3672, 43712, 43732, 45830
  result is correct!
-----------------Showing intmul-rv64_isa_51_simple.log-----------------
! 51, isa, 64, 0, 1, 8, 408, 1212, 1216, 1278
  result is correct!
! 51, isa, 64, 0, 1, 12, 612, 2476, 2480, 2582
  result is correct!
! 51, isa, 64, 0, 1, 16, 816, 4188, 4192, 4362
  result is correct!
! 51, isa, 64, 0, 1, 20, 1020, 6348, 6352, 6612
  result is correct!
! 51, isa, 64, 0, 1, 24, 1224, 8960, 8960, 9483
  result is correct!
! 51, isa, 64, 0, 1, 28, 1428, 12012, 12016, 12515
  result is correct!
! 51, isa, 64, 0, 1, 32, 1632, 15516, 15520, 16348
  result is correct!
! 51, isa, 64, 0, 1, 36, 1836, 19468, 19472, 20408
  result is correct!
! 51, isa, 64, 0, 1, 40, 2040, 23868, 23872, 24980
  result is correct!
! 51, isa, 64, 0, 1, 44, 2244, 28716, 28720, 30098
  result is correct!
! 51, isa, 64, 0, 1, 48, 2448, 34012, 34039, 35643
  result is correct!
! 51, isa, 64, 0, 1, 52, 2652, 39756, 39760, 41560
  result is correct!
! 51, isa, 64, 0, 1, 56, 2856, 45948, 45952, 47921
  result is correct!
! 51, isa, 64, 0, 1, 60, 3060, 52588, 52592, 55020
  result is correct!
! 51, isa, 64, 0, 1, 64, 3264, 59676, 79721, 62363
  result is correct!
! 51, isa, 64, 0, 1, 68, 3468, 67212, 67216, 70352
  result is correct!
! 51, isa, 64, 0, 1, 72, 3672, 75196, 75200, 78675
  result is correct!
-----------------Showing intmul-rv64_isa_52_hybrid.log-----------------
! 52, isa, 64, 0, 1, 8, 416, 866, 889, 931
  result is correct!
! 52, isa, 64, 0, 1, 12, 624, 1653, 1676, 1758
  result is correct!
! 52, isa, 64, 0, 1, 16, 832, 2697, 2717, 2841
  result is correct!
! 52, isa, 64, 0, 1, 20, 1040, 3971, 3991, 4157
  result is correct!
! 52, isa, 64, 0, 1, 24, 1248, 5504, 5524, 5751
  result is correct!
! 52, isa, 64, 0, 1, 28, 1456, 7291, 7311, 7703
  result is correct!
! 52, isa, 64, 0, 1, 32, 1664, 9332, 9352, 9831
  result is correct!
! 52, isa, 64, 0, 1, 36, 1872, 11627, 11647, 12308
  result is correct!
! 52, isa, 64, 0, 1, 40, 2080, 14176, 14196, 14850
  result is correct!
! 52, isa, 64, 0, 1, 44, 2288, 16979, 16999, 17888
  result is correct!
! 52, isa, 64, 0, 1, 48, 2496, 20036, 20056, 21062
  result is correct!
! 52, isa, 64, 0, 1, 52, 2704, 23347, 23367, 24519
  result is correct!
! 52, isa, 64, 0, 1, 56, 2912, 26912, 47720, 28249
  result is correct!
! 52, isa, 64, 0, 1, 60, 3120, 30731, 30751, 32285
  result is correct!
! 52, isa, 64, 0, 1, 64, 3328, 34804, 34824, 36387
  result is correct!
! 52, isa, 64, 0, 1, 68, 3536, 39131, 39151, 41039
  result is correct!
! 52, isa, 64, 0, 1, 72, 3744, 43712, 43732, 45823
  result is correct!
-----------------Showing intmul-rv64_isa_52_simple.log-----------------
! 52, isa, 64, 0, 1, 8, 416, 1212, 1216, 1276
  result is correct!
! 52, isa, 64, 0, 1, 12, 624, 2476, 2480, 2580
  result is correct!
! 52, isa, 64, 0, 1, 16, 832, 4188, 4192, 4371
  result is correct!
! 52, isa, 64, 0, 1, 20, 1040, 6348, 6352, 6611
  result is correct!
! 52, isa, 64, 0, 1, 24, 1248, 8956, 8960, 9511
  result is correct!
! 52, isa, 64, 0, 1, 28, 1456, 12012, 12016, 12513
  result is correct!
! 52, isa, 64, 0, 1, 32, 1664, 15516, 15520, 16335
  result is correct!
! 52, isa, 64, 0, 1, 36, 1872, 19468, 19472, 20478
  result is correct!
! 52, isa, 64, 0, 1, 40, 2080, 23868, 23872, 25041
  result is correct!
! 52, isa, 64, 0, 1, 44, 2288, 28716, 28720, 30126
  result is correct!
! 52, isa, 64, 0, 1, 48, 2496, 34012, 34016, 35583
  result is correct!
! 52, isa, 64, 0, 1, 52, 2704, 39756, 39760, 41666
  result is correct!
! 52, isa, 64, 0, 1, 56, 2912, 45948, 45952, 47963
  result is correct!
! 52, isa, 64, 0, 1, 60, 3120, 52588, 52592, 54972
  result is correct!
! 52, isa, 64, 0, 1, 64, 3328, 59676, 59680, 62409
  result is correct!
! 52, isa, 64, 0, 1, 68, 3536, 67212, 87169, 70347
  result is correct!
! 52, isa, 64, 0, 1, 72, 3744, 75196, 102153, 78718
  result is correct!
-----------------Showing intmul-rv64_isa_53_hybrid.log-----------------
! 53, isa, 64, 0, 1, 8, 424, 866, 889, 931
  result is correct!
! 53, isa, 64, 0, 1, 12, 636, 1653, 1676, 1739
  result is correct!
! 53, isa, 64, 0, 1, 16, 848, 2697, 2717, 2841
  result is correct!
! 53, isa, 64, 0, 1, 20, 1060, 3971, 3991, 4177
  result is correct!
! 53, isa, 64, 0, 1, 24, 1272, 5504, 5524, 5772
  result is correct!
! 53, isa, 64, 0, 1, 28, 1484, 7291, 7311, 7623
  result is correct!
! 53, isa, 64, 0, 1, 32, 1696, 9332, 9352, 9745
  result is correct!
! 53, isa, 64, 0, 1, 36, 1908, 11627, 11647, 12286
  result is correct!
! 53, isa, 64, 0, 1, 40, 2120, 14176, 14196, 14815
  result is correct!
! 53, isa, 64, 0, 1, 44, 2332, 16979, 16999, 17939
  result is correct!
! 53, isa, 64, 0, 1, 48, 2544, 20036, 20056, 21172
  result is correct!
! 53, isa, 64, 0, 1, 52, 2756, 23347, 23367, 24523
  result is correct!
! 53, isa, 64, 0, 1, 56, 2968, 26912, 26932, 28241
  result is correct!
! 53, isa, 64, 0, 1, 60, 3180, 30731, 30751, 32231
  result is correct!
! 53, isa, 64, 0, 1, 64, 3392, 34804, 34824, 36336
  result is correct!
! 53, isa, 64, 0, 1, 68, 3604, 39131, 39151, 41090
  result is correct!
! 53, isa, 64, 0, 1, 72, 3816, 43712, 43732, 45807
  result is correct!
-----------------Showing intmul-rv64_isa_53_simple.log-----------------
! 53, isa, 64, 0, 1, 8, 424, 1216, 1216, 1257
  result is correct!
! 53, isa, 64, 0, 1, 12, 636, 2476, 2480, 2579
  result is correct!
! 53, isa, 64, 0, 1, 16, 848, 4188, 4192, 4352
  result is correct!
! 53, isa, 64, 0, 1, 20, 1060, 6348, 6352, 6668
  result is correct!
! 53, isa, 64, 0, 1, 24, 1272, 8956, 8960, 9482
  result is correct!
! 53, isa, 64, 0, 1, 28, 1484, 12012, 12016, 12517
  result is correct!
! 53, isa, 64, 0, 1, 32, 1696, 15516, 15520, 16292
  result is correct!
! 53, isa, 64, 0, 1, 36, 1908, 19468, 19472, 20478
  result is correct!
! 53, isa, 64, 0, 1, 40, 2120, 23868, 23872, 24920
  result is correct!
! 53, isa, 64, 0, 1, 44, 2332, 28716, 28720, 30099
  result is correct!
! 53, isa, 64, 0, 1, 48, 2544, 34012, 34016, 35569
  result is correct!
! 53, isa, 64, 0, 1, 52, 2756, 39756, 39760, 41597
  result is correct!
! 53, isa, 64, 0, 1, 56, 2968, 45948, 46002, 47919
  result is correct!
! 53, isa, 64, 0, 1, 60, 3180, 52588, 52592, 54975
  result is correct!
! 53, isa, 64, 0, 1, 64, 3392, 59676, 59680, 62355
  result is correct!
! 53, isa, 64, 0, 1, 68, 3604, 67212, 67216, 70379
  result is correct!
! 53, isa, 64, 0, 1, 72, 3816, 75196, 75200, 78624
  result is correct!
-----------------Showing intmul-rv64_isa_54_hybrid.log-----------------
! 54, isa, 64, 0, 1, 8, 432, 866, 889, 930
  result is correct!
! 54, isa, 64, 0, 1, 12, 648, 1653, 1676, 1738
  result is correct!
! 54, isa, 64, 0, 1, 16, 864, 2698, 2717, 2840
  result is correct!
! 54, isa, 64, 0, 1, 20, 1080, 3971, 3991, 4155
  result is correct!
! 54, isa, 64, 0, 1, 24, 1296, 5504, 5524, 5774
  result is correct!
! 54, isa, 64, 0, 1, 28, 1512, 7291, 7311, 7642
  result is correct!
! 54, isa, 64, 0, 1, 32, 1728, 9332, 9352, 9822
  result is correct!
! 54, isa, 64, 0, 1, 36, 1944, 11628, 11647, 12345
  result is correct!
! 54, isa, 64, 0, 1, 40, 2160, 14176, 14196, 14818
  result is correct!
! 54, isa, 64, 0, 1, 44, 2376, 16979, 16999, 17860
  result is correct!
! 54, isa, 64, 0, 1, 48, 2592, 20036, 20056, 21143
  result is correct!
! 54, isa, 64, 0, 1, 52, 2808, 23347, 23367, 24558
  result is correct!
! 54, isa, 64, 0, 1, 56, 3024, 26912, 26932, 28306
  result is correct!
! 54, isa, 64, 0, 1, 60, 3240, 30731, 30751, 32237
  result is correct!
! 54, isa, 64, 0, 1, 64, 3456, 34804, 34824, 36440
  result is correct!
! 54, isa, 64, 0, 1, 68, 3672, 39131, 39151, 41040
  result is correct!
! 54, isa, 64, 0, 1, 72, 3888, 43713, 43732, 45824
  result is correct!
-----------------Showing intmul-rv64_isa_54_simple.log-----------------
! 54, isa, 64, 0, 1, 8, 432, 1216, 1216, 1278
  result is correct!
! 54, isa, 64, 0, 1, 12, 648, 2476, 2480, 2601
  result is correct!
! 54, isa, 64, 0, 1, 16, 864, 4188, 4192, 4439
  result is correct!
! 54, isa, 64, 0, 1, 20, 1080, 6348, 6352, 6611
  result is correct!
! 54, isa, 64, 0, 1, 24, 1296, 8960, 8960, 9485
  result is correct!
! 54, isa, 64, 0, 1, 28, 1512, 12012, 12016, 12577
  result is correct!
! 54, isa, 64, 0, 1, 32, 1728, 15516, 15520, 16316
  result is correct!
! 54, isa, 64, 0, 1, 36, 1944, 19468, 19472, 20430
  result is correct!
! 54, isa, 64, 0, 1, 40, 2160, 23868, 43937, 24871
  result is correct!
! 54, isa, 64, 0, 1, 44, 2376, 28716, 28720, 30050
  result is correct!
! 54, isa, 64, 0, 1, 48, 2592, 34012, 54182, 35635
  result is correct!
! 54, isa, 64, 0, 1, 52, 2808, 39756, 39760, 41555
  result is correct!
! 54, isa, 64, 0, 1, 56, 3024, 45948, 45952, 47917
  result is correct!
! 54, isa, 64, 0, 1, 60, 3240, 52588, 52592, 55058
  result is correct!
! 54, isa, 64, 0, 1, 64, 3456, 59676, 59680, 62343
  result is correct!
! 54, isa, 64, 0, 1, 68, 3672, 67212, 67216, 70402
  result is correct!
! 54, isa, 64, 0, 1, 72, 3888, 75196, 95016, 78728
  result is correct!
-----------------Showing intmul-rv64_isa_55_hybrid.log-----------------
! 55, isa, 64, 0, 1, 8, 440, 866, 889, 932
  result is correct!
! 55, isa, 64, 0, 1, 12, 660, 1653, 1676, 1738
  result is correct!
! 55, isa, 64, 0, 1, 16, 880, 2697, 2717, 2841
  result is correct!
! 55, isa, 64, 0, 1, 20, 1100, 3971, 3991, 4179
  result is correct!
! 55, isa, 64, 0, 1, 24, 1320, 5504, 5524, 5751
  result is correct!
! 55, isa, 64, 0, 1, 28, 1540, 7291, 7311, 7601
  result is correct!
! 55, isa, 64, 0, 1, 32, 1760, 9332, 9352, 9746
  result is correct!
! 55, isa, 64, 0, 1, 36, 1980, 11627, 11647, 12303
  result is correct!
! 55, isa, 64, 0, 1, 40, 2200, 14176, 14196, 14818
  result is correct!
! 55, isa, 64, 0, 1, 44, 2420, 16979, 16999, 17881
  result is correct!
! 55, isa, 64, 0, 1, 48, 2640, 20036, 20056, 21067
  result is correct!
! 55, isa, 64, 0, 1, 52, 2860, 23347, 23367, 24523
  result is correct!
! 55, isa, 64, 0, 1, 56, 3080, 26912, 26932, 28280
  result is correct!
! 55, isa, 64, 0, 1, 60, 3300, 30731, 30751, 32220
  result is correct!
! 55, isa, 64, 0, 1, 64, 3520, 34804, 34824, 36367
  result is correct!
! 55, isa, 64, 0, 1, 68, 3740, 39131, 39151, 41036
  result is correct!
! 55, isa, 64, 0, 1, 72, 3960, 43712, 43732, 45764
  result is correct!
-----------------Showing intmul-rv64_isa_55_simple.log-----------------
! 55, isa, 64, 0, 1, 8, 440, 1216, 1216, 1256
  result is correct!
! 55, isa, 64, 0, 1, 12, 660, 2480, 2480, 2579
  result is correct!
! 55, isa, 64, 0, 1, 16, 880, 4188, 4192, 4371
  result is correct!
! 55, isa, 64, 0, 1, 20, 1100, 6348, 6352, 6612
  result is correct!
! 55, isa, 64, 0, 1, 24, 1320, 8956, 8960, 9485
  result is correct!
! 55, isa, 64, 0, 1, 28, 1540, 12012, 31878, 12536
  result is correct!
! 55, isa, 64, 0, 1, 32, 1760, 15516, 15520, 16361
  result is correct!
! 55, isa, 64, 0, 1, 36, 1980, 19468, 19472, 20395
  result is correct!
! 55, isa, 64, 0, 1, 40, 2200, 23868, 23872, 24850
  result is correct!
! 55, isa, 64, 0, 1, 44, 2420, 28716, 28720, 30077
  result is correct!
! 55, isa, 64, 0, 1, 48, 2640, 34012, 34016, 35585
  result is correct!
! 55, isa, 64, 0, 1, 52, 2860, 39756, 39760, 41601
  result is correct!
! 55, isa, 64, 0, 1, 56, 3080, 45948, 45952, 47922
  result is correct!
! 55, isa, 64, 0, 1, 60, 3300, 52588, 52592, 54982
  result is correct!
! 55, isa, 64, 0, 1, 64, 3520, 59676, 59680, 62360
  result is correct!
! 55, isa, 64, 0, 1, 68, 3740, 67212, 67216, 70332
  result is correct!
! 55, isa, 64, 0, 1, 72, 3960, 75196, 75200, 78654
  result is correct!
-----------------Showing intmul-rv64_isa_56_hybrid.log-----------------
! 56, isa, 64, 0, 1, 8, 448, 866, 889, 911
  result is correct!
! 56, isa, 64, 0, 1, 12, 672, 1653, 1676, 1759
  result is correct!
! 56, isa, 64, 0, 1, 16, 896, 2697, 2717, 2822
  result is correct!
! 56, isa, 64, 0, 1, 20, 1120, 3971, 3991, 4157
  result is correct!
! 56, isa, 64, 0, 1, 24, 1344, 5504, 5524, 5772
  result is correct!
! 56, isa, 64, 0, 1, 28, 1568, 7291, 7311, 7657
  result is correct!
! 56, isa, 64, 0, 1, 32, 1792, 9332, 9352, 9829
  result is correct!
! 56, isa, 64, 0, 1, 36, 2016, 11627, 11647, 12290
  result is correct!
! 56, isa, 64, 0, 1, 40, 2240, 14176, 14196, 14870
  result is correct!
! 56, isa, 64, 0, 1, 44, 2464, 16979, 16999, 17887
  result is correct!
! 56, isa, 64, 0, 1, 48, 2688, 20036, 20056, 21065
  result is correct!
! 56, isa, 64, 0, 1, 52, 2912, 23347, 23460, 24517
  result is correct!
! 56, isa, 64, 0, 1, 56, 3136, 26912, 26932, 28252
  result is correct!
! 56, isa, 64, 0, 1, 60, 3360, 30731, 30751, 32285
  result is correct!
! 56, isa, 64, 0, 1, 64, 3584, 34804, 34824, 36385
  result is correct!
! 56, isa, 64, 0, 1, 68, 3808, 39131, 39151, 41047
  result is correct!
! 56, isa, 64, 0, 1, 72, 4032, 43712, 43732, 45876
  result is correct!
-----------------Showing intmul-rv64_isa_56_simple.log-----------------
! 56, isa, 64, 0, 1, 8, 448, 1216, 1216, 1276
  result is correct!
! 56, isa, 64, 0, 1, 12, 672, 2480, 2480, 2580
  result is correct!
! 56, isa, 64, 0, 1, 16, 896, 4192, 4192, 4370
  result is correct!
! 56, isa, 64, 0, 1, 20, 1120, 6352, 6352, 6611
  result is correct!
! 56, isa, 64, 0, 1, 24, 1344, 8960, 8960, 9547
  result is correct!
! 56, isa, 64, 0, 1, 28, 1568, 12016, 12016, 12513
  result is correct!
! 56, isa, 64, 0, 1, 32, 1792, 15520, 15520, 16313
  result is correct!
! 56, isa, 64, 0, 1, 36, 2016, 19472, 19472, 20342
  result is correct!
! 56, isa, 64, 0, 1, 40, 2240, 23872, 23872, 24918
  result is correct!
! 56, isa, 64, 0, 1, 44, 2464, 28720, 28720, 30117
  result is correct!
! 56, isa, 64, 0, 1, 48, 2688, 34016, 34016, 35569
  result is correct!
! 56, isa, 64, 0, 1, 52, 2912, 39760, 39760, 41616
  result is correct!
! 56, isa, 64, 0, 1, 56, 3136, 45952, 45952, 47929
  result is correct!
! 56, isa, 64, 0, 1, 60, 3360, 52592, 52592, 55091
  result is correct!
! 56, isa, 64, 0, 1, 64, 3584, 59680, 59680, 62450
  result is correct!
! 56, isa, 64, 0, 1, 68, 3808, 67216, 67216, 70319
  result is correct!
! 56, isa, 64, 0, 1, 72, 4032, 75200, 75200, 78694
  result is correct!
-----------------Showing intmul-rv64_isa_57_hybrid.log-----------------
! 57, isa, 64, 0, 1, 8, 456, 866, 889, 932
  result is correct!
! 57, isa, 64, 0, 1, 12, 684, 1653, 1676, 1738
  result is correct!
! 57, isa, 64, 0, 1, 16, 912, 2698, 2717, 2841
  result is correct!
! 57, isa, 64, 0, 1, 20, 1140, 3971, 3991, 4157
  result is correct!
! 57, isa, 64, 0, 1, 24, 1368, 5504, 5524, 5773
  result is correct!
! 57, isa, 64, 0, 1, 28, 1596, 7291, 7311, 7856
  result is correct!
! 57, isa, 64, 0, 1, 32, 1824, 9332, 9352, 9744
  result is correct!
! 57, isa, 64, 0, 1, 36, 2052, 11627, 11647, 12165
  result is correct!
! 57, isa, 64, 0, 1, 40, 2280, 14176, 14196, 14795
  result is correct!
! 57, isa, 64, 0, 1, 44, 2508, 16979, 16999, 17895
  result is correct!
! 57, isa, 64, 0, 1, 48, 2736, 20036, 20056, 21079
  result is correct!
! 57, isa, 64, 0, 1, 52, 2964, 23347, 23367, 24440
  result is correct!
! 57, isa, 64, 0, 1, 56, 3192, 26912, 26927, 28304
  result is correct!
! 57, isa, 64, 0, 1, 60, 3420, 30731, 30751, 32291
  result is correct!
! 57, isa, 64, 0, 1, 64, 3648, 34804, 34824, 36339
  result is correct!
! 57, isa, 64, 0, 1, 68, 3876, 39131, 39151, 41038
  result is correct!
! 57, isa, 64, 0, 1, 72, 4104, 43712, 43732, 45824
  result is correct!
-----------------Showing intmul-rv64_isa_57_simple.log-----------------
! 57, isa, 64, 0, 1, 8, 456, 1212, 1216, 1276
  result is correct!
! 57, isa, 64, 0, 1, 12, 684, 2476, 2480, 2580
  result is correct!
! 57, isa, 64, 0, 1, 16, 912, 4188, 4192, 4372
  result is correct!
! 57, isa, 64, 0, 1, 20, 1140, 6348, 6352, 6700
  result is correct!
! 57, isa, 64, 0, 1, 24, 1368, 8956, 8960, 9483
  result is correct!
! 57, isa, 64, 0, 1, 28, 1596, 12012, 12016, 12511
  result is correct!
! 57, isa, 64, 0, 1, 32, 1824, 15516, 15520, 16314
  result is correct!
! 57, isa, 64, 0, 1, 36, 2052, 19468, 19472, 20272
  result is correct!
! 57, isa, 64, 0, 1, 40, 2280, 23868, 23872, 24898
  result is correct!
! 57, isa, 64, 0, 1, 44, 2508, 28716, 28720, 30048
  result is correct!
! 57, isa, 64, 0, 1, 48, 2736, 34012, 34016, 35618
  result is correct!
! 57, isa, 64, 0, 1, 52, 2964, 39756, 39760, 41602
  result is correct!
! 57, isa, 64, 0, 1, 56, 3192, 45948, 45952, 48052
  result is correct!
! 57, isa, 64, 0, 1, 60, 3420, 52588, 52592, 55165
  result is correct!
! 57, isa, 64, 0, 1, 64, 3648, 59676, 59680, 62340
  result is correct!
! 57, isa, 64, 0, 1, 68, 3876, 67212, 87019, 70318
  result is correct!
! 57, isa, 64, 0, 1, 72, 4104, 75196, 75200, 78702
  result is correct!
-----------------Showing intmul-rv64_isa_58_hybrid.log-----------------
! 58, isa, 64, 0, 1, 8, 464, 866, 889, 931
  result is correct!
! 58, isa, 64, 0, 1, 12, 696, 1653, 1676, 1738
  result is correct!
! 58, isa, 64, 0, 1, 16, 928, 2698, 2717, 2841
  result is correct!
! 58, isa, 64, 0, 1, 20, 1160, 3971, 3991, 4176
  result is correct!
! 58, isa, 64, 0, 1, 24, 1392, 5504, 5524, 5773
  result is correct!
! 58, isa, 64, 0, 1, 28, 1624, 7291, 7311, 7788
  result is correct!
! 58, isa, 64, 0, 1, 32, 1856, 9332, 9352, 9744
  result is correct!
! 58, isa, 64, 0, 1, 36, 2088, 11627, 11647, 12209
  result is correct!
! 58, isa, 64, 0, 1, 40, 2320, 14176, 14196, 14816
  result is correct!
! 58, isa, 64, 0, 1, 44, 2552, 16979, 16999, 17859
  result is correct!
! 58, isa, 64, 0, 1, 48, 2784, 20036, 20056, 21139
  result is correct!
! 58, isa, 64, 0, 1, 52, 3016, 23347, 23395, 24437
  result is correct!
! 58, isa, 64, 0, 1, 56, 3248, 26912, 26932, 28301
  result is correct!
! 58, isa, 64, 0, 1, 60, 3480, 30731, 30751, 32210
  result is correct!
! 58, isa, 64, 0, 1, 64, 3712, 34805, 34824, 36392
  result is correct!
! 58, isa, 64, 0, 1, 68, 3944, 39131, 59747, 40983
  result is correct!
! 58, isa, 64, 0, 1, 72, 4176, 43712, 43732, 45807
  result is correct!
-----------------Showing intmul-rv64_isa_58_simple.log-----------------
! 58, isa, 64, 0, 1, 8, 464, 1216, 1216, 1256
  result is correct!
! 58, isa, 64, 0, 1, 12, 696, 2476, 2480, 2581
  result is correct!
! 58, isa, 64, 0, 1, 16, 928, 4188, 4192, 4440
  result is correct!
! 58, isa, 64, 0, 1, 20, 1160, 6348, 6352, 6610
  result is correct!
! 58, isa, 64, 0, 1, 24, 1392, 8956, 8960, 9486
  result is correct!
! 58, isa, 64, 0, 1, 28, 1624, 12012, 12016, 12527
  result is correct!
! 58, isa, 64, 0, 1, 32, 1856, 15516, 15520, 16298
  result is correct!
! 58, isa, 64, 0, 1, 36, 2088, 19468, 19472, 20290
  result is correct!
! 58, isa, 64, 0, 1, 40, 2320, 23868, 23872, 24868
  result is correct!
! 58, isa, 64, 0, 1, 44, 2552, 28716, 28720, 30049
  result is correct!
! 58, isa, 64, 0, 1, 48, 2784, 34012, 34016, 35642
  result is correct!
! 58, isa, 64, 0, 1, 52, 3016, 39756, 39760, 41599
  result is correct!
! 58, isa, 64, 0, 1, 56, 3248, 45948, 65761, 48071
  result is correct!
! 58, isa, 64, 0, 1, 60, 3480, 52588, 52592, 55103
  result is correct!
! 58, isa, 64, 0, 1, 64, 3712, 59676, 59680, 62409
  result is correct!
! 58, isa, 64, 0, 1, 68, 3944, 67212, 67216, 70358
  result is correct!
! 58, isa, 64, 0, 1, 72, 4176, 75196, 75200, 78659
  result is correct!
-----------------Showing intmul-rv64_isa_59_hybrid.log-----------------
! 59, isa, 64, 0, 1, 8, 472, 866, 889, 931
  result is correct!
! 59, isa, 64, 0, 1, 12, 708, 1653, 1676, 1760
  result is correct!
! 59, isa, 64, 0, 1, 16, 944, 2697, 2717, 2820
  result is correct!
! 59, isa, 64, 0, 1, 20, 1180, 3971, 3991, 4226
  result is correct!
! 59, isa, 64, 0, 1, 24, 1416, 5504, 5524, 5772
  result is correct!
! 59, isa, 64, 0, 1, 28, 1652, 7291, 7311, 7792
  result is correct!
! 59, isa, 64, 0, 1, 32, 1888, 9332, 9352, 9767
  result is correct!
! 59, isa, 64, 0, 1, 36, 2124, 11627, 11647, 12163
  result is correct!
! 59, isa, 64, 0, 1, 40, 2360, 14176, 14196, 14871
  result is correct!
! 59, isa, 64, 0, 1, 44, 2596, 16979, 16999, 17883
  result is correct!
! 59, isa, 64, 0, 1, 48, 2832, 20036, 20056, 21134
  result is correct!
! 59, isa, 64, 0, 1, 52, 3068, 23347, 23367, 24359
  result is correct!
! 59, isa, 64, 0, 1, 56, 3304, 26912, 26932, 28245
  result is correct!
! 59, isa, 64, 0, 1, 60, 3540, 30731, 30751, 32279
  result is correct!
! 59, isa, 64, 0, 1, 64, 3776, 34804, 34824, 36394
  result is correct!
! 59, isa, 64, 0, 1, 68, 4012, 39131, 59859, 41058
  result is correct!
! 59, isa, 64, 0, 1, 72, 4248, 43712, 43732, 45776
  result is correct!
-----------------Showing intmul-rv64_isa_59_simple.log-----------------
! 59, isa, 64, 0, 1, 8, 472, 1216, 1216, 1278
  result is correct!
! 59, isa, 64, 0, 1, 12, 708, 2476, 2480, 2600
  result is correct!
! 59, isa, 64, 0, 1, 16, 944, 4188, 4192, 4372
  result is correct!
! 59, isa, 64, 0, 1, 20, 1180, 6348, 6352, 6611
  result is correct!
! 59, isa, 64, 0, 1, 24, 1416, 8956, 8960, 9489
  result is correct!
! 59, isa, 64, 0, 1, 28, 1652, 12012, 12016, 12516
  result is correct!
! 59, isa, 64, 0, 1, 32, 1888, 15516, 15520, 16332
  result is correct!
! 59, isa, 64, 0, 1, 36, 2124, 19468, 19472, 20273
  result is correct!
! 59, isa, 64, 0, 1, 40, 2360, 23868, 23872, 24853
  result is correct!
! 59, isa, 64, 0, 1, 44, 2596, 28716, 28720, 30099
  result is correct!
! 59, isa, 64, 0, 1, 48, 2832, 34012, 34016, 35618
  result is correct!
! 59, isa, 64, 0, 1, 52, 3068, 39756, 39760, 41603
  result is correct!
! 59, isa, 64, 0, 1, 56, 3304, 45948, 45952, 48054
  result is correct!
! 59, isa, 64, 0, 1, 60, 3540, 52588, 82713, 55130
  result is correct!
! 59, isa, 64, 0, 1, 64, 3776, 59676, 59680, 62339
  result is correct!
! 59, isa, 64, 0, 1, 68, 4012, 67212, 67260, 70345
  result is correct!
! 59, isa, 64, 0, 1, 72, 4248, 75196, 75200, 78655
  result is correct!
-----------------Showing intmul-rv64_isa_60_hybrid.log-----------------
! 60, isa, 64, 0, 1, 8, 480, 866, 889, 976
  result is correct!
! 60, isa, 64, 0, 1, 12, 720, 1653, 1676, 1739
  result is correct!
! 60, isa, 64, 0, 1, 16, 960, 2697, 2717, 2841
  result is correct!
! 60, isa, 64, 0, 1, 20, 1200, 3971, 3991, 4156
  result is correct!
! 60, isa, 64, 0, 1, 24, 1440, 5504, 5524, 5751
  result is correct!
! 60, isa, 64, 0, 1, 28, 1680, 7291, 7311, 7769
  result is correct!
! 60, isa, 64, 0, 1, 32, 1920, 9332, 9352, 9812
  result is correct!
! 60, isa, 64, 0, 1, 36, 2160, 11628, 11647, 12144
  result is correct!
! 60, isa, 64, 0, 1, 40, 2400, 14176, 14196, 14798
  result is correct!
! 60, isa, 64, 0, 1, 44, 2640, 16979, 16999, 17937
  result is correct!
! 60, isa, 64, 0, 1, 48, 2880, 20036, 20056, 21064
  result is correct!
! 60, isa, 64, 0, 1, 52, 3120, 23347, 23367, 24463
  result is correct!
! 60, isa, 64, 0, 1, 56, 3360, 26912, 26932, 28228
  result is correct!
! 60, isa, 64, 0, 1, 60, 3600, 30731, 30751, 32222
  result is correct!
! 60, isa, 64, 0, 1, 64, 3840, 34804, 34824, 36488
  result is correct!
! 60, isa, 64, 0, 1, 68, 4080, 39131, 39151, 41034
  result is correct!
! 60, isa, 64, 0, 1, 72, 4320, 43712, 43732, 45806
  result is correct!
-----------------Showing intmul-rv64_isa_60_simple.log-----------------
! 60, isa, 64, 0, 1, 8, 480, 1216, 1216, 1256
  result is correct!
! 60, isa, 64, 0, 1, 12, 720, 2480, 2480, 2580
  result is correct!
! 60, isa, 64, 0, 1, 16, 960, 4192, 4192, 4371
  result is correct!
! 60, isa, 64, 0, 1, 20, 1200, 6352, 6352, 6612
  result is correct!
! 60, isa, 64, 0, 1, 24, 1440, 8960, 8960, 9458
  result is correct!
! 60, isa, 64, 0, 1, 28, 1680, 12016, 12016, 12510
  result is correct!
! 60, isa, 64, 0, 1, 32, 1920, 15520, 15520, 16293
  result is correct!
! 60, isa, 64, 0, 1, 36, 2160, 19472, 19472, 20341
  result is correct!
! 60, isa, 64, 0, 1, 40, 2400, 23872, 23872, 24918
  result is correct!
! 60, isa, 64, 0, 1, 44, 2640, 28720, 28720, 30096
  result is correct!
! 60, isa, 64, 0, 1, 48, 2880, 34016, 34016, 35562
  result is correct!
! 60, isa, 64, 0, 1, 52, 3120, 39760, 39760, 41604
  result is correct!
! 60, isa, 64, 0, 1, 56, 3360, 45952, 45952, 48050
  result is correct!
! 60, isa, 64, 0, 1, 60, 3600, 52592, 52592, 54965
  result is correct!
! 60, isa, 64, 0, 1, 64, 3840, 59680, 59702, 62404
  result is correct!
! 60, isa, 64, 0, 1, 68, 4080, 67216, 67216, 70342
  result is correct!
! 60, isa, 64, 0, 1, 72, 4320, 75200, 75200, 78662
  result is correct!
-----------------Showing intmul-rv64_isa_61_hybrid.log-----------------
! 61, isa, 64, 0, 1, 8, 488, 866, 888, 929
  result is correct!
! 61, isa, 64, 0, 1, 12, 732, 1653, 1675, 1758
  result is correct!
! 61, isa, 64, 0, 1, 16, 976, 2697, 2716, 2819
  result is correct!
! 61, isa, 64, 0, 1, 20, 1220, 3971, 3990, 4155
  result is correct!
! 61, isa, 64, 0, 1, 24, 1464, 5504, 5523, 5750
  result is correct!
! 61, isa, 64, 0, 1, 28, 1708, 7291, 27830, 7809
  result is correct!
! 61, isa, 64, 0, 1, 32, 1952, 9332, 9351, 9763
  result is correct!
! 61, isa, 64, 0, 1, 36, 2196, 11627, 11646, 12221
  result is correct!
! 61, isa, 64, 0, 1, 40, 2440, 14176, 14176, 14811
  result is correct!
! 61, isa, 64, 0, 1, 44, 2684, 16979, 16998, 17938
  result is correct!
! 61, isa, 64, 0, 1, 48, 2928, 20036, 20055, 21102
  result is correct!
! 61, isa, 64, 0, 1, 52, 3172, 23347, 23366, 24436
  result is correct!
! 61, isa, 64, 0, 1, 56, 3416, 26912, 26931, 28295
  result is correct!
! 61, isa, 64, 0, 1, 60, 3660, 30731, 30750, 32284
  result is correct!
! 61, isa, 64, 0, 1, 64, 3904, 34804, 34804, 36466
  result is correct!
-----------------Showing intmul-rv64_isa_61_simple.log-----------------
! 61, isa, 64, 0, 1, 8, 488, 1218, 1218, 1259
  result is correct!
! 61, isa, 64, 0, 1, 12, 732, 2482, 2482, 2584
  result is correct!
! 61, isa, 64, 0, 1, 16, 976, 4184, 4194, 4527
  result is correct!
! 61, isa, 64, 0, 1, 20, 1220, 6344, 6354, 6617
  result is correct!
! 61, isa, 64, 0, 1, 24, 1464, 8952, 8962, 9414
  result is correct!
! 61, isa, 64, 0, 1, 28, 1708, 12008, 12018, 12664
  result is correct!
! 61, isa, 64, 0, 1, 32, 1952, 15512, 15522, 16232
  result is correct!
! 61, isa, 64, 0, 1, 36, 2196, 19464, 19474, 20355
  result is correct!
! 61, isa, 64, 0, 1, 40, 2440, 23864, 23874, 24950
  result is correct!
! 61, isa, 64, 0, 1, 44, 2684, 28712, 28722, 29989
  result is correct!
! 61, isa, 64, 0, 1, 48, 2928, 34008, 34018, 35640
  result is correct!
! 61, isa, 64, 0, 1, 52, 3172, 39752, 39762, 41629
  result is correct!
! 61, isa, 64, 0, 1, 56, 3416, 45944, 66038, 48104
  result is correct!
! 61, isa, 64, 0, 1, 60, 3660, 52584, 52594, 55007
  result is correct!
! 61, isa, 64, 0, 1, 64, 3904, 59672, 59682, 62532
  result is correct!
-----------------Showing intmul-rv64_isa_62_hybrid.log-----------------
! 62, isa, 64, 0, 1, 8, 496, 868, 890, 934
  result is correct!
! 62, isa, 64, 0, 1, 12, 744, 1666, 1682, 1768
  result is correct!
! 62, isa, 64, 0, 1, 16, 992, 2694, 2713, 2840
  result is correct!
-----------------Showing intmul-rv64_isa_62_simple.log-----------------
! 62, isa, 64, 0, 1, 8, 496, 1210, 1210, 1251
  result is correct!
! 62, isa, 64, 0, 1, 12, 744, 2470, 2470, 2571
  result is correct!
! 62, isa, 64, 0, 1, 16, 992, 4178, 4178, 4340
  result is correct!
-----------------Showing intmul-rv64_isa_64_hybrid.log-----------------
! 64, isa, 64, 0, 1, 8, 512, 751, 821, 863
  result is correct!
! 64, isa, 64, 0, 1, 12, 768, 1618, 1673, 1756
  result is correct!
! 64, isa, 64, 0, 1, 16, 1024, 2774, 2825, 2949
  result is correct!
! 64, isa, 64, 0, 1, 20, 1280, 4209, 4271, 4519
  result is correct!
! 64, isa, 64, 0, 1, 24, 1536, 5974, 6036, 6302
  result is correct!
! 64, isa, 64, 0, 1, 28, 1792, 8051, 8113, 8460
  result is correct!
! 64, isa, 64, 0, 1, 32, 2048, 10440, 10502, 11110
  result is correct!
! 64, isa, 64, 0, 1, 36, 2304, 13141, 13203, 13755
  result is correct!
! 64, isa, 64, 0, 1, 40, 2560, 16154, 16216, 16899
  result is correct!
! 64, isa, 64, 0, 1, 44, 2816, 19479, 19541, 20598
  result is correct!
! 64, isa, 64, 0, 1, 48, 3072, 23116, 23178, 24367
  result is correct!
! 64, isa, 64, 0, 1, 52, 3328, 27065, 27127, 28482
  result is correct!
! 64, isa, 64, 0, 1, 56, 3584, 31326, 51669, 32930
  result is correct!
! 64, isa, 64, 0, 1, 60, 3840, 35899, 56595, 37571
  result is correct!
! 64, isa, 64, 0, 1, 64, 4096, 40784, 40846, 42755
  result is correct!
-----------------Showing intmul-rv64_isa_64_simple.log-----------------
! 64, isa, 64, 0, 1, 8, 512, 1305, 1305, 1345
  result is correct!
! 64, isa, 64, 0, 1, 12, 768, 2710, 2710, 2898
  result is correct!
! 64, isa, 64, 0, 1, 16, 1024, 4626, 4626, 4828
  result is correct!
! 64, isa, 64, 0, 1, 20, 1280, 7054, 7054, 7337
  result is correct!
! 64, isa, 64, 0, 1, 24, 1536, 9994, 9994, 10468
  result is correct!
! 64, isa, 64, 0, 1, 28, 1792, 13446, 13446, 14170
  result is correct!
! 64, isa, 64, 0, 1, 32, 2048, 17410, 17410, 18207
  result is correct!
! 64, isa, 64, 0, 1, 36, 2304, 21886, 21886, 22844
  result is correct!
! 64, isa, 64, 0, 1, 40, 2560, 26874, 26874, 28053
  result is correct!
! 64, isa, 64, 0, 1, 44, 2816, 32374, 32374, 33878
  result is correct!
! 64, isa, 64, 0, 1, 48, 3072, 38384, 58844, 40211
  result is correct!
! 64, isa, 64, 0, 1, 52, 3328, 44910, 44910, 47040
  result is correct!
! 64, isa, 64, 0, 1, 56, 3584, 51946, 51946, 54312
  result is correct!
! 64, isa, 64, 0, 1, 60, 3840, 59492, 79684, 62252
  result is correct!
! 64, isa, 64, 0, 1, 64, 4096, 67554, 87629, 70605
  result is correct!
-----------------Showing intmul-rv64_ise_50_hybrid.log-----------------
! 50, ise, 64, 0, 1, 8, 400, 505, 534, 555
  result is correct!
! 50, ise, 64, 0, 1, 12, 600, 871, 900, 942
  result is correct!
! 50, ise, 64, 0, 1, 16, 800, 1329, 1360, 1422
  result is correct!
! 50, ise, 64, 0, 1, 20, 1000, 1866, 1897, 1981
  result is correct!
! 50, ise, 64, 0, 1, 24, 1200, 2504, 2535, 2675
  result is correct!
! 50, ise, 64, 0, 1, 28, 1400, 3238, 3269, 3413
  result is correct!
! 50, ise, 64, 0, 1, 32, 1600, 4068, 4099, 4284
  result is correct!
! 50, ise, 64, 0, 1, 36, 1800, 4994, 5025, 5231
  result is correct!
! 50, ise, 64, 0, 1, 40, 2000, 6016, 6047, 6295
  result is correct!
! 50, ise, 64, 0, 1, 44, 2200, 7134, 7165, 7632
  result is correct!
! 50, ise, 64, 0, 1, 48, 2400, 8348, 8379, 8729
  result is correct!
! 50, ise, 64, 0, 1, 52, 2600, 9660, 9689, 10102
  result is correct!
! 50, ise, 64, 0, 1, 56, 2800, 11064, 11095, 11568
  result is correct!
! 50, ise, 64, 0, 1, 60, 3000, 12566, 12757, 13155
  result is correct!
! 50, ise, 64, 0, 1, 64, 3200, 14164, 14195, 14793
  result is correct!
! 50, ise, 64, 0, 1, 68, 3400, 15858, 15889, 16750
  result is correct!
! 50, ise, 64, 0, 1, 72, 3600, 17648, 17712, 18444
  result is correct!
-----------------Showing intmul-rv64_ise_50_simple.log-----------------
! 50, ise, 64, 0, 1, 8, 400, 1005, 1005, 1047
  result is correct!
! 50, ise, 64, 0, 1, 12, 600, 2017, 2017, 2101
  result is correct!
! 50, ise, 64, 0, 1, 16, 800, 3381, 3381, 3668
  result is correct!
! 50, ise, 64, 0, 1, 20, 1000, 5097, 5097, 5300
  result is correct!
! 50, ise, 64, 0, 1, 24, 1200, 7165, 7165, 7470
  result is correct!
! 50, ise, 64, 0, 1, 28, 1400, 9585, 9585, 10053
  result is correct!
! 50, ise, 64, 0, 1, 32, 1600, 12357, 12357, 12865
  result is correct!
! 50, ise, 64, 0, 1, 36, 1800, 15481, 15481, 16404
  result is correct!
! 50, ise, 64, 0, 1, 40, 2000, 18957, 18957, 19803
  result is correct!
! 50, ise, 64, 0, 1, 44, 2200, 22785, 22785, 23806
  result is correct!
! 50, ise, 64, 0, 1, 48, 2400, 26965, 26965, 28227
  result is correct!
! 50, ise, 64, 0, 1, 52, 2600, 31497, 31497, 33023
  result is correct!
! 50, ise, 64, 0, 1, 56, 2800, 36381, 36381, 38129
  result is correct!
! 50, ise, 64, 0, 1, 60, 3000, 41617, 41617, 43567
  result is correct!
! 50, ise, 64, 0, 1, 64, 3200, 47205, 47205, 49397
  result is correct!
! 50, ise, 64, 0, 1, 68, 3400, 53145, 73539, 55602
  result is correct!
! 50, ise, 64, 0, 1, 72, 3600, 59437, 79753, 62159
  result is correct!
-----------------Showing intmul-rv64_ise_51_hybrid.log-----------------
! 51, ise, 64, 0, 1, 8, 408, 499, 534, 555
  result is correct!
! 51, ise, 64, 0, 1, 12, 612, 871, 900, 943
  result is correct!
! 51, ise, 64, 0, 1, 16, 816, 1329, 1360, 1422
  result is correct!
! 51, ise, 64, 0, 1, 20, 1020, 1866, 1897, 1980
  result is correct!
! 51, ise, 64, 0, 1, 24, 1224, 2504, 2535, 2809
  result is correct!
! 51, ise, 64, 0, 1, 28, 1428, 3238, 3269, 3474
  result is correct!
! 51, ise, 64, 0, 1, 32, 1632, 4068, 4099, 4284
  result is correct!
! 51, ise, 64, 0, 1, 36, 1836, 4994, 5025, 5230
  result is correct!
! 51, ise, 64, 0, 1, 40, 2040, 6016, 6047, 6315
  result is correct!
! 51, ise, 64, 0, 1, 44, 2244, 7134, 7165, 7616
  result is correct!
! 51, ise, 64, 0, 1, 48, 2448, 8348, 8379, 8730
  result is correct!
! 51, ise, 64, 0, 1, 52, 2652, 9658, 9689, 10103
  result is correct!
! 51, ise, 64, 0, 1, 56, 2856, 11064, 11095, 11620
  result is correct!
! 51, ise, 64, 0, 1, 60, 3060, 12566, 12597, 13133
  result is correct!
! 51, ise, 64, 0, 1, 64, 3264, 14164, 14195, 14864
  result is correct!
! 51, ise, 64, 0, 1, 68, 3468, 15858, 15889, 16572
  result is correct!
! 51, ise, 64, 0, 1, 72, 3672, 17648, 17679, 18440
  result is correct!
-----------------Showing intmul-rv64_ise_51_simple.log-----------------
! 51, ise, 64, 0, 1, 8, 408, 1005, 1005, 1046
  result is correct!
! 51, ise, 64, 0, 1, 12, 612, 2017, 2017, 2119
  result is correct!
! 51, ise, 64, 0, 1, 16, 816, 3381, 3381, 3687
  result is correct!
! 51, ise, 64, 0, 1, 20, 1020, 5097, 5097, 5320
  result is correct!
! 51, ise, 64, 0, 1, 24, 1224, 7165, 7165, 7470
  result is correct!
! 51, ise, 64, 0, 1, 28, 1428, 9585, 9585, 9991
  result is correct!
! 51, ise, 64, 0, 1, 32, 1632, 12357, 12357, 12885
  result is correct!
! 51, ise, 64, 0, 1, 36, 1836, 15481, 15481, 16337
  result is correct!
! 51, ise, 64, 0, 1, 40, 2040, 18957, 18957, 19751
  result is correct!
! 51, ise, 64, 0, 1, 44, 2244, 22785, 22785, 23761
  result is correct!
! 51, ise, 64, 0, 1, 48, 2448, 26965, 26965, 28152
  result is correct!
! 51, ise, 64, 0, 1, 52, 2652, 31497, 31497, 33020
  result is correct!
! 51, ise, 64, 0, 1, 56, 2856, 36381, 36381, 38059
  result is correct!
! 51, ise, 64, 0, 1, 60, 3060, 41617, 41617, 43568
  result is correct!
! 51, ise, 64, 0, 1, 64, 3264, 47205, 47205, 49448
  result is correct!
! 51, ise, 64, 0, 1, 68, 3468, 53145, 53145, 55684
  result is correct!
! 51, ise, 64, 0, 1, 72, 3672, 59437, 59437, 62160
  result is correct!
-----------------Showing intmul-rv64_ise_52_hybrid.log-----------------
! 52, ise, 64, 0, 1, 8, 416, 505, 534, 555
  result is correct!
! 52, ise, 64, 0, 1, 12, 624, 865, 900, 942
  result is correct!
! 52, ise, 64, 0, 1, 16, 832, 1331, 1360, 1422
  result is correct!
! 52, ise, 64, 0, 1, 20, 1040, 1866, 1897, 1980
  result is correct!
! 52, ise, 64, 0, 1, 24, 1248, 2504, 2535, 2794
  result is correct!
! 52, ise, 64, 0, 1, 28, 1456, 3238, 3269, 3413
  result is correct!
! 52, ise, 64, 0, 1, 32, 1664, 4068, 4099, 4285
  result is correct!
! 52, ise, 64, 0, 1, 36, 1872, 4994, 5025, 5231
  result is correct!
! 52, ise, 64, 0, 1, 40, 2080, 6018, 6047, 6315
  result is correct!
! 52, ise, 64, 0, 1, 44, 2288, 7134, 7165, 7618
  result is correct!
! 52, ise, 64, 0, 1, 48, 2496, 8348, 8379, 8793
  result is correct!
! 52, ise, 64, 0, 1, 52, 2704, 9658, 9689, 10103
  result is correct!
! 52, ise, 64, 0, 1, 56, 2912, 11070, 11095, 11732
  result is correct!
! 52, ise, 64, 0, 1, 60, 3120, 12566, 12597, 13133
  result is correct!
! 52, ise, 64, 0, 1, 64, 3328, 14164, 14195, 14869
  result is correct!
! 52, ise, 64, 0, 1, 68, 3536, 15858, 15889, 16570
  result is correct!
! 52, ise, 64, 0, 1, 72, 3744, 17648, 17679, 18439
  result is correct!
-----------------Showing intmul-rv64_ise_52_simple.log-----------------
! 52, ise, 64, 0, 1, 8, 416, 1005, 1005, 1046
  result is correct!
! 52, ise, 64, 0, 1, 12, 624, 2017, 2017, 2119
  result is correct!
! 52, ise, 64, 0, 1, 16, 832, 3381, 3381, 3523
  result is correct!
! 52, ise, 64, 0, 1, 20, 1040, 5097, 5097, 5381
  result is correct!
! 52, ise, 64, 0, 1, 24, 1248, 7165, 7165, 7469
  result is correct!
! 52, ise, 64, 0, 1, 28, 1456, 9585, 9585, 9991
  result is correct!
! 52, ise, 64, 0, 1, 32, 1664, 12357, 12357, 12884
  result is correct!
! 52, ise, 64, 0, 1, 36, 1872, 15481, 15481, 16153
  result is correct!
! 52, ise, 64, 0, 1, 40, 2080, 18957, 18957, 19749
  result is correct!
! 52, ise, 64, 0, 1, 44, 2288, 22785, 22785, 23761
  result is correct!
! 52, ise, 64, 0, 1, 48, 2496, 26965, 26965, 28102
  result is correct!
! 52, ise, 64, 0, 1, 52, 2704, 31497, 31497, 33017
  result is correct!
! 52, ise, 64, 0, 1, 56, 2912, 36381, 36381, 38115
  result is correct!
! 52, ise, 64, 0, 1, 60, 3120, 41617, 41617, 43619
  result is correct!
! 52, ise, 64, 0, 1, 64, 3328, 47205, 47205, 49398
  result is correct!
! 52, ise, 64, 0, 1, 68, 3536, 53145, 73532, 55606
  result is correct!
! 52, ise, 64, 0, 1, 72, 3744, 59437, 59437, 62190
  result is correct!
-----------------Showing intmul-rv64_ise_53_hybrid.log-----------------
! 53, ise, 64, 0, 1, 8, 424, 505, 534, 555
  result is correct!
! 53, ise, 64, 0, 1, 12, 636, 865, 900, 943
  result is correct!
! 53, ise, 64, 0, 1, 16, 848, 1329, 1360, 1422
  result is correct!
! 53, ise, 64, 0, 1, 20, 1060, 1866, 1897, 1979
  result is correct!
! 53, ise, 64, 0, 1, 24, 1272, 2504, 2535, 2638
  result is correct!
! 53, ise, 64, 0, 1, 28, 1484, 3238, 3269, 3414
  result is correct!
! 53, ise, 64, 0, 1, 32, 1696, 4068, 4099, 4284
  result is correct!
! 53, ise, 64, 0, 1, 36, 1908, 4994, 5025, 5294
  result is correct!
! 53, ise, 64, 0, 1, 40, 2120, 6016, 6047, 6314
  result is correct!
! 53, ise, 64, 0, 1, 44, 2332, 7134, 7165, 7611
  result is correct!
! 53, ise, 64, 0, 1, 48, 2544, 8348, 8379, 8729
  result is correct!
! 53, ise, 64, 0, 1, 52, 2756, 9658, 9689, 10101
  result is correct!
! 53, ise, 64, 0, 1, 56, 2968, 11064, 11095, 11731
  result is correct!
! 53, ise, 64, 0, 1, 60, 3180, 12566, 12597, 13153
  result is correct!
! 53, ise, 64, 0, 1, 64, 3392, 14164, 14195, 14951
  result is correct!
! 53, ise, 64, 0, 1, 68, 3604, 15858, 15889, 16570
  result is correct!
! 53, ise, 64, 0, 1, 72, 3816, 17648, 17679, 18487
  result is correct!
-----------------Showing intmul-rv64_ise_53_simple.log-----------------
! 53, ise, 64, 0, 1, 8, 424, 1005, 1005, 1047
  result is correct!
! 53, ise, 64, 0, 1, 12, 636, 2017, 2017, 2098
  result is correct!
! 53, ise, 64, 0, 1, 16, 848, 3381, 3381, 3524
  result is correct!
! 53, ise, 64, 0, 1, 20, 1060, 5097, 5097, 5320
  result is correct!
! 53, ise, 64, 0, 1, 24, 1272, 7165, 7165, 7480
  result is correct!
! 53, ise, 64, 0, 1, 28, 1484, 9585, 9585, 9992
  result is correct!
! 53, ise, 64, 0, 1, 32, 1696, 12357, 12357, 12946
  result is correct!
! 53, ise, 64, 0, 1, 36, 1908, 15481, 15481, 16132
  result is correct!
! 53, ise, 64, 0, 1, 40, 2120, 18957, 18962, 19770
  result is correct!
! 53, ise, 64, 0, 1, 44, 2332, 22785, 22785, 23738
  result is correct!
! 53, ise, 64, 0, 1, 48, 2544, 26965, 26965, 28103
  result is correct!
! 53, ise, 64, 0, 1, 52, 2756, 31497, 31497, 32957
  result is correct!
! 53, ise, 64, 0, 1, 56, 2968, 36381, 36381, 38070
  result is correct!
! 53, ise, 64, 0, 1, 60, 3180, 41617, 41617, 43570
  result is correct!
! 53, ise, 64, 0, 1, 64, 3392, 47205, 47205, 49399
  result is correct!
! 53, ise, 64, 0, 1, 68, 3604, 53145, 53145, 55671
  result is correct!
! 53, ise, 64, 0, 1, 72, 3816, 59437, 59437, 62163
  result is correct!
-----------------Showing intmul-rv64_ise_54_hybrid.log-----------------
! 54, ise, 64, 0, 1, 8, 432, 505, 534, 555
  result is correct!
! 54, ise, 64, 0, 1, 12, 648, 871, 900, 1006
  result is correct!
! 54, ise, 64, 0, 1, 16, 864, 1329, 1360, 1422
  result is correct!
! 54, ise, 64, 0, 1, 20, 1080, 1866, 1897, 1979
  result is correct!
! 54, ise, 64, 0, 1, 24, 1296, 2504, 2535, 2658
  result is correct!
! 54, ise, 64, 0, 1, 28, 1512, 3238, 3269, 3416
  result is correct!
! 54, ise, 64, 0, 1, 32, 1728, 4068, 4099, 4263
  result is correct!
! 54, ise, 64, 0, 1, 36, 1944, 4994, 5025, 5229
  result is correct!
! 54, ise, 64, 0, 1, 40, 2160, 6018, 6047, 6377
  result is correct!
! 54, ise, 64, 0, 1, 44, 2376, 7134, 7165, 7473
  result is correct!
! 54, ise, 64, 0, 1, 48, 2592, 8348, 8379, 8729
  result is correct!
! 54, ise, 64, 0, 1, 52, 2808, 9659, 9689, 10164
  result is correct!
! 54, ise, 64, 0, 1, 56, 3024, 11064, 11095, 11712
  result is correct!
! 54, ise, 64, 0, 1, 60, 3240, 12566, 12597, 13187
  result is correct!
! 54, ise, 64, 0, 1, 64, 3456, 14164, 14195, 14954
  result is correct!
! 54, ise, 64, 0, 1, 68, 3672, 15858, 15889, 16568
  result is correct!
! 54, ise, 64, 0, 1, 72, 3888, 17648, 17679, 18493
  result is correct!
-----------------Showing intmul-rv64_ise_54_simple.log-----------------
! 54, ise, 64, 0, 1, 8, 432, 1005, 1005, 1047
  result is correct!
! 54, ise, 64, 0, 1, 12, 648, 2017, 2017, 2098
  result is correct!
! 54, ise, 64, 0, 1, 16, 864, 3381, 3381, 3523
  result is correct!
! 54, ise, 64, 0, 1, 20, 1080, 5097, 5097, 5322
  result is correct!
! 54, ise, 64, 0, 1, 24, 1296, 7165, 7165, 7471
  result is correct!
! 54, ise, 64, 0, 1, 28, 1512, 9585, 9585, 9990
  result is correct!
! 54, ise, 64, 0, 1, 32, 1728, 12357, 12357, 12887
  result is correct!
! 54, ise, 64, 0, 1, 36, 1944, 15481, 15481, 16150
  result is correct!
! 54, ise, 64, 0, 1, 40, 2160, 18957, 18957, 19797
  result is correct!
! 54, ise, 64, 0, 1, 44, 2376, 22785, 22785, 23809
  result is correct!
! 54, ise, 64, 0, 1, 48, 2592, 26965, 26965, 28155
  result is correct!
! 54, ise, 64, 0, 1, 52, 2808, 31497, 31497, 32835
  result is correct!
! 54, ise, 64, 0, 1, 56, 3024, 36381, 36381, 38211
  result is correct!
! 54, ise, 64, 0, 1, 60, 3240, 41617, 41617, 43565
  result is correct!
! 54, ise, 64, 0, 1, 64, 3456, 47205, 47205, 49399
  result is correct!
! 54, ise, 64, 0, 1, 68, 3672, 53145, 53145, 55592
  result is correct!
! 54, ise, 64, 0, 1, 72, 3888, 59437, 59442, 62164
  result is correct!
-----------------Showing intmul-rv64_ise_55_hybrid.log-----------------
! 55, ise, 64, 0, 1, 8, 440, 505, 534, 555
  result is correct!
! 55, ise, 64, 0, 1, 12, 660, 871, 900, 943
  result is correct!
! 55, ise, 64, 0, 1, 16, 880, 1329, 1360, 1423
  result is correct!
! 55, ise, 64, 0, 1, 20, 1100, 1866, 1897, 1979
  result is correct!
! 55, ise, 64, 0, 1, 24, 1320, 2504, 2535, 2664
  result is correct!
! 55, ise, 64, 0, 1, 28, 1540, 3238, 3269, 3561
  result is correct!
! 55, ise, 64, 0, 1, 32, 1760, 4068, 4099, 4263
  result is correct!
! 55, ise, 64, 0, 1, 36, 1980, 4994, 5025, 5230
  result is correct!
! 55, ise, 64, 0, 1, 40, 2200, 6016, 6047, 6315
  result is correct!
! 55, ise, 64, 0, 1, 44, 2420, 7134, 7165, 7475
  result is correct!
! 55, ise, 64, 0, 1, 48, 2640, 8348, 8379, 8728
  result is correct!
! 55, ise, 64, 0, 1, 52, 2860, 9659, 9689, 10104
  result is correct!
! 55, ise, 64, 0, 1, 56, 3080, 11064, 11095, 11709
  result is correct!
! 55, ise, 64, 0, 1, 60, 3300, 12566, 12597, 13136
  result is correct!
! 55, ise, 64, 0, 1, 64, 3520, 14164, 14195, 14949
  result is correct!
! 55, ise, 64, 0, 1, 68, 3740, 15858, 15889, 16623
  result is correct!
! 55, ise, 64, 0, 1, 72, 3960, 17648, 17679, 18440
  result is correct!
-----------------Showing intmul-rv64_ise_55_simple.log-----------------
! 55, ise, 64, 0, 1, 8, 440, 1005, 1005, 1046
  result is correct!
! 55, ise, 64, 0, 1, 12, 660, 2017, 2017, 2098
  result is correct!
! 55, ise, 64, 0, 1, 16, 880, 3381, 3381, 3523
  result is correct!
! 55, ise, 64, 0, 1, 20, 1100, 5097, 5097, 5335
  result is correct!
! 55, ise, 64, 0, 1, 24, 1320, 7165, 7165, 7468
  result is correct!
! 55, ise, 64, 0, 1, 28, 1540, 9585, 9585, 10037
  result is correct!
! 55, ise, 64, 0, 1, 32, 1760, 12357, 12357, 12885
  result is correct!
! 55, ise, 64, 0, 1, 36, 1980, 15481, 15481, 16130
  result is correct!
! 55, ise, 64, 0, 1, 40, 2200, 18957, 18957, 19819
  result is correct!
! 55, ise, 64, 0, 1, 44, 2420, 22785, 22785, 23791
  result is correct!
! 55, ise, 64, 0, 1, 48, 2640, 26965, 26965, 28200
  result is correct!
! 55, ise, 64, 0, 1, 52, 2860, 31497, 31497, 32864
  result is correct!
! 55, ise, 64, 0, 1, 56, 3080, 36381, 36381, 38112
  result is correct!
! 55, ise, 64, 0, 1, 60, 3300, 41617, 41617, 43566
  result is correct!
! 55, ise, 64, 0, 1, 64, 3520, 47205, 47205, 49245
  result is correct!
! 55, ise, 64, 0, 1, 68, 3740, 53145, 53145, 55632
  result is correct!
! 55, ise, 64, 0, 1, 72, 3960, 59437, 59437, 62218
  result is correct!
-----------------Showing intmul-rv64_ise_56_hybrid.log-----------------
! 56, ise, 64, 0, 1, 8, 448, 505, 534, 559
  result is correct!
! 56, ise, 64, 0, 1, 12, 672, 871, 900, 942
  result is correct!
! 56, ise, 64, 0, 1, 16, 896, 1329, 1360, 1422
  result is correct!
! 56, ise, 64, 0, 1, 20, 1120, 1868, 1897, 1979
  result is correct!
! 56, ise, 64, 0, 1, 24, 1344, 2504, 2535, 2639
  result is correct!
! 56, ise, 64, 0, 1, 28, 1568, 3238, 3269, 3580
  result is correct!
! 56, ise, 64, 0, 1, 32, 1792, 4068, 4099, 4244
  result is correct!
! 56, ise, 64, 0, 1, 36, 2016, 4994, 5025, 5249
  result is correct!
! 56, ise, 64, 0, 1, 40, 2240, 6016, 6047, 6314
  result is correct!
! 56, ise, 64, 0, 1, 44, 2464, 7135, 7165, 7525
  result is correct!
! 56, ise, 64, 0, 1, 48, 2688, 8348, 8379, 8729
  result is correct!
! 56, ise, 64, 0, 1, 52, 2912, 9658, 9689, 10101
  result is correct!
! 56, ise, 64, 0, 1, 56, 3136, 11064, 11095, 11764
  result is correct!
! 56, ise, 64, 0, 1, 60, 3360, 12566, 12597, 13135
  result is correct!
! 56, ise, 64, 0, 1, 64, 3584, 14164, 14195, 14954
  result is correct!
! 56, ise, 64, 0, 1, 68, 3808, 15859, 15889, 16571
  result is correct!
! 56, ise, 64, 0, 1, 72, 4032, 17648, 17679, 18441
  result is correct!
-----------------Showing intmul-rv64_ise_56_simple.log-----------------
! 56, ise, 64, 0, 1, 8, 448, 1005, 1005, 1047
  result is correct!
! 56, ise, 64, 0, 1, 12, 672, 2017, 2017, 2098
  result is correct!
! 56, ise, 64, 0, 1, 16, 896, 3381, 3381, 3525
  result is correct!
! 56, ise, 64, 0, 1, 20, 1120, 5097, 5097, 5465
  result is correct!
! 56, ise, 64, 0, 1, 24, 1344, 7165, 7165, 7469
  result is correct!
! 56, ise, 64, 0, 1, 28, 1568, 9585, 9585, 9993
  result is correct!
! 56, ise, 64, 0, 1, 32, 1792, 12357, 12357, 12899
  result is correct!
! 56, ise, 64, 0, 1, 36, 2016, 15481, 15481, 16184
  result is correct!
! 56, ise, 64, 0, 1, 40, 2240, 18957, 18989, 19770
  result is correct!
! 56, ise, 64, 0, 1, 44, 2464, 22785, 22785, 23740
  result is correct!
! 56, ise, 64, 0, 1, 48, 2688, 26965, 26965, 28155
  result is correct!
! 56, ise, 64, 0, 1, 52, 2912, 31497, 31497, 32889
  result is correct!
! 56, ise, 64, 0, 1, 56, 3136, 36381, 36381, 38058
  result is correct!
! 56, ise, 64, 0, 1, 60, 3360, 41617, 41617, 43612
  result is correct!
! 56, ise, 64, 0, 1, 64, 3584, 47205, 47205, 49270
  result is correct!
! 56, ise, 64, 0, 1, 68, 3808, 53145, 53145, 55624
  result is correct!
! 56, ise, 64, 0, 1, 72, 4032, 59437, 59437, 62139
  result is correct!
-----------------Showing intmul-rv64_ise_57_hybrid.log-----------------
! 57, ise, 64, 0, 1, 8, 456, 499, 534, 556
  result is correct!
! 57, ise, 64, 0, 1, 12, 684, 870, 900, 942
  result is correct!
! 57, ise, 64, 0, 1, 16, 912, 1329, 1360, 1422
  result is correct!
! 57, ise, 64, 0, 1, 20, 1140, 1866, 1897, 1979
  result is correct!
! 57, ise, 64, 0, 1, 24, 1368, 2504, 2535, 2637
  result is correct!
! 57, ise, 64, 0, 1, 28, 1596, 3238, 3269, 3412
  result is correct!
! 57, ise, 64, 0, 1, 32, 1824, 4068, 4099, 4315
  result is correct!
! 57, ise, 64, 0, 1, 36, 2052, 4994, 5025, 5252
  result is correct!
! 57, ise, 64, 0, 1, 40, 2280, 6016, 6047, 6314
  result is correct!
! 57, ise, 64, 0, 1, 44, 2508, 7134, 7165, 7474
  result is correct!
! 57, ise, 64, 0, 1, 48, 2736, 8348, 8379, 8808
  result is correct!
! 57, ise, 64, 0, 1, 52, 2964, 9658, 9689, 10101
  result is correct!
! 57, ise, 64, 0, 1, 56, 3192, 11064, 11095, 11751
  result is correct!
! 57, ise, 64, 0, 1, 60, 3420, 12566, 12597, 13114
  result is correct!
! 57, ise, 64, 0, 1, 64, 3648, 14164, 14195, 14966
  result is correct!
! 57, ise, 64, 0, 1, 68, 3876, 15858, 15889, 16570
  result is correct!
! 57, ise, 64, 0, 1, 72, 4104, 17648, 17679, 18441
  result is correct!
-----------------Showing intmul-rv64_ise_57_simple.log-----------------
! 57, ise, 64, 0, 1, 8, 456, 1005, 1005, 1046
  result is correct!
! 57, ise, 64, 0, 1, 12, 684, 2017, 2017, 2098
  result is correct!
! 57, ise, 64, 0, 1, 16, 912, 3381, 3381, 3523
  result is correct!
! 57, ise, 64, 0, 1, 20, 1140, 5097, 5097, 5465
  result is correct!
! 57, ise, 64, 0, 1, 24, 1368, 7165, 7165, 7469
  result is correct!
! 57, ise, 64, 0, 1, 28, 1596, 9585, 9585, 9992
  result is correct!
! 57, ise, 64, 0, 1, 32, 1824, 12357, 12357, 13019
  result is correct!
! 57, ise, 64, 0, 1, 36, 2052, 15481, 15481, 16273
  result is correct!
! 57, ise, 64, 0, 1, 40, 2280, 18957, 18957, 19819
  result is correct!
! 57, ise, 64, 0, 1, 44, 2508, 22785, 22785, 23740
  result is correct!
! 57, ise, 64, 0, 1, 48, 2736, 26965, 26965, 28106
  result is correct!
! 57, ise, 64, 0, 1, 52, 2964, 31497, 31497, 32868
  result is correct!
! 57, ise, 64, 0, 1, 56, 3192, 36381, 36381, 38108
  result is correct!
! 57, ise, 64, 0, 1, 60, 3420, 41617, 41617, 43570
  result is correct!
! 57, ise, 64, 0, 1, 64, 3648, 47205, 47205, 49404
  result is correct!
! 57, ise, 64, 0, 1, 68, 3876, 53145, 53145, 55590
  result is correct!
! 57, ise, 64, 0, 1, 72, 4104, 59437, 59437, 62209
  result is correct!
-----------------Showing intmul-rv64_ise_58_hybrid.log-----------------
! 58, ise, 64, 0, 1, 8, 464, 504, 538, 557
  result is correct!
! 58, ise, 64, 0, 1, 12, 696, 863, 893, 935
  result is correct!
! 58, ise, 64, 0, 1, 16, 928, 1329, 1359, 1420
  result is correct!
! 58, ise, 64, 0, 1, 20, 1160, 1866, 1896, 1957
  result is correct!
! 58, ise, 64, 0, 1, 24, 1392, 2504, 2534, 2657
  result is correct!
! 58, ise, 64, 0, 1, 28, 1624, 3238, 3238, 3411
  result is correct!
! 58, ise, 64, 0, 1, 32, 1856, 4068, 4098, 4263
  result is correct!
! 58, ise, 64, 0, 1, 36, 2088, 4994, 5024, 5294
  result is correct!
! 58, ise, 64, 0, 1, 40, 2320, 6016, 6046, 6314
  result is correct!
! 58, ise, 64, 0, 1, 44, 2552, 7134, 7164, 7472
  result is correct!
! 58, ise, 64, 0, 1, 48, 2784, 8348, 8378, 8728
  result is correct!
! 58, ise, 64, 0, 1, 52, 3016, 9658, 9688, 10096
  result is correct!
! 58, ise, 64, 0, 1, 56, 3248, 11064, 11094, 11708
  result is correct!
! 58, ise, 64, 0, 1, 60, 3480, 12566, 12596, 13175
  result is correct!
! 58, ise, 64, 0, 1, 64, 3712, 14164, 14194, 14956
  result is correct!
-----------------Showing intmul-rv64_ise_58_simple.log-----------------
! 58, ise, 64, 0, 1, 8, 464, 1006, 1006, 1048
  result is correct!
! 58, ise, 64, 0, 1, 12, 696, 2018, 2018, 2100
  result is correct!
! 58, ise, 64, 0, 1, 16, 928, 3382, 3382, 3525
  result is correct!
! 58, ise, 64, 0, 1, 20, 1160, 5098, 5098, 5322
  result is correct!
! 58, ise, 64, 0, 1, 24, 1392, 7166, 7166, 7472
  result is correct!
! 58, ise, 64, 0, 1, 28, 1624, 9586, 9586, 10054
  result is correct!
! 58, ise, 64, 0, 1, 32, 1856, 12358, 12358, 12886
  result is correct!
! 58, ise, 64, 0, 1, 36, 2088, 15482, 15482, 16134
  result is correct!
! 58, ise, 64, 0, 1, 40, 2320, 18958, 18958, 19963
  result is correct!
! 58, ise, 64, 0, 1, 44, 2552, 22786, 22786, 23913
  result is correct!
! 58, ise, 64, 0, 1, 48, 2784, 26966, 26966, 28255
  result is correct!
! 58, ise, 64, 0, 1, 52, 3016, 31498, 31498, 33011
  result is correct!
! 58, ise, 64, 0, 1, 56, 3248, 36382, 36382, 37979
  result is correct!
! 58, ise, 64, 0, 1, 60, 3480, 41618, 41618, 43570
  result is correct!
! 58, ise, 64, 0, 1, 64, 3712, 47206, 47206, 49483
  result is correct!
-----------------Showing intmul-rv64_ise_59_hybrid.log-----------------
! 59, ise, 64, 0, 1, 8, 472, 503, 538, 563
  result is correct!
! 59, ise, 64, 0, 1, 12, 708, 863, 893, 937
  result is correct!
! 59, ise, 64, 0, 1, 16, 944, 1324, 1359, 1433
  result is correct!
! 59, ise, 64, 0, 1, 20, 1180, 1866, 1896, 1979
  result is correct!
! 59, ise, 64, 0, 1, 24, 1416, 2504, 2534, 2637
  result is correct!
! 59, ise, 64, 0, 1, 28, 1652, 3238, 3268, 3560
  result is correct!
! 59, ise, 64, 0, 1, 32, 1888, 4068, 4098, 4283
  result is correct!
-----------------Showing intmul-rv64_ise_59_simple.log-----------------
! 59, ise, 64, 0, 1, 8, 472, 1006, 1006, 1068
  result is correct!
! 59, ise, 64, 0, 1, 12, 708, 2018, 2018, 2099
  result is correct!
! 59, ise, 64, 0, 1, 16, 944, 3382, 23513, 3543
  result is correct!
! 59, ise, 64, 0, 1, 20, 1180, 5098, 5098, 5385
  result is correct!
! 59, ise, 64, 0, 1, 24, 1416, 7166, 7166, 7612
  result is correct!
! 59, ise, 64, 0, 1, 28, 1652, 9586, 9586, 9982
  result is correct!
! 59, ise, 64, 0, 1, 32, 1888, 12358, 12358, 12859
  result is correct!
-----------------Showing intmul-rv64_ise_60_hybrid.log-----------------
! 60, ise, 64, 0, 1, 8, 480, 511, 540, 565
  result is correct!
! 60, ise, 64, 0, 1, 12, 720, 865, 895, 940
  result is correct!
! 60, ise, 64, 0, 1, 16, 960, 1331, 1361, 1422
  result is correct!
-----------------Showing intmul-rv64_ise_60_simple.log-----------------
! 60, ise, 64, 0, 1, 8, 480, 1006, 1006, 1047
  result is correct!
! 60, ise, 64, 0, 1, 12, 720, 2018, 2018, 2098
  result is correct!
! 60, ise, 64, 0, 1, 16, 960, 3382, 3382, 3523
  result is correct!
-----------------Showing intmul-rv64_ise_61_hybrid.log-----------------
! 61, ise, 64, 0, 1, 8, 488, 456, 490, 515
  result is correct!
-----------------Showing intmul-rv64_ise_61_simple.log-----------------
! 61, ise, 64, 0, 1, 8, 488, 1000, 1000, 1041
  result is correct!
-----------------Showing intmul-rv64_ise_64_hybrid.log-----------------
! 64, ise, 64, 0, 1, 8, 512, 511, 558, 580
  result is correct!
! 64, ise, 64, 0, 1, 12, 768, 1051, 1086, 1130
  result is correct!
! 64, ise, 64, 0, 1, 16, 1024, 1747, 1792, 1874
  result is correct!
! 64, ise, 64, 0, 1, 20, 1280, 2634, 2678, 2780
  result is correct!
! 64, ise, 64, 0, 1, 24, 1536, 3706, 3750, 4063
  result is correct!
! 64, ise, 64, 0, 1, 28, 1792, 4964, 5036, 5232
  result is correct!
! 64, ise, 64, 0, 1, 32, 2048, 6408, 6452, 6740
  result is correct!
! 64, ise, 64, 0, 1, 36, 2304, 8038, 8082, 8429
  result is correct!
! 64, ise, 64, 0, 1, 40, 2560, 9854, 9898, 10329
  result is correct!
! 64, ise, 64, 0, 1, 44, 2816, 11856, 11900, 12474
  result is correct!
! 64, ise, 64, 0, 1, 48, 3072, 14044, 14088, 14839
  result is correct!
! 64, ise, 64, 0, 1, 52, 3328, 16418, 16462, 17157
  result is correct!
! 64, ise, 64, 0, 1, 56, 3584, 18962, 19022, 19891
  result is correct!
! 64, ise, 64, 0, 1, 60, 3840, 21724, 42224, 22759
  result is correct!
! 64, ise, 64, 0, 1, 64, 4096, 24656, 24700, 25795
  result is correct!
-----------------Showing intmul-rv64_ise_64_simple.log-----------------
! 64, ise, 64, 0, 1, 8, 512, 1122, 1122, 1184
  result is correct!
! 64, ise, 64, 0, 1, 12, 768, 2291, 2291, 2392
  result is correct!
! 64, ise, 64, 0, 1, 16, 1024, 3875, 3875, 4036
  result is correct!
! 64, ise, 64, 0, 1, 20, 1280, 5875, 5875, 6118
  result is correct!
! 64, ise, 64, 0, 1, 24, 1536, 8291, 8291, 8656
  result is correct!
! 64, ise, 64, 0, 1, 28, 1792, 11123, 11123, 11589
  result is correct!
! 64, ise, 64, 0, 1, 32, 2048, 14371, 14371, 15034
  result is correct!
! 64, ise, 64, 0, 1, 36, 2304, 18035, 18035, 18995
  result is correct!
! 64, ise, 64, 0, 1, 40, 2560, 22115, 22115, 23184
  result is correct!
! 64, ise, 64, 0, 1, 44, 2816, 26611, 26611, 27932
  result is correct!
! 64, ise, 64, 0, 1, 48, 3072, 31523, 31523, 33046
  result is correct!
! 64, ise, 64, 0, 1, 52, 3328, 36851, 36851, 38484
  result is correct!
! 64, ise, 64, 0, 1, 56, 3584, 42595, 42595, 44587
  result is correct!
! 64, ise, 64, 0, 1, 60, 3840, 48755, 48755, 51016
  result is correct!
! 64, ise, 64, 0, 1, 64, 4096, 55331, 55331, 57915
  result is correct!
