! 32, isa, 32, 1, 1, 8, 256, 10, 10, 769, 779, 770
  result is correct!
! 32, isa, 32, 1, 1, 12, 384, 10, 10, 1610, 2006, 1660
  result is correct!
! 32, isa, 32, 1, 1, 16, 512, 10, 10, 2770, 3267, 2820
  result is correct!
! 32, isa, 32, 1, 1, 20, 640, 10, 10, 4215, 4598, 4265
  result is correct!
! 32, isa, 32, 1, 1, 24, 768, 10, 10, 5979, 6458, 6088
  result is correct!
! 32, isa, 32, 1, 1, 28, 896, 10, 10, 8055, 8541, 8205
  result is correct!
! 32, isa, 32, 1, 1, 32, 1024, 10, 10, 10443, 10931, 10632
  result is correct!
! 32, isa, 32, 1, 1, 36, 1152, 10, 10, 13143, 13628, 13342
  result is correct!
! 32, isa, 32, 1, 1, 40, 1280, 10, 10, 16167, 16641, 16405
  result is correct!
! 32, isa, 32, 1, 1, 44, 1408, 10, 10, 19589, 19970, 19820
  result is correct!
! 32, isa, 32, 1, 1, 48, 1536, 10, 10, 23225, 23617, 23513
  result is correct!
! 32, isa, 32, 1, 1, 52, 1664, 10, 10, 27173, 27570, 27514
  result is correct!
! 32, isa, 32, 1, 1, 56, 1792, 10, 10, 31815, 32198, 31860
  result is correct!
! 32, isa, 32, 1, 1, 60, 1920, 10, 10, 36387, 36768, 36487
  result is correct!
! 32, isa, 32, 1, 1, 64, 2048, 10, 10, 41271, 41665, 41465
  result is correct!

--------------------Threshold debug data--------------------
! 32, isa, 32, 1, 1, 8, 256, 10

! @  779 769 769 769 769 769 769 769 769 769
! 32, isa, 32, 1, 1, 12, 384, 10

! @  1626 1610 1610 1610 1610 1610 1610 2006 1699 1610
! 32, isa, 32, 1, 1, 16, 512, 10

! @  3267 2782 2770 2770 2770 2770 2770 2770 2770 2770
! 32, isa, 32, 1, 1, 20, 640, 10

! @  4231 4215 4215 4598 4325 4215 4215 4215 4215 4215
! 32, isa, 32, 1, 1, 24, 768, 10

! @  6104 5979 5979 5979 6361 6089 5979 5979 5979 6458
! 32, isa, 32, 1, 1, 28, 896, 10

! @  8454 8165 8055 8055 8535 8072 8055 8055 8541 8067
! 32, isa, 32, 1, 1, 32, 1024, 10

! @  10459 10931 10455 10443 10931 10455 10827 10553 10443 10825
! 32, isa, 32, 1, 1, 36, 1152, 10

! @  13159 13628 13155 13628 13155 13525 13253 13526 13253 13143
! 32, isa, 32, 1, 1, 40, 1280, 10

! @  16569 16265 16539 16265 16556 16249 16641 16167 16641 16167
! 32, isa, 32, 1, 1, 44, 1408, 10

! @  19893 19589 19968 19879 19589 19970 19877 19589 19968 19878
! 32, isa, 32, 1, 1, 48, 1536, 10

! @  23617 23617 23513 23534 23299 23604 23512 23609 23225 23605
! 32, isa, 32, 1, 1, 52, 1664, 10

! @  27570 27557 27173 27552 27566 27566 27565 27566 27558 27468
! 32, isa, 32, 1, 1, 56, 1792, 10

! @  31841 31826 31824 31825 31825 32198 31816 31817 31815 31815
! 32, isa, 32, 1, 1, 60, 1920, 10

! @  36403 36487 36403 36765 36389 36387 36490 36398 36768 36388
! 32, isa, 32, 1, 1, 64, 2048, 10

! @  41665 41271 41374 41648 41374 41652 41272 41374 41652 41368
