! 23, ise, 32, 1, 1, 8, 184, 10, 10, 467, 475, 467
  result is correct!
! 23, ise, 32, 1, 1, 12, 276, 10, 10, 836, 842, 836
  result is correct!
! 23, ise, 32, 1, 1, 16, 368, 10, 10, 1299, 1305, 1299
  result is correct!
! 23, ise, 32, 1, 1, 20, 460, 10, 10, 1838, 2348, 1892
  result is correct!
! 23, ise, 32, 1, 1, 24, 552, 10, 10, 2477, 2904, 2530
  result is correct!
! 23, ise, 32, 1, 1, 28, 644, 10, 10, 3212, 3742, 3265
  result is correct!
! 23, ise, 32, 1, 1, 32, 736, 10, 10, 4043, 4553, 4097
  result is correct!
! 23, ise, 32, 1, 1, 36, 828, 10, 10, 4970, 5386, 5076
  result is correct!
! 23, ise, 32, 1, 1, 40, 920, 10, 10, 5993, 6502, 6108
  result is correct!
! 23, ise, 32, 1, 1, 44, 1012, 10, 10, 7112, 7623, 7220
  result is correct!
! 23, ise, 32, 1, 1, 48, 1104, 10, 10, 8327, 8842, 8487
  result is correct!
! 23, ise, 32, 1, 1, 52, 1196, 10, 10, 9638, 10149, 9802
  result is correct!
! 23, ise, 32, 1, 1, 56, 1288, 10, 10, 11045, 11556, 11257
  result is correct!
! 23, ise, 32, 1, 1, 60, 1380, 10, 10, 12548, 13080, 12764
  result is correct!
! 23, ise, 32, 1, 1, 64, 1472, 10, 10, 14174, 14663, 14414
  result is correct!
! 23, ise, 32, 1, 1, 68, 1564, 10, 10, 15869, 16354, 16111
  result is correct!
! 23, ise, 32, 1, 1, 72, 1656, 10, 10, 17747, 18146, 17952
  result is correct!

--------------------Threshold debug data--------------------
! 23, ise, 32, 1, 1, 8, 184, 10

! @  475 467 467 467 467 467 467 467 467 467
! 23, ise, 32, 1, 1, 12, 276, 10

! @  842 836 836 836 836 836 836 836 836 836
! 23, ise, 32, 1, 1, 16, 368, 10

! @  1305 1299 1299 1299 1299 1299 1299 1299 1299 1299
! 23, ise, 32, 1, 1, 20, 460, 10

! @  1844 1838 1838 1838 1838 2348 1865 1838 1838 1838
! 23, ise, 32, 1, 1, 24, 552, 10

! @  2483 2904 2580 2477 2477 2477 2477 2477 2477 2477
! 23, ise, 32, 1, 1, 28, 644, 10

! @  3218 3212 3212 3212 3212 3212 3212 3212 3742 3212
! 23, ise, 32, 1, 1, 32, 736, 10

! @  4049 4043 4043 4043 4553 4070 4043 4043 4043 4043
! 23, ise, 32, 1, 1, 36, 828, 10

! @  4976 5385 5084 4970 4970 4970 4970 5386 5084 4970
! 23, ise, 32, 1, 1, 40, 920, 10

! @  6112 5993 5993 5993 6407 6107 5993 5993 5993 6502
! 23, ise, 32, 1, 1, 44, 1012, 10

! @  7118 7112 7623 7139 7112 7112 7623 7139 7112 7112
! 23, ise, 32, 1, 1, 48, 1104, 10

! @  8842 8354 8327 8327 8837 8354 8327 8741 8441 8327
! 23, ise, 32, 1, 1, 52, 1196, 10

! @  9670 9638 10149 9665 9638 10149 9665 9638 10149 9665
! 23, ise, 32, 1, 1, 56, 1288, 10

! @  11465 11159 11045 11556 11072 11459 11159 11045 11459 11159
! 23, ise, 32, 1, 1, 60, 1380, 10

! @  12580 12961 12662 12548 13080 12548 13061 12575 12964 12662
! 23, ise, 32, 1, 1, 64, 1472, 10

! @  14663 14174 14658 14174 14657 14174 14560 14261 14561 14261
! 23, ise, 32, 1, 1, 68, 1564, 10

! @  15874 16354 16284 15956 16256 15956 16258 15956 16354 15869
! 23, ise, 32, 1, 1, 72, 1656, 10

! @  17752 18046 17747 18145 18073 17747 18047 17747 18146 18074
