! 32, ise, 32, 1, 1, 8, 256, 10, 10, 568, 578, 569
  result is correct!
! 32, ise, 32, 1, 1, 12, 384, 10, 10, 1178, 1194, 1184
  result is correct!
! 32, ise, 32, 1, 1, 16, 512, 10, 10, 1993, 2424, 2042
  result is correct!
! 32, ise, 32, 1, 1, 20, 640, 10, 10, 3015, 3446, 3063
  result is correct!
! 32, ise, 32, 1, 1, 24, 768, 10, 10, 4253, 4611, 4301
  result is correct!
! 32, ise, 32, 1, 1, 28, 896, 10, 10, 5707, 6162, 5799
  result is correct!
! 32, ise, 32, 1, 1, 32, 1024, 10, 10, 7377, 7747, 7505
  result is correct!
! 32, ise, 32, 1, 1, 36, 1152, 10, 10, 9263, 9621, 9402
  result is correct!
! 32, ise, 32, 1, 1, 40, 1280, 10, 10, 11365, 11820, 11546
  result is correct!
! 32, ise, 32, 1, 1, 44, 1408, 10, 10, 13687, 14119, 13911
  result is correct!
! 32, ise, 32, 1, 1, 48, 1536, 10, 10, 16246, 16655, 16486
  result is correct!
! 32, ise, 32, 1, 1, 52, 1664, 10, 10, 18986, 19404, 19243
  result is correct!
! 32, ise, 32, 1, 1, 56, 1792, 10, 10, 22017, 22393, 22253
  result is correct!
! 32, ise, 32, 1, 1, 60, 1920, 10, 10, 25199, 25568, 25514
  result is correct!
! 32, ise, 32, 1, 1, 64, 2048, 10, 10, 28891, 28986, 28957
  result is correct!

--------------------Threshold debug data--------------------
! 32, ise, 32, 1, 1, 8, 256, 10

! @  578 568 568 568 568 568 568 568 568 568
! 32, ise, 32, 1, 1, 12, 384, 10

! @  1194 1178 1184 1184 1184 1184 1184 1184 1184 1184
! 32, ise, 32, 1, 1, 16, 512, 10

! @  2018 2002 1998 1993 2424 2017 1998 1993 1993 1993
! 32, ise, 32, 1, 1, 20, 640, 10

! @  3054 3025 3015 3015 3015 3015 3015 3015 3015 3446
! 32, ise, 32, 1, 1, 24, 768, 10

! @  4274 4263 4253 4611 4347 4253 4253 4253 4253 4253
! 32, ise, 32, 1, 1, 28, 896, 10

! @  6162 5732 5707 5707 5707 6136 5722 5707 5707 5707
! 32, ise, 32, 1, 1, 32, 1024, 10

! @  7398 7747 7471 7377 7377 7736 7461 7377 7377 7736
! 32, ise, 32, 1, 1, 36, 1152, 10

! @  9302 9273 9621 9357 9263 9621 9347 9263 9551 9428
! 32, ise, 32, 1, 1, 40, 1280, 10

! @  11820 11390 11724 11449 11365 11797 11380 11365 11797 11380
! 32, ise, 32, 1, 1, 44, 1408, 10

! @  14061 13777 14046 13767 13687 14118 13712 14119 13712 14119
! 32, ise, 32, 1, 1, 48, 1536, 10

! @  16615 16311 16580 16301 16652 16246 16653 16246 16655 16605
! 32, ise, 32, 1, 1, 52, 1664, 10

! @  19364 19061 19403 19355 19051 19402 18986 19404 19355 19051
! 32, ise, 32, 1, 1, 56, 1792, 10

! @  22331 22027 22369 22393 22321 22017 22369 22381 22310 22017
! 32, ise, 32, 1, 1, 60, 1920, 10

! @  25513 25566 25566 25199 25551 25565 25568 25503 25557 25558
! 32, ise, 32, 1, 1, 64, 2048, 10

! @  28986 28974 28964 28964 28966 28964 28891 28956 28955 28956
