>>>>
====
REPO_HOME         := auto-generated-text
RISCV             := auto-generated-text
MPISE_DESTRUCTIVE := 0
MPISE_STATELESS   := 1
----
ARCH              := rv64
TYPE              := ise
RADIX             := 64
PLATFORM          := cva6-fpga
VERSION           := simple
<<<<
bbl loader
! 64, ise, 64, 0, 1, 8, 512, 10, 9, 491, 491, 491
  result is correct!
! 64, ise, 64, 0, 1, 12, 768, 10, 9, 1019, 1019, 1019
  result is correct!
! 64, ise, 64, 0, 1, 16, 1024, 10, 8, 1736, 1738, 1736
  result is correct!
! 64, ise, 64, 0, 1, 20, 1280, 10, 8, 2622, 2624, 2622
  result is correct!
! 64, ise, 64, 0, 1, 24, 1536, 10, 8, 3694, 3696, 3694
  result is correct!
! 64, ise, 64, 0, 1, 28, 1792, 10, 6, 4952, 4954, 4952
  result is correct!
! 64, ise, 64, 0, 1, 32, 2048, 10, 5, 6396, 6396, 6396
  result is correct!
! 64, ise, 64, 0, 1, 36, 2304, 10, 7, 8026, 8131, 8059
  result is correct!
! 64, ise, 64, 0, 1, 40, 2560, 10, 4, 9842, 9844, 9842
  result is correct!
! 64, ise, 64, 0, 1, 44, 2816, 10, 2, 11844, 11844, 11844
  result is correct!
! 64, ise, 64, 0, 1, 48, 3072, 10, 5, 14057, 14137, 14121
  result is correct!
! 64, ise, 64, 0, 1, 52, 3328, 10, 4, 16431, 16511, 16491
  result is correct!
! 64, ise, 64, 0, 1, 56, 3584, 10, 4, 18991, 19071, 19051
  result is correct!
! 64, ise, 64, 0, 1, 60, 3840, 10, 3, 21817, 21869, 21834
  result is correct!
! 64, ise, 64, 0, 1, 64, 4096, 10, 1, 25038, 25038, 25038
  result is correct!
