>>>>
====
REPO_HOME         := auto-generated-text
RISCV             := auto-generated-text
MPISE_DESTRUCTIVE := 0
MPISE_STATELESS   := 1
----
ARCH              := rv64
TYPE              := ise
RADIX             := 50
PLATFORM          := cva6-fpga
VERSION           := hybrid
<<<<
bbl loader
! 50, ise, 64, 0, 1, 8, 400, 10, 9, 444, 444, 444
  result is correct!
! 50, ise, 64, 0, 1, 12, 600, 10, 9, 815, 815, 815
  result is correct!
! 50, ise, 64, 0, 1, 16, 800, 10, 9, 1275, 1275, 1275
  result is correct!
! 50, ise, 64, 0, 1, 20, 1000, 10, 8, 1812, 1817, 1812
  result is correct!
! 50, ise, 64, 0, 1, 24, 1200, 10, 8, 2450, 2455, 2450
  result is correct!
! 50, ise, 64, 0, 1, 28, 1400, 10, 7, 3184, 3184, 3184
  result is correct!
! 50, ise, 64, 0, 1, 32, 1600, 10, 8, 4014, 4019, 4014
  result is correct!
! 50, ise, 64, 0, 1, 36, 1800, 10, 6, 4940, 4945, 4940
  result is correct!
! 50, ise, 64, 0, 1, 40, 2000, 10, 6, 5965, 5965, 5965
  result is correct!
! 50, ise, 64, 0, 1, 44, 2200, 10, 6, 7080, 7085, 7080
  result is correct!
! 50, ise, 64, 0, 1, 48, 2400, 10, 5, 8294, 8335, 8302
  result is correct!
! 50, ise, 64, 0, 1, 52, 2600, 10, 3, 9604, 9604, 9604
  result is correct!
! 50, ise, 64, 0, 1, 56, 2800, 10, 3, 11010, 11051, 11023
  result is correct!
! 50, ise, 64, 0, 1, 60, 3000, 10, 4, 12512, 12558, 12544
  result is correct!
! 50, ise, 64, 0, 1, 64, 3200, 10, 5, 14151, 14252, 14203
  result is correct!
! 50, ise, 64, 0, 1, 68, 3400, 10, 5, 15850, 15946, 15926
  result is correct!
! 50, ise, 64, 0, 1, 72, 3600, 10, 5, 17635, 17821, 17733
  result is correct!
