>>>>
====
REPO_HOME         := auto-generated-text
RISCV             := auto-generated-text
MPISE_DESTRUCTIVE := 0
MPISE_STATELESS   := 1
----
ARCH              := rv64
TYPE              := isa
RADIX             := 64
PLATFORM          := cva6-fpga
VERSION           := simple
<<<<
bbl loader
! 64, isa, 64, 0, 1, 8, 512, 10, 9, 746, 746, 746
  result is correct!
! 64, isa, 64, 0, 1, 12, 768, 10, 8, 1591, 1593, 1591
  result is correct!
! 64, isa, 64, 0, 1, 16, 1024, 10, 8, 2749, 2749, 2749
  result is correct!
! 64, isa, 64, 0, 1, 20, 1280, 10, 8, 4202, 4204, 4202
  result is correct!
! 64, isa, 64, 0, 1, 24, 1536, 10, 6, 5967, 5967, 5967
  result is correct!
! 64, isa, 64, 0, 1, 28, 1792, 10, 7, 8044, 8183, 8080
  result is correct!
! 64, isa, 64, 0, 1, 32, 2048, 10, 6, 10433, 10572, 10464
  result is correct!
! 64, isa, 64, 0, 1, 36, 2304, 10, 2, 13134, 13136, 13135
  result is correct!
! 64, isa, 64, 0, 1, 40, 2560, 10, 2, 16170, 16170, 16170
  result is correct!
! 64, isa, 64, 0, 1, 44, 2816, 10, 3, 19611, 19611, 19611
  result is correct!
! 64, isa, 64, 0, 1, 48, 3072, 10, 2, 23532, 23538, 23535
  result is correct!
! 64, isa, 64, 0, 1, 52, 3328, 10, 1, 27572, 27572, 27572
  result is correct!
! 64, isa, 64, 0, 1, 56, 3584, 10, 4, 31853, 31854, 31853
  result is correct!
! 64, isa, 64, 0, 1, 60, 3840, 10, 6, 36426, 36438, 36433
  result is correct!
! 64, isa, 64, 0, 1, 64, 4096, 10, 3, 41317, 41318, 41317
  result is correct!
