! 25, isa, 32, 0, 0, 8, 200, 10, 10, 828, 836, 828
  result is correct!
! 25, isa, 32, 0, 0, 12, 300, 10, 10, 1619, 2150, 1676
  result is correct!
! 25, isa, 32, 0, 0, 16, 400, 10, 10, 2662, 3103, 2718
  result is correct!
! 25, isa, 32, 0, 0, 20, 500, 10, 10, 3937, 4372, 3993
  result is correct!
! 25, isa, 32, 0, 0, 24, 600, 10, 10, 5470, 5910, 5583
  result is correct!
! 25, isa, 32, 0, 0, 28, 700, 10, 10, 7257, 7807, 7371
  result is correct!
! 25, isa, 32, 0, 0, 32, 800, 10, 10, 9298, 9733, 9469
  result is correct!
! 25, isa, 32, 0, 0, 36, 900, 10, 10, 11593, 12147, 11819
  result is correct!
! 25, isa, 32, 0, 0, 40, 1000, 10, 10, 14164, 14697, 14426
  result is correct!
! 25, isa, 32, 0, 0, 44, 1100, 10, 10, 16967, 17497, 17283
  result is correct!
! 25, isa, 32, 0, 0, 48, 1200, 10, 10, 20130, 20557, 20397
  result is correct!
! 25, isa, 32, 0, 0, 52, 1300, 10, 10, 23441, 23884, 23766
  result is correct!
! 25, isa, 32, 0, 0, 56, 1400, 10, 10, 27006, 27450, 27390
  result is correct!
! 25, isa, 32, 0, 0, 60, 1500, 10, 10, 31267, 31374, 31279
  result is correct!
! 25, isa, 32, 0, 0, 64, 1600, 10, 10, 35330, 35732, 35436
  result is correct!
! 25, isa, 32, 0, 0, 68, 1700, 10, 10, 39657, 40052, 39811
  result is correct!
! 25, isa, 32, 0, 0, 72, 1800, 10, 10, 44239, 44637, 44482
  result is correct!

--------------------Threshold debug data--------------------
! 25, isa, 32, 0, 0, 8, 200, 10

! @  836 828 828 828 828 828 828 828 828 828
! 25, isa, 32, 0, 0, 12, 300, 10

! @  1625 1619 1619 1619 1619 1619 1619 2150 1653 1619
! 25, isa, 32, 0, 0, 16, 400, 10

! @  3103 2790 2662 2662 2662 2662 2662 2662 2662 2662
! 25, isa, 32, 0, 0, 20, 500, 10

! @  3943 3937 3937 3937 4372 4065 3937 3937 3937 3937
! 25, isa, 32, 0, 0, 24, 600, 10

! @  5910 5598 5470 5470 5470 5877 5626 5470 5470 5470
! 25, isa, 32, 0, 0, 28, 700, 10

! @  7263 7257 7807 7279 7257 7257 7805 7279 7257 7257
! 25, isa, 32, 0, 0, 32, 800, 10

! @  9325 9298 9731 9426 9298 9731 9426 9298 9733 9426
! 25, isa, 32, 0, 0, 36, 900, 10

! @  12147 11615 12026 11721 11593 12141 11615 12026 11721 11593
! 25, isa, 32, 0, 0, 40, 1000, 10

! @  14697 14164 14692 14164 14688 14169 14577 14270 14576 14270
! 25, isa, 32, 0, 0, 44, 1100, 10

! @  17497 16967 17493 17401 17073 17380 17073 17491 16967 17497
! 25, isa, 32, 0, 0, 48, 1200, 10

! @  20557 20458 20130 20551 20458 20130 20552 20458 20130 20553
! 25, isa, 32, 0, 0, 52, 1300, 10

! @  23867 23884 23769 23874 23441 23864 23883 23770 23875 23441
! 25, isa, 32, 0, 0, 56, 1400, 10

! @  27443 27006 27430 27449 27450 27450 27449 27446 27339 27439
! 25, isa, 32, 0, 0, 60, 1500, 10

! @  31374 31270 31273 31269 31269 31268 31267 31268 31269 31270
! 25, isa, 32, 0, 0, 64, 1600, 10

! @  35732 35333 35331 35445 35346 35343 35727 35332 35330 35448
! 25, isa, 32, 0, 0, 68, 1700, 10

! @  39707 39732 40051 39659 39775 40052 39657 39775 40052 39658
! 25, isa, 32, 0, 0, 72, 1800, 10

! @  44635 44354 44631 44357 44632 44350 44637 44351 44636 44239
