! 29, isa, 32, 0, 0, 8, 232, 10, 10, 828, 834, 828
  result is correct!
! 29, isa, 32, 0, 0, 12, 348, 10, 10, 1619, 2141, 1676
  result is correct!
! 29, isa, 32, 0, 0, 16, 464, 10, 10, 2662, 3104, 2718
  result is correct!
! 29, isa, 32, 0, 0, 20, 580, 10, 10, 3937, 4365, 3993
  result is correct!
! 29, isa, 32, 0, 0, 24, 696, 10, 10, 5470, 5912, 5582
  result is correct!
! 29, isa, 32, 0, 0, 28, 812, 10, 10, 7257, 7803, 7370
  result is correct!
! 29, isa, 32, 0, 0, 32, 928, 10, 10, 9298, 9728, 9467
  result is correct!
! 29, isa, 32, 0, 0, 36, 1044, 10, 10, 11593, 12150, 11817
  result is correct!
! 29, isa, 32, 0, 0, 40, 1160, 10, 10, 14160, 14702, 14423
  result is correct!
! 29, isa, 32, 0, 0, 44, 1276, 10, 10, 16963, 17504, 17280
  result is correct!
! 29, isa, 32, 0, 0, 48, 1392, 10, 10, 20126, 20560, 20392
  result is correct!
! 29, isa, 32, 0, 0, 52, 1508, 10, 10, 23437, 23878, 23760
  result is correct!
! 29, isa, 32, 0, 0, 56, 1624, 10, 10, 27002, 27447, 27384
  result is correct!
! 29, isa, 32, 0, 0, 60, 1740, 10, 10, 31259, 31352, 31272
  result is correct!
! 29, isa, 32, 0, 0, 64, 1856, 10, 10, 35323, 35729, 35427
  result is correct!

--------------------Threshold debug data--------------------
! 29, isa, 32, 0, 0, 8, 232, 10

! @  834 828 828 828 828 828 828 828 828 828
! 29, isa, 32, 0, 0, 12, 348, 10

! @  1633 1619 1619 1619 1619 1619 1619 2141 1655 1619
! 29, isa, 32, 0, 0, 16, 464, 10

! @  3104 2786 2662 2662 2662 2662 2662 2662 2662 2662
! 29, isa, 32, 0, 0, 20, 580, 10

! @  3951 3937 3937 3937 4365 4061 3937 3937 3937 3937
! 29, isa, 32, 0, 0, 24, 696, 10

! @  5912 5594 5470 5470 5470 5848 5647 5470 5470 5470
! 29, isa, 32, 0, 0, 28, 812, 10

! @  7271 7257 7797 7275 7257 7257 7803 7275 7257 7257
! 29, isa, 32, 0, 0, 32, 928, 10

! @  9333 9298 9726 9422 9298 9727 9422 9298 9728 9422
! 29, isa, 32, 0, 0, 36, 1044, 10

! @  12150 11611 12022 11717 11593 12139 11611 12023 11717 11593
! 29, isa, 32, 0, 0, 40, 1160, 10

! @  14702 14160 14687 14160 14684 14165 14572 14266 14570 14266
! 29, isa, 32, 0, 0, 44, 1276, 10

! @  17504 16963 17490 17393 17069 17374 17069 17491 16963 17492
! 29, isa, 32, 0, 0, 48, 1392, 10

! @  20560 20450 20126 20547 20448 20126 20547 20449 20126 20549
! 29, isa, 32, 0, 0, 52, 1508, 10

! @  23870 23878 23760 23867 23437 23857 23877 23760 23865 23437
! 29, isa, 32, 0, 0, 56, 1624, 10

! @  27447 27002 27424 27441 27443 27441 27443 27437 27330 27434
! 29, isa, 32, 0, 0, 60, 1740, 10

! @  31352 31283 31265 31261 31259 31261 31260 31259 31262 31260
! 29, isa, 32, 0, 0, 64, 1856, 10

! @  35729 35323 35324 35411 35356 35334 35713 35323 35324 35440
