>>>>
====
REPO_HOME         := auto-generated-text
RISCV             := auto-generated-text
MPISE_DESTRUCTIVE := 1
MPISE_STATELESS   := 0
----
ARCH              := rv32
TYPE              := isa
RADIX             := 29
PLATFORM          := cva6-fpga
VERSION           := simple
<<<<
bbl loader
! 29, isa, 32, 1, 0, 8, 232, 1000, 746, 1226, 1226, 1226
  result is correct!
! 29, isa, 32, 1, 0, 12, 348, 1000, 955, 2490, 2490, 2490
  result is correct!
! 29, isa, 32, 1, 0, 16, 464, 1000, 932, 4202, 4202, 4202
  result is correct!
! 29, isa, 32, 1, 0, 20, 580, 1000, 894, 6362, 6362, 6362
  result is correct!
! 29, isa, 32, 1, 0, 24, 696, 1000, 855, 8970, 8970, 8970
  result is correct!
! 29, isa, 32, 1, 0, 28, 812, 1000, 814, 12026, 12026, 12026
  result is correct!
! 29, isa, 32, 1, 0, 32, 928, 1000, 765, 15530, 15530, 15530
  result is correct!
! 29, isa, 32, 1, 0, 36, 1044, 1000, 713, 19482, 19483, 19482
  result is correct!
! 29, isa, 32, 1, 0, 40, 1160, 1000, 651, 23882, 23883, 23882
  result is correct!
! 29, isa, 32, 1, 0, 44, 1276, 1000, 579, 28730, 28731, 28730
  result is correct!
! 29, isa, 32, 1, 0, 48, 1392, 1000, 749, 34026, 34924, 34093
  result is correct!
! 29, isa, 32, 1, 0, 52, 1508, 1000, 709, 39770, 40748, 39852
  result is correct!
! 29, isa, 32, 1, 0, 56, 1624, 1000, 661, 45962, 46692, 46022
  result is correct!
! 29, isa, 32, 1, 0, 60, 1740, 1000, 615, 52602, 53675, 52749
  result is correct!
! 29, isa, 32, 1, 0, 64, 1856, 1000, 564, 59690, 60809, 59876
  result is correct!
