>>>>
====
REPO_HOME         := auto-generated-text
RISCV             := auto-generated-text
MPISE_DESTRUCTIVE := 1
MPISE_STATELESS   := 0
----
ARCH              := rv32
TYPE              := ise
RADIX             := 20
PLATFORM          := cva6-fpga
VERSION           := hybrid
<<<<
bbl loader
! 20, ise, 32, 1, 0, 8, 160, 1000, 125, 462, 462, 462
  result is correct!
! 20, ise, 32, 1, 0, 12, 240, 1000, 492, 836, 836, 836
  result is correct!
! 20, ise, 32, 1, 0, 16, 320, 1000, 490, 1299, 1299, 1299
  result is correct!
! 20, ise, 32, 1, 0, 20, 400, 1000, 486, 1838, 1838, 1838
  result is correct!
! 20, ise, 32, 1, 0, 24, 480, 1000, 482, 2477, 2477, 2477
  result is correct!
! 20, ise, 32, 1, 0, 28, 560, 1000, 476, 3212, 3212, 3212
  result is correct!
! 20, ise, 32, 1, 0, 32, 640, 1000, 471, 4043, 4043, 4043
  result is correct!
! 20, ise, 32, 1, 0, 36, 720, 1000, 462, 4970, 4970, 4970
  result is correct!
! 20, ise, 32, 1, 0, 40, 800, 1000, 456, 5993, 5993, 5993
  result is correct!
! 20, ise, 32, 1, 0, 44, 880, 1000, 446, 7112, 7112, 7112
  result is correct!
! 20, ise, 32, 1, 0, 48, 960, 1000, 438, 8327, 8327, 8327
  result is correct!
! 20, ise, 32, 1, 0, 52, 1040, 1000, 429, 9638, 9638, 9638
  result is correct!
! 20, ise, 32, 1, 0, 56, 1120, 1000, 414, 11045, 11045, 11045
  result is correct!
! 20, ise, 32, 1, 0, 60, 1200, 1000, 407, 12548, 12548, 12548
  result is correct!
! 20, ise, 32, 1, 0, 64, 1280, 1000, 395, 14147, 14147, 14147
  result is correct!
! 20, ise, 32, 1, 0, 68, 1360, 1000, 382, 15842, 15842, 15842
  result is correct!
! 20, ise, 32, 1, 0, 72, 1440, 1000, 368, 17633, 17633, 17633
  result is correct!
