>>>>
====
REPO_HOME         := auto-generated-text
RISCV             := auto-generated-text
MPISE_DESTRUCTIVE := 1
MPISE_STATELESS   := 0
----
ARCH              := rv32
TYPE              := isa
RADIX             := 21
PLATFORM          := cva6-fpga
VERSION           := simple
<<<<
bbl loader
! 21, isa, 32, 1, 0, 8, 168, 1000, 737, 1219, 1219, 1219
  result is correct!
! 21, isa, 32, 1, 0, 12, 252, 1000, 960, 2479, 2479, 2479
  result is correct!
! 21, isa, 32, 1, 0, 16, 336, 1000, 926, 4187, 4187, 4187
  result is correct!
! 21, isa, 32, 1, 0, 20, 420, 1000, 902, 6343, 6343, 6343
  result is correct!
! 21, isa, 32, 1, 0, 24, 504, 1000, 864, 8947, 8947, 8947
  result is correct!
! 21, isa, 32, 1, 0, 28, 588, 1000, 825, 11999, 11999, 11999
  result is correct!
! 21, isa, 32, 1, 0, 32, 672, 1000, 766, 15499, 15499, 15499
  result is correct!
! 21, isa, 32, 1, 0, 36, 756, 1000, 727, 19447, 19452, 19447
  result is correct!
! 21, isa, 32, 1, 0, 40, 840, 1000, 668, 23843, 23848, 23843
  result is correct!
! 21, isa, 32, 1, 0, 44, 924, 1000, 605, 28687, 28692, 28687
  result is correct!
! 21, isa, 32, 1, 0, 48, 1008, 1000, 526, 33979, 33984, 33979
  result is correct!
! 21, isa, 32, 1, 0, 52, 1092, 1000, 707, 39719, 40644, 39802
  result is correct!
! 21, isa, 32, 1, 0, 56, 1176, 1000, 659, 45907, 46776, 45972
  result is correct!
! 21, isa, 32, 1, 0, 60, 1260, 1000, 614, 52543, 53446, 52678
  result is correct!
! 21, isa, 32, 1, 0, 64, 1344, 1000, 560, 59627, 60787, 59806
  result is correct!
! 21, isa, 32, 1, 0, 68, 1428, 1000, 505, 67159, 68201, 67376
  result is correct!
! 21, isa, 32, 1, 0, 72, 1512, 1000, 446, 75139, 76389, 75417
  result is correct!
