>>>>
====
REPO_HOME         := auto-generated-text
RISCV             := auto-generated-text
MPISE_DESTRUCTIVE := 1
MPISE_STATELESS   := 0
----
ARCH              := rv32
TYPE              := isa
RADIX             := 25
PLATFORM          := cva6-fpga
VERSION           := hybrid
<<<<
bbl loader
! 25, isa, 32, 1, 0, 8, 200, 1000, 124, 824, 824, 824
  result is correct!
! 25, isa, 32, 1, 0, 12, 300, 1000, 486, 1621, 1621, 1621
  result is correct!
! 25, isa, 32, 1, 0, 16, 400, 1000, 477, 2662, 2662, 2662
  result is correct!
! 25, isa, 32, 1, 0, 20, 500, 1000, 466, 3937, 3937, 3937
  result is correct!
! 25, isa, 32, 1, 0, 24, 600, 1000, 453, 5470, 5470, 5470
  result is correct!
! 25, isa, 32, 1, 0, 28, 700, 1000, 444, 7257, 7257, 7257
  result is correct!
! 25, isa, 32, 1, 0, 32, 800, 1000, 429, 9298, 9304, 9298
  result is correct!
! 25, isa, 32, 1, 0, 36, 900, 1000, 406, 11593, 11593, 11593
  result is correct!
! 25, isa, 32, 1, 0, 40, 1000, 1000, 383, 14142, 14142, 14142
  result is correct!
! 25, isa, 32, 1, 0, 44, 1100, 1000, 366, 16945, 16949, 16945
  result is correct!
! 25, isa, 32, 1, 0, 48, 1200, 1000, 339, 20002, 20002, 20002
  result is correct!
! 25, isa, 32, 1, 0, 52, 1300, 1000, 743, 23313, 23557, 23329
  result is correct!
! 25, isa, 32, 1, 0, 56, 1400, 1000, 707, 26878, 27147, 26896
  result is correct!
! 25, isa, 32, 1, 0, 60, 1500, 1000, 674, 30697, 31008, 30721
  result is correct!
! 25, isa, 32, 1, 0, 64, 1600, 1000, 740, 34770, 36531, 34890
  result is correct!
! 25, isa, 32, 1, 0, 68, 1700, 1000, 708, 39097, 40963, 39238
  result is correct!
! 25, isa, 32, 1, 0, 72, 1800, 1000, 673, 43678, 44883, 43836
  result is correct!
