>>>>
====
REPO_HOME         := auto-generated-text
RISCV             := auto-generated-text
MPISE_DESTRUCTIVE := 1
MPISE_STATELESS   := 0
----
ARCH              := rv32
TYPE              := ise
RADIX             := 24
PLATFORM          := cva6-fpga
VERSION           := simple
<<<<
bbl loader
! 24, ise, 32, 1, 0, 8, 192, 1000, 393, 1018, 1019, 1018
  result is correct!
! 24, ise, 32, 1, 0, 12, 288, 1000, 968, 2035, 2036, 2035
  result is correct!
! 24, ise, 32, 1, 0, 16, 384, 1000, 949, 3403, 3404, 3403
  result is correct!
! 24, ise, 32, 1, 0, 20, 480, 1000, 921, 5123, 5124, 5123
  result is correct!
! 24, ise, 32, 1, 0, 24, 576, 1000, 892, 7195, 7196, 7195
  result is correct!
! 24, ise, 32, 1, 0, 28, 672, 1000, 856, 9619, 9620, 9619
  result is correct!
! 24, ise, 32, 1, 0, 32, 768, 1000, 820, 12395, 12396, 12395
  result is correct!
! 24, ise, 32, 1, 0, 36, 864, 1000, 771, 15523, 15524, 15523
  result is correct!
! 24, ise, 32, 1, 0, 40, 960, 1000, 379, 19003, 19003, 19003
  result is correct!
! 24, ise, 32, 1, 0, 44, 1056, 1000, 347, 22835, 22835, 22835
  result is correct!
! 24, ise, 32, 1, 0, 48, 1152, 1000, 729, 27019, 27217, 27029
  result is correct!
! 24, ise, 32, 1, 0, 52, 1248, 1000, 681, 31555, 31766, 31567
  result is correct!
! 24, ise, 32, 1, 0, 56, 1344, 1000, 731, 36443, 37297, 36518
  result is correct!
! 24, ise, 32, 1, 0, 60, 1440, 1000, 693, 41683, 42549, 41772
  result is correct!
! 24, ise, 32, 1, 0, 64, 1536, 1000, 654, 47275, 48463, 47392
  result is correct!
! 24, ise, 32, 1, 0, 68, 1632, 1000, 608, 53219, 54233, 53359
  result is correct!
! 24, ise, 32, 1, 0, 72, 1728, 1000, 563, 59515, 60527, 59689
  result is correct!
