>>>>
====
REPO_HOME         := auto-generated-text
RISCV             := auto-generated-text
MPISE_DESTRUCTIVE := 1
MPISE_STATELESS   := 0
----
ARCH              := rv32
TYPE              := ise
RADIX             := 32
PLATFORM          := cva6-fpga
VERSION           := hybrid
<<<<
bbl loader
! 32, ise, 32, 1, 0, 8, 256, 1000, 496, 577, 577, 577
  result is correct!
! 32, ise, 32, 1, 0, 12, 384, 1000, 489, 1183, 1183, 1183
  result is correct!
! 32, ise, 32, 1, 0, 16, 512, 1000, 485, 2002, 2002, 2002
  result is correct!
! 32, ise, 32, 1, 0, 20, 640, 1000, 478, 3024, 3024, 3024
  result is correct!
! 32, ise, 32, 1, 0, 24, 768, 1000, 467, 4262, 4262, 4262
  result is correct!
! 32, ise, 32, 1, 0, 28, 896, 1000, 458, 5716, 5716, 5716
  result is correct!
! 32, ise, 32, 1, 0, 32, 1024, 1000, 446, 7386, 7386, 7386
  result is correct!
! 32, ise, 32, 1, 0, 36, 1152, 1000, 431, 9272, 9272, 9272
  result is correct!
! 32, ise, 32, 1, 0, 40, 1280, 1000, 415, 11374, 11374, 11374
  result is correct!
! 32, ise, 32, 1, 0, 44, 1408, 1000, 398, 13692, 13692, 13692
  result is correct!
! 32, ise, 32, 1, 0, 48, 1536, 1000, 379, 16226, 16226, 16226
  result is correct!
! 32, ise, 32, 1, 0, 52, 1664, 1000, 360, 18976, 18976, 18976
  result is correct!
! 32, ise, 32, 1, 0, 56, 1792, 1000, 337, 21942, 21942, 21942
  result is correct!
! 32, ise, 32, 1, 0, 60, 1920, 1000, 731, 25124, 25476, 25146
  result is correct!
! 32, ise, 32, 1, 0, 64, 2048, 1000, 689, 28522, 28936, 28547
  result is correct!
