>>>>
====
REPO_HOME         := auto-generated-text
RISCV             := auto-generated-text
MPISE_DESTRUCTIVE := 1
MPISE_STATELESS   := 0
----
ARCH              := rv32
TYPE              := isa
RADIX             := 22
PLATFORM          := cva6-fpga
VERSION           := simple
<<<<
bbl loader
! 22, isa, 32, 1, 0, 8, 176, 1000, 735, 1219, 1219, 1219
  result is correct!
! 22, isa, 32, 1, 0, 12, 264, 1000, 956, 2479, 2479, 2479
  result is correct!
! 22, isa, 32, 1, 0, 16, 352, 1000, 929, 4187, 4187, 4187
  result is correct!
! 22, isa, 32, 1, 0, 20, 440, 1000, 910, 6343, 6343, 6343
  result is correct!
! 22, isa, 32, 1, 0, 24, 528, 1000, 869, 8947, 8947, 8947
  result is correct!
! 22, isa, 32, 1, 0, 28, 616, 1000, 820, 11999, 11999, 11999
  result is correct!
! 22, isa, 32, 1, 0, 32, 704, 1000, 759, 15499, 15499, 15499
  result is correct!
! 22, isa, 32, 1, 0, 36, 792, 1000, 733, 19447, 19452, 19447
  result is correct!
! 22, isa, 32, 1, 0, 40, 880, 1000, 672, 23843, 23848, 23843
  result is correct!
! 22, isa, 32, 1, 0, 44, 968, 1000, 688, 28687, 28808, 28692
  result is correct!
! 22, isa, 32, 1, 0, 48, 1056, 1000, 624, 33979, 34034, 33984
  result is correct!
! 22, isa, 32, 1, 0, 52, 1144, 1000, 707, 39719, 40520, 39798
  result is correct!
! 22, isa, 32, 1, 0, 56, 1232, 1000, 661, 45907, 47170, 45990
  result is correct!
! 22, isa, 32, 1, 0, 60, 1320, 1000, 613, 52543, 53404, 52676
  result is correct!
! 22, isa, 32, 1, 0, 64, 1408, 1000, 562, 59627, 60585, 59797
  result is correct!
! 22, isa, 32, 1, 0, 68, 1496, 1000, 507, 67159, 68195, 67382
  result is correct!
! 22, isa, 32, 1, 0, 72, 1584, 1000, 449, 75139, 76215, 75414
  result is correct!
