>>>>
====
REPO_HOME         := auto-generated-text
RISCV             := auto-generated-text
MPISE_DESTRUCTIVE := 1
MPISE_STATELESS   := 0
----
ARCH              := rv32
TYPE              := ise
RADIX             := 21
PLATFORM          := cva6-fpga
VERSION           := hybrid
<<<<
bbl loader
! 21, ise, 32, 1, 0, 8, 168, 1000, 124, 462, 462, 462
  result is correct!
! 21, ise, 32, 1, 0, 12, 252, 1000, 493, 836, 836, 836
  result is correct!
! 21, ise, 32, 1, 0, 16, 336, 1000, 491, 1299, 1303, 1299
  result is correct!
! 21, ise, 32, 1, 0, 20, 420, 1000, 486, 1838, 1838, 1838
  result is correct!
! 21, ise, 32, 1, 0, 24, 504, 1000, 482, 2477, 2477, 2477
  result is correct!
! 21, ise, 32, 1, 0, 28, 588, 1000, 473, 3212, 3212, 3212
  result is correct!
! 21, ise, 32, 1, 0, 32, 672, 1000, 470, 4043, 4043, 4043
  result is correct!
! 21, ise, 32, 1, 0, 36, 756, 1000, 462, 4970, 4970, 4970
  result is correct!
! 21, ise, 32, 1, 0, 40, 840, 1000, 455, 5993, 5993, 5993
  result is correct!
! 21, ise, 32, 1, 0, 44, 924, 1000, 446, 7112, 7112, 7112
  result is correct!
! 21, ise, 32, 1, 0, 48, 1008, 1000, 438, 8327, 8327, 8327
  result is correct!
! 21, ise, 32, 1, 0, 52, 1092, 1000, 428, 9638, 9638, 9638
  result is correct!
! 21, ise, 32, 1, 0, 56, 1176, 1000, 415, 11045, 11045, 11045
  result is correct!
! 21, ise, 32, 1, 0, 60, 1260, 1000, 406, 12548, 12548, 12548
  result is correct!
! 21, ise, 32, 1, 0, 64, 1344, 1000, 393, 14147, 14147, 14147
  result is correct!
! 21, ise, 32, 1, 0, 68, 1428, 1000, 383, 15842, 15842, 15842
  result is correct!
! 21, ise, 32, 1, 0, 72, 1512, 1000, 370, 17633, 17633, 17633
  result is correct!
