>>>>
====
REPO_HOME         := auto-generated-text
RISCV             := auto-generated-text
MPISE_DESTRUCTIVE := 1
MPISE_STATELESS   := 0
----
ARCH              := rv32
TYPE              := ise
RADIX             := 27
PLATFORM          := cva6-fpga
VERSION           := hybrid
<<<<
bbl loader
! 27, ise, 32, 1, 0, 8, 216, 1000, 117, 464, 464, 464
  result is correct!
! 27, ise, 32, 1, 0, 12, 324, 1000, 493, 838, 840, 838
  result is correct!
! 27, ise, 32, 1, 0, 16, 432, 1000, 497, 1301, 1301, 1301
  result is correct!
! 27, ise, 32, 1, 0, 20, 540, 1000, 488, 1840, 1842, 1840
  result is correct!
! 27, ise, 32, 1, 0, 24, 648, 1000, 492, 2479, 2479, 2479
  result is correct!
! 27, ise, 32, 1, 0, 28, 756, 1000, 485, 3214, 3215, 3214
  result is correct!
! 27, ise, 32, 1, 0, 32, 864, 1000, 485, 4045, 4046, 4045
  result is correct!
