>>>>
====
REPO_HOME         := auto-generated-text
RISCV             := auto-generated-text
MPISE_DESTRUCTIVE := 1
MPISE_STATELESS   := 0
----
ARCH              := rv32
TYPE              := isa
RADIX             := 24
PLATFORM          := cva6-fpga
VERSION           := hybrid
<<<<
bbl loader
! 24, isa, 32, 1, 0, 8, 192, 1000, 123, 824, 824, 824
  result is correct!
! 24, isa, 32, 1, 0, 12, 288, 1000, 486, 1621, 1621, 1621
  result is correct!
! 24, isa, 32, 1, 0, 16, 384, 1000, 477, 2662, 2662, 2662
  result is correct!
! 24, isa, 32, 1, 0, 20, 480, 1000, 471, 3937, 3937, 3937
  result is correct!
! 24, isa, 32, 1, 0, 24, 576, 1000, 458, 5470, 5470, 5470
  result is correct!
! 24, isa, 32, 1, 0, 28, 672, 1000, 444, 7257, 7257, 7257
  result is correct!
! 24, isa, 32, 1, 0, 32, 768, 1000, 425, 9298, 9300, 9298
  result is correct!
! 24, isa, 32, 1, 0, 36, 864, 1000, 405, 11593, 11598, 11593
  result is correct!
! 24, isa, 32, 1, 0, 40, 960, 1000, 393, 14142, 14142, 14142
  result is correct!
! 24, isa, 32, 1, 0, 44, 1056, 1000, 374, 16945, 16945, 16945
  result is correct!
! 24, isa, 32, 1, 0, 48, 1152, 1000, 330, 20002, 20002, 20002
  result is correct!
! 24, isa, 32, 1, 0, 52, 1248, 1000, 737, 23313, 23550, 23328
  result is correct!
! 24, isa, 32, 1, 0, 56, 1344, 1000, 707, 26878, 27180, 26899
  result is correct!
! 24, isa, 32, 1, 0, 60, 1440, 1000, 678, 30697, 30999, 30721
  result is correct!
! 24, isa, 32, 1, 0, 64, 1536, 1000, 739, 34770, 36507, 34881
  result is correct!
! 24, isa, 32, 1, 0, 68, 1632, 1000, 709, 39097, 41312, 39241
  result is correct!
! 24, isa, 32, 1, 0, 72, 1728, 1000, 672, 43678, 45383, 43835
  result is correct!
