>>>>
====
REPO_HOME         := auto-generated-text
RISCV             := auto-generated-text
MPISE_DESTRUCTIVE := 1
MPISE_STATELESS   := 0
----
ARCH              := rv32
TYPE              := isa
RADIX             := 30
PLATFORM          := cva6-fpga
VERSION           := simple
<<<<
bbl loader
! 30, isa, 32, 1, 0, 8, 240, 1000, 754, 1227, 1227, 1227
  result is correct!
! 30, isa, 32, 1, 0, 12, 360, 1000, 956, 2491, 2491, 2491
  result is correct!
! 30, isa, 32, 1, 0, 16, 480, 1000, 933, 4203, 4203, 4203
  result is correct!
