>>>>
====
REPO_HOME         := auto-generated-text
RISCV             := auto-generated-text
MPISE_DESTRUCTIVE := 1
MPISE_STATELESS   := 0
----
ARCH              := rv32
TYPE              := ise
RADIX             := 26
PLATFORM          := cva6-fpga
VERSION           := hybrid
<<<<
bbl loader
! 26, ise, 32, 1, 0, 8, 208, 1000, 117, 470, 470, 470
  result is correct!
! 26, ise, 32, 1, 0, 12, 312, 1000, 494, 838, 840, 838
  result is correct!
! 26, ise, 32, 1, 0, 16, 416, 1000, 499, 1301, 1301, 1301
  result is correct!
! 26, ise, 32, 1, 0, 20, 520, 1000, 493, 1840, 1843, 1840
  result is correct!
! 26, ise, 32, 1, 0, 24, 624, 1000, 490, 2479, 2479, 2479
  result is correct!
! 26, ise, 32, 1, 0, 28, 728, 1000, 485, 3214, 3214, 3214
  result is correct!
! 26, ise, 32, 1, 0, 32, 832, 1000, 486, 4045, 4045, 4045
  result is correct!
! 26, ise, 32, 1, 0, 36, 936, 1000, 476, 4972, 4972, 4972
  result is correct!
! 26, ise, 32, 1, 0, 40, 1040, 1000, 474, 5995, 5995, 5995
  result is correct!
! 26, ise, 32, 1, 0, 44, 1144, 1000, 455, 7114, 7116, 7114
  result is correct!
! 26, ise, 32, 1, 0, 48, 1248, 1000, 447, 8329, 8331, 8329
  result is correct!
! 26, ise, 32, 1, 0, 52, 1352, 1000, 469, 9640, 9641, 9640
  result is correct!
! 26, ise, 32, 1, 0, 56, 1456, 1000, 461, 11047, 11049, 11047
  result is correct!
! 26, ise, 32, 1, 0, 60, 1560, 1000, 453, 12550, 12550, 12550
  result is correct!
! 26, ise, 32, 1, 0, 64, 1664, 1000, 446, 14149, 14149, 14149
  result is correct!
