>>>>
====
REPO_HOME         := auto-generated-text
RISCV             := auto-generated-text
MPISE_DESTRUCTIVE := 1
MPISE_STATELESS   := 0
----
ARCH              := rv32
TYPE              := isa
RADIX             := 32
PLATFORM          := cva6-fpga
VERSION           := simple
<<<<
bbl loader
! 32, isa, 32, 1, 0, 8, 256, 1000, 343, 1320, 1321, 1320
  result is correct!
! 32, isa, 32, 1, 0, 12, 384, 1000, 959, 2731, 2732, 2731
  result is correct!
! 32, isa, 32, 1, 0, 16, 512, 1000, 927, 4651, 4652, 4651
  result is correct!
! 32, isa, 32, 1, 0, 20, 640, 1000, 895, 7083, 7084, 7083
  result is correct!
! 32, isa, 32, 1, 0, 24, 768, 1000, 847, 10027, 10028, 10027
  result is correct!
! 32, isa, 32, 1, 0, 28, 896, 1000, 800, 13483, 13484, 13483
  result is correct!
! 32, isa, 32, 1, 0, 32, 1024, 1000, 389, 17451, 17451, 17451
  result is correct!
! 32, isa, 32, 1, 0, 36, 1152, 1000, 679, 21931, 21938, 21931
  result is correct!
! 32, isa, 32, 1, 0, 40, 1280, 1000, 602, 26923, 26930, 26923
  result is correct!
! 32, isa, 32, 1, 0, 44, 1408, 1000, 526, 32427, 32434, 32427
  result is correct!
! 32, isa, 32, 1, 0, 48, 1536, 1000, 718, 38443, 39329, 38526
  result is correct!
! 32, isa, 32, 1, 0, 52, 1664, 1000, 669, 44971, 45850, 45070
  result is correct!
! 32, isa, 32, 1, 0, 56, 1792, 1000, 619, 52011, 53030, 52152
  result is correct!
! 32, isa, 32, 1, 0, 60, 1920, 1000, 560, 59563, 60484, 59738
  result is correct!
! 32, isa, 32, 1, 0, 64, 2048, 1000, 504, 67627, 68586, 67851
  result is correct!
