>>>>
====
REPO_HOME         := auto-generated-text
RISCV             := auto-generated-text
MPISE_DESTRUCTIVE := 1
MPISE_STATELESS   := 0
----
ARCH              := rv32
TYPE              := isa
RADIX             := 23
PLATFORM          := cva6-fpga
VERSION           := simple
<<<<
bbl loader
! 23, isa, 32, 1, 0, 8, 184, 1000, 734, 1219, 1219, 1219
  result is correct!
! 23, isa, 32, 1, 0, 12, 276, 1000, 957, 2479, 2479, 2479
  result is correct!
! 23, isa, 32, 1, 0, 16, 368, 1000, 929, 4187, 4187, 4187
  result is correct!
! 23, isa, 32, 1, 0, 20, 460, 1000, 898, 6343, 6343, 6343
  result is correct!
! 23, isa, 32, 1, 0, 24, 552, 1000, 861, 8947, 8947, 8947
  result is correct!
! 23, isa, 32, 1, 0, 28, 644, 1000, 826, 11999, 11999, 11999
  result is correct!
! 23, isa, 32, 1, 0, 32, 736, 1000, 773, 15499, 15499, 15499
  result is correct!
! 23, isa, 32, 1, 0, 36, 828, 1000, 739, 19447, 19452, 19447
  result is correct!
! 23, isa, 32, 1, 0, 40, 920, 1000, 675, 23843, 23848, 23843
  result is correct!
! 23, isa, 32, 1, 0, 44, 1012, 1000, 687, 28687, 28805, 28692
  result is correct!
! 23, isa, 32, 1, 0, 48, 1104, 1000, 749, 33979, 34825, 34038
  result is correct!
! 23, isa, 32, 1, 0, 52, 1196, 1000, 706, 39719, 40776, 39802
  result is correct!
! 23, isa, 32, 1, 0, 56, 1288, 1000, 662, 45907, 46729, 46016
  result is correct!
! 23, isa, 32, 1, 0, 60, 1380, 1000, 614, 52543, 53409, 52675
  result is correct!
! 23, isa, 32, 1, 0, 64, 1472, 1000, 563, 59627, 60575, 59800
  result is correct!
! 23, isa, 32, 1, 0, 68, 1564, 1000, 505, 67159, 68172, 67378
  result is correct!
! 23, isa, 32, 1, 0, 72, 1656, 1000, 447, 75139, 76307, 75421
  result is correct!
