>>>>
====
REPO_HOME         := auto-generated-text
RISCV             := auto-generated-text
MPISE_DESTRUCTIVE := 1
MPISE_STATELESS   := 0
----
ARCH              := rv32
TYPE              := isa
RADIX             := 21
PLATFORM          := cva6-fpga
VERSION           := hybrid
<<<<
bbl loader
! 21, isa, 32, 1, 0, 8, 168, 1000, 123, 824, 824, 824
  result is correct!
! 21, isa, 32, 1, 0, 12, 252, 1000, 487, 1621, 1621, 1621
  result is correct!
! 21, isa, 32, 1, 0, 16, 336, 1000, 479, 2662, 2662, 2662
  result is correct!
! 21, isa, 32, 1, 0, 20, 420, 1000, 466, 3937, 3937, 3937
  result is correct!
! 21, isa, 32, 1, 0, 24, 504, 1000, 454, 5470, 5472, 5470
  result is correct!
! 21, isa, 32, 1, 0, 28, 588, 1000, 441, 7257, 7257, 7257
  result is correct!
! 21, isa, 32, 1, 0, 32, 672, 1000, 419, 9298, 9300, 9298
  result is correct!
! 21, isa, 32, 1, 0, 36, 756, 1000, 407, 11593, 11593, 11593
  result is correct!
! 21, isa, 32, 1, 0, 40, 840, 1000, 388, 14142, 14142, 14142
  result is correct!
! 21, isa, 32, 1, 0, 44, 924, 1000, 374, 16945, 16945, 16945
  result is correct!
! 21, isa, 32, 1, 0, 48, 1008, 1000, 339, 20002, 20006, 20002
  result is correct!
! 21, isa, 32, 1, 0, 52, 1092, 1000, 746, 23313, 23534, 23329
  result is correct!
! 21, isa, 32, 1, 0, 56, 1176, 1000, 711, 26878, 27184, 26901
  result is correct!
! 21, isa, 32, 1, 0, 60, 1260, 1000, 683, 30697, 31053, 30729
  result is correct!
! 21, isa, 32, 1, 0, 64, 1344, 1000, 739, 34770, 36480, 34891
  result is correct!
! 21, isa, 32, 1, 0, 68, 1428, 1000, 706, 39097, 40998, 39241
  result is correct!
! 21, isa, 32, 1, 0, 72, 1512, 1000, 670, 43678, 45195, 43832
  result is correct!
