>>>>
====
REPO_HOME         := auto-generated-text
RISCV             := auto-generated-text
MPISE_DESTRUCTIVE := 1
MPISE_STATELESS   := 0
----
ARCH              := rv32
TYPE              := isa
RADIX             := 23
PLATFORM          := cva6-fpga
VERSION           := hybrid
<<<<
bbl loader
! 23, isa, 32, 1, 0, 8, 184, 1000, 123, 824, 824, 824
  result is correct!
! 23, isa, 32, 1, 0, 12, 276, 1000, 485, 1621, 1621, 1621
  result is correct!
! 23, isa, 32, 1, 0, 16, 368, 1000, 479, 2662, 2662, 2662
  result is correct!
! 23, isa, 32, 1, 0, 20, 460, 1000, 467, 3937, 3937, 3937
  result is correct!
! 23, isa, 32, 1, 0, 24, 552, 1000, 457, 5470, 5470, 5470
  result is correct!
! 23, isa, 32, 1, 0, 28, 644, 1000, 443, 7257, 7259, 7257
  result is correct!
! 23, isa, 32, 1, 0, 32, 736, 1000, 426, 9298, 9304, 9298
  result is correct!
! 23, isa, 32, 1, 0, 36, 828, 1000, 400, 11593, 11593, 11593
  result is correct!
! 23, isa, 32, 1, 0, 40, 920, 1000, 384, 14142, 14144, 14142
  result is correct!
! 23, isa, 32, 1, 0, 44, 1012, 1000, 363, 16945, 16947, 16945
  result is correct!
! 23, isa, 32, 1, 0, 48, 1104, 1000, 337, 20002, 20002, 20002
  result is correct!
! 23, isa, 32, 1, 0, 52, 1196, 1000, 746, 23313, 23525, 23328
  result is correct!
! 23, isa, 32, 1, 0, 56, 1288, 1000, 724, 26878, 27181, 26901
  result is correct!
! 23, isa, 32, 1, 0, 60, 1380, 1000, 677, 30697, 30995, 30720
  result is correct!
! 23, isa, 32, 1, 0, 64, 1472, 1000, 741, 34770, 36980, 34890
  result is correct!
! 23, isa, 32, 1, 0, 68, 1564, 1000, 708, 39097, 41027, 39231
  result is correct!
! 23, isa, 32, 1, 0, 72, 1656, 1000, 673, 43678, 45536, 43836
  result is correct!
