>>>>
====
REPO_HOME         := auto-generated-text
RISCV             := auto-generated-text
MPISE_DESTRUCTIVE := 1
MPISE_STATELESS   := 0
----
ARCH              := rv32
TYPE              := isa
RADIX             := 32
PLATFORM          := cva6-fpga
VERSION           := hybrid
<<<<
bbl loader
! 32, isa, 32, 1, 0, 8, 256, 1000, 174, 766, 766, 766
  result is correct!
! 32, isa, 32, 1, 0, 12, 384, 1000, 243, 1615, 1615, 1615
  result is correct!
! 32, isa, 32, 1, 0, 16, 512, 1000, 482, 2776, 2779, 2776
  result is correct!
! 32, isa, 32, 1, 0, 20, 640, 1000, 466, 4221, 4223, 4221
  result is correct!
! 32, isa, 32, 1, 0, 24, 768, 1000, 455, 5985, 5987, 5985
  result is correct!
! 32, isa, 32, 1, 0, 28, 896, 1000, 436, 8061, 8061, 8061
  result is correct!
! 32, isa, 32, 1, 0, 32, 1024, 1000, 419, 10449, 10451, 10449
  result is correct!
! 32, isa, 32, 1, 0, 36, 1152, 1000, 395, 13149, 13152, 13149
  result is correct!
! 32, isa, 32, 1, 0, 40, 1280, 1000, 391, 16161, 16164, 16161
  result is correct!
! 32, isa, 32, 1, 0, 44, 1408, 1000, 356, 19485, 19487, 19485
  result is correct!
! 32, isa, 32, 1, 0, 48, 1536, 1000, 748, 23121, 23386, 23141
  result is correct!
! 32, isa, 32, 1, 0, 52, 1664, 1000, 718, 27069, 27435, 27095
  result is correct!
! 32, isa, 32, 1, 0, 56, 1792, 1000, 657, 31329, 31719, 31355
  result is correct!
! 32, isa, 32, 1, 0, 60, 1920, 1000, 733, 35901, 37773, 36060
  result is correct!
! 32, isa, 32, 1, 0, 64, 2048, 1000, 696, 40785, 42288, 40977
  result is correct!
