>>>>
====
REPO_HOME         := auto-generated-text
RISCV             := auto-generated-text
MPISE_DESTRUCTIVE := 1
MPISE_STATELESS   := 0
----
ARCH              := rv32
TYPE              := isa
RADIX             := 25
PLATFORM          := cva6-fpga
VERSION           := simple
<<<<
bbl loader
! 25, isa, 32, 1, 0, 8, 200, 1000, 730, 1219, 1219, 1219
  result is correct!
! 25, isa, 32, 1, 0, 12, 300, 1000, 959, 2479, 2479, 2479
  result is correct!
! 25, isa, 32, 1, 0, 16, 400, 1000, 926, 4187, 4187, 4187
  result is correct!
! 25, isa, 32, 1, 0, 20, 500, 1000, 897, 6343, 6343, 6343
  result is correct!
! 25, isa, 32, 1, 0, 24, 600, 1000, 862, 8947, 8947, 8947
  result is correct!
! 25, isa, 32, 1, 0, 28, 700, 1000, 822, 11999, 11999, 11999
  result is correct!
! 25, isa, 32, 1, 0, 32, 800, 1000, 757, 15499, 15499, 15499
  result is correct!
! 25, isa, 32, 1, 0, 36, 900, 1000, 732, 19447, 19452, 19447
  result is correct!
! 25, isa, 32, 1, 0, 40, 1000, 1000, 672, 23843, 23844, 23843
  result is correct!
! 25, isa, 32, 1, 0, 44, 1100, 1000, 610, 28687, 28692, 28687
  result is correct!
! 25, isa, 32, 1, 0, 48, 1200, 1000, 541, 33979, 33980, 33979
  result is correct!
! 25, isa, 32, 1, 0, 52, 1300, 1000, 708, 39719, 40616, 39802
  result is correct!
! 25, isa, 32, 1, 0, 56, 1400, 1000, 661, 45907, 47014, 45974
  result is correct!
! 25, isa, 32, 1, 0, 60, 1500, 1000, 614, 52543, 53453, 52680
  result is correct!
! 25, isa, 32, 1, 0, 64, 1600, 1000, 562, 59627, 60851, 59803
  result is correct!
! 25, isa, 32, 1, 0, 68, 1700, 1000, 506, 67159, 68381, 67386
  result is correct!
! 25, isa, 32, 1, 0, 72, 1800, 1000, 446, 75139, 76440, 75417
  result is correct!
