>>>>
====
REPO_HOME         := auto-generated-text
RISCV             := auto-generated-text
MPISE_DESTRUCTIVE := 1
MPISE_STATELESS   := 0
----
ARCH              := rv32
TYPE              := ise
RADIX             := 20
PLATFORM          := cva6-fpga
VERSION           := simple
<<<<
bbl loader
! 20, ise, 32, 1, 0, 8, 160, 1000, 740, 1019, 1020, 1019
  result is correct!
! 20, ise, 32, 1, 0, 12, 240, 1000, 969, 2035, 2036, 2035
  result is correct!
! 20, ise, 32, 1, 0, 16, 320, 1000, 953, 3403, 3404, 3403
  result is correct!
! 20, ise, 32, 1, 0, 20, 400, 1000, 923, 5123, 5124, 5123
  result is correct!
! 20, ise, 32, 1, 0, 24, 480, 1000, 890, 7195, 7196, 7195
  result is correct!
! 20, ise, 32, 1, 0, 28, 560, 1000, 860, 9619, 9620, 9619
  result is correct!
! 20, ise, 32, 1, 0, 32, 640, 1000, 816, 12395, 12396, 12395
  result is correct!
! 20, ise, 32, 1, 0, 36, 720, 1000, 772, 15523, 15524, 15523
  result is correct!
! 20, ise, 32, 1, 0, 40, 800, 1000, 391, 19003, 19003, 19003
  result is correct!
! 20, ise, 32, 1, 0, 44, 880, 1000, 350, 22835, 22835, 22835
  result is correct!
! 20, ise, 32, 1, 0, 48, 960, 1000, 727, 27019, 27218, 27029
  result is correct!
! 20, ise, 32, 1, 0, 52, 1040, 1000, 685, 31555, 31768, 31567
  result is correct!
! 20, ise, 32, 1, 0, 56, 1120, 1000, 733, 36443, 37231, 36512
  result is correct!
! 20, ise, 32, 1, 0, 60, 1200, 1000, 694, 41683, 42559, 41772
  result is correct!
! 20, ise, 32, 1, 0, 64, 1280, 1000, 653, 47275, 48177, 47389
  result is correct!
! 20, ise, 32, 1, 0, 68, 1360, 1000, 609, 53219, 54199, 53357
  result is correct!
! 20, ise, 32, 1, 0, 72, 1440, 1000, 563, 59515, 60756, 59688
  result is correct!
