>>>>
====
REPO_HOME         := auto-generated-text
RISCV             := auto-generated-text
MPISE_DESTRUCTIVE := 1
MPISE_STATELESS   := 0
----
ARCH              := rv32
TYPE              := isa
RADIX             := 28
PLATFORM          := cva6-fpga
VERSION           := hybrid
<<<<
bbl loader
! 28, isa, 32, 1, 0, 8, 224, 1000, 122, 824, 824, 824
  result is correct!
! 28, isa, 32, 1, 0, 12, 336, 1000, 485, 1621, 1621, 1621
  result is correct!
! 28, isa, 32, 1, 0, 16, 448, 1000, 479, 2662, 2662, 2662
  result is correct!
! 28, isa, 32, 1, 0, 20, 560, 1000, 468, 3937, 3937, 3937
  result is correct!
! 28, isa, 32, 1, 0, 24, 672, 1000, 453, 5470, 5470, 5470
  result is correct!
! 28, isa, 32, 1, 0, 28, 784, 1000, 444, 7257, 7257, 7257
  result is correct!
! 28, isa, 32, 1, 0, 32, 896, 1000, 429, 9298, 9298, 9298
  result is correct!
! 28, isa, 32, 1, 0, 36, 1008, 1000, 402, 11593, 11595, 11593
  result is correct!
! 28, isa, 32, 1, 0, 40, 1120, 1000, 383, 14142, 14142, 14142
  result is correct!
! 28, isa, 32, 1, 0, 44, 1232, 1000, 365, 16945, 16947, 16945
  result is correct!
! 28, isa, 32, 1, 0, 48, 1344, 1000, 333, 20002, 20002, 20002
  result is correct!
! 28, isa, 32, 1, 0, 52, 1456, 1000, 747, 23313, 23540, 23329
  result is correct!
! 28, isa, 32, 1, 0, 56, 1568, 1000, 701, 26878, 27145, 26896
  result is correct!
! 28, isa, 32, 1, 0, 60, 1680, 1000, 661, 30697, 30904, 30717
  result is correct!
! 28, isa, 32, 1, 0, 64, 1792, 1000, 740, 34770, 36301, 34891
  result is correct!
! 28, isa, 32, 1, 0, 68, 1904, 1000, 707, 39097, 40410, 39230
  result is correct!
! 28, isa, 32, 1, 0, 72, 2016, 1000, 674, 43678, 46317, 43843
  result is correct!
