>>>>
====
REPO_HOME         := auto-generated-text
RISCV             := auto-generated-text
MPISE_DESTRUCTIVE := 1
MPISE_STATELESS   := 0
----
ARCH              := rv32
TYPE              := ise
RADIX             := 25
PLATFORM          := cva6-fpga
VERSION           := hybrid
<<<<
bbl loader
! 25, ise, 32, 1, 0, 8, 200, 1000, 124, 462, 462, 462
  result is correct!
! 25, ise, 32, 1, 0, 12, 300, 1000, 493, 836, 836, 836
  result is correct!
! 25, ise, 32, 1, 0, 16, 400, 1000, 490, 1299, 1299, 1299
  result is correct!
! 25, ise, 32, 1, 0, 20, 500, 1000, 486, 1838, 1838, 1838
  result is correct!
! 25, ise, 32, 1, 0, 24, 600, 1000, 482, 2477, 2477, 2477
  result is correct!
! 25, ise, 32, 1, 0, 28, 700, 1000, 476, 3212, 3212, 3212
  result is correct!
! 25, ise, 32, 1, 0, 32, 800, 1000, 470, 4043, 4043, 4043
  result is correct!
! 25, ise, 32, 1, 0, 36, 900, 1000, 463, 4970, 4974, 4970
  result is correct!
! 25, ise, 32, 1, 0, 40, 1000, 1000, 455, 5993, 5993, 5993
  result is correct!
! 25, ise, 32, 1, 0, 44, 1100, 1000, 446, 7112, 7112, 7112
  result is correct!
! 25, ise, 32, 1, 0, 48, 1200, 1000, 438, 8327, 8327, 8327
  result is correct!
! 25, ise, 32, 1, 0, 52, 1300, 1000, 426, 9638, 9638, 9638
  result is correct!
! 25, ise, 32, 1, 0, 56, 1400, 1000, 418, 11045, 11045, 11045
  result is correct!
! 25, ise, 32, 1, 0, 60, 1500, 1000, 407, 12548, 12548, 12548
  result is correct!
! 25, ise, 32, 1, 0, 64, 1600, 1000, 393, 14147, 14147, 14147
  result is correct!
! 25, ise, 32, 1, 0, 68, 1700, 1000, 381, 15842, 15842, 15842
  result is correct!
! 25, ise, 32, 1, 0, 72, 1800, 1000, 368, 17633, 17633, 17633
  result is correct!
