>>>>
====
REPO_HOME         := auto-generated-text
RISCV             := auto-generated-text
MPISE_DESTRUCTIVE := 1
MPISE_STATELESS   := 0
----
ARCH              := rv32
TYPE              := isa
RADIX             := 22
PLATFORM          := cva6-fpga
VERSION           := hybrid
<<<<
bbl loader
! 22, isa, 32, 1, 0, 8, 176, 1000, 123, 824, 824, 824
  result is correct!
! 22, isa, 32, 1, 0, 12, 264, 1000, 487, 1621, 1621, 1621
  result is correct!
! 22, isa, 32, 1, 0, 16, 352, 1000, 477, 2662, 2662, 2662
  result is correct!
! 22, isa, 32, 1, 0, 20, 440, 1000, 463, 3937, 3937, 3937
  result is correct!
! 22, isa, 32, 1, 0, 24, 528, 1000, 455, 5470, 5472, 5470
  result is correct!
! 22, isa, 32, 1, 0, 28, 616, 1000, 444, 7257, 7259, 7257
  result is correct!
! 22, isa, 32, 1, 0, 32, 704, 1000, 425, 9298, 9298, 9298
  result is correct!
! 22, isa, 32, 1, 0, 36, 792, 1000, 403, 11593, 11593, 11593
  result is correct!
! 22, isa, 32, 1, 0, 40, 880, 1000, 384, 14142, 14142, 14142
  result is correct!
! 22, isa, 32, 1, 0, 44, 968, 1000, 372, 16945, 16945, 16945
  result is correct!
! 22, isa, 32, 1, 0, 48, 1056, 1000, 336, 20002, 20002, 20002
  result is correct!
! 22, isa, 32, 1, 0, 52, 1144, 1000, 743, 23313, 23548, 23329
  result is correct!
! 22, isa, 32, 1, 0, 56, 1232, 1000, 717, 26878, 27193, 26900
  result is correct!
! 22, isa, 32, 1, 0, 60, 1320, 1000, 674, 30697, 31008, 30721
  result is correct!
! 22, isa, 32, 1, 0, 64, 1408, 1000, 740, 34770, 36498, 34887
  result is correct!
! 22, isa, 32, 1, 0, 68, 1496, 1000, 705, 39097, 40813, 39243
  result is correct!
! 22, isa, 32, 1, 0, 72, 1584, 1000, 670, 43678, 45487, 43841
  result is correct!
