>>>>
====
REPO_HOME         := auto-generated-text
RISCV             := auto-generated-text
MPISE_DESTRUCTIVE := 1
MPISE_STATELESS   := 0
----
ARCH              := rv32
TYPE              := isa
RADIX             := 26
PLATFORM          := cva6-fpga
VERSION           := simple
<<<<
bbl loader
! 26, isa, 32, 1, 0, 8, 208, 1000, 734, 1219, 1219, 1219
  result is correct!
! 26, isa, 32, 1, 0, 12, 312, 1000, 959, 2479, 2479, 2479
  result is correct!
! 26, isa, 32, 1, 0, 16, 416, 1000, 931, 4187, 4187, 4187
  result is correct!
! 26, isa, 32, 1, 0, 20, 520, 1000, 904, 6343, 6343, 6343
  result is correct!
! 26, isa, 32, 1, 0, 24, 624, 1000, 847, 8947, 8947, 8947
  result is correct!
! 26, isa, 32, 1, 0, 28, 728, 1000, 818, 11999, 11999, 11999
  result is correct!
! 26, isa, 32, 1, 0, 32, 832, 1000, 769, 15499, 15499, 15499
  result is correct!
! 26, isa, 32, 1, 0, 36, 936, 1000, 732, 19447, 19452, 19447
  result is correct!
! 26, isa, 32, 1, 0, 40, 1040, 1000, 673, 23843, 23848, 23843
  result is correct!
! 26, isa, 32, 1, 0, 44, 1144, 1000, 608, 28687, 28692, 28687
  result is correct!
! 26, isa, 32, 1, 0, 48, 1248, 1000, 748, 33979, 34777, 34041
  result is correct!
! 26, isa, 32, 1, 0, 52, 1352, 1000, 709, 39719, 40534, 39803
  result is correct!
! 26, isa, 32, 1, 0, 56, 1456, 1000, 662, 45907, 46854, 46007
  result is correct!
! 26, isa, 32, 1, 0, 60, 1560, 1000, 613, 52543, 53668, 52682
  result is correct!
! 26, isa, 32, 1, 0, 64, 1664, 1000, 560, 59627, 60845, 59802
  result is correct!
! 26, isa, 32, 1, 0, 68, 1768, 1000, 504, 67159, 68330, 67374
  result is correct!
! 26, isa, 32, 1, 0, 72, 1872, 1000, 449, 75139, 76361, 75414
  result is correct!
