>>>>
====
REPO_HOME         := auto-generated-text
RISCV             := auto-generated-text
MPISE_DESTRUCTIVE := 1
MPISE_STATELESS   := 0
----
ARCH              := rv32
TYPE              := isa
RADIX             := 29
PLATFORM          := cva6-fpga
VERSION           := hybrid
<<<<
bbl loader
! 29, isa, 32, 1, 0, 8, 232, 1000, 117, 826, 826, 826
  result is correct!
! 29, isa, 32, 1, 0, 12, 348, 1000, 488, 1622, 1623, 1622
  result is correct!
! 29, isa, 32, 1, 0, 16, 464, 1000, 2, 2664, 2664, 2664
  result is correct!
! 29, isa, 32, 1, 0, 20, 580, 1000, 2, 3939, 3939, 3939
  result is correct!
! 29, isa, 32, 1, 0, 24, 696, 1000, 469, 5472, 5478, 5476
  result is correct!
! 29, isa, 32, 1, 0, 28, 812, 1000, 459, 7259, 7264, 7263
  result is correct!
! 29, isa, 32, 1, 0, 32, 928, 1000, 444, 9300, 9305, 9304
  result is correct!
! 29, isa, 32, 1, 0, 36, 1044, 1000, 438, 11595, 11600, 11599
  result is correct!
! 29, isa, 32, 1, 0, 40, 1160, 1000, 429, 14144, 14150, 14148
  result is correct!
! 29, isa, 32, 1, 0, 44, 1276, 1000, 439, 16952, 16953, 16952
  result is correct!
! 29, isa, 32, 1, 0, 48, 1392, 1000, 399, 20004, 20010, 20008
  result is correct!
! 29, isa, 32, 1, 0, 52, 1508, 1000, 744, 23315, 23531, 23333
  result is correct!
! 29, isa, 32, 1, 0, 56, 1624, 1000, 714, 26880, 27180, 26904
  result is correct!
! 29, isa, 32, 1, 0, 60, 1740, 1000, 679, 30699, 31002, 30723
  result is correct!
! 29, isa, 32, 1, 0, 64, 1856, 1000, 735, 34772, 36707, 34896
  result is correct!
