>>>>
====
REPO_HOME         := auto-generated-text
RISCV             := auto-generated-text
MPISE_DESTRUCTIVE := 1
MPISE_STATELESS   := 0
----
ARCH              := rv32
TYPE              := ise
RADIX             := 23
PLATFORM          := cva6-fpga
VERSION           := simple
<<<<
bbl loader
! 23, ise, 32, 1, 0, 8, 184, 1000, 740, 1019, 1020, 1019
  result is correct!
! 23, ise, 32, 1, 0, 12, 276, 1000, 969, 2035, 2036, 2035
  result is correct!
! 23, ise, 32, 1, 0, 16, 368, 1000, 949, 3403, 3404, 3403
  result is correct!
! 23, ise, 32, 1, 0, 20, 460, 1000, 924, 5123, 5124, 5123
  result is correct!
! 23, ise, 32, 1, 0, 24, 552, 1000, 893, 7195, 7196, 7195
  result is correct!
! 23, ise, 32, 1, 0, 28, 644, 1000, 859, 9619, 9620, 9619
  result is correct!
! 23, ise, 32, 1, 0, 32, 736, 1000, 817, 12395, 12396, 12395
  result is correct!
! 23, ise, 32, 1, 0, 36, 828, 1000, 772, 15523, 15524, 15523
  result is correct!
! 23, ise, 32, 1, 0, 40, 920, 1000, 735, 19003, 19011, 19003
  result is correct!
! 23, ise, 32, 1, 0, 44, 1012, 1000, 354, 22835, 22835, 22835
  result is correct!
! 23, ise, 32, 1, 0, 48, 1104, 1000, 627, 27019, 27027, 27019
  result is correct!
! 23, ise, 32, 1, 0, 52, 1196, 1000, 657, 31555, 31658, 31560
  result is correct!
! 23, ise, 32, 1, 0, 56, 1288, 1000, 731, 36443, 37251, 36514
  result is correct!
! 23, ise, 32, 1, 0, 60, 1380, 1000, 690, 41683, 42712, 41773
  result is correct!
! 23, ise, 32, 1, 0, 64, 1472, 1000, 653, 47275, 48131, 47383
  result is correct!
! 23, ise, 32, 1, 0, 68, 1564, 1000, 607, 53219, 54246, 53359
  result is correct!
! 23, ise, 32, 1, 0, 72, 1656, 1000, 563, 59515, 60521, 59690
  result is correct!
