>>>>
====
REPO_HOME         := auto-generated-text
RISCV             := auto-generated-text
MPISE_DESTRUCTIVE := 1
MPISE_STATELESS   := 0
----
ARCH              := rv32
TYPE              := isa
RADIX             := 28
PLATFORM          := cva6-fpga
VERSION           := simple
<<<<
bbl loader
! 28, isa, 32, 1, 0, 8, 224, 1000, 726, 1225, 1225, 1225
  result is correct!
! 28, isa, 32, 1, 0, 12, 336, 1000, 955, 2489, 2489, 2489
  result is correct!
! 28, isa, 32, 1, 0, 16, 448, 1000, 926, 4201, 4201, 4201
  result is correct!
! 28, isa, 32, 1, 0, 20, 560, 1000, 895, 6361, 6361, 6361
  result is correct!
! 28, isa, 32, 1, 0, 24, 672, 1000, 854, 8969, 8969, 8969
  result is correct!
! 28, isa, 32, 1, 0, 28, 784, 1000, 812, 12025, 12025, 12025
  result is correct!
! 28, isa, 32, 1, 0, 32, 896, 1000, 764, 15529, 15529, 15529
  result is correct!
! 28, isa, 32, 1, 0, 36, 1008, 1000, 737, 19481, 19483, 19481
  result is correct!
! 28, isa, 32, 1, 0, 40, 1120, 1000, 672, 23881, 23883, 23881
  result is correct!
! 28, isa, 32, 1, 0, 44, 1232, 1000, 604, 28729, 28736, 28729
  result is correct!
! 28, isa, 32, 1, 0, 48, 1344, 1000, 748, 34025, 34816, 34093
  result is correct!
! 28, isa, 32, 1, 0, 52, 1456, 1000, 708, 39769, 40556, 39858
  result is correct!
! 28, isa, 32, 1, 0, 56, 1568, 1000, 661, 45961, 46950, 46052
  result is correct!
! 28, isa, 32, 1, 0, 60, 1680, 1000, 614, 52601, 53800, 52752
  result is correct!
! 28, isa, 32, 1, 0, 64, 1792, 1000, 561, 59689, 60960, 59871
  result is correct!
! 28, isa, 32, 1, 0, 68, 1904, 1000, 504, 67225, 68301, 67470
  result is correct!
! 28, isa, 32, 1, 0, 72, 2016, 1000, 446, 75209, 76501, 75489
  result is correct!
