>>>>
====
REPO_HOME         := auto-generated-text
RISCV             := auto-generated-text
MPISE_DESTRUCTIVE := 1
MPISE_STATELESS   := 0
----
ARCH              := rv32
TYPE              := isa
RADIX             := 24
PLATFORM          := cva6-fpga
VERSION           := simple
<<<<
bbl loader
! 24, isa, 32, 1, 0, 8, 192, 1000, 734, 1225, 1225, 1225
  result is correct!
! 24, isa, 32, 1, 0, 12, 288, 1000, 952, 2489, 2489, 2489
  result is correct!
! 24, isa, 32, 1, 0, 16, 384, 1000, 925, 4201, 4201, 4201
  result is correct!
! 24, isa, 32, 1, 0, 20, 480, 1000, 901, 6361, 6361, 6361
  result is correct!
! 24, isa, 32, 1, 0, 24, 576, 1000, 858, 8969, 8969, 8969
  result is correct!
! 24, isa, 32, 1, 0, 28, 672, 1000, 814, 12025, 12025, 12025
  result is correct!
! 24, isa, 32, 1, 0, 32, 768, 1000, 757, 15529, 15529, 15529
  result is correct!
! 24, isa, 32, 1, 0, 36, 864, 1000, 725, 19481, 19483, 19481
  result is correct!
! 24, isa, 32, 1, 0, 40, 960, 1000, 668, 23881, 23882, 23881
  result is correct!
! 24, isa, 32, 1, 0, 44, 1056, 1000, 695, 28729, 28909, 28736
  result is correct!
! 24, isa, 32, 1, 0, 48, 1152, 1000, 532, 34025, 34027, 34025
  result is correct!
! 24, isa, 32, 1, 0, 52, 1248, 1000, 710, 39769, 40883, 39858
  result is correct!
! 24, isa, 32, 1, 0, 56, 1344, 1000, 661, 45961, 46759, 46060
  result is correct!
! 24, isa, 32, 1, 0, 60, 1440, 1000, 612, 52601, 53924, 52745
  result is correct!
! 24, isa, 32, 1, 0, 64, 1536, 1000, 559, 59689, 60764, 59875
  result is correct!
! 24, isa, 32, 1, 0, 68, 1632, 1000, 505, 67225, 68305, 67459
  result is correct!
! 24, isa, 32, 1, 0, 72, 1728, 1000, 448, 75209, 76345, 75494
  result is correct!
