>>>>
====
REPO_HOME         := auto-generated-text
RISCV             := auto-generated-text
MPISE_DESTRUCTIVE := 1
MPISE_STATELESS   := 0
----
ARCH              := rv32
TYPE              := ise
RADIX             := 21
PLATFORM          := cva6-fpga
VERSION           := simple
<<<<
bbl loader
! 21, ise, 32, 1, 0, 8, 168, 1000, 740, 1019, 1020, 1019
  result is correct!
! 21, ise, 32, 1, 0, 12, 252, 1000, 969, 2035, 2036, 2035
  result is correct!
! 21, ise, 32, 1, 0, 16, 336, 1000, 952, 3403, 3404, 3403
  result is correct!
! 21, ise, 32, 1, 0, 20, 420, 1000, 925, 5123, 5124, 5123
  result is correct!
! 21, ise, 32, 1, 0, 24, 504, 1000, 890, 7195, 7196, 7195
  result is correct!
! 21, ise, 32, 1, 0, 28, 588, 1000, 860, 9619, 9620, 9619
  result is correct!
! 21, ise, 32, 1, 0, 32, 672, 1000, 819, 12395, 12396, 12395
  result is correct!
! 21, ise, 32, 1, 0, 36, 756, 1000, 770, 15523, 15524, 15523
  result is correct!
! 21, ise, 32, 1, 0, 40, 840, 1000, 381, 19003, 19003, 19003
  result is correct!
! 21, ise, 32, 1, 0, 44, 924, 1000, 690, 22835, 22843, 22835
  result is correct!
! 21, ise, 32, 1, 0, 48, 1008, 1000, 707, 27019, 27126, 27024
  result is correct!
! 21, ise, 32, 1, 0, 52, 1092, 1000, 657, 31555, 31685, 31561
  result is correct!
! 21, ise, 32, 1, 0, 56, 1176, 1000, 731, 36443, 37170, 36510
  result is correct!
! 21, ise, 32, 1, 0, 60, 1260, 1000, 693, 41683, 42585, 41773
  result is correct!
! 21, ise, 32, 1, 0, 64, 1344, 1000, 653, 47275, 48173, 47387
  result is correct!
! 21, ise, 32, 1, 0, 68, 1428, 1000, 609, 53219, 54179, 53359
  result is correct!
! 21, ise, 32, 1, 0, 72, 1512, 1000, 559, 59515, 60622, 59686
  result is correct!
