>>>>
====
REPO_HOME         := auto-generated-text
RISCV             := auto-generated-text
MPISE_DESTRUCTIVE := 1
MPISE_STATELESS   := 1
----
ARCH              := rv64
TYPE              := isa
RADIX             := 58
PLATFORM          := cva6-fpga
VERSION           := simple
<<<<
bbl loader
! 58, isa, 64, 1, 1, 8, 464, 10, 9, 1211, 1211, 1211
  result is correct!
! 58, isa, 64, 1, 1, 12, 696, 10, 8, 2471, 2476, 2471
  result is correct!
! 58, isa, 64, 1, 1, 16, 928, 10, 9, 4179, 4184, 4180
  result is correct!
! 58, isa, 64, 1, 1, 20, 1160, 10, 6, 6335, 6345, 6336
  result is correct!
! 58, isa, 64, 1, 1, 24, 1392, 10, 7, 8939, 8966, 8944
  result is correct!
! 58, isa, 64, 1, 1, 28, 1624, 10, 6, 11991, 12018, 12000
  result is correct!
! 58, isa, 64, 1, 1, 32, 1856, 10, 5, 15496, 15518, 15500
  result is correct!
! 58, isa, 64, 1, 1, 36, 2088, 10, 3, 19461, 19461, 19461
  result is correct!
! 58, isa, 64, 1, 1, 40, 2320, 10, 2, 24150, 24151, 24150
  result is correct!
! 58, isa, 64, 1, 1, 44, 2552, 10, 2, 29008, 29008, 29008
  result is correct!
! 58, isa, 64, 1, 1, 48, 2784, 10, 7, 34302, 34308, 34305
  result is correct!
! 58, isa, 64, 1, 1, 52, 3016, 10, 7, 40040, 40069, 40055
  result is correct!
! 58, isa, 64, 1, 1, 56, 3248, 10, 5, 46230, 46253, 46242
  result is correct!
! 58, isa, 64, 1, 1, 60, 3480, 10, 1, 53170, 53170, 53170
  result is correct!
! 58, isa, 64, 1, 1, 64, 3712, 10, 2, 60264, 60265, 60264
  result is correct!
! 58, isa, 64, 1, 1, 68, 3944, 10, 7, 67796, 67805, 67799
  result is correct!
! 58, isa, 64, 1, 1, 72, 4176, 10, 5, 75776, 75785, 75780
  result is correct!
