>>>>
====
REPO_HOME         := auto-generated-text
RISCV             := auto-generated-text
MPISE_DESTRUCTIVE := 1
MPISE_STATELESS   := 1
----
ARCH              := rv64
TYPE              := isa
RADIX             := 56
PLATFORM          := cva6-fpga
VERSION           := simple
<<<<
bbl loader
! 56, isa, 64, 1, 1, 8, 448, 10, 9, 1212, 1212, 1212
  result is correct!
! 56, isa, 64, 1, 1, 12, 672, 10, 8, 2472, 2477, 2472
  result is correct!
! 56, isa, 64, 1, 1, 16, 896, 10, 7, 4180, 4180, 4180
  result is correct!
! 56, isa, 64, 1, 1, 20, 1120, 10, 6, 6336, 6350, 6338
  result is correct!
! 56, isa, 64, 1, 1, 24, 1344, 10, 7, 8940, 8974, 8947
  result is correct!
! 56, isa, 64, 1, 1, 28, 1568, 10, 6, 11992, 12026, 12005
  result is correct!
! 56, isa, 64, 1, 1, 32, 1792, 10, 5, 15501, 15526, 15506
  result is correct!
! 56, isa, 64, 1, 1, 36, 2016, 10, 3, 19469, 19469, 19469
  result is correct!
! 56, isa, 64, 1, 1, 40, 2240, 10, 2, 24143, 24147, 24145
  result is correct!
! 56, isa, 64, 1, 1, 44, 2464, 10, 4, 29007, 29011, 29009
  result is correct!
! 56, isa, 64, 1, 1, 48, 2688, 10, 3, 34299, 34302, 34300
  result is correct!
! 56, isa, 64, 1, 1, 52, 2912, 10, 7, 40039, 40069, 40054
  result is correct!
! 56, isa, 64, 1, 1, 56, 3136, 10, 5, 46230, 46258, 46243
  result is correct!
! 56, isa, 64, 1, 1, 60, 3360, 10, 2, 53183, 53187, 53185
  result is correct!
! 56, isa, 64, 1, 1, 64, 3584, 10, 2, 60264, 60265, 60264
  result is correct!
! 56, isa, 64, 1, 1, 68, 3808, 10, 7, 67795, 67827, 67812
  result is correct!
! 56, isa, 64, 1, 1, 72, 4032, 10, 5, 75782, 75800, 75792
  result is correct!
