>>>>
====
REPO_HOME         := auto-generated-text
RISCV             := auto-generated-text
MPISE_DESTRUCTIVE := 1
MPISE_STATELESS   := 1
----
ARCH              := rv64
TYPE              := ise
RADIX             := 64
PLATFORM          := cva6-fpga
VERSION           := simple
<<<<
bbl loader
! 64, ise, 64, 1, 1, 8, 512, 10, 9, 1122, 1122, 1122
  result is correct!
! 64, ise, 64, 1, 1, 12, 768, 10, 8, 2290, 2292, 2290
  result is correct!
! 64, ise, 64, 1, 1, 16, 1024, 10, 7, 3874, 3874, 3874
  result is correct!
! 64, ise, 64, 1, 1, 20, 1280, 10, 8, 5874, 5877, 5874
  result is correct!
! 64, ise, 64, 1, 1, 24, 1536, 10, 7, 8290, 8308, 8295
  result is correct!
! 64, ise, 64, 1, 1, 28, 1792, 10, 6, 11122, 11140, 11131
  result is correct!
! 64, ise, 64, 1, 1, 32, 2048, 10, 5, 14373, 14388, 14376
  result is correct!
! 64, ise, 64, 1, 1, 36, 2304, 10, 4, 18037, 18056, 18045
  result is correct!
! 64, ise, 64, 1, 1, 40, 2560, 10, 3, 22132, 22132, 22132
  result is correct!
! 64, ise, 64, 1, 1, 44, 2816, 10, 2, 26922, 26923, 26922
  result is correct!
! 64, ise, 64, 1, 1, 48, 3072, 10, 1, 31835, 31835, 31835
  result is correct!
! 64, ise, 64, 1, 1, 52, 3328, 10, 5, 37161, 37165, 37163
  result is correct!
! 64, ise, 64, 1, 1, 56, 3584, 10, 6, 42909, 42928, 42919
  result is correct!
! 64, ise, 64, 1, 1, 60, 3840, 10, 4, 49067, 49083, 49075
  result is correct!
! 64, ise, 64, 1, 1, 64, 4096, 10, 2, 55944, 55945, 55944
  result is correct!
