>>>>
====
REPO_HOME         := auto-generated-text
RISCV             := auto-generated-text
MPISE_DESTRUCTIVE := 1
MPISE_STATELESS   := 1
----
ARCH              := rv64
TYPE              := ise
RADIX             := 64
PLATFORM          := cva6-fpga
VERSION           := hybrid
<<<<
bbl loader
! 64, ise, 64, 1, 1, 8, 512, 10, 9, 551, 551, 551
  result is correct!
! 64, ise, 64, 1, 1, 12, 768, 10, 9, 1154, 1154, 1154
  result is correct!
! 64, ise, 64, 1, 1, 16, 1024, 10, 8, 1980, 1982, 1980
  result is correct!
! 64, ise, 64, 1, 1, 20, 1280, 10, 8, 2997, 2997, 2997
  result is correct!
! 64, ise, 64, 1, 1, 24, 1536, 10, 8, 4234, 4236, 4234
  result is correct!
! 64, ise, 64, 1, 1, 28, 1792, 10, 8, 5687, 5712, 5693
  result is correct!
! 64, ise, 64, 1, 1, 32, 2048, 10, 5, 7356, 7358, 7356
  result is correct!
! 64, ise, 64, 1, 1, 36, 2304, 10, 5, 9241, 9270, 9246
  result is correct!
! 64, ise, 64, 1, 1, 40, 2560, 10, 6, 11342, 11450, 11381
  result is correct!
! 64, ise, 64, 1, 1, 44, 2816, 10, 3, 13659, 13684, 13675
  result is correct!
! 64, ise, 64, 1, 1, 48, 3072, 10, 4, 16217, 16300, 16265
  result is correct!
! 64, ise, 64, 1, 1, 52, 3328, 10, 4, 19049, 19049, 19049
  result is correct!
! 64, ise, 64, 1, 1, 56, 3584, 10, 3, 22014, 22014, 22014
  result is correct!
! 64, ise, 64, 1, 1, 60, 3840, 10, 2, 25485, 25488, 25486
  result is correct!
! 64, ise, 64, 1, 1, 64, 4096, 10, 3, 28964, 28965, 28964
  result is correct!
