>>>>
====
REPO_HOME         := auto-generated-text
RISCV             := auto-generated-text
MPISE_DESTRUCTIVE := 1
MPISE_STATELESS   := 1
----
ARCH              := rv64
TYPE              := isa
RADIX             := 62
PLATFORM          := cva6-fpga
VERSION           := simple
<<<<
bbl loader
! 62, isa, 64, 1, 1, 8, 496, 10, 9, 1218, 1218, 1218
  result is correct!
! 62, isa, 64, 1, 1, 12, 744, 10, 8, 2482, 2484, 2482
  result is correct!
! 62, isa, 64, 1, 1, 16, 992, 10, 8, 4194, 4196, 4194
  result is correct!
