>>>>
====
REPO_HOME         := auto-generated-text
RISCV             := auto-generated-text
MPISE_DESTRUCTIVE := 1
MPISE_STATELESS   := 1
----
ARCH              := rv64
TYPE              := isa
RADIX             := 54
PLATFORM          := cva6-fpga
VERSION           := simple
<<<<
bbl loader
! 54, isa, 64, 1, 1, 8, 432, 10, 9, 1211, 1211, 1211
  result is correct!
! 54, isa, 64, 1, 1, 12, 648, 10, 8, 2471, 2476, 2471
  result is correct!
! 54, isa, 64, 1, 1, 16, 864, 10, 9, 4179, 4184, 4180
  result is correct!
! 54, isa, 64, 1, 1, 20, 1080, 10, 6, 6335, 6345, 6336
  result is correct!
! 54, isa, 64, 1, 1, 24, 1296, 10, 7, 8939, 8966, 8944
  result is correct!
! 54, isa, 64, 1, 1, 28, 1512, 10, 6, 11991, 12018, 12000
  result is correct!
! 54, isa, 64, 1, 1, 32, 1728, 10, 5, 15496, 15518, 15500
  result is correct!
! 54, isa, 64, 1, 1, 36, 1944, 10, 3, 19461, 19461, 19461
  result is correct!
! 54, isa, 64, 1, 1, 40, 2160, 10, 2, 24150, 24151, 24150
  result is correct!
! 54, isa, 64, 1, 1, 44, 2376, 10, 2, 29008, 29008, 29008
  result is correct!
! 54, isa, 64, 1, 1, 48, 2592, 10, 7, 34302, 34308, 34305
  result is correct!
! 54, isa, 64, 1, 1, 52, 2808, 10, 7, 40040, 40069, 40055
  result is correct!
! 54, isa, 64, 1, 1, 56, 3024, 10, 5, 46230, 46253, 46242
  result is correct!
! 54, isa, 64, 1, 1, 60, 3240, 10, 1, 53170, 53170, 53170
  result is correct!
! 54, isa, 64, 1, 1, 64, 3456, 10, 2, 60264, 60265, 60264
  result is correct!
! 54, isa, 64, 1, 1, 68, 3672, 10, 7, 67796, 67805, 67799
  result is correct!
! 54, isa, 64, 1, 1, 72, 3888, 10, 5, 75776, 75785, 75780
  result is correct!
