>>>>
====
REPO_HOME         := auto-generated-text
RISCV             := auto-generated-text
MPISE_DESTRUCTIVE := 1
MPISE_STATELESS   := 1
----
ARCH              := rv64
TYPE              := isa
RADIX             := 64
PLATFORM          := cva6-fpga
VERSION           := simple
<<<<
bbl loader
! 64, isa, 64, 1, 1, 8, 512, 10, 9, 1306, 1306, 1306
  result is correct!
! 64, isa, 64, 1, 1, 12, 768, 10, 8, 2710, 2710, 2710
  result is correct!
! 64, isa, 64, 1, 1, 16, 1024, 10, 7, 4626, 4629, 4626
  result is correct!
! 64, isa, 64, 1, 1, 20, 1280, 10, 6, 7054, 7057, 7054
  result is correct!
! 64, isa, 64, 1, 1, 24, 1536, 10, 4, 9994, 9997, 9994
  result is correct!
! 64, isa, 64, 1, 1, 28, 1792, 10, 5, 13446, 13468, 13456
  result is correct!
! 64, isa, 64, 1, 1, 32, 2048, 10, 4, 17414, 17432, 17427
  result is correct!
! 64, isa, 64, 1, 1, 36, 2304, 10, 3, 21908, 21908, 21908
  result is correct!
! 64, isa, 64, 1, 1, 40, 2560, 10, 2, 27195, 27197, 27196
  result is correct!
! 64, isa, 64, 1, 1, 44, 2816, 10, 2, 32698, 32698, 32698
  result is correct!
! 64, isa, 64, 1, 1, 48, 3072, 10, 7, 38712, 38731, 38720
  result is correct!
! 64, isa, 64, 1, 1, 52, 3328, 10, 5, 45233, 45255, 45242
  result is correct!
! 64, isa, 64, 1, 1, 56, 3584, 10, 4, 52581, 52582, 52581
  result is correct!
! 64, isa, 64, 1, 1, 60, 3840, 10, 2, 60130, 60131, 60130
  result is correct!
! 64, isa, 64, 1, 1, 64, 4096, 10, 7, 68190, 68193, 68191
  result is correct!
