>>>>
====
REPO_HOME         := auto-generated-text
RISCV             := auto-generated-text
MPISE_DESTRUCTIVE := 1
MPISE_STATELESS   := 1
----
ARCH              := rv64
TYPE              := ise
RADIX             := 51
PLATFORM          := cva6-fpga
VERSION           := simple
<<<<
bbl loader
! 51, ise, 64, 1, 1, 8, 408, 10, 9, 1006, 1006, 1006
  result is correct!
! 51, ise, 64, 1, 1, 12, 612, 10, 9, 2018, 2023, 2019
  result is correct!
! 51, ise, 64, 1, 1, 16, 816, 10, 9, 3382, 3387, 3383
  result is correct!
! 51, ise, 64, 1, 1, 20, 1020, 10, 8, 5098, 5103, 5099
  result is correct!
! 51, ise, 64, 1, 1, 24, 1224, 10, 8, 7166, 7171, 7167
  result is correct!
! 51, ise, 64, 1, 1, 28, 1428, 10, 7, 9586, 9596, 9589
  result is correct!
! 51, ise, 64, 1, 1, 32, 1632, 10, 6, 12358, 12382, 12369
  result is correct!
! 51, ise, 64, 1, 1, 36, 1836, 10, 5, 15487, 15506, 15490
  result is correct!
! 51, ise, 64, 1, 1, 40, 2040, 10, 4, 18963, 18977, 18973
  result is correct!
! 51, ise, 64, 1, 1, 44, 2244, 10, 2, 23095, 23096, 23095
  result is correct!
! 51, ise, 64, 1, 1, 48, 2448, 10, 1, 27286, 27286, 27286
  result is correct!
! 51, ise, 64, 1, 1, 52, 2652, 10, 5, 31819, 31821, 31820
  result is correct!
! 51, ise, 64, 1, 1, 56, 2856, 10, 6, 36703, 36710, 36705
  result is correct!
! 51, ise, 64, 1, 1, 60, 3060, 10, 6, 41938, 41956, 41945
  result is correct!
! 51, ise, 64, 1, 1, 64, 3264, 10, 4, 47529, 47544, 47535
  result is correct!
! 51, ise, 64, 1, 1, 68, 3468, 10, 1, 53761, 53761, 53761
  result is correct!
! 51, ise, 64, 1, 1, 72, 3672, 10, 2, 60061, 60062, 60061
  result is correct!
