>>>>
====
REPO_HOME         := auto-generated-text
RISCV             := auto-generated-text
MPISE_DESTRUCTIVE := 1
MPISE_STATELESS   := 1
----
ARCH              := rv64
TYPE              := ise
RADIX             := 60
PLATFORM          := cva6-fpga
VERSION           := hybrid
<<<<
bbl loader
! 60, ise, 64, 1, 1, 8, 480, 10, 9, 446, 446, 446
  result is correct!
! 60, ise, 64, 1, 1, 12, 720, 10, 9, 817, 817, 817
  result is correct!
! 60, ise, 64, 1, 1, 16, 960, 10, 9, 1277, 1277, 1277
  result is correct!
