Usage (for mon_varbase_mul): ./cva6_x25519_rv32_ise_reduced.elf <an_integer> <another_integer>
Setting num_iters = 1000 , num_warmup_iters = 100

=============================================================
test_nop - nop_routine
=============================================================

-------------------- Cycles --------------------

! @  43 13 13 13 13 13 13 13 13 13 13 13 13 13 13 13 13 13 13 13 13 13 13 13 13 13 13 13 13 13 13 13 13 13 13 13 13 13 13 13 13 13 13 13 13 13 13 13 13 13 13 13 13 13 13 13 13 13 13 13 13 13 13 13 13 13 13 13 13 13 13 13 13 13 13 13 13 13 13 13 13 13 13 13 13 13 13 13 13 13 13 13 13 13 13 13 13 13 13 13

---------------- Instructions ----------------

! @  25 25 25 25 25 25 25 25 25 25 25 25 25 25 25 25 25 25 25 25 25 25 25 25 25 25 25 25 25 25 25 25 25 25 25 25 25 25 25 25 25 25 25 25 25 25 25 25 25 25 25 25 25 25 25 25 25 25 25 25 25 25 25 25 25 25 25 25 25 25 25 25 25 25 25 25 25 25 25 25 25 25 25 25 25 25 25 25 25 25 25 25 25 25 25 25 25 25 25 25

----------------------------------------------

=============================================================
test_gfp_arith - gfp mul
=============================================================

-------------------- Cycles --------------------

! @  436 415 433 415 440 415 440 415 440 415 440 415 440 415 440 415 440 415 440 415 440 415 440 415 440 415 440 415 440 415 440 415 440 415 440 415 441 415 440 415 440 415 440 415 440 415 440 415 440 415 440 415 442 415 440 415 440 415 440 415 440 415 440 415 440 415 440 415 440 415 440 415 440 415 440 415 441 415 440 415 440 415 440 415 440 415 440 415 440 415 440 415 440 415 440 415 440 415 455 415

---------------- Instructions ----------------

! @  381 381 381 381 381 381 381 381 381 381 381 381 381 381 381 381 381 381 381 381 381 381 381 381 381 381 381 381 381 381 381 381 381 381 381 381 381 381 381 381 381 381 381 381 381 381 381 381 381 381 381 381 381 381 381 381 381 381 381 381 381 381 381 381 381 381 381 381 381 381 381 381 381 381 381 381 381 381 381 381 381 381 381 381 381 381 381 381 381 381 381 381 381 381 381 381 381 381 381 381

----------------------------------------------

=============================================================
test_gfp_arith - gfp sqr
=============================================================

-------------------- Cycles --------------------

! @  410 381 400 381 406 381 406 381 408 381 406 381 406 381 406 381 413 381 406 381 406 381 406 381 406 381 408 381 406 381 406 381 406 381 406 381 406 381 406 381 406 381 406 381 406 381 406 381 406 381 406 381 406 381 406 381 406 381 406 381 420 381 406 381 406 381 406 381 406 381 408 381 406 381 406 381 406 381 406 381 406 381 408 381 406 381 406 381 406 381 406 381 406 381 406 381 406 381 418 381

---------------- Instructions ----------------

! @  348 348 348 348 348 348 348 348 348 348 348 348 348 348 348 348 348 348 348 348 348 348 348 348 348 348 348 348 348 348 348 348 348 348 348 348 348 348 348 348 348 348 348 348 348 348 348 348 348 348 348 348 348 348 348 348 348 348 348 348 348 348 348 348 348 348 348 348 348 348 348 348 348 348 348 348 348 348 348 348 348 348 348 348 348 348 348 348 348 348 348 348 348 348 348 348 348 348 348 348

----------------------------------------------

=============================================================
test_gfp_arith - gfp add
=============================================================

-------------------- Cycles --------------------

! @  122 89 89 89 89 89 89 89 89 89 89 89 89 89 89 89 89 89 89 89 89 89 89 89 89 89 89 89 89 89 89 89 93 89 89 89 89 89 89 89 89 89 89 89 89 89 89 89 89 89 89 89 89 89 89 89 89 89 89 89 89 89 89 89 89 89 89 75137 111 89 89 89 89 89 93 89 89 89 89 89 89 89 89 89 89 89 89 89 89 89 89 89 89 89 89 89 89 89 89 89

---------------- Instructions ----------------

! @  96 96 96 96 96 96 96 96 96 96 96 96 96 96 96 96 96 96 96 96 96 96 96 96 96 96 96 96 96 96 96 96 96 96 96 96 96 96 96 96 96 96 96 96 96 96 96 96 96 96 96 96 96 96 96 96 96 96 96 96 96 96 96 96 96 96 96 11498 96 96 96 96 96 96 96 96 96 96 96 96 96 96 96 96 96 96 96 96 96 96 96 96 96 96 96 96 96 96 96 96

----------------------------------------------

=============================================================
test_gfp_arith - gfp sub
=============================================================

-------------------- Cycles --------------------

! @  123 94 95 94 95 94 95 94 95 94 95 94 95 94 95 94 95 94 95 94 95 94 95 94 95 94 95 94 95 94 95 94 94 94 95 94 95 94 95 94 95 94 96 94 95 94 95 94 95 94 95 94 94 94 95 94 95 94 95 94 95 94 95 94 95 94 95 94 95 94 95 94 95 94 95 94 95 94 95 94 95 94 96 94 95 94 95 94 96 94 95 94 95 94 96 94 95 94 95 94

---------------- Instructions ----------------

! @  101 101 101 101 101 101 101 101 101 101 101 101 101 101 101 101 101 101 101 101 101 101 101 101 101 101 101 101 101 101 101 101 101 101 101 101 101 101 101 101 101 101 101 101 101 101 101 101 101 101 101 101 101 101 101 101 101 101 101 101 101 101 101 101 101 101 101 101 101 101 101 101 101 101 101 101 101 101 101 101 101 101 101 101 101 101 101 101 101 101 101 101 101 101 101 101 101 101 101 101

----------------------------------------------

=============================================================
test_gfp_arith - gfp mul32
=============================================================

-------------------- Cycles --------------------

! @  129 107 107 107 107 107 107 107 107 107 107 107 107 107 107 107 107 107 107 107 107 107 107 107 107 107 107 107 107 107 107 107 107 107 107 107 107 107 107 107 107 107 107 107 107 107 107 107 107 107 107 107 107 107 107 107 107 107 108 107 107 107 107 107 107 107 107 107 107 107 107 107 110 107 107 107 107 107 107 107 107 107 107 107 107 107 107 107 107 107 107 107 107 107 107 107 107 107 107 107

---------------- Instructions ----------------

! @  98 98 98 98 98 98 98 98 98 98 98 98 98 98 98 98 98 98 98 98 98 98 98 98 98 98 98 98 98 98 98 98 98 98 98 98 98 98 98 98 98 98 98 98 98 98 98 98 98 98 98 98 98 98 98 98 98 98 98 98 98 98 98 98 98 98 98 98 98 98 98 98 98 98 98 98 98 98 98 98 98 98 98 98 98 98 98 98 98 98 98 98 98 98 98 98 98 98 98 98

----------------------------------------------

=============================================================
test_curve_arith - mon_ladder_step
=============================================================

-------------------- Cycles --------------------

! @  4297 4278 4299 80221 5305 4278 4299 4278 4299 4278 4299 4278 4299 4278 4299 4278 4299 4278 4299 4278 4299 4278 4299 4278 4301 4278 4299 4278 4301 4278 4299 4278 74911 4385 4299 4278 4299 4278 4299 4278 4299 4278 4299 4278 4299 4278 4299 4278 4299 4278 4299 4278 4299 4278 4299 4278 4299 4278 4299 4278 4299 71766 5149 4320 4299 4278 4299 4278 4299 4278 4299 4278 4299 4278 4299 4278 4299 4278 4299 4278 4299 4278 4299 4278 4299 4278 4299 4278 4299 4278 4302 4278 72726 4518 4338 4278 4299 4278 4299 4278
! @  4299 4278 4299 4278 4299 4278 4299 4278 4299 4278 4299 4278 4299 4278 4299 4278 4299 4278 4299 4278 4299 4278 72254 4531 4299 4278 4301 4278 4299 4278 4301 4278 4299 4278 4301 4278 4299 4278 4304 4278 4301 4278 4299 4278 4301 4278 4299 4278 4301 4278 4299 4278 71621 4610 4299 4278 4301 4278 4299 4278 4304 4278 4301 4278 4299 4278 4301 4278 4299 4278 4301 4278 4299 4278 4304 4278 4299 4278 4299 4278 4299 4278 69071 7212 4379 4278 4308 4278 4299 4278 4299 4278 4299 4278 4299 4278 4299 4278 4299 4278

---------------- Instructions ----------------

! @  3805 3805 3805 15207 3805 3805 3805 3805 3805 3805 3805 3805 3805 3805 3805 3805 3805 3805 3805 3805 3805 3805 3805 3805 3805 3805 3805 3805 3805 3805 3805 3805 15207 3805 3805 3805 3805 3805 3805 3805 3805 3805 3805 3805 3805 3805 3805 3805 3805 3805 3805 3805 3805 3805 3805 3805 3805 3805 3805 3805 3805 15207 3805 3805 3805 3805 3805 3805 3805 3805 3805 3805 3805 3805 3805 3805 3805 3805 3805 3805 3805 3805 3805 3805 3805 3805 3805 3805 3805 3805 3805 3805 15207 3805 3805 3805 3805 3805 3805 3805
! @  3805 3805 3805 3805 3805 3805 3805 3805 3805 3805 3805 3805 3805 3805 3805 3805 3805 3805 3805 3805 3805 3805 15207 3805 3805 3805 3805 3805 3805 3805 3805 3805 3805 3805 3805 3805 3805 3805 3805 3805 3805 3805 3805 3805 3805 3805 3805 3805 3805 3805 3805 3805 15207 3805 3805 3805 3805 3805 3805 3805 3805 3805 3805 3805 3805 3805 3805 3805 3805 3805 3805 3805 3805 3805 3805 3805 3805 3805 3805 3805 3805 3805 15207 3805 3805 3805 3805 3805 3805 3805 3805 3805 3805 3805 3805 3805 3805 3805 3805 3805

----------------------------------------------
=============================================================
ecdh correctness test:
=============================================================
x25519: (alice <---> bob: rfc7748 test vectors)
- private keys:
  alice: 2A2CB91DA5FB77B12A99C0EB872F4CDF4566B25172C1163C7DA518730A6D0777
  bob  : EBE088FF278B2F1CFDB6182629B13B6FE60E80838B7FE1794B8A4A627E08AB5D
- public keys:
  alice: 6A4E9BAA8EA9A4EBF41A38260D3ABF0D5AF73EB4DC7D8B7454A7308909F02085
  bob  : 4F2B886F147EFCAD4D67785BC843833F3735E4ECC2615BD3B4C17D7B7DDB9EDE
- shared secrets:
  alice: 4217161E3C9BF076339ED147C9217EE0250F3580F43B8E72E12DCEA45B9D5D4A
  bob  : 4217161E3C9BF076339ED147C9217EE0250F3580F43B8E72E12DCEA45B9D5D4A
- results:[32m equal [0m
-------------------------------------------------------------
x25519: (carol <---> dave: random test vectors)
- private keys:
  carol: 593C88AA59876667470F7256DE31BF0187E11C7CDFBDF654FBE2FB4B6B817EC6
  dave : 363F1F8F99D95F8E761AE3CC987902DA5B65AE372F55543CD8A185D27B1356EA
- public keys:
  carol: 49335110A9BFAEE04B26E014C5B66C4F5332DD0449DB319E5CDA941E713B2A9D
  dave : 11286328E598CBF797EBDFC76708EA606825C43B99A8DB056015F0A03BC63CB1
- shared secrets:
  carol: 7EB837D18E3DF1CA004EA8BA446BE7E3EE56731E1641EF0A0A0FC3B12784468E
  dave : 7EB837D18E3DF1CA004EA8BA446BE7E3EE56731E1641EF0A0A0FC3B12784468E
- results:[32m equal [0m

=============================================================
test_mon_varbase_mul - mon_varbase_mul
=============================================================

-------------------- Cycles --------------------

! @  1933970 1865992 1934405 2039121 2411148 1939790 1868318 1933462 1868273 1934679 1870472 1933164 1867517 1934589 1867825 1933559 2821953 2034120 1933418 1866871 1933423 1867367 1933622 1867055 1933338 1865938 1932238 1865892 1937968 2051549 2409846 1938250 1868975 2090662 1865406 1934038 1864931 1934958 1864843 1935883 1867720 1936994 2824164 2029770 1934475 1866056 1935444 1866432 1933839 1865393 1934177 1864628 1934078 1868830 2039489 1933901 2409880 1933825 1867007 1865983 1932649 1866878 1932960 1866422 1932076 1865549 1932219 1867500 2891714 2031721 1866956 1933468 1866472 1931848 1867090 1934041 1867292 1932601 1866405 2109103 1865868 1933710 2414455 1869744 1933472 2356720 1868478 1933126 1868144 1934437 1867176 1934301 1865168 1933933 2817509 2031372 1934173 1867003 1864445 1931504
! @  2054709 1933932 1868160 1932611 2040446 1934171 1865839 1934161 2412518 1867246 1934716 1868980 1934199 1866401 1934239 1868075 1934265 1866713 1934068 1869579 2891156 2029925 1867722 1934537 1867166 1933369 1867500 1933374 1868889 1938286 2038853 2150937 1866819 1934730 2566221 1866532 1934600 1864513 1933405 1864327 1933607 1866037 1933601 1866480 1934403 2688674 2008413 2100249 1865166 1934849 1866313 1934360 1865395 1934803 1869383 2039786 1934503 1865764 1934118 1868545 2483443 1866223 1935264 1864148 1934894 1864459 1934102 1865771 1934014 1865819 1934976 2681831 2005180 2101565 1866403 1935182 1865658 1934751 1866789 1931421 2039717 1869421 1934363 1867536 2104388 1864697 2414435 1934512 1867206 1934186 1869238 1933913 1867364 1935887 1867601 1932616 1869062 2763423 2146498 1871054
! @  1936429 1868172 1932101 1863919 1936434 2043611 1937448 1868229 1936887 1863812 1935324 1866167 2417053 1933712 1867167 1935638 1867616 1933724 1867120 1931000 1864941 1933405 1865788 2766257 2145211 1869911 1933075 1867794 1935474 1864435 1938446 2038032 1934342 1864594 1933291 1865318 2022831 1936251 2416732 1867193 1934727 1867110 1931884 1865485 1931886 1865325 1933258 1866782 1933464 2813033 2033104 1939230 1865929 1934762 1864979 1934159 2040648 1934222 1864831 1935586 1866335 1935977 1863564 1934185 2414259 1867124 1936705 1865897 1933573 1866542 1937874 1866095 1936345 1869132 1934901 2816836 2032796 1940722 1867699 1935994 1866674 2108324 1868030 1936972 1868658 1936186 1867031 1935533 1865850 1934728 2419381 1867763 1932505 1864915 1933834 1865673 1933028 1868311 1934287 1867553
! @  1933274 2817839 2032376 1938491 1867174 1932711 1869206 2111962 1869198 1935571 1866503 1934792 1866752 1937588 1867410 1936634 2417863 1866350 1933458 1867108 1933144 1866983 1932508 1864830 1933920 1867797 1931985 2821415 2032224 1938770 1868602 1933789 1871306 2105805 1864848 1935118 1866057 2024810 1934502 1867628 1933153 1867722 2416794 1866050 1935223 1864374 1934132 1864208 1935679 1866639 1936743 1866329 1935099 2818172 2031727 1938493 1864875 1937026 2037214 1866462 1933794 1866705 1933216 1868050 1933152 1865210 1932943 1866652 2486648 1866161 1935509 1865375 1935305 1868566 1934215 1866689 1936915 1865323 1934881 2821802 2032601 1936114 1869800 2038173 1934963 1867507 1933805 1869309 1933574 1865289 1932421 1865629 1935265 1865947 2479663 1867927 1934263 1866415 1937408 1866790
! @  1934459 1863770 1933921 1864758 1933387 2821550 2030779 1941042 2043531 1868633 1936212 1866035 1932291 1865739 1933302 1866970 1933310 1867457 1930762 1865696 2483091 1868121 1936015 1863071 1935162 1867047 1934721 1862233 1935163 1867603 1932856 2822356 2032244 1936899 2041097 1866739 1932437 1868174 2018047 1935634 1869682 1934163 1864992 1934246 1934185 1866923 2413188 1934391 1865917 1934655 1865525 1934839 1867006 1933413 1866013 1933701 1864119 2822102 2102984 2040621 1868250 1932413 1865354 1931714 1867276 1933458 1865762 1935188 1867578 1932299 1865057 1933025 2413831 1933619 1866686 1865934 1933348 1935536 1865462 1936213 1863933 1934202 1868565 2857469 2163255 1937524 1868308 1934770 1866021 1936548 1866248 1936874 1867363 1933779 1869108 1934474 1867572 1930668 2417114 1869163
! @  1933649 1936824 1867321 1932776 1866673 1934837 1864455 1935980 1866936 2988970 2033105 1936721 1868267 2361225 1864469 1932083 1865770 1933958 1864854 1934053 1867028 1931806 1866180 2479789 1869726 1935904 1864576 1934463 1867561 1933612 1863944 1935820 1867098 1932928 1865888 2991090 2027172 1935821 1866267 1935057 2019829 1867461 1933434 1869451 1933086 1866322 1935310 1865777 1963350 2414881 1937338 1868220 1930971 1866736 1932938 1866782 1929112 1865343 1934650 1865674 1935777 2851354 2032200 1931945 1865426 1934810 1867873 1931979 1866572 1933433 1866435 1934545 1933426 1868752 1932084 2416659 1869100 1933983 1865167 1937193 1865857 1932447 1866506 1933349 1866243 1934921 2046234 2825651 2032394 1935023 1866992 1866668 1866486 1933743 1866178 1933748 1936416 1863321 1935050 1867586
! @  1935906 2413572 1869090 1933329 1867083 1932184 1866944 1934331 1865252 1935017 1865794 2111770 1868337 2824361 2033673 1934598 1937873 1863125 1865690 1867194 1932654 1867597 1934565 1867639 1934022 1866681 1933122 2416231 1868017 1935375 1864215 1935343 1864616 1934124 1867523 1935189 1868801 2109166 1867542 2821017 2032865 2089931 1868374 1935136 1864476 1933098 1866085 1934363 1867852 1935771 1864642 1934673 1864646 2413545 1934958 1863924 1935794 1865299 1936112 1868924 1935000 1867405 2112519 1866224 1932746 2822972 2031142 1933937 1864948 1933354 1866637 1935362 1868050 1933169 1867029 1933228 1864670 1936025 1866905 2408744 1934715 1866677 1934836 1866527 1935182 1865254 1935565 2038106 1942228 1867231 1934201 2824149 2029447 1935118 1867737 1934638 1865571 1935709 1865969 1934954
! @  1866525 1932640 1867488 1936492 1864124 2412353 1938469 1865818 1934923 1866043 1935490 1866076 1937902 2037408 1935034 1865251 1934999 2828719 2030056 1935639 1866367 1935029 1864936 1932349 1867436 1935546 1866608 1934281 1867335 1933756 1864860 2414848 1937667 1865346 1935661 1866129 1936641 1868863 1937304 2038258 1936043 1866005 1935550 2868014 2031179 1934863 1867027 1935234 1867195 1933281 1865844 1932499 1867961 1933726 1866858 1932780 1969533 2411679 1868968 1933838 1865354 1930602 1867092 1935142 2038793 1934982 1865445 1934371 1865389 2827652 2097311 1864501 1933112 1865430 1935579 1865653 1934768 1866481 1934884 1864736 1935885 1865805 1936083 2411715 1866970 1935791 1865566 1933067 1869031 2111477 1867443 1935173 1869179 1933178 1867260 2822692 2100285 1864546 1935312 1865638
! @  1934342 1863520 1934726 1867055 1935577 1869787 1933024 1865871 1962534 2413405 1935713 1869514 1937051 1865515 2045056 1934526 1868117 1932969 1865355 1933348 1867661 2890787 2029791 1868883 1934612 1867522 1933398 1864662 1933221 1865307 1932824 1865051 1933323 1865719 1933448 2417069 1867904 1934623 1868343 1870149 2041922 1935587 1871101 1932192 2018916 1937766 1865216 2827356 2097636 1868220 1934959 1864228 1935273 1865380 1933479 1867497 1934261 2460674 1991535 1992313 2254027 2581071 1935060 1865897 2040195 2125243 1994043 1870105 1934482 1866306 1935354 1865889 2944047 2030694 1935395 1866394 1993724 1937629 1864748 1993905 1936165 1866792 1933191 1865172 2001504 1935538 2418209 1868800 1934091 2046298 1935675 1867421 2148978 1867433 1935293 1866182 1933645 2667667 2089048 2033152
! @  1867614 1934112 1867956 1937093 1866707 1932162 1866452 1935134 1870072 1934164 2260485 1962985 2416466 1933988 2175504 2285467 1934363 1864512 1935394 1865128 1933150 1865473 1935561 2822225 2031356 1934155 1864627 1932069 1866923 1935248 1864866 1933420 1866927 1934343 1867248 1934681 1865079 2404177 1946399 1868734 2103205 1863879 1934759 1866581 2020463 1934086 1866526 1935707 1868976 2826602 2033633 1866824 1933126 1866831 1932818 1865845 1934442 1864321 1931586 1865987 1935676 2296612 2107841 2415886 1871848 2108868 1867361 1931316 1865138 1993662 1934841 1867570 1934015 1864655 2732225 2023536 2030242 1934748 1864908 1934768 1864952 1934546 1865687 1935996 1867676 1935412 1865362 1934623 1866584 2419694 2107296 1863932 1933984 1867143 1935441 1866925 1932981 1866178 1934456 1868955

---------------- Instructions ----------------

! @  1206150 1194748 1206150 1216276 1268197 1206150 1194748 1206150 1194748 1206150 1194748 1206150 1194748 1206150 1194748 1206150 1467625 1216750 1206180 1194775 1206180 1194775 1206180 1194775 1206180 1194775 1206180 1194775 1206324 1218445 1267997 1206180 1194775 1228040 1194748 1206150 1194748 1206150 1194748 1206150 1194748 1206150 1467223 1216442 1206150 1194748 1206150 1194748 1206150 1194748 1206150 1194748 1206150 1194892 1216365 1206150 1268073 1206150 1194748 1194748 1206150 1194748 1206150 1194748 1206150 1194748 1206150 1194748 1479011 1216720 1194748 1206150 1194748 1206150 1194748 1206150 1194748 1206150 1194748 1227903 1194748 1206150 1268322 1194748 1206150 1257468 1194748 1206150 1194748 1206150 1194748 1206150 1194748 1206150 1467223 1216439 1206150 1194748 1194748 1206150
! @  1217893 1206150 1194748 1206150 1216555 1206150 1194748 1206150 1268052 1194748 1206150 1194748 1206150 1194748 1206150 1194748 1206150 1194748 1206157 1194808 1478877 1216720 1194748 1206150 1194748 1206199 1194802 1206210 1194802 1206354 1216471 1233828 1194775 1206180 1290055 1194748 1206150 1194748 1206150 1194748 1206150 1194748 1206150 1194748 1206150 1448053 1214549 1228093 1194748 1206150 1194748 1206150 1194748 1206150 1194892 1216411 1206150 1194748 1206150 1194748 1279472 1194748 1206150 1194748 1206150 1194748 1206150 1194748 1206150 1194748 1206150 1448053 1214170 1228122 1194748 1206150 1194748 1206150 1194748 1206150 1216548 1194748 1206150 1194748 1228510 1194748 1268179 1206150 1194748 1206150 1194748 1206150 1194748 1206150 1194748 1206150 1194748 1461339 1234363 1194748
! @  1206150 1194748 1206150 1194748 1206150 1217089 1206150 1194748 1206150 1194748 1206150 1194748 1267712 1206150 1194748 1206150 1194748 1206150 1194748 1206150 1194748 1206150 1194748 1461339 1234258 1194748 1206150 1194748 1206150 1194748 1206294 1216693 1206150 1194746 1206180 1194774 1216623 1206180 1268109 1194775 1206180 1194775 1206180 1194775 1206180 1194782 1206240 1194775 1206180 1467651 1216721 1206180 1194775 1206180 1194775 1206180 1216867 1206180 1194775 1206180 1194775 1206180 1194775 1206180 1268000 1194775 1206180 1194775 1206180 1194775 1206180 1194775 1206180 1194775 1206180 1467265 1216501 1206180 1194775 1206180 1194775 1228250 1194775 1206180 1194775 1206180 1194775 1206180 1194775 1206180 1267561 1194775 1206180 1194775 1206180 1194775 1206180 1194775 1206180 1194775
! @  1206180 1467651 1216173 1206180 1194775 1206180 1194919 1228341 1194775 1206180 1194775 1206180 1194775 1206180 1194775 1206180 1267810 1194775 1206180 1194775 1206180 1194775 1206180 1194775 1206180 1194775 1206180 1467644 1215950 1206180 1194775 1206180 1194919 1228341 1194775 1206180 1194775 1216600 1206150 1194748 1206150 1194748 1267526 1194775 1206180 1194775 1206180 1194775 1206180 1194775 1206180 1194775 1206180 1467517 1216173 1206180 1194775 1206324 1216936 1194775 1206180 1194775 1206180 1194775 1206180 1194775 1206180 1194775 1279090 1194775 1206180 1194775 1206187 1194835 1206180 1194775 1206180 1194775 1206180 1467651 1216202 1206180 1194919 1216936 1206180 1194775 1206180 1194775 1206180 1194775 1206180 1194775 1206180 1194775 1278963 1194775 1206180 1194775 1206180 1194775
! @  1206180 1194775 1206180 1194775 1206180 1467517 1216173 1206180 1217080 1194775 1206180 1194775 1206180 1194775 1206180 1194775 1206180 1194775 1206180 1194775 1279090 1194775 1206180 1194775 1206180 1194775 1206180 1194775 1206180 1194775 1206180 1467651 1216202 1206324 1216936 1194775 1206180 1194775 1216612 1206150 1194748 1206150 1194748 1206150 1206150 1194748 1267522 1206150 1194748 1206150 1194748 1206148 1194775 1206180 1194775 1206180 1194775 1467265 1227470 1216310 1194775 1206180 1194775 1206180 1194775 1206180 1194775 1206180 1194775 1206180 1194775 1206180 1267558 1206180 1194775 1194775 1206180 1206180 1194775 1206180 1194775 1206180 1194775 1471776 1236862 1206180 1194775 1206180 1194775 1206180 1194775 1206180 1194775 1206180 1194775 1206180 1194775 1206180 1267810 1194782
! @  1206240 1206180 1194775 1206180 1194775 1206180 1194775 1206180 1194775 1489565 1215921 1206180 1194775 1256966 1194775 1206180 1194775 1206180 1194775 1206180 1194775 1206180 1194775 1278963 1194775 1206180 1194775 1206180 1194775 1206180 1194775 1206180 1194775 1206180 1194775 1489817 1216204 1206180 1194775 1206179 1216589 1194748 1206150 1194748 1206150 1194748 1206150 1194748 1208519 1268230 1206150 1194748 1206150 1194748 1206150 1194748 1206150 1194748 1206150 1194748 1206292 1471090 1216754 1206180 1194775 1206180 1194775 1206180 1194775 1206180 1194775 1206180 1206180 1194775 1206180 1268139 1194775 1206180 1194775 1206180 1194775 1206180 1194775 1206180 1194775 1206180 1217117 1467493 1216783 1206180 1194775 1194775 1194775 1206180 1194775 1206180 1206180 1194775 1206180 1194775
! @  1206180 1268266 1194775 1206180 1194775 1206180 1194775 1206180 1194775 1206180 1194775 1228522 1194775 1467651 1216754 1206180 1206180 1194775 1194775 1194775 1206180 1194775 1206180 1194775 1206180 1194775 1206187 1267838 1194775 1206180 1194775 1206180 1194775 1206180 1194775 1206180 1194919 1228378 1194775 1467517 1216783 1228005 1194748 1206150 1194748 1206150 1194748 1206150 1194748 1206150 1194748 1206150 1194748 1268194 1206150 1194748 1206150 1194748 1206150 1194748 1206150 1194748 1228450 1194748 1206150 1467609 1216685 1206150 1194748 1206163 1194775 1206180 1194775 1206180 1194775 1206180 1194775 1206180 1194775 1267994 1206180 1194775 1206180 1194775 1206180 1194775 1206180 1217078 1206180 1194775 1206180 1467265 1216495 1206180 1194775 1206180 1194775 1206180 1194775 1206180
! @  1194775 1206180 1194775 1206180 1194775 1267555 1206180 1194775 1206180 1194775 1206180 1194775 1206324 1216142 1206180 1194775 1206180 1467651 1216167 1206180 1194775 1206180 1194775 1206180 1194775 1206180 1194775 1206180 1194775 1206180 1194775 1267804 1206180 1194775 1206180 1194775 1206180 1194775 1206324 1216394 1206180 1194775 1206180 1473948 1215916 1206150 1194748 1206150 1194748 1206150 1194748 1206150 1194755 1206210 1194748 1206150 1208257 1268068 1194748 1206150 1194748 1206150 1194748 1206294 1216364 1206150 1194748 1206150 1194748 1467475 1228091 1194748 1206150 1194748 1206150 1194748 1206150 1194748 1206157 1194775 1206180 1194775 1206180 1268231 1194775 1206180 1194775 1206180 1194919 1227792 1194775 1206180 1194775 1206180 1194775 1467651 1228153 1194775 1206180 1194775
! @  1206180 1194775 1206180 1194775 1206180 1194775 1206180 1194775 1208910 1268107 1206180 1194775 1206180 1194775 1216553 1206180 1194775 1206180 1194775 1206180 1194775 1478922 1216719 1194775 1206180 1194775 1206180 1194775 1206180 1194775 1206180 1194775 1206180 1194775 1206180 1268231 1194775 1206180 1194775 1194919 1216409 1206180 1194775 1206180 1216650 1206150 1194748 1467609 1228120 1194748 1206150 1194748 1206150 1194748 1206150 1194748 1206150 1264824 1209977 1209977 1242394 1292159 1206150 1194748 1216420 1229459 1210297 1194748 1206150 1194748 1206150 1194748 1482772 1216437 1206150 1194748 1210061 1206150 1194755 1210357 1206150 1194748 1206150 1194748 1211472 1206150 1268114 1194802 1206210 1216616 1206210 1194802 1234053 1194775 1206180 1194775 1206180 1446208 1227623 1216748
! @  1194775 1206180 1194775 1206180 1194775 1206180 1194775 1206180 1194775 1206180 1243586 1207530 1268377 1206180 1232102 1244776 1206180 1194775 1206180 1194775 1206180 1194775 1206180 1467265 1216467 1206180 1194775 1206180 1194775 1206180 1194775 1206180 1194775 1206180 1194775 1206180 1194775 1268125 1206180 1194919 1227579 1194775 1206180 1194775 1216606 1206150 1194748 1206150 1194748 1467475 1216718 1194748 1206150 1194748 1206150 1194748 1206150 1194748 1206150 1194748 1206150 1245653 1227764 1268216 1194892 1228052 1194748 1206150 1194748 1210323 1206150 1194748 1206150 1194748 1457571 1216433 1216689 1206150 1194748 1206150 1194748 1206150 1194748 1206150 1194748 1206150 1194748 1206150 1194748 1268233 1228028 1194748 1206150 1194748 1206158 1194775 1206180 1194775 1206180 1194775

----------------------------------------------
