Usage (for mon_varbase_mul): ./cva6_x25519_rv64_isa_reduced.elf <an_integer> <another_integer>
Setting num_iters = 1000 , num_warmup_iters = 100

=============================================================
test_nop - nop_routine
=============================================================

-------------------- Cycles --------------------

! @  38 7 7 7 7 7 7 7 7 7 7 7 7 7 7 7 7 7 7 7 7 7 7 7 7 7 7 7 7 7 7 7 7 7 7 7 7 7 7 7 7 7 7 7 7 7 7 7 7 7 7 7 7 7 7 7 7 7 7 7 7 7 7 7 7 7 7 7 7 7 7 7 7 7 7 7 7 7 7 7 7 7 7 7 7 7 7 7 7 7 7 7 7 7 7 7 7 7 7 7

---------------- Instructions ----------------

! @  13 13 13 13 13 13 13 13 13 13 13 13 13 13 13 13 13 13 13 13 13 13 13 13 13 13 13 13 13 13 13 13 13 13 13 13 13 13 13 13 13 13 13 13 13 13 13 13 13 13 13 13 13 13 13 13 13 13 13 13 13 13 13 13 13 13 13 13 13 13 13 13 13 13 13 13 13 13 13 13 13 13 13 13 13 13 13 13 13 13 13 13 13 13 13 13 13 13 13 13

----------------------------------------------

=============================================================
test_gfp_arith - gfp mul
=============================================================

-------------------- Cycles --------------------

! @  271 245 245 245 245 245 245 245 245 245 245 245 245 245 245 245 245 245 245 245 245 245 245 245 245 245 245 245 245 245 245 245 245 245 245 245 245 245 245 245 245 245 245 245 245 245 245 245 245 245 245 245 245 245 245 245 245 245 245 245 245 245 245 245 245 245 245 245 245 245 245 245 245 245 245 245 245 245 245 245 245 245 245 245 245 245 245 245 245 245 245 245 245 245 245 245 245 245 245 245

---------------- Instructions ----------------

! @  225 225 225 225 225 225 225 225 225 225 225 225 225 225 225 225 225 225 225 225 225 225 225 225 225 225 225 225 225 225 225 225 225 225 225 225 225 225 225 225 225 225 225 225 225 225 225 225 225 225 225 225 225 225 225 225 225 225 225 225 225 225 225 225 225 225 225 225 225 225 225 225 225 225 225 225 225 225 225 225 225 225 225 225 225 225 225 225 225 225 225 225 225 225 225 225 225 225 225 225

----------------------------------------------

=============================================================
test_gfp_arith - gfp sqr
=============================================================

-------------------- Cycles --------------------

! @  196 167 167 210 213 213 213 213 213 213 213 213 213 213 213 213 213 213 213 213 213 213 213 213 213 213 213 213 213 213 213 213 213 213 213 213 213 213 213 213 213 213 213 213 213 213 213 213 213 213 213 213 213 213 213 213 213 213 213 213 213 213 213 213 213 213 213 213 213 213 213 213 213 213 213 213 213 213 213 213 213 213 213 213 213 213 213 213 213 213 213 213 213 213 213 213 213 213 213 213

---------------- Instructions ----------------

! @  161 161 161 161 161 161 161 161 161 161 161 161 161 161 161 161 161 161 161 161 161 161 161 161 161 161 161 161 161 161 161 161 161 161 161 161 161 161 161 161 161 161 161 161 161 161 161 161 161 161 161 161 161 161 161 161 161 161 161 161 161 161 161 161 161 161 161 161 161 161 161 161 161 161 161 161 161 161 161 161 161 161 161 161 161 161 161 161 161 161 161 161 161 161 161 161 161 161 161 161

----------------------------------------------

=============================================================
test_gfp_arith - gfp add
=============================================================

-------------------- Cycles --------------------

! @  67 40 40 40 40 46 40 53 56 72 56 56 56 56 70 58 56 56 56 72 56 56 56 72 56 56 56 56 70 58 56 56 56 72 56 56 56 72 56 56 56 56 70 58 56 56 56 72 56 56 56 72 56 56 56 56 70 58 56 56 56 72 56 56 56 72 56 56 56 56 70 58 56 56 56 72 56 56 56 72 56 56 56 56 70 58 56 56 56 72 56 56 56 72 56 56 56 56 70 58

---------------- Instructions ----------------

! @  37 37 37 37 37 37 37 37 37 37 37 37 37 37 37 37 37 37 37 37 37 37 37 37 37 37 37 37 37 37 37 37 37 37 37 37 37 37 37 37 37 37 37 37 37 37 37 37 37 37 37 37 37 37 37 37 37 37 37 37 37 37 37 37 37 37 37 37 37 37 37 37 37 37 37 37 37 37 37 37 37 37 37 37 37 37 37 37 37 37 37 37 37 37 37 37 37 37 37 37

----------------------------------------------

=============================================================
test_gfp_arith - gfp sub
=============================================================

-------------------- Cycles --------------------

! @  87 44 44 44 44 45 54 56 56 56 72 56 56 56 56 69 59 56 56 56 56 72 56 56 56 56 69 59 56 56 56 56 72 56 56 56 56 69 59 56 56 56 56 72 56 56 56 56 69 59 56 56 56 56 72 56 56 56 56 69 59 56 56 56 56 72 56 56 56 56 69 59 56 56 56 56 72 56 56 56 56 69 59 56 56 56 56 72 56 56 56 56 69 59 56 56 56 56 72 56

---------------- Instructions ----------------

! @  46 46 46 46 46 46 46 46 46 46 46 46 46 46 46 46 46 46 46 46 46 46 46 46 46 46 46 46 46 46 46 46 46 46 46 46 46 46 46 46 46 46 46 46 46 46 46 46 46 46 46 46 46 46 46 46 46 46 46 46 46 46 46 46 46 46 46 46 46 46 46 46 46 46 46 46 46 46 46 46 46 46 46 46 46 46 46 46 46 46 46 46 46 46 46 46 46 46 46 46

----------------------------------------------

=============================================================
test_gfp_arith - gfp mul32
=============================================================

-------------------- Cycles --------------------

! @  109 83 83 83 83 83 83 83 83 83 83 83 83 83 83 83 83 83 83 83 83 83 83 83 83 83 83 83 83 83 83 83 83 83 83 83 83 83 83 83 83 83 83 83 83 83 83 83 83 83 83 83 83 83 83 83 83 83 83 83 83 83 83 83 83 83 83 83 83 83 83 83 83 83 83 83 83 83 83 83 83 83 83 83 83 83 83 83 83 83 83 83 83 83 83 83 83 83 83 83

---------------- Instructions ----------------

! @  78 78 78 78 78 78 78 78 78 78 78 78 78 78 78 78 78 78 78 78 78 78 78 78 78 78 78 78 78 78 78 78 78 78 78 78 78 78 78 78 78 78 78 78 78 78 78 78 78 78 78 78 78 78 78 78 78 78 78 78 78 78 78 78 78 78 78 78 78 78 78 78 78 78 78 78 78 78 78 78 78 78 78 78 78 78 78 78 78 78 78 78 78 78 78 78 78 78 78 78

----------------------------------------------

=============================================================
test_curve_arith - mon_ladder_step
=============================================================

-------------------- Cycles --------------------

! @  2865 2822 2842 2842 2842 2842 2842 2842 2842 2842 2842 2842 2842 2842 2842 2842 2842 2842 2842 2842 2842 2842 2842 2842 2842 2842 2842 2842 2842 2842 2842 2842 2842 2842 2842 2842 2842 2842 2842 2842 2842 2842 2842 2842 2842 2842 2842 2842 2842 2842 2842 2842 2842 2842 2842 2842 2842 2842 2842 2842 2842 2842 2842 2842 2842 2842 2842 2842 2842 2842 2842 2842 2842 2842 2842 2842 2842 2842 2842 2842 2842 2842 2842 2842 2842 2842 2842 2842 2842 2842 2842 31749 2863 2842 2842 2842 2842 2842 2842 2842
! @  2842 2842 2842 2842 2842 2842 2842 2842 2842 2842 2842 2842 2833 2842 2842 2842 2842 2842 2842 2842 2842 2842 2842 2842 2842 2842 2842 2842 2842 2842 2842 2842 2842 2842 2842 2842 2842 2842 2842 2842 2842 2842 2842 2842 2842 2842 2842 2842 2842 2842 2842 2842 2842 2842 2842 2842 2842 2842 2842 2842 2816 2842 2842 2842 2842 2842 2842 2842 2842 2842 2842 2842 2842 2842 2842 2842 2842 2842 2842 2842 2842 2842 2842 2842 2842 2842 2842 2842 2842 2842 2842 2842 2842 2842 2842 2842 2842 2842 2842 2842

---------------- Instructions ----------------

! @  2005 2005 2005 2005 2005 2005 2005 2005 2005 2005 2005 2005 2005 2005 2005 2005 2005 2005 2005 2005 2005 2005 2005 2005 2005 2005 2005 2005 2005 2005 2005 2005 2005 2005 2005 2005 2005 2005 2005 2005 2005 2005 2005 2005 2005 2005 2005 2005 2005 2005 2005 2005 2005 2005 2005 2005 2005 2005 2005 2005 2005 2005 2005 2005 2005 2005 2005 2005 2005 2005 2005 2005 2005 2005 2005 2005 2005 2005 2005 2005 2005 2005 2005 2005 2005 2005 2005 2005 2005 2005 2005 6910 2005 2005 2005 2005 2005 2005 2005 2005
! @  2005 2005 2005 2005 2005 2005 2005 2005 2005 2005 2005 2005 2005 2005 2005 2005 2005 2005 2005 2005 2005 2005 2005 2005 2005 2005 2005 2005 2005 2005 2005 2005 2005 2005 2005 2005 2005 2005 2005 2005 2005 2005 2005 2005 2005 2005 2005 2005 2005 2005 2005 2005 2005 2005 2005 2005 2005 2005 2005 2005 2005 2005 2005 2005 2005 2005 2005 2005 2005 2005 2005 2005 2005 2005 2005 2005 2005 2005 2005 2005 2005 2005 2005 2005 2005 2005 2005 2005 2005 2005 2005 2005 2005 2005 2005 2005 2005 2005 2005 2005

----------------------------------------------
=============================================================
ecdh correctness test:
=============================================================
x25519: (alice <---> bob: rfc7748 test vectors)
- private keys:
  alice: 2A2CB91DA5FB77B12A99C0EB872F4CDF4566B25172C1163C7DA518730A6D0777
  bob  : EBE088FF278B2F1CFDB6182629B13B6FE60E80838B7FE1794B8A4A627E08AB5D
- public keys:
  alice: 6A4E9BAA8EA9A4EBF41A38260D3ABF0D5AF73EB4DC7D8B7454A7308909F02085
  bob  : 4F2B886F147EFCAD4D67785BC843833F3735E4ECC2615BD3B4C17D7B7DDB9EDE
- shared secrets:
  alice: 4217161E3C9BF076339ED147C9217EE0250F3580F43B8E72E12DCEA45B9D5D4A
  bob  : 4217161E3C9BF076339ED147C9217EE0250F3580F43B8E72E12DCEA45B9D5D4A
- results:[32m equal [0m
-------------------------------------------------------------
x25519: (carol <---> dave: random test vectors)
- private keys:
  carol: 593C88AA59876667470F7256DE31BF0187E11C7CDFBDF654FBE2FB4B6B817EC6
  dave : 363F1F8F99D95F8E761AE3CC987902DA5B65AE372F55543CD8A185D27B1356EA
- public keys:
  carol: 49335110A9BFAEE04B26E014C5B66C4F5332DD0449DB319E5CDA941E713B2A9D
  dave : 11286328E598CBF797EBDFC76708EA606825C43B99A8DB056015F0A03BC63CB1
- shared secrets:
  carol: 7EB837D18E3DF1CA004EA8BA446BE7E3EE56731E1641EF0A0A0FC3B12784468E
  dave : 7EB837D18E3DF1CA004EA8BA446BE7E3EE56731E1641EF0A0A0FC3B12784468E
- results:[32m equal [0m

=============================================================
test_mon_varbase_mul - mon_varbase_mul
=============================================================

-------------------- Cycles --------------------

! @  906476 905821 904592 884350 904849 905255 905296 904795 883853 905253 905358 904923 904886 883859 905104 905227 904862 904961 883903 904766 905189 905380 905125 883997 904869 904967 905334 904728 883819 905069 905123 904980 904853 1761538 935192 910571 946282 914938 885391 905695 905531 905081 905395 884178 904785 904711 905357 904662 883863 904775 905249 905490 904620 884142 1030677 918836 908088 905675 905366 883349 905150 905164 905170 905287 883512 905075 905170 904947 905305 883586 905041 905329 905160 906026 905091 883904 905327 905088 905204 904705 884047 904975 905047 905216 904814 883993 905109 905855 905295 1745328 940592 911284 907093 953729 887016 906856 905916 905491 905561 883611
! @  904931 905423 904932 905011 883987 905369 904885 905466 904917 883897 904675 1040384 910579 906611 905764 905119 883907 905159 904443 904848 904761 883598 904933 905405 904838 904882 883646 904907 905259 904746 904559 883898 905180 904784 904930 904574 883845 904953 905504 904939 905003 883745 906576 905338 905244 904706 1762127 936196 910962 906346 884440 905424 905650 905055 905551 883712 904422 905423 905384 905206 905087 883927 904579 905377 905490 905199 884116 1030478 919713 907780 906108 905637 883888 905104 905214 905254 905327 883556 905296 905004 905132 904831 883795 905036 904929 905431 905081 883780 904773 905329 905345 904897 883626 904981 904786 905395 906688 884363 904687 905482
! @  904578 904783 883568 1790372 938387 908628 906372 884140 905204 905396 904960 905250 883769 905072 904971 904638 905369 884263 905197 905659 904980 904893 883999 905029 1042153 910337 906826 905248 883795 905000 904506 905445 904949 883544 905010 904874 905289 904946 883641 905364 905367 905053 905456 904971 883709 904489 905205 905049 905543 884062 906214 905242 904973 905066 884061 954839 908972 906118 905139 1757506 930821 908658 905911 883775 905084 905131 905051 904869 883706 904832 905571 952255 915606 906331 884341 958501 909942 905995 950857 909480 1042252 910486 884415 905734 905750 905013 904884 883967 905169 905525 904856 905296 883812 904620 905367 905095 904514 883677 904959 904572
! @  905206 904906 884199 904717 906135 905346 904855 883694 905034 904857 905294 955598 909097 885126 905764 1777082 904728 910547 905573 904666 905509 905208 884060 904864 904967 904893 905247 884192 905102 904957 904848 904420 884073 904764 904985 905198 1029120 920351 885026 905933 905866 905119 904816 883918 904880 905431 905744 905451 883722 904784 905258 904757 904501 883514 905522 905588 905376 904700 883720 906297 905281 905564 905032 953807 887259 906772 905781 905635 905007 884076 905201 904607 1792907 888278 907290 905528 905091 904898 883959 904799 905287 905132 905229 883716 905143 904908 905117 905198 883628 905179 905236 905175 904964 1039350 909621 884758 905730 905439 905240 905310
! @  884079 905296 905389 905013 905146 883945 905206 904600 904950 904809 884054 905196 905063 906760 905532 883926 904757 905692 905390 945633 892366 908574 905705 905887 905786 904673 883722 904922 1775952 905233 910908 906422 905212 905113 905361 883903 905167 905311 905192 905171 884182 904990 905271 904781 904974 884236 904824 905384 905146 1029203 920499 885412 906259 905825 905078 905306 883743 905559 904878 905161 904968 883852 904626 904917 905297 905227 883827 906361 905707 905234 905001 883862 955021 909715 906045 905991 905520 883752 905373 905330 905789 905135 883647 905112 905113 1797315 889057 907530 905563 905683 905656 883725 904720 905442 905566 905075 883601 905113 904778 905585
! @  905517 883487 904981 905282 905188 905602 1041248 911070 884878 905802 905217 905489 904925 883724 905126 904967 904940 904669 884076 905203 905760 906609 905220 884129 904943 904722 905210 905052 955567 887430 906618 905586 905218 905042 883934 905309 905351 905086 905026 883979 904697 1782383 934646 888422 906773 905084 905466 904956 883744 905106 904605 904928 904925 883768 904771 905046 904956 904976 883755 904910 905322 905154 1029186 919404 907399 884334 905427 904904 905340 905541 883525 905326 905365 905105 904860 884199 906567 905293 904991 905092 926120 915801 906586 905692 944761 915528 885350 906823 905765 905430 905385 883850 904605 905712 905119 904491 884094 905172 1795417 909831
! @  884672 906226 904788 904823 904667 884209 905138 905069 905380 904923 883599 905040 905558 904962 905244 883903 904824 905148 905199 1039657 911073 905862 884258 905074 905180 905290 904823 883655 905090 905400 906764 905361 884143 904759 905220 904927 946121 892926 908717 906698 905241 905183 883518 905155 905294 904905 905182 905061 884013 905075 904811 905645 905323 884161 1783102 934468 910785 884292 906402 905222 905290 904718 883943 905175 905099 905738 904781 883834 904923 904803 905366 905330 884043 905363 905796 1030256 919602 907105 884274 905590 905281 904985 904939 883913 906201 905551 904995 905075 945781 892825 909041 906029 905601 905833 883897 905173 905138 905312 905353 883432
! @  905159 905154 905190 904971 883841 905384 905193 905211 905041 883810 905335 1797349 911613 884750 905558 905466 905355 905087 883843 904787 904896 905200 904797 883625 905107 905364 905186 905136 883886 904512 904711 905112 1039597 910690 906206 883977 905475 904875 906092 905102 884120 904659 905274 905284 905107 953581 887336 906908 905357 905531 905575 883834 905237 904966 905288 905178 883674 905158 905342 905214 904958 884059 905359 905211 905174 904993 884236 1782168 934805 910370 884690 906597 905172 905004 904960 884081 904929 905155 905163 905844 883968 905706 905349 905289 905647 884210 904626 904785 1031379 918584 907759 905553 883844 955088 909155 906187 905526 952810 887200 906401
! @  905367 905359 905219 883735 904964 904844 905167 905088 883809 904911 905376 905384 904426 884011 904841 905396 905387 904299 883924 905191 904750 905131 905200 883793 1797093 911705 906783 884186 904511 905705 905539 905103 883527 904471 905005 905189 904920 883787 905042 905437 904963 905307 883648 905705 905055 1039587 909913 907601 904946 884448 905119 905318 905502 945992 892612 909006 906406 905435 905234 883578 905426 905377 905553 905099 905251 883986 904777 905089 905191 905553 883825 904731 905142 905305 904837 884052 905062 905422 904889 904891 1757869 930768 907717 906391 883858 905060 905558 904978 904986 883852 904753 905231 904828 905331 883560 905192 905523 905099 905198 884048
! @  904985 1031718 919328 907391 905373 883934 954383 910172 907274 905291 905050 883860 905533 905115 905844 905558 884014 904762 905852 904915 905076 883700 904744 905304 905012 904958 883572 904933 905032 905015 904645 883723 905358 905670 904924 905370 883786 1791890 929159 908461 884353 904850 905341 906215 905088 905165 884179 904742 905182 905140 904945 884298 905562 905038 905110 906261 884325 905278 1039830 910449 906599 905521 954789 887775 906950 905361 905223 905582 883999 905065 905123 904458 904757 883661 905025 904995 904955 905269 883952 904988 904826 904993 904737 884037 904922 904652 905164 904770 883811 904834 905492 904692 904592 1756403 930642 908124 905347 884354 905116 905680

---------------- Instructions ----------------

! @  583434 583434 583434 578529 583434 583434 583434 583434 578529 583434 583434 583434 583434 578529 583434 583434 583434 583434 578529 583434 583434 583434 583434 578529 583434 583434 583434 583434 578529 583434 583434 583434 583434 792573 588191 583434 589563 583434 578529 583434 583434 583434 583434 578529 583434 583434 583434 583434 578529 583434 583434 583434 583434 578529 604378 583434 583434 583434 583434 578529 583434 583434 583434 583434 578529 583434 583434 583434 583434 578529 583434 583434 583434 583434 583434 578529 583434 583434 583434 583434 578529 583434 583434 583434 583434 578529 583434 583514 583434 790855 588335 583434 583434 589882 578529 583434 583434 583434 583434 578529
! @  583434 583434 583434 583434 578529 583434 583434 583434 583434 578529 583434 604377 583434 583434 583434 583434 578529 583434 583434 583434 583434 578529 583443 583434 583434 583434 578529 583475 583434 583434 583434 578529 583434 583434 583434 583434 578529 583434 583434 583434 583434 578529 583514 583434 583434 583434 793634 588414 583434 583434 578529 583434 583434 583434 583434 578529 583434 583434 583434 583434 583434 578529 583434 583434 583434 583434 578529 604360 583434 583434 583434 583434 578529 583434 583434 583434 583434 578529 583434 583434 583434 583434 578529 583434 583434 583434 583434 578529 583434 583434 583434 583434 578529 583434 583434 583434 583514 578529 583434 583434
! @  583434 583434 578529 799075 587824 583434 583434 578529 583434 583434 583434 583434 578529 583434 583434 583434 583434 578529 583434 583434 583434 583434 578529 583434 604554 583434 583434 583434 578529 583434 583434 583434 583434 578529 583434 583434 583434 583434 578529 583434 583434 583434 583434 583434 578529 583434 583434 583434 583434 578529 583514 583434 583434 583434 578529 589706 583434 583434 583434 792294 587059 583434 583434 578529 583434 583434 583434 583434 578529 583434 583434 591592 583434 583434 578529 591530 583434 583434 589673 583434 604455 583434 578529 583434 583434 583434 583434 578529 583434 583434 583434 583434 578529 583434 583434 583434 583434 578529 583434 583434
! @  583434 583434 578529 583434 583514 583434 583434 578529 583434 583434 583434 589786 583434 578529 583434 797257 581931 583434 583434 583434 583434 583434 578529 583434 583434 583434 583434 578529 583434 583434 583434 583434 578529 583434 583434 583434 604457 583434 578529 583434 583434 583434 583434 578529 583434 583434 583434 583434 578529 583434 583434 583434 583434 578529 583434 583434 583434 583434 578529 583514 583434 583434 583434 589568 578529 583434 583434 583434 583434 578529 583434 583434 800978 578529 583434 583434 583434 583434 578529 583434 583434 583434 583434 578529 583434 583434 583434 583434 578529 583434 583434 583434 583434 604386 583434 578529 583434 583434 583434 583475
! @  578529 583434 583434 583434 583434 578529 583434 583434 583434 583434 578529 583434 583434 583514 583434 578529 583434 583434 583434 589709 578529 583434 583434 583434 583434 583434 578529 583434 797289 581931 583434 583434 583434 583434 583434 578529 583434 583434 583434 583434 578529 583434 583434 583434 583434 578529 583434 583434 583434 604201 583434 578529 583434 583434 583434 583434 578529 583434 583434 583434 583434 578529 583434 583434 583434 583434 578529 583514 583434 583434 583434 578529 589967 583434 583434 583434 583434 578529 583434 583434 583434 583434 578529 583434 583434 800518 578529 583434 583434 583434 583434 578529 583434 583434 583434 583434 578529 583434 583434 583434
! @  583434 578529 583434 583434 583434 583434 604558 583434 578529 583434 583434 583434 583434 578529 583434 583434 583434 583434 578529 583434 583434 583514 583434 578529 583434 583434 583434 583434 589786 578529 583434 583434 583434 583434 578529 583434 583434 583434 583434 578529 583434 797201 588335 578529 583434 583434 583434 583434 578529 583434 583434 583434 583434 578529 583434 583434 583434 583434 578529 583434 583434 583434 604423 583434 583434 578529 583434 583434 583434 583434 578529 583434 583434 583434 583434 578529 583514 583434 583434 583434 584895 583434 583434 583434 589467 583434 578529 583434 583434 583434 583434 578529 583434 583434 583434 583434 578529 583434 800735 583434
! @  578529 583434 583434 583434 583434 578529 583434 583434 583434 583434 578529 583434 583434 583434 583434 578529 583434 583434 583434 604295 583434 583434 578529 583434 583434 583434 583434 578529 583434 583434 583514 583434 578529 583434 583434 583434 589705 578529 583434 583434 583434 583434 578529 583434 583434 583434 583434 583434 578529 583434 583434 583434 583434 578529 797416 588191 583434 578529 583434 583434 583434 583434 578529 583434 583434 583443 583434 578529 583434 583434 583434 583475 578529 583434 583434 604197 583434 583434 578529 583434 583434 583434 583434 578529 583514 583434 583434 583434 589583 578529 583434 583434 583434 583434 578529 583434 583434 583434 583434 578529
! @  583434 583434 583434 583434 578529 583434 583434 583434 583434 578529 583434 800744 583434 578529 583434 583434 583434 583434 578529 583434 583434 583434 583434 578529 583434 583434 583434 583434 578529 583434 583434 583434 604200 583434 583434 578529 583434 583434 583514 583434 578529 583434 583434 583434 583434 589653 578529 583434 583434 583434 583434 578529 583434 583434 583434 583434 578529 583434 583434 583434 583434 578529 583434 583434 583434 583434 578529 797117 588414 583434 578529 583434 583434 583434 583434 578529 583434 583434 583434 583434 578529 583434 583434 583434 583434 578529 583434 583434 604426 583434 583434 583434 578529 589783 583434 583434 583434 589787 578529 583434
! @  583434 583434 583434 578529 583434 583434 583434 583434 578529 583434 583434 583434 583434 578529 583434 583434 583434 583434 578529 583434 583434 583434 583434 578529 800834 583434 583434 578529 583434 583434 583434 583434 578529 583434 583434 583434 583434 578529 583434 583434 583434 583434 578529 583434 583434 604343 583434 583514 583434 578529 583434 583434 583434 589964 578529 583434 583434 583434 583434 578529 583434 583434 583434 583434 583434 578529 583434 583434 583434 583434 578529 583434 583434 583434 583434 578529 583434 583434 583434 583434 792384 586980 583434 583434 578529 583434 583434 583434 583434 578529 583434 583434 583434 583434 578529 583434 583434 583434 583434 578529
! @  583434 604358 583434 583434 583434 578529 589884 583434 583434 583434 583434 578529 583434 583434 583434 583434 578529 583434 583434 583434 583434 578529 583434 583434 583434 583434 578529 583434 583434 583434 583434 578529 583434 583434 583434 583434 578529 798626 586836 583434 578529 583434 583434 583475 583434 583434 578529 583434 583434 583434 583434 578529 583434 583434 583434 583514 578529 583434 604279 583434 583434 583434 589890 578529 583434 583434 583434 583434 578529 583434 583434 583434 583434 578529 583434 583434 583434 583434 578529 583434 583434 583434 583434 578529 583434 583434 583434 583434 578529 583434 583434 583434 583434 792674 586836 583434 583434 578529 583434 583434

----------------------------------------------
