Usage (for mon_varbase_mul): ./cva6_x25519_rv64_ise_reduced.elf <an_integer> <another_integer>
Setting num_iters = 1000 , num_warmup_iters = 100

=============================================================
test_nop - nop_routine
=============================================================

-------------------- Cycles --------------------

! @  35 7 7 7 7 7 7 7 7 7 7 7 7 7 7 7 7 7 7 7 7 7 7 7 7 7 7 7 7 7 7 7 7 7 7 7 7 7 7 7 7 7 7 7 7 7 7 7 7 7 7 7 7 7 7 7 7 7 7 7 7 7 7 7 7 7 7 7 7 7 7 7 7 7 7 7 7 7 7 7 7 7 7 7 7 7 7 7 7 7 7 7 7 7 7 7 7 7 7 7

---------------- Instructions ----------------

! @  13 13 13 13 13 13 13 13 13 13 13 13 13 13 13 13 13 13 13 13 13 13 13 13 13 13 13 13 13 13 13 13 13 13 13 13 13 13 13 13 13 13 13 13 13 13 13 13 13 13 13 13 13 13 13 13 13 13 13 13 13 13 13 13 13 13 13 13 13 13 13 13 13 13 13 13 13 13 13 13 13 13 13 13 13 13 13 13 13 13 13 13 13 13 13 13 13 13 13 13

----------------------------------------------

=============================================================
test_gfp_arith - gfp mul
=============================================================

-------------------- Cycles --------------------

! @  151 125 125 125 125 125 125 125 125 125 125 125 125 125 125 125 125 125 125 125 125 125 125 125 125 125 125 125 125 125 125 125 125 125 125 125 125 125 125 125 125 125 125 125 125 125 125 125 125 125 125 125 125 125 125 125 125 125 125 125 125 125 125 125 125 125 125 125 125 125 125 125 125 125 125 125 125 125 125 125 125 125 125 125 125 125 125 125 125 125 125 125 125 125 125 125 125 125 125 125

---------------- Instructions ----------------

! @  107 107 107 107 107 107 107 107 107 107 107 107 107 107 107 107 107 107 107 107 107 107 107 107 107 107 107 107 107 107 107 107 107 107 107 107 107 107 107 107 107 107 107 107 107 107 107 107 107 107 107 107 107 107 107 107 107 107 107 107 107 107 107 107 107 107 107 107 107 107 107 107 107 107 107 107 107 107 107 107 107 107 107 107 107 107 107 107 107 107 107 107 107 107 107 107 107 107 107 107

----------------------------------------------

=============================================================
test_gfp_arith - gfp sqr
=============================================================

-------------------- Cycles --------------------

! @  114 84 84 84 84 84 84 84 84 84 84 84 84 84 84 84 84 84 84 84 84 84 84 84 84 84 84 84 84 84 84 84 84 84 84 84 84 84 84 84 84 84 84 84 84 84 84 84 84 84 84 84 84 84 84 84 84 84 84 84 84 84 84 84 84 84 84 84 84 84 84 84 84 84 84 84 84 84 84 84 84 84 84 84 84 84 84 84 84 84 84 84 84 84 84 84 84 84 84 84

---------------- Instructions ----------------

! @  79 79 79 79 79 79 79 79 79 79 79 79 79 79 79 79 79 79 79 79 79 79 79 79 79 79 79 79 79 79 79 79 79 79 79 79 79 79 79 79 79 79 79 79 79 79 79 79 79 79 79 79 79 79 79 79 79 79 79 79 79 79 79 79 79 79 79 79 79 79 79 79 79 79 79 79 79 79 79 79 79 79 79 79 79 79 79 79 79 79 79 79 79 79 79 79 79 79 79 79

----------------------------------------------

=============================================================
test_gfp_arith - gfp add
=============================================================

-------------------- Cycles --------------------

! @  67 40 40 40 40 46 40 53 56 72 56 56 56 56 70 58 56 56 56 72 56 56 56 72 56 56 56 56 70 58 56 56 56 72 56 56 56 72 56 56 56 56 70 58 56 56 56 72 56 56 56 72 56 56 56 56 70 58 56 56 56 72 56 56 56 72 56 56 56 56 70 58 56 56 56 72 56 56 56 72 56 56 56 56 70 58 56 56 56 72 56 56 56 72 56 56 56 56 70 58

---------------- Instructions ----------------

! @  37 37 37 37 37 37 37 37 37 37 37 37 37 37 37 37 37 37 37 37 37 37 37 37 37 37 37 37 37 37 37 37 37 37 37 37 37 37 37 37 37 37 37 37 37 37 37 37 37 37 37 37 37 37 37 37 37 37 37 37 37 37 37 37 37 37 37 37 37 37 37 37 37 37 37 37 37 37 37 37 37 37 37 37 37 37 37 37 37 37 37 37 37 37 37 37 37 37 37 37

----------------------------------------------

=============================================================
test_gfp_arith - gfp sub
=============================================================

-------------------- Cycles --------------------

! @  76 44 44 44 44 45 54 56 56 72 56 56 56 56 69 59 56 56 56 56 72 56 56 56 56 69 59 56 56 56 56 72 56 56 55 56 69 59 56 56 56 56 72 56 56 56 56 69 59 56 56 56 56 72 56 56 56 56 69 59 56 56 56 56 72 56 56 56 56 69 59 56 56 56 56 72 56 56 56 56 69 59 56 56 56 56 72 56 56 56 56 69 59 56 56 56 56 72 56 56

---------------- Instructions ----------------

! @  46 46 46 46 46 46 46 46 46 46 46 46 46 46 46 46 46 46 46 46 46 46 46 46 46 46 46 46 46 46 46 46 46 46 46 46 46 46 46 46 46 46 46 46 46 46 46 46 46 46 46 46 46 46 46 46 46 46 46 46 46 46 46 46 46 46 46 46 46 46 46 46 46 46 46 46 46 46 46 46 46 46 46 46 46 46 46 46 46 46 46 46 46 46 46 46 46 46 46 46

----------------------------------------------

=============================================================
test_gfp_arith - gfp mul32
=============================================================

-------------------- Cycles --------------------

! @  70 51 51 51 51 51 51 51 51 61 57 56 56 56 56 72 56 56 56 56 71 57 56 56 56 56 72 56 56 56 56 71 57 56 57 53 56 72 56 56 56 56 71 57 56 56 56 56 72 56 56 56 56 71 57 56 56 56 56 72 56 56 56 56 71 57 56 56 56 56 72 56 56 56 56 71 57 56 56 56 56 72 56 56 56 56 71 57 56 56 56 56 72 56 56 56 56 71 57 56

---------------- Instructions ----------------

! @  44 44 44 44 44 44 44 44 44 44 44 44 44 44 44 44 44 44 44 44 44 44 44 44 44 44 44 44 44 44 44 44 44 44 44 44 44 44 44 44 44 44 44 44 44 44 44 44 44 44 44 44 44 44 44 44 44 44 44 44 44 44 44 44 44 44 44 44 44 44 44 44 44 44 44 44 44 44 44 44 44 44 44 44 44 44 44 44 44 44 44 44 44 44 44 44 44 44 44 44

----------------------------------------------

=============================================================
test_curve_arith - mon_ladder_step
=============================================================

-------------------- Cycles --------------------

! @  1552 1553 1606 1606 1606 1606 1606 1606 1606 1606 1606 1606 1606 1606 1606 1606 1606 1606 1606 1606 1606 1606 1606 1606 1606 1606 1606 1606 1606 1606 1606 1606 1606 1606 1606 1606 1606 1606 1606 1606 1606 1606 1606 1606 1606 1606 1606 1606 1606 1606 1606 1606 1606 1606 1606 1606 1606 1606 1606 1606 1606 1606 1606 1606 1606 1606 1606 1606 1606 1606 1606 1606 1606 1606 1606 1606 1606 1606 1606 1606 1606 1606 1606 1606 1606 1606 1606 1606 1606 1606 1606 1606 1606 1606 1606 1606 1606 1606 1606 1606
! @  1606 1606 1606 1606 1606 1606 1606 1606 1606 1606 1606 1606 1597 1606 1606 1606 1606 1606 1606 1606 1606 1606 1606 1606 1606 1606 1606 1606 1606 1606 1606 1606 1606 1606 1606 1606 1606 1606 1606 1606 1606 1606 1606 1606 1606 1606 1606 1606 1606 1606 1606 1606 1606 1606 1606 1606 1606 1606 1606 1606 1597 1606 1606 1606 1606 1606 1606 1606 1606 1606 1606 1606 1606 1606 1606 1606 1606 1606 1606 1606 1606 1606 1606 1606 1606 1606 1606 1606 1606 1606 1606 1606 1606 1606 1606 1606 1606 1606 1606 1606

---------------- Instructions ----------------

! @  1053 1053 1053 1053 1053 1053 1053 1053 1053 1053 1053 1053 1053 1053 1053 1053 1053 1053 1053 1053 1053 1053 1053 1053 1053 1053 1053 1053 1053 1053 1053 1053 1053 1053 1053 1053 1053 1053 1053 1053 1053 1053 1053 1053 1053 1053 1053 1053 1053 1053 1053 1053 1053 1053 1053 1053 1053 1053 1053 1053 1053 1053 1053 1053 1053 1053 1053 1053 1053 1053 1053 1053 1053 1053 1053 1053 1053 1053 1053 1053 1053 1053 1053 1053 1053 1053 1053 1053 1053 1053 1053 1053 1053 1053 1053 1053 1053 1053 1053 1053
! @  1053 1053 1053 1053 1053 1053 1053 1053 1053 1053 1053 1053 1053 1053 1053 1053 1053 1053 1053 1053 1053 1053 1053 1053 1053 1053 1053 1053 1053 1053 1053 1053 1053 1053 1053 1053 1053 1053 1053 1053 1053 1053 1053 1053 1053 1053 1053 1053 1053 1053 1053 1053 1053 1053 1053 1053 1053 1053 1053 1053 1053 1053 1053 1053 1053 1053 1053 1053 1053 1053 1053 1053 1053 1053 1053 1053 1053 1053 1053 1053 1053 1053 1053 1053 1053 1053 1053 1053 1053 1053 1053 1053 1053 1053 1053 1053 1053 1053 1053 1053

----------------------------------------------
=============================================================
ecdh correctness test:
=============================================================
x25519: (alice <---> bob: rfc7748 test vectors)
- private keys:
  alice: 2A2CB91DA5FB77B12A99C0EB872F4CDF4566B25172C1163C7DA518730A6D0777
  bob  : EBE088FF278B2F1CFDB6182629B13B6FE60E80838B7FE1794B8A4A627E08AB5D
- public keys:
  alice: 6A4E9BAA8EA9A4EBF41A38260D3ABF0D5AF73EB4DC7D8B7454A7308909F02085
  bob  : 4F2B886F147EFCAD4D67785BC843833F3735E4ECC2615BD3B4C17D7B7DDB9EDE
- shared secrets:
  alice: 4217161E3C9BF076339ED147C9217EE0250F3580F43B8E72E12DCEA45B9D5D4A
  bob  : 4217161E3C9BF076339ED147C9217EE0250F3580F43B8E72E12DCEA45B9D5D4A
- results:[32m equal [0m
-------------------------------------------------------------
x25519: (carol <---> dave: random test vectors)
- private keys:
  carol: 593C88AA59876667470F7256DE31BF0187E11C7CDFBDF654FBE2FB4B6B817EC6
  dave : 363F1F8F99D95F8E761AE3CC987902DA5B65AE372F55543CD8A185D27B1356EA
- public keys:
  carol: 49335110A9BFAEE04B26E014C5B66C4F5332DD0449DB319E5CDA941E713B2A9D
  dave : 11286328E598CBF797EBDFC76708EA606825C43B99A8DB056015F0A03BC63CB1
- shared secrets:
  carol: 7EB837D18E3DF1CA004EA8BA446BE7E3EE56731E1641EF0A0A0FC3B12784468E
  dave : 7EB837D18E3DF1CA004EA8BA446BE7E3EE56731E1641EF0A0A0FC3B12784468E
- results:[32m equal [0m

=============================================================
test_mon_varbase_mul - mon_varbase_mul
=============================================================

-------------------- Cycles --------------------

! @  530599 530490 686378 534749 531944 531114 530811 530438 530426 530551 530600 530585 530471 530578 551038 530563 530522 530479 530243 530522 530697 530368 530138 530408 530371 530505 530565 530520 530217 530490 551642 530620 530594 530320 530394 530511 530471 530759 530781 530832 530561 530358 530407 530417 530237 551699 531961 530886 530464 530570 530327 530598 530388 530433 580169 539377 533870 532353 531313 552523 531036 1373574 543621 580222 534973 532235 531338 570772 538127 533065 531461 530784 530660 530591 530432 530595 551822 530363 530544 530254 530342 530860 530622 530172 530232 530351 530268 530363 530896 530389 530418 551563 530523 530662 530703 530632 530373 654313 541763 534183
! @  531865 531587 552116 531262 530710 530484 530771 530577 530498 530470 530374 530533 530501 530652 530477 530401 530602 530440 551658 530475 530994 530285 530521 530435 531008 530899 530840 530567 530664 530208 530784 530460 530417 530566 551418 600085 540024 533660 532404 531520 530738 530661 530223 530732 530719 530213 551471 530808 530102 572715 539244 532924 531610 531182 530740 530968 531058 1397717 552499 534772 531964 531495 531064 530568 551240 530653 530576 530643 530140 530384 530477 530764 530373 530559 530703 530273 530650 530413 530677 551597 530624 530407 530590 530734 530611 530699 530575 530317 530420 530461 530418 530676 530520 686831 534663 531648 531424 530519 530333 530613
! @  530531 530494 530747 530780 530485 530665 551798 530423 530264 530449 530484 530244 530526 530716 530428 530460 530506 530583 530540 530190 530494 530700 551683 530882 530329 530459 530690 530574 530605 530610 531513 530895 530594 530786 530880 530530 530721 591435 539547 533896 531735 530707 530924 530228 530260 530670 530319 530290 530490 530478 530492 551092 1373390 543996 539994 574311 531844 531044 530805 530598 530445 530139 530532 530713 530234 530649 530498 530297 530499 530253 551438 530725 530229 530290 530538 530456 530399 530655 530223 530240 530458 530501 530736 530458 530421 530407 551454 530299 655043 541858 533751 532145 530891 531092 530423 530325 530476 551695 530192 530657
! @  530544 530427 530252 530559 530462 530361 530190 530488 530568 530469 530342 530332 551208 530950 530283 530210 530632 530574 530261 530534 530594 530646 531478 531178 530432 530358 530297 530616 551083 530639 530391 530135 530568 571015 538607 534163 532186 531608 531030 530479 530643 530145 551356 530519 530400 530211 530412 530475 1395720 551169 534888 531922 531232 530848 530913 530336 530515 530608 530432 530099 530509 551634 530508 530734 530561 530335 530470 530662 530805 530086 530526 530504 530130 530338 530438 530570 530308 551325 530662 530523 530523 530250 530397 530431 654675 541268 533676 532035 552418 530952 530756 530464 530519 530567 530231 530285 530569 530621 530535 530570
! @  530545 530628 530313 530442 551565 530147 530370 530706 530820 530561 530534 530606 530779 530378 531531 530887 530848 530509 530462 551096 530512 579221 539052 533161 531864 530873 530951 530903 530979 530564 530383 530310 530466 551235 530904 530538 530649 530724 530226 530242 530320 530327 530429 530430 1406158 540832 550848 534619 531706 531080 530541 550956 530618 530251 530196 530180 530177 530356 530204 530405 530342 530624 530531 530479 530419 530425 530356 551210 530459 530076 530599 530788 530730 530264 530141 530628 530655 530514 530288 530655 686703 534500 532186 530934 530801 530460 530660 530374 530476 530430 530781 530638 530585 530576 551137 530810 530531 530542 530705 530087
! @  530386 530838 530460 530682 530338 530394 531874 530787 530879 530150 551093 530670 530563 530373 530516 530714 530513 571782 538568 532637 531416 530712 530831 530808 551603 530562 530061 530620 530136 530285 530319 530420 530571 530581 530866 530165 530386 530365 530489 1386924 544393 552089 535074 554046 531056 530736 530407 530477 530541 530438 530318 530568 530764 530604 530469 530412 530524 530376 551623 530762 530560 530127 530662 530258 530266 530174 530523 530371 530436 530553 530431 530544 530611 530341 551707 653950 542160 533864 531738 531074 530917 530632 530372 530606 530693 552131 531268 530345 530526 530508 530611 530400 530408 530590 530369 530406 530752 530425 531642 530871
! @  530358 552184 530264 530564 530244 571566 538961 533664 531678 530864 531023 530451 530534 530529 530386 551724 530634 530581 530777 530431 530703 530574 530368 530106 530576 530380 530488 530730 530356 530452 551359 530646 530367 530726 530335 1398677 552316 535002 532528 531367 531110 530952 530533 530503 530699 530307 530573 530546 530645 551327 530709 530703 530392 530264 530595 530480 530523 530408 530781 530593 530402 530535 530596 530411 530369 551392 530639 530338 530398 530317 530342 654296 541812 533948 531610 530805 550928 530866 530610 530468 530273 530666 530413 530396 530526 530620 530699 530411 530610 530695 531227 530613 552096 530758 530245 530478 530169 530352 530336 530313
! @  530612 571085 538696 533634 532192 530703 551625 530344 530218 530403 530707 530431 530553 530377 530451 530466 530650 530283 530219 530193 530518 551486 530990 530450 530285 530276 530324 530344 530566 530461 530398 1404275 539875 549951 533834 532264 531395 530708 530720 530857 551858 530771 530477 530621 530390 530155 530551 530467 530543 530335 530167 530437 530633 530312 530678 530200 551668 530716 530516 530514 530527 530326 530152 530653 530354 530585 530702 685647 534346 532112 531654 531057 530826 530692 530703 530295 530716 530319 530544 530455 530437 530379 552702 531107 530461 530157 530765 530428 530638 572474 538717 533127 531490 530685 530700 530428 551617 530529 530370 530249
! @  530474 530465 530453 530381 530089 530542 530591 530334 530479 530412 530503 530763 551426 530742 530606 530486 530406 530359 530771 529968 530519 530557 530614 530540 530577 530582 530593 1401667 551759 535341 532471 552199 530757 530537 530709 530515 530356 530427 530567 530536 530723 530394 530533 530670 530396 530818 529985 551460 530558 530240 530372 530531 530478 530186 530559 530565 530422 530545 530542 530508 530616 530582 673821 542742 534284 531459 531286 530813 530826 530501 530629 530939 530145 552491 531193 530623 530547 530650 530492 530386 530355 530625 530495 530336 530679 571098 539157 554446 531326 530768 530730 530285 589090 538742 533567 531801 531009 530899 594346 562461
! @  531957 530940 530576 569715 538047 532897 531802 531030 530675 530538 530265 530568 551533 530691 530697 530509 530585 530767 530451 530212 530410 530692 1404448 540184 550706 533865 532060 531003 530908 530633 530736 551091 530604 530567 530583 530420 530418 530348 530526 530577 530399 530806 530393 530317 530460 530560 551439 530866 530796 530896 530492 530561 530942 530373 530494 530644 530443 530219 686475 534406 531674 531024 531084 530767 530565 531642 530436 530650 530830 530814 530392 530414 530439 601936 533370 531643 530987 530904 530604 530503 530565 530550 530697 530346 530303 530252 530334 551523 530859 530364 530199 530411 530159 530510 530294 530379 530418 530499 530532 530591

---------------- Instructions ----------------

! @  313525 313525 339427 313525 313525 313525 313525 313525 313525 313525 313525 313525 313525 313525 318430 313525 313525 313525 313525 313525 313525 313525 313525 313525 313525 313525 313525 313525 313525 313525 318430 313525 313525 313525 313525 313525 313525 313525 313525 313525 313525 313525 313525 313525 313525 318430 313605 313525 313525 313525 313525 313525 313525 313525 321866 313525 313525 313525 313525 318430 313525 521031 314880 323331 313525 313525 313525 319778 313525 313525 313525 313525 313525 313525 313525 313525 318430 313525 313525 313525 313525 313525 313525 313525 313525 313525 313525 313525 313525 313525 313525 318430 313525 313525 313525 313525 313525 334460 313525 313525
! @  313525 313525 318430 313525 313525 313525 313525 313525 313525 313525 313525 313525 313525 313525 313525 313534 313525 313525 318430 313525 313525 313525 313525 313525 313566 313525 313525 313525 313525 313525 313525 313525 313525 313525 318430 323616 313525 313525 313605 313525 313525 313525 313525 313525 313525 313525 318430 313525 313525 319800 313525 313525 313525 313525 313525 313525 313525 527288 317150 313525 313525 313525 313525 313525 318430 313525 313525 313525 313525 313525 313525 313525 313525 313525 313525 313525 313525 313525 313525 318430 313525 313525 313525 313525 313525 313525 313525 313525 313525 313525 313525 313525 313525 339275 313525 313525 313525 313525 313525 313525
! @  313525 313525 313525 313525 313525 313525 318430 313525 313525 313525 313525 313525 313525 313525 313525 313525 313525 313525 313525 313525 313525 313525 318430 313525 313525 313525 313525 313525 313525 313525 313605 313525 313525 313525 313525 313525 313525 324648 313525 313525 313525 313525 313525 313525 313525 313525 313525 313525 313525 313525 313525 318430 521089 315024 314880 321976 313525 313525 313525 313525 313525 313525 313525 313525 313525 313525 313525 313525 313525 313525 318430 313525 313525 313525 313525 313525 313525 313525 313525 313525 313525 313525 313525 313525 313525 313525 318430 313525 334378 313525 313525 313525 313525 313525 313525 313525 313525 318430 313525 313525
! @  313525 313525 313525 313525 313525 313525 313525 313525 313525 313525 313525 313525 318430 313525 313525 313525 313525 313525 313525 313525 313525 313525 313605 313525 313525 313525 313525 313525 318430 313525 313525 313525 313525 319658 313525 313525 313525 313525 313525 313525 313525 313525 318430 313525 313525 313525 313525 313525 527294 316927 313525 313525 313525 313525 313525 313525 313525 313525 313525 313525 313525 318430 313525 313525 313525 313525 313525 313525 313525 313525 313525 313525 313525 313525 313525 313525 313525 318430 313525 313525 313525 313525 313525 313525 334324 313525 313525 313525 318430 313525 313525 313525 313525 313525 313525 313525 313525 313525 313525 313525
! @  313525 313525 313525 313525 318430 313525 313525 313525 313525 313525 313525 313525 313525 313525 313605 313525 313525 313525 313525 318430 313525 321272 313525 313525 313525 313525 313525 313525 313525 313525 313525 313525 313525 318430 313525 313525 313525 313525 313525 313525 313525 313525 313525 313525 527199 314880 317150 313525 313525 313525 313525 318430 313525 313525 313525 313525 313525 313525 313525 313525 313525 313525 313525 313525 313525 313525 313525 318430 313525 313525 313525 313525 313525 313525 313525 313525 313525 313525 313525 313525 339355 313525 313525 313525 313525 313525 313525 313525 313525 313525 313525 313525 313525 313525 318430 313525 313525 313525 313525 313525
! @  313525 313525 313525 313525 313525 313525 313605 313525 313525 313525 318430 313525 313525 313525 313525 313525 313525 319875 313525 313525 313525 313525 313525 313525 318430 313525 313525 313525 313525 313525 313525 313525 313525 313525 313525 313525 313525 313525 313525 525864 314880 317071 313525 318430 313525 313525 313525 313525 313525 313525 313525 313525 313525 313525 313525 313525 313525 313525 318430 313525 313525 313525 313525 313525 313525 313525 313525 313525 313525 313525 313525 313525 313525 313525 318430 334530 313525 313525 313525 313525 313525 313525 313525 313525 313525 318471 313525 313525 313525 313525 313525 313525 313525 313525 313525 313525 313525 313525 313605 313525
! @  313525 318430 313525 313525 313525 319801 313525 313525 313525 313525 313525 313525 313525 313525 313525 318430 313525 313525 313525 313525 313525 313525 313525 313525 313525 313525 313525 313525 313525 313525 318430 313525 313525 313525 313525 527289 317150 313525 313525 313525 313525 313525 313525 313525 313525 313525 313525 313525 313525 318430 313525 313525 313525 313525 313525 313525 313525 313525 313525 313525 313525 313525 313525 313525 313525 318430 313525 313525 313525 313525 313525 334369 313525 313525 313525 313525 318430 313525 313525 313525 313525 313525 313525 313525 313525 313525 313525 313525 313525 313525 313605 313525 318430 313525 313525 313525 313525 313525 313525 313525
! @  313525 319888 313525 313525 313525 313525 318430 313525 313525 313525 313525 313525 313525 313525 313525 313525 313525 313525 313525 313525 313525 318430 313525 313525 313525 313525 313525 313525 313525 313525 313525 527350 314880 316927 313525 313525 313525 313525 313525 313525 318430 313525 313525 313525 313525 313525 313525 313525 313525 313525 313525 313525 313525 313525 313525 313525 318430 313525 313525 313525 313525 313525 313525 313525 313525 313525 313525 339362 313525 313525 313525 313525 313525 313525 313525 313525 313525 313525 313525 313525 313525 313525 318510 313525 313525 313525 313525 313525 313525 319882 313525 313525 313525 313525 313525 313525 318430 313525 313525 313525
! @  313525 313525 313525 313525 313525 313525 313525 313525 313525 313525 313525 313525 318430 313525 313525 313525 313525 313525 313525 313525 313525 313525 313525 313525 313525 313525 313525 527581 316927 313525 313525 318430 313525 313525 313525 313525 313525 313525 313525 313525 313525 313525 313525 313525 313525 313525 313525 318430 313525 313525 313525 313525 313525 313525 313525 313525 313525 313525 313525 313525 313525 313525 339200 313525 313525 313525 313525 313525 313525 313525 313525 313525 313525 318510 313525 313525 313525 313525 313525 313525 313525 313525 313525 313525 313525 319742 313525 318430 313525 313525 313525 313525 324508 313525 313525 313525 313525 313525 326995 318430
! @  313525 313525 313525 319795 313525 313525 313525 313525 313525 313525 313525 313525 318430 313525 313525 313525 313525 313525 313525 313525 313525 313525 527766 314880 317150 313525 313525 313525 313525 313525 313525 318430 313525 313525 313525 313525 313525 313525 313525 313525 313525 313525 313525 313525 313525 313525 318430 313525 313525 313525 313525 313525 313525 313525 313525 313525 313525 313525 339194 313525 313525 313525 313525 313525 313525 313605 313525 313525 313525 313525 313525 313525 313525 325347 313525 313525 313525 313525 313525 313525 313525 313525 313525 313525 313525 313525 313525 318430 313525 313525 313525 313525 313525 313525 313525 313525 313525 313525 313525 313525

----------------------------------------------
