Usage (for mon_varbase_mul and test_scott): ./cva6_x25519_rv32_isa_full.elf <an_integer> <another_integer>
Setting num_iters = 1000 , num_warmup_iters = 100

=============================================================
test_nop - nop_routine
=============================================================

-------------------- Cycles --------------------

! @  13 13 13 13 13 13 13 13 13 13 13 13 13 13 13 13 13 13 13 13 13 13 13 13 13 13 13 13 13 13 13 13 13 13 13 13 13 13 13 13 13 13 13 13 13 13 13 13 13 13 13 13 13 13 13 13 13 13 13 13 13 13 13 13 13 13 13 13 13 13 13 13 13 13 13 13 13 13 13 13 13 13 13 13 13 13 13 13 13 13 13 13 13 13 13 13 13 13 13 13

---------------- Instructions ----------------

! @  25 25 25 25 25 25 25 25 25 25 25 25 25 25 25 25 25 25 25 25 25 25 25 25 25 25 25 25 25 25 25 25 25 25 25 25 25 25 25 25 25 25 25 25 25 25 25 25 25 25 25 25 25 25 25 25 25 25 25 25 25 25 25 25 25 25 25 25 25 25 25 25 25 25 25 25 25 25 25 25 25 25 25 25 25 25 25 25 25 25 25 25 25 25 25 25 25 25 25 25

----------------------------------------------

=============================================================
test_gfp_arith - gfp mul
=============================================================

-------------------- Cycles --------------------

! @  795 790 776 802 776 802 776 802 776 802 776 802 776 802 776 802 776 802 776 808 776 802 776 805 776 802 776 802 776 802 776 802 776 802 776 802 776 802 776 802 776 802 776 802 776 802 776 802 776 802 776 802 776 802 776 802 776 802 776 802 776 802 776 802 776 802 776 802 776 802 776 802 776 802 776 802 776 806 776 802 776 811 776 802 776 802 776 802 776 803 776 802 776 802 776 802 776 802 776 802

---------------- Instructions ----------------

! @  613 613 613 613 613 613 613 613 613 613 613 613 613 613 613 613 613 613 613 613 613 613 613 613 613 613 613 613 613 613 613 613 613 613 613 613 613 613 613 613 613 613 613 613 613 613 613 613 613 613 613 613 613 613 613 613 613 613 613 613 613 613 613 613 613 613 613 613 613 613 613 613 613 613 613 613 613 613 613 613 613 613 613 613 613 613 613 613 613 613 613 613 613 613 613 613 613 613 613 613

----------------------------------------------

=============================================================
test_gfp_arith - gfp sqr
=============================================================

-------------------- Cycles --------------------

! @  560 541 541 568 541 568 541 568 541 570 541 568 541 568 541 568 541 568 541 568 541 568 541 568 541 568 541 568 541 572 541 568 541 568 541 568 541 568 541 568 541 568 541 568 541 568 541 568 541 568 541 568 541 568 541 568 541 571 541 568 541 568 541 568 541 568 541 568 541 568 541 568 541 568 541 568 541 572 541 568 541 568 541 568 541 568 541 568 541 568 541 568 541 568 541 580 541 568 541 568

---------------- Instructions ----------------

! @  465 465 465 465 465 465 465 465 465 465 465 465 465 465 465 465 465 465 465 465 465 465 465 465 465 465 465 465 465 465 465 465 465 465 465 465 465 465 465 465 465 465 465 465 465 465 465 465 465 465 465 465 465 465 465 465 465 465 465 465 465 465 465 465 465 465 465 465 465 465 465 465 465 465 465 465 465 465 465 465 465 465 465 465 465 465 465 465 465 465 465 465 465 465 465 465 465 465 465 465

----------------------------------------------

=============================================================
test_gfp_arith - gfp add
=============================================================

-------------------- Cycles --------------------

! @  123 103 103 103 103 103 103 103 103 103 103 103 103 103 103 103 103 103 103 103 103 103 103 103 103 103 103 103 103 103 103 103 103 103 103 103 103 103 103 103 103 103 103 103 103 103 103 103 103 103 103 103 103 103 103 103 103 103 103 103 103 103 103 103 103 103 103 103 103 103 103 103 103 103 103 103 103 103 103 103 103 103 103 103 103 103 103 103 103 103 103 103 103 103 103 103 103 103 103 103

---------------- Instructions ----------------

! @  98 98 98 98 98 98 98 98 98 98 98 98 98 98 98 98 98 98 98 98 98 98 98 98 98 98 98 98 98 98 98 98 98 98 98 98 98 98 98 98 98 98 98 98 98 98 98 98 98 98 98 98 98 98 98 98 98 98 98 98 98 98 98 98 98 98 98 98 98 98 98 98 98 98 98 98 98 98 98 98 98 98 98 98 98 98 98 98 98 98 98 98 98 98 98 98 98 98 98 98

----------------------------------------------

=============================================================
test_gfp_arith - gfp sub
=============================================================

-------------------- Cycles --------------------

! @  132 113 113 113 113 113 113 113 113 113 113 113 113 113 113 113 113 113 113 113 113 113 113 113 113 113 113 113 113 113 113 113 113 113 113 113 113 113 113 113 113 113 113 113 113 113 113 113 113 113 113 113 113 113 113 113 113 113 113 113 113 113 113 113 113 113 113 114 113 113 113 113 113 113 113 113 113 113 113 113 113 113 113 113 113 113 113 113 113 113 113 113 113 113 113 113 113 113 113 113

---------------- Instructions ----------------

! @  118 118 118 118 118 118 118 118 118 118 118 118 118 118 118 118 118 118 118 118 118 118 118 118 118 118 118 118 118 118 118 118 118 118 118 118 118 118 118 118 118 118 118 118 118 118 118 118 118 118 118 118 118 118 118 118 118 118 118 118 118 118 118 118 118 118 118 118 118 118 118 118 118 118 118 118 118 118 118 118 118 118 118 118 118 118 118 118 118 118 118 118 118 118 118 118 118 118 118 118

----------------------------------------------

=============================================================
test_gfp_arith - gfp mul32
=============================================================

-------------------- Cycles --------------------

! @  134 134 116 116 116 118 116 116 116 116 116 116 116 116 116 116 116 116 116 116 116 116 116 116 116 116 116 116 116 116 116 116 116 116 116 116 116 116 116 116 116 116 116 116 116 116 116 116 116 116 116 116 116 116 116 116 116 116 116 116 116 116 116 116 116 116 116 116 116 116 116 116 116 116 116 116 116 116 116 116 116 116 116 116 116 116 116 116 116 116 116 116 116 116 116 116 116 116 116 116

---------------- Instructions ----------------

! @  110 110 110 110 110 110 110 110 110 110 110 110 110 110 110 110 110 110 110 110 110 110 110 110 110 110 110 110 110 110 110 110 110 110 110 110 110 110 110 110 110 110 110 110 110 110 110 110 110 110 110 110 110 110 110 110 110 110 110 110 110 110 110 110 110 110 110 110 110 110 110 110 110 110 110 110 110 110 110 110 110 110 110 110 110 110 110 110 110 110 110 110 110 110 110 110 110 110 110 110

----------------------------------------------

=============================================================
test_curve_arith - mon_ladder_step
=============================================================

-------------------- Cycles --------------------

! @  6929 6827 6827 6848 6827 6848 6827 6848 6827 6848 6827 6848 78122 7507 6827 6850 6827 6848 6827 6848 6827 6849 6827 6848 6827 6848 6827 6848 6827 6848 6827 76274 7078 6844 6827 6855 6827 6848 6827 6848 6827 6848 6827 6848 6827 6848 6827 6848 6827 6848 76516 6980 6847 6848 6827 6848 6827 6862 6827 6848 6827 6848 6827 6848 6827 6848 6827 6848 6827 76409 6961 6848 6827 6848 6827 6848 6827 6848 6827 6848 6827 6858 6827 6848 6827 6848 6827 73152 8812 6848 6827 6848 6827 6848 6827 6848 6827 6856 6827 6848
! @  6827 6848 6827 6848 6827 6848 6827 75989 7000 6848 6827 6848 6827 6848 6827 6848 6827 6848 6827 6848 6827 6848 6827 6848 6827 73345 8948 6848 6827 6848 6827 6848 6827 6848 6827 6848 6827 6848 6827 6848 6827 6848 6827 6848 72039 10042 6902 6848 6827 6848 6827 6848 6827 6853 6827 6848 6827 6848 6827 6848 6827 6848 6827 6848 75430 7031 6848 6848 6827 6848 6827 6848 6827 6848 6827 6848 6827 6848 6827 6848 6827 6860 6827 75211 6977 6848 6827 6848 6827 6848 6827 6856 6827 6848 6827 6848 6827 6848 6827 6848

---------------- Instructions ----------------

! @  5521 5521 5521 5521 5521 5521 5521 5521 5521 5521 5521 5521 16923 5521 5521 5521 5521 5521 5521 5521 5521 5521 5521 5521 5521 5521 5521 5521 5521 5521 5521 16923 5521 5521 5521 5521 5521 5521 5521 5521 5521 5521 5521 5521 5521 5521 5521 5521 5521 5521 16923 5521 5521 5521 5521 5521 5521 5521 5521 5521 5521 5521 5521 5521 5521 5521 5521 5521 5521 16923 5521 5521 5521 5521 5521 5521 5521 5521 5521 5521 5521 5521 5521 5521 5521 5521 5521 16923 5521 5521 5521 5521 5521 5521 5521 5521 5521 5521 5521 5521
! @  5521 5521 5521 5521 5521 5521 5521 16923 5521 5521 5521 5521 5521 5521 5521 5521 5521 5521 5521 5521 5521 5521 5521 5521 5521 16923 5521 5521 5521 5521 5521 5521 5521 5521 5521 5521 5521 5521 5521 5521 5521 5521 5521 5521 16923 5521 5521 5521 5521 5521 5521 5521 5521 5521 5521 5521 5521 5521 5521 5521 5521 5521 5521 5521 16923 5521 5521 5521 5521 5521 5521 5521 5521 5521 5521 5521 5521 5521 5521 5521 5521 5521 5521 16923 5521 5521 5521 5521 5521 5521 5521 5521 5521 5521 5521 5521 5521 5521 5521 5521

----------------------------------------------

=============================================================
ecdh correctness test
=============================================================
x25519: (alice <---> bob: rfc7748 test vectors)
- private keys:
  alice: 2A2CB91DA5FB77B12A99C0EB872F4CDF4566B25172C1163C7DA518730A6D0777
  bob  : EBE088FF278B2F1CFDB6182629B13B6FE60E80838B7FE1794B8A4A627E08AB5D
- public keys:
  alice: 6A4E9BAA8EA9A4EBF41A38260D3ABF0D5AF73EB4DC7D8B7454A7308909F02085
  bob  : 4F2B886F147EFCAD4D67785BC843833F3735E4ECC2615BD3B4C17D7B7DDB9EDE
- shared secrets:
  alice: 4217161E3C9BF076339ED147C9217EE0250F3580F43B8E72E12DCEA45B9D5D4A
  bob  : 4217161E3C9BF076339ED147C9217EE0250F3580F43B8E72E12DCEA45B9D5D4A
- results:[32m equal [0m
-------------------------------------------------------------
x25519: (carol <---> dave: random test vectors)
- private keys:
  carol: 593C88AA59876667470F7256DE31BF0187E11C7CDFBDF654FBE2FB4B6B817EC6
  dave : 363F1F8F99D95F8E761AE3CC987902DA5B65AE372F55543CD8A185D27B1356EA
- public keys:
  carol: 49335110A9BFAEE04B26E014C5B66C4F5332DD0449DB319E5CDA941E713B2A9D
  dave : 11286328E598CBF797EBDFC76708EA606825C43B99A8DB056015F0A03BC63CB1
- shared secrets:
  carol: 7EB837D18E3DF1CA004EA8BA446BE7E3EE56731E1641EF0A0A0FC3B12784468E
  dave : 7EB837D18E3DF1CA004EA8BA446BE7E3EE56731E1641EF0A0A0FC3B12784468E
- results:[32m equal [0m

=============================================================
test_mon_varbase_mul - mon_varbase_mul
=============================================================

-------------------- Cycles --------------------

! @  3152257 2906262 2975681 2974844 2975405 4027655 2975682 2975583 2903007 2975046 2975710 2978337 2976241 2972741 3455572 2974684 2974337 3085161 2975927 2977938 3065766 3931365 3078934 2976727 2973817 2974249 2972354 2906472 2973060 2975652 2976435 3449977 2974239 3157445 2975301 2903970 2973432 2974668 3860570 3141444 2975329 2974043 2905188 2974751 2974847 2973962 2976874 3457496 2976957 3150159 2907467 2973987 2975629 2975481 2976048 4034835 2976636 2972356 2905413 2972789 2974284 2974115 2972534 2905623 3523789 3077568 2979077 2978039 2975191 2969679 2906032 3809837 3199021 2971504 2975318 2974370 2973494 2905345 2975457 2975873 2973393 3460330 3150522 2975584 2974642 3065512 2975999 2975867 3868696 3143696 2975529 2906079 2974387 2975252 2975132 2977776 2973881 3458002 3150723 2906231
! @  2975950 2975291 2973640 2978200 2903075 4099045 2972934 2907911 2976034 2978637 2973289 2974410 2907357 2974746 3630611 2975443 2971784 2974663 2972944 2906680 2972252 3804969 3195076 2977602 2975836 2975720 2976715 2903291 2975609 2974953 2975054 3483646 2977409 2975864 2979688 2978939 2971030 2907243 3971627 3140374 2903199 2974206 2975955 2976246 2973953 2972424 2908682 3554235 2978747 2972151 3062986 2976088 2976038 2974966 2908012 4093064 2910387 2976973 2975586 2976643 2975352 2974468 2904890 2979052 3629015 2974641 2974699 2975236 2974949 2906990 2975232 3794849 3212993 2977457 2976057 2976695 2969108 2905343 2978315 2977459 3169788 3459780 2975450 2978286 2977924 2972708 2903077 2976177 3929566 3071012 2976787 2975559 2972418 2906710 2979036 2973967 3157818 3457228 2978673 2974933
! @  2973184 2903644 2975022 2975825 2975370 3866102 3141008 2975100 2972831 2906605 2977586 2974491 3145363 3020615 3457588 3132426 2906749 2976111 2976746 2974228 2975859 3811770 3201130 2972320 2908151 2975644 2972342 2978456 2980655 3078377 2976476 3525790 2906429 2973150 2975477 2973235 2972452 2906840 3934749 3071951 2974974 2975424 2976989 2973339 2976502 3078748 3002188 3523137 2908058 2976095 2975784 2978538 2974380 2974127 2904770 4020408 2985224 2975544 2972887 2978259 2970707 3086071 2976763 2974308 3454588 2977993 2978184 2974178 2973415 2909242 2974242 3796564 3212918 2976095 2972083 2974446 2906976 2974460 3149838 2975057 3059950 3531291 2906768 2974218 2974105 2973777 2975927 2972203 3864187 3138110 2903828 2974768 2973979 2977320 3081636 2972568 2977821 3453652 2978085 2978795
! @  2973690 2975398 2972653 2904184 2978382 4016660 2990498 2976101 2975851 2975077 3080266 2972860 2973958 3082886 3525236 2976805 2973795 2905644 2974436 2975826 2975010 3807241 3196379 2971166 2909836 2975637 3153333 2973061 2971689 2906404 2977782 3524608 2905642 2976151 2977070 2975080 2975984 2906295 3938756 3135521 2903951 2976003 2980115 3148983 2904759 3131999 2976026 3459432 2976682 2974875 2970203 2903528 2971263 2974153 2973498 4028766 2979474 2971765 2911242 3149859 2976417 2973036 2904042 2974569 3529788 2975218 2905212 2978045 2979393 2975227 2975666 3810112 3196806 2978980 2905987 3155335 2973767 2976192 2905196 2976763 2973264 3453059 2971922 2975800 3167367 2975960 2907600 2976410 3929354 3071884 2976177 3158534 2970540 2904450 2977700 2976681 2972983 3460731 2978100 2975062
! @  2971284 2972674 2908173 2975284 2974064 4030762 2981149 2978803 3147837 2907255 3133806 2977998 2904668 2977385 3527294 2970925 2907989 2973510 2975352 2972390 2973972 3858810 3144400 2909355 3150273 2977713 2978147 2972149 2909483 2979107 2975374 3461262 2976681 2975258 2976245 3189567 2976711 2904660 3936496 3141829 3080204 2975536 2975363 2976593 2908610 2973248 2977055 3457200 2973515 2976423 2977509 2977310 2970678 2905332 2975569 4027704 3155785 2974872 2977895 2973723 2905531 2974743 2975128 2974398 3459813 2973723 2974756 2972127 2907228 2972909 2976891 3930889 3079670 3147052 2968293 3062734 2978358 2971392 2907938 2978319 2975506 3456440 2976657 2975275 2974216 2973502 2971069 2905849 3945762 3200418 2975030 2971546 2907863 2976961 2974168 2974368 2971429 3458167 2974673 2974023
! @  2909146 2976606 2975314 2974399 2975881 4200382 2975443 2904543 2974188 2975883 2976563 2976308 2905987 2974417 3528710 2905472 2976649 2979133 2972151 2977163 2970264 3882995 3151326 2974936 2907395 2975740 2975062 2976377 2974659 2905045 2975520 3528181 2974283 2907511 2974025 2981570 2975046 2976124 3895014 3139227 2974441 3064799 2975048 2974233 2974386 2908229 2973598 3528747 2971887 2907241 2976401 2974639 2973456 2973905 3086126 4030167 2979450 2972397 2974508 2976362 2970628 2907474 2974522 2975905 3455935 2974638 2977293 2974922 2977875 2906324 3150788 3810571 3197198 2975168 2973867 2972519 2906766 2974918 2972651 2979181 2973857 3460415 2974226 2972887 2972485 2908665 3142535 2978206 3872318 3139378 2975697 2904987 2974518 2976356 2975690 2976594 2972851 3457015 2976019 2973085
! @  2906234 2977032 2976685 3154402 2974183 4025657 3067047 2977725 2976203 2973871 2906034 2973708 2974534 2976798 3459416 2976544 2972807 2975136 2971860 3082157 2977485 3808748 3194481 2974745 2976156 2904734 2976426 2973029 2974346 2973726 3092228 3527921 2977963 2902701 2977521 3156300 2974811 2973921 3869290 3140592 2906255 2975706 2976681 2976527 2977617 2972105 2905345 3529021 2974227 2904661 2976023 3142750 2976934 2906732 2973822 4030154 2981325 2974258 2974602 2975362 2973493 2906156 2979067 2975745 3523777 2907539 2976245 2973533 3148887 2907109 2974214 4013500 3153353 2978201 2974115 2903864 2975890 2974087 2973589 2974337 2905082 3524857 2976806 2904334 3149825 2975146 2976345 2906064 3939184 3138095 2906882 2978970 2973417 2976847 2974424 2910484 2972431 3524151 2904655 2973945
! @  3148718 2976239 2972958 2908004 2978390 4031446 2979470 2976530 2971881 2977439 2970781 2907322 2977240 2978603 3461391 2976350 2981175 3150376 2972767 2907125 2974594 3811988 3194728 2974940 2972050 2976322 2907910 2975077 2976482 2977357 2974227 3460805 2976526 3152215 2905862 2972220 3137717 2973202 3865265 3141518 2905264 2976345 2974767 2972789 2975666 2905210 3066877 3457616 2973940 3079695 2974051 2973749 2972532 2973287 2904719 4097027 2907419 2973993 2976596 2971948 2971893 2905570 2975071 2973910 3456102 3142119 2984683 2976145 2974205 2906737 2975339 3813785 3197891 2977160 2974422 2975710 2903856 2972506 2973264 2971619 2976157 3459886 3153290 2974649 2903791 2977026 2976831 2974454 3867907 3142116 2975697 2971907 2905354 2977804 2974100 2974353 2970226 3453524 3152680 2905630
! @  2977117 3132328 2972706 2907452 2974782 4029618 2977800 2975190 2974437 2971162 2903854 2977773 2976064 3149324 3629568 2976667 2976435 2904257 2974055 2974386 2972938 3860177 3148147 2973489 2910691 2974993 2975440 2975463 2973645 2905343 2977479 3550676 2975657 2972787 2905845 2973295 2979310 2974905 3866433 3140108 2972310 2905283 2973473 2974924 2976687 2976241 2973600 3637594 2972239 2906058 2973460 2975527 2973934 2973817 2907208 4099641 2907672 2973395 2975301 2974024 2975980 2971673 2909618 2981184 3633997 2973192 3138236 2971637 2908741 2975030 2977588 3809490 3199762 2972853 2974045 3098572 2974712 2975209 2975927 2978486 3081226 3524937 2972506 2907826 2974417 2972312 2977049 2973359 3868499 3143078 2971696 2905758 2973785 2977765 2974707 2972702 3085309 3524381 2909262 2973249
! @  2975162 2973215 2975365 2969642 2908870 4096446 2909944 2976035 2975798 2976369 2969173 2906263 3155823 3005191 3523206 2906548 2979183 2976845 2976398 2974953 2907932 3925986 3146162 2906020 3188862 2974278 2979160 2976015 3077134 2981035 2974501 3612970 2975500 2973794 2907069 2976042 2974608 2972557 3867171 3141589 2976274 2972856 2904713 2973353 2978633 3143246 3069628 3527036 2906670 2976758 2974382 2975990 2976007 2907455 2975869 4096061 2904611 2975844 2975291 2973233 2975360 3081720 2976227 2975338 3454908 2976289 2973943 2973146 2905668 2975979 2974832 3934772 3072750 2974714 2975822 2972221 2906730 3157454 2975215 2975206 2902452 3524848 2974761 2974945 2906171 2975176 2975274 2974597 3867148 3142632 2973788 2905694 2977783 3143949 2978068 2903168 3132025 3458909 2975496 2975983

---------------- Instructions ----------------

! @  1750985 1717262 1728664 1728664 1728664 2011595 1728698 1728709 1717304 1728709 1728709 1728709 1728709 1728709 1790399 1728709 1728853 1739484 1728709 1728709 1739117 2001593 1738839 1728664 1728664 1728664 1728664 1717262 1728664 1728664 1728664 1790109 1728664 1750968 1728664 1717262 1728664 1728664 1989737 1750021 1728664 1728664 1717262 1728664 1728664 1728664 1728664 1790034 1728664 1750428 1717262 1728664 1728664 1728664 1728664 2011516 1728664 1728664 1717262 1728664 1728664 1728664 1728664 1717262 1801688 1739026 1728664 1728664 1728664 1728664 1717262 1983601 1756349 1728664 1728664 1728664 1728695 1717304 1728709 1728709 1728709 1790085 1750224 1728709 1728709 1739120 1728664 1728664 1989989 1750057 1728664 1717262 1728664 1728664 1728664 1728664 1728664 1790164 1750176 1717262
! @  1728664 1728664 1728664 1728732 1717262 2022947 1728664 1717262 1728664 1728664 1728664 1728664 1717262 1728664 1811439 1728664 1728664 1728664 1728664 1717262 1728664 1983853 1756193 1728664 1728664 1728664 1728664 1717262 1728664 1728664 1728664 1792754 1728664 1728664 1728664 1728664 1728664 1717262 2005871 1750089 1717262 1728664 1728664 1728664 1728664 1728664 1717288 1804471 1728709 1728709 1739151 1728709 1728709 1728709 1717304 2022343 1717304 1728709 1728709 1728709 1728709 1728709 1717304 1728853 1811730 1728709 1728709 1728709 1728709 1717304 1728709 1982026 1758290 1728709 1728709 1728709 1728709 1717304 1728709 1728853 1752527 1790337 1728709 1728709 1728716 1728770 1717304 1728709 2001199 1738448 1728709 1728709 1728709 1717304 1728709 1728709 1750504 1790085 1728709 1728709
! @  1728709 1717304 1728709 1728709 1728709 1990046 1750136 1728709 1728709 1717304 1728709 1728709 1750500 1730815 1790404 1750531 1717299 1728709 1728709 1728709 1728709 1983910 1756812 1728709 1717304 1728709 1728709 1728709 1728853 1738964 1728709 1801682 1717304 1728709 1728709 1728709 1728709 1717304 2001451 1738921 1728709 1728709 1728709 1728709 1728853 1738957 1731640 1801809 1717304 1728709 1728709 1728709 1728709 1728709 1717304 2011768 1728709 1728709 1728709 1728709 1728709 1739104 1728709 1728709 1789916 1728716 1728770 1728709 1728709 1717304 1728709 1982026 1758346 1728709 1728709 1728709 1717304 1728853 1750113 1728709 1739138 1801631 1717262 1728664 1728664 1728664 1728701 1728709 1990180 1750297 1717304 1728709 1728709 1728853 1738960 1728709 1728709 1790171 1728709 1728709
! @  1728709 1728709 1728709 1717304 1728709 2011162 1728709 1728709 1728709 1728853 1738914 1728709 1728709 1739854 1801667 1728709 1728709 1717304 1728709 1728709 1728709 1983910 1756433 1728709 1717304 1728709 1750973 1728709 1728709 1717304 1728709 1801937 1717304 1728709 1728709 1728709 1728709 1717304 2001578 1750074 1717304 1728709 1728853 1750829 1717304 1750543 1728664 1790294 1728664 1728664 1728664 1717262 1728664 1728664 1728664 2011581 1728709 1728709 1717448 1750846 1728709 1728709 1717304 1728709 1801809 1728709 1717304 1728709 1728709 1728709 1728709 1983910 1756596 1728709 1717304 1750966 1728709 1728709 1717304 1728709 1728709 1789916 1728709 1728709 1752542 1728709 1717304 1728709 2001451 1738892 1728709 1751023 1728709 1717304 1728709 1728709 1728709 1790407 1728709 1728709
! @  1728709 1728709 1717304 1728709 1728709 2011797 1728709 1728853 1750879 1717304 1750581 1728664 1717262 1728664 1801522 1728664 1717262 1728664 1728664 1728664 1728664 1989737 1750000 1717406 1750831 1728695 1728754 1728754 1717353 1728815 1728754 1790331 1728754 1728754 1728754 1756630 1728709 1717304 2001585 1750470 1739474 1728709 1728709 1728709 1717304 1728709 1728709 1790529 1728709 1728709 1728709 1728709 1728709 1717304 1728709 2011130 1751014 1728709 1728709 1728709 1717304 1728709 1728709 1728709 1790277 1728709 1728709 1728709 1717304 1728709 1728709 2001451 1739065 1750870 1728709 1739138 1728664 1728664 1717262 1728664 1728664 1790356 1728664 1728664 1728664 1728664 1728664 1717262 2001914 1759314 1728664 1728664 1717262 1728664 1728664 1728677 1728709 1790277 1728709 1728709
! @  1717304 1728709 1728709 1728709 1728709 2033926 1728709 1717304 1728709 1728709 1728777 1728709 1717304 1728709 1801809 1717304 1728709 1728709 1728709 1728709 1728709 1993481 1750297 1728709 1717304 1728709 1728709 1728709 1728709 1717304 1728709 1801682 1728709 1717304 1728709 1728709 1728709 1728853 1993582 1750326 1728708 1739103 1728664 1728664 1728664 1717262 1728664 1801628 1728664 1717262 1728664 1728664 1728664 1728664 1739312 2011684 1728664 1728664 1728664 1728664 1728664 1717262 1728664 1728664 1790478 1728677 1728709 1728709 1728709 1717304 1750762 1983658 1756210 1728709 1728709 1728709 1717304 1728709 1728709 1728709 1728709 1790277 1728709 1728709 1728709 1717304 1750222 1728709 1990180 1750297 1728709 1717311 1728770 1728709 1728709 1728709 1728709 1790529 1728709 1728709
! @  1717304 1728709 1728709 1750474 1728709 2011538 1739105 1728664 1728664 1728664 1717262 1728664 1728664 1728664 1790226 1728664 1728664 1728664 1728664 1738934 1728664 1983853 1756385 1728664 1728664 1717262 1728664 1728664 1728664 1728664 1740337 1801755 1728664 1717262 1728664 1750492 1728709 1728709 1990180 1750326 1717304 1728709 1728709 1728709 1728709 1728709 1717304 1801682 1728709 1717304 1728709 1750524 1728709 1717304 1728709 2011634 1728709 1728709 1728709 1728709 1728709 1717304 1728709 1728709 1801809 1717304 1728709 1728709 1750524 1717304 1728709 2011984 1750285 1728725 1728664 1717262 1728664 1728664 1728664 1728664 1717262 1801519 1728664 1717262 1750476 1728664 1728664 1717262 2001139 1750000 1717262 1728664 1728664 1728664 1728664 1717262 1728664 1801631 1717262 1728664
! @  1750493 1728664 1728664 1717262 1728664 2011768 1728709 1728709 1728709 1728709 1728709 1717304 1728709 1728709 1790529 1728709 1728853 1750371 1728709 1717304 1728709 1983658 1756181 1728709 1728709 1728709 1717304 1728709 1728709 1728709 1728709 1790277 1728709 1750256 1717304 1728709 1750528 1728664 1989989 1750278 1717262 1728664 1728664 1728664 1728664 1717262 1742798 1790353 1728664 1738815 1728664 1728664 1728664 1728664 1717269 2023416 1717262 1728664 1728664 1728664 1728664 1717262 1728664 1728664 1790226 1750217 1728664 1728664 1728664 1717262 1728664 1983853 1756414 1728664 1728664 1728695 1717304 1728709 1728709 1728709 1728709 1790548 1750121 1728709 1717304 1728709 1728709 1728709 1990180 1750297 1728709 1728709 1717304 1728709 1728709 1728709 1728709 1789919 1750510 1717304
! @  1728709 1750531 1728664 1717262 1728664 2011603 1728664 1728664 1728664 1728664 1717262 1728664 1728664 1750278 1812622 1728664 1728664 1717262 1728664 1728664 1728664 1990123 1750239 1728664 1717262 1728664 1728664 1728664 1728664 1717262 1728808 1804948 1728664 1728664 1717262 1728664 1728732 1728664 1989737 1750019 1728664 1717262 1728664 1728664 1728664 1728692 1728709 1811741 1728709 1717304 1728709 1728709 1728709 1728709 1717304 2022979 1717304 1728709 1728709 1728709 1728709 1728709 1717304 1728853 1811842 1728709 1750572 1728664 1717262 1728664 1728664 1983601 1756347 1728664 1728664 1740440 1728664 1728664 1728664 1728808 1739459 1801416 1728664 1717262 1728664 1728664 1728664 1728664 1989989 1750055 1728664 1717262 1728664 1728664 1728664 1728808 1739416 1801561 1717262 1728664
! @  1728664 1728664 1728664 1728664 1717262 2022947 1717262 1728664 1728664 1728664 1728664 1717262 1750971 1731033 1801434 1717341 1728754 1728761 1728815 1728754 1717346 2001511 1750151 1717346 1756363 1728709 1728709 1728709 1739362 1728709 1728709 1812032 1728664 1728664 1717262 1728664 1728664 1728664 1990123 1750086 1728664 1728664 1717262 1728664 1728808 1750827 1738976 1801620 1717262 1728664 1728664 1728664 1728664 1717262 1728664 2022464 1717262 1728664 1728664 1728664 1728808 1739425 1728664 1728664 1790218 1728664 1728664 1728664 1717262 1728664 1728664 2001525 1738868 1728664 1728664 1728664 1717262 1750962 1728664 1728664 1717262 1801872 1728664 1728664 1717260 1728709 1728709 1728709 1989794 1750037 1728709 1717304 1728709 1751010 1728709 1717304 1750540 1790218 1728671 1728725

----------------------------------------------

=============================================================
test_scott - X25519_SHARED_SECRET
=============================================================

-------------------- Cycles --------------------

! @  3770715 4316149 3697865 3763980 3761979 3689085 3766176 4726195 4028959 3762818 3696164 3768997 3760500 3697269 4311867 3695054 3766244 3760943 3765135 3691361 4728527 4043161 3761905 3762764 3692704 3763509 3765053 3694559 4315872 3763453 3692730 3764829 3759694 4488605 4155168 3761297 3690878 3765922 3760639 3761418 3692193 4320857 3692210 3766741 3760249 3762825 3691529 4962234 3763864 3693587 3920508 3762217 3694620 3766369 4249221 3768949 3759474 3761632 3690787 3767966 4989126 3764469 3694168 3765754 3762602 3761399 3793997 4245120 3763149 3692009 3767076 3760716 3694613 4753924 3930220 3691477 3764981 3763153 3693341 3766056 4240608 3699014 3770109 3760580 3691833 3763753 4834477 3928231 3761506 3688904 3766139 3763620 3691479 3793850 4316851 3689923 3765639 3761427 3763954 4693192
! @  4004710 3919396 3693974 3762944 3764721 3763925 3689894 4320833 3695528 3764714 3761868 3764438 3868568 4828371 3764449 3762091 3760292 3696996 3762336 3761808 4250104 3759476 3762025 3694365 3766429 3938314 4823567 3693765 3765783 3761789 3763585 3695097 3766133 4249292 3765339 3762102 3762537 3875314 3762627 4658055 3932946 3760289 3691229 3764641 3761082 3689482 4496983 3693030 3770358 3762730 3866411 3765364 4810257 3929832 3691606 3766482 3761963 3690950 3764721 4233539 3777209 3763770 3764914 3874042 3764585 4659536 3931793 3765193 3689970 3765834 3762843 3760619 3694286 4316451 3693652 3771434 3943575 3693471 4564508 4021922 3764834 3765579 3690909 3769585 3762840 3764522 4249359 3761721 3890454 3945733 3762909 3690374 4891323 3692053 3765266 3761655 3692153 3762395 3763462 4246821
! @  3768334 3767909 3869458 3766173 3853576 4889423 3692200 3767561 3761426 3760013 3692895 3760444 4248790 3765610 3763019 3866122 3763241 3762412 4663064 3936113 3695746 3765970 3761281 3763594 3690690 4712253 3691899 3939340 3761185 3691561 3767692 4729153 3865035 3758972 3690589 3764985 3762125 3759852 4236042 3763941 3875818 3763378 3759178 3697208 4724123 3858917 3763125 3760338 3696039 3765171 3765011 3692138 4312633 3872887 3766313 3841960 3769449 4580648 4004539 3756537 3690810 3764644 3759529 3766254 3692921 4318062 3874382 3765306 3762747 3689431 3763623 4825591 3767776 3764041 3764986 3692280 3764318 3761164 4251330 3947639 3691982 3764647 3760887 3763651 4815150 3693614 3765305 3759868 3763484 3691761 3766956 4252226 3938499 3759346 3695862 3768268 3763368 4659949 3936781 3758328
! @  3696007 3766773 3757579 3690626 4310267 3871669 3762652 3854234 3765823 3763535 4657585 3927683 3690428 3765373 3759304 3764980 3692413 3768654 4336642 3692791 3766360 3760960 3691068 4580331 4002528 3768583 3759882 3693292 3760462 3757721 3873197 4315378 3695320 3761873 3763765 3760496 3692562 4890621 3695976 3764089 3763186 3686774 3765171 3944094 4248975 3762630 3693755 3761473 3761663 3760498 4815067 3694551 3762082 3760159 3762347 3692029 3939624 4247135 3916402 3699218 3760203 3761050 3694999 4727143 3858975 3767714 3762073 3759653 3698083 3940672 4244963 3761138 3762397 3692091 3766307 3761095 4655374 3931750 3688973 3765166 3763481 3691877 3943146 4453145 3775219 3765785 3762274 3692183 3767158 4727902 3860058 3768452 3767068 3694894 3767428 3943187 3693318 4317041 3689635 3766836
! @  3762633 3764877 3688594 4817170 3763581 3760809 3758930 3697064 3937420 3689726 4401171 3761224 3765309 3761438 3691162 3763560 4824653 3763532 3760436 3688879 3769052 3936790 3693314 4317918 3686912 3763665 3759582 3758015 3695038 4809474 3771869 3759674 3690518 3939142 3764761 3689430 4309214 3691657 3764391 3764974 3760141 3694279 4723250 3859843 3764067 3763536 3872838 3769497 3762647 4235585 3766246 3695094 3762796 3760876 3765021 4652562 3932226 3692591 3760837 3873215 3764316 3764333 3850430 4310820 3691994 3766936 3765027 3761165 4490986 4022629 3766305 3761837 3872026 3763783 3761123 3759454 4241520 3762139 3692408 3762072 3759587 3695230 4897389 3696098 3767309 3937728 3693153 3764182 3791094 4247631 3763349 3763483 3761486 3695429 3764790 4819731 3766070 3768063 3869426 3762018
! @  3760593 3692171 4318208 3694337 3764306 3762820 3763484 3693167 4727541 3863804 3767088 3865704 3764056 3924339 3695710 4313972 3693590 3764117 3759821 3763068 3691168 4725065 3860306 3931222 3691042 3765839 3762390 3760397 3695726 4315498 3693803 3762984 3761194 3694134 4584227 4002166 3947664 3762354 3688597 3764355 3759108 3872829 4322162 3690743 3763513 3760876 3762182 3689175 4825994 3945857 3766148 3761393 3694347 3763300 3759473 4247829 3762246 3689246 3766108 3759032 3765258 4822139 3873871 3762326 3844531 3768773 3763709 3763030 4243332 3763404 3691010 3766835 3765847 3765472 4655151 4035322 3771337 3959529 3691335 3764974 3762148 4245465 3762010 3763242 3692125 3765199 3760011 4661903 3992693 3765450 3767404 3693099 3762150 3763112 4237217 3765344 3762460 3692601 3767402 3764402
! @  4817159 3862815 3765233 3760455 3759353 3697703 3769445 3762874 4245393 3763463 3764142 3907486 3770167 4578937 4174510 3759419 3849647 3763999 3692341 3765881 4243629 4314633 3693810 3763914 3764005 3759437 4502410 4104573 3692204 3767469 3762155 3759184 3695072 3765904 4249370 3763826 3760558 3690448 3761146 3941580 4817983 3761387 3690966 3767013 3761231 3692481 3761402 4319356 3691801 3768425 3760621 3693895 3945998 4815666 3767478 3761107 3690813 3768474 3760989 3688557 4317781 3762210 3691427 3766248 3759123 3878709 4727520 4016876 3761294 3690042 3768013 3762840 3692443 4308480 3693124 3761868 3764839 3763506 3873180 4730139 3864299 3760592 3761813 3694880 3761886 3762131 3694884 4318282 3689241 3761187 3759556 3877602 4583257 4002374 3767211 3760961 3764327 3691928 3764189 3789755
! @  4243527 3762639 3762779 3694297 3938991 3760037 4816134 3693349 3764040 3761477 3763292 3696393 3764642 4246181 3759510 3758993 3768627 3867765 3761725 4866289 3765323 3762417 3758018 3693869 3760024 3759529 4243448 3761780 3693416 3935815 3765615 3691735 4728972 3859563 3769254 3760465 3692186 3764241 3760537 4245175 3765839 3760225 3873220 3765089 3760127 4659125 3928847 3693660 3762809 3765875 3693434 3763021 3759898 4243868 3763944 3874144 3758929 3760902 4595730 3984876 3690633 3760669 3759501 3685437 3761858 3757921 4250313 3764876 3937636 3693498 3909441 3695269 4940890 3762363 3693444 3768300 3764644 3693436 3761388 4316925 3693634 3944890 3761560 3691750 3767344 4824844 3760989 3759400 3692332 3766256 3761587 3692961 4320102 3766473 3871639 3763438 3760241 3694083 4726010 3858156
! @  3761250 3761492 3693038 3768248 3763242 4248286 3936457 3693377 3764522 3765900 3761985 4662469 3930504 3697499 3764796 3758760 3692234 3762482 3759938 4255663 3940563 3692087 3916431 3763397 4648454 3857810 3766851 3757714 3765296 3693517 3770227 3763382 4422717 3764282 3694876 3765276 3761968 4484672 4094652 3690428 3767019 3763644 3755992 3692650 3767352 4427819 3761266 3764808 3693208 3766384 3764397 4824610 3765303 3689189 3764275 3764801 3763630 3796995 4271916 3761238 3763259 3693855 3767592 3759590 4655483 3931849 3695213 3767185 3764636 3760992 3690811 4340978 3760853 3849467 3766201 3692981 3765968 4729078 3861147 3763168 3689904 3766688 3759327 3765055 4445052 3767217 3690304 3762104 3759284 3761989 4648234 3864644 3765459 3760264 3756782 3696592 3762376 3943274 4246933 3764723
! @  3693584 3767653 3761985 4487524 4096767 3691577 3763025 3760837 3760115 3697358 3940206 4249349 3760385 3760699 3690371 3766304 3761344 4819346 3766219 3694841 3769904 3763829 3765581 3869913 4251124 3848691 3765360 3692749 3764888 3765570 4811629 3761290 3692830 3765581 3759415 3694695 4115764 4253186 3768322 3761190 3691852 3770030 3766304 4658477 3929179 3759058 3693460 3763643 3944974 3692089 4317237 3692745 3763932 3761523 3691398 3763504 4725900 3861734 3764376 3762131 3695319 3943045 3764413 3691679 4318816 3693755 3959207 3761701 3692008 4594185 3988227 3772000 3760524 3765293 3874201 3761157 3845156 4317830 3692444 3767177 3762132 3689391 3764179 4824728 3767274 3761405 3761255 3878436 3764352 3762727 4241684 3759507 3694754 3766330 3761106 3692971 4898653 3693358 3979706 3767810

---------------- Instructions ----------------

! @  2168493 2241526 2157088 2168493 2168493 2157088 2168493 2441614 2200290 2168493 2157088 2168493 2168493 2157088 2241277 2157088 2168493 2168493 2168493 2157088 2441235 2200261 2168493 2168493 2157088 2168500 2168554 2157088 2241401 2168493 2157088 2168493 2168493 2408521 2220042 2168493 2157088 2168493 2168493 2168493 2157088 2240913 2157088 2168493 2168493 2168493 2157088 2471312 2168493 2157087 2190277 2168436 2157080 2168493 2229999 2168493 2168493 2168493 2157088 2168493 2472874 2168493 2157088 2168493 2168493 2168493 2170600 2229945 2168493 2157088 2168493 2168493 2157088 2444072 2189822 2157088 2168493 2168493 2157088 2168493 2230054 2157088 2168493 2168493 2157088 2168493 2451458 2190100 2168493 2157088 2168561 2168493 2157088 2171393 2241708 2157088 2168493 2168493 2168493 2431898
! @  2197839 2190303 2157034 2168436 2168436 2168436 2157034 2241424 2157088 2168493 2168493 2168637 2178713 2451437 2168493 2168493 2168493 2157088 2168493 2168493 2230178 2168493 2168493 2157088 2168637 2190118 2451542 2157088 2168493 2168493 2168493 2157088 2168493 2230051 2168493 2168493 2168493 2178850 2168493 2429830 2190100 2168493 2157088 2168493 2168493 2157088 2263872 2157088 2168493 2168493 2179356 2168493 2451801 2190011 2157041 2168497 2168436 2157034 2168436 2229879 2168436 2168436 2168449 2179356 2168493 2429830 2189851 2168493 2157088 2168493 2168493 2168493 2157088 2241459 2157088 2168493 2190170 2157088 2419926 2200109 2168493 2168493 2157088 2168493 2168493 2168493 2230306 2168493 2180232 2190784 2168493 2157088 2462338 2157088 2168493 2168493 2157088 2168493 2168493 2229867
! @  2168493 2168637 2178968 2168493 2178945 2462554 2157034 2168436 2168436 2168436 2157034 2168436 2230056 2168436 2168580 2178928 2168436 2168436 2430273 2190046 2157142 2168550 2168550 2168550 2157142 2293455 2157088 2190517 2168493 2157088 2168493 2441235 2178486 2168493 2157088 2168493 2168493 2168493 2229998 2168493 2179364 2168493 2168493 2157088 2441369 2178515 2168493 2168493 2157088 2168493 2168493 2157088 2240915 2179364 2168493 2178928 2168436 2421741 2197851 2168436 2157034 2168436 2168436 2168436 2157034 2241340 2179307 2168436 2168436 2157034 2168436 2451319 2168436 2168485 2168493 2157088 2168493 2168493 2229765 2190769 2157088 2168493 2168493 2168500 2450788 2157088 2168493 2168493 2168493 2157088 2168493 2230018 2190601 2168493 2157088 2168493 2168493 2429964 2189920 2168493
! @  2157088 2168493 2168493 2157088 2241675 2179186 2168493 2178898 2168436 2168436 2429509 2189579 2157034 2168436 2168436 2168436 2157034 2168580 2243887 2157034 2168436 2168436 2157034 2421741 2197883 2168436 2168436 2157034 2168461 2168493 2179354 2241382 2157088 2168493 2168493 2168493 2157088 2462767 2157088 2168493 2168493 2157088 2168493 2190776 2229874 2168493 2157088 2168493 2168561 2168493 2451257 2157088 2168493 2168493 2168493 2157088 2189957 2229998 2190330 2157034 2168436 2168436 2157034 2441297 2178429 2168436 2168436 2168436 2157034 2189854 2229808 2168436 2168436 2157034 2168436 2168436 2429761 2189610 2157034 2168436 2168436 2157034 2190108 2262689 2168493 2168493 2168493 2157088 2168493 2441369 2178705 2168493 2168493 2157088 2168637 2190666 2157088 2241747 2157088 2168493
! @  2168493 2168493 2157088 2450972 2168493 2168493 2168493 2157232 2190627 2157088 2251888 2168436 2168504 2168436 2157034 2168436 2451366 2168436 2168436 2157034 2168580 2190066 2157034 2241672 2157034 2168436 2168436 2168436 2157034 2451522 2168436 2168436 2157034 2190210 2168436 2157034 2241420 2157034 2168436 2168482 2168493 2157088 2441235 2178696 2168493 2168493 2178865 2168493 2168493 2230208 2168493 2157088 2168493 2168493 2168493 2429964 2190130 2157088 2168493 2178865 2168493 2168492 2178875 2241059 2157034 2168436 2168436 2168436 2408455 2199945 2168436 2168436 2178808 2168436 2168436 2168436 2230155 2168497 2157034 2168436 2168436 2157034 2462931 2157034 2168436 2190220 2157034 2168436 2171344 2230273 2168436 2168436 2168436 2157034 2168458 2450934 2168493 2168637 2178721 2168493
! @  2168493 2157088 2241486 2157088 2168493 2168493 2168493 2157088 2441369 2178725 2168637 2178721 2168493 2190303 2157034 2241672 2157034 2168436 2168436 2168436 2157034 2440911 2178387 2190200 2157034 2168436 2168436 2168436 2157034 2241420 2157034 2168436 2168436 2157034 2421741 2198090 2190193 2168436 2157034 2168436 2168436 2179411 2241529 2157034 2168436 2168436 2168436 2157034 2451500 2190749 2168493 2168493 2157088 2168493 2168493 2230081 2168493 2157088 2168493 2168493 2168493 2451467 2179382 2168493 2178963 2168436 2168436 2168436 2230145 2168436 2157034 2168436 2168436 2168436 2429895 2200311 2168436 2192712 2157034 2168436 2168436 2230000 2168436 2168436 2157034 2168436 2168436 2429902 2199302 2168436 2168436 2157034 2168436 2168436 2229979 2168436 2168436 2157034 2168436 2168436
! @  2451904 2178600 2168436 2168436 2168443 2157149 2168611 2168550 2230357 2168550 2168550 2184757 2168493 2421702 2219981 2168493 2178889 2168436 2157034 2168436 2220033 2241206 2157034 2168436 2168436 2168436 2410538 2212322 2157034 2168436 2168436 2168436 2157034 2168436 2230056 2168436 2168436 2157034 2168436 2190709 2451175 2168436 2157034 2168436 2168436 2157034 2168436 2241209 2157034 2168436 2168436 2157034 2190709 2451155 2168436 2168436 2157034 2168436 2168436 2157034 2241382 2168493 2157088 2168493 2168493 2179364 2441369 2200333 2168436 2157041 2168497 2168436 2157034 2240848 2157034 2168436 2168436 2168436 2179307 2441163 2178425 2168436 2168436 2157034 2168436 2168436 2157034 2241336 2157034 2168436 2168436 2179307 2421741 2198012 2168436 2168436 2168436 2157034 2168436 2170805
! @  2230246 2168436 2168436 2157178 2190565 2168436 2451199 2157034 2168436 2168436 2168436 2157034 2168436 2230355 2168436 2168462 2168637 2178968 2168493 2458600 2168436 2168436 2168436 2157034 2168436 2168436 2230604 2168436 2157034 2190447 2168436 2157034 2440911 2178721 2168504 2168436 2157034 2168436 2168436 2230352 2168436 2168436 2179045 2168436 2168436 2429761 2190404 2157034 2168436 2168436 2157034 2168436 2168436 2230479 2168436 2178480 2168436 2168436 2423625 2196645 2157034 2168436 2168436 2157034 2168436 2168436 2230355 2168436 2190127 2157034 2190287 2157088 2468432 2168493 2157088 2168493 2168493 2157088 2168493 2241947 2157088 2190806 2168493 2157088 2168493 2451906 2168493 2168493 2157088 2168493 2168493 2157088 2241820 2168637 2179257 2168493 2168493 2157088 2441242 2178868
! @  2168493 2168493 2157088 2168493 2168493 2230415 2190806 2157088 2168493 2168493 2168493 2429964 2190435 2157088 2168493 2168493 2157088 2168493 2168493 2230811 2190662 2157088 2190300 2168436 2429509 2178748 2168493 2168493 2168493 2157088 2168493 2168493 2251640 2168493 2157088 2168493 2168493 2408435 2211282 2157088 2168493 2168493 2168493 2157088 2168493 2251868 2168493 2168493 2157088 2168493 2168493 2451634 2168493 2157088 2168493 2168493 2168493 2170600 2233110 2168493 2168493 2157088 2168493 2168500 2429891 2190441 2157088 2168493 2168493 2168493 2157088 2244635 2168493 2178925 2168436 2157034 2168436 2441297 2179011 2168436 2157034 2168464 2168493 2168493 2254646 2168493 2157088 2168493 2168493 2168493 2429830 2179036 2168493 2168493 2168493 2157088 2168493 2190283 2230548 2168493
! @  2157088 2168493 2168493 2408435 2211999 2157088 2168493 2168493 2168493 2157088 2190253 2230312 2168493 2168493 2157088 2168493 2168493 2451277 2168493 2157088 2168493 2168493 2168637 2178708 2230424 2178895 2168436 2157041 2168497 2168436 2451869 2168436 2157034 2168436 2168436 2157178 2212586 2230655 2168493 2168493 2157088 2168493 2168493 2429578 2190189 2168493 2157088 2168493 2190755 2157088 2241826 2157088 2168493 2168493 2157088 2168493 2441235 2179065 2168493 2168493 2157088 2190748 2168493 2157088 2241953 2157088 2192072 2168493 2157088 2423694 2196711 2168493 2168493 2168493 2179399 2168493 2178963 2241763 2157034 2168436 2168436 2157034 2168436 2451735 2168436 2168436 2168436 2179342 2168436 2168436 2230485 2168443 2157210 2168550 2168550 2157142 2463392 2157142 2196366 2168637

----------------------------------------------
