Usage (for mon_varbase_mul and test_scott): ./cva6_x25519_rv64_ise_full.elf <an_integer> <another_integer>
Setting num_iters = 1000 , num_warmup_iters = 100

=============================================================
test_nop - nop_routine
=============================================================

-------------------- Cycles --------------------

! @  6 6 6 6 6 6 6 6 6 6 6 6 6 6 6 6 6 6 6 6 6 6 6 6 6 6 6 6 6 6 6 6 6 6 6 6 6 6 6 6 6 6 6 6 6 6 6 6 6 6 6 6 6 6 6 6 6 6 6 6 6 6 6 6 6 6 6 6 6 6 6 6 6 6 6 6 6 6 6 6 6 6 6 6 6 6 6 6 6 6 6 6 6 6 6 6 6 6 6 6

---------------- Instructions ----------------

! @  13 13 13 13 13 13 13 13 13 13 13 13 13 13 13 13 13 13 13 13 13 13 13 13 13 13 13 13 13 13 13 13 13 13 13 13 13 13 13 13 13 13 13 13 13 13 13 13 13 13 13 13 13 13 13 13 13 13 13 13 13 13 13 13 13 13 13 13 13 13 13 13 13 13 13 13 13 13 13 13 13 13 13 13 13 13 13 13 13 13 13 13 13 13 13 13 13 13 13 13

----------------------------------------------

=============================================================
test_gfp_arith - gfp mul
=============================================================

-------------------- Cycles --------------------

! @  159 133 133 133 133 133 133 133 133 133 133 133 133 133 133 133 133 133 133 133 133 133 133 133 133 133 133 133 133 133 133 133 133 133 133 133 133 133 133 133 133 133 133 133 133 133 133 133 133 133 133 133 133 133 133 133 133 133 133 133 133 133 133 133 133 133 133 133 133 133 133 133 133 133 133 133 133 133 133 133 133 133 133 133 133 133 133 133 133 133 133 133 133 133 133 133 133 133 133 133

---------------- Instructions ----------------

! @  118 118 118 118 118 118 118 118 118 118 118 118 118 118 118 118 118 118 118 118 118 118 118 118 118 118 118 118 118 118 118 118 118 118 118 118 118 118 118 118 118 118 118 118 118 118 118 118 118 118 118 118 118 118 118 118 118 118 118 118 118 118 118 118 118 118 118 118 118 118 118 118 118 118 118 118 118 118 118 118 118 118 118 118 118 118 118 118 118 118 118 118 118 118 118 118 118 118 118 118

----------------------------------------------

=============================================================
test_gfp_arith - gfp sqr
=============================================================

-------------------- Cycles --------------------

! @  162 133 133 133 133 133 133 133 133 133 133 133 133 133 133 133 133 133 133 133 133 133 133 133 133 133 133 133 133 133 133 133 133 133 133 133 133 133 133 133 133 133 133 133 133 133 133 133 133 133 133 133 133 133 133 133 133 133 133 133 133 133 133 133 133 133 133 133 133 133 133 133 133 133 133 133 133 133 133 133 133 133 133 133 133 133 133 133 133 133 133 133 133 133 133 133 133 133 133 133

---------------- Instructions ----------------

! @  118 118 118 118 118 118 118 118 118 118 118 118 118 118 118 118 118 118 118 118 118 118 118 118 118 118 118 118 118 118 118 118 118 118 118 118 118 118 118 118 118 118 118 118 118 118 118 118 118 118 118 118 118 118 118 118 118 118 118 118 118 118 118 118 118 118 118 118 118 118 118 118 118 118 118 118 118 118 118 118 118 118 118 118 118 118 118 118 118 118 118 118 118 118 118 118 118 118 118 118

----------------------------------------------

=============================================================
test_gfp_arith - gfp add
=============================================================

-------------------- Cycles --------------------

! @  83 55 55 55 55 55 55 55 55 55 55 55 55 55 55 55 55 55 55 55 55 55 55 55 55 55 55 55 55 55 55 55 55 55 55 55 55 55 55 55 55 55 55 55 55 55 55 55 55 55 55 55 55 55 55 55 55 55 55 55 55 55 55 55 55 55 55 55 55 55 55 55 55 55 55 55 55 55 55 55 55 55 55 55 55 55 55 55 55 55 55 55 55 55 55 55 55 55 55 55

---------------- Instructions ----------------

! @  59 59 59 59 59 59 59 59 59 59 59 59 59 59 59 59 59 59 59 59 59 59 59 59 59 59 59 59 59 59 59 59 59 59 59 59 59 59 59 59 59 59 59 59 59 59 59 59 59 59 59 59 59 59 59 59 59 59 59 59 59 59 59 59 59 59 59 59 59 59 59 59 59 59 59 59 59 59 59 59 59 59 59 59 59 59 59 59 59 59 59 59 59 59 59 59 59 59 59 59

----------------------------------------------

=============================================================
test_gfp_arith - gfp sub
=============================================================

-------------------- Cycles --------------------

! @  83 60 60 60 60 60 60 60 60 60 60 60 60 60 60 60 60 60 60 60 60 60 60 60 60 60 60 60 60 60 60 60 60 60 60 60 60 60 60 60 60 60 60 60 60 60 60 60 60 60 60 60 60 60 60 60 60 60 60 60 60 60 60 60 60 60 60 60 60 60 60 60 60 60 60 60 60 60 60 60 60 60 60 60 60 60 60 60 60 60 60 60 60 60 60 60 60 60 60 60

---------------- Instructions ----------------

! @  64 64 64 64 64 64 64 64 64 64 64 64 64 64 64 64 64 64 64 64 64 64 64 64 64 64 64 64 64 64 64 64 64 64 64 64 64 64 64 64 64 64 64 64 64 64 64 64 64 64 64 64 64 64 64 64 64 64 64 64 64 64 64 64 64 64 64 64 64 64 64 64 64 64 64 64 64 64 64 64 64 64 64 64 64 64 64 64 64 64 64 64 64 64 64 64 64 64 64 64

----------------------------------------------

=============================================================
test_gfp_arith - gfp mul32
=============================================================

-------------------- Cycles --------------------

! @  86 46 46 46 46 46 46 46 46 46 46 46 46 46 46 46 46 46 46 46 46 46 46 46 46 46 46 46 46 46 46 46 46 46 46 46 46 46 46 46 46 46 46 46 46 46 46 46 46 46 46 46 46 46 46 46 46 46 46 46 46 46 46 46 46 46 46 46 46 46 46 46 46 46 46 46 46 46 46 46 46 46 46 46 46 46 46 46 46 46 46 46 46 46 46 46 46 46 46 46

---------------- Instructions ----------------

! @  46 46 46 46 46 46 46 46 46 46 46 46 46 46 46 46 46 46 46 46 46 46 46 46 46 46 46 46 46 46 46 46 46 46 46 46 46 46 46 46 46 46 46 46 46 46 46 46 46 46 46 46 46 46 46 46 46 46 46 46 46 46 46 46 46 46 46 46 46 46 46 46 46 46 46 46 46 46 46 46 46 46 46 46 46 46 46 46 46 46 46 46 46 46 46 46 46 46 46 46

----------------------------------------------

=============================================================
test_curve_arith - mon_ladder_step
=============================================================

-------------------- Cycles --------------------

! @  1639 1614 1626 1647 1647 1647 1647 1647 1647 1647 1647 1647 1647 1647 1647 1647 1647 1647 1647 1647 1647 1647 1647 1647 1647 1647 1647 1647 1647 1647 1647 1647 1647 1647 1647 1647 1647 1647 1647 1647 1647 1647 1647 1647 1647 1647 1647 1647 1647 1647 1647 1647 1647 1647 1647 1647 1647 1647 1647 1647 1647 1647 1647 1647 1647 1647 1647 1647 1647 1647 1647 1647 1647 1647 1647 1647 1647 1647 1647 1647 1647 1647 1647 1647 1647 1647 1647 1647 1647 1647 1647 1647 1647 1647 1647 1647 1647 1647 1647 1647
! @  1647 1647 1647 1647 1647 1647 1647 1647 1647 1647 1647 1647 1647 1615 1647 1647 1647 1647 1647 1647 1647 1647 1647 1647 1647 1647 1647 1647 1647 1647 1647 1647 1647 1647 1647 1647 1647 1647 1647 1647 1647 1647 1647 1647 1647 1647 1647 1647 29383 2276 1626 1647 1647 1647 1647 1647 1647 1647 1647 1647 1647 1640 1647 1647 1647 1647 1647 1647 1647 1647 1647 1647 1647 1647 1647 1647 1647 1647 1647 1647 1647 1647 1647 1647 1647 1647 1647 1647 1647 1647 1647 1647 1647 1647 1647 1647 1647 1647 1647 1647

---------------- Instructions ----------------

! @  1426 1426 1426 1426 1426 1426 1426 1426 1426 1426 1426 1426 1426 1426 1426 1426 1426 1426 1426 1426 1426 1426 1426 1426 1426 1426 1426 1426 1426 1426 1426 1426 1426 1426 1426 1426 1426 1426 1426 1426 1426 1426 1426 1426 1426 1426 1426 1426 1426 1426 1426 1426 1426 1426 1426 1426 1426 1426 1426 1426 1426 1426 1426 1426 1426 1426 1426 1426 1426 1426 1426 1426 1426 1426 1426 1426 1426 1426 1426 1426 1426 1426 1426 1426 1426 1426 1426 1426 1426 1426 1426 1426 1426 1426 1426 1426 1426 1426 1426 1426
! @  1426 1426 1426 1426 1426 1426 1426 1426 1426 1426 1426 1426 1426 1426 1426 1426 1426 1426 1426 1426 1426 1426 1426 1426 1426 1426 1426 1426 1426 1426 1426 1426 1426 1426 1426 1426 1426 1426 1426 1426 1426 1426 1426 1426 1426 1426 1426 1426 6331 1426 1426 1426 1426 1426 1426 1426 1426 1426 1426 1426 1426 1426 1426 1426 1426 1426 1426 1426 1426 1426 1426 1426 1426 1426 1426 1426 1426 1426 1426 1426 1426 1426 1426 1426 1426 1426 1426 1426 1426 1426 1426 1426 1426 1426 1426 1426 1426 1426 1426 1426

----------------------------------------------

=============================================================
ecdh correctness test
=============================================================
x25519: (alice <---> bob: rfc7748 test vectors)
- private keys:
  alice: 2A2CB91DA5FB77B12A99C0EB872F4CDF4566B25172C1163C7DA518730A6D0777
  bob  : EBE088FF278B2F1CFDB6182629B13B6FE60E80838B7FE1794B8A4A627E08AB5D
- public keys:
  alice: 6A4E9BAA8EA9A4EBF41A38260D3ABF0D5AF73EB4DC7D8B7454A7308909F02085
  bob  : 4F2B886F147EFCAD4D67785BC843833F3735E4ECC2615BD3B4C17D7B7DDB9EDE
- shared secrets:
  alice: 4217161E3C9BF076339ED147C9217EE0250F3580F43B8E72E12DCEA45B9D5D4A
  bob  : 4217161E3C9BF076339ED147C9217EE0250F3580F43B8E72E12DCEA45B9D5D4A
- results:[32m equal [0m
-------------------------------------------------------------
x25519: (carol <---> dave: random test vectors)
- private keys:
  carol: 593C88AA59876667470F7256DE31BF0187E11C7CDFBDF654FBE2FB4B6B817EC6
  dave : 363F1F8F99D95F8E761AE3CC987902DA5B65AE372F55543CD8A185D27B1356EA
- public keys:
  carol: 49335110A9BFAEE04B26E014C5B66C4F5332DD0449DB319E5CDA941E713B2A9D
  dave : 11286328E598CBF797EBDFC76708EA606825C43B99A8DB056015F0A03BC63CB1
- shared secrets:
  carol: 7EB837D18E3DF1CA004EA8BA446BE7E3EE56731E1641EF0A0A0FC3B12784468E
  dave : 7EB837D18E3DF1CA004EA8BA446BE7E3EE56731E1641EF0A0A0FC3B12784468E
- results:[32m equal [0m

=============================================================
test_mon_varbase_mul - mon_varbase_mul
=============================================================

-------------------- Cycles --------------------

! @  541123 541029 541000 560885 540851 540935 540932 540790 540863 540759 540887 540790 540723 540892 540911 561498 541008 540955 540993 540850 541177 541046 541006 540783 541214 540728 540824 561371 540975 540723 541157 540847 540791 541072 540984 540902 540919 540985 561129 540811 540733 540914 540777 541067 540906 540998 540516 1419861 550088 559732 544808 542261 561595 540852 540922 540944 540910 540799 540695 541019 541026 540683 540764 541056 561189 540971 540629 542045 541068 541049 541148 540841 540732 540726 540695 608120 544638 542195 541232 541230 540967 540816 665661 574813 542227 541472 541727 540823 540798 540975 540927 540801 540880 541058 561019 540777 541301 540992 540907 540839
! @  540801 541059 540651 541044 540984 540516 561244 540723 540981 540791 540945 540877 540931 540629 540973 540745 540899 540715 561004 540992 540778 540872 540664 540763 541056 540807 540732 540826 540592 561247 540971 540991 540758 540917 540794 540715 541040 540935 540675 540983 540963 1418354 549935 560050 565937 541747 541299 541038 540786 541021 540689 540717 540875 540846 540752 561372 540758 542026 541005 541074 540901 540774 541232 540845 540697 540877 541320 560622 580343 549176 543673 541841 541541 541514 541237 541166 694441 545390 542722 541844 541429 541182 541154 541075 540791 561001 540567 540879 541027 541018 540835 541077 541012 540817 540855 540860 540767 561332 540950 540731
! @  541008 540954 540732 540839 540759 541142 540921 540555 540862 561022 541071 540686 540974 541114 541159 540606 540809 541006 540943 541032 541006 561101 540896 540807 540956 541090 540820 540952 540818 541737 540942 541098 561178 540799 1382289 582712 560281 544525 542277 541428 541160 540768 540915 540870 540901 540956 561245 542018 541235 541122 540694 541025 540978 540787 540709 580426 549201 565036 541794 541061 540914 541081 540922 540680 540600 540931 540668 540757 561113 664978 552168 544246 542208 541446 541120 541171 540760 560907 540997 540874 540847 540759 541073 540855 540818 541117 541162 541161 561294 540820 540806 540970 540667 541016 540754 540991 540656 540989 540694 540930
! @  561087 540933 541028 541003 540984 540884 540790 540739 540867 540873 541025 540938 561307 540844 541024 540742 540769 540727 540834 541195 540931 540748 540981 560940 540761 540970 540831 540760 1419630 550635 559456 544664 541794 541215 541187 540713 541196 562246 541096 541146 541028 541114 540815 540439 540902 540868 540578 540964 540599 608244 544063 541434 541342 540992 540937 540724 540801 540763 540735 540890 560915 540937 540965 665623 552489 544366 541892 541802 561865 541067 541218 541265 540909 540911 540894 541217 540969 540703 541014 561519 540938 540979 540859 540805 540847 540838 540961 540696 540857 540975 540776 561356 541219 540831 540927 540738 540915 540852 540922 540720
! @  540819 540764 541013 561349 540904 540883 540895 541004 540678 540949 540822 540899 540766 541149 540677 561243 541011 540658 540872 540692 541096 540820 1419547 550917 560932 544432 542556 541348 562830 541119 540802 541187 540956 540899 540809 580935 549236 543469 542089 561929 540947 541074 541120 541182 540794 541083 541027 540935 540856 540612 561261 540787 540657 540677 541191 540738 540810 664218 551925 565229 541309 541414 540863 540972 540900 540737 540684 541249 541023 540978 561190 541147 541107 541003 540851 540966 540915 540961 540741 541042 540704 541110 561278 541140 540865 540839 540878 540903 540760 540816 540774 541055 540878 540976 561091 540759 540943 540611 540705 541016
! @  540865 540673 540994 541026 540984 541009 561140 540818 540933 540895 540977 541088 541040 540950 540959 540969 1413832 550191 561582 545171 562285 540869 540972 541069 540774 540934 540906 540829 540973 580436 571791 542431 541165 541387 540966 540941 540828 540766 540792 541161 540769 540874 560728 540969 540884 540703 540710 540876 540766 540851 540825 694466 544600 542677 541525 541460 541233 541052 541003 541069 540823 540970 560954 540985 540771 582729 548934 543845 541638 541315 541157 540814 561340 540896 540600 540672 540947 540810 540866 540870 540704 540790 540955 540899 561056 540924 540707 540774 541080 540747 540741 540763 540940 540881 540852 541212 561189 540846 540779 540720
! @  540891 541040 540735 541169 540718 540789 540694 560937 540667 1379275 593474 545477 542408 541343 541353 580721 548145 543477 541755 541372 561335 540511 540871 541410 540964 541071 540863 540933 540632 540837 541114 540903 561338 540694 540878 540947 540714 540978 540803 541013 540915 540864 541012 540695 683552 553594 543975 542567 541544 541256 541189 541010 560961 540927 540918 540735 540926 540901 540848 540942 540801 540751 540957 540905 560824 540964 540920 540832 540900 541165 540938 540893 540910 541101 540838 561206 540988 541018 541009 540913 541100 541205 541156 540972 540781 540830 540868 561274 541085 540756 540809 541051 540892 540865 540957 540915 612038 572314 541832 542196
! @  541245 541095 540791 1414567 562001 543948 542063 541555 540800 580535 570808 542361 541384 541092 540945 540953 540990 540838 540822 540921 540655 561335 540605 541054 540634 541002 540749 541012 540566 541063 540711 540749 541007 561645 540792 540305 540884 540998 666451 552838 544205 562988 541272 541079 540833 540832 540999 540926 540807 540936 540948 540886 540787 561001 540782 540890 540853 540869 540868 540869 540912 540737 541041 541141 540744 561126 541010 540810 540902 540801 540958 540760 540801 541002 540708 540939 561485 540752 540765 540673 540946 540740 540922 540961 540880 540567 540881 540773 561465 541988 541141 540919 540819 540890 540616 540914 540901 1423471 550612 560515
! @  544119 541898 561619 541135 540752 540988 540670 540776 541016 540814 540833 540868 541024 541034 561258 541016 540784 540806 540698 540886 540705 540824 540821 541131 540787 561062 541127 540843 540700 541103 540857 540770 664401 551751 565332 541583 541290 541125 540884 540823 540993 540808 540717 540897 540761 561292 540923 540917 540960 540999 540834 540965 540737 541084 541070 540750 540764 561137 540848 540896 540821 540830 540900 540791 540870 540875 540959 540866 540616 560991 540873 540905 540991 540832 541003 540630 541141 540761 541010 540888 541958 561485 541158 540967 541103 540865 540751 540829 540919 540718 541131 1413548 568988 546613 563717 541520 540657 540919 541092 540949
! @  540870 540509 540937 540757 540799 540955 561082 540893 540712 540928 540975 581099 549520 543318 541638 541207 541136 561336 540679 540961 540646 540653 540858 540774 540987 540918 695685 544750 542034 541520 541162 540951 541193 541140 540588 540797 540733 561152 541108 540954 540948 541000 540714 540862 540795 540855 540968 541045 561120 540725 540853 540869 540905 540820 540999 540865 540839 540851 540936 540734 561063 540823 541231 540871 540789 540788 540933 540570 540859 540833 542140 541276 561092 540656 540870 541006 540890 582608 549399 544049 542569 541311 561759 540897 1380126 592190 544971 542145 541301 541027 541102 540688 540879 541131 540722 540932 561055 540470 540726 540664

---------------- Instructions ----------------

! @  414302 414302 414302 419207 414302 414302 414302 414302 414302 414302 414302 414302 414302 414302 414302 419207 414302 414302 414302 414302 414302 414302 414302 414302 414302 414302 414302 419207 414302 414302 414302 414302 414302 414302 414302 414302 414302 414302 419207 414302 414302 414302 414302 414302 414302 414302 414302 627995 415657 417704 414302 414302 419207 414302 414302 414302 414302 414302 414302 414302 414302 414302 414302 414302 419207 414302 414302 414382 414302 414302 414302 414302 414302 414302 414302 425558 414302 414302 414302 414302 414302 414302 435390 419207 414302 414302 414302 414302 414302 414302 414302 414302 414302 414302 419207 414302 414302 414302 414302 414302
! @  414302 414302 414302 414302 414302 414302 419207 414302 414302 414302 414302 414302 414302 414302 414302 414302 414302 414302 419207 414302 414302 414302 414302 414302 414302 414302 414302 414302 414302 419207 414302 414302 414302 414302 414302 414302 414302 414302 414302 414302 414302 628157 415801 417704 419207 414302 414302 414302 414302 414302 414302 414302 414302 414302 414302 419207 414302 414382 414302 414302 414302 414302 414302 414302 414302 414302 414302 419207 420654 414302 414302 414302 414302 414302 414302 414302 440229 414302 414302 414302 414302 414302 414302 414302 414302 419207 414302 414302 414302 414302 414302 414302 414302 414302 414302 414302 414302 419207 414302 414302
! @  414302 414302 414302 414302 414302 414302 414302 414302 414302 419207 414302 414302 414302 414302 414302 414302 414302 414302 414302 414302 414317 419207 414302 414302 414302 414302 414302 414302 414302 414343 414302 414302 419207 414302 621719 421917 417704 414302 414302 414302 414302 414302 414302 414302 414302 414302 419207 414382 414302 414302 414302 414302 414302 414302 414302 420576 414302 419207 414302 414302 414302 414302 414302 414302 414302 414302 414302 414302 419207 435329 414302 414302 414302 414302 414302 414302 414302 419207 414302 414302 414302 414302 414302 414302 414302 414302 414302 414302 419207 414302 414302 414302 414302 414302 414302 414302 414302 414302 414302 414302
! @  419207 414302 414302 414302 414302 414302 414302 414302 414302 414302 414302 414302 419207 414302 414302 414302 414302 414302 414302 414302 414302 414302 414302 419207 414302 414302 414302 414302 628302 415657 417704 414302 414302 414302 414302 414302 414302 419287 414302 414302 414302 414302 414302 414302 414302 414302 414302 414302 414302 425480 414302 414302 414302 414302 414302 414302 414302 414302 414302 414302 419207 414302 414302 435249 414302 414302 414302 414302 419207 414302 414302 414302 414302 414302 414302 414302 414302 414302 414302 419207 414302 414302 414302 414302 414302 414302 414302 414302 414302 414302 414302 419207 414302 414302 414302 414302 414302 414302 414302 414302
! @  414302 414302 414302 419207 414302 414302 414302 414302 414302 414302 414302 414302 414302 414302 414302 419207 414302 414302 414302 414302 414302 414302 628272 415657 417848 414302 414302 414302 419287 414302 414302 414302 414302 414302 414302 420867 414302 414302 414302 419207 414302 414302 414302 414302 414302 414302 414302 414302 414302 414302 419207 414302 414302 414302 414302 414302 414302 435156 414302 419207 414302 414302 414302 414302 414302 414302 414302 414302 414302 414302 419207 414302 414302 414302 414302 414302 414302 414302 414302 414302 414302 414302 419207 414302 414302 414302 414302 414302 414302 414302 414302 414302 414302 414302 419207 414302 414302 414302 414302 414302
! @  414302 414302 414302 414302 414302 414302 419207 414302 414302 414302 414302 414302 414302 414302 414302 414302 627979 415657 418007 414302 419207 414302 414302 414302 414302 414302 414302 414302 414302 420431 419207 414302 414302 414302 414302 414302 414302 414302 414302 414302 414302 414302 419207 414302 414302 414302 414302 414302 414302 414302 414302 440066 414302 414302 414302 414302 414302 414302 414302 414302 414302 414302 419207 414302 414302 420559 414302 414302 414302 414302 414302 414302 419207 414302 414302 414302 414302 414302 414302 414302 414302 414302 414302 414302 419207 414302 414302 414302 414302 414302 414302 414302 414302 414302 414302 414302 419207 414302 414302 414302
! @  414302 414302 414302 414302 414302 414302 414302 419207 414302 621801 424108 414302 414302 414302 414302 420745 414302 414302 414302 414302 419207 414302 414302 414302 414302 414302 414302 414302 414302 414302 414302 414302 419207 414302 414302 414302 414302 414302 414302 414302 414302 414302 414302 414302 440207 414302 414302 414302 414302 414302 414302 414302 419207 414302 414302 414302 414302 414302 414302 414302 414302 414302 414302 414302 419207 414302 414302 414302 414302 414302 414302 414311 414302 414302 414302 419207 414302 414302 414302 414302 414343 414302 414302 414302 414302 414302 414302 419207 414302 414302 414302 414302 414302 414302 414302 414302 424537 419207 414302 414382
! @  414302 414302 414302 627978 417848 414302 414302 414302 414302 420653 419207 414302 414302 414302 414302 414302 414302 414302 414302 414302 414302 419207 414302 414302 414302 414302 414302 414302 414302 414302 414302 414302 414302 419207 414302 414302 414302 414302 435163 414302 414302 419207 414302 414302 414302 414302 414302 414302 414302 414302 414302 414302 414302 419207 414302 414302 414302 414302 414302 414302 414302 414302 414302 414302 414302 419207 414302 414302 414302 414302 414302 414302 414302 414302 414302 414302 419207 414302 414302 414302 414302 414302 414302 414302 414302 414302 414302 414302 419207 414382 414302 414302 414302 414302 414302 414302 414302 629571 415657 417704
! @  414302 414302 419207 414302 414302 414302 414302 414302 414302 414302 414302 414302 414302 414302 419207 414302 414302 414302 414302 414302 414302 414302 414302 414302 414302 419207 414302 414302 414302 414302 414302 414302 435239 414302 419207 414302 414302 414302 414302 414302 414302 414302 414302 414302 414302 419207 414302 414302 414302 414302 414302 414302 414302 414302 414302 414302 414302 419207 414302 414302 414302 414302 414302 414302 414302 414302 414302 414302 414302 419207 414302 414302 414302 414302 414302 414302 414302 414302 414302 414302 414382 419207 414302 414302 414302 414302 414302 414302 414302 414302 414302 628840 418692 414302 419207 414302 414302 414302 414302 414302
! @  414302 414302 414302 414302 414302 414302 419207 414302 414302 414302 414302 420570 414302 414302 414302 414302 414302 419207 414302 414302 414302 414302 414302 414302 414302 414302 440184 414302 414302 414302 414302 414302 414302 414302 414302 414302 414302 419207 414302 414302 414302 414302 414302 414302 414302 414302 414302 414302 419207 414302 414302 414302 414302 414302 414302 414302 414302 414302 414302 414302 419207 414302 414302 414302 414302 414302 414302 414302 414302 414302 414382 414302 419207 414302 414302 414302 414302 420654 414302 414302 414302 414302 419207 414302 621721 424108 414302 414302 414302 414302 414302 414302 414302 414302 414302 414302 419207 414302 414302 414302

----------------------------------------------

=============================================================
test_scott - X25519_SHARED_SECRET
=============================================================

-------------------- Cycles --------------------

! @  1044198 1047008 1183570 1050554 1048150 1048137 1080179 1045049 1048010 1049309 1047857 1048707 1048530 1048182 1048168 1048261 1080765 1045824 1048187 1049549 1049210 1048463 1047412 1049561 1048025 1132779 1046558 1048386 1049677 1049088 1048503 1048123 1050547 1948306 1074334 1048809 1078399 1046007 1048535 1047840 1049185 1049559 1048733 1048367 1048494 1081698 1045524 1046915 1049087 1047424 1048149 1190593 1079276 1046664 1047926 1047845 1047902 1049183 1048655 1047784 1048977 1049019 1079640 1044245 1048217 1048696 1050448 1047870 1047116 1049908 1135659 1045006 1047465 1048968 1049199 1048760 1047538 1048483 1048256 1048707 1081247 1903443 1112937 1042846 1048779 1049660 1048621 1049331 1067167 1049557 1048983 1078792 1045728 1049085 1047587 1049775 1048364 1048957 1048538 1219374
! @  1046945 1048449 1048925 1048663 1049355 1048905 1049133 1048303 1076920 1046590 1048681 1047744 1050010 1049072 1049062 1048037 1048970 1124110 1111701 1048689 1049077 1049305 1049423 1049079 1048183 1076193 1047206 1048611 1048302 1966979 1078963 1049355 1048872 1048474 1048874 1079814 1085253 1048573 1049316 1046493 1079019 1051769 1049199 1048389 1075914 1047334 1049184 1184115 1050942 1048962 1080316 1044521 1087206 1050100 1047612 1048544 1049316 1048949 1050036 1081137 1046888 1046134 1132605 1050043 1048561 1046701 1049598 1079994 1046435 1048798 1048331 1048293 1047737 1049797 1049323 1049934 1048599 1922724 1069013 1105962 1047893 1048751 1048839 1047306 1049457 1047640 1049307 1049337 1079787 1045206 1047557 1048258 1048079 1049208 1050098 1047626 1219729 1047246 1048291 1048984
! @  1047180 1048884 1049595 1046393 1048059 1078460 1047534 1048457 1048570 1048025 1048188 1102475 1048619 1079989 1045438 1046827 1049083 1048809 1086506 1050394 1049081 1050467 1079546 1045262 1048832 1048838 1943430 1073042 1048827 1048151 1047614 1048487 1047354 1081107 1044886 1046623 1048263 1047555 1049094 1049562 1048781 1048556 1047281 1080137 1189121 1046882 1050180 1049055 1048323 1049171 1079307 1043068 1048352 1048290 1049065 1098674 1050893 1048921 1081958 1045476 1047127 1047838 1049597 1047953 1048478 1049089 1048558 1049049 1081848 1046045 1047971 1048423 1048567 1048484 1942917 1080556 1049586 1048550 1047514 1079093 1046171 1048078 1048298 1049724 1048973 1049051 1048576 1046880 1048873 1081926 1043502 1048637 1184255 1048576 1047138 1048754 1079609 1042729 1051377 1047813
! @  1047977 1048323 1048705 1047804 1136938 1045159 1047543 1047523 1048585 1048381 1047513 1049113 1049213 1048244 1080895 1045495 1050027 1049109 1046524 1049057 1050249 1047663 1049085 1947066 1071732 1091704 1046779 1049021 1048572 1049423 1049247 1048663 1047790 1048184 1049514 1079808 1043398 1049363 1048302 1048353 1049136 1189018 1076156 1047169 1050613 1049533 1049720 1048573 1098375 1048858 1080393 1046319 1047947 1047868 1048297 1048859 1049146 1049693 1048436 1047873 1081967 1043137 1048305 1048555 1049355 1049049 1048543 1048882 1048904 1048016 1077646 1903976 1113447 1047808 1048134 1049174 1048188 1048511 1049011 1048907 1047814 1080774 1043091 1048745 1049314 1096026 1050021 1048694 1048291 1222422 1049987 1049310 1048123 1048739 1049390 1047485 1121614 1051586 1047426 1049027
! @  1049107 1049003 1049225 1049976 1048878 1079642 1042467 1049715 1049109 1050226 1048879 1048059 1048227 1048508 1048928 1076456 1046615 1048484 1047771 1945559 1082797 1049601 1046658 1048964 1048592 1047175 1078025 1045126 1048682 1048475 1048563 1048291 1048709 1047458 1048893 1080221 1044056 1184494 1051165 1048295 1047905 1132751 1045767 1047402 1049359 1048372 1049929 1049025 1048632 1048984 1050011 1079791 1044315 1049340 1049108 1047910 1048658 1048423 1049843 1048872 1048632 1077823 1047037 1049000 1049598 1049257 1050634 1048990 1942378 1074677 1049658 1048746 1078645 1044100 1048450 1048954 1048547 1047463 1048582 1048561 1048505 1047386 1076445 1046383 1049711 1047958 1189795 1048178 1080113 1086909 1053020 1048636 1048420 1050578 1049555 1047814 1047972 1081218 1045697 1048100
! @  1048944 1047506 1049192 1048747 1049118 1048256 1047944 1076747 1043542 1048188 1048365 1048877 1049655 1048283 1048723 1049634 1941430 1082833 1080945 1045602 1048656 1048617 1049314 1048127 1049043 1049253 1048458 1048654 1074157 1046367 1049155 1047512 1047902 1048739 1227784 1043292 1046710 1049380 1050229 1048568 1048275 1049578 1048262 1048370 1081434 1045127 1047160 1050268 1047605 1048859 1047923 1047335 1047849 1048285 1078641 1043551 1048374 1048956 1049042 1047880 1047589 1047961 1047626 1050541 1929287 1060849 1101724 1046797 1048854 1047561 1048847 1047843 1048688 1047317 1049049 1080256 1045342 1049592 1048193 1048790 1048872 1049314 1048319 1230269 1045552 1048094 1047232 1047583 1048604 1048091 1048703 1081090 1045977 1046799 1048130 1049700 1046874 1049903 1048055 1048932
! @  1048113 1080759 1045201 1049103 1048175 1048494 1049227 1048641 1047658 1049610 1049140 1075463 1046078 1939884 1072242 1048428 1048634 1048112 1048894 1048866 1048348 1048949 1080225 1047467 1047311 1049007 1046823 1099525 1050556 1049686 1049365 1220834 1048461 1048508 1047899 1048390 1048780 1079619 1044411 1047079 1047759 1047735 1048107 1048302 1048943 1048922 1047962 1079288 1047209 1047553 1048686 1048797 1049609 1049983 1047836 1048636 1048508 1080989 1043206 1049675 1047708 1941736 1082796 1050153 1048485 1049260 1048361 1048076 1081338 1043523 1049983 1048608 1048399 1047522 1048336 1047525 1103143 1077296 1047174 1184841 1049771 1048031 1049670 1080657 1045217 1047730 1047002 1050220 1048455 1050363 1048369 1046936 1048129 1082151 1046121 1047323 1048388 1047559 1049014 1050096
! @  1048090 1049343 1049631 1077861 1044385 1048504 1048481 1050194 1048246 1047729 1939259 1073303 1048853 1048886 1078484 1045345 1048284 1047717 1048602 1049677 1097765 1048890 1048008 1079373 1044850 1048710 1048847 1048459 1190390 1047322 1076883 1042481 1048576 1048844 1048423 1049112 1046723 1048678 1047920 1048690 1077140 1047015 1049044 1049543 1047475 1048762 1048938 1047603 1049785 1078997 1045884 1046849 1048876 1048615 1048409 1048343 1048411 1048113 1945516 1081928 1082386 1045561 1048496 1049179 1048929 1047167 1048884 1048983 1050667 1134403 1044914 1049735 1048798 1048733 1048020 1049281 1218988 1046422 1048723 1048831 1049012 1049159 1048498 1049565 1049048 1080839 1045967 1046941 1048073 1047180 1049222 1047168 1048778 1048835 1048560 1080212 1045888 1049421 1049092 1048487
! @  1049185 1049254 1048977 1048318 1049675 1076683 1900088 1122538 1050721 1048673 1047631 1047561 1048502 1096898 1051122 1078198 1042749 1048607 1048520 1048748 1048074 1048024 1049558 1048636 1049286 1211628 1047434 1048440 1048632 1048394 1047777 1081096 1043872 1048231 1048148 1049239 1048084 1048428 1048776 1049054 1048421 1080832 1045779 1047030 1048961 1049658 1049357 1048766 1047877 1049018 1049136 1078625 1043686 1049359 1049435 1948400 1074908 1047651 1047605 1049468 1048666 1047495 1131062 1049475 1048864 1048747 1049678 1047147 1049123 1048358 1048095 1078013 1046877 1188838 1048692 1048352 1048674 1082276 1045207 1047453 1048712 1047313 1048773 1047771 1049012 1048818 1049023 1081208 1046076 1048258 1049129 1048753 1049124 1049032 1049681 1048333 1048850 1076485 1045829 1048537
! @  1049633 1048134 1048836 1940799 1079627 1049521 1098819 1081966 1042958 1049179 1049127 1048100 1048727 1048515 1047736 1048398 1049006 1076817 1047139 1049236 1047972 1184627 1050026 1047618 1076545 1047095 1049065 1047419 1047925 1049333 1048754 1048082 1047375 1079636 1046406 1045398 1048129 1047800 1047663 1048759 1049024 1049043 1048136 1080678 1045528 1048126 1048300 1048793 1047609 1048739 1048723 1048992 1939698 1072522 1124255 1049067 1046945 1048224 1048485 1048734 1047574 1048314 1049366 1079816 1046478 1047977 1050210 1048302 1048596 1047594 1220663 1044735 1048709 1048469 1047844 1047365 1048395 1049415 1048528 1048418 1078935 1046922 1048204 1049778 1048807 1047541 1048879 1050029 1048811 1081906 1045757 1047465 1046512 1048700 1048543 1049768 1050031 1049145 1048884 1079548

---------------- Instructions ----------------

! @  718125 718125 739037 718125 718125 718125 723030 718125 718125 718125 718125 718125 718125 718125 718125 718125 723030 718125 718125 718205 718125 718125 718125 718125 718125 729596 718125 718125 718125 718125 718125 718125 718125 933304 721527 718125 723030 718125 718125 718125 718125 718125 718125 718125 718125 723030 718125 718125 718125 718125 718125 739250 723030 718125 718125 718125 718125 718125 718125 718125 718125 718125 723030 718125 718125 718125 718205 718125 718125 718125 729388 718125 718125 718125 718125 718125 718125 718125 718125 718125 723030 925856 727787 718125 718125 718125 718125 718125 719861 718125 718125 723030 718125 718125 718125 718125 718125 718125 718125 743870
! @  718125 718125 718125 718125 718125 718125 718125 718125 723030 718125 718125 718125 718205 718125 718125 718125 718125 727665 726095 718125 718125 718125 718125 718125 718125 723030 718125 718125 718125 934480 723026 718125 718125 718125 718125 723030 721694 718125 718125 718125 721920 718125 718125 718125 723030 718125 718125 738984 718125 718125 723030 718125 721920 718125 718125 718125 718125 718125 718125 723110 718125 718125 728251 718125 718125 718125 718125 723030 718125 718125 718125 718125 718125 718125 718125 718125 718125 930610 720979 726576 718125 718125 718125 718125 718125 718125 718125 718125 723030 718125 718125 718134 718125 718125 718125 718125 744089 718125 718125 718125
! @  718125 718125 718125 718125 718125 723110 718125 718125 718125 718125 718125 724478 718125 723030 718125 718125 718125 718125 722965 718125 718125 718125 723030 718125 718125 718125 933335 721750 718125 718125 718125 718125 718125 723030 718125 718125 718125 718125 718125 718125 718125 718125 718125 723030 738891 718125 718125 718125 718125 718125 723030 718205 718125 718125 718125 724577 718125 718125 723030 718125 718125 718125 718125 718125 718125 718125 718125 718125 723030 718125 718125 718125 718125 718125 931806 723026 718125 718125 718125 723030 718125 718125 718125 718125 718125 718125 718125 718125 718125 723030 718125 718125 739213 718125 718125 718125 723030 718125 718205 718125
! @  718125 718125 718125 718125 729310 718125 718125 718125 718125 718125 718125 718125 718125 718125 723030 718125 718125 718125 718125 718125 718125 718125 718125 933333 721527 724566 718125 718125 718125 718125 718125 718125 718125 718125 718125 723030 718125 718125 718125 718125 718125 739032 723030 718125 718205 718125 718125 718125 724565 718125 723030 718125 718125 718125 718125 718125 718125 718125 718125 718125 723030 718125 718125 718125 718125 718125 718125 718125 718125 718125 723030 925875 727787 718125 718125 718125 718125 718125 718125 718125 718125 723030 718125 718125 718125 724154 718125 718125 718125 743875 718125 718205 718125 718125 718125 718125 729246 718125 718125 718125
! @  718125 718125 718125 718125 718125 723030 718125 718125 718125 718125 718125 718125 718125 718125 718125 723030 718125 718125 718125 932093 723026 718125 718125 718125 718134 718125 723030 718125 718125 718166 718125 718125 718125 718125 718125 723030 718125 738973 718125 718125 718125 729470 718125 718125 718125 718125 718125 718125 718125 718125 718125 723030 718125 718125 718125 718125 718125 718125 718125 718125 718125 723030 718125 718125 718125 718125 718125 718125 932135 721671 718125 718125 723030 718125 718125 718125 718125 718125 718125 718125 718125 718125 723030 718125 718205 718125 738890 718125 723030 724567 718125 718125 718125 718125 718125 718125 718125 723030 718125 718125
! @  718125 718125 718125 718125 718125 718125 718125 723030 718125 718125 718125 718125 718125 718125 718125 718125 931803 723105 723030 718125 718125 718125 718125 718125 718125 718125 718125 718125 723030 718125 718205 718125 718125 718125 745419 718125 718125 718125 718125 718125 718125 718125 718125 718125 723030 718125 718125 718125 718125 718125 718125 718125 718125 718125 723030 718125 718125 718125 718125 718125 718125 718125 718125 718125 931841 719725 726432 718125 718125 718125 718125 718125 718125 718125 718125 723030 718125 718205 718125 718125 718125 718125 718125 745546 718125 718125 718125 718125 718125 718125 718125 723030 718125 718125 718125 718125 718125 718125 718125 718125
! @  718125 723030 718125 718125 718125 718125 718125 718125 718125 718125 718125 723030 718125 932081 721527 718125 718125 718125 718125 718125 718125 718125 723030 718205 718125 718125 718125 724475 718125 718125 718125 744056 718125 718125 718125 718125 718125 723030 718125 718125 718125 718125 718125 718125 718125 718125 718125 723030 718125 718125 718125 718125 718125 718125 718125 718125 718125 723030 718134 718125 718125 932093 722923 718125 718125 718125 718125 718125 723030 718125 718205 718125 718125 718125 718125 718125 724480 723030 718125 739152 718125 718125 718125 723030 718125 718125 718125 718125 718125 718125 718125 718125 718125 723030 718125 718125 718125 718125 718125 718125
! @  718125 718125 718125 723030 718125 718125 718125 718125 718125 718125 932228 721671 718125 718125 723030 718125 718205 718125 718125 718125 724477 718125 718125 723030 718125 718125 718125 718125 739151 718125 723030 718125 718125 718125 718125 718125 718125 718125 718125 718125 723030 718125 718125 718125 718125 718125 718125 718125 718125 723030 718125 718125 718125 718125 718125 718125 718125 718125 931806 723105 723030 718125 718125 718205 718125 718125 718125 718125 718125 729563 718125 718125 718125 718125 718125 718125 744156 718125 718125 718125 718125 718125 718125 718125 718125 723030 718125 718125 718125 718125 718125 718125 718125 718125 718125 723030 718125 718125 718125 718125
! @  718125 718125 718125 718125 718125 723030 925540 729509 718125 718205 718125 718125 718125 724396 718125 723030 718125 718125 718125 718125 718125 718125 718125 718125 718125 744121 718125 718125 718125 718125 718125 723030 718125 718125 718125 718125 718125 718125 718125 718125 718125 723030 718125 718125 718125 718125 718125 718125 718125 718125 718125 723030 718125 718125 718125 933298 721607 718125 718125 718125 718125 718125 729319 718125 718125 718125 718125 718125 718125 718125 718125 723030 718125 739217 718125 718125 718125 723030 718125 718125 718125 718125 718125 718125 718125 718125 718125 723030 718125 718125 718125 718134 718125 718125 718125 718125 718166 723030 718125 718125
! @  718125 718125 718125 932027 722882 718125 724473 723030 718125 718125 718125 718125 718125 718125 718125 718125 718125 723030 718125 718125 718125 738986 718125 718125 723030 718125 718125 718125 718125 718125 718125 718125 718125 723030 718125 718125 718125 718125 718125 718125 718125 718125 718125 723030 718125 718125 718125 718125 718125 718125 718205 718125 932064 721527 729384 718125 718125 718125 718125 718125 718125 718125 718125 723030 718125 718125 718125 718125 718125 718125 744057 718125 718125 718125 718125 718125 718125 718125 718125 718125 723030 718125 718125 718125 718125 718125 718125 718125 718125 723030 718125 718125 718125 718125 718125 718125 718205 718125 718125 723030

----------------------------------------------
