Usage (for mon_varbase_mul): ./cva6_x25519_rv32_isa_reduced.elf <an_integer> <another_integer>
Setting num_iters = 1000 , num_warmup_iters = 100

=============================================================
test_nop - nop_routine
=============================================================

-------------------- Cycles --------------------

! @  35 13 13 13 13 13 13 13 13 13 13 13 13 13 13 13 13 13 13 13 13 13 13 13 13 13 13 13 13 13 13 13 13 13 13 13 13 13 13 13 13 13 13 13 13 13 13 13 13 13 13 13 13 13 13 13 13 13 13 13 13 13 13 13 13 13 13 13 13 13 13 13 13 13 13 13 13 13 13 13 13 13 13 13 13 13 13 13 13 13 13 13 13 13 13 13 13 13 13 13

---------------- Instructions ----------------

! @  25 25 25 25 25 25 25 25 25 25 25 25 25 25 25 25 25 25 25 25 25 25 25 25 25 25 25 25 25 25 25 25 25 25 25 25 25 25 25 25 25 25 25 25 25 25 25 25 25 25 25 25 25 25 25 25 25 25 25 25 25 25 25 25 25 25 25 25 25 25 25 25 25 25 25 25 25 25 25 25 25 25 25 25 25 25 25 25 25 25 25 25 25 25 25 25 25 25 25 25

----------------------------------------------

=============================================================
test_gfp_arith - gfp mul
=============================================================

-------------------- Cycles --------------------

! @  812 791 809 791 816 791 816 791 824 791 816 791 831 791 816 791 816 791 816 791 816 791 818 791 816 791 816 791 816 791 816 791 816 791 816 791 816 791 824 791 816 791 831 791 816 791 816 791 816 791 816 791 818 791 816 791 816 791 816 791 816 791 816 791 816 791 816 791 824 791 816 791 816 791 816 791 816 791 816 791 816 791 816 791 816 791 816 791 816 791 823 791 816 791 825 791 816 791 816 791

---------------- Instructions ----------------

! @  690 690 690 690 690 690 690 690 690 690 690 690 690 690 690 690 690 690 690 690 690 690 690 690 690 690 690 690 690 690 690 690 690 690 690 690 690 690 690 690 690 690 690 690 690 690 690 690 690 690 690 690 690 690 690 690 690 690 690 690 690 690 690 690 690 690 690 690 690 690 690 12095 690 690 690 690 690 690 690 690 690 690 690 690 690 690 690 690 690 690 690 690 690 690 690 690 690 690 690 690

----------------------------------------------

=============================================================
test_gfp_arith - gfp sqr
=============================================================

-------------------- Cycles --------------------

! @  646 559 580 559 584 559 584 559 585 559 584 559 584 559 584 559 584 559 584 559 584 559 584 559 584 559 584 559 584 559 584 559 584 559 584 559 584 559 584 559 584 559 593 559 585 559 584 559 584 559 584 559 584 559 584 559 584 559 584 559 584 559 584 559 584 559 584 559 584 559 584 559 584 559 584 559 584 559 584 559 584 559 584 559 584 559 584 559 584 559 584 559 584 559 584 559 584 559 584 559

---------------- Instructions ----------------

! @  510 510 510 510 510 510 510 510 510 510 510 510 510 510 510 510 510 510 510 510 510 510 510 510 510 510 510 510 510 510 510 510 510 510 510 510 510 510 510 510 510 510 510 510 510 510 510 510 510 510 510 510 510 510 510 510 510 510 510 510 510 510 510 510 510 510 510 510 510 510 510 510 510 510 510 510 510 510 510 510 510 510 510 510 510 510 510 510 510 510 510 510 510 510 510 510 510 510 510 510

----------------------------------------------

=============================================================
test_gfp_arith - gfp add
=============================================================

-------------------- Cycles --------------------

! @  114 89 89 89 89 89 89 89 89 89 89 89 89 89 89 89 89 89 89 89 89 89 89 89 89 89 89 89 89 89 89 89 89 89 89 89 89 89 89 89 89 89 89 89 89 89 89 89 93 89 89 89 89 89 89 89 89 89 89 89 89 89 89 89 89 89 89 89 89 89 89 89 89 89 89 89 89 89 89 89 89 89 89 89 89 89 89 89 89 89 90 89 89 89 89 89 89 89 89 89

---------------- Instructions ----------------

! @  96 96 96 96 96 96 96 96 96 96 96 96 96 96 96 96 96 96 96 96 96 96 96 96 96 96 96 96 96 96 96 96 96 96 96 96 96 96 96 96 96 96 96 96 96 96 96 96 96 96 96 96 96 96 96 96 96 96 96 96 96 96 96 96 96 96 96 96 96 96 96 96 96 96 96 96 96 96 96 96 96 96 96 96 96 96 96 96 96 96 96 96 96 96 96 96 96 96 96 96

----------------------------------------------

=============================================================
test_gfp_arith - gfp sub
=============================================================

-------------------- Cycles --------------------

! @  123 94 95 94 95 94 95 94 94 94 95 94 95 94 95 94 95 94 95 94 95 94 95 94 95 94 95 94 95 94 95 94 95 94 95 94 95 94 95 94 95 94 95 94 95 94 95 94 94 94 95 94 95 94 95 94 95 94 94 94 95 94 95 94 95 94 95 94 94 94 95 94 95 94 95 94 95 94 95 94 95 94 95 94 95 94 95 94 95 94 94 94 95 94 95 94 95 94 95 94

---------------- Instructions ----------------

! @  101 101 101 101 101 101 101 101 101 101 101 101 101 101 101 101 101 101 101 101 101 101 101 101 101 101 101 101 101 101 101 101 101 101 101 101 101 101 101 101 101 101 101 101 101 101 101 101 101 101 101 101 101 101 101 101 101 101 101 101 101 101 101 101 101 101 101 101 101 101 101 101 101 101 101 101 101 101 101 101 101 101 101 101 101 101 11506 101 101 101 101 101 101 101 101 101 101 101 101 101

----------------------------------------------

=============================================================
test_gfp_arith - gfp mul32
=============================================================

-------------------- Cycles --------------------

! @  165 144 144 144 144 144 144 144 144 144 144 144 144 144 144 144 144 144 144 144 144 144 144 144 144 144 144 144 144 144 144 144 144 144 144 144 144 144 144 144 144 144 144 144 144 144 144 144 144 144 144 144 144 144 144 144 144 144 144 144 144 144 144 144 144 144 144 144 144 144 144 144 144 144 144 144 144 144 144 144 144 144 144 144 144 144 144 144 144 144 144 144 144 144 144 144 144 144 144 144

---------------- Instructions ----------------

! @  134 134 134 134 134 134 134 134 134 134 134 134 134 134 134 134 134 134 134 134 134 134 134 134 134 134 134 134 134 134 134 134 134 134 134 134 134 134 134 134 134 134 134 134 134 134 134 134 134 134 134 134 134 134 134 134 134 134 134 134 134 134 134 134 134 134 134 134 134 134 134 134 134 134 134 134 134 134 134 134 134 134 134 134 134 134 134 134 134 134 134 134 134 134 134 134 134 134 134 134

----------------------------------------------

=============================================================
test_curve_arith - mon_ladder_step
=============================================================

-------------------- Cycles --------------------

! @  7073 6922 6930 6903 6924 6903 6924 6903 6924 6903 6924 6903 6924 6903 6924 6903 6924 6903 6924 6903 6924 6903 6924 6903 6924 6903 6924 6903 6924 6903 76427 7859 6924 6903 6925 6903 6925 6903 6924 6903 6935 6903 6924 6903 6924 6903 6924 6903 6924 76739 7063 6903 6924 6903 6924 6903 6924 6903 6924 6903 6924 6903 6924 6903 6924 6903 6924 6903 6924 6903 6924 6903 6924 6903 6924 6903 6925 6903 6924 6903 6924 6903 6924 6903 6924 6903 6924 6903 6961 6903 6924 6903 6924 6903 6924 6903 6924 6903 6924 6903
! @  6924 6903 6924 6903 6924 75793 7078 6903 6925 6903 6924 6903 6924 6903 6924 6903 6924 6903 6924 6903 6924 6903 6924 6903 76284 7223 6924 6903 6924 6903 6924 6903 6924 6903 6924 6903 6924 6903 6924 6903 6924 6903 74731 8744 6924 6903 6926 6903 6925 6903 6929 6903 6924 6903 6924 6903 6924 6903 6924 6903 6924 76998 7201 6903 6924 6903 6924 6903 6924 6903 6924 6903 6924 6903 6924 6903 6924 6903 6924 6903 76696 7088 6924 6903 6924 6903 6925 6903 6928 6903 6924 6903 6924 6903 6924 6903 6924 6903 76991 7730

---------------- Instructions ----------------

! @  6034 6034 6034 6034 6034 6034 6034 6034 6034 6034 6034 6034 17439 6034 6034 6034 6034 6034 6034 6034 6034 6034 6034 6034 6034 6034 6034 6034 6034 6034 17439 6034 6034 6034 6034 6034 6034 6034 6034 6034 6034 6034 6034 6034 6034 6034 6034 6034 6034 17439 6034 6034 6034 6034 6034 6034 6034 6034 6034 6034 6034 6034 6034 6034 6034 6034 6034 17439 6034 6034 6034 6034 6034 6034 6034 6034 6034 6034 6034 6034 6034 6034 6034 6034 6034 6034 17439 6034 6034 6034 6034 6034 6034 6034 6034 6034 6034 6034 6034 6034
! @  6034 6034 6034 6034 6034 17439 6034 6034 6034 6034 6034 6034 6034 6034 6034 6034 6034 6034 6034 6034 6034 6034 6034 6034 17439 6034 6034 6034 6034 6034 6034 6034 6034 6034 6034 6034 6034 6034 6034 6034 6034 6034 17439 6034 6034 6034 6034 6034 6034 6034 6034 6034 6034 6034 6034 6034 6034 6034 6034 6034 6034 17439 6034 6034 6034 6034 6034 6034 6034 6034 6034 6034 6034 6034 6034 6034 6034 6034 6034 6034 17439 6034 6034 6034 6034 6034 6034 6034 6034 6034 6034 6034 6034 6034 6034 6034 6034 6034 17439 6034

----------------------------------------------
=============================================================
ecdh correctness test:
=============================================================
x25519: (alice <---> bob: rfc7748 test vectors)
- private keys:
  alice: 2A2CB91DA5FB77B12A99C0EB872F4CDF4566B25172C1163C7DA518730A6D0777
  bob  : EBE088FF278B2F1CFDB6182629B13B6FE60E80838B7FE1794B8A4A627E08AB5D
- public keys:
  alice: 6A4E9BAA8EA9A4EBF41A38260D3ABF0D5AF73EB4DC7D8B7454A7308909F02085
  bob  : 4F2B886F147EFCAD4D67785BC843833F3735E4ECC2615BD3B4C17D7B7DDB9EDE
- shared secrets:
  alice: 4217161E3C9BF076339ED147C9217EE0250F3580F43B8E72E12DCEA45B9D5D4A
  bob  : 4217161E3C9BF076339ED147C9217EE0250F3580F43B8E72E12DCEA45B9D5D4A
- results:[32m equal [0m
-------------------------------------------------------------
x25519: (carol <---> dave: random test vectors)
- private keys:
  carol: 593C88AA59876667470F7256DE31BF0187E11C7CDFBDF654FBE2FB4B6B817EC6
  dave : 363F1F8F99D95F8E761AE3CC987902DA5B65AE372F55543CD8A185D27B1356EA
- public keys:
  carol: 49335110A9BFAEE04B26E014C5B66C4F5332DD0449DB319E5CDA941E713B2A9D
  dave : 11286328E598CBF797EBDFC76708EA606825C43B99A8DB056015F0A03BC63CB1
- shared secrets:
  carol: 7EB837D18E3DF1CA004EA8BA446BE7E3EE56731E1641EF0A0A0FC3B12784468E
  dave : 7EB837D18E3DF1CA004EA8BA446BE7E3EE56731E1641EF0A0A0FC3B12784468E
- results:[32m equal [0m

=============================================================
test_mon_varbase_mul - mon_varbase_mul
=============================================================

-------------------- Cycles --------------------

! @  3575386 3023316 3091657 3023020 3023463 3024007 3024626 3988448 3194558 3206110 3026536 3087957 3026013 3023303 3022901 3025097 3576549 3023926 3090814 3024086 3025256 3024415 3023607 3929998 3252002 3198996 3022884 3087433 3021023 3021584 3025217 3026189 3570213 3030326 3024561 3089470 3023832 3025638 3021827 3029053 4154162 3202167 3024449 3025041 3185022 3025503 3089846 3023530 3023955 3581346 3023826 3023786 3025808 3093462 3022362 3025107 3988144 3249979 3023266 3091190 3023475 3026395 3024036 3023899 3089336 3505416 3094521 3022766 3026593 3024241 3026013 3021841 4159179 3189686 3025094 3022338 3090477 3022416 3025143 3025864 3220659 3579206 3026076 3091753 3027359 3023833 3023419 3026389 3933998 3263098 3090827 3024010 3024548 3025772 3025877 3025242 3092398 3495743 3101395 3023741
! @  3023149 3020998 3023728 3084958 3027145 4102642 3090998 3112005 3088279 3024788 3023482 3027112 3021823 3091476 3508960 3092081 3024259 3025732 3025776 3023268 3194036 3991183 3192865 3023860 3084442 3022590 3024440 3020817 3024016 3024266 3579236 3024145 3089925 3021102 3025538 3023940 3202034 3985593 3194240 3023922 3023357 3091685 3025143 3022879 3022992 3023928 3573103 3026060 3023146 3092329 3023295 3023036 3205327 3825590 3352070 3025682 3023302 3024809 3089439 3025056 3023859 3026098 3026517 3576399 3026426 3089693 3024269 3025153 3202724 3026067 4152486 3184715 3025431 3024010 3023434 3026107 3091519 3027382 3022806 3577593 3024855 3025583 3027263 3093436 3196633 3022124 3985778 3183978 3019530 3022729 3023621 3026046 3022500 3088865 3024968 3577324 3023973 3019230 3021697 3027300
! @  3199356 3089846 3918434 3193322 3089531 3024204 3026896 3024990 3021195 3024983 3090209 3503962 3091004 3024074 3023381 3199556 3026027 3021378 3023815 4149739 3025064 3024190 3085461 3021161 3024406 3025766 3025185 3119338 3574768 3024771 3024901 3028005 3198367 3024527 3177221 4148729 3026650 3026076 3021073 3089548 3022082 3023229 3024179 3021548 3578651 3023895 3022642 3203645 3095445 3022239 3025532 3988683 3187079 3025497 3020417 3024077 3093485 3023039 3023976 3023523 3576207 3026382 3022521 3206015 3092463 3025426 3023963 3981636 3195352 3025982 3024733 3024385 3088472 3019346 3024241 3025711 3575272 3025982 3023279 3201418 3026018 3091442 3024275 3028422 4154765 3024422 3026668 3021679 3021245 3091928 3026502 3023982 3202478 3578526 3027511 3205053 3025934 3024277 3185510 3092594
! @  4070404 3027996 3025742 3091995 3026780 3021023 3025722 3026321 3092420 3509268 3091868 3201591 3025046 3026997 3024886 3023956 3983745 3190806 3023517 3088026 3216397 3025301 3021871 3022746 3026197 3574995 3196023 3027935 3090254 3027693 3025286 3023217 3984096 3188200 3026521 3023511 3089497 3021620 3022496 3022129 3024328 3575603 3203783 3023623 3022026 3091071 3021740 3021871 3819342 3352220 3027056 3026178 3025163 3023983 3023629 3026170 3236668 3023791 3751525 3024135 3022260 3177065 3023634 3021024 3090095 4085200 3023653 3092910 3024236 3022889 3025748 3020747 3088117 3021400 3683667 3093266 3023776 3025229 3025940 3021412 3026785 3981989 3191754 3021833 3090458 3024277 3022828 3022780 3023622 3189122 3603986 3023071 3088704 3024518 3022408 3025776 3025200 3987718 3193787 3021806
! @  3089971 3026994 3026217 3023670 3025179 3088992 3686203 3023384 3092736 3023694 3024313 3022119 3020733 3822560 3346979 3025224 3025936 3091864 3025506 3025232 3023529 3027503 3202341 3579197 3022694 3183040 3026708 3091142 3026997 3028571 4145978 3022939 3026276 3022590 3023587 3091216 3024270 3026102 3202732 3576596 3025061 3024713 3022707 3091038 3023475 3023164 3985880 3192857 3022365 3022716 3023891 3026002 3086901 3196262 3029644 3576270 3026792 3021115 3021703 3022170 3092162 3022148 3983046 3187303 3022613 3024776 3026052 3023195 3024752 3204585 3088866 3506351 3090438 3024839 3022758 3022840 3024974 3088796 3815340 3280548 3025851 3090640 3023760 3020717 3023147 3026842 3199236 3093289 3664300 3026646 3024357 3091598 3023735 3029229 3025472 4149580 3026902 3021830 3026234 3091054
! @  3024146 3205550 3022794 3027373 3579155 3023032 3021891 3091869 3024240 3025593 3023856 3988444 3191481 3024598 3024822 3091114 3021474 3203025 3023049 3024916 3579884 3024451 3025281 3024595 3087878 3023193 3025496 3980740 3195256 3025271 3026033 3021905 3092015 3200070 3026460 3023681 3579061 3025950 3023810 3026693 3090594 3026006 3022505 3021994 4154670 3024286 3025296 3023728 3094843 3197448 3022016 3024496 3182511 3572458 3024931 3025444 3022129 3022566 3021559 3092527 4100742 3102129 3029111 3025969 3026093 3197906 3025081 3090926 3026235 3569095 3023432 3023303 3023098 3021709 3024883 3089295 3986149 3122096 3094748 3024559 3202757 3022762 3025553 3022563 3091921 3506811 3093739 3026549 3027711 3027083 3023235 3091608 3914122 3196938 3092783 3024778 3204145 3025625 3022891 3023091
! @  3091663 3501747 3094371 3024580 3023048 3024473 3021792 3021953 3090187 4078254 3021650 3091330 3195429 3028046 3024645 3181157 3026367 3023603 3576402 3025390 3023692 3089869 3024579 3024263 3024916 3990609 3187973 3022258 3203110 3022361 3093112 3023052 3024778 3027209 3579428 3024147 3023364 3090828 3026750 3024858 3023699 3990829 3193610 3023372 3204822 3025502 3092509 3022973 3024329 3023753 3575311 3026616 3025201 3091042 3025575 3027701 3025127 3975603 3199716 3029948 3201849 3022412 3092526 3026088 3021399 3024193 3570098 3031805 3023181 3024718 3093513 3027789 3021419 3026208 4155691 3027347 3200524 3025666 3023670 3180902 3095447 3022275 3056656 3579779 3026101 3022448 3092095 3022620 3024920 3022860 3990419 3194553 3200339 3025559 3022529 3092430 3025977 3025339 3022833 3578979
! @  3023572 3027839 3090429 3022239 3022500 3024366 3986931 3364651 3025736 3022218 3022769 3022768 3090564 3022845 3050091 3575802 3027559 3024089 3089064 3027822 3024747 3024634 3975075 3262019 3093440 3026039 3025862 3024671 3025080 3089900 3022080 3503388 3097978 3024439 3022869 3026587 3024964 3089928 3023866 4214008 3023576 3025084 3183136 3022865 3091363 3023631 3023610 3056137 3572609 3022367 3027193 3085971 3023508 3024279 3023064 4158340 3189903 3023280 3023751 3024453 3092298 3027383 3024660 3024816 3575588 3023794 3022811 3024162 3089912 3025526 3023568 4015117 3194226 3026035 3023457 3086958 3021176 3026251 3025184 3203147 3579380 3028203 3021956 3091673 3021976 3025162 3025155 4039595 3317787 3023780 3024740 3026090 3087267 3025473 3022352 3025431 3566743 3028002 3024243 3206959
! @  3095505 3022193 3024115 3205336 4150859 3103964 3099167 3021237 3024203 3022576 3023958 3021617 3089319 3499985 3087883 3022707 3024203 3023153 3022489 3200775 3987808 3191107 3029383 3088665 3028705 3022177 3022499 3025339 3028341 3576386 3026657 3095013 3026296 3235754 3196791 3026962 3987993 3190800 3023119 3092670 3025577 3026312 3023398 3024807 3216037 3577741 3023435 3090120 3025440 3024348 3204717 3024430 3990806 3190809 3024987 3024985 3026652 3024331 3023561 3024271 3025339 3573824 3025899 3089833 3026776 3023192 3200945 3027056 3822841 3508414 3024126 3025169 3019626 3023956 3089227 3025878 3023416 3024475 3579135 3024621 3023575 3092296 3201569 3023503 3026704 4073952 3095409 3023572 3026070 3026863 3023077 3089398 3024696 3023459 3577895 3022468 3023179 3024362 3205891 3089626
! @  3026797 3981509 3190568 3025553 3027149 3028693 3026031 3093000 3027184 3027032 3576339 3025322 3023188 3023251 3203554 3090531 3026773 3985354 3190695 3023729 3023609 3023570 3025890 3092703 3024077 3024599 3570702 3023733 3026187 3028132 3205895 3092229 3029162 3995832 3264292 3024589 3090320 3026768 3023928 3023809 3022278 3024110 3086931 3506095 3087679 3028473 3200486 3024256 3024638 3023861 4152440 3025603 3023722 3089742 3024869 3021835 3024760 3022151 3025394 3579205 3092607 3201206 3025846 3025325 3025099 3022254 3986431 3194139 3024675 3088101 3029485 3022569 3026127 3026068 3026350 3576587 3023357 3199902 3089696 3025329 3025011 3025538 3983941 3198353 3025095 3024594 3087225 3023590 3024964 3023514 3021431 3574200 3023853 3203314 3091839 3026031 3179272 3025807 3822488 3344371

---------------- Instructions ----------------

! @  1949735 1876411 1887813 1876411 1876411 1876411 1876411 2149138 1898372 1898728 1876456 1887861 1876456 1876456 1876456 1876456 1949916 1876456 1887861 1876456 1876456 1876456 1876456 2143062 1904847 1898332 1876456 1887861 1876456 1876456 1876456 1876463 1949741 1876456 1876456 1887861 1876456 1876456 1876456 1876456 2170789 1898584 1876456 1876456 1898257 1876411 1887813 1876411 1876411 1949738 1876411 1876411 1876411 1887813 1876411 1876411 2149416 1907417 1876411 1887813 1876411 1876411 1876411 1876411 1887813 1938585 1887813 1876411 1876411 1876411 1876411 1876411 2170514 1898104 1876411 1876411 1887820 1876456 1876456 1876456 1900283 1949789 1876456 1887861 1876456 1876456 1876456 1876456 2145115 1905758 1887861 1876456 1876456 1876456 1876456 1876456 1887861 1938511 1887861 1876456
! @  1876456 1876456 1876456 1887861 1876600 2163218 1887861 1886876 1887813 1876411 1876418 1876472 1876411 1887813 1938333 1887813 1876411 1876411 1876411 1876411 1898717 2149114 1898385 1876411 1887813 1876411 1876411 1876411 1876411 1876411 1949862 1876411 1887813 1876411 1876411 1876411 1898717 2149272 1898356 1876411 1876411 1887813 1876411 1876411 1876411 1876445 1949431 1876456 1876456 1887861 1876456 1876456 1898765 2127889 1919742 1876456 1876456 1876456 1887861 1876456 1876456 1876456 1876456 1949792 1876456 1887861 1876456 1876456 1898765 1876456 2171280 1898254 1876411 1876411 1876411 1876411 1887813 1876411 1876411 1949990 1876411 1876411 1876411 1887957 1898321 1876411 2148886 1898133 1876411 1876411 1876418 1876472 1876411 1887813 1876411 1949187 1876411 1876411 1876411 1876555
! @  1897781 1887813 2137736 1897808 1887813 1876411 1876411 1876411 1876411 1876411 1887813 1938037 1887813 1876439 1876456 1897966 1876456 1876456 1876456 2170754 1876456 1876456 1887861 1876456 1876456 1876456 1876456 1890761 1949241 1876456 1876456 1876600 1898083 1876456 1898293 2170535 1876411 1876411 1876411 1887813 1876411 1876411 1876411 1876411 1949314 1876411 1876411 1898179 1887813 1876411 1876411 2149272 1897837 1876411 1876411 1876411 1887813 1876411 1876411 1876411 1949187 1876411 1876411 1898196 1887813 1876411 1876411 2149138 1897808 1876418 1876472 1876411 1887813 1876411 1876411 1876411 1949314 1876411 1876411 1898172 1876411 1887829 1876456 1876456 2170761 1876456 1876456 1876456 1876456 1887861 1876456 1876456 1898327 1949132 1876456 1898142 1876456 1876456 1898304 1887813
! @  2158632 1876411 1876411 1887813 1876411 1876411 1876411 1876411 1887813 1937788 1887957 1897943 1876411 1876411 1876411 1876411 2149272 1897837 1876411 1887813 1900273 1876411 1876411 1876411 1876411 1949439 1898721 1876411 1887813 1876411 1876411 1876411 2148886 1897556 1876411 1876411 1887813 1876411 1876411 1876411 1876411 1949187 1898721 1876411 1876411 1887813 1876411 1876411 2127832 1919272 1876501 1876501 1876501 1876501 1876501 1876501 1904104 1876456 1971429 1876456 1876456 1898281 1876411 1876411 1887813 2159512 1876411 1887813 1876411 1876411 1876411 1876411 1887813 1876411 1959819 1887813 1876411 1876411 1876411 1876411 1876411 2149138 1897839 1876411 1887813 1876411 1876411 1876411 1876411 1897876 1953097 1876411 1887813 1876411 1876411 1876411 1876411 2149272 1898365 1876411
! @  1887813 1876411 1876411 1876411 1876411 1887813 1960625 1876411 1887813 1876411 1876411 1876411 1876411 2127832 1919697 1876411 1876411 1887826 1876456 1876456 1876456 1876456 1898759 1949761 1876456 1898257 1876411 1887813 1876424 1876471 2171213 1876411 1876411 1876411 1876411 1887813 1876411 1876555 1898584 1949983 1876411 1876411 1876411 1887813 1876411 1876411 2148886 1898129 1876411 1876411 1876411 1876411 1887813 1898659 1876411 1949183 1876411 1876411 1876411 1876411 1887813 1876411 2149272 1897804 1876411 1876411 1876411 1876411 1876411 1898171 1887813 1938033 1887813 1876411 1876411 1876411 1876411 1887813 2127580 1907864 1876411 1887813 1876411 1876411 1876411 1876555 1898070 1887861 1959679 1876456 1876456 1887861 1876456 1876456 1876456 2170594 1876456 1876456 1876456 1887861
! @  1876456 1898219 1876456 1876456 1949364 1876456 1876456 1887861 1876523 1876456 1876456 2149332 1897881 1876456 1876456 1887861 1876456 1898219 1876456 1876456 1949237 1876456 1876456 1876456 1887861 1876456 1876456 2149198 1897852 1876456 1876456 1876456 1887861 1898219 1876456 1876456 1949364 1876456 1876456 1876456 1887861 1876456 1876456 1876456 2170757 1876456 1876456 1876456 1888005 1897816 1876456 1876456 1898260 1949074 1876451 1876456 1876456 1876456 1876456 1887861 2163311 1887861 1876456 1876456 1876600 1898123 1876456 1887861 1876456 1949240 1876456 1876456 1876456 1876456 1876456 1887861 2149332 1886476 1887861 1876456 1898258 1876456 1876456 1876456 1887861 1938084 1887861 1876463 1876516 1876456 1876456 1887861 2137541 1897600 1887861 1876456 1898275 1876456 1876456 1876456
! @  1887861 1937832 1887861 1876456 1876456 1876456 1876456 1876456 1887861 2159218 1876456 1887861 1898275 1876456 1876456 1898281 1876411 1876411 1949310 1876411 1876411 1887813 1876439 1876456 1876456 2149577 1897852 1876456 1898258 1876456 1887861 1876456 1876456 1876456 1949237 1876456 1876456 1887861 1876456 1876456 1876456 2149198 1897881 1876456 1898258 1876456 1887861 1876456 1876456 1876456 1949364 1876456 1876456 1887861 1876456 1876456 1876456 2149332 1897852 1876600 1898114 1876456 1887861 1876456 1876456 1876456 1948883 1876516 1876456 1876456 1887861 1876456 1876456 1876456 2170625 1876600 1898114 1876456 1876456 1898257 1887813 1876411 1878518 1949732 1876411 1876411 1887813 1876411 1876411 1876411 2149300 1898542 1898114 1876456 1876456 1887861 1876456 1876456 1876456 1950041
! @  1876456 1876456 1887861 1876456 1876456 1876456 2148946 1919970 1876456 1876456 1876456 1876456 1887861 1876456 1879367 1949235 1876456 1876456 1887861 1876456 1876456 1876456 2149332 1906519 1887861 1876456 1876456 1876456 1876456 1887861 1876456 1938082 1887861 1876456 1876456 1876456 1876456 1887861 1876456 2179546 1876456 1876456 1898278 1876411 1887813 1876411 1876418 1878839 1949183 1876411 1876411 1887813 1876411 1876411 1876411 2170858 1897804 1876411 1876427 1876456 1887861 1876456 1876456 1876456 1949364 1876456 1876456 1876456 1887861 1876456 1876456 2152086 1897881 1876456 1876456 1887861 1876456 1876456 1876456 1898410 1949237 1876456 1876456 1887861 1876456 1876456 1876456 2153308 1915393 1876456 1876456 1876456 1887861 1876456 1876456 1876456 1949364 1876456 1876456 1899604
! @  1887861 1876456 1876456 1898768 2170733 1886929 1887813 1876411 1876411 1876411 1876411 1876411 1887813 1937672 1887813 1876411 1876411 1876411 1876555 1898576 2148886 1897555 1876411 1887813 1876411 1876418 1876484 1876501 1876501 1949294 1876501 1887909 1876501 1904089 1898516 1876456 2149332 1897883 1876456 1887861 1876456 1876456 1876456 1876456 1900936 1950037 1876456 1887861 1876456 1876456 1898507 1876456 2148946 1898148 1876456 1887861 1876456 1876456 1876456 1876456 1876456 1949785 1876456 1887861 1876456 1876456 1898759 1876456 2127889 1941545 1876411 1876411 1876411 1876411 1887813 1876411 1876411 1876411 1949861 1876411 1876411 1887813 1898711 1876411 1876411 2160056 1887813 1876411 1876411 1876411 1876411 1887813 1876411 1876411 1949738 1876456 1876456 1876456 1898759 1887861
! @  1876456 2149198 1898429 1876456 1876456 1876523 1876456 1887861 1876456 1876456 1949912 1876456 1876456 1876600 1898615 1887861 1876456 2149332 1898400 1876456 1876456 1876456 1876456 1887861 1876456 1876456 1949424 1876456 1876456 1876600 1898615 1887861 1876456 2151559 1906401 1876411 1887813 1876411 1876411 1876411 1876411 1876411 1887813 1938332 1887813 1876555 1898584 1876411 1876411 1876411 2171213 1876411 1876411 1887813 1876411 1876411 1876411 1876411 1876411 1949986 1887813 1898711 1876411 1876451 1876456 1876456 2148946 1898177 1876456 1887861 1876456 1876456 1876456 1876456 1876456 1949237 1876456 1898219 1887861 1876456 1876456 1876456 2149332 1897852 1876463 1876516 1887861 1876456 1876456 1876456 1876456 1949489 1876456 1897967 1887861 1876456 1898275 1876411 2127832 1919266

----------------------------------------------
