Usage (for mon_varbase_mul and test_scott): ./cva6_x25519_rv64_isa_full.elf <an_integer> <another_integer>
Setting num_iters = 1000 , num_warmup_iters = 100

=============================================================
test_nop - nop_routine
=============================================================

-------------------- Cycles --------------------

! @  32 6 6 6 6 6 6 6 6 6 6 6 6 6 6 6 6 6 6 6 6 6 6 6 6 6 6 6 6 6 6 6 6 6 6 6 6 6 6 6 6 6 6 6 6 6 6 6 6 6 6 6 6 6 6 6 6 6 6 6 6 6 6 6 6 6 6 6 6 6 6 6 6 6 6 6 6 6 6 6 6 6 6 6 6 6 6 6 6 6 6 6 6 6 6 6 6 6 6 6

---------------- Instructions ----------------

! @  13 13 13 13 13 13 13 13 13 13 13 13 13 13 13 13 13 13 13 13 13 13 13 13 13 13 13 13 13 13 13 13 13 13 13 13 13 13 13 13 13 13 13 13 13 13 13 13 13 13 13 13 13 13 13 13 13 13 13 13 13 13 13 13 13 13 13 13 13 13 13 13 13 13 13 13 13 13 13 13 13 13 13 13 13 13 13 13 13 13 13 13 13 13 13 13 13 13 13 13

----------------------------------------------

=============================================================
test_gfp_arith - gfp mul
=============================================================

-------------------- Cycles --------------------

! @  231 204 204 204 204 204 204 204 204 204 204 204 204 204 204 204 204 204 204 204 204 204 204 204 204 204 204 204 204 204 204 204 204 204 204 204 204 204 204 204 204 204 204 204 204 204 204 204 204 204 204 204 204 204 204 204 204 204 204 204 204 204 204 204 204 204 204 204 204 204 204 204 204 204 204 204 204 204 204 204 204 204 204 204 204 204 204 204 204 204 204 204 204 204 204 204 204 204 204 204

---------------- Instructions ----------------

! @  189 189 189 189 189 189 189 189 189 189 189 189 189 189 189 189 189 189 189 189 189 189 189 189 189 189 189 189 189 189 189 189 189 189 189 189 189 189 189 189 189 189 189 189 189 189 189 189 189 189 189 189 189 189 189 189 189 189 189 189 189 189 189 189 189 189 189 189 189 189 189 189 189 189 189 189 189 189 189 189 189 189 189 189 189 189 189 189 189 189 189 189 189 189 189 189 189 189 189 189

----------------------------------------------

=============================================================
test_gfp_arith - gfp sqr
=============================================================

-------------------- Cycles --------------------

! @  206 181 181 181 181 181 181 181 181 181 181 181 181 181 181 181 181 181 181 181 181 181 181 181 181 181 181 181 181 181 181 181 181 181 181 181 181 181 181 181 181 181 181 181 181 181 181 181 181 181 181 181 181 181 181 181 181 181 181 181 181 181 181 181 181 181 181 181 181 181 181 181 181 181 181 181 181 181 181 181 181 181 181 181 181 181 181 181 181 181 181 181 181 181 181 181 181 181 181 181

---------------- Instructions ----------------

! @  173 173 173 173 173 173 173 173 173 173 173 173 173 173 173 173 173 173 173 173 173 173 173 173 173 173 173 173 173 173 173 173 173 173 173 173 173 173 173 173 173 173 173 173 173 173 173 173 173 173 173 173 173 173 173 173 173 173 173 173 173 173 173 173 173 173 173 173 173 173 173 173 173 173 173 173 173 173 173 173 173 173 173 173 173 173 173 173 173 173 173 173 173 173 173 173 173 173 173 173

----------------------------------------------

=============================================================
test_gfp_arith - gfp add
=============================================================

-------------------- Cycles --------------------

! @  83 56 56 56 56 56 56 56 56 56 56 56 56 56 56 56 56 56 56 56 56 56 56 56 56 56 56 56 56 56 56 56 56 56 56 56 56 56 56 56 56 56 56 56 56 56 56 56 56 56 56 56 56 56 56 56 56 56 56 56 56 56 56 56 56 56 56 56 56 56 56 56 56 56 56 56 56 56 56 56 56 56 56 56 56 56 56 56 56 56 56 56 56 56 56 56 56 56 56 56

---------------- Instructions ----------------

! @  60 60 60 60 60 60 60 60 60 60 60 60 60 60 60 60 60 60 60 60 60 60 60 60 60 60 60 60 60 60 60 60 60 60 60 60 60 60 60 60 60 60 60 60 60 60 60 60 60 60 60 60 60 60 60 60 60 60 60 60 60 60 60 60 60 60 60 60 60 60 60 60 60 60 60 60 60 60 60 60 60 60 60 60 60 60 60 60 60 60 60 60 60 60 60 60 60 60 60 60

----------------------------------------------

=============================================================
test_gfp_arith - gfp sub
=============================================================

-------------------- Cycles --------------------

! @  89 61 61 61 61 61 61 61 61 61 61 61 61 61 61 61 61 61 61 61 61 61 61 61 61 61 61 61 61 61 61 61 61 61 61 61 61 61 61 61 61 61 61 61 61 61 61 61 61 61 61 61 61 61 61 61 61 61 61 61 61 61 61 61 61 61 61 61 61 61 61 61 61 61 61 61 61 61 61 61 61 61 61 61 61 61 61 61 61 61 61 61 61 61 61 61 61 61 61 61

---------------- Instructions ----------------

! @  65 65 65 65 65 65 65 65 65 65 65 65 65 65 65 65 65 65 65 65 65 65 65 65 65 65 65 65 65 65 65 65 65 65 65 65 65 65 65 65 65 65 65 65 65 65 65 65 65 65 65 65 65 65 65 65 65 65 65 65 65 65 65 65 65 65 65 65 65 65 65 65 65 65 65 65 65 65 65 65 65 65 65 65 65 65 65 65 65 65 65 65 65 65 65 65 65 65 65 65

----------------------------------------------

=============================================================
test_gfp_arith - gfp mul32
=============================================================

-------------------- Cycles --------------------

! @  81 55 55 55 55 55 55 55 55 55 55 55 55 55 55 55 55 55 55 55 55 55 55 55 55 55 55 55 55 55 55 55 55 55 55 55 55 55 55 55 55 55 55 55 55 55 55 55 55 55 55 55 55 55 55 55 55 55 55 55 55 55 55 55 55 55 55 55 55 55 55 55 55 55 55 55 55 55 55 55 55 55 55 55 55 55 55 55 55 55 55 55 55 55 55 55 55 55 55 55

---------------- Instructions ----------------

! @  56 56 56 56 56 56 56 56 56 56 56 56 56 56 56 56 56 56 56 56 56 56 56 56 56 56 56 56 56 56 56 56 56 56 56 56 56 56 56 56 56 56 56 56 56 56 56 56 56 56 56 56 56 56 56 56 56 56 56 56 56 56 56 56 56 56 56 56 56 56 56 56 56 56 56 56 56 56 56 56 56 56 56 56 56 56 56 56 56 56 56 56 56 56 56 56 56 56 56 56

----------------------------------------------

=============================================================
test_curve_arith - mon_ladder_step
=============================================================

-------------------- Cycles --------------------

! @  2235 2178 2186 2205 2205 2205 2205 2205 2205 2205 2205 2205 2205 2205 2205 2205 2205 2205 2205 2205 2205 2205 2205 2205 2205 2205 2205 2205 2205 2205 2205 2205 2205 2205 2205 2205 2205 2205 2205 2205 2205 2205 2205 2205 2205 2205 2205 2205 2205 2205 2205 2205 2205 2205 2205 2205 2205 2205 2205 2205 2205 2205 2205 2205 2205 2205 2205 2205 2205 2205 2205 2205 2205 2205 2205 2205 2205 2205 2205 2205 2205 2205 2205 2205 2205 2205 2205 2205 2205 2205 2205 2205 2205 2205 2205 2205 2205 2205 2205 2205
! @  2205 2205 2205 2205 2205 2205 2205 2205 2205 2205 2205 2205 2205 2198 2205 2205 2205 2205 2205 2205 2205 2205 2205 2205 2205 2205 2205 2205 2205 2205 2205 2205 2205 2205 2205 4798 2178 2205 2205 2205 2205 2205 2205 2205 2205 2205 2205 2205 2205 2205 2205 2205 2205 2205 2205 2205 2205 2205 2205 2205 2205 2198 2205 2205 2205 2205 2205 2205 2205 2205 2205 2205 2205 2205 2205 2205 2205 2205 2205 2205 2205 2205 2205 2205 2205 2205 2205 29914 2282 2205 2205 2205 2205 2205 2205 2205 2205 2205 2205 2205

---------------- Instructions ----------------

! @  2019 2019 2019 2019 2019 2019 2019 2019 2019 2019 2019 2019 2019 2019 2019 2019 2019 2019 2019 2019 2019 2019 2019 2019 2019 2019 2019 2019 2019 2019 2019 2019 2019 2019 2019 2019 2019 2019 2019 2019 2019 2019 2019 2019 2019 2019 2019 2019 2019 2019 2019 2019 2019 2019 2019 2019 2019 2019 2019 2019 2019 2019 2019 2019 2019 2019 2019 2019 2019 2019 2019 2019 2019 2019 2019 2019 2019 2019 2019 2019 2019 2019 2019 2019 2019 2019 2019 2019 2019 2019 2019 2019 2019 2019 2019 2019 2019 2019 2019 2019
! @  2019 2019 2019 2019 2019 2019 2019 2019 2019 2019 2019 2019 2019 2019 2019 2019 2019 2019 2019 2019 2019 2019 2019 2019 2019 2019 2019 2019 2019 2019 2019 2019 2019 2019 2019 2019 2019 2019 2019 2019 2019 2019 2019 2019 2019 2019 2019 2019 2019 2019 2019 2019 2019 2019 2019 2019 2019 2019 2019 2019 2019 2019 2019 2019 2019 2019 2019 2019 2019 2019 2019 2019 2019 2019 2019 2019 2019 2019 2019 2019 2019 2019 2019 2019 2019 2019 2019 7025 2019 2019 2019 2019 2019 2019 2019 2019 2019 2019 2019 2019

----------------------------------------------

=============================================================
ecdh correctness test
=============================================================
x25519: (alice <---> bob: rfc7748 test vectors)
- private keys:
  alice: 2A2CB91DA5FB77B12A99C0EB872F4CDF4566B25172C1163C7DA518730A6D0777
  bob  : EBE088FF278B2F1CFDB6182629B13B6FE60E80838B7FE1794B8A4A627E08AB5D
- public keys:
  alice: 6A4E9BAA8EA9A4EBF41A38260D3ABF0D5AF73EB4DC7D8B7454A7308909F02085
  bob  : 4F2B886F147EFCAD4D67785BC843833F3735E4ECC2615BD3B4C17D7B7DDB9EDE
- shared secrets:
  alice: 4217161E3C9BF076339ED147C9217EE0250F3580F43B8E72E12DCEA45B9D5D4A
  bob  : 4217161E3C9BF076339ED147C9217EE0250F3580F43B8E72E12DCEA45B9D5D4A
- results:[32m equal [0m
-------------------------------------------------------------
x25519: (carol <---> dave: random test vectors)
- private keys:
  carol: 593C88AA59876667470F7256DE31BF0187E11C7CDFBDF654FBE2FB4B6B817EC6
  dave : 363F1F8F99D95F8E761AE3CC987902DA5B65AE372F55543CD8A185D27B1356EA
- public keys:
  carol: 49335110A9BFAEE04B26E014C5B66C4F5332DD0449DB319E5CDA941E713B2A9D
  dave : 11286328E598CBF797EBDFC76708EA606825C43B99A8DB056015F0A03BC63CB1
- shared secrets:
  carol: 7EB837D18E3DF1CA004EA8BA446BE7E3EE56731E1641EF0A0A0FC3B12784468E
  dave : 7EB837D18E3DF1CA004EA8BA446BE7E3EE56731E1641EF0A0A0FC3B12784468E
- results:[32m equal [0m

=============================================================
test_mon_varbase_mul - mon_varbase_mul
=============================================================

-------------------- Cycles --------------------

! @  697877 719354 699100 719416 697854 697927 719510 698093 719143 698174 698200 777111 701097 720263 698563 719581 697964 698057 718913 698144 719088 697845 718942 697668 698037 719414 697814 719185 697840 697786 719013 698208 719061 1576878 707895 743130 699541 720128 698094 697777 719485 697737 718823 698088 697839 719051 697901 718957 697986 718962 697977 698381 719129 698285 719209 698002 697989 719156 698022 719248 822379 732959 699004 719820 697820 698257 719275 697986 719251 698010 719035 699300 698460 719287 697897 719367 698216 769524 700990 698767 719084 698127 719074 697660 698204 719192 697844 719012 697992 698161 718722 697736 719109 698135 718951 698144 697630 719171 698162 718616
! @  697918 698030 719432 698077 718770 1574820 707999 744688 699416 719597 698055 698368 719105 697864 719001 698020 698039 719246 698189 719016 697992 718666 698194 697705 719347 698265 719003 698379 698090 719335 698399 718773 822744 733969 698952 719917 698123 698062 718701 697731 720042 698533 719340 697887 698253 719457 698005 718529 698252 770173 700972 699089 719448 698077 719108 698067 698246 719173 698065 719264 697748 718822 697794 698105 719188 697986 719006 698241 697740 719039 698160 718961 697981 697855 719228 697675 719285 1576080 707440 743666 699449 719875 698345 698224 718857 698147 720366 697848 698224 718229 698166 719271 697838 719189 698217 698088 719070 698052 718952 697975
! @  697777 719166 698126 718941 822652 733221 699640 719878 698000 698136 720148 697858 719344 698126 719137 741047 705644 721697 698963 718921 697992 718875 697942 698085 718812 697745 718882 698329 697856 719041 697904 718674 698013 719051 697893 697911 719247 698002 718954 697823 697913 719060 697793 719276 697855 697930 718984 698062 719523 1576142 708516 743230 699431 720013 698362 697954 719145 697996 718852 697796 718991 698218 697770 719273 697965 719195 697856 698031 719100 698148 718985 697920 698099 718694 698661 718918 822743 733546 699391 721874 698333 697747 719390 698200 719093 698016 718818 740816 705732 722708 698932 719125 697957 718522 697679 697809 718787 697721 718717 698139
! @  697976 718818 697915 718607 698093 719132 697936 697885 719336 697867 718621 698175 698233 719359 698016 718904 698043 698066 718959 697731 718873 1571302 720312 724276 698974 719364 698044 698270 718581 697968 719422 698280 697826 718781 697989 719271 697866 719357 698077 698069 718963 698095 718699 698109 697920 718893 697727 718944 824029 733259 700125 720297 698046 698236 775851 701316 720839 698220 719045 697884 698246 719197 697863 718701 698004 718532 698139 697933 719199 697886 718974 698275 698187 718574 697778 718545 697911 719126 698198 697929 718995 698027 719272 697858 698016 719132 697868 718909 697702 697943 718810 697746 718728 1573092 719691 724945 698656 719746 697945 698060
! @  719094 698003 718821 697880 698049 719121 698203 719057 697866 719550 697962 698087 719405 698307 719150 697732 698027 719463 698329 719589 821987 733212 699324 719697 698174 697982 769579 700309 720239 698052 718909 698204 698368 719207 697903 719218 697966 718303 698207 698336 718760 698152 719169 697435 697939 718378 698084 718489 698028 697780 719012 698341 719143 697949 719232 697615 697908 719024 698207 719011 698039 697371 719265 697970 719009 1573402 708005 744033 700104 720556 698074 698316 718581 698203 719013 697735 698002 718872 698085 718998 698265 719105 697728 698066 718868 698046 720076 697861 698236 719091 698076 719509 831013 733423 699356 720028 697882 698167 719385 697908
! @  719230 698362 719185 698014 698242 719195 698355 718521 697809 697789 718717 697901 719150 697853 718800 698121 697907 719241 697951 719074 697920 697803 718904 697842 719131 698131 697943 719631 698121 718955 697713 719432 697667 697710 719683 697639 719623 1577885 708168 743840 699259 719709 698052 697971 718874 698034 718997 697747 698447 718837 697521 789280 706711 722093 698361 698200 720872 698292 718985 698330 719324 697881 698410 718749 834550 734413 699577 720329 698271 720115 698285 698086 719431 698371 719113 697956 698016 718924 697903 718941 698185 718861 697892 698110 718855 698227 719067 697891 698216 719321 697982 718880 698256 719034 698068 697669 719586 697912 718792 698006
! @  698116 719278 697898 719239 698223 698026 718970 697812 719147 1573967 707283 743388 699626 720170 698139 698106 719513 698180 719465 738678 729090 699229 698832 719608 698311 720166 698557 719261 698178 698340 759710 705282 722772 698604 719650 698414 853711 702401 699219 720143 697874 719598 698296 719026 698041 698233 719043 698269 719614 697637 698193 718935 697856 719213 698313 698061 719212 698226 719571 697800 718997 697977 698002 719285 697825 718793 698132 697623 718859 698077 719360 698061 718712 697956 698477 718892 697976 718872 697846 697894 718976 1573732 707665 743057 699622 719285 698158 719018 698164 697880 719019 697741 719554 698120 698933 719790 698179 719437 698207 718956
! @  697891 697880 760628 706044 722217 698217 719427 698092 854740 701605 699087 720073 698061 719662 698016 719325 698041 698098 719304 697951 719297 698258 698390 718711 698070 719159 697724 718924 697787 698036 719233 697905 718844 697940 698077 719263 698278 718965 698259 698269 719227 698275 718995 697720 719237 697720 697826 719147 697728 718526 697860 697889 718569 1577124 708579 743131 699607 719705 698388 719986 698012 698208 719056 699198 719620 697876 698045 718671 697882 766997 700945 721130 698638 697843 719059 697829 719091 698187 718733 697956 854357 702021 698754 719063 698102 719078 698099 719023 697871 698207 719074 697903 719086 697923 697676 719079 698169 719043 697464 718461
! @  698208 697807 718944 697635 718963 697968 698029 719139 698152 719026 697916 697879 718581 697902 719386 698234 718877 698087 697842 719363 697656 718887 698129 697897 718963 1578541 707541 743108 699398 720340 697901 719853 699145 698388 719412 698045 719162 698050 698003 718679 698042 767431 701362 720754 698316 698228 719161 698380 718866 697824 719010 697816 854071 701665 699477 720024 698269 719425 697877 719108 697846 697763 718826 697880 719383 698120 697804 718727 697874 719526 698006 719142 697799 698187 719609 697912 719092 698305 698266 719143 698668 719064 697992 697720 718938 698032 719037 697841 719355 697856 698311 719065 697677 718743 698289 698347 718904 1569087 719545 725303
! @  698325 720812 698769 719674 697967 697791 719311 738153 730510 699332 720404 698530 698183 719128 697673 719134 698022 697988 719243 697744 719212 698019 718648 698132 853470 701962 699521 720050 698107 718927 697680 719145 697308 698065 718814 698112 719107 697923 697895 719363 698246 718839 697957 698214 718996 697693 718917 698236 719205 698208 698122 718803 698087 719127 697939 697785 719001 697991 719180 697903 719073 697763 698025 719224 698045 719204 697987 698219 719011 1571697 719243 725386 698725 734095 702381 721539 698204 698436 719501 739237 729442 699251 719505 698422 698351 719553 697898 718573 697828 697880 719113 697842 718937 698195 718736 697956 854383 701091 699099 719500

---------------- Instructions ----------------

! @  580339 585244 580419 585244 580339 580339 585244 580339 585244 580339 580339 593504 580339 585244 580339 585244 580339 580339 585244 580339 585244 580339 585244 580339 580339 585244 580339 585244 580339 580339 585244 580339 585244 794482 581694 588790 580339 585244 580339 580339 585244 580339 585244 580339 580339 585244 580339 585244 580339 585244 580339 580339 585244 580339 585244 580339 580339 585244 580339 585244 601106 585244 580339 585244 580339 580339 585244 580339 585244 580339 585244 580419 580339 585244 580339 585244 580339 591550 580339 580339 585244 580339 585244 580339 580339 585244 580339 585244 580339 580339 585244 580339 585244 580339 585244 580339 580339 585244 580339 585244
! @  580339 580339 585244 580339 585244 794015 581694 588869 580339 585244 580339 580339 585244 580339 585244 580339 580339 585244 580339 585244 580339 585244 580339 580339 585244 580339 585244 580339 580339 585244 580339 585244 601122 585244 580339 585244 580339 580339 585244 580339 585324 580339 585244 580339 580339 585244 580339 585244 580339 591517 580339 580339 585244 580339 585244 580339 580339 585244 580339 585244 580339 585244 580339 580339 585244 580339 585244 580339 580339 585244 580339 585244 580339 580339 585244 580339 585244 794035 581694 588661 580339 585244 580339 580339 585244 580339 585285 580339 580339 585244 580339 585244 580339 585244 580339 580339 585244 580339 585244 580339
! @  580339 585244 580339 585244 601251 585244 580339 585244 580339 580339 585324 580339 585244 580339 585244 586872 580339 585244 580339 585244 580339 585244 580339 580339 585244 580339 585244 580339 580339 585244 580339 585244 580339 585244 580339 580339 585244 580339 585244 580339 580339 585244 580339 585244 580339 580339 585244 580339 585244 794229 581838 588646 580339 585244 580339 580339 585244 580339 585244 580339 585244 580339 580339 585244 580339 585244 580339 580339 585244 580339 585244 580339 580339 585244 580339 585244 601244 585244 580339 585324 580339 580339 585244 580339 585244 580339 585244 586779 580339 585244 580339 585244 580339 585244 580339 580339 585244 580339 585244 580339
! @  580339 585244 580339 585244 580339 585244 580339 580339 585244 580339 585244 580339 580339 585244 580339 585244 580339 580339 585244 580339 585244 794018 583964 585244 580339 585244 580339 580339 585244 580339 585244 580339 580339 585244 580339 585244 580339 585244 580339 580339 585244 580339 585244 580339 580339 585244 580339 585244 601259 585244 580339 585244 580339 580339 592899 580339 585244 580339 585244 580339 580339 585244 580339 585244 580339 585244 580339 580339 585244 580339 585244 580339 580339 585244 580339 585244 580339 585244 580339 580339 585244 580339 585244 580339 580339 585244 580339 585244 580339 580339 585244 580339 585244 794249 583741 585244 580339 585244 580339 580339
! @  585244 580339 585244 580339 580339 585244 580339 585244 580339 585244 580339 580339 585244 580339 585244 580339 580339 585324 580339 585244 601105 585244 580339 585244 580339 580339 591685 580339 585244 580339 585244 580339 580339 585244 580339 585244 580339 585244 580339 580339 585244 580339 585244 580339 580339 585244 580339 585244 580339 580339 585244 580339 585244 580339 585244 580339 580339 585244 580339 585244 580339 580339 585244 580339 585244 794392 581694 588790 580339 585244 580339 580339 585244 580339 585244 580339 580339 585244 580339 585244 580339 585244 580339 580339 585244 580339 585324 580339 580339 585244 580339 585244 602620 585244 580339 585244 580339 580339 585244 580339
! @  585244 580339 585244 580339 580339 585244 580339 585244 580339 580339 585244 580339 585244 580339 585244 580339 580339 585244 580339 585244 580339 580339 585244 580339 585244 580339 580339 585259 580339 585244 580339 585244 580339 580339 585285 580339 585244 794019 581694 588869 580339 585244 580339 580339 585244 580339 585244 580339 580339 585244 580339 595332 580339 585244 580339 580339 585324 580339 585244 580339 585244 580339 580339 585244 602624 585244 580339 585244 580339 585244 580339 580339 585244 580339 585244 580339 580339 585244 580339 585244 580339 585244 580339 580339 585244 580339 585244 580339 580339 585244 580339 585244 580339 585244 580339 580339 585244 580339 585244 580339
! @  580339 585244 580339 585244 580339 580339 585244 580339 585244 794143 581694 588646 580339 585244 580339 580339 585244 580339 585244 586528 585244 580339 580339 585244 580339 585324 580339 585244 580339 580339 591595 580339 585244 580339 585244 580339 606329 580339 580339 585244 580339 585244 580339 585244 580339 580339 585244 580339 585244 580339 580339 585244 580339 585244 580339 580339 585244 580339 585244 580339 585244 580339 580339 585244 580339 585244 580339 580339 585244 580339 585244 580339 585244 580339 580339 585244 580339 585244 580339 580339 585244 794018 581838 588646 580339 585244 580339 585244 580339 580339 585244 580339 585244 580339 580419 585244 580339 585244 580339 585244
! @  580339 580339 591592 580339 585244 580339 585244 580339 606105 580339 580339 585244 580339 585244 580339 585244 580339 580339 585244 580339 585244 580339 580339 585244 580339 585244 580339 585244 580339 580339 585244 580339 585244 580339 580339 585244 580339 585244 580339 580339 585244 580339 585244 580339 585244 580339 580339 585244 580339 585244 580339 580339 585244 794035 581694 588646 580339 585244 580339 585244 580339 580339 585244 580419 585244 580339 580339 585244 580339 591518 580339 585244 580339 580339 585244 580339 585244 580339 585244 580339 606264 580339 580339 585244 580339 585244 580339 585244 580339 580339 585244 580339 585244 580339 580339 585244 580339 585244 580339 585244
! @  580339 580339 585244 580339 585244 580339 580339 585244 580339 585244 580339 580339 585244 580339 585244 580339 585244 580339 580339 585244 580339 585244 580339 580339 585244 794303 581694 588790 580339 585244 580339 585244 580419 580339 585244 580339 585244 580339 580339 585244 580339 591534 580339 585244 580339 580339 585244 580339 585244 580339 585244 580339 606186 580339 580339 585244 580339 585244 580339 585244 580339 580339 585244 580339 585244 580339 580339 585244 580339 585244 580339 585244 580339 580348 585244 580339 585244 580339 580339 585244 580380 585244 580339 580339 585244 580339 585244 580339 585244 580339 580339 585244 580339 585244 580339 580339 585244 794161 583741 585244
! @  580339 585324 580339 585244 580339 580339 585244 586471 585244 580339 585244 580339 580339 585244 580339 585244 580339 580339 585244 580339 585244 580339 585244 580339 606191 580339 580339 585244 580339 585244 580339 585244 580339 580339 585244 580339 585244 580339 580339 585244 580339 585244 580339 580339 585244 580339 585244 580339 585244 580339 580339 585244 580339 585244 580339 580339 585244 580339 585244 580339 585244 580339 580339 585244 580339 585244 580339 580339 585244 794189 583741 585324 580339 586960 580339 585244 580339 580339 585244 586464 585244 580339 585244 580339 580339 585244 580339 585244 580339 580339 585244 580339 585244 580339 585244 580339 606242 580339 580339 585244

----------------------------------------------

=============================================================
test_scott - X25519_SHARED_SECRET
=============================================================

-------------------- Cycles --------------------

! @  1048111 1049439 1049048 1048052 1049230 1048424 1048491 1077883 1045400 1047650 1047408 1048187 1049306 1049995 1048427 1048626 1081167 1044126 1048070 1049354 1956734 1074720 1050609 1049043 1048606 1048410 1049076 1080464 1044927 1047258 1049411 1049357 1048130 1049504 1048955 1048828 1049428 1082109 1190027 1048412 1047782 1048303 1049065 1047921 1079192 1045815 1048951 1048387 1048811 1048869 1048070 1048069 1048794 1081990 1043651 1047783 1049652 1048772 1048571 1049496 1048625 1049390 1048490 1083057 1045183 1048343 1049717 1048194 1940841 1086240 1048537 1047012 1048400 1048868 1079059 1046233 1048284 1048811 1049879 1048503 1049901 1048513 1049516 1047601 1078505 1043152 1184574 1048452 1047433 1047908 1048842 1079186 1044331 1047941 1049300 1050413 1049475 1047917 1048696 1048202
! @  1079698 1044917 1047342 1049915 1048090 1048506 1049499 1049560 1048762 1049874 1080805 1045147 1048462 1103622 1048505 1048846 1048059 1941444 1073015 1050093 1080497 1045923 1046716 1049995 1050064 1048548 1048328 1048341 1047381 1049237 1077991 1044237 1047805 1049110 1048676 1191030 1047554 1078235 1043159 1049853 1049675 1050696 1048254 1047905 1048442 1048823 1047186 1042160 1047103 1049077 1047633 1049705 1049017 1049556 1049488 1048115 1083068 1046306 1048843 1047760 1048704 1100530 1050683 1048754 1048658 1943375 1114667 1046448 1048823 1049026 1048361 1048924 1048704 1048888 1048167 1048650 1130200 1048370 1049358 1049565 1046916 1047909 1047879 1225132 1048947 1050063 1047520 1048040 1049140 1048917 1047704 1080449 1045347 1048658 1048262 1048321 1048029 1049300 1048814 1049004
! @  1048191 1077197 1045183 1049178 1049873 1048306 1101836 1047697 1049023 1080616 1045696 1046518 1049082 1938227 1080446 1048948 1047919 1048796 1047844 1049364 1048983 1077179 1047113 1049171 1047617 1049326 1048365 1049455 1048067 1049090 1080852 1173385 1053074 1049901 1048584 1047753 1046977 1081126 1047826 1047245 1049980 1048042 1048659 1049082 1047911 1049788 1047744 1078283 1045712 1049130 1048824 1048140 1048607 1048743 1098840 1084337 1044677 1047206 1049033 1048859 1048534 1049666 1945703 1075047 1049182 1047809 1049684 1078278 1048364 1048654 1048159 1047864 1049494 1048168 1048320 1047681 1081533 1046885 1047043 1048421 1190266 1045483 1048478 1080938 1045450 1047984 1047941 1049083 1047815 1048291 1049146 1048788 1048543 1079854 1043361 1049895 1049865 1049090 1049423 1103474
! @  1048155 1080775 1046780 1049454 1047728 1050038 1049619 1048668 1050187 1048319 1940549 1079750 1049178 1045108 1047308 1048390 1049428 1047066 1048028 1049205 1049112 1048419 1078669 1046468 1048392 1047136 1049879 1049505 1184267 1082759 1045401 1049480 1049598 1048083 1048891 1046544 1049526 1048208 1048358 1078054 1046629 1048996 1048590 1049212 1049781 1049390 1049878 1132254 1047731 1046551 1049196 1047724 1047826 1048613 1048322 1108036 1078167 1045948 1943983 1077639 1050630 1050000 1049120 1048772 1048470 1049169 1049328 1079456 1044926 1048876 1049749 1048286 1049243 1049498 1049597 1048939 1047026 1211424 1047486 1048758 1046866 1047725 1049295 1082009 1043716 1046289 1048412 1049018 1050178 1048738 1048653 1048772 1135731 1044246 1048309 1049016 1048164 1049114 1050193 1048728
! @  1049119 1048250 1078160 1046614 1049668 1049943 1049680 1946195 1074353 1048986 1050154 1049484 1047372 1078401 1043522 1047790 1047907 1049047 1048086 1049249 1048736 1048661 1048680 1075712 1047667 1191074 1048582 1048873 1048250 1080827 1045277 1047148 1050779 1047050 1047637 1048693 1050061 1047473 1048450 1080470 1100912 1049000 1047784 1048703 1049737 1049304 1049048 1049622 1076724 1047106 1048776 1050276 1049965 1048665 1050068 1943587 1081127 1049390 1049184 1075720 1046977 1050761 1047927 1048420 1049043 1048682 1049354 1048299 1080769 1045256 1047025 1049522 1047761 1186637 1050257 1081248 1045900 1047019 1049056 1048055 1050012 1049622 1048998 1048428 1049278 1128104 1048296 1049359 1048057 1049057 1049296 1048507 1049846 1081274 1045851 1047421 1048226 1047942 1048318 1048742
! @  1048714 1048447 1048351 1922849 1068796 1106941 1047016 1049929 1048656 1048582 1047486 1048889 1049383 1048839 1081297 1045651 1046728 1048832 1048603 1049241 1049728 1049284 1218694 1048227 1048236 1049258 1048963 1049140 1048679 1048421 1049588 1074235 1046882 1103024 1048295 1047560 1048219 1048188 1049473 1079814 1046318 1048467 1048571 1048919 1048933 1049184 1050888 1049871 1049563 1080418 1043968 1048801 1944003 1074058 1048251 1049050 1048738 1048177 1049398 1049153 1081433 1045878 1046793 1049536 1048626 1048708 1048250 1048359 1048802 1046312 1222535 1047399 1048953 1048151 1049400 1048236 1082037 1088959 1050692 1047647 1049033 1049276 1049267 1050250 1048604 1080301 1046194 1047840 1048729 1048232 1048671 1049872 1048925 1048827 1048313 1079566 1043871 1049369 1049586 1049168
! @  1940966 1079392 1048956 1048037 1047719 1049216 1080351 1046224 1048980 1047976 1048097 1047973 1049146 1047314 1048799 1048975 1078496 1045591 1186984 1051487 1049996 1048418 1048195 1078391 1048555 1049256 1102200 1048199 1048552 1048788 1049461 1080015 1045549 1048573 1050145 1049048 1049777 1048805 1048537 1047296 1048862 1078061 1046607 1048734 1049860 1048709 1047675 1048804 1048288 1941329 1072282 1048703 1081467 1045472 1048770 1048034 1048300 1048937 1049240 1047466 1049109 1046977 1077608 1044944 1050373 1048322 1048382 1193706 1082500 1044669 1097643 1050809 1048914 1048286 1049486 1048869 1049260 1080558 1046257 1048250 1049013 1049415 1048933 1049718 1047243 1048480 1049570 1075697 1047278 1050158 1049604 1049499 1048531 1048601 1047706 1049966 1079606 1905879 1114430 1044160
! @  1049565 1047100 1048912 1048476 1048849 1048596 1048152 1048669 1076924 1048531 1048357 1048029 1048409 1049882 1048852 1219069 1047829 1048772 1049077 1102916 1047017 1049608 1049617 1079888 1044566 1049296 1049158 1048723 1047723 1049486 1049191 1048259 1048159 1076820 1046139 1048712 1048731 1048896 1049122 1049004 1049000 1048342 1081213 1046471 1048344 1934079 1072331 1049063 1048827 1048354 1048320 1049656 1050258 1048270 1078625 1044894 1048945 1048731 1048119 1047478 1049808 1048626 1049755 1216941 1054881 1047049 1047756 1048974 1049144 1049425 1080332 1045515 1048677 1048724 1047007 1048577 1048258 1048708 1049217 1048541 1079567 1046098 1049267 1049789 1048759 1047161 1047822 1047903 1049004 1080658 1044866 1048030 1047995 1049428 1946226 1075491 1048413 1047881 1048287 1048701
! @  1048769 1078262 1047534 1050044 1048962 1048028 1049446 1048898 1048113 1049112 1080205 1046514 1198214 1048014 1048551 1048962 1048140 1081112 1043580 1049425 1049939 1049560 1050593 1047274 1050579 1048874 1081252 1044391 1048305 1048141 1049750 1049827 1048577 1049706 1048334 1048869 1081374 1045454 1049534 1048398 1048086 1047935 1940747 1082096 1050482 1048160 1049236 1080307 1047079 1048509 1047110 1048454 1048069 1049965 1048164 1048419 1049578 1129406 1048337 1048249 1183422 1049432 1050190 1077050 1046047 1050601 1048774 1049102 1048372 1048035 1050033 1049318 1080185 1045310 1048655 1049222 1048482 1048032 1048872 1047412 1049046 1048823 1081385 1044857 1049139 1048434 1047639 1048713 1047575 1049834 1047901 1952662 1072796 1082070 1045794 1047825 1047995 1049051 1048934 1049859
! @  1047980 1049271 1047648 1078783 1045992 1101974 1049412 1049023 1049213 1221189 1045394 1049084 1049864 1049423 1047725 1048669 1048174 1048307 1080847 1044607 1049285 1047909 1047627 1049557 1049110 1047686 1049022 1048480 1079862 1047536 1047940 1048010 1048730 1048426 1049072 1050303 1048322 1081036 1046355 1905831 1107399 1050279 1050316 1048621 1048955 1047370 1050915 1048917 1047380 1119619 1052444 1048763 1050094 1049112 1048974 1049174 1048967 1223338 1045591 1049066 1048164 1050123 1049510 1049416 1080421 1045489 1048427 1048006 1049776 1048389 1049854 1049440 1049087 1049397 1075791 1047860 1047905 1049494 1047971 1048691 1048795 1048419 1049352 1081566 1047177 1047198 1047874 1943168 1082244 1049330 1129028 1048576 1050511 1078006 1046694 1049653 1049078 1048514 1103511 1048708

---------------- Instructions ----------------

! @  718125 718125 718125 718125 718125 718125 718125 723030 718125 718125 718125 718125 718125 718125 718125 718125 723110 718125 718125 718125 933514 721527 718125 718125 718125 718125 718125 723030 718125 718125 718125 718125 718125 718125 718125 718125 718125 723030 739294 718125 718125 718125 718125 718134 723030 718125 718125 718125 718166 718125 718125 718125 718125 723030 718125 718125 718125 718125 718125 718125 718125 718125 718125 723110 718125 718125 718125 718125 931137 724014 718125 718125 718125 718125 723030 718125 718125 718125 718125 718125 718125 718125 718125 718125 723030 718125 738991 718125 718125 718125 718125 723030 718125 718125 718125 718125 718125 718125 718125 718125
! @  723030 718125 718125 718125 718125 718125 718125 718125 718125 718205 723030 718125 718125 724473 718125 718125 718125 932079 721671 718125 723030 718125 718125 718125 718125 718125 718125 718125 718125 718125 723030 718125 718125 718125 718125 739057 718125 723030 718125 718125 718125 718125 718125 718125 718125 718125 718125 718125 718125 718125 718125 718125 718125 718125 718125 718125 723110 718125 718125 718125 718125 724478 718125 718125 718125 931893 728010 718125 718125 718125 718125 718125 718125 718125 718125 718125 729283 718125 718125 718125 718125 718125 718125 743939 718125 718125 718125 718125 718125 718125 718125 723030 718125 718125 718125 718125 718125 718125 718125 718125
! @  718125 723030 718205 718125 718125 718125 724417 718125 718125 723030 718125 718125 718125 931806 723026 718125 718125 718125 718125 718125 718125 723030 718125 718125 718125 718125 718125 718125 718125 718125 723030 739121 718125 718125 718125 718125 718125 723030 718125 718125 718125 718125 718125 718125 718125 718125 718125 723030 718205 718125 718125 718125 718125 718125 724480 723030 718125 718125 718125 718125 718125 718125 931992 721527 718125 718125 718125 723030 718125 718125 718125 718125 718125 718125 718125 718125 723039 718125 718125 718125 739121 718166 718125 723030 718125 718125 718125 718125 718125 718125 718125 718125 718125 723030 718125 718205 718125 718125 718125 724479
! @  718125 723030 718125 718125 718125 718125 718125 718125 718125 718125 932036 722882 718125 718125 718125 718125 718125 718125 718125 718125 718125 718125 723030 718125 718125 718125 718125 718125 738973 723030 718125 718125 718125 718125 718125 718125 718125 718125 718125 723030 718125 718205 718125 718125 718125 718125 718125 729430 718125 718125 718125 718125 718125 718125 718125 725223 723030 718125 932089 723026 718125 718125 718125 718125 718125 718125 718125 723030 718125 718125 718125 718125 718125 718125 718125 718125 718125 744469 718125 718125 718125 718125 718125 723030 718125 718125 718125 718125 718205 718125 718125 718125 729384 718125 718125 718125 718125 718125 718125 718125
! @  718125 718125 723030 718125 718125 718125 718125 932644 721671 718125 718125 718125 718125 723030 718125 718125 718125 718125 718125 718125 718125 718125 718125 723030 718125 738891 718125 718125 718125 723030 718125 718125 718125 718125 718205 718125 718125 718125 718125 723030 725077 718125 718125 718125 718125 718125 718125 718125 723030 718125 718125 718125 718125 718125 718125 931799 722882 718125 718125 723030 718125 718125 718125 718125 718125 718125 718125 718125 723030 718125 718125 718125 718125 739050 718125 723030 718125 718125 718125 718125 718125 718205 718125 718125 718125 729303 718125 718125 718125 718125 718125 718125 718125 723030 718125 718125 718125 718125 718125 718125
! @  718125 718125 718125 930466 720979 726432 718125 718125 718125 718134 718125 718125 718125 718125 723071 718125 718125 718125 718125 718125 718125 718125 743937 718125 718125 718125 718125 718205 718125 718125 718125 723030 718125 724418 718125 718125 718125 718125 718125 723030 718125 718125 718125 718125 718125 718125 718125 718125 718125 723030 718125 718125 932503 721527 718125 718125 718125 718125 718125 718125 723030 718125 718125 718125 718125 718125 718125 718125 718125 718125 743876 718125 718125 718125 718205 718125 723030 725112 718125 718125 718125 718125 718125 718125 718125 723030 718125 718125 718125 718125 718125 718125 718125 718125 718125 723030 718125 718125 718125 718125
! @  932090 722882 718125 718125 718125 718125 723030 718125 718125 718125 718125 718125 718125 718125 718125 718125 723030 718125 739563 718125 718205 718125 718125 723030 718125 718125 724257 718125 718125 718125 718125 723030 718125 718125 718125 718125 718125 718125 718125 718125 718125 723030 718125 718125 718125 718125 718125 718125 718125 932643 721671 718125 723030 718125 718125 718125 718125 718125 718125 718125 718125 718125 723030 718125 718125 718125 718125 739048 723030 718125 725076 718125 718125 718125 718125 718125 718125 723030 718125 718125 718125 718125 718125 718125 718125 718125 718125 723030 718125 718125 718125 718125 718125 718125 718125 718125 723030 926238 728010 718125
! @  718125 718125 718125 718125 718125 718125 718125 718125 723030 718125 718125 718125 718125 718205 718125 743937 718125 718125 718125 725076 718125 718125 718125 723030 718125 718125 718125 718125 718125 718125 718125 718125 718125 723030 718125 718125 718125 718125 718125 718125 718125 718125 723039 718125 718125 931805 721568 718125 718125 718125 718125 718125 718125 718125 723030 718125 718125 718125 718125 718125 718205 718125 718125 745967 718125 718125 718125 718125 718125 718125 723030 718125 718125 718125 718125 718125 718125 718125 718125 718125 723030 718125 718125 718125 718125 718125 718125 718125 718125 723030 718125 718125 718125 718125 932648 721527 718125 718125 718125 718125
! @  718125 723030 718125 718125 718125 718125 718205 718125 718125 718125 723030 718125 741056 718125 718125 718125 718125 723030 718125 718125 718125 718125 718125 718125 718125 718125 723030 718125 718125 718125 718125 718125 718125 718125 718125 718125 723030 718125 718125 718125 718125 718125 931946 722882 718125 718125 718125 723030 718125 718125 718125 718125 718125 718205 718125 718125 718125 729378 718125 718125 738984 718125 718125 723030 718125 718125 718125 718125 718125 718125 718125 718125 723030 718125 718125 718125 718125 718125 718125 718125 718125 718125 723030 718125 718125 718125 718125 718125 718125 718125 718125 933425 721527 723030 718125 718125 718125 718125 718125 718205
! @  718125 718125 718125 723030 718125 724253 718125 718125 718125 743963 718125 718125 718125 718125 718125 718125 718125 718125 723030 718125 718125 718125 718125 718125 718125 718125 718125 718125 723030 718125 718125 718125 718125 718125 718125 718125 718125 723030 718125 925784 727931 718125 718125 718125 718125 718125 718205 718125 718125 729397 718125 718125 718125 718125 718125 718125 718125 743883 718125 718125 718125 718125 718125 718125 723030 718125 718125 718125 718125 718125 718125 718125 718125 718125 723030 718134 718125 718125 718125 718125 718166 718125 718125 723030 718125 718125 718125 931804 723105 718125 728216 718125 718205 723030 718125 718125 718125 718125 724480 718125

----------------------------------------------
