Usage (for mon_varbase_mul and test_scott): ./cva6_x25519_rv32_ise_full.elf <an_integer> <another_integer>
Setting num_iters = 1000 , num_warmup_iters = 100

=============================================================
test_nop - nop_routine
=============================================================

-------------------- Cycles --------------------

! @  13 13 13 13 13 13 13 13 13 13 13 13 13 13 13 13 13 13 13 13 13 13 13 13 13 13 13 13 13 13 13 13 13 13 13 13 13 13 13 13 13 13 13 13 13 13 13 13 13 13 13 13 13 13 13 13 13 13 13 13 13 13 13 13 13 13 13 13 13 13 13 13 13 13 13 13 13 13 13 13 13 13 13 13 13 13 13 13 13 13 13 13 13 13 13 13 13 13 13 13

---------------- Instructions ----------------

! @  25 25 25 25 25 25 25 25 25 25 25 25 25 25 25 25 25 25 25 25 25 25 25 25 25 25 25 25 25 25 25 25 25 25 25 25 25 25 25 25 25 25 25 25 25 25 25 25 25 25 25 25 25 25 25 25 25 25 25 25 25 25 25 25 25 25 25 25 25 25 25 25 25 25 25 25 25 25 25 25 25 25 25 25 25 25 25 25 25 25 25 25 25 25 25 25 25 25 25 25

----------------------------------------------

=============================================================
test_gfp_arith - gfp mul
=============================================================

-------------------- Cycles --------------------

! @  497 438 438 464 438 464 438 464 438 464 438 464 438 464 438 464 438 464 438 464 438 464 438 464 438 478 438 464 438 464 438 464 438 464 438 464 438 464 438 464 438 464 438 464 438 464 438 464 438 464 438 464 438 464 438 464 438 464 438 464 438 464 438 464 438 464 438 464 438 464 438 464 438 464 438 464 438 464 438 464 438 464 438 464 438 478 438 464 438 464 438 464 438 464 438 464 438 464 438 464

---------------- Instructions ----------------

! @  344 344 344 344 344 344 344 344 344 344 344 344 344 344 344 344 344 344 344 344 344 344 344 344 344 344 344 344 344 344 344 344 344 344 344 344 344 344 344 344 344 344 344 344 344 344 344 344 344 344 344 344 344 344 344 344 344 344 344 344 344 344 344 344 344 344 344 344 344 344 344 344 344 344 344 344 344 344 344 344 344 344 344 344 344 344 344 344 344 344 344 344 344 344 344 344 344 344 344 344

----------------------------------------------

=============================================================
test_gfp_arith - gfp sqr
=============================================================

-------------------- Cycles --------------------

! @  379 360 360 387 360 387 360 387 360 387 360 389 360 387 360 387 360 387 360 387 360 387 360 402 360 387 360 387 360 387 360 387 360 387 360 387 360 387 360 387 360 387 360 387 360 387 360 387 360 387 360 387 360 389 360 387 360 387 360 387 360 387 360 387 360 387 360 387 360 400 360 387 360 387 360 387 360 387 360 387 360 387 360 389 360 387 360 387 360 387 360 387 360 392 360 387 360 387 360 387

---------------- Instructions ----------------

! @  298 298 298 298 298 298 298 298 298 298 298 298 298 298 298 298 298 298 298 298 298 298 298 298 298 298 298 298 298 298 298 298 298 298 298 298 298 298 298 298 298 298 298 298 298 298 298 298 298 298 298 298 298 298 298 298 298 298 298 298 298 298 298 298 298 298 298 298 298 298 298 298 298 298 298 298 298 298 298 298 298 298 298 298 298 298 298 298 298 298 298 298 298 298 298 298 298 298 298 298

----------------------------------------------

=============================================================
test_gfp_arith - gfp add
=============================================================

-------------------- Cycles --------------------

! @  117 121 95 95 95 95 95 95 95 95 95 95 95 95 95 95 95 95 95 95 95 95 95 95 95 95 95 95 95 95 95 95 95 95 95 95 95 95 95 95 95 95 95 95 95 95 95 95 95 95 95 95 95 95 95 95 95 95 95 95 95 95 95 95 95 95 95 95 95 95 95 95 95 95 95 95 95 95 95 95 95 95 95 95 95 95 95 95 95 95 95 95 95 95 95 95 95 95 95 95

---------------- Instructions ----------------

! @  93 93 93 93 93 93 93 93 93 93 93 93 93 93 93 93 93 93 93 93 93 93 93 93 93 93 93 93 93 93 93 93 93 93 93 93 93 93 93 93 93 93 93 93 93 93 93 93 93 93 93 93 93 93 93 93 93 93 93 93 93 93 93 93 93 93 93 93 93 93 93 93 93 93 93 93 93 93 93 93 93 93 93 93 93 93 93 93 93 93 93 93 93 93 93 93 93 93 93 93

----------------------------------------------

=============================================================
test_gfp_arith - gfp sub
=============================================================

-------------------- Cycles --------------------

! @  127 108 108 108 108 108 108 108 108 108 108 108 108 108 108 108 108 108 108 108 108 108 108 108 108 108 108 108 108 108 108 108 108 108 108 108 108 108 108 108 108 108 108 108 108 108 108 108 108 108 108 108 108 108 108 108 108 108 108 108 108 108 108 108 108 108 108 108 108 108 108 108 108 108 108 108 108 108 108 108 108 108 108 108 108 108 108 108 108 108 108 108 108 108 108 108 108 108 108 108

---------------- Instructions ----------------

! @  113 113 113 113 113 113 113 113 113 113 113 113 113 113 113 113 113 113 113 113 113 113 113 113 113 113 113 113 113 113 113 113 113 113 113 113 113 113 113 113 113 113 113 113 113 113 113 113 113 113 113 113 113 113 113 113 113 113 113 113 113 113 113 113 113 113 113 113 113 113 113 113 113 113 113 113 113 113 113 113 113 113 113 113 113 113 113 113 113 113 113 113 113 113 113 113 113 113 113 113

----------------------------------------------

=============================================================
test_gfp_arith - gfp mul32
=============================================================

-------------------- Cycles --------------------

! @  128 89 89 89 89 89 89 89 89 89 89 89 89 89 89 90 89 89 89 89 89 89 89 89 89 89 89 89 89 89 89 89 89 89 89 89 89 89 89 89 89 89 89 89 89 89 89 89 89 89 89 89 89 89 89 89 89 89 89 89 89 89 89 91 89 89 89 89 89 89 89 89 89 89 89 89 89 89 89 89 89 89 89 89 89 89 89 89 89 89 89 89 89 89 89 91 89 89 89 89

---------------- Instructions ----------------

! @  85 85 85 85 85 85 85 85 85 85 85 85 85 85 85 85 85 85 85 85 85 85 85 85 85 85 85 85 85 85 85 85 85 85 85 85 85 85 85 85 85 85 85 85 85 85 85 85 85 85 85 85 85 85 85 85 85 85 85 85 85 85 85 85 85 85 85 85 85 85 85 85 85 85 85 85 85 85 85 85 85 85 85 85 85 85 85 85 85 85 85 85 85 85 85 85 85 85 85 85

----------------------------------------------

=============================================================
test_curve_arith - mon_ladder_step
=============================================================

-------------------- Cycles --------------------

! @  4527 4389 4347 4369 4347 4369 4347 4369 4347 4369 4347 79629 4622 4405 4347 4369 4347 4369 4347 4369 4347 4369 4347 4369 4347 4369 4347 4369 4347 4369 4347 4369 4347 4369 4347 4369 4347 4369 4347 73185 4589 4405 4391 4369 4347 4369 4347 4369 4347 4369 4347 4369 4347 4369 4347 4369 4347 4369 4347 4372 4347 4369 4347 4369 4347 4369 4347 4369 4347 71534 4544 4369 4347 4369 4347 4369 4347 4369 4347 4369 4347 4369 4347 4369 4347 4369 4347 4369 4347 4369 4347 4369 4347 4369 4347 4369 4347 4369 4347 71365
! @  4533 4369 4347 4369 4347 4369 4347 4369 4347 4369 4347 4369 4347 4369 4347 4369 4347 4369 4347 4369 4347 4369 4347 4369 4347 4369 4347 4369 4347 71444 4634 4418 4347 4369 4347 4369 4347 4369 4347 4369 4347 4371 4347 4369 4347 4369 4347 4369 4347 4369 4347 4369 4347 4369 4347 4369 4347 4378 4347 71401 4508 4369 4347 4369 4347 4371 4347 4369 4347 4369 4347 4369 4347 4369 4347 4369 4347 4369 4347 4369 4347 4369 4347 4369 4347 4369 4347 4369 4347 70965 4616 4445 4347 4369 4347 4380 4347 4369 4347 4369

---------------- Instructions ----------------

! @  3443 3443 3443 3443 3443 3443 3443 3443 3443 3443 3443 14845 3443 3443 3443 3443 3443 3443 3443 3443 3443 3443 3443 3443 3443 3443 3443 3443 3443 3443 3443 3443 3443 3443 3443 3443 3443 3443 3443 14845 3443 3443 3443 3443 3443 3443 3443 3443 3443 3443 3443 3443 3443 3443 3443 3443 3443 3443 3443 3443 3443 3443 3443 3443 3443 3443 3443 3443 3443 14845 3443 3443 3443 3443 3443 3443 3443 3443 3443 3443 3443 3443 3443 3443 3443 3443 3443 3443 3443 3443 3443 3443 3443 3443 3443 3443 3443 3443 3443 14845
! @  3443 3443 3443 3443 3443 3443 3443 3443 3443 3443 3443 3443 3443 3443 3443 3443 3443 3443 3443 3443 3443 3443 3443 3443 3443 3443 3443 3443 3443 14845 3443 3443 3443 3443 3443 3443 3443 3443 3443 3443 3443 3443 3443 3443 3443 3443 3443 3443 3443 3443 3443 3443 3443 3443 3443 3443 3443 3443 3443 14845 3443 3443 3443 3443 3443 3443 3443 3443 3443 3443 3443 3443 3443 3443 3443 3443 3443 3443 3443 3443 3443 3443 3443 3443 3443 3443 3443 3443 3443 14845 3443 3443 3443 3443 3443 3443 3443 3443 3443 3443

----------------------------------------------

=============================================================
ecdh correctness test
=============================================================
x25519: (alice <---> bob: rfc7748 test vectors)
- private keys:
  alice: 2A2CB91DA5FB77B12A99C0EB872F4CDF4566B25172C1163C7DA518730A6D0777
  bob  : EBE088FF278B2F1CFDB6182629B13B6FE60E80838B7FE1794B8A4A627E08AB5D
- public keys:
  alice: 6A4E9BAA8EA9A4EBF41A38260D3ABF0D5AF73EB4DC7D8B7454A7308909F02085
  bob  : 4F2B886F147EFCAD4D67785BC843833F3735E4ECC2615BD3B4C17D7B7DDB9EDE
- shared secrets:
  alice: 4217161E3C9BF076339ED147C9217EE0250F3580F43B8E72E12DCEA45B9D5D4A
  bob  : 4217161E3C9BF076339ED147C9217EE0250F3580F43B8E72E12DCEA45B9D5D4A
- results:[32m equal [0m
-------------------------------------------------------------
x25519: (carol <---> dave: random test vectors)
- private keys:
  carol: 593C88AA59876667470F7256DE31BF0187E11C7CDFBDF654FBE2FB4B6B817EC6
  dave : 363F1F8F99D95F8E761AE3CC987902DA5B65AE372F55543CD8A185D27B1356EA
- public keys:
  carol: 49335110A9BFAEE04B26E014C5B66C4F5332DD0449DB319E5CDA941E713B2A9D
  dave : 11286328E598CBF797EBDFC76708EA606825C43B99A8DB056015F0A03BC63CB1
- shared secrets:
  carol: 7EB837D18E3DF1CA004EA8BA446BE7E3EE56731E1641EF0A0A0FC3B12784468E
  dave : 7EB837D18E3DF1CA004EA8BA446BE7E3EE56731E1641EF0A0A0FC3B12784468E
- results:[32m equal [0m

=============================================================
test_mon_varbase_mul - mon_varbase_mul
=============================================================

-------------------- Cycles --------------------

! @  1920167 1853152 1853643 1921155 1852051 2640610 2080794 2017486 1854666 1922923 1850584 1856396 1918680 1854488 1920181 1854145 1854213 1920834 1852028 2023281 2401454 1922734 1853363 1919291 1854141 1854041 1920511 1852729 1919333 1852157 1852285 1919238 2808011 2018092 1856407 1918871 1854744 1920129 1853883 1854698 1920968 1852625 1921446 1851516 1853029 2095108 2396832 1857647 1854405 1921104 1854170 1919586 1852815 1923449 1854897 1854699 1920985 1852327 2801487 2014677 1921854 1852265 1921433 1851836 1854290 1921120 1853654 1923051 1852575 1853657 1921469 2027443 1855792 2401893 1921049 2009179 1855602 1920440 1855120 1921785 1851400 1853167 1920126 1854123 2755261 2061114 1932651 1851922 1919208 1851906 1852904 1919693 1853432 1919370 1851200 1853030 2013473 1934690 1854462 2404325
! @  1921400 1854473 1922968 1855177 1854634 1918311 1851494 1918638 1854573 1854949 1919013 2810358 2016923 1853424 1920894 1852461 1917915 1853148 1855275 1918065 1854310 1921933 2029822 1855570 1920729 2402461 1855036 1919304 1853463 1852175 1918291 1851753 1917675 1854243 1855710 1918100 1851495 2811257 2016597 1921981 1852973 1918369 1853116 1852494 1919130 1852890 1921899 2024360 1853897 1919887 1853865 1853089 2399024 1920710 1853387 1920410 1857437 1854032 1918457 1852918 1920998 1854855 1852033 2798065 2092123 1856180 1851191 1918875 1853832 1919909 1851738 1853875 1920894 1853707 2024836 1920263 1853049 1920593 2479750 1920127 1853834 1855506 1919450 1852036 1921510 1853635 1856511 1917734 1851307 2739281 1993090 2016653 1853991 1919803 1853492 1852343 1917361 1851689 1921794 2024421
! @  1851871 1919863 1878983 1919935 2403963 1854111 1852343 1918263 1851972 1923017 1853866 1853691 1917134 1851784 1919613 1854098 2809550 2019842 1919099 1853196 1855224 1918660 1853171 1919650 2020711 1859133 1921724 1853345 1853934 1921213 2394693 1855891 1919406 1854021 1854308 1919494 1852244 1920799 1851270 1852970 1920647 1855472 2808061 2019674 1923880 1854919 1917988 1854538 1918841 1853527 2029706 1919791 1851710 1853478 1920614 1852470 1921549 2400634 1853347 1855024 1919506 1855261 1921795 1855934 1852333 1920120 1854240 1921734 2689581 2133865 1858553 1919841 1852646 1854602 1919857 1857378 2092784 1856257 1854569 1919616 1853324 2008399 1921770 2405698 1853434 1853868 1921371 1852820 1920410 1854204 1918866 1854813 1855018 1919351 2652091 2008570 2020172 1921854 1855615 1921174
! @  1853305 1860905 2091442 1855097 1854903 1918690 1852402 2024551 1923402 2404600 1853985 1919501 1852318 1853196 1919649 1852211 1919737 1852975 1853889 1918165 1854381 2809987 2016112 1919848 1854370 1918839 1852897 2131345 1851427 1854193 1922026 1853109 1918439 1853798 1855424 2401979 1921926 1852036 1920131 1852829 1853900 1920932 1853840 1922891 1853960 1853773 1921397 2810391 2016725 1853407 1923236 1853949 2096475 1856187 1851904 1920762 1851454 1918210 1853301 1851138 1917740 1852670 2401851 1919393 1854263 1855261 1917976 1853407 1921300 1854897 1855109 1921147 1855291 2802623 2024599 1922584 1854915 2133726 2023798 1860925 1922112 1853141 1921676 2009605 1852763 1851923 1920776 1852705 2403317 1919699 1852709 1920497 1853914 1851685 1918843 1853142 1919037 1855075 1853966 2758187
! @  2061589 1933311 1851392 1922913 2026853 1855333 1920340 1852097 1919648 1854258 1852319 1918363 1852794 1919542 2402651 1852347 1852591 1919965 1853890 1919040 1854933 1853212 1919161 1852321 1921245 1852889 2806780 2015075 1919084 2028589 1854465 1921472 1852624 1852954 1917959 1852169 1919947 1852160 1852898 1919677 2399204 1854572 1921288 1850703 1854592 1920266 1851600 1921810 1852228 1853671 1920459 1852163 2809966 2016620 1927188 2028237 1856233 1920261 1856243 1917745 1852928 1921370 1851983 1855458 1919357 1853354 2391987 1932525 1855432 1855593 1920231 1852129 1919962 1850429 1854170 1919874 1852899 1920306 2804191 2016299 1856673 2028174 1921267 1853634 1922365 2001020 1856150 1855594 1921269 1852677 1918655 1854853 1852918 2468157 1854984 1851650 1922901 1854667 1920634 1855101
! @  1851538 1918010 1853383 1922770 2672772 1992348 2192718 1854570 1918915 1851927 1917854 1854956 1856749 1920457 1855310 1921739 1851881 1854085 1918456 2405117 1854892 1918792 1853787 1921133 1855435 1852954 1919606 1854286 1920216 1855684 1853934 2813347 2145747 1855153 1918469 1855045 1919299 1854590 1853997 1918022 1851696 1919177 1853370 1851919 1918459 2397405 1856314 1921091 1853118 1852634 1919756 1853951 1918496 1852221 1854195 1919835 1852316 2973433 2017935 1921577 1851543 1852310 1921277 1854028 1920077 1851503 1854929 1921144 1852134 1921883 1854859 1852188 2405221 1920086 1855048 1917316 1852211 1852005 1918224 1851816 1921536 1854688 1854271 2757954 2238452 1923903 1851523 1919007 2008230 1853603 1922033 1852457 1855723 1919150 1854407 1922056 1854728 1853836 2398170 1919132
! @  1852355 1917881 1852738 1854726 1919199 1854084 1921485 1854542 1853072 2729383 2027487 2018389 1920399 1854318 1853906 1919337 1851699 1923384 1851130 1856637 1921387 1853685 1920206 1854118 2398976 1856065 1921102 1854253 1920064 1853579 1916359 1853551 1852999 1921385 1852553 2028606 2811200 2085905 1854476 1856288 1920767 1852120 1921040 1856297 1854238 1916308 1853632 1920403 1853704 1852128 2385576 1932829 1855732 1920344 1854598 1854334 1918507 1854701 1921405 1853337 2021215 1925954 2809073 2018374 1854329 1921444 1852276 1921546 1855166 1854044 1921017 1855398 1920683 1853625 1854904 1919959 1853099 2401330 1920462 1854752 1853179 1919126 1852056 1920359 1854238 1855148 1922812 2022909 2749995 1910127 2081211 2007854 1856117 1853786 1920787 1851921 1918852 1852479 1854814 1921223
! @  1855999 1918134 1852867 2402204 1922428 1854172 1853499 1920032 1852282 1922765 1854405 1857061 2092640 1856845 1854740 2915661 2017836 1855436 1921390 1852301 1921047 1852497 1853449 1919992 1855093 1920407 1853894 1852981 1917414 2400724 1854506 1919850 1854214 1853155 1919022 1850667 1919288 2020228 1860016 1920053 1855989 2810496 2017437 1919888 1851502 1856826 1921728 1854750 1921473 1853457 1855202 1919358 1852985 1919897 1854092 2389153 1933811 1852066 1854432 1920760 1852842 1922644 1853437 2027647 1921733 1853612 1853160 2807922 2085426 1857625 1856366 1920052 1856018 1921040 1855297 1853615 1919698 1854741 1918849 1853982 1920953 1854407 2398082 1852705 1920461 1853408 1919071 1856219 1857561 2093188 1855131 1853712 1921390 2795433 2073400 1931205 1850530 1921267 1854509 1854063
! @  1919838 1852861 1922328 1854423 1857624 1919968 1853128 1920168 2401473 1854141 1919338 1855567 1853511 1916086 1855907 2026830 1920569 1854017 1921577 1853379 2810373 2018738 1920255 1853487 1854410 1918848 1852812 1921268 1854493 1854670 1917091 1852729 1920911 1854531 2399584 1852887 1920380 1852153 1919468 1851015 2029199 1921345 1856535 1853517 1919426 1852564 2809563 2017274 1921512 1852876 1921061 1854334 1853555 1920210 1853679 1921674 1852852 1923172 1853443 1851371 1920281 2402153 1853587 1921468 1854682 2023550 1925185 1854219 1855205 1920099 1851244 1921676 2808800 2018788 1857611 1921569 1855290 1923629 1853901 1854821 1918942 1854216 1921955 1854175 1853344 1949336 1851369 2400389 1918478 1853344 1919423 1857223 2025256 1920605 1854121 1852648 2011376 1922100 2671033 1992542
! @  2081456 1855239 1854695 1918270 1854410 1915777 1856177 1854172 1917633 1853464 1921470 1852835 1852648 2397350 1918172 1852173 1854666 2024419 1855345 1919651 1854831 1853338 1919779 1852177 1918797 2814882 2015673 1855357 1921351 1854406 1854620 1918308 1854857 1921833 1854385 1853545 1920866 1856033 1952880 2404425 1857232 1919663 2023381 1858992 1921018 1855264 1919070 1852643 1853918 1920449 1852091 2814300 2018687 1921541 1854504 1920281 1853506 1854044 1921123 1853092 1918750 1853147 1920358 1855821 1854087 1916734 2402441 1853326 2029205 1921392 1854710 1922513 1854692 1853976 1922101 1853551 1920374 2809578 2017973 1855613 1920039 1853294 1851755 1921073 1856392 1918654 1854033 1923113 1854812 1853521 1947635 1855850 2401034 1922258 2027173 1855115 1921749 1854679 1917826 2010590

---------------- Instructions ----------------

! @  1096118 1084716 1084716 1096118 1084716 1335799 1117510 1106445 1084716 1096118 1084716 1084716 1096118 1084716 1096118 1084716 1084716 1096118 1084716 1106528 1158049 1096118 1084716 1096118 1084716 1084716 1096118 1084716 1096118 1084716 1084716 1096118 1357577 1106723 1084716 1096118 1084717 1096148 1084743 1084743 1096148 1084743 1096148 1084743 1084743 1117988 1158361 1084743 1084743 1096148 1084743 1096148 1084743 1096148 1084743 1084743 1096148 1084743 1357233 1106472 1096148 1084743 1096148 1084743 1084743 1096148 1084743 1096148 1084743 1084743 1096292 1106422 1084743 1158109 1096148 1106577 1084716 1096118 1084716 1096118 1084716 1084716 1096118 1084716 1351307 1112859 1096118 1084716 1096118 1084716 1084716 1096118 1084716 1096118 1084716 1084716 1106506 1096118 1084716 1158200
! @  1096118 1084716 1096118 1084716 1084716 1096118 1084716 1096118 1084729 1084776 1096118 1357822 1106694 1084716 1096118 1084716 1096118 1084716 1084716 1096118 1084716 1096262 1106375 1084716 1096118 1158073 1084716 1096118 1084716 1084716 1096118 1084716 1096118 1084716 1084716 1096118 1084716 1357443 1106723 1096118 1084716 1096118 1084716 1084716 1096118 1084716 1096118 1106544 1084743 1096148 1084743 1084743 1158236 1096148 1084743 1096148 1084743 1084743 1096148 1084743 1096148 1084743 1084743 1357619 1118129 1084743 1084743 1096148 1084743 1096148 1084743 1084743 1096148 1084887 1106153 1096148 1084743 1096148 1168165 1096118 1084716 1084716 1096118 1084716 1096118 1084716 1084716 1096118 1084716 1349423 1104138 1106723 1084716 1096118 1084716 1084716 1096118 1084716 1096262 1106116
! @  1084716 1096118 1088152 1096118 1158203 1084716 1084716 1096118 1084716 1096118 1084716 1084716 1096118 1084716 1096118 1084716 1357577 1106694 1096118 1084716 1084716 1096118 1084716 1096118 1106766 1084716 1096118 1084716 1084716 1096118 1157967 1084716 1096118 1084716 1084716 1096118 1084723 1096178 1084716 1084716 1096118 1084716 1357191 1106474 1096118 1084716 1096118 1084716 1096118 1084716 1106979 1096118 1084716 1084716 1096118 1084716 1096118 1158098 1084743 1084743 1096148 1084743 1096148 1084743 1084743 1096148 1084743 1096148 1339944 1124399 1084743 1096148 1084743 1084743 1096148 1084887 1117769 1084743 1084743 1096148 1084743 1106597 1096118 1158325 1084716 1084716 1096118 1084716 1096118 1084716 1096118 1084716 1084716 1096118 1335885 1106022 1106471 1096118 1084716 1096118
! @  1084716 1084860 1117729 1084716 1084716 1096118 1084716 1106665 1096118 1158055 1084716 1096118 1084716 1084716 1096118 1084716 1096118 1084716 1084716 1096118 1084716 1357443 1106694 1096118 1084716 1096118 1084860 1121913 1084716 1084716 1096118 1084716 1096118 1084716 1084716 1158200 1096118 1084716 1096118 1084716 1084716 1096118 1084716 1096118 1084716 1084716 1096118 1357577 1106723 1084716 1096118 1084716 1118466 1084716 1084716 1096118 1084716 1096118 1084716 1084716 1096118 1084716 1157712 1096118 1084723 1084776 1096118 1084747 1096178 1084770 1084770 1096178 1084770 1357527 1106754 1096178 1084770 1123760 1107094 1084743 1096148 1084743 1096148 1106565 1084716 1084716 1096118 1084716 1158203 1096118 1084716 1096118 1084716 1084716 1096118 1084716 1096118 1084716 1084716 1351307
! @  1112993 1096118 1084716 1096262 1106920 1084716 1096118 1084716 1096118 1084716 1084716 1096118 1084716 1096118 1158076 1084716 1084716 1096118 1084716 1096118 1084716 1084716 1096118 1084716 1096118 1084716 1357191 1106442 1096118 1107064 1084716 1096118 1084716 1084716 1096118 1084716 1096118 1084716 1084716 1096118 1158073 1084716 1096118 1084716 1084716 1096118 1084716 1096118 1084716 1084716 1096118 1084716 1357577 1106723 1096262 1106920 1084716 1096118 1084716 1096118 1084716 1096118 1084716 1084716 1096118 1084716 1158325 1096118 1084716 1084716 1096118 1084716 1096118 1084716 1084716 1096118 1084716 1096125 1357233 1106472 1084887 1106689 1096148 1084743 1096148 1106580 1084716 1084716 1096118 1084716 1096118 1084716 1084716 1169542 1084716 1084716 1096118 1084716 1096118 1084716
! @  1084716 1096118 1084716 1096118 1338021 1104138 1129062 1084716 1096118 1084716 1096118 1084716 1084716 1096118 1084716 1096118 1084716 1084716 1096118 1158200 1084716 1096118 1084716 1096118 1084716 1084716 1096118 1084716 1096118 1084716 1084716 1357966 1127198 1084716 1096118 1084716 1096118 1084716 1084716 1096118 1084716 1096118 1084716 1084716 1096118 1158073 1084716 1096118 1084716 1084716 1096118 1084716 1096118 1084716 1084716 1096118 1084716 1379740 1106723 1096118 1084716 1084716 1096118 1084716 1096118 1084716 1084716 1096118 1084716 1096118 1084716 1084716 1158200 1096118 1084716 1096118 1084716 1084716 1096118 1084716 1096118 1084716 1084716 1351451 1135117 1096118 1084716 1096134 1106590 1084743 1096148 1084743 1084743 1096148 1084743 1096148 1084743 1084743 1157748 1096148
! @  1084743 1096148 1084743 1084743 1096148 1084743 1096148 1084743 1084743 1349730 1107241 1106753 1096148 1084743 1084743 1096148 1084743 1096148 1084743 1084743 1096148 1084750 1096208 1084743 1158200 1084743 1096148 1084743 1096148 1084743 1096148 1084743 1084743 1096148 1084743 1107046 1357595 1118090 1084743 1084743 1096148 1084743 1096148 1084743 1084743 1096148 1084743 1096148 1084743 1084743 1157967 1096148 1084743 1096148 1084743 1084743 1096148 1084743 1096148 1084743 1106794 1096148 1357233 1106465 1084743 1096148 1084743 1096148 1084743 1084743 1096148 1084743 1096148 1084743 1084743 1096148 1084743 1157525 1096148 1084743 1084743 1096148 1084743 1096148 1084743 1084743 1096292 1106281 1351349 1091013 1117541 1106557 1084716 1084716 1096118 1084716 1096118 1084720 1084743 1096148
! @  1084743 1096148 1084743 1157774 1096148 1084743 1084743 1096148 1084743 1096148 1084743 1084887 1117679 1084743 1084743 1373363 1105914 1084743 1096148 1084743 1096148 1084743 1084743 1096148 1084743 1096148 1084743 1084743 1096148 1157522 1084743 1096148 1084743 1084743 1096148 1084743 1096148 1106552 1084743 1096148 1084743 1357485 1106137 1096148 1084743 1084743 1096148 1084743 1096148 1084750 1084803 1096148 1084743 1096148 1084743 1157649 1096148 1084743 1084743 1096148 1084743 1096148 1084743 1106552 1096148 1084743 1084743 1357619 1117571 1084743 1084743 1096148 1084743 1096148 1084743 1084743 1096148 1084743 1096148 1084743 1096148 1084743 1157522 1084743 1096148 1084743 1096148 1084743 1084887 1117813 1084743 1084743 1096148 1357083 1114127 1096118 1084716 1096118 1084716 1084716
! @  1096118 1084716 1096118 1084716 1084716 1096118 1084716 1096118 1157644 1084743 1096148 1084743 1084743 1096148 1084887 1106408 1096148 1084743 1096148 1084743 1357619 1106166 1096148 1084743 1084743 1096148 1084743 1096148 1084743 1084743 1096148 1084743 1096148 1084743 1157522 1084743 1096148 1084743 1096148 1084743 1106552 1096148 1084743 1084743 1096148 1084743 1357233 1105885 1096148 1084743 1096148 1084743 1084743 1096148 1084743 1096148 1084743 1096148 1084743 1084743 1096148 1157522 1084743 1096148 1084743 1106569 1096148 1084743 1084743 1096148 1084743 1096148 1357619 1106168 1084743 1096148 1084743 1096155 1084803 1084743 1096148 1084743 1096148 1084743 1084743 1098517 1084743 1157774 1096148 1084743 1096148 1084887 1106416 1096148 1084743 1084743 1106574 1096118 1337769 1104138
! @  1117257 1084716 1084716 1096118 1084716 1096118 1084716 1084716 1096118 1084716 1096118 1084716 1084716 1157486 1096118 1084716 1084860 1106117 1084739 1096148 1084743 1084743 1096148 1084743 1096148 1357485 1106168 1084743 1096148 1084743 1084743 1096148 1084743 1096148 1084743 1084743 1096148 1084743 1098255 1158324 1084743 1096148 1106291 1084743 1096148 1084743 1096148 1084743 1084743 1096148 1084743 1357864 1106687 1096148 1084743 1096148 1084743 1084743 1096148 1084743 1096148 1084743 1096148 1084743 1084743 1096148 1158072 1084743 1106284 1096148 1084743 1096148 1084743 1084743 1096148 1084743 1096148 1357485 1106716 1084743 1096148 1084743 1084743 1096148 1084743 1096148 1084743 1096148 1084743 1084743 1098878 1084743 1158199 1096292 1106896 1084743 1096148 1084743 1096147 1106557

----------------------------------------------

=============================================================
test_scott - X25519_SHARED_SECRET
=============================================================

-------------------- Cycles --------------------

! @  3925746 3761563 3691422 3768504 3766406 4814404 3764614 3692848 3763074 3764475 3696056 3937287 4249883 3767519 3756899 3760668 3694523 3768502 4657559 3932741 3759984 3689573 3765236 3944085 3690864 4309972 3698537 3762842 3765579 3762130 3696188 4730090 3860700 3767427 3765244 3692211 3943783 3760836 3692999 4316442 3693376 3696486 3765820 3763759 4493572 4090664 3697439 3764110 3761163 3870785 3768592 3763603 4403290 3758726 3694846 3766097 3763359 3691239 4894570 3691558 3763911 3763857 3873064 3765726 3765514 4246394 3760200 3756435 3696790 3759575 3761911 4815644 3690437 3761894 3758868 3871718 3763979 3760078 4250322 3764467 3760227 3693214 3763171 3760324 4660370 3930669 3692006 3768687 3938765 3694643 3760802 4244473 3763606 3763710 3763867 3693055 3764342 4727611 3860924 3761782
! @  3693347 3941992 3764081 3850485 3764446 4251181 3764213 3766244 3692549 3762530 4595710 3989339 3763464 3692603 3937067 3761418 3692999 3759852 4244760 3765209 3759875 3761014 3691340 3764762 4827756 3766540 3940910 3693046 3764141 3762950 3688162 4318387 3691042 3763857 3760842 3762741 3691584 4823170 3759978 3943178 3690665 3765060 3761835 3959406 4249582 3764889 3693777 3762544 3761429 3764234 4656573 3855373 3941380 3765784 3849959 3763704 3757868 4247679 3761689 3693133 3764906 3761206 3692392 4730301 3863094 3947937 3762406 3695077 3765025 3761403 4238290 3765256 3761685 3693298 3767008 3761374 4649729 3935517 3872614 3767110 3763154 3690384 3763290 3766721 4246107 3768285 3758930 3692443 3766313 4562041 4191453 3763330 3696719 3766779 3760698 3691802 3764966 4319086 3695834 3767474
! @  3760871 3693008 3762705 4831804 3945257 3764181 3852632 3763062 3762093 3695034 4316165 3693380 3764906 3762164 3692825 3764330 4949961 3765231 3692427 3761684 3757171 3693730 3762569 4247297 3763308 3764172 3761934 3694753 3765747 4833496 3930179 3762577 3690415 3767177 3760525 3692362 4312374 3690688 3762158 3763717 3761920 3691505 4748637 3858170 3766612 3762680 3693156 3698345 3766147 3762045 4252351 3763043 3757681 3695288 3766137 4567038 4044537 3841260 3769903 3760925 3760055 3689460 3765887 4245341 3768782 3759638 3692052 3763924 3941277 4812917 3763885 3689648 3766951 3760475 3693139 3762861 4313082 3693403 3763652 3760530 3692189 3943501 4817054 3765017 3690001 3759955 3763356 3763710 3785588 4247513 3764767 3692195 3766766 3760997 3873903 4729202 3853977 3764354 3762858 3689706
! @  3762306 3765800 4234911 3765826 3761458 3692913 3761115 3941918 4650643 4020341 3763330 3692707 3760954 3762918 3762833 3692562 4314056 3690791 3765588 3768181 3871945 4582475 4009431 3765084 3761252 3690816 3760052 3760174 3762817 4243872 3762244 3693379 3771657 3940145 3692889 4890763 3690876 3768571 3956838 3693139 3767279 4330908 4383483 4290485 3820030 3947923 3759989 4649688 3995374 3761221 3691803 3956027 3762281 3829323 3762422 4252221 3765058 3761742 4082512 3765295 4762951 3983531 3693584 3768587 3761547 3694365 3757835 4015094 4752967 3764556 3862782 4191880 3760045 4651508 3931718 3692854 3769503 3760380 3756740 3692897 3764004 4247892 3765577 3940946 3693545 3768272 4560385 4017031 3764096 3693520 3767592 3760504 3759128 3857519 4858438 3768648 3941753 3693318 3765727 4559671
! @  4020643 3763192 3692060 3759934 3761037 3763263 3692025 4318275 3696539 3942564 3762887 3856854 3762263 4828690 3764602 3692475 3764353 3764762 3764478 3693076 4316097 3766967 3869314 3757444 3692320 4192050 4894046 3692668 3766194 3763520 3690909 3763947 3761398 4250430 3940509 3690977 3762463 3760448 3764342 4659933 3926998 3695029 3765058 3759852 3692723 3764951 4314219 3875345 3762313 3692277 3765047 3763623 4659374 3931179 3765862 3694934 3767195 3764440 3761654 3695028 4427794 3763366 3916039 3699754 3766579 4723269 3860982 3764360 3693664 3769788 3762611 3762386 3692229 4497273 3694257 3765667 3763717 3692318 4564618 4019914 3769285 3763443 3758428 3694033 3764005 3765958 4274373 3767332 3762194 3695156 3763533 3760703 4827732 3763052 3759081 3693144 3764704 3760797 3692202 4499361
! @  3691186 3764089 3761316 3696762 3763065 4812575 3774137 3761348 3761824 3693854 3763711 3764763 4421985 3761991 3851328 3762727 3693621 3762374 4729201 3856883 3757947 3692128 3763799 3761389 3767337 4419770 3691619 3764943 3762812 4196735 3761592 4698245 3932370 3761480 3693008 3763681 3762994 3873094 4234883 3770636 3763758 3762569 3693030 3765522 4724234 3863250 3763619 3762531 3694581 3766258 3943651 3690259 4318355 3691458 3765995 3760692 3692478 3761301 4823578 3764674 3761398 3763924 3692178 3939904 3689803 4478153 3694082 3767564 3762275 3691847 3766623 4823212 3764536 3760397 3692032 3762289 3946299 3759906 4243240 3762160 3693007 3764781 3760085 3690778 4812922 3772333 3767597 3758919 3692793 3942953 3761012 4246175 3762893 3692264 3763146 3760399 3762394 4659664 3934710 3695833
! @  3765574 3854934 3771084 3766451 4353330 3694426 3768153 3760912 3764198 3695366 4724517 3861369 3765412 3762045 3693365 3943483 3763986 3855666 4582495 3765306 3690876 3764930 3766471 4648833 3933180 3693641 4149360 3940577 3689408 3767097 3761788 4246810 3763480 3760337 3690962 3770243 4575019 4001952 3764331 3693631 3939213 3765472 3691032 3768709 4247604 3765131 3763375 3761444 3694877 3767326 4824630 3768477 3763440 3877385 3764732 3762194 3794767 4244661 3760979 3688869 3764263 3762653 3766446 4816862 3696052 3764966 3940241 3762161 3853970 3766412 4252155 3758122 3692727 3767336 3761110 3764789 4656343 3930456 3693905 3940023 3767546 3691332 3785547 4317596 3695629 3767180 3760991 3692329 3763951 4726948 3859404 3937966 3697306 3766829 3762224 3694053 3762593 4312724 3694868 3766756
! @  3760790 3692791 4601632 3983792 3944441 3760960 3696070 3770605 3765056 3762277 4244663 3765208 3692064 3765433 3763528 3766083 4821847 3868601 3766535 3765112 3854689 3765136 3760465 4245314 3761984 3883161 3765208 3760219 3693148 4893087 3874391 3764355 3759281 3691042 3765826 3762717 4243943 3764791 3763591 3691401 3767062 3764584 4817737 4592182 3765130 3691237 3763856 3760796 3690953 4317067 3692054 3760144 3759908 3762016 3694606 4949153 3770482 3694202 3765345 3764202 3761628 3901974 4316220 3692969 3764883 3761703 3764155 3694819 4730092 3987965 3691889 3919421 3761648 3693978 3762423 4246549 3762887 3759977 3690661 3765237 3762065 4827602 3930441 3694048 3765527 3762463 3690253 3763500 3763490 4246614 3763497 3762744 3694469 3768132 4591907 4021116 3765618 3762221 3693894 3760877
! @  3762451 3761027 4242211 3761331 3694147 3766592 3764093 3868058 4902613 3694438 3767275 3763314 3692336 3763468 3766695 4246102 3767773 3759869 3694740 3766234 3942828 4819438 3852502 3764274 3762245 3693684 3764041 3765812 4247974 3764658 3760055 3689976 3765517 3944222 4662900 3927811 3692849 3765044 3762226 3762814 3693367 4317595 3692092 3764207 3762226 3759782 3873170 4725393 3859020 3765680 3688816 3767158 3765579 3766618 3689989 4312748 3693674 3770793 3762323 3873412 4604691 3989025 3765300 3760495 3757767 3699519 3769291 3761333 4247845 3765430 3762389 3691684 3941102 3759756 4911575 3762755 3758242 3689652 3764774 3760981 3758911 4245919 3762472 3693542 3769052 3939391 3691817 4891971 3694015 3768090 3761382 3690479 3767678 3758940 4248752 3766656 3761203 3869256 3763935 3766615
! @  4660061 3927311 3690013 3767888 3761848 3689023 3761769 4322478 3691331 3766453 3944435 3696477 3762177 4654607 3929768 3762756 3690659 3768603 3761559 4566672 4428467 4267251 3766362 3944403 3823342 3856010 4817134 3902037 3691619 3764289 3947416 3695267 3764730 4388431 3760194 3695789 3940759 3763990 3695558 4727770 3860416 3763583 3762881 3763441 3691147 3941358 4667360 3765684 4008387 3763506 3764599 3694819 4731595 3857825 3767354 3761300 3692416 3765437 3764292 4246662 3765963 3945064 3691747 3765350 3765309 4662519 3928582 3695235 3765508 3764082 3764448 3690845 4756486 3768576 3871272 3767959 3852037 3888684 4657549 3928498 3692714 3760279 3760610 3690210 3766187 3760431 4246930 3935962 3689920 3768910 3761680 4646782 3935094 3692154 3771903 3759991 3762200 3689501 3769230 4418107

---------------- Instructions ----------------

! @  2190300 2168436 2157034 2168436 2168436 2451702 2168436 2157034 2168436 2168436 2157178 2190565 2230357 2168436 2168436 2168436 2157034 2168436 2429895 2190406 2168436 2157034 2168449 2190769 2157088 2241716 2157088 2168493 2168493 2168493 2157155 2440983 2178783 2168493 2168493 2157088 2190769 2168493 2157088 2241825 2157088 2157088 2168493 2168493 2408521 2211909 2157088 2168493 2168493 2179354 2168493 2168492 2252450 2168436 2157034 2168436 2168436 2157034 2462600 2157034 2168436 2168436 2179297 2168436 2168436 2230354 2168436 2168436 2157034 2168436 2168436 2451731 2157034 2168436 2168436 2179297 2168436 2168436 2230537 2168493 2168493 2157088 2168493 2168493 2429964 2190437 2157088 2168637 2190615 2157088 2168493 2230417 2168493 2168493 2168560 2157088 2168493 2441235 2179061 2168493
! @  2157232 2190615 2168493 2178901 2168436 2230481 2168436 2168436 2157034 2168436 2423625 2196647 2168436 2157178 2190572 2168436 2157034 2168436 2230245 2168436 2168436 2168436 2157034 2168436 2451482 2168436 2190699 2157034 2168436 2168436 2157034 2241759 2157034 2168470 2168493 2168493 2157088 2451908 2168493 2190170 2157088 2168493 2168493 2192324 2230654 2168493 2157088 2168493 2168493 2168493 2429578 2178809 2190810 2168493 2178925 2168436 2168436 2230354 2168443 2157094 2168436 2168436 2157034 2441163 2178975 2190210 2168436 2157034 2168436 2168436 2230606 2168436 2168436 2157034 2168436 2168436 2430140 2190550 2178664 2168436 2168436 2157034 2168436 2168436 2230354 2168436 2168436 2157034 2168449 2419926 2222118 2168493 2157088 2168493 2168493 2157088 2168493 2241949 2157088 2168493
! @  2168493 2157088 2168493 2452081 2190126 2168493 2178895 2168436 2168436 2157034 2241395 2157034 2168436 2168436 2157034 2168436 2471785 2168436 2157034 2168436 2168436 2157034 2168436 2230551 2168436 2168436 2168436 2157034 2168436 2451375 2190406 2168436 2157034 2168436 2168436 2157034 2241650 2157034 2168436 2168436 2168436 2157034 2444000 2178730 2168493 2168493 2168493 2157088 2168493 2168493 2230420 2168493 2168493 2157088 2168493 2421447 2201693 2178928 2168436 2168436 2168436 2157034 2168436 2230609 2168436 2168436 2157034 2168436 2190200 2451174 2168436 2157034 2168436 2168436 2157034 2168436 2241756 2157034 2168436 2168436 2157034 2190193 2451731 2168436 2157034 2168436 2168436 2168443 2171392 2230481 2168436 2157034 2168436 2168436 2178796 2441542 2178975 2168436 2168436 2157071
! @  2168493 2168493 2230056 2168493 2168493 2157088 2168493 2190258 2429830 2200909 2168436 2157034 2168436 2168436 2168436 2157034 2241886 2157034 2168436 2168580 2178571 2421741 2198531 2168436 2168436 2157034 2168436 2168436 2168436 2230248 2168436 2157034 2168580 2189966 2157034 2462884 2157034 2168436 2191548 2157034 2168436 2236042 2245586 2229635 2172583 2190247 2168436 2427772 2196647 2168436 2157034 2187850 2168496 2172556 2168527 2230735 2168550 2168550 2206263 2168493 2445249 2196290 2157034 2168436 2168436 2157034 2168436 2196268 2290217 2168436 2179061 2217917 2168436 2429761 2189829 2157034 2168436 2168436 2168436 2157034 2168436 2230058 2168436 2190480 2157034 2168436 2419857 2199891 2168436 2157034 2168436 2168436 2168436 2178733 2301729 2168436 2190463 2157034 2168436 2419857
! @  2200287 2168436 2157034 2168436 2168436 2168436 2157034 2241910 2157179 2190631 2168493 2178935 2168493 2451943 2168493 2157095 2168553 2168493 2168493 2157088 2241470 2168637 2179226 2168493 2157088 2219065 2463185 2157088 2168493 2168493 2157088 2168493 2168493 2230571 2190775 2157088 2168493 2168493 2168493 2429964 2190472 2157088 2168493 2168493 2157088 2168493 2241740 2179370 2168493 2157088 2168493 2168493 2429578 2190194 2168493 2157088 2168493 2168493 2168493 2157088 2252729 2168493 2190330 2157034 2168482 2441369 2179067 2168493 2157088 2168493 2168493 2168493 2157088 2264331 2157088 2168493 2168493 2157088 2419674 2200102 2168553 2168493 2168493 2157088 2168493 2168493 2233250 2168493 2168493 2157088 2168493 2168493 2451812 2168493 2168493 2157088 2168493 2168493 2157088 2264206
! @  2157088 2168493 2168493 2157088 2168493 2452159 2168493 2168493 2168493 2157088 2168493 2168637 2252275 2168493 2178898 2168436 2157034 2168436 2441163 2179050 2168493 2157088 2168493 2168493 2168637 2251863 2157088 2168493 2168493 2219066 2168493 2434784 2190443 2168493 2157088 2168493 2168493 2179150 2230314 2168493 2168493 2168493 2157088 2168493 2441302 2178818 2168493 2168493 2157088 2168493 2190816 2157088 2241821 2157088 2168493 2168493 2157088 2168493 2451904 2168493 2168493 2168493 2157088 2190806 2157088 2263901 2157034 2168436 2168436 2157034 2168436 2451223 2168436 2168436 2157056 2168493 2190767 2168493 2229865 2168493 2157088 2168493 2168493 2157088 2451222 2168493 2168493 2168493 2157088 2190266 2168493 2229992 2168493 2157088 2168493 2168493 2168493 2430209 2189916 2157088
! @  2168493 2178861 2168493 2168493 2245915 2157088 2168493 2168493 2168500 2157148 2441235 2178482 2168493 2168493 2157232 2190122 2168493 2178895 2270433 2168436 2157034 2168436 2168436 2429895 2189856 2157034 2213460 2190206 2157034 2168449 2168493 2229506 2168493 2168493 2157088 2168493 2421810 2197907 2168493 2157088 2190266 2168493 2157088 2168493 2229997 2168493 2168493 2168493 2157088 2168493 2451389 2168493 2168493 2178878 2168493 2168493 2170600 2229763 2168493 2157088 2168493 2168493 2168493 2450725 2157088 2168493 2190031 2168493 2178910 2168436 2229809 2168436 2157041 2168496 2168436 2168436 2429895 2189858 2157178 2190055 2168436 2157034 2171332 2241463 2157032 2168493 2168493 2157088 2168493 2440983 2178232 2190256 2157088 2168493 2168493 2157088 2168493 2241274 2157088 2168493
! @  2168493 2157088 2423694 2196054 2190256 2168493 2157088 2168493 2168493 2168493 2229996 2168493 2157088 2168493 2168493 2168493 2451605 2178763 2168493 2168493 2178918 2168436 2168436 2229806 2168436 2180359 2168436 2168436 2157034 2462585 2178843 2168436 2168436 2157034 2168436 2168436 2229933 2168503 2168436 2157034 2168515 2168550 2451432 2268805 2168493 2157088 2168493 2168493 2157088 2241274 2157088 2168493 2168493 2168493 2157088 2471246 2168493 2157088 2168493 2168493 2168493 2185061 2241806 2157088 2168493 2168493 2168493 2157088 2441510 2199510 2157088 2190297 2168436 2157034 2168436 2230608 2168436 2168436 2157034 2168436 2168436 2451775 2190156 2157034 2168436 2168436 2157034 2168436 2168436 2229808 2168436 2168436 2157034 2168436 2423820 2199080 2168493 2168493 2157088 2168493
! @  2168493 2168500 2230183 2168493 2157088 2168493 2168493 2179360 2463017 2157088 2168493 2168493 2157088 2168493 2168493 2229871 2168493 2168493 2157088 2168493 2190765 2451204 2178922 2168436 2168436 2157034 2168436 2168436 2229935 2168436 2168436 2157034 2168436 2190705 2429895 2189860 2157034 2168436 2168436 2168436 2157034 2240849 2157034 2168436 2168436 2168436 2179303 2441163 2178429 2168436 2157050 2168493 2168493 2168493 2157088 2241406 2157088 2168493 2168493 2179360 2423694 2196190 2168493 2168493 2168493 2157088 2168560 2168493 2229765 2168493 2168493 2157232 2190621 2168493 2461126 2168436 2168436 2157034 2168436 2168436 2168436 2229811 2168436 2157034 2168580 2190309 2157034 2462721 2157034 2168436 2168436 2157034 2168436 2168436 2230060 2168436 2168436 2178459 2168436 2168436
! @  2429509 2189579 2157034 2168436 2168436 2157034 2168485 2241276 2157088 2168493 2189914 2157088 2168493 2429830 2189920 2168493 2157088 2168493 2168493 2267831 2249038 2228099 2168493 2190803 2172693 2178910 2451290 2183985 2157034 2168443 2187903 2157034 2168436 2246479 2168436 2157178 2190619 2168436 2157034 2441163 2178460 2168436 2168436 2168436 2157034 2195616 2282985 2168436 2194866 2168436 2168436 2157034 2441297 2178977 2168436 2168436 2157034 2168436 2168436 2230247 2168458 2190806 2157088 2168493 2168493 2429830 2190219 2157088 2168493 2168493 2168493 2157088 2291756 2168493 2179401 2168493 2178913 2183958 2429895 2190379 2157034 2168436 2168436 2157034 2168436 2168436 2230755 2190602 2157034 2168436 2168436 2429509 2190156 2157041 2168496 2168436 2168436 2157034 2168436 2252126

----------------------------------------------
