=============================================================
test_nop - nop_routine
=============================================================

-------------------- Cycles --------------------

! @  15 13 13 13 13 13 13 13 13 13

---------------- Instructions ----------------

! @  25 25 25 25 25 25 25 25 25 25

----------------------------------------------

=============================================================
test_gfp_arith - gfp add
=============================================================

-------------------- Cycles --------------------

! @  94 102 94 94 94 94 94 94 94 94

---------------- Instructions ----------------

! @  93 93 93 93 93 93 93 93 93 93

----------------------------------------------

=============================================================
test_gfp_arith - gfp sub
=============================================================

-------------------- Cycles --------------------

! @  109 107 107 107 107 107 107 107 107 107

---------------- Instructions ----------------

! @  113 113 113 113 113 113 113 113 113 113

----------------------------------------------

=============================================================
test_gfp_arith - gfp mul
=============================================================

-------------------- Cycles --------------------

! @  498 492 492 492 492 492 492 492 492 492

---------------- Instructions ----------------

! @  417 417 417 417 417 417 417 417 417 417

----------------------------------------------

=============================================================
test_gfp_arith - gfp mul32
=============================================================

-------------------- Cycles --------------------

! @  98 98 98 98 98 98 98 98 98 98

---------------- Instructions ----------------

! @  93 93 93 93 93 93 93 93 93 93

----------------------------------------------

=============================================================
test_gfp_arith - gfp sqr
=============================================================

-------------------- Cycles --------------------

! @  397 395 395 395 395 395 395 395 395 395

---------------- Instructions ----------------

! @  342 342 342 342 342 342 342 342 342 342

----------------------------------------------

=============================================================
test_gfp_arith - gfp inv
=============================================================

-------------------- Cycles --------------------

! @  104936 105347 104878 105359 104869 105347 104875 105344 104877 105360

---------------- Instructions ----------------

! @  85624 85624 85624 85624 85624 85624 85624 85624 85624 85624

----------------------------------------------

=============================================================
test_curve_arith - mon_ladder_step
=============================================================

-------------------- Cycles --------------------

! @  4751 4749 4749 5133 5244 4749 4749 4749 4749 4749

---------------- Instructions ----------------

! @  3992 3992 3992 3992 3992 3992 3992 3992 3992 3992

----------------------------------------------

=============================================================
test_mon_varbase_mul - mon_varbase_mul
=============================================================

-------------------- Cycles --------------------

! @  1396406 1397219 1396440 1397202 1396483 1397230 1396300 1397262 1396310 1397134

---------------- Instructions ----------------

! @  1134145 1134145 1134145 1134145 1134145 1134145 1134145 1134145 1134145 1134145

----------------------------------------------
