====
REPO_HOME         := /home/gk24545/Documents/software/Github/mpise-releases/v22052025
RISCV             := /home/gk24545/Documents/software/Github/mpise-releases/v22052025/build/riscv-spike
MPISE_DESTRUCTIVE := 1
MPISE_STATELESS   := 1
----
ARCH              := rv32
TYPE              := ise
RADIX             := 22
PLATFORM          := spike
VERSION           := hybrid
<<<<
bbl loader
! 22, ise, 32, 1, 1, 8, 176, 420, 420, 420
  result is correct!
! 22, ise, 32, 1, 1, 12, 264, 740, 740, 740
  result is correct!
! 22, ise, 32, 1, 1, 16, 352, 1148, 1148, 1148
  result is correct!
! 22, ise, 32, 1, 1, 20, 440, 1644, 1644, 1644
  result is correct!
! 22, ise, 32, 1, 1, 24, 528, 2228, 2228, 2228
  result is correct!
! 22, ise, 32, 1, 1, 28, 616, 2900, 2900, 2900
  result is correct!
! 22, ise, 32, 1, 1, 32, 704, 3660, 3660, 3660
  result is correct!
! 22, ise, 32, 1, 1, 36, 792, 4508, 4508, 4508
  result is correct!
! 22, ise, 32, 1, 1, 40, 880, 5444, 5444, 5444
  result is correct!
! 22, ise, 32, 1, 1, 44, 968, 6468, 6468, 6468
  result is correct!
! 22, ise, 32, 1, 1, 48, 1056, 7580, 7580, 7580
  result is correct!
! 22, ise, 32, 1, 1, 52, 1144, 8780, 8780, 8780
  result is correct!
! 22, ise, 32, 1, 1, 56, 1232, 10068, 10068, 10068
  result is correct!
! 22, ise, 32, 1, 1, 60, 1320, 11444, 11444, 11444
  result is correct!
! 22, ise, 32, 1, 1, 64, 1408, 12908, 12908, 12908
  result is correct!
! 22, ise, 32, 1, 1, 68, 1496, 14460, 14460, 14460
  result is correct!
! 22, ise, 32, 1, 1, 72, 1584, 16100, 16100, 16100
  result is correct!
>>>>
