====
REPO_HOME         := /home/gk24545/Documents/software/Github/mpise-releases/v22052025
RISCV             := /home/gk24545/Documents/software/Github/mpise-releases/v22052025/build/riscv-spike
MPISE_DESTRUCTIVE := 1
MPISE_STATELESS   := 1
----
ARCH              := rv32
TYPE              := isa
RADIX             := 23
PLATFORM          := spike
VERSION           := simple
<<<<
bbl loader
! 23, isa, 32, 1, 1, 8, 184, 974, 974, 974
  result is correct!
! 23, isa, 32, 1, 1, 12, 276, 2030, 2030, 2030
  result is correct!
! 23, isa, 32, 1, 1, 16, 368, 3470, 3470, 3470
  result is correct!
! 23, isa, 32, 1, 1, 20, 460, 5294, 5294, 5294
  result is correct!
! 23, isa, 32, 1, 1, 24, 552, 7502, 7502, 7502
  result is correct!
! 23, isa, 32, 1, 1, 28, 644, 10094, 10094, 10094
  result is correct!
! 23, isa, 32, 1, 1, 32, 736, 13070, 13070, 13070
  result is correct!
! 23, isa, 32, 1, 1, 36, 828, 16430, 16430, 16430
  result is correct!
! 23, isa, 32, 1, 1, 40, 920, 20174, 20174, 20174
  result is correct!
! 23, isa, 32, 1, 1, 44, 1012, 24302, 24302, 24302
  result is correct!
! 23, isa, 32, 1, 1, 48, 1104, 28814, 28814, 28814
  result is correct!
! 23, isa, 32, 1, 1, 52, 1196, 33710, 33710, 33710
  result is correct!
! 23, isa, 32, 1, 1, 56, 1288, 38990, 38990, 38990
  result is correct!
! 23, isa, 32, 1, 1, 60, 1380, 44654, 44654, 44654
  result is correct!
! 23, isa, 32, 1, 1, 64, 1472, 50702, 50702, 50702
  result is correct!
! 23, isa, 32, 1, 1, 68, 1564, 57134, 57134, 57134
  result is correct!
! 23, isa, 32, 1, 1, 72, 1656, 63950, 63950, 63950
  result is correct!
>>>>
