====
REPO_HOME         := /home/gk24545/Documents/software/Github/mpise-releases/v22052025
RISCV             := /home/gk24545/Documents/software/Github/mpise-releases/v22052025/build/riscv-spike
MPISE_DESTRUCTIVE := 1
MPISE_STATELESS   := 1
----
ARCH              := rv32
TYPE              := isa
RADIX             := 21
PLATFORM          := spike
VERSION           := hybrid
<<<<
bbl loader
! 21, isa, 32, 1, 1, 8, 168, 722, 722, 722
  result is correct!
! 21, isa, 32, 1, 1, 12, 252, 1386, 1386, 1386
  result is correct!
! 21, isa, 32, 1, 1, 16, 336, 2266, 2266, 2266
  result is correct!
! 21, isa, 32, 1, 1, 20, 420, 3362, 3362, 3362
  result is correct!
! 21, isa, 32, 1, 1, 24, 504, 4674, 4674, 4674
  result is correct!
! 21, isa, 32, 1, 1, 28, 588, 6202, 6202, 6202
  result is correct!
! 21, isa, 32, 1, 1, 32, 672, 7946, 7946, 7946
  result is correct!
! 21, isa, 32, 1, 1, 36, 756, 9906, 9906, 9906
  result is correct!
! 21, isa, 32, 1, 1, 40, 840, 12082, 12082, 12082
  result is correct!
! 21, isa, 32, 1, 1, 44, 924, 14474, 14474, 14474
  result is correct!
! 21, isa, 32, 1, 1, 48, 1008, 17082, 17082, 17082
  result is correct!
! 21, isa, 32, 1, 1, 52, 1092, 19906, 19906, 19906
  result is correct!
! 21, isa, 32, 1, 1, 56, 1176, 22946, 22946, 22946
  result is correct!
! 21, isa, 32, 1, 1, 60, 1260, 26202, 26202, 26202
  result is correct!
! 21, isa, 32, 1, 1, 64, 1344, 29674, 29674, 29674
  result is correct!
! 21, isa, 32, 1, 1, 68, 1428, 33362, 33362, 33362
  result is correct!
! 21, isa, 32, 1, 1, 72, 1512, 37266, 37266, 37266
  result is correct!
>>>>
