====
REPO_HOME         := /home/gk24545/Documents/software/Github/mpise-releases/v22052025
RISCV             := /home/gk24545/Documents/software/Github/mpise-releases/v22052025/build/riscv-spike
MPISE_DESTRUCTIVE := 1
MPISE_STATELESS   := 1
----
ARCH              := rv32
TYPE              := ise
RADIX             := 20
PLATFORM          := spike
VERSION           := simple
<<<<
bbl loader
! 20, ise, 32, 1, 1, 8, 160, 704, 704, 704
  result is correct!
! 20, ise, 32, 1, 1, 12, 240, 1432, 1432, 1432
  result is correct!
! 20, ise, 32, 1, 1, 16, 320, 2416, 2416, 2416
  result is correct!
! 20, ise, 32, 1, 1, 20, 400, 3656, 3656, 3656
  result is correct!
! 20, ise, 32, 1, 1, 24, 480, 5152, 5152, 5152
  result is correct!
! 20, ise, 32, 1, 1, 28, 560, 6904, 6904, 6904
  result is correct!
! 20, ise, 32, 1, 1, 32, 640, 8912, 8912, 8912
  result is correct!
! 20, ise, 32, 1, 1, 36, 720, 11176, 11176, 11176
  result is correct!
! 20, ise, 32, 1, 1, 40, 800, 13696, 13696, 13696
  result is correct!
! 20, ise, 32, 1, 1, 44, 880, 16472, 16472, 16472
  result is correct!
! 20, ise, 32, 1, 1, 48, 960, 19504, 19504, 19504
  result is correct!
! 20, ise, 32, 1, 1, 52, 1040, 22792, 22792, 22792
  result is correct!
! 20, ise, 32, 1, 1, 56, 1120, 26336, 26336, 26336
  result is correct!
! 20, ise, 32, 1, 1, 60, 1200, 30136, 30136, 30136
  result is correct!
! 20, ise, 32, 1, 1, 64, 1280, 34192, 34192, 34192
  result is correct!
! 20, ise, 32, 1, 1, 68, 1360, 38504, 38504, 38504
  result is correct!
! 20, ise, 32, 1, 1, 72, 1440, 43072, 43072, 43072
  result is correct!
>>>>
