====
REPO_HOME         := /home/gk24545/Documents/software/Github/mpise-releases/v22052025
RISCV             := /home/gk24545/Documents/software/Github/mpise-releases/v22052025/build/riscv-spike
MPISE_DESTRUCTIVE := 1
MPISE_STATELESS   := 1
----
ARCH              := rv32
TYPE              := ise
RADIX             := 32
PLATFORM          := spike
VERSION           := hybrid
<<<<
bbl loader
! 32, ise, 32, 1, 1, 8, 256, 478, 478, 478
  result is correct!
! 32, ise, 32, 1, 1, 12, 384, 976, 976, 976
  result is correct!
! 32, ise, 32, 1, 1, 16, 512, 1658, 1658, 1658
  result is correct!
! 32, ise, 32, 1, 1, 20, 640, 2524, 2524, 2524
  result is correct!
! 32, ise, 32, 1, 1, 24, 768, 3574, 3574, 3574
  result is correct!
! 32, ise, 32, 1, 1, 28, 896, 4808, 4808, 4808
  result is correct!
! 32, ise, 32, 1, 1, 32, 1024, 6226, 6226, 6226
  result is correct!
! 32, ise, 32, 1, 1, 36, 1152, 7828, 7828, 7828
  result is correct!
! 32, ise, 32, 1, 1, 40, 1280, 9614, 9614, 9614
  result is correct!
! 32, ise, 32, 1, 1, 44, 1408, 11584, 11584, 11584
  result is correct!
! 32, ise, 32, 1, 1, 48, 1536, 13738, 13738, 13738
  result is correct!
! 32, ise, 32, 1, 1, 52, 1664, 16076, 16076, 16076
  result is correct!
! 32, ise, 32, 1, 1, 56, 1792, 18598, 18598, 18598
  result is correct!
! 32, ise, 32, 1, 1, 60, 1920, 21304, 21304, 21304
  result is correct!
! 32, ise, 32, 1, 1, 64, 2048, 24194, 24194, 24194
  result is correct!
>>>>
