====
REPO_HOME         := /home/gk24545/Documents/software/Github/mpise-releases/v22052025
RISCV             := /home/gk24545/Documents/software/Github/mpise-releases/v22052025/build/riscv-spike
MPISE_DESTRUCTIVE := 1
MPISE_STATELESS   := 1
----
ARCH              := rv32
TYPE              := ise
RADIX             := 21
PLATFORM          := spike
VERSION           := hybrid
<<<<
bbl loader
! 21, ise, 32, 1, 1, 8, 168, 420, 420, 420
  result is correct!
! 21, ise, 32, 1, 1, 12, 252, 740, 740, 740
  result is correct!
! 21, ise, 32, 1, 1, 16, 336, 1148, 1148, 1148
  result is correct!
! 21, ise, 32, 1, 1, 20, 420, 1644, 1644, 1644
  result is correct!
! 21, ise, 32, 1, 1, 24, 504, 2228, 2228, 2228
  result is correct!
! 21, ise, 32, 1, 1, 28, 588, 2900, 2900, 2900
  result is correct!
! 21, ise, 32, 1, 1, 32, 672, 3660, 3660, 3660
  result is correct!
! 21, ise, 32, 1, 1, 36, 756, 4508, 4508, 4508
  result is correct!
! 21, ise, 32, 1, 1, 40, 840, 5444, 5444, 5444
  result is correct!
! 21, ise, 32, 1, 1, 44, 924, 6468, 6468, 6468
  result is correct!
! 21, ise, 32, 1, 1, 48, 1008, 7580, 7580, 7580
  result is correct!
! 21, ise, 32, 1, 1, 52, 1092, 8780, 8780, 8780
  result is correct!
! 21, ise, 32, 1, 1, 56, 1176, 10068, 10068, 10068
  result is correct!
! 21, ise, 32, 1, 1, 60, 1260, 11444, 11444, 11444
  result is correct!
! 21, ise, 32, 1, 1, 64, 1344, 12908, 12908, 12908
  result is correct!
! 21, ise, 32, 1, 1, 68, 1428, 14460, 14460, 14460
  result is correct!
! 21, ise, 32, 1, 1, 72, 1512, 16100, 16100, 16100
  result is correct!
>>>>
