>>>>
====
REPO_HOME         := auto-generated-text
RISCV             := auto-generated-text
MPISE_DESTRUCTIVE := 0
MPISE_STATELESS   := 0
----
ARCH              := rv32
TYPE              := isa
RADIX             := 29
PLATFORM          := cva6-fpga
VERSION           := simple
<<<<
bbl loader
! 29, isa, 32, 0, 0, 8, 232, 1000, 746, 1226, 1226, 1226
  result is correct!
! 29, isa, 32, 0, 0, 12, 348, 1000, 951, 2490, 2490, 2490
  result is correct!
! 29, isa, 32, 0, 0, 16, 464, 1000, 926, 4202, 4202, 4202
  result is correct!
! 29, isa, 32, 0, 0, 20, 580, 1000, 891, 6362, 6362, 6362
  result is correct!
! 29, isa, 32, 0, 0, 24, 696, 1000, 858, 8970, 8970, 8970
  result is correct!
! 29, isa, 32, 0, 0, 28, 812, 1000, 811, 12026, 12026, 12026
  result is correct!
! 29, isa, 32, 0, 0, 32, 928, 1000, 760, 15530, 15530, 15530
  result is correct!
! 29, isa, 32, 0, 0, 36, 1044, 1000, 711, 19482, 19483, 19482
  result is correct!
! 29, isa, 32, 0, 0, 40, 1160, 1000, 650, 23882, 23883, 23882
  result is correct!
! 29, isa, 32, 0, 0, 44, 1276, 1000, 579, 28730, 28731, 28730
  result is correct!
! 29, isa, 32, 0, 0, 48, 1392, 1000, 651, 34026, 34225, 34042
  result is correct!
! 29, isa, 32, 0, 0, 52, 1508, 1000, 709, 39770, 40688, 39856
  result is correct!
! 29, isa, 32, 0, 0, 56, 1624, 1000, 666, 45962, 46780, 46026
  result is correct!
! 29, isa, 32, 0, 0, 60, 1740, 1000, 613, 52602, 53841, 52749
  result is correct!
! 29, isa, 32, 0, 0, 64, 1856, 1000, 562, 59690, 60885, 59870
  result is correct!
