>>>>
====
REPO_HOME         := auto-generated-text
RISCV             := auto-generated-text
MPISE_DESTRUCTIVE := 0
MPISE_STATELESS   := 0
----
ARCH              := rv32
TYPE              := isa
RADIX             := 32
PLATFORM          := cva6-fpga
VERSION           := simple
<<<<
bbl loader
! 32, isa, 32, 0, 0, 8, 256, 1000, 977, 1320, 1321, 1320
  result is correct!
! 32, isa, 32, 0, 0, 12, 384, 1000, 959, 2728, 2729, 2728
  result is correct!
! 32, isa, 32, 0, 0, 16, 512, 1000, 927, 4648, 4649, 4648
  result is correct!
! 32, isa, 32, 0, 0, 20, 640, 1000, 895, 7080, 7081, 7080
  result is correct!
! 32, isa, 32, 0, 0, 24, 768, 1000, 849, 10024, 10025, 10024
  result is correct!
! 32, isa, 32, 0, 0, 28, 896, 1000, 800, 13480, 13481, 13480
  result is correct!
! 32, isa, 32, 0, 0, 32, 1024, 1000, 745, 17448, 17449, 17448
  result is correct!
! 32, isa, 32, 0, 0, 36, 1152, 1000, 680, 21928, 21953, 21928
  result is correct!
! 32, isa, 32, 0, 0, 40, 1280, 1000, 602, 26920, 26927, 26920
  result is correct!
! 32, isa, 32, 0, 0, 44, 1408, 1000, 525, 32424, 32431, 32424
  result is correct!
! 32, isa, 32, 0, 0, 48, 1536, 1000, 719, 38440, 39196, 38525
  result is correct!
! 32, isa, 32, 0, 0, 52, 1664, 1000, 670, 44968, 45954, 45073
  result is correct!
! 32, isa, 32, 0, 0, 56, 1792, 1000, 618, 52008, 52867, 52144
  result is correct!
! 32, isa, 32, 0, 0, 60, 1920, 1000, 562, 59560, 60764, 59745
  result is correct!
! 32, isa, 32, 0, 0, 64, 2048, 1000, 500, 67624, 68602, 67845
  result is correct!
