>>>>
====
REPO_HOME         := auto-generated-text
RISCV             := auto-generated-text
MPISE_DESTRUCTIVE := 0
MPISE_STATELESS   := 0
----
ARCH              := rv32
TYPE              := ise
RADIX             := 23
PLATFORM          := cva6-fpga
VERSION           := simple
<<<<
bbl loader
! 23, ise, 32, 0, 0, 8, 184, 1000, 741, 1019, 1020, 1019
  result is correct!
! 23, ise, 32, 0, 0, 12, 276, 1000, 967, 2035, 2036, 2035
  result is correct!
! 23, ise, 32, 0, 0, 16, 368, 1000, 950, 3403, 3404, 3403
  result is correct!
! 23, ise, 32, 0, 0, 20, 460, 1000, 923, 5123, 5124, 5123
  result is correct!
! 23, ise, 32, 0, 0, 24, 552, 1000, 894, 7195, 7196, 7195
  result is correct!
! 23, ise, 32, 0, 0, 28, 644, 1000, 861, 9619, 9620, 9619
  result is correct!
! 23, ise, 32, 0, 0, 32, 736, 1000, 819, 12395, 12396, 12395
  result is correct!
! 23, ise, 32, 0, 0, 36, 828, 1000, 773, 15523, 15524, 15523
  result is correct!
! 23, ise, 32, 0, 0, 40, 920, 1000, 386, 19003, 19003, 19003
  result is correct!
! 23, ise, 32, 0, 0, 44, 1012, 1000, 692, 22835, 22844, 22835
  result is correct!
! 23, ise, 32, 0, 0, 48, 1104, 1000, 704, 27019, 27119, 27023
  result is correct!
! 23, ise, 32, 0, 0, 52, 1196, 1000, 654, 31555, 31604, 31560
  result is correct!
! 23, ise, 32, 0, 0, 56, 1288, 1000, 732, 36443, 37394, 36519
  result is correct!
! 23, ise, 32, 0, 0, 60, 1380, 1000, 691, 41683, 42679, 41768
  result is correct!
! 23, ise, 32, 0, 0, 64, 1472, 1000, 649, 47275, 48158, 47386
  result is correct!
! 23, ise, 32, 0, 0, 68, 1564, 1000, 607, 53219, 54179, 53358
  result is correct!
! 23, ise, 32, 0, 0, 72, 1656, 1000, 560, 59515, 60642, 59682
  result is correct!
