>>>>
====
REPO_HOME         := auto-generated-text
RISCV             := auto-generated-text
MPISE_DESTRUCTIVE := 0
MPISE_STATELESS   := 0
----
ARCH              := rv32
TYPE              := ise
RADIX             := 27
PLATFORM          := cva6-fpga
VERSION           := simple
<<<<
bbl loader
! 27, ise, 32, 0, 0, 8, 216, 1000, 751, 1010, 1010, 1010
  result is correct!
! 27, ise, 32, 0, 0, 12, 324, 1000, 955, 2026, 2026, 2026
  result is correct!
! 27, ise, 32, 0, 0, 16, 432, 1000, 933, 3394, 3394, 3394
  result is correct!
! 27, ise, 32, 0, 0, 20, 540, 1000, 907, 5114, 5114, 5114
  result is correct!
! 27, ise, 32, 0, 0, 24, 648, 1000, 880, 7186, 7186, 7186
  result is correct!
! 27, ise, 32, 0, 0, 28, 756, 1000, 849, 9610, 9610, 9610
  result is correct!
! 27, ise, 32, 0, 0, 32, 864, 1000, 801, 12386, 12386, 12386
  result is correct!
