>>>>
====
REPO_HOME         := auto-generated-text
RISCV             := auto-generated-text
MPISE_DESTRUCTIVE := 0
MPISE_STATELESS   := 0
----
ARCH              := rv32
TYPE              := isa
RADIX             := 25
PLATFORM          := cva6-fpga
VERSION           := hybrid
<<<<
bbl loader
! 25, isa, 32, 0, 0, 8, 200, 1000, 123, 824, 824, 824
  result is correct!
! 25, isa, 32, 0, 0, 12, 300, 1000, 486, 1621, 1621, 1621
  result is correct!
! 25, isa, 32, 0, 0, 16, 400, 1000, 479, 2662, 2662, 2662
  result is correct!
! 25, isa, 32, 0, 0, 20, 500, 1000, 463, 3937, 3937, 3937
  result is correct!
! 25, isa, 32, 0, 0, 24, 600, 1000, 458, 5470, 5470, 5470
  result is correct!
! 25, isa, 32, 0, 0, 28, 700, 1000, 443, 7257, 7257, 7257
  result is correct!
! 25, isa, 32, 0, 0, 32, 800, 1000, 419, 9298, 9300, 9298
  result is correct!
! 25, isa, 32, 0, 0, 36, 900, 1000, 407, 11593, 11597, 11593
  result is correct!
! 25, isa, 32, 0, 0, 40, 1000, 1000, 389, 14142, 14142, 14142
  result is correct!
! 25, isa, 32, 0, 0, 44, 1100, 1000, 350, 16945, 16947, 16945
  result is correct!
! 25, isa, 32, 0, 0, 48, 1200, 1000, 717, 20002, 20054, 20009
  result is correct!
! 25, isa, 32, 0, 0, 52, 1300, 1000, 749, 23313, 23497, 23329
  result is correct!
! 25, isa, 32, 0, 0, 56, 1400, 1000, 703, 26878, 27047, 26895
  result is correct!
! 25, isa, 32, 0, 0, 60, 1500, 1000, 677, 30697, 31017, 30724
  result is correct!
! 25, isa, 32, 0, 0, 64, 1600, 1000, 741, 34770, 36421, 34887
  result is correct!
! 25, isa, 32, 0, 0, 68, 1700, 1000, 711, 39097, 41043, 39240
  result is correct!
! 25, isa, 32, 0, 0, 72, 1800, 1000, 671, 43678, 44877, 43843
  result is correct!
