>>>>
====
REPO_HOME         := auto-generated-text
RISCV             := auto-generated-text
MPISE_DESTRUCTIVE := 0
MPISE_STATELESS   := 0
----
ARCH              := rv32
TYPE              := ise
RADIX             := 28
PLATFORM          := cva6-fpga
VERSION           := simple
<<<<
bbl loader
! 28, ise, 32, 0, 0, 8, 224, 1000, 747, 1018, 1018, 1018
  result is correct!
! 28, ise, 32, 0, 0, 12, 336, 1000, 958, 2034, 2034, 2034
  result is correct!
! 28, ise, 32, 0, 0, 16, 448, 1000, 943, 3402, 3402, 3402
  result is correct!
