>>>>
====
REPO_HOME         := auto-generated-text
RISCV             := auto-generated-text
MPISE_DESTRUCTIVE := 0
MPISE_STATELESS   := 0
----
ARCH              := rv32
TYPE              := isa
RADIX             := 30
PLATFORM          := cva6-fpga
VERSION           := hybrid
<<<<
bbl loader
! 30, isa, 32, 0, 0, 8, 240, 1000, 113, 826, 826, 826
  result is correct!
! 30, isa, 32, 0, 0, 12, 360, 1000, 493, 1623, 1623, 1623
  result is correct!
! 30, isa, 32, 0, 0, 16, 480, 1000, 488, 2664, 2664, 2664
  result is correct!
