>>>>
====
REPO_HOME         := auto-generated-text
RISCV             := auto-generated-text
MPISE_DESTRUCTIVE := 0
MPISE_STATELESS   := 0
----
ARCH              := rv32
TYPE              := ise
RADIX             := 28
PLATFORM          := cva6-fpga
VERSION           := hybrid
<<<<
bbl loader
! 28, ise, 32, 0, 0, 8, 224, 1000, 117, 464, 464, 464
  result is correct!
! 28, ise, 32, 0, 0, 12, 336, 1000, 494, 838, 840, 838
  result is correct!
! 28, ise, 32, 0, 0, 16, 448, 1000, 493, 1301, 1301, 1301
  result is correct!
