>>>>
====
REPO_HOME         := auto-generated-text
RISCV             := auto-generated-text
MPISE_DESTRUCTIVE := 0
MPISE_STATELESS   := 0
----
ARCH              := rv32
TYPE              := ise
RADIX             := 22
PLATFORM          := cva6-fpga
VERSION           := hybrid
<<<<
bbl loader
! 22, ise, 32, 0, 0, 8, 176, 1000, 123, 462, 462, 462
  result is correct!
! 22, ise, 32, 0, 0, 12, 264, 1000, 492, 836, 836, 836
  result is correct!
! 22, ise, 32, 0, 0, 16, 352, 1000, 491, 1299, 1299, 1299
  result is correct!
! 22, ise, 32, 0, 0, 20, 440, 1000, 487, 1838, 1838, 1838
  result is correct!
! 22, ise, 32, 0, 0, 24, 528, 1000, 479, 2477, 2477, 2477
  result is correct!
! 22, ise, 32, 0, 0, 28, 616, 1000, 475, 3212, 3212, 3212
  result is correct!
! 22, ise, 32, 0, 0, 32, 704, 1000, 469, 4043, 4043, 4043
  result is correct!
! 22, ise, 32, 0, 0, 36, 792, 1000, 463, 4970, 4970, 4970
  result is correct!
! 22, ise, 32, 0, 0, 40, 880, 1000, 453, 5993, 5993, 5993
  result is correct!
! 22, ise, 32, 0, 0, 44, 968, 1000, 446, 7112, 7112, 7112
  result is correct!
! 22, ise, 32, 0, 0, 48, 1056, 1000, 436, 8327, 8327, 8327
  result is correct!
! 22, ise, 32, 0, 0, 52, 1144, 1000, 429, 9638, 9638, 9638
  result is correct!
! 22, ise, 32, 0, 0, 56, 1232, 1000, 415, 11045, 11045, 11045
  result is correct!
! 22, ise, 32, 0, 0, 60, 1320, 1000, 405, 12548, 12548, 12548
  result is correct!
! 22, ise, 32, 0, 0, 64, 1408, 1000, 394, 14147, 14153, 14147
  result is correct!
! 22, ise, 32, 0, 0, 68, 1496, 1000, 382, 15842, 15842, 15842
  result is correct!
! 22, ise, 32, 0, 0, 72, 1584, 1000, 370, 17633, 17633, 17633
  result is correct!
