>>>>
====
REPO_HOME         := auto-generated-text
RISCV             := auto-generated-text
MPISE_DESTRUCTIVE := 0
MPISE_STATELESS   := 0
----
ARCH              := rv32
TYPE              := isa
RADIX             := 32
PLATFORM          := cva6-fpga
VERSION           := hybrid
<<<<
bbl loader
! 32, isa, 32, 0, 0, 8, 256, 1000, 488, 769, 770, 769
  result is correct!
! 32, isa, 32, 0, 0, 12, 384, 1000, 199, 1615, 1615, 1615
  result is correct!
! 32, isa, 32, 0, 0, 16, 512, 1000, 481, 2776, 2778, 2776
  result is correct!
! 32, isa, 32, 0, 0, 20, 640, 1000, 467, 4221, 4221, 4221
  result is correct!
! 32, isa, 32, 0, 0, 24, 768, 1000, 451, 5985, 5987, 5985
  result is correct!
! 32, isa, 32, 0, 0, 28, 896, 1000, 443, 8061, 8063, 8061
  result is correct!
! 32, isa, 32, 0, 0, 32, 1024, 1000, 416, 10449, 10451, 10449
  result is correct!
! 32, isa, 32, 0, 0, 36, 1152, 1000, 392, 13149, 13151, 13149
  result is correct!
! 32, isa, 32, 0, 0, 40, 1280, 1000, 365, 16161, 16161, 16161
  result is correct!
! 32, isa, 32, 0, 0, 44, 1408, 1000, 714, 19485, 19546, 19492
  result is correct!
! 32, isa, 32, 0, 0, 48, 1536, 1000, 747, 23121, 23348, 23142
  result is correct!
! 32, isa, 32, 0, 0, 52, 1664, 1000, 715, 27069, 27423, 27093
  result is correct!
! 32, isa, 32, 0, 0, 56, 1792, 1000, 651, 31329, 31577, 31354
  result is correct!
! 32, isa, 32, 0, 0, 60, 1920, 1000, 734, 35901, 38298, 36056
  result is correct!
! 32, isa, 32, 0, 0, 64, 2048, 1000, 698, 40785, 42582, 41004
  result is correct!
