>>>>
====
REPO_HOME         := auto-generated-text
RISCV             := auto-generated-text
MPISE_DESTRUCTIVE := 0
MPISE_STATELESS   := 0
----
ARCH              := rv32
TYPE              := isa
RADIX             := 27
PLATFORM          := cva6-fpga
VERSION           := hybrid
<<<<
bbl loader
! 27, isa, 32, 0, 0, 8, 216, 1000, 123, 824, 824, 824
  result is correct!
! 27, isa, 32, 0, 0, 12, 324, 1000, 486, 1621, 1621, 1621
  result is correct!
! 27, isa, 32, 0, 0, 16, 432, 1000, 475, 2662, 2662, 2662
  result is correct!
! 27, isa, 32, 0, 0, 20, 540, 1000, 465, 3937, 3937, 3937
  result is correct!
! 27, isa, 32, 0, 0, 24, 648, 1000, 461, 5470, 5470, 5470
  result is correct!
! 27, isa, 32, 0, 0, 28, 756, 1000, 436, 7257, 7257, 7257
  result is correct!
! 27, isa, 32, 0, 0, 32, 864, 1000, 422, 9298, 9298, 9298
  result is correct!
! 27, isa, 32, 0, 0, 36, 972, 1000, 407, 11593, 11593, 11593
  result is correct!
! 27, isa, 32, 0, 0, 40, 1080, 1000, 393, 14142, 14142, 14142
  result is correct!
! 27, isa, 32, 0, 0, 44, 1188, 1000, 349, 16945, 16945, 16945
  result is correct!
! 27, isa, 32, 0, 0, 48, 1296, 1000, 344, 20002, 20004, 20002
  result is correct!
! 27, isa, 32, 0, 0, 52, 1404, 1000, 748, 23313, 23485, 23329
  result is correct!
! 27, isa, 32, 0, 0, 56, 1512, 1000, 715, 26878, 27155, 26897
  result is correct!
! 27, isa, 32, 0, 0, 60, 1620, 1000, 678, 30697, 31027, 30725
  result is correct!
! 27, isa, 32, 0, 0, 64, 1728, 1000, 738, 34770, 36470, 34886
  result is correct!
! 27, isa, 32, 0, 0, 68, 1836, 1000, 709, 39097, 40927, 39240
  result is correct!
! 27, isa, 32, 0, 0, 72, 1944, 1000, 674, 43678, 45039, 43838
  result is correct!
