>>>>
====
REPO_HOME         := auto-generated-text
RISCV             := auto-generated-text
MPISE_DESTRUCTIVE := 0
MPISE_STATELESS   := 0
----
ARCH              := rv32
TYPE              := isa
RADIX             := 22
PLATFORM          := cva6-fpga
VERSION           := hybrid
<<<<
bbl loader
! 22, isa, 32, 0, 0, 8, 176, 1000, 124, 824, 824, 824
  result is correct!
! 22, isa, 32, 0, 0, 12, 264, 1000, 487, 1621, 1621, 1621
  result is correct!
! 22, isa, 32, 0, 0, 16, 352, 1000, 479, 2662, 2662, 2662
  result is correct!
! 22, isa, 32, 0, 0, 20, 440, 1000, 469, 3937, 3937, 3937
  result is correct!
! 22, isa, 32, 0, 0, 24, 528, 1000, 457, 5470, 5472, 5470
  result is correct!
! 22, isa, 32, 0, 0, 28, 616, 1000, 441, 7257, 7257, 7257
  result is correct!
! 22, isa, 32, 0, 0, 32, 704, 1000, 430, 9298, 9298, 9298
  result is correct!
! 22, isa, 32, 0, 0, 36, 792, 1000, 406, 11593, 11595, 11593
  result is correct!
! 22, isa, 32, 0, 0, 40, 880, 1000, 386, 14142, 14142, 14142
  result is correct!
! 22, isa, 32, 0, 0, 44, 968, 1000, 359, 16945, 16945, 16945
  result is correct!
! 22, isa, 32, 0, 0, 48, 1056, 1000, 337, 20002, 20005, 20002
  result is correct!
! 22, isa, 32, 0, 0, 52, 1144, 1000, 741, 23313, 23545, 23329
  result is correct!
! 22, isa, 32, 0, 0, 56, 1232, 1000, 719, 26878, 27167, 26899
  result is correct!
! 22, isa, 32, 0, 0, 60, 1320, 1000, 674, 30697, 31001, 30720
  result is correct!
! 22, isa, 32, 0, 0, 64, 1408, 1000, 739, 34770, 36292, 34894
  result is correct!
! 22, isa, 32, 0, 0, 68, 1496, 1000, 709, 39097, 40667, 39243
  result is correct!
! 22, isa, 32, 0, 0, 72, 1584, 1000, 673, 43678, 45664, 43836
  result is correct!
