>>>>
====
REPO_HOME         := auto-generated-text
RISCV             := auto-generated-text
MPISE_DESTRUCTIVE := 0
MPISE_STATELESS   := 0
----
ARCH              := rv32
TYPE              := ise
RADIX             := 24
PLATFORM          := cva6-fpga
VERSION           := simple
<<<<
bbl loader
! 24, ise, 32, 0, 0, 8, 192, 1000, 740, 1019, 1020, 1019
  result is correct!
! 24, ise, 32, 0, 0, 12, 288, 1000, 969, 2035, 2036, 2035
  result is correct!
! 24, ise, 32, 0, 0, 16, 384, 1000, 953, 3403, 3404, 3403
  result is correct!
! 24, ise, 32, 0, 0, 20, 480, 1000, 921, 5123, 5124, 5123
  result is correct!
! 24, ise, 32, 0, 0, 24, 576, 1000, 892, 7195, 7196, 7195
  result is correct!
! 24, ise, 32, 0, 0, 28, 672, 1000, 856, 9619, 9620, 9619
  result is correct!
! 24, ise, 32, 0, 0, 32, 768, 1000, 817, 12395, 12396, 12395
  result is correct!
! 24, ise, 32, 0, 0, 36, 864, 1000, 771, 15523, 15524, 15523
  result is correct!
! 24, ise, 32, 0, 0, 40, 960, 1000, 389, 19003, 19003, 19003
  result is correct!
! 24, ise, 32, 0, 0, 44, 1056, 1000, 351, 22835, 22835, 22835
  result is correct!
! 24, ise, 32, 0, 0, 48, 1152, 1000, 623, 27019, 27028, 27019
  result is correct!
! 24, ise, 32, 0, 0, 52, 1248, 1000, 680, 31555, 31762, 31567
  result is correct!
! 24, ise, 32, 0, 0, 56, 1344, 1000, 732, 36443, 37214, 36514
  result is correct!
! 24, ise, 32, 0, 0, 60, 1440, 1000, 692, 41683, 42537, 41773
  result is correct!
! 24, ise, 32, 0, 0, 64, 1536, 1000, 652, 47275, 48260, 47385
  result is correct!
! 24, ise, 32, 0, 0, 68, 1632, 1000, 607, 53219, 54185, 53361
  result is correct!
! 24, ise, 32, 0, 0, 72, 1728, 1000, 562, 59515, 60693, 59684
  result is correct!
