>>>>
====
REPO_HOME         := auto-generated-text
RISCV             := auto-generated-text
MPISE_DESTRUCTIVE := 0
MPISE_STATELESS   := 0
----
ARCH              := rv32
TYPE              := isa
RADIX             := 27
PLATFORM          := cva6-fpga
VERSION           := simple
<<<<
bbl loader
! 27, isa, 32, 0, 0, 8, 216, 1000, 736, 1219, 1219, 1219
  result is correct!
! 27, isa, 32, 0, 0, 12, 324, 1000, 958, 2479, 2479, 2479
  result is correct!
! 27, isa, 32, 0, 0, 16, 432, 1000, 928, 4187, 4187, 4187
  result is correct!
! 27, isa, 32, 0, 0, 20, 540, 1000, 901, 6343, 6343, 6343
  result is correct!
! 27, isa, 32, 0, 0, 24, 648, 1000, 859, 8947, 8947, 8947
  result is correct!
! 27, isa, 32, 0, 0, 28, 756, 1000, 825, 11999, 11999, 11999
  result is correct!
! 27, isa, 32, 0, 0, 32, 864, 1000, 769, 15499, 15499, 15499
  result is correct!
! 27, isa, 32, 0, 0, 36, 972, 1000, 732, 19447, 19452, 19447
  result is correct!
! 27, isa, 32, 0, 0, 40, 1080, 1000, 680, 23843, 23844, 23843
  result is correct!
! 27, isa, 32, 0, 0, 44, 1188, 1000, 677, 28687, 28728, 28691
  result is correct!
! 27, isa, 32, 0, 0, 48, 1296, 1000, 749, 33979, 34962, 34048
  result is correct!
! 27, isa, 32, 0, 0, 52, 1404, 1000, 708, 39719, 40499, 39802
  result is correct!
! 27, isa, 32, 0, 0, 56, 1512, 1000, 663, 45907, 46814, 46016
  result is correct!
! 27, isa, 32, 0, 0, 60, 1620, 1000, 612, 52543, 53567, 52683
  result is correct!
! 27, isa, 32, 0, 0, 64, 1728, 1000, 561, 59627, 60666, 59806
  result is correct!
! 27, isa, 32, 0, 0, 68, 1836, 1000, 504, 67159, 68217, 67377
  result is correct!
! 27, isa, 32, 0, 0, 72, 1944, 1000, 448, 75139, 76378, 75413
  result is correct!
