>>>>
====
REPO_HOME         := auto-generated-text
RISCV             := auto-generated-text
MPISE_DESTRUCTIVE := 0
MPISE_STATELESS   := 0
----
ARCH              := rv32
TYPE              := ise
RADIX             := 32
PLATFORM          := cva6-fpga
VERSION           := hybrid
<<<<
bbl loader
! 32, ise, 32, 0, 0, 8, 256, 1000, 495, 517, 517, 517
  result is correct!
! 32, ise, 32, 0, 0, 12, 384, 1000, 491, 1048, 1048, 1048
  result is correct!
! 32, ise, 32, 0, 0, 16, 512, 1000, 488, 1757, 1762, 1761
  result is correct!
! 32, ise, 32, 0, 0, 20, 640, 1000, 480, 2649, 2649, 2649
  result is correct!
! 32, ise, 32, 0, 0, 24, 768, 1000, 472, 3717, 3722, 3721
  result is correct!
! 32, ise, 32, 0, 0, 28, 896, 1000, 463, 4976, 4981, 4980
  result is correct!
! 32, ise, 32, 0, 0, 32, 1024, 1000, 452, 6421, 6426, 6425
  result is correct!
! 32, ise, 32, 0, 0, 36, 1152, 1000, 439, 8057, 8057, 8057
  result is correct!
! 32, ise, 32, 0, 0, 40, 1280, 1000, 427, 9869, 9874, 9873
  result is correct!
! 32, ise, 32, 0, 0, 44, 1408, 1000, 410, 11877, 11877, 11877
  result is correct!
! 32, ise, 32, 0, 0, 48, 1536, 1000, 394, 14061, 14066, 14065
  result is correct!
! 32, ise, 32, 0, 0, 52, 1664, 1000, 378, 16436, 16441, 16440
  result is correct!
! 32, ise, 32, 0, 0, 56, 1792, 1000, 360, 18997, 19002, 19001
  result is correct!
! 32, ise, 32, 0, 0, 60, 1920, 1000, 338, 21749, 21749, 21749
  result is correct!
! 32, ise, 32, 0, 0, 64, 2048, 1000, 731, 24677, 25079, 24703
  result is correct!
