>>>>
====
REPO_HOME         := auto-generated-text
RISCV             := auto-generated-text
MPISE_DESTRUCTIVE := 0
MPISE_STATELESS   := 0
----
ARCH              := rv32
TYPE              := ise
RADIX             := 24
PLATFORM          := cva6-fpga
VERSION           := hybrid
<<<<
bbl loader
! 24, ise, 32, 0, 0, 8, 192, 1000, 124, 463, 463, 463
  result is correct!
! 24, ise, 32, 0, 0, 12, 288, 1000, 492, 836, 836, 836
  result is correct!
! 24, ise, 32, 0, 0, 16, 384, 1000, 488, 1299, 1299, 1299
  result is correct!
! 24, ise, 32, 0, 0, 20, 480, 1000, 486, 1838, 1838, 1838
  result is correct!
! 24, ise, 32, 0, 0, 24, 576, 1000, 481, 2477, 2477, 2477
  result is correct!
! 24, ise, 32, 0, 0, 28, 672, 1000, 477, 3212, 3212, 3212
  result is correct!
! 24, ise, 32, 0, 0, 32, 768, 1000, 469, 4043, 4043, 4043
  result is correct!
! 24, ise, 32, 0, 0, 36, 864, 1000, 461, 4970, 4970, 4970
  result is correct!
! 24, ise, 32, 0, 0, 40, 960, 1000, 456, 5993, 5993, 5993
  result is correct!
! 24, ise, 32, 0, 0, 44, 1056, 1000, 447, 7112, 7112, 7112
  result is correct!
! 24, ise, 32, 0, 0, 48, 1152, 1000, 438, 8327, 8327, 8327
  result is correct!
! 24, ise, 32, 0, 0, 52, 1248, 1000, 428, 9638, 9638, 9638
  result is correct!
! 24, ise, 32, 0, 0, 56, 1344, 1000, 418, 11045, 11045, 11045
  result is correct!
! 24, ise, 32, 0, 0, 60, 1440, 1000, 406, 12548, 12548, 12548
  result is correct!
! 24, ise, 32, 0, 0, 64, 1536, 1000, 395, 14147, 14147, 14147
  result is correct!
! 24, ise, 32, 0, 0, 68, 1632, 1000, 384, 15842, 15842, 15842
  result is correct!
! 24, ise, 32, 0, 0, 72, 1728, 1000, 369, 17633, 17633, 17633
  result is correct!
