>>>>
====
REPO_HOME         := auto-generated-text
RISCV             := auto-generated-text
MPISE_DESTRUCTIVE := 0
MPISE_STATELESS   := 0
----
ARCH              := rv32
TYPE              := ise
RADIX             := 25
PLATFORM          := cva6-fpga
VERSION           := simple
<<<<
bbl loader
! 25, ise, 32, 0, 0, 8, 200, 1000, 394, 1018, 1019, 1018
  result is correct!
! 25, ise, 32, 0, 0, 12, 300, 1000, 969, 2035, 2036, 2035
  result is correct!
! 25, ise, 32, 0, 0, 16, 400, 1000, 949, 3403, 3404, 3403
  result is correct!
! 25, ise, 32, 0, 0, 20, 500, 1000, 923, 5123, 5124, 5123
  result is correct!
! 25, ise, 32, 0, 0, 24, 600, 1000, 891, 7195, 7196, 7195
  result is correct!
! 25, ise, 32, 0, 0, 28, 700, 1000, 855, 9619, 9620, 9619
  result is correct!
! 25, ise, 32, 0, 0, 32, 800, 1000, 819, 12395, 12396, 12395
  result is correct!
! 25, ise, 32, 0, 0, 36, 900, 1000, 771, 15523, 15524, 15523
  result is correct!
! 25, ise, 32, 0, 0, 40, 1000, 1000, 380, 19003, 19003, 19003
  result is correct!
! 25, ise, 32, 0, 0, 44, 1100, 1000, 357, 22835, 22835, 22835
  result is correct!
! 25, ise, 32, 0, 0, 48, 1200, 1000, 628, 27019, 27028, 27019
  result is correct!
! 25, ise, 32, 0, 0, 52, 1300, 1000, 685, 31555, 31778, 31569
  result is correct!
! 25, ise, 32, 0, 0, 56, 1400, 1000, 733, 36443, 37243, 36516
  result is correct!
! 25, ise, 32, 0, 0, 60, 1500, 1000, 692, 41683, 42567, 41772
  result is correct!
! 25, ise, 32, 0, 0, 64, 1600, 1000, 651, 47275, 48211, 47392
  result is correct!
! 25, ise, 32, 0, 0, 68, 1700, 1000, 609, 53219, 54267, 53365
  result is correct!
! 25, ise, 32, 0, 0, 72, 1800, 1000, 564, 59515, 60509, 59681
  result is correct!
