>>>>
====
REPO_HOME         := auto-generated-text
RISCV             := auto-generated-text
MPISE_DESTRUCTIVE := 0
MPISE_STATELESS   := 0
----
ARCH              := rv32
TYPE              := isa
RADIX             := 26
PLATFORM          := cva6-fpga
VERSION           := simple
<<<<
bbl loader
! 26, isa, 32, 0, 0, 8, 208, 1000, 736, 1219, 1219, 1219
  result is correct!
! 26, isa, 32, 0, 0, 12, 312, 1000, 957, 2479, 2479, 2479
  result is correct!
! 26, isa, 32, 0, 0, 16, 416, 1000, 930, 4187, 4187, 4187
  result is correct!
! 26, isa, 32, 0, 0, 20, 520, 1000, 901, 6343, 6343, 6343
  result is correct!
! 26, isa, 32, 0, 0, 24, 624, 1000, 855, 8947, 8947, 8947
  result is correct!
! 26, isa, 32, 0, 0, 28, 728, 1000, 829, 11999, 11999, 11999
  result is correct!
! 26, isa, 32, 0, 0, 32, 832, 1000, 769, 15499, 15499, 15499
  result is correct!
! 26, isa, 32, 0, 0, 36, 936, 1000, 736, 19447, 19452, 19447
  result is correct!
! 26, isa, 32, 0, 0, 40, 1040, 1000, 665, 23843, 23848, 23843
  result is correct!
! 26, isa, 32, 0, 0, 44, 1144, 1000, 605, 28687, 28692, 28687
  result is correct!
! 26, isa, 32, 0, 0, 48, 1248, 1000, 749, 33979, 34697, 34036
  result is correct!
! 26, isa, 32, 0, 0, 52, 1352, 1000, 709, 39719, 40529, 39798
  result is correct!
! 26, isa, 32, 0, 0, 56, 1456, 1000, 659, 45907, 46745, 46022
  result is correct!
! 26, isa, 32, 0, 0, 60, 1560, 1000, 614, 52543, 53688, 52679
  result is correct!
! 26, isa, 32, 0, 0, 64, 1664, 1000, 560, 59627, 60606, 59802
  result is correct!
! 26, isa, 32, 0, 0, 68, 1768, 1000, 506, 67159, 68170, 67369
  result is correct!
! 26, isa, 32, 0, 0, 72, 1872, 1000, 448, 75139, 76420, 75420
  result is correct!
