>>>>
====
REPO_HOME         := auto-generated-text
RISCV             := auto-generated-text
MPISE_DESTRUCTIVE := 0
MPISE_STATELESS   := 0
----
ARCH              := rv32
TYPE              := isa
RADIX             := 20
PLATFORM          := cva6-fpga
VERSION           := hybrid
<<<<
bbl loader
! 20, isa, 32, 0, 0, 8, 160, 1000, 124, 824, 824, 824
  result is correct!
! 20, isa, 32, 0, 0, 12, 240, 1000, 488, 1621, 1621, 1621
  result is correct!
! 20, isa, 32, 0, 0, 16, 320, 1000, 479, 2662, 2662, 2662
  result is correct!
! 20, isa, 32, 0, 0, 20, 400, 1000, 471, 3937, 3937, 3937
  result is correct!
! 20, isa, 32, 0, 0, 24, 480, 1000, 450, 5470, 5470, 5470
  result is correct!
! 20, isa, 32, 0, 0, 28, 560, 1000, 443, 7257, 7257, 7257
  result is correct!
! 20, isa, 32, 0, 0, 32, 640, 1000, 427, 9298, 9300, 9298
  result is correct!
! 20, isa, 32, 0, 0, 36, 720, 1000, 411, 11593, 11595, 11593
  result is correct!
! 20, isa, 32, 0, 0, 40, 800, 1000, 392, 14142, 14144, 14142
  result is correct!
! 20, isa, 32, 0, 0, 44, 880, 1000, 374, 16945, 16947, 16945
  result is correct!
! 20, isa, 32, 0, 0, 48, 960, 1000, 340, 20002, 20002, 20002
  result is correct!
! 20, isa, 32, 0, 0, 52, 1040, 1000, 743, 23313, 23517, 23328
  result is correct!
! 20, isa, 32, 0, 0, 56, 1120, 1000, 717, 26878, 27177, 26899
  result is correct!
! 20, isa, 32, 0, 0, 60, 1200, 1000, 680, 30697, 31006, 30722
  result is correct!
! 20, isa, 32, 0, 0, 64, 1280, 1000, 741, 34770, 36643, 34884
  result is correct!
! 20, isa, 32, 0, 0, 68, 1360, 1000, 707, 39097, 40891, 39239
  result is correct!
! 20, isa, 32, 0, 0, 72, 1440, 1000, 673, 43678, 45214, 43834
  result is correct!
