! 56, ise, 64, 1, 0, 8, 448, 999, 23556, 1063
  result is correct!
! 56, ise, 64, 1, 0, 12, 672, 2011, 76891, 2179
  result is correct!
! 56, ise, 64, 1, 0, 16, 896, 3375, 154482, 3659
  result is correct!
! 56, ise, 64, 1, 0, 20, 1120, 5091, 25627, 5314
  result is correct!
! 56, ise, 64, 1, 0, 24, 1344, 7159, 27989, 7464
  result is correct!
! 56, ise, 64, 1, 0, 28, 1568, 9579, 80132, 10048
  result is correct!
! 56, ise, 64, 1, 0, 32, 1792, 12351, 32969, 12878
  result is correct!
! 56, ise, 64, 1, 0, 36, 2016, 15475, 155434, 16327
  result is correct!
! 56, ise, 64, 1, 0, 40, 2240, 18951, 79789, 19793
  result is correct!
! 56, ise, 64, 1, 0, 44, 2464, 22779, 82864, 23802
  result is correct!
! 56, ise, 64, 1, 0, 48, 2688, 26959, 86662, 28147
  result is correct!
! 56, ise, 64, 1, 0, 52, 2912, 31491, 170910, 33013
  result is correct!
! 56, ise, 64, 1, 0, 56, 3136, 36375, 177379, 38103
  result is correct!
! 56, ise, 64, 1, 0, 60, 3360, 41611, 180502, 43562
  result is correct!
! 56, ise, 64, 1, 0, 64, 3584, 47199, 186409, 49392
  result is correct!
! 56, ise, 64, 1, 0, 68, 3808, 53139, 192566, 55583
  result is correct!
! 56, ise, 64, 1, 0, 72, 4032, 59431, 200184, 62183
  result is correct!
