! 51, ise, 64, 1, 0, 8, 408, 1005, 1005, 1046
  result is correct!
! 51, ise, 64, 1, 0, 12, 612, 2017, 2017, 2119
  result is correct!
! 51, ise, 64, 1, 0, 16, 816, 3381, 3381, 3523
  result is correct!
! 51, ise, 64, 1, 0, 20, 1020, 5097, 5097, 5320
  result is correct!
! 51, ise, 64, 1, 0, 24, 1224, 7165, 7165, 7470
  result is correct!
! 51, ise, 64, 1, 0, 28, 1428, 9585, 9585, 9992
  result is correct!
! 51, ise, 64, 1, 0, 32, 1632, 12357, 12357, 12885
  result is correct!
! 51, ise, 64, 1, 0, 36, 1836, 15481, 15481, 16132
  result is correct!
! 51, ise, 64, 1, 0, 40, 2040, 18957, 18957, 19959
  result is correct!
! 51, ise, 64, 1, 0, 44, 2244, 22785, 22785, 23950
  result is correct!
! 51, ise, 64, 1, 0, 48, 2448, 26965, 26965, 28315
  result is correct!
! 51, ise, 64, 1, 0, 52, 2652, 31497, 51997, 32980
  result is correct!
! 51, ise, 64, 1, 0, 56, 2856, 36381, 36381, 37983
  result is correct!
! 51, ise, 64, 1, 0, 60, 3060, 41617, 41617, 43527
  result is correct!
! 51, ise, 64, 1, 0, 64, 3264, 47205, 47205, 49380
  result is correct!
! 51, ise, 64, 1, 0, 68, 3468, 53145, 53145, 55728
  result is correct!
! 51, ise, 64, 1, 0, 72, 3672, 59437, 59437, 62147
  result is correct!
