! 59, isa, 64, 1, 0, 8, 472, 1211, 21621, 1251
  result is correct!
! 59, isa, 64, 1, 0, 12, 708, 2476, 22853, 2576
  result is correct!
! 59, isa, 64, 1, 0, 16, 944, 4188, 24585, 4368
  result is correct!
! 59, isa, 64, 1, 0, 20, 1180, 6348, 26603, 6607
  result is correct!
! 59, isa, 64, 1, 0, 24, 1416, 8956, 162305, 9485
  result is correct!
! 59, isa, 64, 1, 0, 28, 1652, 12012, 32137, 12511
  result is correct!
! 59, isa, 64, 1, 0, 32, 1888, 15516, 161514, 16372
  result is correct!
! 59, isa, 64, 1, 0, 36, 2124, 19468, 163464, 20429
  result is correct!
! 59, isa, 64, 1, 0, 40, 2360, 23868, 170349, 25050
  result is correct!
! 59, isa, 64, 1, 0, 44, 2596, 28716, 181090, 30065
  result is correct!
! 59, isa, 64, 1, 0, 48, 2832, 34012, 174347, 35616
  result is correct!
! 59, isa, 64, 1, 0, 52, 3068, 39756, 177805, 41594
  result is correct!
! 59, isa, 64, 1, 0, 56, 3304, 45948, 104608, 47956
  result is correct!
! 59, isa, 64, 1, 0, 60, 3540, 52588, 190223, 54970
  result is correct!
! 59, isa, 64, 1, 0, 64, 3776, 59676, 198204, 62351
  result is correct!
! 59, isa, 64, 1, 0, 68, 4012, 67212, 205785, 70344
  result is correct!
! 59, isa, 64, 1, 0, 72, 4248, 75196, 212320, 78647
  result is correct!
