! 50, ise, 64, 1, 0, 8, 400, 1005, 83358, 1108
  result is correct!
! 50, ise, 64, 1, 0, 12, 600, 2017, 154669, 2242
  result is correct!
! 50, ise, 64, 1, 0, 16, 800, 3381, 24058, 3524
  result is correct!
! 50, ise, 64, 1, 0, 20, 1000, 5097, 25727, 5322
  result is correct!
! 50, ise, 64, 1, 0, 24, 1200, 7165, 27803, 7472
  result is correct!
! 50, ise, 64, 1, 0, 28, 1400, 9585, 151538, 10192
  result is correct!
! 50, ise, 64, 1, 0, 32, 1600, 12357, 33205, 12890
  result is correct!
! 50, ise, 64, 1, 0, 36, 1800, 15481, 157826, 16348
  result is correct!
! 50, ise, 64, 1, 0, 40, 2000, 18957, 81440, 19809
  result is correct!
! 50, ise, 64, 1, 0, 44, 2200, 22785, 82517, 23814
  result is correct!
! 50, ise, 64, 1, 0, 48, 2400, 26965, 86451, 28156
  result is correct!
! 50, ise, 64, 1, 0, 52, 2600, 31497, 169306, 33023
  result is correct!
! 50, ise, 64, 1, 0, 56, 2800, 36381, 177821, 38118
  result is correct!
! 50, ise, 64, 1, 0, 60, 3000, 41617, 180571, 43569
  result is correct!
! 50, ise, 64, 1, 0, 64, 3200, 47205, 188614, 49393
  result is correct!
! 50, ise, 64, 1, 0, 68, 3400, 53145, 192232, 55628
  result is correct!
! 50, ise, 64, 1, 0, 72, 3600, 59437, 198095, 62192
  result is correct!
