! 55, ise, 64, 1, 0, 8, 440, 1005, 22870, 1048
  result is correct!
! 55, ise, 64, 1, 0, 12, 660, 2017, 22993, 2099
  result is correct!
! 55, ise, 64, 1, 0, 16, 880, 3381, 157139, 3671
  result is correct!
! 55, ise, 64, 1, 0, 20, 1100, 5097, 25810, 5321
  result is correct!
! 55, ise, 64, 1, 0, 24, 1320, 7165, 27970, 7472
  result is correct!
! 55, ise, 64, 1, 0, 28, 1540, 9585, 30373, 9993
  result is correct!
! 55, ise, 64, 1, 0, 32, 1760, 12357, 32890, 12886
  result is correct!
! 55, ise, 64, 1, 0, 36, 1980, 15481, 156483, 16266
  result is correct!
! 55, ise, 64, 1, 0, 40, 2200, 18957, 97968, 19845
  result is correct!
! 55, ise, 64, 1, 0, 44, 2420, 22785, 82168, 23814
  result is correct!
! 55, ise, 64, 1, 0, 48, 2640, 26965, 86923, 28156
  result is correct!
! 55, ise, 64, 1, 0, 52, 2860, 31497, 169987, 33023
  result is correct!
! 55, ise, 64, 1, 0, 56, 3080, 36381, 177443, 38155
  result is correct!
! 55, ise, 64, 1, 0, 60, 3300, 41617, 180560, 43537
  result is correct!
! 55, ise, 64, 1, 0, 64, 3520, 47205, 184661, 49383
  result is correct!
! 55, ise, 64, 1, 0, 68, 3740, 53145, 192819, 55683
  result is correct!
! 55, ise, 64, 1, 0, 72, 3960, 59437, 198767, 62146
  result is correct!
