! 60, isa, 64, 1, 0, 8, 480, 1211, 22175, 1272
  result is correct!
! 60, isa, 64, 1, 0, 12, 720, 2471, 22667, 2575
  result is correct!
! 60, isa, 64, 1, 0, 16, 960, 4184, 24391, 4368
  result is correct!
! 60, isa, 64, 1, 0, 20, 1200, 6348, 27281, 6628
  result is correct!
! 60, isa, 64, 1, 0, 24, 1440, 8952, 155796, 9527
  result is correct!
! 60, isa, 64, 1, 0, 28, 1680, 12008, 32223, 12510
  result is correct!
! 60, isa, 64, 1, 0, 32, 1920, 15512, 155117, 16310
  result is correct!
! 60, isa, 64, 1, 0, 36, 2160, 19464, 160346, 20473
  result is correct!
! 60, isa, 64, 1, 0, 40, 2400, 23864, 164559, 25039
  result is correct!
! 60, isa, 64, 1, 0, 44, 2640, 28712, 169148, 30100
  result is correct!
! 60, isa, 64, 1, 0, 48, 2880, 34008, 175249, 35563
  result is correct!
! 60, isa, 64, 1, 0, 52, 3120, 39752, 180030, 41599
  result is correct!
! 60, isa, 64, 1, 0, 56, 3360, 45944, 104495, 47916
  result is correct!
! 60, isa, 64, 1, 0, 60, 3600, 52584, 190662, 54969
  result is correct!
! 60, isa, 64, 1, 0, 64, 3840, 59672, 198883, 62379
  result is correct!
! 60, isa, 64, 1, 0, 68, 4080, 67208, 206440, 70356
  result is correct!
! 60, isa, 64, 1, 0, 72, 4320, 75192, 214088, 78716
  result is correct!
