! 52, isa, 64, 1, 0, 8, 416, 866, 22967, 930
  result is correct!
! 52, isa, 64, 1, 0, 12, 624, 1654, 22584, 1756
  result is correct!
! 52, isa, 64, 1, 0, 16, 832, 2698, 24619, 2840
  result is correct!
! 52, isa, 64, 1, 0, 20, 1040, 3972, 33054, 4166
  result is correct!
! 52, isa, 64, 1, 0, 24, 1248, 5505, 26424, 5748
  result is correct!
! 52, isa, 64, 1, 0, 28, 1456, 7292, 28232, 7617
  result is correct!
! 52, isa, 64, 1, 0, 32, 1664, 9333, 80964, 9827
  result is correct!
! 52, isa, 64, 1, 0, 36, 1872, 11628, 157393, 12302
  result is correct!
! 52, isa, 64, 1, 0, 40, 2080, 14177, 76285, 14827
  result is correct!
! 52, isa, 64, 1, 0, 44, 2288, 16980, 163805, 17929
  result is correct!
! 52, isa, 64, 1, 0, 48, 2496, 20037, 162446, 21059
  result is correct!
! 52, isa, 64, 1, 0, 52, 2704, 23348, 166226, 24514
  result is correct!
! 52, isa, 64, 1, 0, 56, 2912, 26913, 170865, 28222
  result is correct!
! 52, isa, 64, 1, 0, 60, 3120, 30732, 176396, 32364
  result is correct!
! 52, isa, 64, 1, 0, 64, 3328, 34805, 95287, 36427
  result is correct!
! 52, isa, 64, 1, 0, 68, 3536, 39132, 180372, 41027
  result is correct!
! 52, isa, 64, 1, 0, 72, 3744, 43713, 184345, 45816
  result is correct!
