! 57, isa, 64, 1, 0, 8, 456, 1211, 21434, 1271
  result is correct!
! 57, isa, 64, 1, 0, 12, 684, 2475, 22777, 2575
  result is correct!
! 57, isa, 64, 1, 0, 16, 912, 4188, 24246, 4347
  result is correct!
! 57, isa, 64, 1, 0, 20, 1140, 6348, 82544, 6656
  result is correct!
! 57, isa, 64, 1, 0, 24, 1368, 8956, 159539, 9479
  result is correct!
! 57, isa, 64, 1, 0, 28, 1596, 12012, 32903, 12493
  result is correct!
! 57, isa, 64, 1, 0, 32, 1824, 15516, 156606, 16307
  result is correct!
! 57, isa, 64, 1, 0, 36, 2052, 19468, 160455, 20422
  result is correct!
! 57, isa, 64, 1, 0, 40, 2280, 23868, 163808, 25041
  result is correct!
! 57, isa, 64, 1, 0, 44, 2508, 28716, 59413, 29908
  result is correct!
! 57, isa, 64, 1, 0, 48, 2736, 34012, 172824, 35595
  result is correct!
! 57, isa, 64, 1, 0, 52, 2964, 39756, 183324, 41681
  result is correct!
! 57, isa, 64, 1, 0, 56, 3192, 45948, 105531, 47917
  result is correct!
! 57, isa, 64, 1, 0, 60, 3420, 52588, 190371, 54962
  result is correct!
! 57, isa, 64, 1, 0, 64, 3648, 59676, 207287, 62368
  result is correct!
! 57, isa, 64, 1, 0, 68, 3876, 67212, 205946, 70393
  result is correct!
! 57, isa, 64, 1, 0, 72, 4104, 75196, 222958, 78729
  result is correct!
