! 59, isa, 64, 1, 0, 8, 472, 866, 889, 932
  result is correct!
! 59, isa, 64, 1, 0, 12, 708, 1653, 1676, 1742
  result is correct!
! 59, isa, 64, 1, 0, 16, 944, 2697, 2717, 2841
  result is correct!
! 59, isa, 64, 1, 0, 20, 1180, 3971, 3991, 4177
  result is correct!
! 59, isa, 64, 1, 0, 24, 1416, 5504, 5524, 5751
  result is correct!
! 59, isa, 64, 1, 0, 28, 1652, 7292, 7311, 7622
  result is correct!
! 59, isa, 64, 1, 0, 32, 1888, 9332, 9352, 9745
  result is correct!
! 59, isa, 64, 1, 0, 36, 2124, 11627, 11647, 12143
  result is correct!
! 59, isa, 64, 1, 0, 40, 2360, 14176, 14196, 14815
  result is correct!
! 59, isa, 64, 1, 0, 44, 2596, 16979, 16999, 17773
  result is correct!
! 59, isa, 64, 1, 0, 48, 2832, 20036, 20056, 21089
  result is correct!
! 59, isa, 64, 1, 0, 52, 3068, 23347, 23367, 24523
  result is correct!
! 59, isa, 64, 1, 0, 56, 3304, 26912, 26932, 28301
  result is correct!
! 59, isa, 64, 1, 0, 60, 3540, 30731, 30751, 32132
  result is correct!
! 59, isa, 64, 1, 0, 64, 3776, 34804, 34824, 36471
  result is correct!
! 59, isa, 64, 1, 0, 68, 4012, 39131, 59964, 41063
  result is correct!
! 59, isa, 64, 1, 0, 72, 4248, 43712, 43732, 45823
  result is correct!
