! 52, isa, 64, 1, 0, 8, 416, 1211, 21648, 1271
  result is correct!
! 52, isa, 64, 1, 0, 12, 624, 2476, 22722, 2576
  result is correct!
! 52, isa, 64, 1, 0, 16, 832, 4188, 24646, 4368
  result is correct!
! 52, isa, 64, 1, 0, 20, 1040, 6348, 26426, 6627
  result is correct!
! 52, isa, 64, 1, 0, 24, 1248, 8956, 163360, 9526
  result is correct!
! 52, isa, 64, 1, 0, 28, 1456, 12012, 32272, 12512
  result is correct!
! 52, isa, 64, 1, 0, 32, 1664, 15516, 161471, 16374
  result is correct!
! 52, isa, 64, 1, 0, 36, 1872, 19468, 171854, 20436
  result is correct!
! 52, isa, 64, 1, 0, 40, 2080, 23868, 174515, 25015
  result is correct!
! 52, isa, 64, 1, 0, 44, 2288, 28716, 169029, 30102
  result is correct!
! 52, isa, 64, 1, 0, 48, 2496, 34012, 189736, 35652
  result is correct!
! 52, isa, 64, 1, 0, 52, 2704, 39756, 178196, 41594
  result is correct!
! 52, isa, 64, 1, 0, 56, 2912, 45948, 184494, 48037
  result is correct!
! 52, isa, 64, 1, 0, 60, 3120, 52588, 190811, 55012
  result is correct!
! 52, isa, 64, 1, 0, 64, 3328, 59676, 197191, 62356
  result is correct!
! 52, isa, 64, 1, 0, 68, 3536, 67212, 206699, 70348
  result is correct!
! 52, isa, 64, 1, 0, 72, 3744, 75196, 212921, 78964
  result is correct!
