! 58, ise, 64, 1, 0, 8, 464, 507, 22533, 556
  result is correct!
! 58, ise, 64, 1, 0, 12, 696, 869, 23064, 944
  result is correct!
! 58, ise, 64, 1, 0, 16, 928, 1329, 22656, 1418
  result is correct!
! 58, ise, 64, 1, 0, 20, 1160, 1861, 22663, 1975
  result is correct!
! 58, ise, 64, 1, 0, 24, 1392, 2504, 23316, 2654
  result is correct!
! 58, ise, 64, 1, 0, 28, 1624, 3238, 23980, 3408
  result is correct!
! 58, ise, 64, 1, 0, 32, 1856, 4068, 25681, 4260
  result is correct!
! 58, ise, 64, 1, 0, 36, 2088, 4994, 33682, 5237
  result is correct!
! 58, ise, 64, 1, 0, 40, 2320, 6016, 26742, 6309
  result is correct!
! 58, ise, 64, 1, 0, 44, 2552, 7134, 154084, 7608
  result is correct!
! 58, ise, 64, 1, 0, 48, 2784, 8348, 78388, 8787
  result is correct!
! 58, ise, 64, 1, 0, 52, 3016, 9658, 30631, 10095
  result is correct!
! 58, ise, 64, 1, 0, 56, 3248, 11064, 156349, 11704
  result is correct!
! 58, ise, 64, 1, 0, 60, 3480, 12566, 33370, 13125
  result is correct!
! 58, ise, 64, 1, 0, 64, 3712, 14164, 73753, 14871
  result is correct!
