! 50, isa, 64, 1, 0, 8, 400, 1211, 21579, 1271
  result is correct!
! 50, isa, 64, 1, 0, 12, 600, 2476, 22686, 2596
  result is correct!
! 50, isa, 64, 1, 0, 16, 800, 4188, 24452, 4348
  result is correct!
! 50, isa, 64, 1, 0, 20, 1000, 6348, 82113, 6675
  result is correct!
! 50, isa, 64, 1, 0, 24, 1200, 8956, 159283, 9560
  result is correct!
! 50, isa, 64, 1, 0, 28, 1400, 12012, 81950, 12574
  result is correct!
! 50, isa, 64, 1, 0, 32, 1600, 15516, 158350, 16312
  result is correct!
! 50, isa, 64, 1, 0, 36, 1800, 19468, 159347, 20420
  result is correct!
! 50, isa, 64, 1, 0, 40, 2000, 23868, 164908, 25003
  result is correct!
! 50, isa, 64, 1, 0, 44, 2200, 28716, 169296, 30048
  result is correct!
! 50, isa, 64, 1, 0, 48, 2400, 34012, 174050, 35614
  result is correct!
! 50, isa, 64, 1, 0, 52, 2600, 39756, 177408, 41594
  result is correct!
! 50, isa, 64, 1, 0, 56, 2800, 45948, 184511, 48060
  result is correct!
! 50, isa, 64, 1, 0, 60, 3000, 52588, 191382, 55011
  result is correct!
! 50, isa, 64, 1, 0, 64, 3200, 59676, 197702, 62357
  result is correct!
! 50, isa, 64, 1, 0, 68, 3400, 67212, 212200, 70394
  result is correct!
! 50, isa, 64, 1, 0, 72, 3600, 75196, 214541, 78716
  result is correct!
