! 60, isa, 64, 1, 0, 8, 480, 867, 22918, 925
  result is correct!
! 60, isa, 64, 1, 0, 12, 720, 1654, 78741, 1823
  result is correct!
! 60, isa, 64, 1, 0, 16, 960, 2693, 23545, 2824
  result is correct!
! 60, isa, 64, 1, 0, 20, 1200, 3967, 24905, 4144
  result is correct!
! 60, isa, 64, 1, 0, 24, 1440, 5500, 26431, 5759
  result is correct!
! 60, isa, 64, 1, 0, 28, 1680, 7287, 28230, 7630
  result is correct!
! 60, isa, 64, 1, 0, 32, 1920, 9328, 30392, 9754
  result is correct!
! 60, isa, 64, 1, 0, 36, 2160, 11623, 158665, 12294
  result is correct!
! 60, isa, 64, 1, 0, 40, 2400, 14172, 82602, 14860
  result is correct!
! 60, isa, 64, 1, 0, 44, 2640, 16975, 162785, 17926
  result is correct!
! 60, isa, 64, 1, 0, 48, 2880, 20032, 161976, 21125
  result is correct!
! 60, isa, 64, 1, 0, 52, 3120, 23343, 167048, 24506
  result is correct!
! 60, isa, 64, 1, 0, 56, 3360, 26908, 169131, 28278
  result is correct!
! 60, isa, 64, 1, 0, 60, 3600, 30727, 176222, 32277
  result is correct!
! 60, isa, 64, 1, 0, 64, 3840, 34800, 56513, 36324
  result is correct!
! 60, isa, 64, 1, 0, 68, 4080, 39127, 191379, 40965
  result is correct!
! 60, isa, 64, 1, 0, 72, 4320, 43708, 185520, 45818
  result is correct!
