! 51, isa, 64, 1, 0, 8, 408, 866, 21855, 928
  result is correct!
! 51, isa, 64, 1, 0, 12, 612, 1654, 23055, 1757
  result is correct!
! 51, isa, 64, 1, 0, 16, 816, 2698, 23814, 2839
  result is correct!
! 51, isa, 64, 1, 0, 20, 1020, 3972, 24911, 4153
  result is correct!
! 51, isa, 64, 1, 0, 24, 1224, 5505, 82514, 5838
  result is correct!
! 51, isa, 64, 1, 0, 28, 1428, 7292, 28161, 7637
  result is correct!
! 51, isa, 64, 1, 0, 32, 1632, 9333, 30410, 9762
  result is correct!
! 51, isa, 64, 1, 0, 36, 1836, 11628, 155944, 12361
  result is correct!
! 51, isa, 64, 1, 0, 40, 2040, 14177, 35160, 14814
  result is correct!
! 51, isa, 64, 1, 0, 44, 2244, 16980, 160577, 17875
  result is correct!
! 51, isa, 64, 1, 0, 48, 2448, 20037, 162262, 21113
  result is correct!
! 51, isa, 64, 1, 0, 52, 2652, 23348, 166967, 24593
  result is correct!
! 51, isa, 64, 1, 0, 56, 2856, 26913, 170188, 28307
  result is correct!
! 51, isa, 64, 1, 0, 60, 3060, 30732, 173706, 32227
  result is correct!
! 51, isa, 64, 1, 0, 64, 3264, 34805, 96650, 36383
  result is correct!
! 51, isa, 64, 1, 0, 68, 3468, 39132, 209110, 41089
  result is correct!
! 51, isa, 64, 1, 0, 72, 3672, 43713, 184735, 45810
  result is correct!
