! 51, isa, 64, 1, 0, 8, 408, 1216, 1216, 1255
  result is correct!
! 51, isa, 64, 1, 0, 12, 612, 2480, 2480, 2580
  result is correct!
! 51, isa, 64, 1, 0, 16, 816, 4188, 4192, 4352
  result is correct!
! 51, isa, 64, 1, 0, 20, 1020, 6348, 6352, 6758
  result is correct!
! 51, isa, 64, 1, 0, 24, 1224, 8956, 8960, 9374
  result is correct!
! 51, isa, 64, 1, 0, 28, 1428, 12012, 12016, 12514
  result is correct!
! 51, isa, 64, 1, 0, 32, 1632, 15516, 15520, 16217
  result is correct!
! 51, isa, 64, 1, 0, 36, 1836, 19468, 19472, 20484
  result is correct!
! 51, isa, 64, 1, 0, 40, 2040, 23868, 23872, 25058
  result is correct!
! 51, isa, 64, 1, 0, 44, 2244, 28716, 28720, 30106
  result is correct!
! 51, isa, 64, 1, 0, 48, 2448, 34012, 34016, 35412
  result is correct!
! 51, isa, 64, 1, 0, 52, 2652, 39756, 39760, 41722
  result is correct!
! 51, isa, 64, 1, 0, 56, 2856, 45948, 45952, 48008
  result is correct!
! 51, isa, 64, 1, 0, 60, 3060, 52588, 52592, 54973
  result is correct!
! 51, isa, 64, 1, 0, 64, 3264, 59676, 59680, 62407
  result is correct!
! 51, isa, 64, 1, 0, 68, 3468, 67212, 67216, 70235
  result is correct!
! 51, isa, 64, 1, 0, 72, 3672, 75196, 75200, 78568
  result is correct!
