! 51, ise, 64, 1, 0, 8, 408, 498, 534, 556
  result is correct!
! 51, ise, 64, 1, 0, 12, 612, 864, 900, 943
  result is correct!
! 51, ise, 64, 1, 0, 16, 816, 1329, 1360, 1422
  result is correct!
! 51, ise, 64, 1, 0, 20, 1020, 1871, 1897, 1993
  result is correct!
! 51, ise, 64, 1, 0, 24, 1224, 2504, 2535, 2638
  result is correct!
! 51, ise, 64, 1, 0, 28, 1428, 3238, 3269, 3414
  result is correct!
! 51, ise, 64, 1, 0, 32, 1632, 4068, 4099, 4264
  result is correct!
! 51, ise, 64, 1, 0, 36, 1836, 4994, 5025, 5232
  result is correct!
! 51, ise, 64, 1, 0, 40, 2040, 6016, 6047, 6301
  result is correct!
! 51, ise, 64, 1, 0, 44, 2244, 7134, 7165, 7474
  result is correct!
! 51, ise, 64, 1, 0, 48, 2448, 8348, 8379, 8752
  result is correct!
! 51, ise, 64, 1, 0, 52, 2652, 9658, 9689, 10307
  result is correct!
! 51, ise, 64, 1, 0, 56, 2856, 11064, 11095, 11570
  result is correct!
! 51, ise, 64, 1, 0, 60, 3060, 12566, 12597, 13328
  result is correct!
! 51, ise, 64, 1, 0, 64, 3264, 14164, 14195, 14867
  result is correct!
! 51, ise, 64, 1, 0, 68, 3468, 15858, 15889, 16627
  result is correct!
! 51, ise, 64, 1, 0, 72, 3672, 17648, 17679, 18617
  result is correct!
