! 58, isa, 64, 1, 0, 8, 464, 866, 21836, 928
  result is correct!
! 58, isa, 64, 1, 0, 12, 696, 1654, 22821, 1756
  result is correct!
! 58, isa, 64, 1, 0, 16, 928, 2698, 23601, 2817
  result is correct!
! 58, isa, 64, 1, 0, 20, 1160, 3972, 24934, 4153
  result is correct!
! 58, isa, 64, 1, 0, 24, 1392, 5505, 27132, 5749
  result is correct!
! 58, isa, 64, 1, 0, 28, 1624, 7292, 28126, 7616
  result is correct!
! 58, isa, 64, 1, 0, 32, 1856, 9333, 30359, 9763
  result is correct!
! 58, isa, 64, 1, 0, 36, 2088, 11628, 155284, 12359
  result is correct!
! 58, isa, 64, 1, 0, 40, 2320, 14177, 35199, 14793
  result is correct!
! 58, isa, 64, 1, 0, 44, 2552, 16980, 161536, 17929
  result is correct!
! 58, isa, 64, 1, 0, 48, 2784, 20037, 164602, 21116
  result is correct!
! 58, isa, 64, 1, 0, 52, 3016, 23348, 166552, 24591
  result is correct!
! 58, isa, 64, 1, 0, 56, 3248, 26913, 169252, 28302
  result is correct!
! 58, isa, 64, 1, 0, 60, 3480, 30732, 175557, 32228
  result is correct!
! 58, isa, 64, 1, 0, 64, 3712, 34805, 95402, 36429
  result is correct!
! 58, isa, 64, 1, 0, 68, 3944, 39132, 181354, 40979
  result is correct!
! 58, isa, 64, 1, 0, 72, 4176, 43713, 185057, 45818
  result is correct!
