! 54, ise, 64, 1, 0, 8, 432, 498, 534, 555
  result is correct!
! 54, ise, 64, 1, 0, 12, 648, 864, 900, 943
  result is correct!
! 54, ise, 64, 1, 0, 16, 864, 1329, 1360, 1422
  result is correct!
! 54, ise, 64, 1, 0, 20, 1080, 1866, 1897, 1979
  result is correct!
! 54, ise, 64, 1, 0, 24, 1296, 2504, 2549, 2659
  result is correct!
! 54, ise, 64, 1, 0, 28, 1512, 3238, 3269, 3413
  result is correct!
! 54, ise, 64, 1, 0, 32, 1728, 4068, 4099, 4286
  result is correct!
! 54, ise, 64, 1, 0, 36, 1944, 4994, 5025, 5258
  result is correct!
! 54, ise, 64, 1, 0, 40, 2160, 6016, 6047, 6437
  result is correct!
! 54, ise, 64, 1, 0, 44, 2376, 7134, 7165, 7475
  result is correct!
! 54, ise, 64, 1, 0, 48, 2592, 8348, 8379, 8815
  result is correct!
! 54, ise, 64, 1, 0, 52, 2808, 9658, 9689, 10243
  result is correct!
! 54, ise, 64, 1, 0, 56, 3024, 11064, 11095, 11594
  result is correct!
! 54, ise, 64, 1, 0, 60, 3240, 12566, 12597, 13287
  result is correct!
! 54, ise, 64, 1, 0, 64, 3456, 14164, 14195, 14850
  result is correct!
! 54, ise, 64, 1, 0, 68, 3672, 15858, 15889, 16713
  result is correct!
! 54, ise, 64, 1, 0, 72, 3888, 17648, 17741, 18424
  result is correct!
