! 56, isa, 64, 1, 0, 8, 448, 866, 889, 932
  result is correct!
! 56, isa, 64, 1, 0, 12, 672, 1653, 1676, 1738
  result is correct!
! 56, isa, 64, 1, 0, 16, 896, 2697, 2717, 2841
  result is correct!
! 56, isa, 64, 1, 0, 20, 1120, 3971, 3991, 4177
  result is correct!
! 56, isa, 64, 1, 0, 24, 1344, 5504, 5524, 5750
  result is correct!
! 56, isa, 64, 1, 0, 28, 1568, 7291, 7311, 7705
  result is correct!
! 56, isa, 64, 1, 0, 32, 1792, 9332, 9352, 9766
  result is correct!
! 56, isa, 64, 1, 0, 36, 2016, 11627, 11647, 12145
  result is correct!
! 56, isa, 64, 1, 0, 40, 2240, 14176, 14196, 14818
  result is correct!
! 56, isa, 64, 1, 0, 44, 2464, 16979, 16999, 17775
  result is correct!
! 56, isa, 64, 1, 0, 48, 2688, 20036, 20056, 21142
  result is correct!
! 56, isa, 64, 1, 0, 52, 2912, 23347, 23367, 24581
  result is correct!
! 56, isa, 64, 1, 0, 56, 3136, 26912, 26932, 28310
  result is correct!
! 56, isa, 64, 1, 0, 60, 3360, 30731, 30751, 32179
  result is correct!
! 56, isa, 64, 1, 0, 64, 3584, 34804, 34824, 36511
  result is correct!
! 56, isa, 64, 1, 0, 68, 3808, 39131, 59769, 41063
  result is correct!
! 56, isa, 64, 1, 0, 72, 4032, 43712, 43732, 45786
  result is correct!
