! 50, isa, 64, 1, 0, 8, 400, 866, 889, 931
  result is correct!
! 50, isa, 64, 1, 0, 12, 600, 1653, 1676, 1739
  result is correct!
! 50, isa, 64, 1, 0, 16, 800, 2697, 2717, 2841
  result is correct!
! 50, isa, 64, 1, 0, 20, 1000, 3971, 3991, 4327
  result is correct!
! 50, isa, 64, 1, 0, 24, 1200, 5504, 5524, 5799
  result is correct!
! 50, isa, 64, 1, 0, 28, 1400, 7291, 7311, 7621
  result is correct!
! 50, isa, 64, 1, 0, 32, 1600, 9332, 9352, 9745
  result is correct!
! 50, isa, 64, 1, 0, 36, 1800, 11627, 11647, 12163
  result is correct!
! 50, isa, 64, 1, 0, 40, 2000, 14176, 14196, 14819
  result is correct!
! 50, isa, 64, 1, 0, 44, 2200, 16979, 16999, 17722
  result is correct!
! 50, isa, 64, 1, 0, 48, 2400, 20036, 20056, 20929
  result is correct!
! 50, isa, 64, 1, 0, 52, 2600, 23347, 23367, 24523
  result is correct!
! 50, isa, 64, 1, 0, 56, 2800, 26912, 26932, 28251
  result is correct!
! 50, isa, 64, 1, 0, 60, 3000, 30731, 30751, 32126
  result is correct!
! 50, isa, 64, 1, 0, 64, 3200, 34804, 34824, 36521
  result is correct!
! 50, isa, 64, 1, 0, 68, 3400, 39131, 39189, 41059
  result is correct!
! 50, isa, 64, 1, 0, 72, 3600, 43712, 43732, 45827
  result is correct!
