! 57, ise, 64, 1, 0, 8, 456, 1005, 1005, 1046
  result is correct!
! 57, ise, 64, 1, 0, 12, 684, 2017, 2017, 2098
  result is correct!
! 57, ise, 64, 1, 0, 16, 912, 3381, 3381, 3524
  result is correct!
! 57, ise, 64, 1, 0, 20, 1140, 5097, 5097, 5300
  result is correct!
! 57, ise, 64, 1, 0, 24, 1368, 7165, 7165, 7450
  result is correct!
! 57, ise, 64, 1, 0, 28, 1596, 9585, 9585, 10192
  result is correct!
! 57, ise, 64, 1, 0, 32, 1824, 12357, 12357, 12885
  result is correct!
! 57, ise, 64, 1, 0, 36, 2052, 15481, 15481, 16339
  result is correct!
! 57, ise, 64, 1, 0, 40, 2280, 18957, 18957, 19850
  result is correct!
! 57, ise, 64, 1, 0, 44, 2508, 22785, 22785, 23811
  result is correct!
! 57, ise, 64, 1, 0, 48, 2736, 26965, 26965, 28157
  result is correct!
! 57, ise, 64, 1, 0, 52, 2964, 31497, 31497, 33020
  result is correct!
! 57, ise, 64, 1, 0, 56, 3192, 36381, 36381, 38136
  result is correct!
! 57, ise, 64, 1, 0, 60, 3420, 41617, 41617, 43571
  result is correct!
! 57, ise, 64, 1, 0, 64, 3648, 47205, 47205, 49407
  result is correct!
! 57, ise, 64, 1, 0, 68, 3876, 53145, 73732, 55611
  result is correct!
! 57, ise, 64, 1, 0, 72, 4104, 59437, 59437, 62171
  result is correct!
