! 53, isa, 64, 1, 0, 8, 424, 1211, 21910, 1272
  result is correct!
! 53, isa, 64, 1, 0, 12, 636, 2476, 22554, 2595
  result is correct!
! 53, isa, 64, 1, 0, 16, 848, 4188, 24341, 4368
  result is correct!
! 53, isa, 64, 1, 0, 20, 1060, 6348, 27180, 6609
  result is correct!
! 53, isa, 64, 1, 0, 24, 1272, 8956, 154957, 9475
  result is correct!
! 53, isa, 64, 1, 0, 28, 1484, 12012, 32428, 12511
  result is correct!
! 53, isa, 64, 1, 0, 32, 1696, 15516, 156675, 16290
  result is correct!
! 53, isa, 64, 1, 0, 36, 1908, 19468, 159446, 20528
  result is correct!
! 53, isa, 64, 1, 0, 40, 2120, 23868, 164417, 25056
  result is correct!
! 53, isa, 64, 1, 0, 44, 2332, 28716, 169494, 30123
  result is correct!
! 53, isa, 64, 1, 0, 48, 2544, 34012, 174361, 35569
  result is correct!
! 53, isa, 64, 1, 0, 52, 2756, 39756, 177897, 41577
  result is correct!
! 53, isa, 64, 1, 0, 56, 2968, 45948, 184465, 48047
  result is correct!
! 53, isa, 64, 1, 0, 60, 3180, 52588, 192000, 54967
  result is correct!
! 53, isa, 64, 1, 0, 64, 3392, 59676, 198217, 62334
  result is correct!
! 53, isa, 64, 1, 0, 68, 3604, 67212, 205743, 70395
  result is correct!
! 53, isa, 64, 1, 0, 72, 3816, 75196, 214320, 78715
  result is correct!
