! 61, isa, 64, 1, 0, 8, 488, 1218, 1218, 1280
  result is correct!
! 61, isa, 64, 1, 0, 12, 732, 2472, 2482, 2583
  result is correct!
! 61, isa, 64, 1, 0, 16, 976, 4194, 4194, 4376
  result is correct!
! 61, isa, 64, 1, 0, 20, 1220, 6344, 6372, 6639
  result is correct!
! 61, isa, 64, 1, 0, 24, 1464, 8952, 8962, 9555
  result is correct!
! 61, isa, 64, 1, 0, 28, 1708, 12008, 12018, 12525
  result is correct!
! 61, isa, 64, 1, 0, 32, 1952, 15512, 15522, 16327
  result is correct!
! 61, isa, 64, 1, 0, 36, 2196, 19464, 19474, 20357
  result is correct!
! 61, isa, 64, 1, 0, 40, 2440, 23864, 23874, 24937
  result is correct!
! 61, isa, 64, 1, 0, 44, 2684, 28712, 28722, 30121
  result is correct!
! 61, isa, 64, 1, 0, 48, 2928, 34008, 34018, 35641
  result is correct!
! 61, isa, 64, 1, 0, 52, 3172, 39752, 39780, 41645
  result is correct!
! 61, isa, 64, 1, 0, 56, 3416, 45944, 45954, 48107
  result is correct!
! 61, isa, 64, 1, 0, 60, 3660, 52584, 52594, 55006
  result is correct!
! 61, isa, 64, 1, 0, 64, 3904, 59672, 59682, 62455
  result is correct!
