! 64, ise, 64, 1, 0, 8, 512, 1121, 1121, 1162
  result is correct!
! 64, ise, 64, 1, 0, 12, 768, 2289, 2289, 2390
  result is correct!
! 64, ise, 64, 1, 0, 16, 1024, 3873, 3873, 4036
  result is correct!
! 64, ise, 64, 1, 0, 20, 1280, 5873, 5873, 6116
  result is correct!
! 64, ise, 64, 1, 0, 24, 1536, 8289, 8289, 8632
  result is correct!
! 64, ise, 64, 1, 0, 28, 1792, 11121, 11121, 11607
  result is correct!
! 64, ise, 64, 1, 0, 32, 2048, 14369, 14369, 14976
  result is correct!
! 64, ise, 64, 1, 0, 36, 2304, 18033, 18033, 18849
  result is correct!
! 64, ise, 64, 1, 0, 40, 2560, 22113, 22113, 23140
  result is correct!
! 64, ise, 64, 1, 0, 44, 2816, 26609, 26609, 27929
  result is correct!
! 64, ise, 64, 1, 0, 48, 3072, 31521, 31521, 32931
  result is correct!
! 64, ise, 64, 1, 0, 52, 3328, 36849, 36849, 38588
  result is correct!
! 64, ise, 64, 1, 0, 56, 3584, 42593, 42593, 44567
  result is correct!
! 64, ise, 64, 1, 0, 60, 3840, 48753, 48753, 50998
  result is correct!
! 64, ise, 64, 1, 0, 64, 4096, 55329, 55329, 57855
  result is correct!
