! 56, isa, 64, 1, 0, 8, 448, 1216, 1216, 1256
  result is correct!
! 56, isa, 64, 1, 0, 12, 672, 2480, 2480, 2600
  result is correct!
! 56, isa, 64, 1, 0, 16, 896, 4192, 4192, 4351
  result is correct!
! 56, isa, 64, 1, 0, 20, 1120, 6352, 6352, 6757
  result is correct!
! 56, isa, 64, 1, 0, 24, 1344, 8960, 8960, 9339
  result is correct!
! 56, isa, 64, 1, 0, 28, 1568, 12016, 12016, 12514
  result is correct!
! 56, isa, 64, 1, 0, 32, 1792, 15520, 15520, 16155
  result is correct!
! 56, isa, 64, 1, 0, 36, 2016, 19472, 19472, 20424
  result is correct!
! 56, isa, 64, 1, 0, 40, 2240, 23872, 23872, 25053
  result is correct!
! 56, isa, 64, 1, 0, 44, 2464, 28720, 28720, 30048
  result is correct!
! 56, isa, 64, 1, 0, 48, 2688, 34016, 34016, 35482
  result is correct!
! 56, isa, 64, 1, 0, 52, 2912, 39760, 39760, 41596
  result is correct!
! 56, isa, 64, 1, 0, 56, 3136, 45952, 45952, 48116
  result is correct!
! 56, isa, 64, 1, 0, 60, 3360, 52592, 52592, 54967
  result is correct!
! 56, isa, 64, 1, 0, 64, 3584, 59680, 59680, 62334
  result is correct!
! 56, isa, 64, 1, 0, 68, 3808, 67216, 67216, 70241
  result is correct!
! 56, isa, 64, 1, 0, 72, 4032, 75200, 75200, 78709
  result is correct!
