! 58, ise, 64, 1, 0, 8, 464, 1006, 1006, 1048
  result is correct!
! 58, ise, 64, 1, 0, 12, 696, 2019, 2019, 2101
  result is correct!
! 58, ise, 64, 1, 0, 16, 928, 3383, 3383, 3526
  result is correct!
! 58, ise, 64, 1, 0, 20, 1160, 5099, 5099, 5473
  result is correct!
! 58, ise, 64, 1, 0, 24, 1392, 7167, 7167, 7472
  result is correct!
! 58, ise, 64, 1, 0, 28, 1624, 9587, 9587, 9995
  result is correct!
! 58, ise, 64, 1, 0, 32, 1856, 12359, 12359, 13089
  result is correct!
! 58, ise, 64, 1, 0, 36, 2088, 15483, 15483, 16138
  result is correct!
! 58, ise, 64, 1, 0, 40, 2320, 18959, 18959, 19770
  result is correct!
! 58, ise, 64, 1, 0, 44, 2552, 22787, 22787, 23792
  result is correct!
! 58, ise, 64, 1, 0, 48, 2784, 26967, 26967, 28086
  result is correct!
! 58, ise, 64, 1, 0, 52, 3016, 31499, 31499, 32850
  result is correct!
! 58, ise, 64, 1, 0, 56, 3248, 36383, 36383, 38114
  result is correct!
! 58, ise, 64, 1, 0, 60, 3480, 41619, 41619, 43573
  result is correct!
! 58, ise, 64, 1, 0, 64, 3712, 47207, 47207, 49407
  result is correct!
