! 53, isa, 64, 1, 0, 8, 424, 866, 889, 910
  result is correct!
! 53, isa, 64, 1, 0, 12, 636, 1653, 1676, 1760
  result is correct!
! 53, isa, 64, 1, 0, 16, 848, 2697, 2717, 2820
  result is correct!
! 53, isa, 64, 1, 0, 20, 1060, 3971, 3991, 4157
  result is correct!
! 53, isa, 64, 1, 0, 24, 1272, 5504, 5524, 5773
  result is correct!
! 53, isa, 64, 1, 0, 28, 1484, 7291, 7311, 7621
  result is correct!
! 53, isa, 64, 1, 0, 32, 1696, 9332, 9352, 9764
  result is correct!
! 53, isa, 64, 1, 0, 36, 1908, 11627, 11647, 12207
  result is correct!
! 53, isa, 64, 1, 0, 40, 2120, 14176, 34623, 14817
  result is correct!
! 53, isa, 64, 1, 0, 44, 2332, 16979, 16999, 17723
  result is correct!
! 53, isa, 64, 1, 0, 48, 2544, 20036, 20056, 20980
  result is correct!
! 53, isa, 64, 1, 0, 52, 2756, 23347, 23381, 24595
  result is correct!
! 53, isa, 64, 1, 0, 56, 2968, 26912, 26932, 28300
  result is correct!
! 53, isa, 64, 1, 0, 60, 3180, 30732, 30732, 32093
  result is correct!
! 53, isa, 64, 1, 0, 64, 3392, 34804, 34824, 36537
  result is correct!
! 53, isa, 64, 1, 0, 68, 3604, 39131, 39151, 41041
  result is correct!
! 53, isa, 64, 1, 0, 72, 3816, 43712, 43760, 45828
  result is correct!
