! 54, isa, 64, 1, 0, 8, 432, 866, 21875, 907
  result is correct!
! 54, isa, 64, 1, 0, 12, 648, 1654, 22953, 1756
  result is correct!
! 54, isa, 64, 1, 0, 16, 864, 2698, 94411, 2898
  result is correct!
! 54, isa, 64, 1, 0, 20, 1080, 3972, 24898, 4153
  result is correct!
! 54, isa, 64, 1, 0, 24, 1296, 5505, 27390, 5771
  result is correct!
! 54, isa, 64, 1, 0, 28, 1512, 7292, 28289, 7639
  result is correct!
! 54, isa, 64, 1, 0, 32, 1728, 9333, 30273, 9763
  result is correct!
! 54, isa, 64, 1, 0, 36, 1944, 11628, 174097, 12321
  result is correct!
! 54, isa, 64, 1, 0, 40, 2160, 14177, 35146, 14793
  result is correct!
! 54, isa, 64, 1, 0, 44, 2376, 16980, 160494, 17876
  result is correct!
! 54, isa, 64, 1, 0, 48, 2592, 20037, 162588, 21165
  result is correct!
! 54, isa, 64, 1, 0, 52, 2808, 23348, 167701, 24592
  result is correct!
! 54, isa, 64, 1, 0, 56, 3024, 26913, 171492, 28304
  result is correct!
! 54, isa, 64, 1, 0, 60, 3240, 30732, 174387, 32209
  result is correct!
! 54, isa, 64, 1, 0, 64, 3456, 34805, 95577, 36380
  result is correct!
! 54, isa, 64, 1, 0, 68, 3672, 39132, 180885, 41031
  result is correct!
! 54, isa, 64, 1, 0, 72, 3888, 43713, 184427, 45865
  result is correct!
