! 57, ise, 64, 1, 0, 8, 456, 498, 534, 580
  result is correct!
! 57, ise, 64, 1, 0, 12, 684, 864, 900, 942
  result is correct!
! 57, ise, 64, 1, 0, 16, 912, 1324, 1355, 1419
  result is correct!
! 57, ise, 64, 1, 0, 20, 1140, 1866, 1897, 1979
  result is correct!
! 57, ise, 64, 1, 0, 24, 1368, 2504, 2535, 2660
  result is correct!
! 57, ise, 64, 1, 0, 28, 1596, 3238, 3269, 3414
  result is correct!
! 57, ise, 64, 1, 0, 32, 1824, 4068, 4099, 4283
  result is correct!
! 57, ise, 64, 1, 0, 36, 2052, 4994, 5025, 5230
  result is correct!
! 57, ise, 64, 1, 0, 40, 2280, 6016, 6047, 6292
  result is correct!
! 57, ise, 64, 1, 0, 44, 2508, 7134, 7165, 7536
  result is correct!
! 57, ise, 64, 1, 0, 48, 2736, 8348, 8379, 8730
  result is correct!
! 57, ise, 64, 1, 0, 52, 2964, 9658, 9689, 10231
  result is correct!
! 57, ise, 64, 1, 0, 56, 3192, 11064, 11095, 11570
  result is correct!
! 57, ise, 64, 1, 0, 60, 3420, 12566, 12597, 13116
  result is correct!
! 57, ise, 64, 1, 0, 64, 3648, 14164, 34480, 14812
  result is correct!
! 57, ise, 64, 1, 0, 68, 3876, 15858, 15889, 16721
  result is correct!
! 57, ise, 64, 1, 0, 72, 4104, 17648, 17679, 18502
  result is correct!
