! 61, isa, 64, 1, 0, 8, 488, 866, 22339, 906
  result is correct!
! 61, isa, 64, 1, 0, 12, 732, 1653, 22806, 1755
  result is correct!
! 61, isa, 64, 1, 0, 16, 976, 2692, 23827, 2812
  result is correct!
! 61, isa, 64, 1, 0, 20, 1220, 3971, 25359, 4153
  result is correct!
! 61, isa, 64, 1, 0, 24, 1464, 5504, 26572, 5748
  result is correct!
! 61, isa, 64, 1, 0, 28, 1708, 7291, 79503, 7681
  result is correct!
! 61, isa, 64, 1, 0, 32, 1952, 9332, 71488, 9814
  result is correct!
! 61, isa, 64, 1, 0, 36, 2196, 11627, 173781, 12320
  result is correct!
! 61, isa, 64, 1, 0, 40, 2440, 14176, 35385, 14793
  result is correct!
! 61, isa, 64, 1, 0, 44, 2684, 16979, 172855, 17891
  result is correct!
! 61, isa, 64, 1, 0, 48, 2928, 20036, 163677, 21116
  result is correct!
! 61, isa, 64, 1, 0, 52, 3172, 23347, 165193, 24569
  result is correct!
! 61, isa, 64, 1, 0, 56, 3416, 26912, 169849, 28283
  result is correct!
! 61, isa, 64, 1, 0, 60, 3660, 30731, 174097, 32366
  result is correct!
! 61, isa, 64, 1, 0, 64, 3904, 34804, 95446, 36377
  result is correct!
