! 56, ise, 64, 1, 0, 8, 448, 498, 25599, 557
  result is correct!
! 56, ise, 64, 1, 0, 12, 672, 864, 22714, 941
  result is correct!
! 56, ise, 64, 1, 0, 16, 896, 1329, 22629, 1420
  result is correct!
! 56, ise, 64, 1, 0, 20, 1120, 1866, 22897, 1978
  result is correct!
! 56, ise, 64, 1, 0, 24, 1344, 2506, 157948, 2785
  result is correct!
! 56, ise, 64, 1, 0, 28, 1568, 3238, 26513, 3415
  result is correct!
! 56, ise, 64, 1, 0, 32, 1792, 4068, 24901, 4282
  result is correct!
! 56, ise, 64, 1, 0, 36, 2016, 4994, 25886, 5250
  result is correct!
! 56, ise, 64, 1, 0, 40, 2240, 6016, 27410, 6313
  result is correct!
! 56, ise, 64, 1, 0, 44, 2464, 7134, 170933, 7652
  result is correct!
! 56, ise, 64, 1, 0, 48, 2688, 8348, 39390, 8764
  result is correct!
! 56, ise, 64, 1, 0, 52, 2912, 9658, 30550, 10100
  result is correct!
! 56, ise, 64, 1, 0, 56, 3136, 11064, 32811, 11566
  result is correct!
! 56, ise, 64, 1, 0, 60, 3360, 12566, 74844, 13186
  result is correct!
! 56, ise, 64, 1, 0, 64, 3584, 14164, 35287, 14791
  result is correct!
! 56, ise, 64, 1, 0, 68, 3808, 15858, 78833, 16624
  result is correct!
! 56, ise, 64, 1, 0, 72, 4032, 17648, 106298, 18522
  result is correct!
