! 55, isa, 64, 1, 0, 8, 440, 866, 23349, 930
  result is correct!
! 55, isa, 64, 1, 0, 12, 660, 1654, 22945, 1756
  result is correct!
! 55, isa, 64, 1, 0, 16, 880, 2698, 23626, 2838
  result is correct!
! 55, isa, 64, 1, 0, 20, 1100, 3972, 25967, 4155
  result is correct!
! 55, isa, 64, 1, 0, 24, 1320, 5505, 26722, 5749
  result is correct!
! 55, isa, 64, 1, 0, 28, 1540, 7292, 28173, 7617
  result is correct!
! 55, isa, 64, 1, 0, 32, 1760, 9333, 30987, 9762
  result is correct!
! 55, isa, 64, 1, 0, 36, 1980, 11628, 155149, 12298
  result is correct!
! 55, isa, 64, 1, 0, 40, 2200, 14177, 36288, 14795
  result is correct!
! 55, isa, 64, 1, 0, 44, 2420, 16980, 161219, 17874
  result is correct!
! 55, isa, 64, 1, 0, 48, 2640, 20037, 163798, 21056
  result is correct!
! 55, isa, 64, 1, 0, 52, 2860, 23348, 167133, 24571
  result is correct!
! 55, isa, 64, 1, 0, 56, 3080, 26913, 169679, 28222
  result is correct!
! 55, isa, 64, 1, 0, 60, 3300, 30732, 173363, 32208
  result is correct!
! 55, isa, 64, 1, 0, 64, 3520, 34805, 95395, 36359
  result is correct!
! 55, isa, 64, 1, 0, 68, 3740, 39132, 181143, 41027
  result is correct!
! 55, isa, 64, 1, 0, 72, 3960, 43713, 185001, 45797
  result is correct!
