! 54, isa, 64, 1, 0, 8, 432, 1216, 1216, 1339
  result is correct!
! 54, isa, 64, 1, 0, 12, 648, 2480, 2480, 2579
  result is correct!
! 54, isa, 64, 1, 0, 16, 864, 4188, 4192, 4372
  result is correct!
! 54, isa, 64, 1, 0, 20, 1080, 6348, 6352, 6779
  result is correct!
! 54, isa, 64, 1, 0, 24, 1296, 8956, 8960, 9320
  result is correct!
! 54, isa, 64, 1, 0, 28, 1512, 12012, 12016, 12515
  result is correct!
! 54, isa, 64, 1, 0, 32, 1728, 15516, 15520, 16236
  result is correct!
! 54, isa, 64, 1, 0, 36, 1944, 19468, 19472, 20409
  result is correct!
! 54, isa, 64, 1, 0, 40, 2160, 23868, 23872, 25006
  result is correct!
! 54, isa, 64, 1, 0, 44, 2376, 28716, 28720, 30098
  result is correct!
! 54, isa, 64, 1, 0, 48, 2592, 34012, 34016, 35483
  result is correct!
! 54, isa, 64, 1, 0, 52, 2808, 39756, 39760, 41650
  result is correct!
! 54, isa, 64, 1, 0, 56, 3024, 45948, 65810, 48073
  result is correct!
! 54, isa, 64, 1, 0, 60, 3240, 52588, 52592, 54967
  result is correct!
! 54, isa, 64, 1, 0, 64, 3456, 59676, 59680, 62301
  result is correct!
! 54, isa, 64, 1, 0, 68, 3672, 67212, 67216, 70217
  result is correct!
! 54, isa, 64, 1, 0, 72, 3888, 75196, 75200, 78522
  result is correct!
