! 55, ise, 64, 1, 0, 8, 440, 498, 539, 690
  result is correct!
! 55, ise, 64, 1, 0, 12, 660, 871, 900, 943
  result is correct!
! 55, ise, 64, 1, 0, 16, 880, 1329, 1360, 1402
  result is correct!
! 55, ise, 64, 1, 0, 20, 1100, 1866, 1897, 1980
  result is correct!
! 55, ise, 64, 1, 0, 24, 1320, 2504, 2535, 2638
  result is correct!
! 55, ise, 64, 1, 0, 28, 1540, 3238, 3269, 3414
  result is correct!
! 55, ise, 64, 1, 0, 32, 1760, 4068, 4099, 4285
  result is correct!
! 55, ise, 64, 1, 0, 36, 1980, 4994, 5025, 5232
  result is correct!
! 55, ise, 64, 1, 0, 40, 2200, 6016, 6047, 6454
  result is correct!
! 55, ise, 64, 1, 0, 44, 2420, 7134, 7165, 7474
  result is correct!
! 55, ise, 64, 1, 0, 48, 2640, 8348, 8379, 8730
  result is correct!
! 55, ise, 64, 1, 0, 52, 2860, 9658, 9689, 10240
  result is correct!
! 55, ise, 64, 1, 0, 56, 3080, 11064, 11095, 11571
  result is correct!
! 55, ise, 64, 1, 0, 60, 3300, 12566, 12597, 13314
  result is correct!
! 55, ise, 64, 1, 0, 64, 3520, 14164, 14195, 14816
  result is correct!
! 55, ise, 64, 1, 0, 68, 3740, 15858, 15889, 16709
  result is correct!
! 55, ise, 64, 1, 0, 72, 3960, 17648, 17679, 18497
  result is correct!
