! 53, ise, 64, 1, 0, 8, 424, 498, 22698, 555
  result is correct!
! 53, ise, 64, 1, 0, 12, 636, 863, 22530, 934
  result is correct!
! 53, ise, 64, 1, 0, 16, 848, 1329, 22344, 1420
  result is correct!
! 53, ise, 64, 1, 0, 20, 1060, 1866, 22722, 1977
  result is correct!
! 53, ise, 64, 1, 0, 24, 1272, 2504, 23703, 2657
  result is correct!
! 53, ise, 64, 1, 0, 28, 1484, 3238, 24333, 3411
  result is correct!
! 53, ise, 64, 1, 0, 32, 1696, 4068, 41683, 4305
  result is correct!
! 53, ise, 64, 1, 0, 36, 1908, 4994, 78967, 5294
  result is correct!
! 53, ise, 64, 1, 0, 40, 2120, 6016, 26838, 6312
  result is correct!
! 53, ise, 64, 1, 0, 44, 2332, 7134, 162655, 7625
  result is correct!
! 53, ise, 64, 1, 0, 48, 2544, 8348, 30181, 8729
  result is correct!
! 53, ise, 64, 1, 0, 52, 2756, 9658, 30767, 10100
  result is correct!
! 53, ise, 64, 1, 0, 56, 2968, 11064, 31872, 11567
  result is correct!
! 53, ise, 64, 1, 0, 60, 3180, 12566, 33480, 13131
  result is correct!
! 53, ise, 64, 1, 0, 64, 3392, 14164, 35845, 14811
  result is correct!
! 53, ise, 64, 1, 0, 68, 3604, 15858, 159451, 16725
  result is correct!
! 53, ise, 64, 1, 0, 72, 3816, 17648, 39030, 18440
  result is correct!
