! 52, ise, 64, 1, 0, 8, 416, 503, 23084, 559
  result is correct!
! 52, ise, 64, 1, 0, 12, 624, 863, 22503, 913
  result is correct!
! 52, ise, 64, 1, 0, 16, 832, 1329, 22564, 1421
  result is correct!
! 52, ise, 64, 1, 0, 20, 1040, 1866, 156005, 2122
  result is correct!
! 52, ise, 64, 1, 0, 24, 1248, 2504, 23474, 2636
  result is correct!
! 52, ise, 64, 1, 0, 28, 1456, 3238, 24046, 3411
  result is correct!
! 52, ise, 64, 1, 0, 32, 1664, 4068, 78771, 4328
  result is correct!
! 52, ise, 64, 1, 0, 36, 1872, 4994, 25862, 5250
  result is correct!
! 52, ise, 64, 1, 0, 40, 2080, 6016, 27006, 6314
  result is correct!
! 52, ise, 64, 1, 0, 44, 2288, 7134, 30527, 7478
  result is correct!
! 52, ise, 64, 1, 0, 48, 2496, 8348, 79265, 8811
  result is correct!
! 52, ise, 64, 1, 0, 52, 2704, 9658, 30575, 10101
  result is correct!
! 52, ise, 64, 1, 0, 56, 2912, 11064, 70513, 11617
  result is correct!
! 52, ise, 64, 1, 0, 60, 3120, 12566, 34038, 13132
  result is correct!
! 52, ise, 64, 1, 0, 64, 3328, 14164, 74832, 14844
  result is correct!
! 52, ise, 64, 1, 0, 68, 3536, 15858, 162879, 16711
  result is correct!
! 52, ise, 64, 1, 0, 72, 3744, 17648, 38605, 18419
  result is correct!
