for i in *.log ; do echo "-----------------Showing $i-----------------" ; cat 
$i ; done
-----------------Showing intmul-rv64_isa_50_hybrid.log-----------------
! 50, isa, 64, 1, 0, 8, 400, 866, 22089, 929
  result is correct!
! 50, isa, 64, 1, 0, 12, 600, 1654, 22763, 1735
  result is correct!
! 50, isa, 64, 1, 0, 16, 800, 2698, 23973, 2839
  result is correct!
! 50, isa, 64, 1, 0, 20, 1000, 3972, 24987, 4173
  result is correct!
! 50, isa, 64, 1, 0, 24, 1200, 5505, 26377, 5769
  result is correct!
! 50, isa, 64, 1, 0, 28, 1400, 7292, 82527, 7685
  result is correct!
! 50, isa, 64, 1, 0, 32, 1600, 9333, 30589, 9742
  result is correct!
! 50, isa, 64, 1, 0, 36, 1800, 11628, 160600, 12283
  result is correct!
! 50, isa, 64, 1, 0, 40, 2000, 14177, 35119, 14812
  result is correct!
! 50, isa, 64, 1, 0, 44, 2200, 16980, 162110, 17911
  result is correct!
! 50, isa, 64, 1, 0, 48, 2400, 20037, 173890, 21072
  result is correct!
! 50, isa, 64, 1, 0, 52, 2600, 23348, 177975, 24530
  result is correct!
! 50, isa, 64, 1, 0, 56, 2800, 26913, 171533, 28303
  result is correct!
! 50, isa, 64, 1, 0, 60, 3000, 30732, 174481, 32285
  result is correct!
! 50, isa, 64, 1, 0, 64, 3200, 34805, 96881, 36379
  result is correct!
! 50, isa, 64, 1, 0, 68, 3400, 39132, 182373, 41032
  result is correct!
! 50, isa, 64, 1, 0, 72, 3600, 43713, 186766, 45820
  result is correct!
-----------------Showing intmul-rv64_isa_50_simple.log-----------------
! 50, isa, 64, 1, 0, 8, 400, 1211, 21579, 1271
  result is correct!
! 50, isa, 64, 1, 0, 12, 600, 2476, 22686, 2596
  result is correct!
! 50, isa, 64, 1, 0, 16, 800, 4188, 24452, 4348
  result is correct!
! 50, isa, 64, 1, 0, 20, 1000, 6348, 82113, 6675
  result is correct!
! 50, isa, 64, 1, 0, 24, 1200, 8956, 159283, 9560
  result is correct!
! 50, isa, 64, 1, 0, 28, 1400, 12012, 81950, 12574
  result is correct!
! 50, isa, 64, 1, 0, 32, 1600, 15516, 158350, 16312
  result is correct!
! 50, isa, 64, 1, 0, 36, 1800, 19468, 159347, 20420
  result is correct!
! 50, isa, 64, 1, 0, 40, 2000, 23868, 164908, 25003
  result is correct!
! 50, isa, 64, 1, 0, 44, 2200, 28716, 169296, 30048
  result is correct!
! 50, isa, 64, 1, 0, 48, 2400, 34012, 174050, 35614
  result is correct!
! 50, isa, 64, 1, 0, 52, 2600, 39756, 177408, 41594
  result is correct!
! 50, isa, 64, 1, 0, 56, 2800, 45948, 184511, 48060
  result is correct!
! 50, isa, 64, 1, 0, 60, 3000, 52588, 191382, 55011
  result is correct!
! 50, isa, 64, 1, 0, 64, 3200, 59676, 197702, 62357
  result is correct!
! 50, isa, 64, 1, 0, 68, 3400, 67212, 212200, 70394
  result is correct!
! 50, isa, 64, 1, 0, 72, 3600, 75196, 214541, 78716
  result is correct!
-----------------Showing intmul-rv64_isa_51_hybrid.log-----------------
! 51, isa, 64, 1, 0, 8, 408, 866, 21855, 928
  result is correct!
! 51, isa, 64, 1, 0, 12, 612, 1654, 23055, 1757
  result is correct!
! 51, isa, 64, 1, 0, 16, 816, 2698, 23814, 2839
  result is correct!
! 51, isa, 64, 1, 0, 20, 1020, 3972, 24911, 4153
  result is correct!
! 51, isa, 64, 1, 0, 24, 1224, 5505, 82514, 5838
  result is correct!
! 51, isa, 64, 1, 0, 28, 1428, 7292, 28161, 7637
  result is correct!
! 51, isa, 64, 1, 0, 32, 1632, 9333, 30410, 9762
  result is correct!
! 51, isa, 64, 1, 0, 36, 1836, 11628, 155944, 12361
  result is correct!
! 51, isa, 64, 1, 0, 40, 2040, 14177, 35160, 14814
  result is correct!
! 51, isa, 64, 1, 0, 44, 2244, 16980, 160577, 17875
  result is correct!
! 51, isa, 64, 1, 0, 48, 2448, 20037, 162262, 21113
  result is correct!
! 51, isa, 64, 1, 0, 52, 2652, 23348, 166967, 24593
  result is correct!
! 51, isa, 64, 1, 0, 56, 2856, 26913, 170188, 28307
  result is correct!
! 51, isa, 64, 1, 0, 60, 3060, 30732, 173706, 32227
  result is correct!
! 51, isa, 64, 1, 0, 64, 3264, 34805, 96650, 36383
  result is correct!
! 51, isa, 64, 1, 0, 68, 3468, 39132, 209110, 41089
  result is correct!
! 51, isa, 64, 1, 0, 72, 3672, 43713, 184735, 45810
  result is correct!
-----------------Showing intmul-rv64_isa_51_simple.log-----------------
! 51, isa, 64, 1, 0, 8, 408, 1211, 21835, 1251
  result is correct!
! 51, isa, 64, 1, 0, 12, 612, 2476, 22873, 2576
  result is correct!
! 51, isa, 64, 1, 0, 16, 816, 4188, 24240, 4367
  result is correct!
! 51, isa, 64, 1, 0, 20, 1020, 6348, 26418, 6587
  result is correct!
! 51, isa, 64, 1, 0, 24, 1224, 8956, 160281, 9481
  result is correct!
! 51, isa, 64, 1, 0, 28, 1428, 12012, 32685, 12512
  result is correct!
! 51, isa, 64, 1, 0, 32, 1632, 15516, 158872, 16313
  result is correct!
! 51, isa, 64, 1, 0, 36, 1836, 19468, 159442, 20401
  result is correct!
! 51, isa, 64, 1, 0, 40, 2040, 23868, 165055, 25000
  result is correct!
! 51, isa, 64, 1, 0, 44, 2244, 28716, 168825, 30048
  result is correct!
! 51, isa, 64, 1, 0, 48, 2448, 34012, 174680, 35612
  result is correct!
! 51, isa, 64, 1, 0, 52, 2652, 39756, 179141, 41596
  result is correct!
! 51, isa, 64, 1, 0, 56, 2856, 45948, 193418, 48035
  result is correct!
! 51, isa, 64, 1, 0, 60, 3060, 52588, 191301, 54972
  result is correct!
! 51, isa, 64, 1, 0, 64, 3264, 59676, 207507, 62343
  result is correct!
! 51, isa, 64, 1, 0, 68, 3468, 67212, 206646, 70342
  result is correct!
! 51, isa, 64, 1, 0, 72, 3672, 75196, 214512, 78667
  result is correct!
-----------------Showing intmul-rv64_isa_52_hybrid.log-----------------
! 52, isa, 64, 1, 0, 8, 416, 866, 22967, 930
  result is correct!
! 52, isa, 64, 1, 0, 12, 624, 1654, 22584, 1756
  result is correct!
! 52, isa, 64, 1, 0, 16, 832, 2698, 24619, 2840
  result is correct!
! 52, isa, 64, 1, 0, 20, 1040, 3972, 33054, 4166
  result is correct!
! 52, isa, 64, 1, 0, 24, 1248, 5505, 26424, 5748
  result is correct!
! 52, isa, 64, 1, 0, 28, 1456, 7292, 28232, 7617
  result is correct!
! 52, isa, 64, 1, 0, 32, 1664, 9333, 80964, 9827
  result is correct!
! 52, isa, 64, 1, 0, 36, 1872, 11628, 157393, 12302
  result is correct!
! 52, isa, 64, 1, 0, 40, 2080, 14177, 76285, 14827
  result is correct!
! 52, isa, 64, 1, 0, 44, 2288, 16980, 163805, 17929
  result is correct!
! 52, isa, 64, 1, 0, 48, 2496, 20037, 162446, 21059
  result is correct!
! 52, isa, 64, 1, 0, 52, 2704, 23348, 166226, 24514
  result is correct!
! 52, isa, 64, 1, 0, 56, 2912, 26913, 170865, 28222
  result is correct!
! 52, isa, 64, 1, 0, 60, 3120, 30732, 176396, 32364
  result is correct!
! 52, isa, 64, 1, 0, 64, 3328, 34805, 95287, 36427
  result is correct!
! 52, isa, 64, 1, 0, 68, 3536, 39132, 180372, 41027
  result is correct!
! 52, isa, 64, 1, 0, 72, 3744, 43713, 184345, 45816
  result is correct!
-----------------Showing intmul-rv64_isa_52_simple.log-----------------
! 52, isa, 64, 1, 0, 8, 416, 1211, 21648, 1271
  result is correct!
! 52, isa, 64, 1, 0, 12, 624, 2476, 22722, 2576
  result is correct!
! 52, isa, 64, 1, 0, 16, 832, 4188, 24646, 4368
  result is correct!
! 52, isa, 64, 1, 0, 20, 1040, 6348, 26426, 6627
  result is correct!
! 52, isa, 64, 1, 0, 24, 1248, 8956, 163360, 9526
  result is correct!
! 52, isa, 64, 1, 0, 28, 1456, 12012, 32272, 12512
  result is correct!
! 52, isa, 64, 1, 0, 32, 1664, 15516, 161471, 16374
  result is correct!
! 52, isa, 64, 1, 0, 36, 1872, 19468, 171854, 20436
  result is correct!
! 52, isa, 64, 1, 0, 40, 2080, 23868, 174515, 25015
  result is correct!
! 52, isa, 64, 1, 0, 44, 2288, 28716, 169029, 30102
  result is correct!
! 52, isa, 64, 1, 0, 48, 2496, 34012, 189736, 35652
  result is correct!
! 52, isa, 64, 1, 0, 52, 2704, 39756, 178196, 41594
  result is correct!
! 52, isa, 64, 1, 0, 56, 2912, 45948, 184494, 48037
  result is correct!
! 52, isa, 64, 1, 0, 60, 3120, 52588, 190811, 55012
  result is correct!
! 52, isa, 64, 1, 0, 64, 3328, 59676, 197191, 62356
  result is correct!
! 52, isa, 64, 1, 0, 68, 3536, 67212, 206699, 70348
  result is correct!
! 52, isa, 64, 1, 0, 72, 3744, 75196, 212921, 78964
  result is correct!
-----------------Showing intmul-rv64_isa_53_hybrid.log-----------------
! 53, isa, 64, 1, 0, 8, 424, 866, 21751, 908
  result is correct!
! 53, isa, 64, 1, 0, 12, 636, 1654, 22512, 1735
  result is correct!
! 53, isa, 64, 1, 0, 16, 848, 2698, 23613, 2838
  result is correct!
! 53, isa, 64, 1, 0, 20, 1060, 3972, 24882, 4153
  result is correct!
! 53, isa, 64, 1, 0, 24, 1272, 5505, 26556, 5768
  result is correct!
! 53, isa, 64, 1, 0, 28, 1484, 7292, 29040, 7639
  result is correct!
! 53, isa, 64, 1, 0, 32, 1696, 9333, 30195, 9740
  result is correct!
! 53, isa, 64, 1, 0, 36, 1908, 11628, 158641, 12281
  result is correct!
! 53, isa, 64, 1, 0, 40, 2120, 14177, 35092, 14810
  result is correct!
! 53, isa, 64, 1, 0, 44, 2332, 16980, 162571, 17933
  result is correct!
! 53, isa, 64, 1, 0, 48, 2544, 20037, 167814, 21067
  result is correct!
! 53, isa, 64, 1, 0, 52, 2756, 23348, 167409, 24514
  result is correct!
! 53, isa, 64, 1, 0, 56, 2968, 26913, 171177, 28298
  result is correct!
! 53, isa, 64, 1, 0, 60, 3180, 30732, 174125, 32278
  result is correct!
! 53, isa, 64, 1, 0, 64, 3392, 34805, 56058, 36327
  result is correct!
! 53, isa, 64, 1, 0, 68, 3604, 39132, 181629, 41028
  result is correct!
! 53, isa, 64, 1, 0, 72, 3816, 43713, 184316, 45812
  result is correct!
-----------------Showing intmul-rv64_isa_53_simple.log-----------------
! 53, isa, 64, 1, 0, 8, 424, 1211, 21910, 1272
  result is correct!
! 53, isa, 64, 1, 0, 12, 636, 2476, 22554, 2595
  result is correct!
! 53, isa, 64, 1, 0, 16, 848, 4188, 24341, 4368
  result is correct!
! 53, isa, 64, 1, 0, 20, 1060, 6348, 27180, 6609
  result is correct!
! 53, isa, 64, 1, 0, 24, 1272, 8956, 154957, 9475
  result is correct!
! 53, isa, 64, 1, 0, 28, 1484, 12012, 32428, 12511
  result is correct!
! 53, isa, 64, 1, 0, 32, 1696, 15516, 156675, 16290
  result is correct!
! 53, isa, 64, 1, 0, 36, 1908, 19468, 159446, 20528
  result is correct!
! 53, isa, 64, 1, 0, 40, 2120, 23868, 164417, 25056
  result is correct!
! 53, isa, 64, 1, 0, 44, 2332, 28716, 169494, 30123
  result is correct!
! 53, isa, 64, 1, 0, 48, 2544, 34012, 174361, 35569
  result is correct!
! 53, isa, 64, 1, 0, 52, 2756, 39756, 177897, 41577
  result is correct!
! 53, isa, 64, 1, 0, 56, 2968, 45948, 184465, 48047
  result is correct!
! 53, isa, 64, 1, 0, 60, 3180, 52588, 192000, 54967
  result is correct!
! 53, isa, 64, 1, 0, 64, 3392, 59676, 198217, 62334
  result is correct!
! 53, isa, 64, 1, 0, 68, 3604, 67212, 205743, 70395
  result is correct!
! 53, isa, 64, 1, 0, 72, 3816, 75196, 214320, 78715
  result is correct!
-----------------Showing intmul-rv64_isa_54_hybrid.log-----------------
! 54, isa, 64, 1, 0, 8, 432, 866, 21875, 907
  result is correct!
! 54, isa, 64, 1, 0, 12, 648, 1654, 22953, 1756
  result is correct!
! 54, isa, 64, 1, 0, 16, 864, 2698, 94411, 2898
  result is correct!
! 54, isa, 64, 1, 0, 20, 1080, 3972, 24898, 4153
  result is correct!
! 54, isa, 64, 1, 0, 24, 1296, 5505, 27390, 5771
  result is correct!
! 54, isa, 64, 1, 0, 28, 1512, 7292, 28289, 7639
  result is correct!
! 54, isa, 64, 1, 0, 32, 1728, 9333, 30273, 9763
  result is correct!
! 54, isa, 64, 1, 0, 36, 1944, 11628, 174097, 12321
  result is correct!
! 54, isa, 64, 1, 0, 40, 2160, 14177, 35146, 14793
  result is correct!
! 54, isa, 64, 1, 0, 44, 2376, 16980, 160494, 17876
  result is correct!
! 54, isa, 64, 1, 0, 48, 2592, 20037, 162588, 21165
  result is correct!
! 54, isa, 64, 1, 0, 52, 2808, 23348, 167701, 24592
  result is correct!
! 54, isa, 64, 1, 0, 56, 3024, 26913, 171492, 28304
  result is correct!
! 54, isa, 64, 1, 0, 60, 3240, 30732, 174387, 32209
  result is correct!
! 54, isa, 64, 1, 0, 64, 3456, 34805, 95577, 36380
  result is correct!
! 54, isa, 64, 1, 0, 68, 3672, 39132, 180885, 41031
  result is correct!
! 54, isa, 64, 1, 0, 72, 3888, 43713, 184427, 45865
  result is correct!
-----------------Showing intmul-rv64_isa_54_simple.log-----------------
! 54, isa, 64, 1, 0, 8, 432, 1211, 21734, 1271
  result is correct!
! 54, isa, 64, 1, 0, 12, 648, 2475, 22669, 2574
  result is correct!
! 54, isa, 64, 1, 0, 16, 864, 4188, 78697, 4424
  result is correct!
! 54, isa, 64, 1, 0, 20, 1080, 6348, 26670, 6628
  result is correct!
! 54, isa, 64, 1, 0, 24, 1296, 8956, 159113, 9531
  result is correct!
! 54, isa, 64, 1, 0, 28, 1512, 12012, 80565, 12572
  result is correct!
! 54, isa, 64, 1, 0, 32, 1728, 15516, 158737, 16252
  result is correct!
! 54, isa, 64, 1, 0, 36, 1944, 19468, 158294, 20419
  result is correct!
! 54, isa, 64, 1, 0, 40, 2160, 23868, 164743, 24998
  result is correct!
! 54, isa, 64, 1, 0, 44, 2376, 28716, 168791, 30027
  result is correct!
! 54, isa, 64, 1, 0, 48, 2592, 34012, 173036, 35615
  result is correct!
! 54, isa, 64, 1, 0, 52, 2808, 39756, 177629, 41565
  result is correct!
! 54, isa, 64, 1, 0, 56, 3024, 45948, 182867, 48033
  result is correct!
! 54, isa, 64, 1, 0, 60, 3240, 52588, 191601, 54995
  result is correct!
! 54, isa, 64, 1, 0, 64, 3456, 59676, 206436, 62316
  result is correct!
! 54, isa, 64, 1, 0, 68, 3672, 67212, 206717, 70389
  result is correct!
! 54, isa, 64, 1, 0, 72, 3888, 75196, 215209, 78782
  result is correct!
-----------------Showing intmul-rv64_isa_55_hybrid.log-----------------
! 55, isa, 64, 1, 0, 8, 440, 866, 23349, 930
  result is correct!
! 55, isa, 64, 1, 0, 12, 660, 1654, 22945, 1756
  result is correct!
! 55, isa, 64, 1, 0, 16, 880, 2698, 23626, 2838
  result is correct!
! 55, isa, 64, 1, 0, 20, 1100, 3972, 25967, 4155
  result is correct!
! 55, isa, 64, 1, 0, 24, 1320, 5505, 26722, 5749
  result is correct!
! 55, isa, 64, 1, 0, 28, 1540, 7292, 28173, 7617
  result is correct!
! 55, isa, 64, 1, 0, 32, 1760, 9333, 30987, 9762
  result is correct!
! 55, isa, 64, 1, 0, 36, 1980, 11628, 155149, 12298
  result is correct!
! 55, isa, 64, 1, 0, 40, 2200, 14177, 36288, 14795
  result is correct!
! 55, isa, 64, 1, 0, 44, 2420, 16980, 161219, 17874
  result is correct!
! 55, isa, 64, 1, 0, 48, 2640, 20037, 163798, 21056
  result is correct!
! 55, isa, 64, 1, 0, 52, 2860, 23348, 167133, 24571
  result is correct!
! 55, isa, 64, 1, 0, 56, 3080, 26913, 169679, 28222
  result is correct!
! 55, isa, 64, 1, 0, 60, 3300, 30732, 173363, 32208
  result is correct!
! 55, isa, 64, 1, 0, 64, 3520, 34805, 95395, 36359
  result is correct!
! 55, isa, 64, 1, 0, 68, 3740, 39132, 181143, 41027
  result is correct!
! 55, isa, 64, 1, 0, 72, 3960, 43713, 185001, 45797
  result is correct!
-----------------Showing intmul-rv64_isa_55_simple.log-----------------
! 55, isa, 64, 1, 0, 8, 440, 1211, 21909, 1251
  result is correct!
! 55, isa, 64, 1, 0, 12, 660, 2476, 25513, 2581
  result is correct!
! 55, isa, 64, 1, 0, 16, 880, 4188, 24451, 4348
  result is correct!
! 55, isa, 64, 1, 0, 20, 1100, 6348, 26439, 6627
  result is correct!
! 55, isa, 64, 1, 0, 24, 1320, 8956, 160299, 9483
  result is correct!
! 55, isa, 64, 1, 0, 28, 1540, 12012, 32270, 12511
  result is correct!
! 55, isa, 64, 1, 0, 32, 1760, 15516, 159072, 16366
  result is correct!
! 55, isa, 64, 1, 0, 36, 1980, 19468, 48990, 20282
  result is correct!
! 55, isa, 64, 1, 0, 40, 2200, 23868, 163517, 24997
  result is correct!
! 55, isa, 64, 1, 0, 44, 2420, 28716, 169701, 30102
  result is correct!
! 55, isa, 64, 1, 0, 48, 2640, 34012, 176922, 35640
  result is correct!
! 55, isa, 64, 1, 0, 52, 2860, 39756, 186956, 41556
  result is correct!
! 55, isa, 64, 1, 0, 56, 3080, 45948, 103703, 47895
  result is correct!
! 55, isa, 64, 1, 0, 60, 3300, 52588, 192004, 54966
  result is correct!
! 55, isa, 64, 1, 0, 64, 3520, 59676, 197454, 62477
  result is correct!
! 55, isa, 64, 1, 0, 68, 3740, 67212, 206585, 70323
  result is correct!
! 55, isa, 64, 1, 0, 72, 3960, 75196, 213021, 78688
  result is correct!
-----------------Showing intmul-rv64_isa_56_hybrid.log-----------------
! 56, isa, 64, 1, 0, 8, 448, 866, 22903, 925
  result is correct!
! 56, isa, 64, 1, 0, 12, 672, 1654, 23331, 1737
  result is correct!
! 56, isa, 64, 1, 0, 16, 896, 2688, 25684, 2829
  result is correct!
! 56, isa, 64, 1, 0, 20, 1120, 3967, 24820, 4165
  result is correct!
! 56, isa, 64, 1, 0, 24, 1344, 5500, 26647, 5740
  result is correct!
! 56, isa, 64, 1, 0, 28, 1568, 7287, 28163, 7608
  result is correct!
! 56, isa, 64, 1, 0, 32, 1792, 9328, 80384, 9797
  result is correct!
! 56, isa, 64, 1, 0, 36, 2016, 11623, 157834, 12271
  result is correct!
! 56, isa, 64, 1, 0, 40, 2240, 14172, 78734, 14860
  result is correct!
! 56, isa, 64, 1, 0, 44, 2464, 16975, 162480, 17874
  result is correct!
! 56, isa, 64, 1, 0, 48, 2688, 20032, 162078, 21070
  result is correct!
! 56, isa, 64, 1, 0, 52, 2912, 23343, 165828, 24507
  result is correct!
! 56, isa, 64, 1, 0, 56, 3136, 26908, 170909, 28240
  result is correct!
! 56, isa, 64, 1, 0, 60, 3360, 30727, 173217, 32276
  result is correct!
! 56, isa, 64, 1, 0, 64, 3584, 34800, 103813, 36381
  result is correct!
! 56, isa, 64, 1, 0, 68, 3808, 39127, 181366, 41022
  result is correct!
! 56, isa, 64, 1, 0, 72, 4032, 43708, 193013, 45770
  result is correct!
-----------------Showing intmul-rv64_isa_56_simple.log-----------------
! 56, isa, 64, 1, 0, 8, 448, 1207, 21817, 1271
  result is correct!
! 56, isa, 64, 1, 0, 12, 672, 2472, 22645, 2596
  result is correct!
! 56, isa, 64, 1, 0, 16, 896, 4184, 76496, 4432
  result is correct!
! 56, isa, 64, 1, 0, 20, 1120, 6344, 26498, 6607
  result is correct!
! 56, isa, 64, 1, 0, 24, 1344, 8952, 177539, 9501
  result is correct!
! 56, isa, 64, 1, 0, 28, 1568, 12008, 32327, 12512
  result is correct!
! 56, isa, 64, 1, 0, 32, 1792, 15512, 156204, 16290
  result is correct!
! 56, isa, 64, 1, 0, 36, 2016, 19464, 161223, 20478
  result is correct!
! 56, isa, 64, 1, 0, 40, 2240, 23864, 165771, 25050
  result is correct!
! 56, isa, 64, 1, 0, 44, 2464, 28712, 169373, 30103
  result is correct!
! 56, isa, 64, 1, 0, 48, 2688, 34008, 174454, 35585
  result is correct!
! 56, isa, 64, 1, 0, 52, 2912, 39752, 179232, 41599
  result is correct!
! 56, isa, 64, 1, 0, 56, 3136, 45944, 104814, 47895
  result is correct!
! 56, isa, 64, 1, 0, 60, 3360, 52584, 193787, 55051
  result is correct!
! 56, isa, 64, 1, 0, 64, 3584, 59672, 197770, 62407
  result is correct!
! 56, isa, 64, 1, 0, 68, 3808, 67208, 205565, 70370
  result is correct!
! 56, isa, 64, 1, 0, 72, 4032, 75192, 214957, 78695
  result is correct!
-----------------Showing intmul-rv64_isa_57_hybrid.log-----------------
! 57, isa, 64, 1, 0, 8, 456, 867, 23005, 929
  result is correct!
! 57, isa, 64, 1, 0, 12, 684, 1654, 22472, 1735
  result is correct!
! 57, isa, 64, 1, 0, 16, 912, 2698, 23511, 2837
  result is correct!
! 57, isa, 64, 1, 0, 20, 1140, 3972, 24853, 4153
  result is correct!
! 57, isa, 64, 1, 0, 24, 1368, 5505, 26690, 5750
  result is correct!
! 57, isa, 64, 1, 0, 28, 1596, 7292, 79472, 7705
  result is correct!
! 57, isa, 64, 1, 0, 32, 1824, 9333, 30253, 9762
  result is correct!
! 57, isa, 64, 1, 0, 36, 2052, 11628, 159688, 12305
  result is correct!
! 57, isa, 64, 1, 0, 40, 2280, 14177, 35022, 14811
  result is correct!
! 57, isa, 64, 1, 0, 44, 2508, 16980, 165219, 17985
  result is correct!
! 57, isa, 64, 1, 0, 48, 2736, 20037, 166400, 21138
  result is correct!
! 57, isa, 64, 1, 0, 52, 2964, 23348, 177876, 24530
  result is correct!
! 57, isa, 64, 1, 0, 56, 3192, 26913, 178083, 28308
  result is correct!
! 57, isa, 64, 1, 0, 60, 3420, 30732, 173859, 32285
  result is correct!
! 57, isa, 64, 1, 0, 64, 3648, 34805, 56570, 36328
  result is correct!
! 57, isa, 64, 1, 0, 68, 3876, 39132, 180508, 41030
  result is correct!
! 57, isa, 64, 1, 0, 72, 4104, 43713, 185224, 45817
  result is correct!
-----------------Showing intmul-rv64_isa_57_simple.log-----------------
! 57, isa, 64, 1, 0, 8, 456, 1211, 21434, 1271
  result is correct!
! 57, isa, 64, 1, 0, 12, 684, 2475, 22777, 2575
  result is correct!
! 57, isa, 64, 1, 0, 16, 912, 4188, 24246, 4347
  result is correct!
! 57, isa, 64, 1, 0, 20, 1140, 6348, 82544, 6656
  result is correct!
! 57, isa, 64, 1, 0, 24, 1368, 8956, 159539, 9479
  result is correct!
! 57, isa, 64, 1, 0, 28, 1596, 12012, 32903, 12493
  result is correct!
! 57, isa, 64, 1, 0, 32, 1824, 15516, 156606, 16307
  result is correct!
! 57, isa, 64, 1, 0, 36, 2052, 19468, 160455, 20422
  result is correct!
! 57, isa, 64, 1, 0, 40, 2280, 23868, 163808, 25041
  result is correct!
! 57, isa, 64, 1, 0, 44, 2508, 28716, 59413, 29908
  result is correct!
! 57, isa, 64, 1, 0, 48, 2736, 34012, 172824, 35595
  result is correct!
! 57, isa, 64, 1, 0, 52, 2964, 39756, 183324, 41681
  result is correct!
! 57, isa, 64, 1, 0, 56, 3192, 45948, 105531, 47917
  result is correct!
! 57, isa, 64, 1, 0, 60, 3420, 52588, 190371, 54962
  result is correct!
! 57, isa, 64, 1, 0, 64, 3648, 59676, 207287, 62368
  result is correct!
! 57, isa, 64, 1, 0, 68, 3876, 67212, 205946, 70393
  result is correct!
! 57, isa, 64, 1, 0, 72, 4104, 75196, 222958, 78729
  result is correct!
-----------------Showing intmul-rv64_isa_58_hybrid.log-----------------
! 58, isa, 64, 1, 0, 8, 464, 866, 21836, 928
  result is correct!
! 58, isa, 64, 1, 0, 12, 696, 1654, 22821, 1756
  result is correct!
! 58, isa, 64, 1, 0, 16, 928, 2698, 23601, 2817
  result is correct!
! 58, isa, 64, 1, 0, 20, 1160, 3972, 24934, 4153
  result is correct!
! 58, isa, 64, 1, 0, 24, 1392, 5505, 27132, 5749
  result is correct!
! 58, isa, 64, 1, 0, 28, 1624, 7292, 28126, 7616
  result is correct!
! 58, isa, 64, 1, 0, 32, 1856, 9333, 30359, 9763
  result is correct!
! 58, isa, 64, 1, 0, 36, 2088, 11628, 155284, 12359
  result is correct!
! 58, isa, 64, 1, 0, 40, 2320, 14177, 35199, 14793
  result is correct!
! 58, isa, 64, 1, 0, 44, 2552, 16980, 161536, 17929
  result is correct!
! 58, isa, 64, 1, 0, 48, 2784, 20037, 164602, 21116
  result is correct!
! 58, isa, 64, 1, 0, 52, 3016, 23348, 166552, 24591
  result is correct!
! 58, isa, 64, 1, 0, 56, 3248, 26913, 169252, 28302
  result is correct!
! 58, isa, 64, 1, 0, 60, 3480, 30732, 175557, 32228
  result is correct!
! 58, isa, 64, 1, 0, 64, 3712, 34805, 95402, 36429
  result is correct!
! 58, isa, 64, 1, 0, 68, 3944, 39132, 181354, 40979
  result is correct!
! 58, isa, 64, 1, 0, 72, 4176, 43713, 185057, 45818
  result is correct!
-----------------Showing intmul-rv64_isa_58_simple.log-----------------
! 58, isa, 64, 1, 0, 8, 464, 1211, 21748, 1272
  result is correct!
! 58, isa, 64, 1, 0, 12, 696, 2476, 23333, 2577
  result is correct!
! 58, isa, 64, 1, 0, 16, 928, 4188, 79341, 4436
  result is correct!
! 58, isa, 64, 1, 0, 20, 1160, 6348, 26612, 6608
  result is correct!
! 58, isa, 64, 1, 0, 24, 1392, 8956, 158809, 9481
  result is correct!
! 58, isa, 64, 1, 0, 28, 1624, 12012, 40349, 12523
  result is correct!
! 58, isa, 64, 1, 0, 32, 1856, 15516, 160005, 16292
  result is correct!
! 58, isa, 64, 1, 0, 36, 2088, 19468, 159104, 20420
  result is correct!
! 58, isa, 64, 1, 0, 40, 2320, 23868, 165144, 24987
  result is correct!
! 58, isa, 64, 1, 0, 44, 2552, 28716, 172819, 30149
  result is correct!
! 58, isa, 64, 1, 0, 48, 2784, 34012, 182284, 35624
  result is correct!
! 58, isa, 64, 1, 0, 52, 3016, 39756, 178907, 41566
  result is correct!
! 58, isa, 64, 1, 0, 56, 3248, 45948, 104495, 47911
  result is correct!
! 58, isa, 64, 1, 0, 60, 3480, 52588, 198863, 54975
  result is correct!
! 58, isa, 64, 1, 0, 64, 3712, 59676, 197882, 62351
  result is correct!
! 58, isa, 64, 1, 0, 68, 3944, 67212, 209086, 70316
  result is correct!
! 58, isa, 64, 1, 0, 72, 4176, 75196, 213772, 78642
  result is correct!
-----------------Showing intmul-rv64_isa_59_hybrid.log-----------------
! 59, isa, 64, 1, 0, 8, 472, 866, 22260, 908
  result is correct!
! 59, isa, 64, 1, 0, 12, 708, 1654, 22602, 1735
  result is correct!
! 59, isa, 64, 1, 0, 16, 944, 2698, 23783, 2839
  result is correct!
! 59, isa, 64, 1, 0, 20, 1180, 3972, 81653, 4242
  result is correct!
! 59, isa, 64, 1, 0, 24, 1416, 5505, 26819, 5768
  result is correct!
! 59, isa, 64, 1, 0, 28, 1652, 7292, 28221, 7617
  result is correct!
! 59, isa, 64, 1, 0, 32, 1888, 9333, 31125, 9744
  result is correct!
! 59, isa, 64, 1, 0, 36, 2124, 11628, 154846, 12277
  result is correct!
! 59, isa, 64, 1, 0, 40, 2360, 14177, 78012, 14871
  result is correct!
! 59, isa, 64, 1, 0, 44, 2596, 16980, 163011, 17857
  result is correct!
! 59, isa, 64, 1, 0, 48, 2832, 20037, 163416, 21056
  result is correct!
! 59, isa, 64, 1, 0, 52, 3068, 23348, 166508, 24517
  result is correct!
! 59, isa, 64, 1, 0, 56, 3304, 26913, 170258, 28222
  result is correct!
! 59, isa, 64, 1, 0, 60, 3540, 30732, 173356, 32256
  result is correct!
! 59, isa, 64, 1, 0, 64, 3776, 34805, 96398, 36379
  result is correct!
! 59, isa, 64, 1, 0, 68, 4012, 39132, 179829, 41031
  result is correct!
! 59, isa, 64, 1, 0, 72, 4248, 43713, 186198, 45744
  result is correct!
-----------------Showing intmul-rv64_isa_59_simple.log-----------------
! 59, isa, 64, 1, 0, 8, 472, 1211, 21621, 1251
  result is correct!
! 59, isa, 64, 1, 0, 12, 708, 2476, 22853, 2576
  result is correct!
! 59, isa, 64, 1, 0, 16, 944, 4188, 24585, 4368
  result is correct!
! 59, isa, 64, 1, 0, 20, 1180, 6348, 26603, 6607
  result is correct!
! 59, isa, 64, 1, 0, 24, 1416, 8956, 162305, 9485
  result is correct!
! 59, isa, 64, 1, 0, 28, 1652, 12012, 32137, 12511
  result is correct!
! 59, isa, 64, 1, 0, 32, 1888, 15516, 161514, 16372
  result is correct!
! 59, isa, 64, 1, 0, 36, 2124, 19468, 163464, 20429
  result is correct!
! 59, isa, 64, 1, 0, 40, 2360, 23868, 170349, 25050
  result is correct!
! 59, isa, 64, 1, 0, 44, 2596, 28716, 181090, 30065
  result is correct!
! 59, isa, 64, 1, 0, 48, 2832, 34012, 174347, 35616
  result is correct!
! 59, isa, 64, 1, 0, 52, 3068, 39756, 177805, 41594
  result is correct!
! 59, isa, 64, 1, 0, 56, 3304, 45948, 104608, 47956
  result is correct!
! 59, isa, 64, 1, 0, 60, 3540, 52588, 190223, 54970
  result is correct!
! 59, isa, 64, 1, 0, 64, 3776, 59676, 198204, 62351
  result is correct!
! 59, isa, 64, 1, 0, 68, 4012, 67212, 205785, 70344
  result is correct!
! 59, isa, 64, 1, 0, 72, 4248, 75196, 212320, 78647
  result is correct!
-----------------Showing intmul-rv64_isa_60_hybrid.log-----------------
! 60, isa, 64, 1, 0, 8, 480, 867, 22918, 925
  result is correct!
! 60, isa, 64, 1, 0, 12, 720, 1654, 78741, 1823
  result is correct!
! 60, isa, 64, 1, 0, 16, 960, 2693, 23545, 2824
  result is correct!
! 60, isa, 64, 1, 0, 20, 1200, 3967, 24905, 4144
  result is correct!
! 60, isa, 64, 1, 0, 24, 1440, 5500, 26431, 5759
  result is correct!
! 60, isa, 64, 1, 0, 28, 1680, 7287, 28230, 7630
  result is correct!
! 60, isa, 64, 1, 0, 32, 1920, 9328, 30392, 9754
  result is correct!
! 60, isa, 64, 1, 0, 36, 2160, 11623, 158665, 12294
  result is correct!
! 60, isa, 64, 1, 0, 40, 2400, 14172, 82602, 14860
  result is correct!
! 60, isa, 64, 1, 0, 44, 2640, 16975, 162785, 17926
  result is correct!
! 60, isa, 64, 1, 0, 48, 2880, 20032, 161976, 21125
  result is correct!
! 60, isa, 64, 1, 0, 52, 3120, 23343, 167048, 24506
  result is correct!
! 60, isa, 64, 1, 0, 56, 3360, 26908, 169131, 28278
  result is correct!
! 60, isa, 64, 1, 0, 60, 3600, 30727, 176222, 32277
  result is correct!
! 60, isa, 64, 1, 0, 64, 3840, 34800, 56513, 36324
  result is correct!
! 60, isa, 64, 1, 0, 68, 4080, 39127, 191379, 40965
  result is correct!
! 60, isa, 64, 1, 0, 72, 4320, 43708, 185520, 45818
  result is correct!
-----------------Showing intmul-rv64_isa_60_simple.log-----------------
! 60, isa, 64, 1, 0, 8, 480, 1211, 22175, 1272
  result is correct!
! 60, isa, 64, 1, 0, 12, 720, 2471, 22667, 2575
  result is correct!
! 60, isa, 64, 1, 0, 16, 960, 4184, 24391, 4368
  result is correct!
! 60, isa, 64, 1, 0, 20, 1200, 6348, 27281, 6628
  result is correct!
! 60, isa, 64, 1, 0, 24, 1440, 8952, 155796, 9527
  result is correct!
! 60, isa, 64, 1, 0, 28, 1680, 12008, 32223, 12510
  result is correct!
! 60, isa, 64, 1, 0, 32, 1920, 15512, 155117, 16310
  result is correct!
! 60, isa, 64, 1, 0, 36, 2160, 19464, 160346, 20473
  result is correct!
! 60, isa, 64, 1, 0, 40, 2400, 23864, 164559, 25039
  result is correct!
! 60, isa, 64, 1, 0, 44, 2640, 28712, 169148, 30100
  result is correct!
! 60, isa, 64, 1, 0, 48, 2880, 34008, 175249, 35563
  result is correct!
! 60, isa, 64, 1, 0, 52, 3120, 39752, 180030, 41599
  result is correct!
! 60, isa, 64, 1, 0, 56, 3360, 45944, 104495, 47916
  result is correct!
! 60, isa, 64, 1, 0, 60, 3600, 52584, 190662, 54969
  result is correct!
! 60, isa, 64, 1, 0, 64, 3840, 59672, 198883, 62379
  result is correct!
! 60, isa, 64, 1, 0, 68, 4080, 67208, 206440, 70356
  result is correct!
! 60, isa, 64, 1, 0, 72, 4320, 75192, 214088, 78716
  result is correct!
-----------------Showing intmul-rv64_isa_61_hybrid.log-----------------
! 61, isa, 64, 1, 0, 8, 488, 866, 22339, 906
  result is correct!
! 61, isa, 64, 1, 0, 12, 732, 1653, 22806, 1755
  result is correct!
! 61, isa, 64, 1, 0, 16, 976, 2692, 23827, 2812
  result is correct!
! 61, isa, 64, 1, 0, 20, 1220, 3971, 25359, 4153
  result is correct!
! 61, isa, 64, 1, 0, 24, 1464, 5504, 26572, 5748
  result is correct!
! 61, isa, 64, 1, 0, 28, 1708, 7291, 79503, 7681
  result is correct!
! 61, isa, 64, 1, 0, 32, 1952, 9332, 71488, 9814
  result is correct!
! 61, isa, 64, 1, 0, 36, 2196, 11627, 173781, 12320
  result is correct!
! 61, isa, 64, 1, 0, 40, 2440, 14176, 35385, 14793
  result is correct!
! 61, isa, 64, 1, 0, 44, 2684, 16979, 172855, 17891
  result is correct!
! 61, isa, 64, 1, 0, 48, 2928, 20036, 163677, 21116
  result is correct!
! 61, isa, 64, 1, 0, 52, 3172, 23347, 165193, 24569
  result is correct!
! 61, isa, 64, 1, 0, 56, 3416, 26912, 169849, 28283
  result is correct!
! 61, isa, 64, 1, 0, 60, 3660, 30731, 174097, 32366
  result is correct!
! 61, isa, 64, 1, 0, 64, 3904, 34804, 95446, 36377
  result is correct!
-----------------Showing intmul-rv64_isa_61_simple.log-----------------
! 61, isa, 64, 1, 0, 8, 488, 1217, 22168, 1279
  result is correct!
! 61, isa, 64, 1, 0, 12, 732, 2477, 22957, 2582
  result is correct!
! 61, isa, 64, 1, 0, 16, 976, 4189, 24617, 4356
  result is correct!
! 61, isa, 64, 1, 0, 20, 1220, 6349, 26863, 6618
  result is correct!
! 61, isa, 64, 1, 0, 24, 1464, 8957, 82512, 9413
  result is correct!
! 61, isa, 64, 1, 0, 28, 1708, 12013, 32774, 12527
  result is correct!
! 61, isa, 64, 1, 0, 32, 1952, 15517, 81483, 16283
  result is correct!
! 61, isa, 64, 1, 0, 36, 2196, 19469, 78276, 20359
  result is correct!
! 61, isa, 64, 1, 0, 40, 2440, 23869, 82659, 24940
  result is correct!
! 61, isa, 64, 1, 0, 44, 2684, 28717, 89205, 29995
  result is correct!
! 61, isa, 64, 1, 0, 48, 2928, 34013, 172079, 35644
  result is correct!
! 61, isa, 64, 1, 0, 52, 3172, 39757, 181581, 41700
  result is correct!
! 61, isa, 64, 1, 0, 56, 3416, 45949, 185081, 48094
  result is correct!
! 61, isa, 64, 1, 0, 60, 3660, 52589, 191620, 55018
  result is correct!
! 61, isa, 64, 1, 0, 64, 3904, 59677, 198964, 62625
  result is correct!
-----------------Showing intmul-rv64_isa_62_hybrid.log-----------------
! 62, isa, 64, 1, 0, 8, 496, 873, 23305, 931
  result is correct!
! 62, isa, 64, 1, 0, 12, 744, 1656, 23120, 1736
  result is correct!
! 62, isa, 64, 1, 0, 16, 992, 2696, 23824, 2835
  result is correct!
-----------------Showing intmul-rv64_isa_62_simple.log-----------------
! 62, isa, 64, 1, 0, 8, 496, 1210, 22043, 1271
  result is correct!
! 62, isa, 64, 1, 0, 12, 744, 2470, 22957, 2572
  result is correct!
! 62, isa, 64, 1, 0, 16, 992, 4178, 24607, 4360
  result is correct!
-----------------Showing intmul-rv64_isa_64_hybrid.log-----------------
! 64, isa, 64, 1, 0, 8, 512, 756, 22509, 860
  result is correct!
! 64, isa, 64, 1, 0, 12, 768, 1609, 22651, 1727
  result is correct!
! 64, isa, 64, 1, 0, 16, 1024, 2755, 25438, 2942
  result is correct!
! 64, isa, 64, 1, 0, 20, 1280, 4208, 25552, 4454
  result is correct!
! 64, isa, 64, 1, 0, 24, 1536, 5973, 26779, 6300
  result is correct!
! 64, isa, 64, 1, 0, 28, 1792, 8050, 28854, 8458
  result is correct!
! 64, isa, 64, 1, 0, 32, 2048, 10439, 79337, 11009
  result is correct!
! 64, isa, 64, 1, 0, 36, 2304, 13140, 33846, 13771
  result is correct!
! 64, isa, 64, 1, 0, 40, 2560, 16143, 37129, 16910
  result is correct!
! 64, isa, 64, 1, 0, 44, 2816, 19468, 173993, 20529
  result is correct!
! 64, isa, 64, 1, 0, 48, 3072, 23105, 177461, 24311
  result is correct!
! 64, isa, 64, 1, 0, 52, 3328, 27064, 170618, 28486
  result is correct!
! 64, isa, 64, 1, 0, 56, 3584, 31325, 174361, 32927
  result is correct!
! 64, isa, 64, 1, 0, 60, 3840, 35888, 95973, 37546
  result is correct!
! 64, isa, 64, 1, 0, 64, 4096, 40773, 181377, 42713
  result is correct!
-----------------Showing intmul-rv64_isa_64_simple.log-----------------
! 64, isa, 64, 1, 0, 8, 512, 1296, 22012, 1336
  result is correct!
! 64, isa, 64, 1, 0, 12, 768, 2700, 23520, 2822
  result is correct!
! 64, isa, 64, 1, 0, 16, 1024, 4616, 155227, 4963
  result is correct!
! 64, isa, 64, 1, 0, 20, 1280, 7044, 27507, 7328
  result is correct!
! 64, isa, 64, 1, 0, 24, 1536, 9984, 79556, 10442
  result is correct!
! 64, isa, 64, 1, 0, 28, 1792, 13436, 158600, 14158
  result is correct!
! 64, isa, 64, 1, 0, 32, 2048, 17400, 78810, 18198
  result is correct!
! 64, isa, 64, 1, 0, 36, 2304, 21876, 81321, 22852
  result is correct!
! 64, isa, 64, 1, 0, 40, 2560, 26864, 85680, 28042
  result is correct!
! 64, isa, 64, 1, 0, 44, 2816, 32364, 171612, 33865
  result is correct!
! 64, isa, 64, 1, 0, 48, 3072, 38376, 96817, 40107
  result is correct!
! 64, isa, 64, 1, 0, 52, 3328, 44900, 183635, 46978
  result is correct!
! 64, isa, 64, 1, 0, 56, 3584, 51936, 191531, 54368
  result is correct!
! 64, isa, 64, 1, 0, 60, 3840, 59484, 197871, 62314
  result is correct!
! 64, isa, 64, 1, 0, 64, 4096, 67544, 206209, 70588
  result is correct!
-----------------Showing intmul-rv64_ise_50_hybrid.log-----------------
! 50, ise, 64, 1, 0, 8, 400, 503, 22029, 558
  result is correct!
! 50, ise, 64, 1, 0, 12, 600, 863, 23136, 935
  result is correct!
! 50, ise, 64, 1, 0, 16, 800, 1329, 22619, 1421
  result is correct!
! 50, ise, 64, 1, 0, 20, 1000, 1866, 23043, 1957
  result is correct!
! 50, ise, 64, 1, 0, 24, 1200, 2504, 23455, 2636
  result is correct!
! 50, ise, 64, 1, 0, 28, 1400, 3238, 24130, 3411
  result is correct!
! 50, ise, 64, 1, 0, 32, 1600, 4068, 25127, 4262
  result is correct!
! 50, ise, 64, 1, 0, 36, 1800, 4994, 26022, 5230
  result is correct!
! 50, ise, 64, 1, 0, 40, 2000, 6016, 26911, 6313
  result is correct!
! 50, ise, 64, 1, 0, 44, 2200, 7134, 75137, 7532
  result is correct!
! 50, ise, 64, 1, 0, 48, 2400, 8348, 29668, 8749
  result is correct!
! 50, ise, 64, 1, 0, 52, 2600, 9658, 31211, 10099
  result is correct!
! 50, ise, 64, 1, 0, 56, 2800, 11064, 32008, 11567
  result is correct!
! 50, ise, 64, 1, 0, 60, 3000, 12566, 33898, 13133
  result is correct!
! 50, ise, 64, 1, 0, 64, 3200, 14164, 35091, 14813
  result is correct!
! 50, ise, 64, 1, 0, 68, 3400, 15858, 158437, 16780
  result is correct!
! 50, ise, 64, 1, 0, 72, 3600, 17648, 38954, 18436
  result is correct!
-----------------Showing intmul-rv64_ise_50_simple.log-----------------
! 50, ise, 64, 1, 0, 8, 400, 1005, 83358, 1108
  result is correct!
! 50, ise, 64, 1, 0, 12, 600, 2017, 154669, 2242
  result is correct!
! 50, ise, 64, 1, 0, 16, 800, 3381, 24058, 3524
  result is correct!
! 50, ise, 64, 1, 0, 20, 1000, 5097, 25727, 5322
  result is correct!
! 50, ise, 64, 1, 0, 24, 1200, 7165, 27803, 7472
  result is correct!
! 50, ise, 64, 1, 0, 28, 1400, 9585, 151538, 10192
  result is correct!
! 50, ise, 64, 1, 0, 32, 1600, 12357, 33205, 12890
  result is correct!
! 50, ise, 64, 1, 0, 36, 1800, 15481, 157826, 16348
  result is correct!
! 50, ise, 64, 1, 0, 40, 2000, 18957, 81440, 19809
  result is correct!
! 50, ise, 64, 1, 0, 44, 2200, 22785, 82517, 23814
  result is correct!
! 50, ise, 64, 1, 0, 48, 2400, 26965, 86451, 28156
  result is correct!
! 50, ise, 64, 1, 0, 52, 2600, 31497, 169306, 33023
  result is correct!
! 50, ise, 64, 1, 0, 56, 2800, 36381, 177821, 38118
  result is correct!
! 50, ise, 64, 1, 0, 60, 3000, 41617, 180571, 43569
  result is correct!
! 50, ise, 64, 1, 0, 64, 3200, 47205, 188614, 49393
  result is correct!
! 50, ise, 64, 1, 0, 68, 3400, 53145, 192232, 55628
  result is correct!
! 50, ise, 64, 1, 0, 72, 3600, 59437, 198095, 62192
  result is correct!
-----------------Showing intmul-rv64_ise_51_hybrid.log-----------------
! 51, ise, 64, 1, 0, 8, 408, 502, 24729, 560
  result is correct!
! 51, ise, 64, 1, 0, 12, 612, 863, 22476, 913
  result is correct!
! 51, ise, 64, 1, 0, 16, 816, 1329, 22837, 1421
  result is correct!
! 51, ise, 64, 1, 0, 20, 1020, 1866, 156172, 2147
  result is correct!
! 51, ise, 64, 1, 0, 24, 1224, 2504, 23438, 2636
  result is correct!
! 51, ise, 64, 1, 0, 28, 1428, 3238, 75980, 3475
  result is correct!
! 51, ise, 64, 1, 0, 32, 1632, 4068, 24996, 4262
  result is correct!
! 51, ise, 64, 1, 0, 36, 1836, 4994, 25909, 5250
  result is correct!
! 51, ise, 64, 1, 0, 40, 2040, 6016, 26925, 6292
  result is correct!
! 51, ise, 64, 1, 0, 44, 2244, 7134, 28643, 7473
  result is correct!
! 51, ise, 64, 1, 0, 48, 2448, 8348, 29447, 8728
  result is correct!
! 51, ise, 64, 1, 0, 52, 2652, 9658, 30601, 10121
  result is correct!
! 51, ise, 64, 1, 0, 56, 2856, 11064, 72241, 11639
  result is correct!
! 51, ise, 64, 1, 0, 60, 3060, 12566, 33514, 13131
  result is correct!
! 51, ise, 64, 1, 0, 64, 3264, 14164, 37391, 14796
  result is correct!
! 51, ise, 64, 1, 0, 68, 3468, 15858, 161364, 16780
  result is correct!
! 51, ise, 64, 1, 0, 72, 3672, 17648, 38754, 18441
  result is correct!
-----------------Showing intmul-rv64_ise_51_simple.log-----------------
! 51, ise, 64, 1, 0, 8, 408, 1005, 21727, 1046
  result is correct!
! 51, ise, 64, 1, 0, 12, 612, 2017, 23363, 2121
  result is correct!
! 51, ise, 64, 1, 0, 16, 816, 3381, 73962, 3584
  result is correct!
! 51, ise, 64, 1, 0, 20, 1020, 5097, 25718, 5322
  result is correct!
! 51, ise, 64, 1, 0, 24, 1224, 7165, 27819, 7472
  result is correct!
! 51, ise, 64, 1, 0, 28, 1428, 9585, 170884, 10146
  result is correct!
! 51, ise, 64, 1, 0, 32, 1632, 12357, 33033, 12888
  result is correct!
! 51, ise, 64, 1, 0, 36, 1836, 15481, 168680, 16304
  result is correct!
! 51, ise, 64, 1, 0, 40, 2040, 18957, 40134, 19755
  result is correct!
! 51, ise, 64, 1, 0, 44, 2244, 22785, 43997, 23766
  result is correct!
! 51, ise, 64, 1, 0, 48, 2448, 26965, 82491, 28152
  result is correct!
! 51, ise, 64, 1, 0, 52, 2652, 31497, 170785, 33026
  result is correct!
! 51, ise, 64, 1, 0, 56, 2856, 36381, 177158, 38090
  result is correct!
! 51, ise, 64, 1, 0, 60, 3060, 41617, 181823, 43572
  result is correct!
! 51, ise, 64, 1, 0, 64, 3264, 47205, 186102, 49409
  result is correct!
! 51, ise, 64, 1, 0, 68, 3468, 53145, 192544, 55648
  result is correct!
! 51, ise, 64, 1, 0, 72, 3672, 59437, 198743, 62152
  result is correct!
-----------------Showing intmul-rv64_ise_52_hybrid.log-----------------
! 52, ise, 64, 1, 0, 8, 416, 503, 23084, 559
  result is correct!
! 52, ise, 64, 1, 0, 12, 624, 863, 22503, 913
  result is correct!
! 52, ise, 64, 1, 0, 16, 832, 1329, 22564, 1421
  result is correct!
! 52, ise, 64, 1, 0, 20, 1040, 1866, 156005, 2122
  result is correct!
! 52, ise, 64, 1, 0, 24, 1248, 2504, 23474, 2636
  result is correct!
! 52, ise, 64, 1, 0, 28, 1456, 3238, 24046, 3411
  result is correct!
! 52, ise, 64, 1, 0, 32, 1664, 4068, 78771, 4328
  result is correct!
! 52, ise, 64, 1, 0, 36, 1872, 4994, 25862, 5250
  result is correct!
! 52, ise, 64, 1, 0, 40, 2080, 6016, 27006, 6314
  result is correct!
! 52, ise, 64, 1, 0, 44, 2288, 7134, 30527, 7478
  result is correct!
! 52, ise, 64, 1, 0, 48, 2496, 8348, 79265, 8811
  result is correct!
! 52, ise, 64, 1, 0, 52, 2704, 9658, 30575, 10101
  result is correct!
! 52, ise, 64, 1, 0, 56, 2912, 11064, 70513, 11617
  result is correct!
! 52, ise, 64, 1, 0, 60, 3120, 12566, 34038, 13132
  result is correct!
! 52, ise, 64, 1, 0, 64, 3328, 14164, 74832, 14844
  result is correct!
! 52, ise, 64, 1, 0, 68, 3536, 15858, 162879, 16711
  result is correct!
! 52, ise, 64, 1, 0, 72, 3744, 17648, 38605, 18419
  result is correct!
-----------------Showing intmul-rv64_ise_52_simple.log-----------------
! 52, ise, 64, 1, 0, 8, 416, 1005, 22800, 1068
  result is correct!
! 52, ise, 64, 1, 0, 12, 624, 2017, 22657, 2099
  result is correct!
! 52, ise, 64, 1, 0, 16, 832, 3381, 23950, 3523
  result is correct!
! 52, ise, 64, 1, 0, 20, 1040, 5097, 79244, 5365
  result is correct!
! 52, ise, 64, 1, 0, 24, 1248, 7165, 27943, 7472
  result is correct!
! 52, ise, 64, 1, 0, 28, 1456, 9585, 30247, 9995
  result is correct!
! 52, ise, 64, 1, 0, 32, 1664, 12357, 33018, 12886
  result is correct!
! 52, ise, 64, 1, 0, 36, 1872, 15481, 158243, 16295
  result is correct!
! 52, ise, 64, 1, 0, 40, 2080, 18957, 40014, 19750
  result is correct!
! 52, ise, 64, 1, 0, 44, 2288, 22785, 43376, 23763
  result is correct!
! 52, ise, 64, 1, 0, 48, 2496, 26965, 47569, 28125
  result is correct!
! 52, ise, 64, 1, 0, 52, 2704, 31497, 179679, 32987
  result is correct!
! 52, ise, 64, 1, 0, 56, 2912, 36381, 177093, 38120
  result is correct!
! 52, ise, 64, 1, 0, 60, 3120, 41617, 179886, 43573
  result is correct!
! 52, ise, 64, 1, 0, 64, 3328, 47205, 185850, 49409
  result is correct!
! 52, ise, 64, 1, 0, 68, 3536, 53145, 192505, 55583
  result is correct!
! 52, ise, 64, 1, 0, 72, 3744, 59437, 199891, 62199
  result is correct!
-----------------Showing intmul-rv64_ise_53_hybrid.log-----------------
! 53, ise, 64, 1, 0, 8, 424, 498, 22698, 555
  result is correct!
! 53, ise, 64, 1, 0, 12, 636, 863, 22530, 934
  result is correct!
! 53, ise, 64, 1, 0, 16, 848, 1329, 22344, 1420
  result is correct!
! 53, ise, 64, 1, 0, 20, 1060, 1866, 22722, 1977
  result is correct!
! 53, ise, 64, 1, 0, 24, 1272, 2504, 23703, 2657
  result is correct!
! 53, ise, 64, 1, 0, 28, 1484, 3238, 24333, 3411
  result is correct!
! 53, ise, 64, 1, 0, 32, 1696, 4068, 41683, 4305
  result is correct!
! 53, ise, 64, 1, 0, 36, 1908, 4994, 78967, 5294
  result is correct!
! 53, ise, 64, 1, 0, 40, 2120, 6016, 26838, 6312
  result is correct!
! 53, ise, 64, 1, 0, 44, 2332, 7134, 162655, 7625
  result is correct!
! 53, ise, 64, 1, 0, 48, 2544, 8348, 30181, 8729
  result is correct!
! 53, ise, 64, 1, 0, 52, 2756, 9658, 30767, 10100
  result is correct!
! 53, ise, 64, 1, 0, 56, 2968, 11064, 31872, 11567
  result is correct!
! 53, ise, 64, 1, 0, 60, 3180, 12566, 33480, 13131
  result is correct!
! 53, ise, 64, 1, 0, 64, 3392, 14164, 35845, 14811
  result is correct!
! 53, ise, 64, 1, 0, 68, 3604, 15858, 159451, 16725
  result is correct!
! 53, ise, 64, 1, 0, 72, 3816, 17648, 39030, 18440
  result is correct!
-----------------Showing intmul-rv64_ise_53_simple.log-----------------
! 53, ise, 64, 1, 0, 8, 424, 1005, 22087, 1046
  result is correct!
! 53, ise, 64, 1, 0, 12, 636, 2017, 22648, 2119
  result is correct!
! 53, ise, 64, 1, 0, 16, 848, 3381, 26367, 3528
  result is correct!
! 53, ise, 64, 1, 0, 20, 1060, 5097, 26402, 5322
  result is correct!
! 53, ise, 64, 1, 0, 24, 1272, 7165, 27840, 7471
  result is correct!
! 53, ise, 64, 1, 0, 28, 1484, 9585, 30767, 9995
  result is correct!
! 53, ise, 64, 1, 0, 32, 1696, 12357, 79429, 12946
  result is correct!
! 53, ise, 64, 1, 0, 36, 1908, 15481, 157175, 16267
  result is correct!
! 53, ise, 64, 1, 0, 40, 2120, 18957, 39635, 19772
  result is correct!
! 53, ise, 64, 1, 0, 44, 2332, 22785, 43482, 23742
  result is correct!
! 53, ise, 64, 1, 0, 48, 2544, 26965, 112622, 28182
  result is correct!
! 53, ise, 64, 1, 0, 52, 2756, 31497, 171579, 32980
  result is correct!
! 53, ise, 64, 1, 0, 56, 2968, 36381, 177071, 38116
  result is correct!
! 53, ise, 64, 1, 0, 60, 3180, 41617, 188748, 43552
  result is correct!
! 53, ise, 64, 1, 0, 64, 3392, 47205, 186996, 49454
  result is correct!
! 53, ise, 64, 1, 0, 68, 3604, 53145, 192922, 55592
  result is correct!
! 53, ise, 64, 1, 0, 72, 3816, 59437, 199150, 62152
  result is correct!
-----------------Showing intmul-rv64_ise_54_hybrid.log-----------------
! 54, ise, 64, 1, 0, 8, 432, 507, 26145, 562
  result is correct!
! 54, ise, 64, 1, 0, 12, 648, 863, 24219, 937
  result is correct!
! 54, ise, 64, 1, 0, 16, 864, 1329, 22386, 1420
  result is correct!
! 54, ise, 64, 1, 0, 20, 1080, 1866, 22916, 1978
  result is correct!
! 54, ise, 64, 1, 0, 24, 1296, 2504, 24239, 2638
  result is correct!
! 54, ise, 64, 1, 0, 28, 1512, 3238, 24122, 3411
  result is correct!
! 54, ise, 64, 1, 0, 32, 1728, 4068, 66035, 4334
  result is correct!
! 54, ise, 64, 1, 0, 36, 1944, 4994, 25817, 5250
  result is correct!
! 54, ise, 64, 1, 0, 40, 2160, 6016, 29717, 6298
  result is correct!
! 54, ise, 64, 1, 0, 44, 2376, 7134, 153613, 7634
  result is correct!
! 54, ise, 64, 1, 0, 48, 2592, 8348, 29201, 8748
  result is correct!
! 54, ise, 64, 1, 0, 52, 2808, 9658, 80114, 10184
  result is correct!
! 54, ise, 64, 1, 0, 56, 3024, 11064, 32020, 11588
  result is correct!
! 54, ise, 64, 1, 0, 60, 3240, 12566, 75182, 13207
  result is correct!
! 54, ise, 64, 1, 0, 64, 3456, 14164, 35129, 14791
  result is correct!
! 54, ise, 64, 1, 0, 68, 3672, 15858, 158741, 16703
  result is correct!
! 54, ise, 64, 1, 0, 72, 3888, 17648, 78948, 18543
  result is correct!
-----------------Showing intmul-rv64_ise_54_simple.log-----------------
! 54, ise, 64, 1, 0, 8, 432, 1005, 21894, 1046
  result is correct!
! 54, ise, 64, 1, 0, 12, 648, 2017, 22636, 2119
  result is correct!
! 54, ise, 64, 1, 0, 16, 864, 3381, 156909, 3671
  result is correct!
! 54, ise, 64, 1, 0, 20, 1080, 5097, 25780, 5302
  result is correct!
! 54, ise, 64, 1, 0, 24, 1296, 7165, 80787, 7536
  result is correct!
! 54, ise, 64, 1, 0, 28, 1512, 9585, 30250, 9993
  result is correct!
! 54, ise, 64, 1, 0, 32, 1728, 12357, 33547, 12887
  result is correct!
! 54, ise, 64, 1, 0, 36, 1944, 15481, 158131, 16290
  result is correct!
! 54, ise, 64, 1, 0, 40, 2160, 18957, 81554, 19783
  result is correct!
! 54, ise, 64, 1, 0, 44, 2376, 22785, 81867, 23812
  result is correct!
! 54, ise, 64, 1, 0, 48, 2592, 26965, 85290, 28199
  result is correct!
! 54, ise, 64, 1, 0, 52, 2808, 31497, 170763, 32974
  result is correct!
! 54, ise, 64, 1, 0, 56, 3024, 36381, 178002, 38140
  result is correct!
! 54, ise, 64, 1, 0, 60, 3240, 41617, 180589, 43575
  result is correct!
! 54, ise, 64, 1, 0, 64, 3456, 47205, 187275, 49409
  result is correct!
! 54, ise, 64, 1, 0, 68, 3672, 53145, 205129, 55608
  result is correct!
! 54, ise, 64, 1, 0, 72, 3888, 59437, 198372, 62171
  result is correct!
-----------------Showing intmul-rv64_ise_55_hybrid.log-----------------
! 55, ise, 64, 1, 0, 8, 440, 503, 22493, 559
  result is correct!
! 55, ise, 64, 1, 0, 12, 660, 863, 22997, 936
  result is correct!
! 55, ise, 64, 1, 0, 16, 880, 1329, 22603, 1420
  result is correct!
! 55, ise, 64, 1, 0, 20, 1100, 1866, 78326, 2044
  result is correct!
! 55, ise, 64, 1, 0, 24, 1320, 2504, 155395, 2803
  result is correct!
! 55, ise, 64, 1, 0, 28, 1540, 3238, 24083, 3411
  result is correct!
! 55, ise, 64, 1, 0, 32, 1760, 4068, 24804, 4261
  result is correct!
! 55, ise, 64, 1, 0, 36, 1980, 4994, 25950, 5209
  result is correct!
! 55, ise, 64, 1, 0, 40, 2200, 6016, 27683, 6315
  result is correct!
! 55, ise, 64, 1, 0, 44, 2420, 7134, 150412, 7609
  result is correct!
! 55, ise, 64, 1, 0, 48, 2640, 8348, 29280, 8728
  result is correct!
! 55, ise, 64, 1, 0, 52, 2860, 9658, 30999, 10100
  result is correct!
! 55, ise, 64, 1, 0, 56, 3080, 11064, 32053, 11567
  result is correct!
! 55, ise, 64, 1, 0, 60, 3300, 12566, 75369, 13183
  result is correct!
! 55, ise, 64, 1, 0, 64, 3520, 14164, 74044, 14862
  result is correct!
! 55, ise, 64, 1, 0, 68, 3740, 15858, 158131, 16766
  result is correct!
! 55, ise, 64, 1, 0, 72, 3960, 17648, 78444, 18493
  result is correct!
-----------------Showing intmul-rv64_ise_55_simple.log-----------------
! 55, ise, 64, 1, 0, 8, 440, 1005, 22870, 1048
  result is correct!
! 55, ise, 64, 1, 0, 12, 660, 2017, 22993, 2099
  result is correct!
! 55, ise, 64, 1, 0, 16, 880, 3381, 157139, 3671
  result is correct!
! 55, ise, 64, 1, 0, 20, 1100, 5097, 25810, 5321
  result is correct!
! 55, ise, 64, 1, 0, 24, 1320, 7165, 27970, 7472
  result is correct!
! 55, ise, 64, 1, 0, 28, 1540, 9585, 30373, 9993
  result is correct!
! 55, ise, 64, 1, 0, 32, 1760, 12357, 32890, 12886
  result is correct!
! 55, ise, 64, 1, 0, 36, 1980, 15481, 156483, 16266
  result is correct!
! 55, ise, 64, 1, 0, 40, 2200, 18957, 97968, 19845
  result is correct!
! 55, ise, 64, 1, 0, 44, 2420, 22785, 82168, 23814
  result is correct!
! 55, ise, 64, 1, 0, 48, 2640, 26965, 86923, 28156
  result is correct!
! 55, ise, 64, 1, 0, 52, 2860, 31497, 169987, 33023
  result is correct!
! 55, ise, 64, 1, 0, 56, 3080, 36381, 177443, 38155
  result is correct!
! 55, ise, 64, 1, 0, 60, 3300, 41617, 180560, 43537
  result is correct!
! 55, ise, 64, 1, 0, 64, 3520, 47205, 184661, 49383
  result is correct!
! 55, ise, 64, 1, 0, 68, 3740, 53145, 192819, 55683
  result is correct!
! 55, ise, 64, 1, 0, 72, 3960, 59437, 198767, 62146
  result is correct!
-----------------Showing intmul-rv64_ise_56_hybrid.log-----------------
! 56, ise, 64, 1, 0, 8, 448, 498, 25599, 557
  result is correct!
! 56, ise, 64, 1, 0, 12, 672, 864, 22714, 941
  result is correct!
! 56, ise, 64, 1, 0, 16, 896, 1329, 22629, 1420
  result is correct!
! 56, ise, 64, 1, 0, 20, 1120, 1866, 22897, 1978
  result is correct!
! 56, ise, 64, 1, 0, 24, 1344, 2506, 157948, 2785
  result is correct!
! 56, ise, 64, 1, 0, 28, 1568, 3238, 26513, 3415
  result is correct!
! 56, ise, 64, 1, 0, 32, 1792, 4068, 24901, 4282
  result is correct!
! 56, ise, 64, 1, 0, 36, 2016, 4994, 25886, 5250
  result is correct!
! 56, ise, 64, 1, 0, 40, 2240, 6016, 27410, 6313
  result is correct!
! 56, ise, 64, 1, 0, 44, 2464, 7134, 170933, 7652
  result is correct!
! 56, ise, 64, 1, 0, 48, 2688, 8348, 39390, 8764
  result is correct!
! 56, ise, 64, 1, 0, 52, 2912, 9658, 30550, 10100
  result is correct!
! 56, ise, 64, 1, 0, 56, 3136, 11064, 32811, 11566
  result is correct!
! 56, ise, 64, 1, 0, 60, 3360, 12566, 74844, 13186
  result is correct!
! 56, ise, 64, 1, 0, 64, 3584, 14164, 35287, 14791
  result is correct!
! 56, ise, 64, 1, 0, 68, 3808, 15858, 78833, 16624
  result is correct!
! 56, ise, 64, 1, 0, 72, 4032, 17648, 106298, 18522
  result is correct!
-----------------Showing intmul-rv64_ise_56_simple.log-----------------
! 56, ise, 64, 1, 0, 8, 448, 999, 23556, 1063
  result is correct!
! 56, ise, 64, 1, 0, 12, 672, 2011, 76891, 2179
  result is correct!
! 56, ise, 64, 1, 0, 16, 896, 3375, 154482, 3659
  result is correct!
! 56, ise, 64, 1, 0, 20, 1120, 5091, 25627, 5314
  result is correct!
! 56, ise, 64, 1, 0, 24, 1344, 7159, 27989, 7464
  result is correct!
! 56, ise, 64, 1, 0, 28, 1568, 9579, 80132, 10048
  result is correct!
! 56, ise, 64, 1, 0, 32, 1792, 12351, 32969, 12878
  result is correct!
! 56, ise, 64, 1, 0, 36, 2016, 15475, 155434, 16327
  result is correct!
! 56, ise, 64, 1, 0, 40, 2240, 18951, 79789, 19793
  result is correct!
! 56, ise, 64, 1, 0, 44, 2464, 22779, 82864, 23802
  result is correct!
! 56, ise, 64, 1, 0, 48, 2688, 26959, 86662, 28147
  result is correct!
! 56, ise, 64, 1, 0, 52, 2912, 31491, 170910, 33013
  result is correct!
! 56, ise, 64, 1, 0, 56, 3136, 36375, 177379, 38103
  result is correct!
! 56, ise, 64, 1, 0, 60, 3360, 41611, 180502, 43562
  result is correct!
! 56, ise, 64, 1, 0, 64, 3584, 47199, 186409, 49392
  result is correct!
! 56, ise, 64, 1, 0, 68, 3808, 53139, 192566, 55583
  result is correct!
! 56, ise, 64, 1, 0, 72, 4032, 59431, 200184, 62183
  result is correct!
-----------------Showing intmul-rv64_ise_57_hybrid.log-----------------
! 57, ise, 64, 1, 0, 8, 456, 507, 24645, 561
  result is correct!
! 57, ise, 64, 1, 0, 12, 684, 863, 22745, 913
  result is correct!
! 57, ise, 64, 1, 0, 16, 912, 1329, 23163, 1422
  result is correct!
! 57, ise, 64, 1, 0, 20, 1140, 1866, 22837, 1978
  result is correct!
! 57, ise, 64, 1, 0, 24, 1368, 2504, 157589, 2771
  result is correct!
! 57, ise, 64, 1, 0, 28, 1596, 3238, 24899, 3413
  result is correct!
! 57, ise, 64, 1, 0, 32, 1824, 4068, 78252, 4349
  result is correct!
! 57, ise, 64, 1, 0, 36, 2052, 4994, 26012, 5250
  result is correct!
! 57, ise, 64, 1, 0, 40, 2280, 6016, 26872, 6292
  result is correct!
! 57, ise, 64, 1, 0, 44, 2508, 7134, 153487, 7635
  result is correct!
! 57, ise, 64, 1, 0, 48, 2736, 8348, 29368, 8727
  result is correct!
! 57, ise, 64, 1, 0, 52, 2964, 9658, 30644, 10119
  result is correct!
! 57, ise, 64, 1, 0, 56, 3192, 11064, 71665, 11654
  result is correct!
! 57, ise, 64, 1, 0, 60, 3420, 12568, 33710, 13132
  result is correct!
! 57, ise, 64, 1, 0, 64, 3648, 14164, 74798, 14863
  result is correct!
! 57, ise, 64, 1, 0, 68, 3876, 15858, 37023, 16569
  result is correct!
! 57, ise, 64, 1, 0, 72, 4104, 17648, 38635, 18440
  result is correct!
-----------------Showing intmul-rv64_ise_57_simple.log-----------------
! 57, ise, 64, 1, 0, 8, 456, 1005, 21836, 1046
  result is correct!
! 57, ise, 64, 1, 0, 12, 684, 2017, 22690, 2099
  result is correct!
! 57, ise, 64, 1, 0, 16, 912, 3381, 24469, 3525
  result is correct!
! 57, ise, 64, 1, 0, 20, 1140, 5097, 25791, 5301
  result is correct!
! 57, ise, 64, 1, 0, 24, 1368, 7165, 27872, 7471
  result is correct!
! 57, ise, 64, 1, 0, 28, 1596, 9585, 30194, 9991
  result is correct!
! 57, ise, 64, 1, 0, 32, 1824, 12357, 32940, 12887
  result is correct!
! 57, ise, 64, 1, 0, 36, 2052, 15481, 76483, 16187
  result is correct!
! 57, ise, 64, 1, 0, 40, 2280, 18957, 39620, 19775
  result is correct!
! 57, ise, 64, 1, 0, 44, 2508, 22785, 43621, 23765
  result is correct!
! 57, ise, 64, 1, 0, 48, 2736, 26965, 48402, 28131
  result is correct!
! 57, ise, 64, 1, 0, 52, 2964, 31497, 170707, 33025
  result is correct!
! 57, ise, 64, 1, 0, 56, 3192, 36381, 176052, 38171
  result is correct!
! 57, ise, 64, 1, 0, 60, 3420, 41617, 181950, 43575
  result is correct!
! 57, ise, 64, 1, 0, 64, 3648, 47205, 187130, 49406
  result is correct!
! 57, ise, 64, 1, 0, 68, 3876, 53145, 191610, 55595
  result is correct!
! 57, ise, 64, 1, 0, 72, 4104, 59437, 199121, 62225
  result is correct!
-----------------Showing intmul-rv64_ise_58_hybrid.log-----------------
! 58, ise, 64, 1, 0, 8, 464, 507, 22533, 556
  result is correct!
! 58, ise, 64, 1, 0, 12, 696, 869, 23064, 944
  result is correct!
! 58, ise, 64, 1, 0, 16, 928, 1329, 22656, 1418
  result is correct!
! 58, ise, 64, 1, 0, 20, 1160, 1861, 22663, 1975
  result is correct!
! 58, ise, 64, 1, 0, 24, 1392, 2504, 23316, 2654
  result is correct!
! 58, ise, 64, 1, 0, 28, 1624, 3238, 23980, 3408
  result is correct!
! 58, ise, 64, 1, 0, 32, 1856, 4068, 25681, 4260
  result is correct!
! 58, ise, 64, 1, 0, 36, 2088, 4994, 33682, 5237
  result is correct!
! 58, ise, 64, 1, 0, 40, 2320, 6016, 26742, 6309
  result is correct!
! 58, ise, 64, 1, 0, 44, 2552, 7134, 154084, 7608
  result is correct!
! 58, ise, 64, 1, 0, 48, 2784, 8348, 78388, 8787
  result is correct!
! 58, ise, 64, 1, 0, 52, 3016, 9658, 30631, 10095
  result is correct!
! 58, ise, 64, 1, 0, 56, 3248, 11064, 156349, 11704
  result is correct!
! 58, ise, 64, 1, 0, 60, 3480, 12566, 33370, 13125
  result is correct!
! 58, ise, 64, 1, 0, 64, 3712, 14164, 73753, 14871
  result is correct!
-----------------Showing intmul-rv64_ise_58_simple.log-----------------
! 58, ise, 64, 1, 0, 8, 464, 1006, 22037, 1047
  result is correct!
! 58, ise, 64, 1, 0, 12, 696, 2018, 22803, 2120
  result is correct!
! 58, ise, 64, 1, 0, 16, 928, 3382, 24121, 3525
  result is correct!
! 58, ise, 64, 1, 0, 20, 1160, 5098, 25746, 5302
  result is correct!
! 58, ise, 64, 1, 0, 24, 1392, 7166, 160597, 7641
  result is correct!
! 58, ise, 64, 1, 0, 28, 1624, 9586, 30218, 9993
  result is correct!
! 58, ise, 64, 1, 0, 32, 1856, 12358, 73103, 12939
  result is correct!
! 58, ise, 64, 1, 0, 36, 2088, 15482, 36074, 16133
  result is correct!
! 58, ise, 64, 1, 0, 40, 2320, 18958, 79074, 19836
  result is correct!
! 58, ise, 64, 1, 0, 44, 2552, 22786, 166982, 23951
  result is correct!
! 58, ise, 64, 1, 0, 48, 2784, 26966, 171160, 28294
  result is correct!
! 58, ise, 64, 1, 0, 52, 3016, 31498, 53121, 32844
  result is correct!
! 58, ise, 64, 1, 0, 56, 3248, 36382, 174716, 38113
  result is correct!
! 58, ise, 64, 1, 0, 60, 3480, 41618, 183460, 43530
  result is correct!
! 58, ise, 64, 1, 0, 64, 3712, 47206, 187315, 49451
  result is correct!
-----------------Showing intmul-rv64_ise_59_hybrid.log-----------------
! 59, ise, 64, 1, 0, 8, 472, 503, 29268, 564
  result is correct!
! 59, ise, 64, 1, 0, 12, 708, 869, 23590, 944
  result is correct!
! 59, ise, 64, 1, 0, 16, 944, 1329, 22299, 1418
  result is correct!
! 59, ise, 64, 1, 0, 20, 1180, 1866, 22836, 1975
  result is correct!
! 59, ise, 64, 1, 0, 24, 1416, 2504, 26231, 2638
  result is correct!
! 59, ise, 64, 1, 0, 28, 1652, 3238, 23966, 3408
  result is correct!
! 59, ise, 64, 1, 0, 32, 1888, 4068, 24733, 4258
  result is correct!
-----------------Showing intmul-rv64_ise_59_simple.log-----------------
! 59, ise, 64, 1, 0, 8, 472, 1006, 22273, 1068
  result is correct!
! 59, ise, 64, 1, 0, 12, 708, 2018, 22321, 2098
  result is correct!
! 59, ise, 64, 1, 0, 16, 944, 3382, 24455, 3524
  result is correct!
! 59, ise, 64, 1, 0, 20, 1180, 5098, 27797, 5323
  result is correct!
! 59, ise, 64, 1, 0, 24, 1416, 7166, 27839, 7467
  result is correct!
! 59, ise, 64, 1, 0, 28, 1652, 9586, 30163, 9989
  result is correct!
! 59, ise, 64, 1, 0, 32, 1888, 12358, 154420, 13016
  result is correct!
-----------------Showing intmul-rv64_ise_60_hybrid.log-----------------
! 60, ise, 64, 1, 0, 8, 480, 505, 21767, 559
  result is correct!
! 60, ise, 64, 1, 0, 12, 720, 871, 22684, 946
  result is correct!
! 60, ise, 64, 1, 0, 16, 960, 1331, 22191, 1400
  result is correct!
-----------------Showing intmul-rv64_ise_60_simple.log-----------------
! 60, ise, 64, 1, 0, 8, 480, 1006, 22732, 1068
  result is correct!
! 60, ise, 64, 1, 0, 12, 720, 2018, 22588, 2099
  result is correct!
! 60, ise, 64, 1, 0, 16, 960, 3382, 23885, 3523
  result is correct!
-----------------Showing intmul-rv64_ise_61_hybrid.log-----------------
! 61, ise, 64, 1, 0, 8, 488, 454, 24406, 510
  result is correct!
-----------------Showing intmul-rv64_ise_61_simple.log-----------------
! 61, ise, 64, 1, 0, 8, 488, 1006, 21971, 1027
  result is correct!
-----------------Showing intmul-rv64_ise_64_hybrid.log-----------------
! 64, ise, 64, 1, 0, 8, 512, 576, 21859, 646
  result is correct!
! 64, ise, 64, 1, 0, 12, 768, 1157, 22596, 1265
  result is correct!
! 64, ise, 64, 1, 0, 16, 1024, 1996, 23058, 2123
  result is correct!
! 64, ise, 64, 1, 0, 20, 1280, 3017, 27195, 3188
  result is correct!
! 64, ise, 64, 1, 0, 24, 1536, 4254, 25049, 4483
  result is correct!
! 64, ise, 64, 1, 0, 28, 1792, 5707, 37246, 6013
  result is correct!
! 64, ise, 64, 1, 0, 32, 2048, 7356, 29014, 7729
  result is correct!
! 64, ise, 64, 1, 0, 36, 2304, 9261, 156362, 9834
  result is correct!
! 64, ise, 64, 1, 0, 40, 2560, 11354, 81251, 11953
  result is correct!
! 64, ise, 64, 1, 0, 44, 2816, 13679, 156848, 14456
  result is correct!
! 64, ise, 64, 1, 0, 48, 3072, 16212, 80032, 16991
  result is correct!
! 64, ise, 64, 1, 0, 52, 3328, 18961, 78927, 19881
  result is correct!
! 64, ise, 64, 1, 0, 56, 3584, 21926, 82951, 22967
  result is correct!
! 64, ise, 64, 1, 0, 60, 3840, 25107, 86116, 26309
  result is correct!
! 64, ise, 64, 1, 0, 64, 4096, 28496, 88480, 29813
  result is correct!
-----------------Showing intmul-rv64_ise_64_simple.log-----------------
! 64, ise, 64, 1, 0, 8, 512, 1121, 21665, 1161
  result is correct!
! 64, ise, 64, 1, 0, 12, 768, 2289, 22752, 2390
  result is correct!
! 64, ise, 64, 1, 0, 16, 1024, 3873, 156815, 4178
  result is correct!
! 64, ise, 64, 1, 0, 20, 1280, 5873, 26341, 6096
  result is correct!
! 64, ise, 64, 1, 0, 24, 1536, 8289, 28783, 8631
  result is correct!
! 64, ise, 64, 1, 0, 28, 1792, 11121, 155168, 11744
  result is correct!
! 64, ise, 64, 1, 0, 32, 2048, 14369, 34871, 14972
  result is correct!
! 64, ise, 64, 1, 0, 36, 2304, 18033, 163770, 18988
  result is correct!
! 64, ise, 64, 1, 0, 40, 2560, 22113, 165524, 23218
  result is correct!
! 64, ise, 64, 1, 0, 44, 2816, 26609, 167765, 27973
  result is correct!
! 64, ise, 64, 1, 0, 48, 3072, 31521, 174348, 33038
  result is correct!
! 64, ise, 64, 1, 0, 52, 3328, 36849, 175511, 38552
  result is correct!
! 64, ise, 64, 1, 0, 56, 3584, 42593, 183527, 44571
  result is correct!
! 64, ise, 64, 1, 0, 60, 3840, 48753, 196117, 50956
  result is correct!
! 64, ise, 64, 1, 0, 64, 4096, 55329, 193853, 57901
  result is correct!
# 
# 