! 53, ise, 64, 1, 1, 8, 424, 1005, 1005, 1046
  result is correct!
! 53, ise, 64, 1, 1, 12, 636, 2017, 2017, 2098
  result is correct!
! 53, ise, 64, 1, 1, 16, 848, 3381, 3381, 3523
  result is correct!
! 53, ise, 64, 1, 1, 20, 1060, 5097, 5097, 5319
  result is correct!
! 53, ise, 64, 1, 1, 24, 1272, 7165, 7165, 7614
  result is correct!
! 53, ise, 64, 1, 1, 28, 1484, 9585, 9585, 9992
  result is correct!
! 53, ise, 64, 1, 1, 32, 1696, 12357, 12357, 12947
  result is correct!
! 53, ise, 64, 1, 1, 36, 1908, 15481, 15481, 16129
  result is correct!
! 53, ise, 64, 1, 1, 40, 2120, 18957, 18957, 19904
  result is correct!
! 53, ise, 64, 1, 1, 44, 2332, 22785, 22785, 23892
  result is correct!
! 53, ise, 64, 1, 1, 48, 2544, 26965, 26965, 28238
  result is correct!
! 53, ise, 64, 1, 1, 52, 2756, 31497, 31497, 33026
  result is correct!
! 53, ise, 64, 1, 1, 56, 2968, 36381, 36381, 38107
  result is correct!
! 53, ise, 64, 1, 1, 60, 3180, 41617, 41617, 43567
  result is correct!
! 53, ise, 64, 1, 1, 64, 3392, 47205, 47205, 49401
  result is correct!
! 53, ise, 64, 1, 1, 68, 3604, 53145, 53145, 55598
  result is correct!
! 53, ise, 64, 1, 1, 72, 3816, 59437, 59437, 62342
  result is correct!
