! 51, isa, 64, 1, 1, 8, 408, 1216, 1216, 1256
  result is correct!
! 51, isa, 64, 1, 1, 12, 612, 2480, 2480, 2634
  result is correct!
! 51, isa, 64, 1, 1, 16, 816, 4192, 4192, 4373
  result is correct!
! 51, isa, 64, 1, 1, 20, 1020, 6348, 6352, 6631
  result is correct!
! 51, isa, 64, 1, 1, 24, 1224, 8956, 8960, 9341
  result is correct!
! 51, isa, 64, 1, 1, 28, 1428, 12012, 12016, 12672
  result is correct!
! 51, isa, 64, 1, 1, 32, 1632, 15516, 15520, 16220
  result is correct!
! 51, isa, 64, 1, 1, 36, 1836, 19468, 19472, 20273
  result is correct!
! 51, isa, 64, 1, 1, 40, 2040, 23868, 23872, 24851
  result is correct!
! 51, isa, 64, 1, 1, 44, 2244, 28716, 28720, 29968
  result is correct!
! 51, isa, 64, 1, 1, 48, 2448, 34012, 34016, 35617
  result is correct!
! 51, isa, 64, 1, 1, 52, 2652, 39756, 39760, 41669
  result is correct!
! 51, isa, 64, 1, 1, 56, 2856, 45948, 45952, 48097
  result is correct!
! 51, isa, 64, 1, 1, 60, 3060, 52588, 52592, 54974
  result is correct!
! 51, isa, 64, 1, 1, 64, 3264, 59676, 59680, 62495
  result is correct!
! 51, isa, 64, 1, 1, 68, 3468, 67212, 67216, 70195
  result is correct!
! 51, isa, 64, 1, 1, 72, 3672, 75196, 75200, 78480
  result is correct!
