! 64, ise, 64, 1, 1, 8, 512, 1121, 21606, 1162
  result is correct!
! 64, ise, 64, 1, 1, 12, 768, 2289, 22804, 2390
  result is correct!
! 64, ise, 64, 1, 1, 16, 1024, 3873, 24172, 4034
  result is correct!
! 64, ise, 64, 1, 1, 20, 1280, 5873, 26340, 6136
  result is correct!
! 64, ise, 64, 1, 1, 24, 1536, 8289, 161494, 8802
  result is correct!
! 64, ise, 64, 1, 1, 28, 1792, 11121, 31550, 11585
  result is correct!
! 64, ise, 64, 1, 1, 32, 2048, 14369, 157870, 15167
  result is correct!
! 64, ise, 64, 1, 1, 36, 2304, 18033, 38640, 18782
  result is correct!
! 64, ise, 64, 1, 1, 40, 2560, 22113, 42686, 23041
  result is correct!
! 64, ise, 64, 1, 1, 44, 2816, 26609, 47143, 27741
  result is correct!
! 64, ise, 64, 1, 1, 48, 3072, 31521, 169462, 33037
  result is correct!
! 64, ise, 64, 1, 1, 52, 3328, 36849, 177174, 38589
  result is correct!
! 64, ise, 64, 1, 1, 56, 3584, 42593, 180988, 44574
  result is correct!
! 64, ise, 64, 1, 1, 60, 3840, 48753, 187584, 50992
  result is correct!
! 64, ise, 64, 1, 1, 64, 4096, 55329, 194561, 57864
  result is correct!
# 