! 56, isa, 64, 1, 1, 8, 448, 866, 21884, 924
  result is correct!
! 56, isa, 64, 1, 1, 12, 672, 1654, 23132, 1758
  result is correct!
! 56, isa, 64, 1, 1, 16, 896, 2688, 157372, 2974
  result is correct!
! 56, isa, 64, 1, 1, 20, 1120, 3967, 25648, 4166
  result is correct!
! 56, isa, 64, 1, 1, 24, 1344, 5500, 26490, 5761
  result is correct!
! 56, isa, 64, 1, 1, 28, 1568, 7287, 28362, 7630
  result is correct!
! 56, isa, 64, 1, 1, 32, 1792, 9328, 158663, 9897
  result is correct!
! 56, isa, 64, 1, 1, 36, 2016, 11623, 32485, 12130
  result is correct!
! 56, isa, 64, 1, 1, 40, 2240, 14172, 160031, 14988
  result is correct!
! 56, isa, 64, 1, 1, 44, 2464, 16975, 37959, 17710
  result is correct!
! 56, isa, 64, 1, 1, 48, 2688, 20032, 41097, 20912
  result is correct!
! 56, isa, 64, 1, 1, 52, 2912, 23343, 82814, 24421
  result is correct!
! 56, isa, 64, 1, 1, 56, 3136, 26908, 48013, 28079
  result is correct!
! 56, isa, 64, 1, 1, 60, 3360, 30727, 52354, 32084
  result is correct!
! 56, isa, 64, 1, 1, 64, 3584, 34800, 176045, 36514
  result is correct!
! 56, isa, 64, 1, 1, 68, 3808, 39127, 99829, 40890
  result is correct!
! 56, isa, 64, 1, 1, 72, 4032, 43708, 185591, 45814
  result is correct!
