! 50, isa, 64, 1, 1, 8, 400, 1211, 21448, 1251
  result is correct!
! 50, isa, 64, 1, 1, 12, 600, 2476, 22697, 2576
  result is correct!
! 50, isa, 64, 1, 1, 16, 800, 4188, 156185, 4494
  result is correct!
! 50, isa, 64, 1, 1, 20, 1000, 6348, 26541, 6628
  result is correct!
! 50, isa, 64, 1, 1, 24, 1200, 8956, 29368, 9316
  result is correct!
! 50, isa, 64, 1, 1, 28, 1400, 12012, 156650, 12672
  result is correct!
! 50, isa, 64, 1, 1, 32, 1600, 15516, 35829, 16154
  result is correct!
! 50, isa, 64, 1, 1, 36, 1800, 19468, 78506, 20336
  result is correct!
! 50, isa, 64, 1, 1, 40, 2000, 23868, 82229, 24917
  result is correct!
! 50, isa, 64, 1, 1, 44, 2200, 28716, 87218, 29943
  result is correct!
! 50, isa, 64, 1, 1, 48, 2400, 34012, 173575, 35581
  result is correct!
! 50, isa, 64, 1, 1, 52, 2600, 39756, 179555, 41646
  result is correct!
! 50, isa, 64, 1, 1, 56, 2800, 45948, 186814, 48050
  result is correct!
! 50, isa, 64, 1, 1, 60, 3000, 52588, 199729, 54906
  result is correct!
! 50, isa, 64, 1, 1, 64, 3200, 59676, 199118, 62544
  result is correct!
! 50, isa, 64, 1, 1, 68, 3400, 67212, 204155, 70232
  result is correct!
! 50, isa, 64, 1, 1, 72, 3600, 75196, 213584, 78567
  result is correct!
