! 55, isa, 64, 1, 1, 8, 440, 866, 21793, 928
  result is correct!
! 55, isa, 64, 1, 1, 12, 660, 1654, 22636, 1756
  result is correct!
! 55, isa, 64, 1, 1, 16, 880, 2698, 157767, 2989
  result is correct!
! 55, isa, 64, 1, 1, 20, 1100, 3972, 25007, 4174
  result is correct!
! 55, isa, 64, 1, 1, 24, 1320, 5505, 27219, 5771
  result is correct!
! 55, isa, 64, 1, 1, 28, 1540, 7292, 28276, 7639
  result is correct!
! 55, isa, 64, 1, 1, 32, 1760, 9333, 156149, 9904
  result is correct!
! 55, isa, 64, 1, 1, 36, 1980, 11628, 79451, 12199
  result is correct!
! 55, isa, 64, 1, 1, 40, 2200, 14177, 160352, 14953
  result is correct!
! 55, isa, 64, 1, 1, 44, 2420, 16980, 37962, 17716
  result is correct!
! 55, isa, 64, 1, 1, 48, 2640, 20037, 81083, 20970
  result is correct!
! 55, isa, 64, 1, 1, 52, 2860, 23348, 85039, 24432
  result is correct!
! 55, isa, 64, 1, 1, 56, 3080, 26913, 87169, 28155
  result is correct!
! 55, isa, 64, 1, 1, 60, 3300, 30732, 91283, 32138
  result is correct!
! 55, isa, 64, 1, 1, 64, 3520, 34805, 176952, 36519
  result is correct!
! 55, isa, 64, 1, 1, 68, 3740, 39132, 100321, 40891
  result is correct!
! 55, isa, 64, 1, 1, 72, 3960, 43713, 187741, 45814
  result is correct!
