! 57, isa, 64, 1, 1, 8, 456, 1211, 21602, 1251
  result is correct!
! 57, isa, 64, 1, 1, 12, 684, 2476, 22769, 2577
  result is correct!
! 57, isa, 64, 1, 1, 16, 912, 4188, 158093, 4517
  result is correct!
! 57, isa, 64, 1, 1, 20, 1140, 6348, 26723, 6628
  result is correct!
! 57, isa, 64, 1, 1, 24, 1368, 8956, 29616, 9295
  result is correct!
! 57, isa, 64, 1, 1, 28, 1596, 12012, 155820, 12649
  result is correct!
! 57, isa, 64, 1, 1, 32, 1824, 15516, 84239, 16235
  result is correct!
! 57, isa, 64, 1, 1, 36, 2052, 19468, 78912, 20318
  result is correct!
! 57, isa, 64, 1, 1, 40, 2280, 23868, 82134, 24917
  result is correct!
! 57, isa, 64, 1, 1, 44, 2508, 28716, 87273, 29963
  result is correct!
! 57, isa, 64, 1, 1, 48, 2736, 34012, 176458, 35642
  result is correct!
! 57, isa, 64, 1, 1, 52, 2964, 39756, 180678, 41598
  result is correct!
! 57, isa, 64, 1, 1, 56, 3192, 45948, 183970, 48047
  result is correct!
! 57, isa, 64, 1, 1, 60, 3420, 52588, 190963, 55025
  result is correct!
! 57, isa, 64, 1, 1, 64, 3648, 59676, 208026, 62550
  result is correct!
! 57, isa, 64, 1, 1, 68, 3876, 67212, 207442, 70190
  result is correct!
! 57, isa, 64, 1, 1, 72, 4104, 75196, 212719, 78610
  result is correct!
