! 55, ise, 64, 1, 1, 8, 440, 1005, 21549, 1045
  result is correct!
! 55, ise, 64, 1, 1, 12, 660, 2018, 23523, 2121
  result is correct!
! 55, ise, 64, 1, 1, 16, 880, 3382, 24558, 3526
  result is correct!
! 55, ise, 64, 1, 1, 20, 1100, 5098, 25796, 5302
  result is correct!
! 55, ise, 64, 1, 1, 24, 1320, 7166, 159151, 7639
  result is correct!
! 55, ise, 64, 1, 1, 28, 1540, 9586, 30966, 9996
  result is correct!
! 55, ise, 64, 1, 1, 32, 1760, 12358, 32933, 12885
  result is correct!
! 55, ise, 64, 1, 1, 36, 1980, 15482, 75195, 16204
  result is correct!
! 55, ise, 64, 1, 1, 40, 2200, 18958, 162745, 19913
  result is correct!
! 55, ise, 64, 1, 1, 44, 2420, 22786, 164717, 23899
  result is correct!
! 55, ise, 64, 1, 1, 48, 2640, 26966, 166882, 28292
  result is correct!
! 55, ise, 64, 1, 1, 52, 2860, 31498, 175121, 33081
  result is correct!
! 55, ise, 64, 1, 1, 56, 3080, 36382, 174704, 38061
  result is correct!
! 55, ise, 64, 1, 1, 60, 3300, 41618, 181252, 43575
  result is correct!
! 55, ise, 64, 1, 1, 64, 3520, 47206, 185610, 49448
  result is correct!
! 55, ise, 64, 1, 1, 68, 3740, 53146, 201729, 55578
  result is correct!
! 55, ise, 64, 1, 1, 72, 3960, 59438, 199485, 62304
  result is correct!
