! 64, isa, 64, 1, 1, 8, 512, 756, 22710, 860
  result is correct!
! 64, isa, 64, 1, 1, 12, 768, 1599, 22807, 1748
  result is correct!
! 64, isa, 64, 1, 1, 16, 1024, 2755, 23776, 2939
  result is correct!
! 64, isa, 64, 1, 1, 20, 1280, 4210, 25272, 4454
  result is correct!
! 64, isa, 64, 1, 1, 24, 1536, 5963, 155498, 6535
  result is correct!
! 64, isa, 64, 1, 1, 28, 1792, 8040, 29068, 8460
  result is correct!
! 64, isa, 64, 1, 1, 32, 2048, 10439, 32094, 10953
  result is correct!
! 64, isa, 64, 1, 1, 36, 2304, 13140, 34284, 13755
  result is correct!
! 64, isa, 64, 1, 1, 40, 2560, 16153, 79107, 16968
  result is correct!
! 64, isa, 64, 1, 1, 44, 2816, 19478, 41220, 20337
  result is correct!
! 64, isa, 64, 1, 1, 48, 3072, 23115, 44867, 24179
  result is correct!
! 64, isa, 64, 1, 1, 52, 3328, 27054, 85990, 28343
  result is correct!
! 64, isa, 64, 1, 1, 56, 3584, 31315, 91391, 32765
  result is correct!
! 64, isa, 64, 1, 1, 60, 3840, 35898, 178888, 37630
  result is correct!
! 64, isa, 64, 1, 1, 64, 4096, 40783, 182319, 42795
  result is correct!
