! 56, isa, 64, 1, 1, 8, 448, 1216, 1216, 1256
  result is correct!
! 56, isa, 64, 1, 1, 12, 672, 2480, 2480, 2580
  result is correct!
! 56, isa, 64, 1, 1, 16, 896, 4192, 4192, 4519
  result is correct!
! 56, isa, 64, 1, 1, 20, 1120, 6352, 6352, 6611
  result is correct!
! 56, isa, 64, 1, 1, 24, 1344, 8960, 8960, 9339
  result is correct!
! 56, isa, 64, 1, 1, 28, 1568, 12016, 12016, 12758
  result is correct!
! 56, isa, 64, 1, 1, 32, 1792, 15520, 15520, 16157
  result is correct!
! 56, isa, 64, 1, 1, 36, 2016, 19472, 19472, 20346
  result is correct!
! 56, isa, 64, 1, 1, 40, 2240, 23872, 23872, 24918
  result is correct!
! 56, isa, 64, 1, 1, 44, 2464, 28720, 28720, 29963
  result is correct!
! 56, isa, 64, 1, 1, 48, 2688, 34016, 34016, 35566
  result is correct!
! 56, isa, 64, 1, 1, 52, 2912, 39760, 39760, 41597
  result is correct!
! 56, isa, 64, 1, 1, 56, 3136, 45952, 45952, 48005
  result is correct!
! 56, isa, 64, 1, 1, 60, 3360, 52592, 52673, 55013
  result is correct!
! 56, isa, 64, 1, 1, 64, 3584, 59680, 59756, 62530
  result is correct!
! 56, isa, 64, 1, 1, 68, 3808, 67216, 67216, 70308
  result is correct!
! 56, isa, 64, 1, 1, 72, 4032, 75200, 95170, 78581
  result is correct!
