! 57, ise, 64, 1, 1, 8, 456, 1005, 1005, 1068
  result is correct!
! 57, ise, 64, 1, 1, 12, 684, 2017, 2017, 2099
  result is correct!
! 57, ise, 64, 1, 1, 16, 912, 3381, 3381, 3611
  result is correct!
! 57, ise, 64, 1, 1, 20, 1140, 5097, 5097, 5279
  result is correct!
! 57, ise, 64, 1, 1, 24, 1368, 7165, 7165, 7470
  result is correct!
! 57, ise, 64, 1, 1, 28, 1596, 9585, 9585, 9991
  result is correct!
! 57, ise, 64, 1, 1, 32, 1824, 12357, 12357, 12864
  result is correct!
! 57, ise, 64, 1, 1, 36, 2052, 15481, 15481, 16210
  result is correct!
! 57, ise, 64, 1, 1, 40, 2280, 18957, 18957, 19912
  result is correct!
! 57, ise, 64, 1, 1, 44, 2508, 22785, 22785, 23893
  result is correct!
! 57, ise, 64, 1, 1, 48, 2736, 26965, 26965, 28260
  result is correct!
! 57, ise, 64, 1, 1, 52, 2964, 31497, 31497, 33022
  result is correct!
! 57, ise, 64, 1, 1, 56, 3192, 36381, 36381, 37926
  result is correct!
! 57, ise, 64, 1, 1, 60, 3420, 41617, 41617, 43563
  result is correct!
! 57, ise, 64, 1, 1, 64, 3648, 47205, 47205, 49342
  result is correct!
! 57, ise, 64, 1, 1, 68, 3876, 53145, 53145, 55589
  result is correct!
! 57, ise, 64, 1, 1, 72, 4104, 59437, 59437, 62321
  result is correct!
