! 57, isa, 64, 1, 1, 8, 456, 866, 889, 932
  result is correct!
! 57, isa, 64, 1, 1, 12, 684, 1653, 1676, 1738
  result is correct!
! 57, isa, 64, 1, 1, 16, 912, 2697, 2717, 2992
  result is correct!
! 57, isa, 64, 1, 1, 20, 1140, 3971, 3991, 4156
  result is correct!
! 57, isa, 64, 1, 1, 24, 1368, 5504, 5524, 5752
  result is correct!
! 57, isa, 64, 1, 1, 28, 1596, 7291, 7311, 7623
  result is correct!
! 57, isa, 64, 1, 1, 32, 1824, 9332, 9352, 9909
  result is correct!
! 57, isa, 64, 1, 1, 36, 2052, 11627, 11647, 12228
  result is correct!
! 57, isa, 64, 1, 1, 40, 2280, 14176, 14196, 14957
  result is correct!
! 57, isa, 64, 1, 1, 44, 2508, 16979, 16999, 17745
  result is correct!
! 57, isa, 64, 1, 1, 48, 2736, 20036, 20056, 20980
  result is correct!
! 57, isa, 64, 1, 1, 52, 2964, 23347, 23367, 24484
  result is correct!
! 57, isa, 64, 1, 1, 56, 3192, 26912, 26932, 28126
  result is correct!
! 57, isa, 64, 1, 1, 60, 3420, 30731, 30751, 32178
  result is correct!
! 57, isa, 64, 1, 1, 64, 3648, 34804, 34824, 36525
  result is correct!
! 57, isa, 64, 1, 1, 68, 3876, 39131, 39151, 40906
  result is correct!
! 57, isa, 64, 1, 1, 72, 4104, 43712, 43732, 45807
  result is correct!
