! 57, ise, 64, 1, 1, 8, 456, 505, 534, 559
  result is correct!
! 57, ise, 64, 1, 1, 12, 684, 870, 900, 921
  result is correct!
! 57, ise, 64, 1, 1, 16, 912, 1336, 1360, 1423
  result is correct!
! 57, ise, 64, 1, 1, 20, 1140, 1866, 1897, 1979
  result is correct!
! 57, ise, 64, 1, 1, 24, 1368, 2504, 2535, 2638
  result is correct!
! 57, ise, 64, 1, 1, 28, 1596, 3238, 3269, 3413
  result is correct!
! 57, ise, 64, 1, 1, 32, 1824, 4068, 4099, 4264
  result is correct!
! 57, ise, 64, 1, 1, 36, 2052, 4994, 5025, 5252
  result is correct!
! 57, ise, 64, 1, 1, 40, 2280, 6016, 6047, 6293
  result is correct!
! 57, ise, 64, 1, 1, 44, 2508, 7134, 7165, 7475
  result is correct!
! 57, ise, 64, 1, 1, 48, 2736, 8348, 8379, 8809
  result is correct!
! 57, ise, 64, 1, 1, 52, 2964, 9658, 9689, 10102
  result is correct!
! 57, ise, 64, 1, 1, 56, 3192, 11064, 31804, 11645
  result is correct!
! 57, ise, 64, 1, 1, 60, 3420, 12566, 12597, 13297
  result is correct!
! 57, ise, 64, 1, 1, 64, 3648, 14164, 14195, 14797
  result is correct!
! 57, ise, 64, 1, 1, 68, 3876, 15858, 15889, 16570
  result is correct!
! 57, ise, 64, 1, 1, 72, 4104, 17648, 17679, 18601
  result is correct!
