! 55, ise, 64, 1, 1, 8, 440, 505, 534, 556
  result is correct!
! 55, ise, 64, 1, 1, 12, 660, 871, 900, 943
  result is correct!
! 55, ise, 64, 1, 1, 16, 880, 1329, 1360, 1489
  result is correct!
! 55, ise, 64, 1, 1, 20, 1100, 1866, 1897, 1980
  result is correct!
! 55, ise, 64, 1, 1, 24, 1320, 2505, 2535, 2638
  result is correct!
! 55, ise, 64, 1, 1, 28, 1540, 3238, 3269, 3413
  result is correct!
! 55, ise, 64, 1, 1, 32, 1760, 4068, 4099, 4264
  result is correct!
! 55, ise, 64, 1, 1, 36, 1980, 4994, 5025, 5397
  result is correct!
! 55, ise, 64, 1, 1, 40, 2200, 6016, 6047, 6378
  result is correct!
! 55, ise, 64, 1, 1, 44, 2420, 7134, 7165, 7474
  result is correct!
! 55, ise, 64, 1, 1, 48, 2640, 8348, 8379, 8750
  result is correct!
! 55, ise, 64, 1, 1, 52, 2860, 9658, 9689, 10173
  result is correct!
! 55, ise, 64, 1, 1, 56, 3080, 11064, 11095, 11570
  result is correct!
! 55, ise, 64, 1, 1, 60, 3300, 12566, 12597, 13337
  result is correct!
! 55, ise, 64, 1, 1, 64, 3520, 14164, 14195, 14816
  result is correct!
! 55, ise, 64, 1, 1, 68, 3740, 15858, 15889, 16620
  result is correct!
! 55, ise, 64, 1, 1, 72, 3960, 17648, 17679, 18642
  result is correct!
