! 64, ise, 64, 1, 1, 8, 512, 580, 22287, 645
  result is correct!
! 64, ise, 64, 1, 1, 12, 768, 1178, 22503, 1284
  result is correct!
! 64, ise, 64, 1, 1, 16, 1024, 1983, 22998, 2101
  result is correct!
! 64, ise, 64, 1, 1, 20, 1280, 3004, 23980, 3184
  result is correct!
! 64, ise, 64, 1, 1, 24, 1536, 4260, 25227, 4463
  result is correct!
! 64, ise, 64, 1, 1, 28, 1792, 5694, 26719, 5998
  result is correct!
! 64, ise, 64, 1, 1, 32, 2048, 7363, 29103, 7728
  result is correct!
! 64, ise, 64, 1, 1, 36, 2304, 9248, 30114, 9695
  result is correct!
! 64, ise, 64, 1, 1, 40, 2560, 11349, 157647, 12062
  result is correct!
! 64, ise, 64, 1, 1, 44, 2816, 13666, 71752, 14347
  result is correct!
! 64, ise, 64, 1, 1, 48, 3072, 16199, 75675, 17002
  result is correct!
! 64, ise, 64, 1, 1, 52, 3328, 18948, 164485, 19970
  result is correct!
! 64, ise, 64, 1, 1, 56, 3584, 21913, 162896, 23035
  result is correct!
! 64, ise, 64, 1, 1, 60, 3840, 25094, 166824, 26375
  result is correct!
! 64, ise, 64, 1, 1, 64, 4096, 28510, 171533, 29946
  result is correct!
