! 53, isa, 64, 1, 1, 8, 424, 1216, 1216, 1256
  result is correct!
! 53, isa, 64, 1, 1, 12, 636, 2476, 2480, 2580
  result is correct!
! 53, isa, 64, 1, 1, 16, 848, 4188, 4192, 4385
  result is correct!
! 53, isa, 64, 1, 1, 20, 1060, 6348, 6352, 6675
  result is correct!
! 53, isa, 64, 1, 1, 24, 1272, 8960, 8960, 9339
  result is correct!
! 53, isa, 64, 1, 1, 28, 1484, 12012, 32017, 12733
  result is correct!
! 53, isa, 64, 1, 1, 32, 1696, 15516, 15520, 16159
  result is correct!
! 53, isa, 64, 1, 1, 36, 1908, 19468, 19472, 20316
  result is correct!
! 53, isa, 64, 1, 1, 40, 2120, 23868, 23872, 24878
  result is correct!
! 53, isa, 64, 1, 1, 44, 2332, 28716, 28720, 29963
  result is correct!
! 53, isa, 64, 1, 1, 48, 2544, 34012, 34016, 35577
  result is correct!
! 53, isa, 64, 1, 1, 52, 2756, 39756, 39760, 41607
  result is correct!
! 53, isa, 64, 1, 1, 56, 2968, 45948, 45952, 48055
  result is correct!
! 53, isa, 64, 1, 1, 60, 3180, 52588, 52592, 54974
  result is correct!
! 53, isa, 64, 1, 1, 64, 3392, 59676, 59680, 62495
  result is correct!
! 53, isa, 64, 1, 1, 68, 3604, 67212, 67216, 70246
  result is correct!
! 53, isa, 64, 1, 1, 72, 3816, 75196, 75200, 78581
  result is correct!
