! 50, ise, 64, 1, 1, 8, 400, 505, 534, 558
  result is correct!
! 50, ise, 64, 1, 1, 12, 600, 871, 900, 921
  result is correct!
! 50, ise, 64, 1, 1, 16, 800, 1329, 1360, 1479
  result is correct!
! 50, ise, 64, 1, 1, 20, 1000, 1866, 1897, 1979
  result is correct!
! 50, ise, 64, 1, 1, 24, 1200, 2504, 2535, 2638
  result is correct!
! 50, ise, 64, 1, 1, 28, 1400, 3239, 3269, 3392
  result is correct!
! 50, ise, 64, 1, 1, 32, 1600, 4068, 4099, 4263
  result is correct!
! 50, ise, 64, 1, 1, 36, 1800, 4994, 5025, 5251
  result is correct!
! 50, ise, 64, 1, 1, 40, 2000, 6016, 6047, 6295
  result is correct!
! 50, ise, 64, 1, 1, 44, 2200, 7134, 7165, 7452
  result is correct!
! 50, ise, 64, 1, 1, 48, 2400, 8348, 8379, 8890
  result is correct!
! 50, ise, 64, 1, 1, 52, 2600, 9658, 9689, 10179
  result is correct!
! 50, ise, 64, 1, 1, 56, 2800, 11064, 11095, 11568
  result is correct!
! 50, ise, 64, 1, 1, 60, 3000, 12566, 12597, 13133
  result is correct!
! 50, ise, 64, 1, 1, 64, 3200, 14164, 14195, 14817
  result is correct!
! 50, ise, 64, 1, 1, 68, 3400, 15858, 15889, 16621
  result is correct!
! 50, ise, 64, 1, 1, 72, 3600, 17648, 17679, 18646
  result is correct!
