! 52, ise, 64, 1, 1, 8, 416, 499, 534, 555
  result is correct!
! 52, ise, 64, 1, 1, 12, 624, 865, 900, 942
  result is correct!
! 52, ise, 64, 1, 1, 16, 832, 1329, 1360, 1422
  result is correct!
! 52, ise, 64, 1, 1, 20, 1040, 1866, 1897, 1979
  result is correct!
! 52, ise, 64, 1, 1, 24, 1248, 2504, 2535, 2658
  result is correct!
! 52, ise, 64, 1, 1, 28, 1456, 3238, 3269, 3394
  result is correct!
! 52, ise, 64, 1, 1, 32, 1664, 4068, 4099, 4285
  result is correct!
! 52, ise, 64, 1, 1, 36, 1872, 4994, 5025, 5398
  result is correct!
! 52, ise, 64, 1, 1, 40, 2080, 6016, 6047, 6314
  result is correct!
! 52, ise, 64, 1, 1, 44, 2288, 7134, 7165, 7474
  result is correct!
! 52, ise, 64, 1, 1, 48, 2496, 8348, 8379, 8731
  result is correct!
! 52, ise, 64, 1, 1, 52, 2704, 9658, 9689, 10100
  result is correct!
! 52, ise, 64, 1, 1, 56, 2912, 11064, 11095, 11644
  result is correct!
! 52, ise, 64, 1, 1, 60, 3120, 12566, 12597, 13133
  result is correct!
! 52, ise, 64, 1, 1, 64, 3328, 14164, 14195, 14845
  result is correct!
! 52, ise, 64, 1, 1, 68, 3536, 15858, 15889, 16570
  result is correct!
! 52, ise, 64, 1, 1, 72, 3744, 17648, 17679, 18578
  result is correct!
