! 52, ise, 64, 1, 1, 8, 416, 1005, 1005, 1046
  result is correct!
! 52, ise, 64, 1, 1, 12, 624, 2017, 2017, 2119
  result is correct!
! 52, ise, 64, 1, 1, 16, 832, 3381, 3381, 3523
  result is correct!
! 52, ise, 64, 1, 1, 20, 1040, 5097, 5097, 5300
  result is correct!
! 52, ise, 64, 1, 1, 24, 1248, 7165, 7165, 7634
  result is correct!
! 52, ise, 64, 1, 1, 28, 1456, 9585, 9585, 9992
  result is correct!
! 52, ise, 64, 1, 1, 32, 1664, 12357, 12357, 12887
  result is correct!
! 52, ise, 64, 1, 1, 36, 1872, 15481, 15481, 16197
  result is correct!
! 52, ise, 64, 1, 1, 40, 2080, 18957, 18957, 19889
  result is correct!
! 52, ise, 64, 1, 1, 44, 2288, 22785, 22785, 23940
  result is correct!
! 52, ise, 64, 1, 1, 48, 2496, 26965, 26965, 28237
  result is correct!
! 52, ise, 64, 1, 1, 52, 2704, 31497, 31497, 33034
  result is correct!
! 52, ise, 64, 1, 1, 56, 2912, 36381, 36381, 38057
  result is correct!
! 52, ise, 64, 1, 1, 60, 3120, 41617, 41617, 43574
  result is correct!
! 52, ise, 64, 1, 1, 64, 3328, 47205, 47205, 49399
  result is correct!
! 52, ise, 64, 1, 1, 68, 3536, 53145, 53145, 55595
  result is correct!
! 52, ise, 64, 1, 1, 72, 3744, 59437, 79600, 62130
  result is correct!
