! 52, isa, 64, 1, 1, 8, 416, 866, 889, 933
  result is correct!
! 52, isa, 64, 1, 1, 12, 624, 1653, 1676, 1759
  result is correct!
! 52, isa, 64, 1, 1, 16, 832, 2697, 2717, 2842
  result is correct!
! 52, isa, 64, 1, 1, 20, 1040, 3971, 3991, 4178
  result is correct!
! 52, isa, 64, 1, 1, 24, 1248, 5504, 5524, 5855
  result is correct!
! 52, isa, 64, 1, 1, 28, 1456, 7292, 7311, 7642
  result is correct!
! 52, isa, 64, 1, 1, 32, 1664, 9332, 9352, 9887
  result is correct!
! 52, isa, 64, 1, 1, 36, 1872, 11627, 11647, 12146
  result is correct!
! 52, isa, 64, 1, 1, 40, 2080, 14176, 14196, 15062
  result is correct!
! 52, isa, 64, 1, 1, 44, 2288, 16979, 16999, 17777
  result is correct!
! 52, isa, 64, 1, 1, 48, 2496, 20036, 20056, 20928
  result is correct!
! 52, isa, 64, 1, 1, 52, 2704, 23347, 23367, 24383
  result is correct!
! 52, isa, 64, 1, 1, 56, 2912, 26912, 26932, 28093
  result is correct!
! 52, isa, 64, 1, 1, 60, 3120, 30731, 30751, 32132
  result is correct!
! 52, isa, 64, 1, 1, 64, 3328, 34804, 34824, 36524
  result is correct!
! 52, isa, 64, 1, 1, 68, 3536, 39131, 39151, 40905
  result is correct!
! 52, isa, 64, 1, 1, 72, 3744, 43712, 43732, 45806
  result is correct!
