! 58, isa, 64, 1, 1, 8, 464, 867, 22726, 929
  result is correct!
! 58, isa, 64, 1, 1, 12, 696, 1654, 22867, 1735
  result is correct!
! 58, isa, 64, 1, 1, 16, 928, 2698, 152006, 2982
  result is correct!
! 58, isa, 64, 1, 1, 20, 1160, 3972, 24941, 4153
  result is correct!
! 58, isa, 64, 1, 1, 24, 1392, 5505, 26350, 5748
  result is correct!
! 58, isa, 64, 1, 1, 28, 1624, 7292, 82923, 7686
  result is correct!
! 58, isa, 64, 1, 1, 32, 1856, 9333, 156450, 9904
  result is correct!
! 58, isa, 64, 1, 1, 36, 2088, 11628, 33402, 12141
  result is correct!
! 58, isa, 64, 1, 1, 40, 2320, 14177, 159840, 14951
  result is correct!
! 58, isa, 64, 1, 1, 44, 2552, 16980, 80009, 17794
  result is correct!
! 58, isa, 64, 1, 1, 48, 2784, 20037, 81938, 20974
  result is correct!
! 58, isa, 64, 1, 1, 52, 3016, 23348, 84126, 24428
  result is correct!
! 58, isa, 64, 1, 1, 56, 3248, 26913, 87767, 28140
  result is correct!
! 58, isa, 64, 1, 1, 60, 3480, 30732, 92244, 32122
  result is correct!
! 58, isa, 64, 1, 1, 64, 3712, 34805, 176700, 36461
  result is correct!
! 58, isa, 64, 1, 1, 68, 3944, 39132, 100140, 40894
  result is correct!
! 58, isa, 64, 1, 1, 72, 4176, 43713, 185447, 45798
  result is correct!
