! 59, isa, 64, 1, 1, 8, 472, 1216, 1216, 1276
  result is correct!
! 59, isa, 64, 1, 1, 12, 708, 2476, 2480, 2580
  result is correct!
! 59, isa, 64, 1, 1, 16, 944, 4192, 4192, 4518
  result is correct!
! 59, isa, 64, 1, 1, 20, 1180, 6348, 6352, 6612
  result is correct!
! 59, isa, 64, 1, 1, 24, 1416, 8956, 8960, 9385
  result is correct!
! 59, isa, 64, 1, 1, 28, 1652, 12012, 12016, 12654
  result is correct!
! 59, isa, 64, 1, 1, 32, 1888, 15516, 15520, 16219
  result is correct!
! 59, isa, 64, 1, 1, 36, 2124, 19468, 19472, 20389
  result is correct!
! 59, isa, 64, 1, 1, 40, 2360, 23868, 23872, 24922
  result is correct!
! 59, isa, 64, 1, 1, 44, 2596, 28716, 28720, 30015
  result is correct!
! 59, isa, 64, 1, 1, 48, 2832, 34012, 34016, 35564
  result is correct!
! 59, isa, 64, 1, 1, 52, 3068, 39756, 39760, 41653
  result is correct!
! 59, isa, 64, 1, 1, 56, 3304, 45948, 45952, 48058
  result is correct!
! 59, isa, 64, 1, 1, 60, 3540, 52588, 52592, 54968
  result is correct!
! 59, isa, 64, 1, 1, 64, 3776, 59676, 59680, 62354
  result is correct!
! 59, isa, 64, 1, 1, 68, 4012, 67212, 67216, 70217
  result is correct!
! 59, isa, 64, 1, 1, 72, 4248, 75196, 75248, 78529
  result is correct!
