! 60, isa, 64, 1, 1, 8, 480, 866, 889, 931
  result is correct!
! 60, isa, 64, 1, 1, 12, 720, 1653, 1676, 1759
  result is correct!
! 60, isa, 64, 1, 1, 16, 960, 2697, 2712, 2978
  result is correct!
! 60, isa, 64, 1, 1, 20, 1200, 3971, 3991, 4156
  result is correct!
! 60, isa, 64, 1, 1, 24, 1440, 5504, 5524, 5772
  result is correct!
! 60, isa, 64, 1, 1, 28, 1680, 7291, 7311, 7623
  result is correct!
! 60, isa, 64, 1, 1, 32, 1920, 9332, 9352, 9906
  result is correct!
! 60, isa, 64, 1, 1, 36, 2160, 11627, 11647, 12165
  result is correct!
! 60, isa, 64, 1, 1, 40, 2400, 14176, 14353, 14957
  result is correct!
! 60, isa, 64, 1, 1, 44, 2640, 16979, 16999, 17800
  result is correct!
! 60, isa, 64, 1, 1, 48, 2880, 20036, 20056, 20927
  result is correct!
! 60, isa, 64, 1, 1, 52, 3120, 23347, 23367, 24511
  result is correct!
! 60, isa, 64, 1, 1, 56, 3360, 26912, 47495, 28167
  result is correct!
! 60, isa, 64, 1, 1, 60, 3600, 30731, 51490, 32152
  result is correct!
! 60, isa, 64, 1, 1, 64, 3840, 34804, 34824, 36472
  result is correct!
! 60, isa, 64, 1, 1, 68, 4080, 39131, 39151, 40902
  result is correct!
! 60, isa, 64, 1, 1, 72, 4320, 43712, 43718, 45825
  result is correct!
