! 54, ise, 64, 1, 1, 8, 432, 505, 534, 559
  result is correct!
! 54, ise, 64, 1, 1, 12, 648, 871, 900, 942
  result is correct!
! 54, ise, 64, 1, 1, 16, 864, 1329, 1360, 1423
  result is correct!
! 54, ise, 64, 1, 1, 20, 1080, 1866, 1897, 1980
  result is correct!
! 54, ise, 64, 1, 1, 24, 1296, 2504, 2535, 2638
  result is correct!
! 54, ise, 64, 1, 1, 28, 1512, 3238, 3269, 3413
  result is correct!
! 54, ise, 64, 1, 1, 32, 1728, 4068, 4099, 4284
  result is correct!
! 54, ise, 64, 1, 1, 36, 1944, 4994, 5025, 5382
  result is correct!
! 54, ise, 64, 1, 1, 40, 2160, 6016, 6047, 6316
  result is correct!
! 54, ise, 64, 1, 1, 44, 2376, 7134, 7165, 7474
  result is correct!
! 54, ise, 64, 1, 1, 48, 2592, 8348, 8379, 8730
  result is correct!
! 54, ise, 64, 1, 1, 52, 2808, 9658, 9689, 10103
  result is correct!
! 54, ise, 64, 1, 1, 56, 3024, 11064, 11095, 11571
  result is correct!
! 54, ise, 64, 1, 1, 60, 3240, 12566, 12597, 13135
  result is correct!
! 54, ise, 64, 1, 1, 64, 3456, 14164, 14195, 14815
  result is correct!
! 54, ise, 64, 1, 1, 68, 3672, 15858, 36515, 16590
  result is correct!
! 54, ise, 64, 1, 1, 72, 3888, 17648, 17679, 18636
  result is correct!
