! 58, ise, 64, 1, 1, 8, 464, 505, 22580, 556
  result is correct!
! 58, ise, 64, 1, 1, 12, 696, 871, 22725, 922
  result is correct!
! 58, ise, 64, 1, 1, 16, 928, 1329, 22506, 1419
  result is correct!
! 58, ise, 64, 1, 1, 20, 1160, 1866, 22761, 1976
  result is correct!
! 58, ise, 64, 1, 1, 24, 1392, 2504, 23475, 2634
  result is correct!
! 58, ise, 64, 1, 1, 28, 1624, 3238, 24081, 3409
  result is correct!
! 58, ise, 64, 1, 1, 32, 1856, 4068, 24957, 4259
  result is correct!
! 58, ise, 64, 1, 1, 36, 2088, 4994, 26068, 5227
  result is correct!
! 58, ise, 64, 1, 1, 40, 2320, 6016, 78347, 6374
  result is correct!
! 58, ise, 64, 1, 1, 44, 2552, 7134, 27922, 7469
  result is correct!
! 58, ise, 64, 1, 1, 48, 2784, 8348, 29219, 8745
  result is correct!
! 58, ise, 64, 1, 1, 52, 3016, 9658, 76719, 10175
  result is correct!
! 58, ise, 64, 1, 1, 56, 3248, 11064, 32051, 11564
  result is correct!
! 58, ise, 64, 1, 1, 60, 3480, 12566, 158686, 13320
  result is correct!
! 58, ise, 64, 1, 1, 64, 3712, 14164, 34804, 14801
  result is correct!
