! 56, ise, 64, 1, 1, 8, 448, 498, 22820, 554
  result is correct!
! 56, ise, 64, 1, 1, 12, 672, 865, 22352, 939
  result is correct!
! 56, ise, 64, 1, 1, 16, 896, 1330, 22344, 1419
  result is correct!
! 56, ise, 64, 1, 1, 20, 1120, 1867, 22860, 1976
  result is correct!
! 56, ise, 64, 1, 1, 24, 1344, 2505, 23410, 2656
  result is correct!
! 56, ise, 64, 1, 1, 28, 1568, 3239, 24056, 3411
  result is correct!
! 56, ise, 64, 1, 1, 32, 1792, 4069, 24981, 4282
  result is correct!
! 56, ise, 64, 1, 1, 36, 2016, 4995, 152144, 5392
  result is correct!
! 56, ise, 64, 1, 1, 40, 2240, 6017, 26909, 6311
  result is correct!
! 56, ise, 64, 1, 1, 44, 2464, 7135, 28151, 7470
  result is correct!
! 56, ise, 64, 1, 1, 48, 2688, 8349, 78912, 8786
  result is correct!
! 56, ise, 64, 1, 1, 52, 2912, 9659, 30699, 10099
  result is correct!
! 56, ise, 64, 1, 1, 56, 3136, 11065, 32763, 11569
  result is correct!
! 56, ise, 64, 1, 1, 60, 3360, 12567, 34386, 13130
  result is correct!
! 56, ise, 64, 1, 1, 64, 3584, 14165, 75496, 14860
  result is correct!
! 56, ise, 64, 1, 1, 68, 3808, 15859, 37157, 16566
  result is correct!
! 56, ise, 64, 1, 1, 72, 4032, 17649, 160213, 18575
  result is correct!
