! 51, ise, 64, 1, 1, 8, 408, 498, 25960, 560
  result is correct!
! 51, ise, 64, 1, 1, 12, 612, 864, 23546, 934
  result is correct!
! 51, ise, 64, 1, 1, 16, 816, 1330, 22369, 1418
  result is correct!
! 51, ise, 64, 1, 1, 20, 1020, 1867, 22653, 1976
  result is correct!
! 51, ise, 64, 1, 1, 24, 1224, 2505, 23372, 2635
  result is correct!
! 51, ise, 64, 1, 1, 28, 1428, 3239, 24055, 3410
  result is correct!
! 51, ise, 64, 1, 1, 32, 1632, 4069, 25627, 4281
  result is correct!
! 51, ise, 64, 1, 1, 36, 1836, 4995, 25828, 5248
  result is correct!
! 51, ise, 64, 1, 1, 40, 2040, 6017, 26896, 6312
  result is correct!
! 51, ise, 64, 1, 1, 44, 2244, 7135, 28042, 7471
  result is correct!
! 51, ise, 64, 1, 1, 48, 2448, 8349, 171067, 8905
  result is correct!
! 51, ise, 64, 1, 1, 52, 2652, 9659, 30597, 10099
  result is correct!
! 51, ise, 64, 1, 1, 56, 2856, 11065, 33022, 11568
  result is correct!
! 51, ise, 64, 1, 1, 60, 3060, 12567, 33583, 13129
  result is correct!
! 51, ise, 64, 1, 1, 64, 3264, 14165, 76020, 14867
  result is correct!
! 51, ise, 64, 1, 1, 68, 3468, 15859, 36722, 16565
  result is correct!
! 51, ise, 64, 1, 1, 72, 3672, 17649, 171216, 18586
  result is correct!
