! 53, ise, 64, 1, 1, 8, 424, 508, 23160, 559
  result is correct!
! 53, ise, 64, 1, 1, 12, 636, 864, 22797, 933
  result is correct!
! 53, ise, 64, 1, 1, 16, 848, 1330, 24124, 1422
  result is correct!
! 53, ise, 64, 1, 1, 20, 1060, 1867, 22989, 1976
  result is correct!
! 53, ise, 64, 1, 1, 24, 1272, 2505, 23319, 2635
  result is correct!
! 53, ise, 64, 1, 1, 28, 1484, 3239, 24155, 3410
  result is correct!
! 53, ise, 64, 1, 1, 32, 1696, 4069, 24914, 4261
  result is correct!
! 53, ise, 64, 1, 1, 36, 1908, 4995, 29227, 5254
  result is correct!
! 53, ise, 64, 1, 1, 40, 2120, 6017, 77162, 6375
  result is correct!
! 53, ise, 64, 1, 1, 44, 2332, 7135, 28039, 7470
  result is correct!
! 53, ise, 64, 1, 1, 48, 2544, 8349, 29340, 8748
  result is correct!
! 53, ise, 64, 1, 1, 52, 2756, 9659, 70460, 10173
  result is correct!
! 53, ise, 64, 1, 1, 56, 2968, 11065, 32102, 11566
  result is correct!
! 53, ise, 64, 1, 1, 60, 3180, 12567, 72838, 13180
  result is correct!
! 53, ise, 64, 1, 1, 64, 3392, 14165, 35113, 14811
  result is correct!
! 53, ise, 64, 1, 1, 68, 3604, 15859, 39200, 16568
  result is correct!
! 53, ise, 64, 1, 1, 72, 3816, 17649, 162387, 18629
  result is correct!
