! 59, isa, 64, 1, 1, 8, 472, 866, 889, 909
  result is correct!
! 59, isa, 64, 1, 1, 12, 708, 1653, 1676, 1760
  result is correct!
! 59, isa, 64, 1, 1, 16, 944, 2697, 2717, 3012
  result is correct!
! 59, isa, 64, 1, 1, 20, 1180, 3971, 3991, 4156
  result is correct!
! 59, isa, 64, 1, 1, 24, 1416, 5504, 5524, 5772
  result is correct!
! 59, isa, 64, 1, 1, 28, 1652, 7291, 7311, 7622
  result is correct!
! 59, isa, 64, 1, 1, 32, 1888, 9333, 9352, 9925
  result is correct!
! 59, isa, 64, 1, 1, 36, 2124, 11628, 11647, 12218
  result is correct!
! 59, isa, 64, 1, 1, 40, 2360, 14176, 14196, 15014
  result is correct!
! 59, isa, 64, 1, 1, 44, 2596, 16979, 16999, 17746
  result is correct!
! 59, isa, 64, 1, 1, 48, 2832, 20036, 20056, 20906
  result is correct!
! 59, isa, 64, 1, 1, 52, 3068, 23347, 23367, 24363
  result is correct!
! 59, isa, 64, 1, 1, 56, 3304, 26912, 26932, 28093
  result is correct!
! 59, isa, 64, 1, 1, 60, 3540, 30731, 30751, 32133
  result is correct!
! 59, isa, 64, 1, 1, 64, 3776, 34804, 34824, 36533
  result is correct!
! 59, isa, 64, 1, 1, 68, 4012, 39132, 39151, 40902
  result is correct!
! 59, isa, 64, 1, 1, 72, 4248, 43712, 43732, 45832
  result is correct!
