! 61, isa, 64, 1, 1, 8, 488, 1213, 21773, 1278
  result is correct!
! 61, isa, 64, 1, 1, 12, 732, 2481, 23063, 2583
  result is correct!
! 61, isa, 64, 1, 1, 16, 976, 4189, 24698, 4376
  result is correct!
! 61, isa, 64, 1, 1, 20, 1220, 6349, 27125, 6638
  result is correct!
! 61, isa, 64, 1, 1, 24, 1464, 8957, 29410, 9324
  result is correct!
! 61, isa, 64, 1, 1, 28, 1708, 12013, 32692, 12525
  result is correct!
! 61, isa, 64, 1, 1, 32, 1952, 15517, 36790, 16174
  result is correct!
! 61, isa, 64, 1, 1, 36, 2196, 19469, 160432, 20444
  result is correct!
! 61, isa, 64, 1, 1, 40, 2440, 23869, 163794, 25021
  result is correct!
! 61, isa, 64, 1, 1, 44, 2684, 28717, 167050, 30120
  result is correct!
! 61, isa, 64, 1, 1, 48, 2928, 34013, 92455, 35515
  result is correct!
! 61, isa, 64, 1, 1, 52, 3172, 39757, 179520, 41704
  result is correct!
! 61, isa, 64, 1, 1, 56, 3416, 45949, 185774, 48038
  result is correct!
! 61, isa, 64, 1, 1, 60, 3660, 52589, 192869, 55059
  result is correct!
! 61, isa, 64, 1, 1, 64, 3904, 59677, 207102, 62410
  result is correct!
