! 55, isa, 64, 1, 1, 8, 440, 1211, 21369, 1271
  result is correct!
! 55, isa, 64, 1, 1, 12, 660, 2476, 22796, 2596
  result is correct!
! 55, isa, 64, 1, 1, 16, 880, 4188, 157433, 4535
  result is correct!
! 55, isa, 64, 1, 1, 20, 1100, 6348, 26643, 6608
  result is correct!
! 55, isa, 64, 1, 1, 24, 1320, 8956, 29241, 9336
  result is correct!
! 55, isa, 64, 1, 1, 28, 1540, 12012, 172584, 12688
  result is correct!
! 55, isa, 64, 1, 1, 32, 1760, 15516, 37513, 16179
  result is correct!
! 55, isa, 64, 1, 1, 36, 1980, 19468, 39710, 20267
  result is correct!
! 55, isa, 64, 1, 1, 40, 2200, 23868, 44128, 24825
  result is correct!
! 55, isa, 64, 1, 1, 44, 2420, 28716, 48806, 29891
  result is correct!
! 55, isa, 64, 1, 1, 48, 2640, 34012, 172279, 35613
  result is correct!
! 55, isa, 64, 1, 1, 52, 2860, 39756, 180460, 41551
  result is correct!
! 55, isa, 64, 1, 1, 56, 3080, 45948, 182299, 48043
  result is correct!
! 55, isa, 64, 1, 1, 60, 3300, 52588, 191020, 55037
  result is correct!
! 55, isa, 64, 1, 1, 64, 3520, 59676, 200496, 62493
  result is correct!
! 55, isa, 64, 1, 1, 68, 3740, 67212, 206866, 70261
  result is correct!
! 55, isa, 64, 1, 1, 72, 3960, 75196, 213374, 78614
  result is correct!
