! 54, isa, 64, 1, 1, 8, 432, 1211, 21369, 1271
  result is correct!
! 54, isa, 64, 1, 1, 12, 648, 2476, 22623, 2596
  result is correct!
! 54, isa, 64, 1, 1, 16, 864, 4188, 159194, 4518
  result is correct!
! 54, isa, 64, 1, 1, 20, 1080, 6348, 79426, 6663
  result is correct!
! 54, isa, 64, 1, 1, 24, 1296, 8956, 29119, 9316
  result is correct!
! 54, isa, 64, 1, 1, 28, 1512, 12012, 157200, 12671
  result is correct!
! 54, isa, 64, 1, 1, 32, 1728, 15516, 35958, 16176
  result is correct!
! 54, isa, 64, 1, 1, 36, 1944, 19468, 78432, 20315
  result is correct!
! 54, isa, 64, 1, 1, 40, 2160, 23868, 83727, 24917
  result is correct!
! 54, isa, 64, 1, 1, 44, 2376, 28716, 87698, 29941
  result is correct!
! 54, isa, 64, 1, 1, 48, 2592, 34012, 172158, 35562
  result is correct!
! 54, isa, 64, 1, 1, 52, 2808, 39756, 179095, 41594
  result is correct!
! 54, isa, 64, 1, 1, 56, 3024, 45948, 193742, 48029
  result is correct!
! 54, isa, 64, 1, 1, 60, 3240, 52588, 192090, 54969
  result is correct!
! 54, isa, 64, 1, 1, 64, 3456, 59676, 198060, 62536
  result is correct!
! 54, isa, 64, 1, 1, 68, 3672, 67212, 208751, 70247
  result is correct!
! 54, isa, 64, 1, 1, 72, 3888, 75196, 213362, 78558
  result is correct!
