! 54, isa, 64, 1, 1, 8, 432, 867, 28615, 939
  result is correct!
! 54, isa, 64, 1, 1, 12, 648, 1654, 22859, 1757
  result is correct!
! 54, isa, 64, 1, 1, 16, 864, 2693, 156275, 2986
  result is correct!
! 54, isa, 64, 1, 1, 20, 1080, 3972, 25080, 4174
  result is correct!
! 54, isa, 64, 1, 1, 24, 1296, 5505, 26476, 5769
  result is correct!
! 54, isa, 64, 1, 1, 28, 1512, 7292, 28871, 7640
  result is correct!
! 54, isa, 64, 1, 1, 32, 1728, 9333, 156063, 9902
  result is correct!
! 54, isa, 64, 1, 1, 36, 1944, 11628, 32429, 12138
  result is correct!
! 54, isa, 64, 1, 1, 40, 2160, 14177, 157898, 14952
  result is correct!
! 54, isa, 64, 1, 1, 44, 2376, 16980, 79361, 17773
  result is correct!
! 54, isa, 64, 1, 1, 48, 2592, 20037, 80499, 20973
  result is correct!
! 54, isa, 64, 1, 1, 52, 2808, 23348, 44538, 24375
  result is correct!
! 54, isa, 64, 1, 1, 56, 3024, 26913, 87025, 28137
  result is correct!
! 54, isa, 64, 1, 1, 60, 3240, 30732, 92761, 32123
  result is correct!
! 54, isa, 64, 1, 1, 64, 3456, 34805, 176219, 36463
  result is correct!
! 54, isa, 64, 1, 1, 68, 3672, 39132, 100550, 40942
  result is correct!
! 54, isa, 64, 1, 1, 72, 3888, 43713, 187226, 45819
  result is correct!
