! 58, isa, 64, 1, 1, 8, 464, 1216, 1216, 1256
  result is correct!
! 58, isa, 64, 1, 1, 12, 696, 2480, 2480, 2644
  result is correct!
! 58, isa, 64, 1, 1, 16, 928, 4192, 4192, 4515
  result is correct!
! 58, isa, 64, 1, 1, 20, 1160, 6348, 6352, 6611
  result is correct!
! 58, isa, 64, 1, 1, 24, 1392, 8956, 8960, 9339
  result is correct!
! 58, isa, 64, 1, 1, 28, 1624, 12012, 12016, 12670
  result is correct!
! 58, isa, 64, 1, 1, 32, 1856, 15516, 35356, 16180
  result is correct!
! 58, isa, 64, 1, 1, 36, 2088, 19468, 19472, 20271
  result is correct!
! 58, isa, 64, 1, 1, 40, 2320, 23868, 23872, 24867
  result is correct!
! 58, isa, 64, 1, 1, 44, 2552, 28716, 48871, 29966
  result is correct!
! 58, isa, 64, 1, 1, 48, 2784, 34012, 34016, 35615
  result is correct!
! 58, isa, 64, 1, 1, 52, 3016, 39756, 39760, 41621
  result is correct!
! 58, isa, 64, 1, 1, 56, 3248, 45948, 45952, 48054
  result is correct!
! 58, isa, 64, 1, 1, 60, 3480, 52588, 52592, 55283
  result is correct!
! 58, isa, 64, 1, 1, 64, 3712, 59676, 59680, 62492
  result is correct!
! 58, isa, 64, 1, 1, 68, 3944, 67212, 67216, 70198
  result is correct!
! 58, isa, 64, 1, 1, 72, 4176, 75196, 75200, 78556
  result is correct!
