! 53, isa, 64, 1, 1, 8, 424, 867, 22842, 930
  result is correct!
! 53, isa, 64, 1, 1, 12, 636, 1654, 22726, 1756
  result is correct!
! 53, isa, 64, 1, 1, 16, 848, 2693, 157995, 2989
  result is correct!
! 53, isa, 64, 1, 1, 20, 1060, 3972, 25027, 4174
  result is correct!
! 53, isa, 64, 1, 1, 24, 1272, 5505, 26315, 5769
  result is correct!
! 53, isa, 64, 1, 1, 28, 1484, 7292, 28367, 7638
  result is correct!
! 53, isa, 64, 1, 1, 32, 1696, 9333, 156730, 9969
  result is correct!
! 53, isa, 64, 1, 1, 36, 1908, 11628, 102781, 12191
  result is correct!
! 53, isa, 64, 1, 1, 40, 2120, 14177, 172026, 14967
  result is correct!
! 53, isa, 64, 1, 1, 44, 2332, 16980, 37927, 17720
  result is correct!
! 53, isa, 64, 1, 1, 48, 2544, 20037, 41029, 20899
  result is correct!
! 53, isa, 64, 1, 1, 52, 2756, 23348, 44296, 24376
  result is correct!
! 53, isa, 64, 1, 1, 56, 2968, 26913, 47932, 28084
  result is correct!
! 53, isa, 64, 1, 1, 60, 3180, 30732, 89581, 32120
  result is correct!
! 53, isa, 64, 1, 1, 64, 3392, 34805, 177544, 36520
  result is correct!
! 53, isa, 64, 1, 1, 68, 3604, 39132, 100496, 40871
  result is correct!
! 53, isa, 64, 1, 1, 72, 3816, 43713, 185468, 45821
  result is correct!
