for i in *.log ; do echo "-----------------Showing $i-----------------" ; cat 
$i ; done
-----------------Showing intmul-rv64_isa_50_hybrid.log-----------------
! 50, isa, 64, 1, 1, 8, 400, 866, 22173, 929
  result is correct!
! 50, isa, 64, 1, 1, 12, 600, 1654, 80975, 1802
  result is correct!
! 50, isa, 64, 1, 1, 16, 800, 2693, 157491, 2986
  result is correct!
! 50, isa, 64, 1, 1, 20, 1000, 3972, 24813, 4153
  result is correct!
! 50, isa, 64, 1, 1, 24, 1200, 5505, 26566, 5749
  result is correct!
! 50, isa, 64, 1, 1, 28, 1400, 7292, 28417, 7619
  result is correct!
! 50, isa, 64, 1, 1, 32, 1600, 9333, 154003, 9964
  result is correct!
! 50, isa, 64, 1, 1, 36, 1800, 11628, 32841, 12140
  result is correct!
! 50, isa, 64, 1, 1, 40, 2000, 14177, 157707, 14955
  result is correct!
! 50, isa, 64, 1, 1, 44, 2200, 16980, 38780, 17722
  result is correct!
! 50, isa, 64, 1, 1, 48, 2400, 20037, 41039, 20921
  result is correct!
! 50, isa, 64, 1, 1, 52, 2600, 23348, 44385, 24374
  result is correct!
! 50, isa, 64, 1, 1, 56, 2800, 26913, 48635, 28085
  result is correct!
! 50, isa, 64, 1, 1, 60, 3000, 30732, 91269, 32120
  result is correct!
! 50, isa, 64, 1, 1, 64, 3200, 34805, 177505, 36467
  result is correct!
! 50, isa, 64, 1, 1, 68, 3400, 39132, 99704, 40873
  result is correct!
! 50, isa, 64, 1, 1, 72, 3600, 43713, 204505, 45911
  result is correct!
-----------------Showing intmul-rv64_isa_50_simple.log-----------------
! 50, isa, 64, 1, 1, 8, 400, 1211, 21448, 1251
  result is correct!
! 50, isa, 64, 1, 1, 12, 600, 2476, 22697, 2576
  result is correct!
! 50, isa, 64, 1, 1, 16, 800, 4188, 156185, 4494
  result is correct!
! 50, isa, 64, 1, 1, 20, 1000, 6348, 26541, 6628
  result is correct!
! 50, isa, 64, 1, 1, 24, 1200, 8956, 29368, 9316
  result is correct!
! 50, isa, 64, 1, 1, 28, 1400, 12012, 156650, 12672
  result is correct!
! 50, isa, 64, 1, 1, 32, 1600, 15516, 35829, 16154
  result is correct!
! 50, isa, 64, 1, 1, 36, 1800, 19468, 78506, 20336
  result is correct!
! 50, isa, 64, 1, 1, 40, 2000, 23868, 82229, 24917
  result is correct!
! 50, isa, 64, 1, 1, 44, 2200, 28716, 87218, 29943
  result is correct!
! 50, isa, 64, 1, 1, 48, 2400, 34012, 173575, 35581
  result is correct!
! 50, isa, 64, 1, 1, 52, 2600, 39756, 179555, 41646
  result is correct!
! 50, isa, 64, 1, 1, 56, 2800, 45948, 186814, 48050
  result is correct!
! 50, isa, 64, 1, 1, 60, 3000, 52588, 199729, 54906
  result is correct!
! 50, isa, 64, 1, 1, 64, 3200, 59676, 199118, 62544
  result is correct!
! 50, isa, 64, 1, 1, 68, 3400, 67212, 204155, 70232
  result is correct!
! 50, isa, 64, 1, 1, 72, 3600, 75196, 213584, 78567
  result is correct!
-----------------Showing intmul-rv64_isa_51_hybrid.log-----------------
! 51, isa, 64, 1, 1, 8, 408, 866, 22429, 929
  result is correct!
! 51, isa, 64, 1, 1, 12, 612, 1654, 23014, 1757
  result is correct!
! 51, isa, 64, 1, 1, 16, 816, 2693, 158190, 2990
  result is correct!
! 51, isa, 64, 1, 1, 20, 1020, 3972, 25103, 4175
  result is correct!
! 51, isa, 64, 1, 1, 24, 1224, 5505, 26215, 5768
  result is correct!
! 51, isa, 64, 1, 1, 28, 1428, 7292, 82753, 7706
  result is correct!
! 51, isa, 64, 1, 1, 32, 1632, 9333, 155736, 9905
  result is correct!
! 51, isa, 64, 1, 1, 36, 1836, 11628, 33277, 12143
  result is correct!
! 51, isa, 64, 1, 1, 40, 2040, 14177, 157928, 14949
  result is correct!
! 51, isa, 64, 1, 1, 44, 2244, 16980, 75320, 17769
  result is correct!
! 51, isa, 64, 1, 1, 48, 2448, 20037, 82373, 20974
  result is correct!
! 51, isa, 64, 1, 1, 52, 2652, 23348, 84467, 24430
  result is correct!
! 51, isa, 64, 1, 1, 56, 2856, 26913, 87832, 28162
  result is correct!
! 51, isa, 64, 1, 1, 60, 3060, 30732, 91199, 32141
  result is correct!
! 51, isa, 64, 1, 1, 64, 3264, 34805, 181551, 36602
  result is correct!
! 51, isa, 64, 1, 1, 68, 3468, 39132, 101268, 40894
  result is correct!
! 51, isa, 64, 1, 1, 72, 3672, 43713, 193117, 45825
  result is correct!
-----------------Showing intmul-rv64_isa_51_simple.log-----------------
! 51, isa, 64, 1, 1, 8, 408, 1211, 21672, 1271
  result is correct!
! 51, isa, 64, 1, 1, 12, 612, 2476, 22580, 2595
  result is correct!
! 51, isa, 64, 1, 1, 16, 816, 4188, 157589, 4536
  result is correct!
! 51, isa, 64, 1, 1, 20, 1020, 6348, 26858, 6608
  result is correct!
! 51, isa, 64, 1, 1, 24, 1224, 8956, 29140, 9335
  result is correct!
! 51, isa, 64, 1, 1, 28, 1428, 12012, 155995, 12724
  result is correct!
! 51, isa, 64, 1, 1, 32, 1632, 15516, 35662, 16155
  result is correct!
! 51, isa, 64, 1, 1, 36, 1836, 19468, 39777, 20265
  result is correct!
! 51, isa, 64, 1, 1, 40, 2040, 23868, 83386, 24912
  result is correct!
! 51, isa, 64, 1, 1, 44, 2244, 28716, 48868, 29911
  result is correct!
! 51, isa, 64, 1, 1, 48, 2448, 34012, 172352, 35603
  result is correct!
! 51, isa, 64, 1, 1, 52, 2652, 39756, 189802, 41631
  result is correct!
! 51, isa, 64, 1, 1, 56, 2856, 45948, 184184, 48047
  result is correct!
! 51, isa, 64, 1, 1, 60, 3060, 52588, 190726, 55026
  result is correct!
! 51, isa, 64, 1, 1, 64, 3264, 59676, 198156, 62550
  result is correct!
! 51, isa, 64, 1, 1, 68, 3468, 67212, 205635, 70260
  result is correct!
! 51, isa, 64, 1, 1, 72, 3672, 75196, 213689, 78582
  result is correct!
-----------------Showing intmul-rv64_isa_52_hybrid.log-----------------
! 52, isa, 64, 1, 1, 8, 416, 867, 22968, 928
  result is correct!
! 52, isa, 64, 1, 1, 12, 624, 1654, 67148, 1810
  result is correct!
! 52, isa, 64, 1, 1, 16, 832, 2693, 156265, 2986
  result is correct!
! 52, isa, 64, 1, 1, 20, 1040, 3972, 25168, 4154
  result is correct!
! 52, isa, 64, 1, 1, 24, 1248, 5505, 81209, 5837
  result is correct!
! 52, isa, 64, 1, 1, 28, 1456, 7292, 28356, 7618
  result is correct!
! 52, isa, 64, 1, 1, 32, 1664, 9333, 157930, 9905
  result is correct!
! 52, isa, 64, 1, 1, 36, 1872, 11628, 33020, 12139
  result is correct!
! 52, isa, 64, 1, 1, 40, 2080, 14177, 163638, 14957
  result is correct!
! 52, isa, 64, 1, 1, 44, 2288, 16980, 37871, 17736
  result is correct!
! 52, isa, 64, 1, 1, 48, 2496, 20037, 41575, 20902
  result is correct!
! 52, isa, 64, 1, 1, 52, 2704, 23348, 84860, 24425
  result is correct!
! 52, isa, 64, 1, 1, 56, 2912, 26913, 88425, 28137
  result is correct!
! 52, isa, 64, 1, 1, 60, 3120, 30732, 51685, 32068
  result is correct!
! 52, isa, 64, 1, 1, 64, 3328, 34805, 178235, 36519
  result is correct!
! 52, isa, 64, 1, 1, 68, 3536, 39132, 60815, 40822
  result is correct!
! 52, isa, 64, 1, 1, 72, 3744, 43713, 186113, 45801
  result is correct!
-----------------Showing intmul-rv64_isa_52_simple.log-----------------
! 52, isa, 64, 1, 1, 8, 416, 1211, 21604, 1251
  result is correct!
! 52, isa, 64, 1, 1, 12, 624, 2476, 22601, 2576
  result is correct!
! 52, isa, 64, 1, 1, 16, 832, 4188, 151337, 4510
  result is correct!
! 52, isa, 64, 1, 1, 20, 1040, 6348, 26403, 6627
  result is correct!
! 52, isa, 64, 1, 1, 24, 1248, 8956, 29223, 9336
  result is correct!
! 52, isa, 64, 1, 1, 28, 1456, 12012, 152726, 12663
  result is correct!
! 52, isa, 64, 1, 1, 32, 1664, 15516, 36282, 16177
  result is correct!
! 52, isa, 64, 1, 1, 36, 1872, 19468, 39640, 20266
  result is correct!
! 52, isa, 64, 1, 1, 40, 2080, 23868, 44064, 24846
  result is correct!
! 52, isa, 64, 1, 1, 44, 2288, 28716, 86918, 29952
  result is correct!
! 52, isa, 64, 1, 1, 48, 2496, 34012, 172872, 35634
  result is correct!
! 52, isa, 64, 1, 1, 52, 2704, 39756, 180126, 41601
  result is correct!
! 52, isa, 64, 1, 1, 56, 2912, 45948, 183602, 48000
  result is correct!
! 52, isa, 64, 1, 1, 60, 3120, 52588, 191177, 55016
  result is correct!
! 52, isa, 64, 1, 1, 64, 3328, 59676, 199431, 62486
  result is correct!
! 52, isa, 64, 1, 1, 68, 3536, 67212, 204498, 70184
  result is correct!
! 52, isa, 64, 1, 1, 72, 3744, 75196, 214066, 78511
  result is correct!
-----------------Showing intmul-rv64_isa_53_hybrid.log-----------------
! 53, isa, 64, 1, 1, 8, 424, 867, 22842, 930
  result is correct!
! 53, isa, 64, 1, 1, 12, 636, 1654, 22726, 1756
  result is correct!
! 53, isa, 64, 1, 1, 16, 848, 2693, 157995, 2989
  result is correct!
! 53, isa, 64, 1, 1, 20, 1060, 3972, 25027, 4174
  result is correct!
! 53, isa, 64, 1, 1, 24, 1272, 5505, 26315, 5769
  result is correct!
! 53, isa, 64, 1, 1, 28, 1484, 7292, 28367, 7638
  result is correct!
! 53, isa, 64, 1, 1, 32, 1696, 9333, 156730, 9969
  result is correct!
! 53, isa, 64, 1, 1, 36, 1908, 11628, 102781, 12191
  result is correct!
! 53, isa, 64, 1, 1, 40, 2120, 14177, 172026, 14967
  result is correct!
! 53, isa, 64, 1, 1, 44, 2332, 16980, 37927, 17720
  result is correct!
! 53, isa, 64, 1, 1, 48, 2544, 20037, 41029, 20899
  result is correct!
! 53, isa, 64, 1, 1, 52, 2756, 23348, 44296, 24376
  result is correct!
! 53, isa, 64, 1, 1, 56, 2968, 26913, 47932, 28084
  result is correct!
! 53, isa, 64, 1, 1, 60, 3180, 30732, 89581, 32120
  result is correct!
! 53, isa, 64, 1, 1, 64, 3392, 34805, 177544, 36520
  result is correct!
! 53, isa, 64, 1, 1, 68, 3604, 39132, 100496, 40871
  result is correct!
! 53, isa, 64, 1, 1, 72, 3816, 43713, 185468, 45821
  result is correct!
-----------------Showing intmul-rv64_isa_53_simple.log-----------------
! 53, isa, 64, 1, 1, 8, 424, 1212, 22549, 1273
  result is correct!
! 53, isa, 64, 1, 1, 12, 636, 2476, 22832, 2596
  result is correct!
! 53, isa, 64, 1, 1, 16, 848, 4188, 156434, 4515
  result is correct!
! 53, isa, 64, 1, 1, 20, 1060, 6348, 66039, 6657
  result is correct!
! 53, isa, 64, 1, 1, 24, 1272, 8956, 79910, 9399
  result is correct!
! 53, isa, 64, 1, 1, 28, 1484, 12012, 152937, 12661
  result is correct!
! 53, isa, 64, 1, 1, 32, 1696, 15516, 83859, 16236
  result is correct!
! 53, isa, 64, 1, 1, 36, 1908, 19468, 77866, 20336
  result is correct!
! 53, isa, 64, 1, 1, 40, 2120, 23868, 82995, 24917
  result is correct!
! 53, isa, 64, 1, 1, 44, 2332, 28716, 86655, 29964
  result is correct!
! 53, isa, 64, 1, 1, 48, 2544, 34012, 172695, 35631
  result is correct!
! 53, isa, 64, 1, 1, 52, 2756, 39756, 180137, 41601
  result is correct!
! 53, isa, 64, 1, 1, 56, 2968, 45948, 182188, 48112
  result is correct!
! 53, isa, 64, 1, 1, 60, 3180, 52588, 191521, 54947
  result is correct!
! 53, isa, 64, 1, 1, 64, 3392, 59676, 199918, 62487
  result is correct!
! 53, isa, 64, 1, 1, 68, 3604, 67212, 214137, 70178
  result is correct!
! 53, isa, 64, 1, 1, 72, 3816, 75196, 216016, 78598
  result is correct!
-----------------Showing intmul-rv64_isa_54_hybrid.log-----------------
! 54, isa, 64, 1, 1, 8, 432, 867, 28615, 939
  result is correct!
! 54, isa, 64, 1, 1, 12, 648, 1654, 22859, 1757
  result is correct!
! 54, isa, 64, 1, 1, 16, 864, 2693, 156275, 2986
  result is correct!
! 54, isa, 64, 1, 1, 20, 1080, 3972, 25080, 4174
  result is correct!
! 54, isa, 64, 1, 1, 24, 1296, 5505, 26476, 5769
  result is correct!
! 54, isa, 64, 1, 1, 28, 1512, 7292, 28871, 7640
  result is correct!
! 54, isa, 64, 1, 1, 32, 1728, 9333, 156063, 9902
  result is correct!
! 54, isa, 64, 1, 1, 36, 1944, 11628, 32429, 12138
  result is correct!
! 54, isa, 64, 1, 1, 40, 2160, 14177, 157898, 14952
  result is correct!
! 54, isa, 64, 1, 1, 44, 2376, 16980, 79361, 17773
  result is correct!
! 54, isa, 64, 1, 1, 48, 2592, 20037, 80499, 20973
  result is correct!
! 54, isa, 64, 1, 1, 52, 2808, 23348, 44538, 24375
  result is correct!
! 54, isa, 64, 1, 1, 56, 3024, 26913, 87025, 28137
  result is correct!
! 54, isa, 64, 1, 1, 60, 3240, 30732, 92761, 32123
  result is correct!
! 54, isa, 64, 1, 1, 64, 3456, 34805, 176219, 36463
  result is correct!
! 54, isa, 64, 1, 1, 68, 3672, 39132, 100550, 40942
  result is correct!
! 54, isa, 64, 1, 1, 72, 3888, 43713, 187226, 45819
  result is correct!
-----------------Showing intmul-rv64_isa_54_simple.log-----------------
! 54, isa, 64, 1, 1, 8, 432, 1211, 21369, 1271
  result is correct!
! 54, isa, 64, 1, 1, 12, 648, 2476, 22623, 2596
  result is correct!
! 54, isa, 64, 1, 1, 16, 864, 4188, 159194, 4518
  result is correct!
! 54, isa, 64, 1, 1, 20, 1080, 6348, 79426, 6663
  result is correct!
! 54, isa, 64, 1, 1, 24, 1296, 8956, 29119, 9316
  result is correct!
! 54, isa, 64, 1, 1, 28, 1512, 12012, 157200, 12671
  result is correct!
! 54, isa, 64, 1, 1, 32, 1728, 15516, 35958, 16176
  result is correct!
! 54, isa, 64, 1, 1, 36, 1944, 19468, 78432, 20315
  result is correct!
! 54, isa, 64, 1, 1, 40, 2160, 23868, 83727, 24917
  result is correct!
! 54, isa, 64, 1, 1, 44, 2376, 28716, 87698, 29941
  result is correct!
! 54, isa, 64, 1, 1, 48, 2592, 34012, 172158, 35562
  result is correct!
! 54, isa, 64, 1, 1, 52, 2808, 39756, 179095, 41594
  result is correct!
! 54, isa, 64, 1, 1, 56, 3024, 45948, 193742, 48029
  result is correct!
! 54, isa, 64, 1, 1, 60, 3240, 52588, 192090, 54969
  result is correct!
! 54, isa, 64, 1, 1, 64, 3456, 59676, 198060, 62536
  result is correct!
! 54, isa, 64, 1, 1, 68, 3672, 67212, 208751, 70247
  result is correct!
! 54, isa, 64, 1, 1, 72, 3888, 75196, 213362, 78558
  result is correct!
-----------------Showing intmul-rv64_isa_55_hybrid.log-----------------
! 55, isa, 64, 1, 1, 8, 440, 866, 21793, 928
  result is correct!
! 55, isa, 64, 1, 1, 12, 660, 1654, 22636, 1756
  result is correct!
! 55, isa, 64, 1, 1, 16, 880, 2698, 157767, 2989
  result is correct!
! 55, isa, 64, 1, 1, 20, 1100, 3972, 25007, 4174
  result is correct!
! 55, isa, 64, 1, 1, 24, 1320, 5505, 27219, 5771
  result is correct!
! 55, isa, 64, 1, 1, 28, 1540, 7292, 28276, 7639
  result is correct!
! 55, isa, 64, 1, 1, 32, 1760, 9333, 156149, 9904
  result is correct!
! 55, isa, 64, 1, 1, 36, 1980, 11628, 79451, 12199
  result is correct!
! 55, isa, 64, 1, 1, 40, 2200, 14177, 160352, 14953
  result is correct!
! 55, isa, 64, 1, 1, 44, 2420, 16980, 37962, 17716
  result is correct!
! 55, isa, 64, 1, 1, 48, 2640, 20037, 81083, 20970
  result is correct!
! 55, isa, 64, 1, 1, 52, 2860, 23348, 85039, 24432
  result is correct!
! 55, isa, 64, 1, 1, 56, 3080, 26913, 87169, 28155
  result is correct!
! 55, isa, 64, 1, 1, 60, 3300, 30732, 91283, 32138
  result is correct!
! 55, isa, 64, 1, 1, 64, 3520, 34805, 176952, 36519
  result is correct!
! 55, isa, 64, 1, 1, 68, 3740, 39132, 100321, 40891
  result is correct!
! 55, isa, 64, 1, 1, 72, 3960, 43713, 187741, 45814
  result is correct!
-----------------Showing intmul-rv64_isa_55_simple.log-----------------
! 55, isa, 64, 1, 1, 8, 440, 1211, 21369, 1271
  result is correct!
! 55, isa, 64, 1, 1, 12, 660, 2476, 22796, 2596
  result is correct!
! 55, isa, 64, 1, 1, 16, 880, 4188, 157433, 4535
  result is correct!
! 55, isa, 64, 1, 1, 20, 1100, 6348, 26643, 6608
  result is correct!
! 55, isa, 64, 1, 1, 24, 1320, 8956, 29241, 9336
  result is correct!
! 55, isa, 64, 1, 1, 28, 1540, 12012, 172584, 12688
  result is correct!
! 55, isa, 64, 1, 1, 32, 1760, 15516, 37513, 16179
  result is correct!
! 55, isa, 64, 1, 1, 36, 1980, 19468, 39710, 20267
  result is correct!
! 55, isa, 64, 1, 1, 40, 2200, 23868, 44128, 24825
  result is correct!
! 55, isa, 64, 1, 1, 44, 2420, 28716, 48806, 29891
  result is correct!
! 55, isa, 64, 1, 1, 48, 2640, 34012, 172279, 35613
  result is correct!
! 55, isa, 64, 1, 1, 52, 2860, 39756, 180460, 41551
  result is correct!
! 55, isa, 64, 1, 1, 56, 3080, 45948, 182299, 48043
  result is correct!
! 55, isa, 64, 1, 1, 60, 3300, 52588, 191020, 55037
  result is correct!
! 55, isa, 64, 1, 1, 64, 3520, 59676, 200496, 62493
  result is correct!
! 55, isa, 64, 1, 1, 68, 3740, 67212, 206866, 70261
  result is correct!
! 55, isa, 64, 1, 1, 72, 3960, 75196, 213374, 78614
  result is correct!
-----------------Showing intmul-rv64_isa_56_hybrid.log-----------------
! 56, isa, 64, 1, 1, 8, 448, 866, 21884, 924
  result is correct!
! 56, isa, 64, 1, 1, 12, 672, 1654, 23132, 1758
  result is correct!
! 56, isa, 64, 1, 1, 16, 896, 2688, 157372, 2974
  result is correct!
! 56, isa, 64, 1, 1, 20, 1120, 3967, 25648, 4166
  result is correct!
! 56, isa, 64, 1, 1, 24, 1344, 5500, 26490, 5761
  result is correct!
! 56, isa, 64, 1, 1, 28, 1568, 7287, 28362, 7630
  result is correct!
! 56, isa, 64, 1, 1, 32, 1792, 9328, 158663, 9897
  result is correct!
! 56, isa, 64, 1, 1, 36, 2016, 11623, 32485, 12130
  result is correct!
! 56, isa, 64, 1, 1, 40, 2240, 14172, 160031, 14988
  result is correct!
! 56, isa, 64, 1, 1, 44, 2464, 16975, 37959, 17710
  result is correct!
! 56, isa, 64, 1, 1, 48, 2688, 20032, 41097, 20912
  result is correct!
! 56, isa, 64, 1, 1, 52, 2912, 23343, 82814, 24421
  result is correct!
! 56, isa, 64, 1, 1, 56, 3136, 26908, 48013, 28079
  result is correct!
! 56, isa, 64, 1, 1, 60, 3360, 30727, 52354, 32084
  result is correct!
! 56, isa, 64, 1, 1, 64, 3584, 34800, 176045, 36514
  result is correct!
! 56, isa, 64, 1, 1, 68, 3808, 39127, 99829, 40890
  result is correct!
! 56, isa, 64, 1, 1, 72, 4032, 43708, 185591, 45814
  result is correct!
-----------------Showing intmul-rv64_isa_56_simple.log-----------------
! 56, isa, 64, 1, 1, 8, 448, 1211, 74452, 1332
  result is correct!
! 56, isa, 64, 1, 1, 12, 672, 2472, 23283, 2577
  result is correct!
! 56, isa, 64, 1, 1, 16, 896, 4184, 156193, 4514
  result is correct!
! 56, isa, 64, 1, 1, 20, 1120, 6344, 26505, 6607
  result is correct!
! 56, isa, 64, 1, 1, 24, 1344, 8952, 29929, 9316
  result is correct!
! 56, isa, 64, 1, 1, 28, 1568, 12008, 153786, 12647
  result is correct!
! 56, isa, 64, 1, 1, 32, 1792, 15512, 79614, 16242
  result is correct!
! 56, isa, 64, 1, 1, 36, 2016, 19464, 39903, 20287
  result is correct!
! 56, isa, 64, 1, 1, 40, 2240, 23864, 44142, 24865
  result is correct!
! 56, isa, 64, 1, 1, 44, 2464, 28712, 87829, 29965
  result is correct!
! 56, isa, 64, 1, 1, 48, 2688, 34008, 173639, 35634
  result is correct!
! 56, isa, 64, 1, 1, 52, 2912, 39752, 180338, 41645
  result is correct!
! 56, isa, 64, 1, 1, 56, 3136, 45944, 240670, 48127
  result is correct!
! 56, isa, 64, 1, 1, 60, 3360, 52584, 191800, 54965
  result is correct!
! 56, isa, 64, 1, 1, 64, 3584, 59672, 198691, 62488
  result is correct!
! 56, isa, 64, 1, 1, 68, 3808, 67208, 205131, 70259
  result is correct!
! 56, isa, 64, 1, 1, 72, 4032, 75192, 220928, 78470
  result is correct!
-----------------Showing intmul-rv64_isa_57_hybrid.log-----------------
! 57, isa, 64, 1, 1, 8, 456, 867, 22637, 929
  result is correct!
! 57, isa, 64, 1, 1, 12, 684, 1654, 23092, 1735
  result is correct!
! 57, isa, 64, 1, 1, 16, 912, 2698, 177048, 3008
  result is correct!
! 57, isa, 64, 1, 1, 20, 1140, 3972, 24921, 4153
  result is correct!
! 57, isa, 64, 1, 1, 24, 1368, 5505, 26358, 5748
  result is correct!
! 57, isa, 64, 1, 1, 28, 1596, 7292, 28212, 7618
  result is correct!
! 57, isa, 64, 1, 1, 32, 1824, 9333, 154289, 9964
  result is correct!
! 57, isa, 64, 1, 1, 36, 2052, 11628, 32420, 12156
  result is correct!
! 57, isa, 64, 1, 1, 40, 2280, 14177, 156573, 15003
  result is correct!
! 57, isa, 64, 1, 1, 44, 2508, 16980, 38769, 17740
  result is correct!
! 57, isa, 64, 1, 1, 48, 2736, 20037, 50978, 20935
  result is correct!
! 57, isa, 64, 1, 1, 52, 2964, 23348, 44462, 24377
  result is correct!
! 57, isa, 64, 1, 1, 56, 3192, 26913, 48344, 28082
  result is correct!
! 57, isa, 64, 1, 1, 60, 3420, 30732, 90156, 32121
  result is correct!
! 57, isa, 64, 1, 1, 64, 3648, 34805, 178221, 36517
  result is correct!
! 57, isa, 64, 1, 1, 68, 3876, 39132, 98856, 40891
  result is correct!
! 57, isa, 64, 1, 1, 72, 4104, 43713, 192568, 45807
  result is correct!
-----------------Showing intmul-rv64_isa_57_simple.log-----------------
! 57, isa, 64, 1, 1, 8, 456, 1211, 21602, 1251
  result is correct!
! 57, isa, 64, 1, 1, 12, 684, 2476, 22769, 2577
  result is correct!
! 57, isa, 64, 1, 1, 16, 912, 4188, 158093, 4517
  result is correct!
! 57, isa, 64, 1, 1, 20, 1140, 6348, 26723, 6628
  result is correct!
! 57, isa, 64, 1, 1, 24, 1368, 8956, 29616, 9295
  result is correct!
! 57, isa, 64, 1, 1, 28, 1596, 12012, 155820, 12649
  result is correct!
! 57, isa, 64, 1, 1, 32, 1824, 15516, 84239, 16235
  result is correct!
! 57, isa, 64, 1, 1, 36, 2052, 19468, 78912, 20318
  result is correct!
! 57, isa, 64, 1, 1, 40, 2280, 23868, 82134, 24917
  result is correct!
! 57, isa, 64, 1, 1, 44, 2508, 28716, 87273, 29963
  result is correct!
! 57, isa, 64, 1, 1, 48, 2736, 34012, 176458, 35642
  result is correct!
! 57, isa, 64, 1, 1, 52, 2964, 39756, 180678, 41598
  result is correct!
! 57, isa, 64, 1, 1, 56, 3192, 45948, 183970, 48047
  result is correct!
! 57, isa, 64, 1, 1, 60, 3420, 52588, 190963, 55025
  result is correct!
! 57, isa, 64, 1, 1, 64, 3648, 59676, 208026, 62550
  result is correct!
! 57, isa, 64, 1, 1, 68, 3876, 67212, 207442, 70190
  result is correct!
! 57, isa, 64, 1, 1, 72, 4104, 75196, 212719, 78610
  result is correct!
-----------------Showing intmul-rv64_isa_58_hybrid.log-----------------
! 58, isa, 64, 1, 1, 8, 464, 867, 22726, 929
  result is correct!
! 58, isa, 64, 1, 1, 12, 696, 1654, 22867, 1735
  result is correct!
! 58, isa, 64, 1, 1, 16, 928, 2698, 152006, 2982
  result is correct!
! 58, isa, 64, 1, 1, 20, 1160, 3972, 24941, 4153
  result is correct!
! 58, isa, 64, 1, 1, 24, 1392, 5505, 26350, 5748
  result is correct!
! 58, isa, 64, 1, 1, 28, 1624, 7292, 82923, 7686
  result is correct!
! 58, isa, 64, 1, 1, 32, 1856, 9333, 156450, 9904
  result is correct!
! 58, isa, 64, 1, 1, 36, 2088, 11628, 33402, 12141
  result is correct!
! 58, isa, 64, 1, 1, 40, 2320, 14177, 159840, 14951
  result is correct!
! 58, isa, 64, 1, 1, 44, 2552, 16980, 80009, 17794
  result is correct!
! 58, isa, 64, 1, 1, 48, 2784, 20037, 81938, 20974
  result is correct!
! 58, isa, 64, 1, 1, 52, 3016, 23348, 84126, 24428
  result is correct!
! 58, isa, 64, 1, 1, 56, 3248, 26913, 87767, 28140
  result is correct!
! 58, isa, 64, 1, 1, 60, 3480, 30732, 92244, 32122
  result is correct!
! 58, isa, 64, 1, 1, 64, 3712, 34805, 176700, 36461
  result is correct!
! 58, isa, 64, 1, 1, 68, 3944, 39132, 100140, 40894
  result is correct!
! 58, isa, 64, 1, 1, 72, 4176, 43713, 185447, 45798
  result is correct!
-----------------Showing intmul-rv64_isa_58_simple.log-----------------
! 58, isa, 64, 1, 1, 8, 464, 1211, 21239, 1251
  result is correct!
! 58, isa, 64, 1, 1, 12, 696, 2476, 22553, 2576
  result is correct!
! 58, isa, 64, 1, 1, 16, 928, 4188, 158146, 4516
  result is correct!
! 58, isa, 64, 1, 1, 20, 1160, 6348, 78759, 6693
  result is correct!
! 58, isa, 64, 1, 1, 24, 1392, 8956, 29180, 9336
  result is correct!
! 58, isa, 64, 1, 1, 28, 1624, 12012, 157865, 12673
  result is correct!
! 58, isa, 64, 1, 1, 32, 1856, 15516, 35943, 16175
  result is correct!
! 58, isa, 64, 1, 1, 36, 2088, 19468, 41715, 20250
  result is correct!
! 58, isa, 64, 1, 1, 40, 2320, 23868, 82828, 24916
  result is correct!
! 58, isa, 64, 1, 1, 44, 2552, 28716, 49741, 29913
  result is correct!
! 58, isa, 64, 1, 1, 48, 2784, 34012, 181968, 35575
  result is correct!
! 58, isa, 64, 1, 1, 52, 3016, 39756, 179827, 41601
  result is correct!
! 58, isa, 64, 1, 1, 56, 3248, 45948, 185488, 48074
  result is correct!
! 58, isa, 64, 1, 1, 60, 3480, 52588, 190538, 55016
  result is correct!
! 58, isa, 64, 1, 1, 64, 3712, 59676, 202955, 62812
  result is correct!
! 58, isa, 64, 1, 1, 68, 3944, 67212, 205095, 70274
  result is correct!
! 58, isa, 64, 1, 1, 72, 4176, 75196, 214949, 78563
  result is correct!
-----------------Showing intmul-rv64_isa_59_hybrid.log-----------------
! 59, isa, 64, 1, 1, 8, 472, 866, 21959, 929
  result is correct!
! 59, isa, 64, 1, 1, 12, 708, 1654, 23054, 1756
  result is correct!
! 59, isa, 64, 1, 1, 16, 944, 2693, 157114, 2990
  result is correct!
! 59, isa, 64, 1, 1, 20, 1180, 3972, 24868, 4174
  result is correct!
! 59, isa, 64, 1, 1, 24, 1416, 5505, 80242, 5836
  result is correct!
! 59, isa, 64, 1, 1, 28, 1652, 7292, 28272, 7639
  result is correct!
! 59, isa, 64, 1, 1, 32, 1888, 9333, 157312, 9906
  result is correct!
! 59, isa, 64, 1, 1, 36, 2124, 11628, 83476, 12204
  result is correct!
! 59, isa, 64, 1, 1, 40, 2360, 14177, 159247, 14954
  result is correct!
! 59, isa, 64, 1, 1, 44, 2596, 16980, 37903, 17717
  result is correct!
! 59, isa, 64, 1, 1, 48, 2832, 20037, 87444, 21031
  result is correct!
! 59, isa, 64, 1, 1, 52, 3068, 23348, 85332, 24430
  result is correct!
! 59, isa, 64, 1, 1, 56, 3304, 26913, 88385, 28157
  result is correct!
! 59, isa, 64, 1, 1, 60, 3540, 30732, 51668, 32067
  result is correct!
! 59, isa, 64, 1, 1, 64, 3776, 34805, 178521, 36514
  result is correct!
! 59, isa, 64, 1, 1, 68, 4012, 39132, 60205, 40818
  result is correct!
! 59, isa, 64, 1, 1, 72, 4248, 43713, 194531, 45856
  result is correct!
-----------------Showing intmul-rv64_isa_59_simple.log-----------------
! 59, isa, 64, 1, 1, 8, 472, 1211, 21898, 1272
  result is correct!
! 59, isa, 64, 1, 1, 12, 708, 2476, 23552, 2597
  result is correct!
! 59, isa, 64, 1, 1, 16, 944, 4188, 151371, 4508
  result is correct!
! 59, isa, 64, 1, 1, 20, 1180, 6348, 67785, 6659
  result is correct!
! 59, isa, 64, 1, 1, 24, 1416, 8956, 29168, 9336
  result is correct!
! 59, isa, 64, 1, 1, 28, 1652, 12012, 153167, 12709
  result is correct!
! 59, isa, 64, 1, 1, 32, 1888, 15516, 36303, 16176
  result is correct!
! 59, isa, 64, 1, 1, 36, 2124, 19468, 39603, 20267
  result is correct!
! 59, isa, 64, 1, 1, 40, 2360, 23868, 44028, 24845
  result is correct!
! 59, isa, 64, 1, 1, 44, 2596, 28716, 49545, 29915
  result is correct!
! 59, isa, 64, 1, 1, 48, 2832, 34012, 173342, 35616
  result is correct!
! 59, isa, 64, 1, 1, 52, 3068, 39756, 180789, 41596
  result is correct!
! 59, isa, 64, 1, 1, 56, 3304, 45948, 183935, 48092
  result is correct!
! 59, isa, 64, 1, 1, 60, 3540, 52588, 191186, 54969
  result is correct!
! 59, isa, 64, 1, 1, 64, 3776, 59676, 198548, 62471
  result is correct!
! 59, isa, 64, 1, 1, 68, 4012, 67212, 208213, 70225
  result is correct!
! 59, isa, 64, 1, 1, 72, 4248, 75196, 213784, 78513
  result is correct!
-----------------Showing intmul-rv64_isa_60_hybrid.log-----------------
! 60, isa, 64, 1, 1, 8, 480, 867, 22787, 924
  result is correct!
! 60, isa, 64, 1, 1, 12, 720, 1654, 23226, 1758
  result is correct!
! 60, isa, 64, 1, 1, 16, 960, 2688, 157963, 2974
  result is correct!
! 60, isa, 64, 1, 1, 20, 1200, 3967, 78147, 4210
  result is correct!
! 60, isa, 64, 1, 1, 24, 1440, 5500, 26482, 5760
  result is correct!
! 60, isa, 64, 1, 1, 28, 1680, 7287, 28313, 7610
  result is correct!
! 60, isa, 64, 1, 1, 32, 1920, 9328, 157696, 9958
  result is correct!
! 60, isa, 64, 1, 1, 36, 2160, 11623, 32622, 12151
  result is correct!
! 60, isa, 64, 1, 1, 40, 2400, 14172, 160874, 14999
  result is correct!
! 60, isa, 64, 1, 1, 44, 2640, 16975, 38010, 17732
  result is correct!
! 60, isa, 64, 1, 1, 48, 2880, 20032, 80501, 20963
  result is correct!
! 60, isa, 64, 1, 1, 52, 3120, 23343, 45039, 24370
  result is correct!
! 60, isa, 64, 1, 1, 56, 3360, 26908, 47921, 28079
  result is correct!
! 60, isa, 64, 1, 1, 60, 3600, 30727, 92613, 32116
  result is correct!
! 60, isa, 64, 1, 1, 64, 3840, 34800, 177851, 36535
  result is correct!
! 60, isa, 64, 1, 1, 68, 4080, 39127, 107254, 40898
  result is correct!
! 60, isa, 64, 1, 1, 72, 4320, 43708, 187467, 45744
  result is correct!
-----------------Showing intmul-rv64_isa_60_simple.log-----------------
! 60, isa, 64, 1, 1, 8, 480, 1211, 21525, 1251
  result is correct!
! 60, isa, 64, 1, 1, 12, 720, 2472, 22615, 2575
  result is correct!
! 60, isa, 64, 1, 1, 16, 960, 4188, 158672, 4517
  result is correct!
! 60, isa, 64, 1, 1, 20, 1200, 6344, 26426, 6627
  result is correct!
! 60, isa, 64, 1, 1, 24, 1440, 8956, 82598, 9403
  result is correct!
! 60, isa, 64, 1, 1, 28, 1680, 12008, 156421, 12669
  result is correct!
! 60, isa, 64, 1, 1, 32, 1920, 15512, 83653, 16239
  result is correct!
! 60, isa, 64, 1, 1, 36, 2160, 19464, 78424, 20313
  result is correct!
! 60, isa, 64, 1, 1, 40, 2400, 23864, 44514, 24845
  result is correct!
! 60, isa, 64, 1, 1, 44, 2640, 28712, 86993, 29961
  result is correct!
! 60, isa, 64, 1, 1, 48, 2880, 34008, 173024, 35610
  result is correct!
! 60, isa, 64, 1, 1, 52, 3120, 39752, 180493, 41622
  result is correct!
! 60, isa, 64, 1, 1, 56, 3360, 45944, 183873, 48049
  result is correct!
! 60, isa, 64, 1, 1, 60, 3600, 52584, 190415, 55014
  result is correct!
! 60, isa, 64, 1, 1, 64, 3840, 59672, 198377, 62486
  result is correct!
! 60, isa, 64, 1, 1, 68, 4080, 67208, 213065, 70170
  result is correct!
! 60, isa, 64, 1, 1, 72, 4320, 75192, 212325, 78512
  result is correct!
-----------------Showing intmul-rv64_isa_61_hybrid.log-----------------
! 61, isa, 64, 1, 1, 8, 488, 866, 22684, 927
  result is correct!
! 61, isa, 64, 1, 1, 12, 732, 1653, 22837, 1735
  result is correct!
! 61, isa, 64, 1, 1, 16, 976, 2692, 155337, 2981
  result is correct!
! 61, isa, 64, 1, 1, 20, 1220, 3971, 25202, 4153
  result is correct!
! 61, isa, 64, 1, 1, 24, 1464, 5504, 26369, 5747
  result is correct!
! 61, isa, 64, 1, 1, 28, 1708, 7291, 28303, 7618
  result is correct!
! 61, isa, 64, 1, 1, 32, 1952, 9332, 153535, 9879
  result is correct!
! 61, isa, 64, 1, 1, 36, 2196, 11627, 32586, 12139
  result is correct!
! 61, isa, 64, 1, 1, 40, 2440, 14176, 156584, 14951
  result is correct!
! 61, isa, 64, 1, 1, 44, 2684, 16979, 78662, 17794
  result is correct!
! 61, isa, 64, 1, 1, 48, 2928, 20036, 41708, 20922
  result is correct!
! 61, isa, 64, 1, 1, 52, 3172, 23347, 44445, 24376
  result is correct!
! 61, isa, 64, 1, 1, 56, 3416, 26912, 115348, 28219
  result is correct!
! 61, isa, 64, 1, 1, 60, 3660, 30731, 92570, 32124
  result is correct!
! 61, isa, 64, 1, 1, 64, 3904, 34804, 176549, 36468
  result is correct!
-----------------Showing intmul-rv64_isa_61_simple.log-----------------
! 61, isa, 64, 1, 1, 8, 488, 1213, 21773, 1278
  result is correct!
! 61, isa, 64, 1, 1, 12, 732, 2481, 23063, 2583
  result is correct!
! 61, isa, 64, 1, 1, 16, 976, 4189, 24698, 4376
  result is correct!
! 61, isa, 64, 1, 1, 20, 1220, 6349, 27125, 6638
  result is correct!
! 61, isa, 64, 1, 1, 24, 1464, 8957, 29410, 9324
  result is correct!
! 61, isa, 64, 1, 1, 28, 1708, 12013, 32692, 12525
  result is correct!
! 61, isa, 64, 1, 1, 32, 1952, 15517, 36790, 16174
  result is correct!
! 61, isa, 64, 1, 1, 36, 2196, 19469, 160432, 20444
  result is correct!
! 61, isa, 64, 1, 1, 40, 2440, 23869, 163794, 25021
  result is correct!
! 61, isa, 64, 1, 1, 44, 2684, 28717, 167050, 30120
  result is correct!
! 61, isa, 64, 1, 1, 48, 2928, 34013, 92455, 35515
  result is correct!
! 61, isa, 64, 1, 1, 52, 3172, 39757, 179520, 41704
  result is correct!
! 61, isa, 64, 1, 1, 56, 3416, 45949, 185774, 48038
  result is correct!
! 61, isa, 64, 1, 1, 60, 3660, 52589, 192869, 55059
  result is correct!
! 61, isa, 64, 1, 1, 64, 3904, 59677, 207102, 62410
  result is correct!
-----------------Showing intmul-rv64_isa_62_hybrid.log-----------------
! 62, isa, 64, 1, 1, 8, 496, 868, 23324, 929
  result is correct!
! 62, isa, 64, 1, 1, 12, 744, 1660, 22972, 1759
  result is correct!
! 62, isa, 64, 1, 1, 16, 992, 2694, 81443, 2903
  result is correct!
-----------------Showing intmul-rv64_isa_62_simple.log-----------------
! 62, isa, 64, 1, 1, 8, 496, 1210, 22148, 1251
  result is correct!
! 62, isa, 64, 1, 1, 12, 744, 2470, 22916, 2571
  result is correct!
! 62, isa, 64, 1, 1, 16, 992, 4178, 24836, 4340
  result is correct!
-----------------Showing intmul-rv64_isa_64_hybrid.log-----------------
! 64, isa, 64, 1, 1, 8, 512, 756, 22710, 860
  result is correct!
! 64, isa, 64, 1, 1, 12, 768, 1599, 22807, 1748
  result is correct!
! 64, isa, 64, 1, 1, 16, 1024, 2755, 23776, 2939
  result is correct!
! 64, isa, 64, 1, 1, 20, 1280, 4210, 25272, 4454
  result is correct!
! 64, isa, 64, 1, 1, 24, 1536, 5963, 155498, 6535
  result is correct!
! 64, isa, 64, 1, 1, 28, 1792, 8040, 29068, 8460
  result is correct!
! 64, isa, 64, 1, 1, 32, 2048, 10439, 32094, 10953
  result is correct!
! 64, isa, 64, 1, 1, 36, 2304, 13140, 34284, 13755
  result is correct!
! 64, isa, 64, 1, 1, 40, 2560, 16153, 79107, 16968
  result is correct!
! 64, isa, 64, 1, 1, 44, 2816, 19478, 41220, 20337
  result is correct!
! 64, isa, 64, 1, 1, 48, 3072, 23115, 44867, 24179
  result is correct!
! 64, isa, 64, 1, 1, 52, 3328, 27054, 85990, 28343
  result is correct!
! 64, isa, 64, 1, 1, 56, 3584, 31315, 91391, 32765
  result is correct!
! 64, isa, 64, 1, 1, 60, 3840, 35898, 178888, 37630
  result is correct!
! 64, isa, 64, 1, 1, 64, 4096, 40783, 182319, 42795
  result is correct!
-----------------Showing intmul-rv64_isa_64_simple.log-----------------
! 64, isa, 64, 1, 1, 8, 512, 1296, 22416, 1357
  result is correct!
! 64, isa, 64, 1, 1, 12, 768, 2700, 23184, 2822
  result is correct!
! 64, isa, 64, 1, 1, 16, 1024, 4616, 80636, 4863
  result is correct!
! 64, isa, 64, 1, 1, 20, 1280, 7044, 27316, 7346
  result is correct!
! 64, isa, 64, 1, 1, 24, 1536, 9984, 97283, 10486
  result is correct!
! 64, isa, 64, 1, 1, 28, 1792, 13436, 33891, 14000
  result is correct!
! 64, isa, 64, 1, 1, 32, 2048, 17400, 76118, 18175
  result is correct!
! 64, isa, 64, 1, 1, 36, 2304, 21876, 165209, 22943
  result is correct!
! 64, isa, 64, 1, 1, 40, 2560, 26864, 165275, 28155
  result is correct!
! 64, isa, 64, 1, 1, 44, 2816, 32364, 91075, 33760
  result is correct!
! 64, isa, 64, 1, 1, 48, 3072, 38376, 178149, 40173
  result is correct!
! 64, isa, 64, 1, 1, 52, 3328, 44900, 184238, 46979
  result is correct!
! 64, isa, 64, 1, 1, 56, 3584, 51936, 190726, 54320
  result is correct!
! 64, isa, 64, 1, 1, 60, 3840, 59484, 206005, 62170
  result is correct!
! 64, isa, 64, 1, 1, 64, 4096, 67544, 206815, 70752
  result is correct!
-----------------Showing intmul-rv64_ise_50_hybrid.log-----------------
! 50, ise, 64, 1, 1, 8, 400, 508, 24644, 561
  result is correct!
! 50, ise, 64, 1, 1, 12, 600, 864, 22713, 912
  result is correct!
! 50, ise, 64, 1, 1, 16, 800, 1330, 22868, 1420
  result is correct!
! 50, ise, 64, 1, 1, 20, 1000, 1867, 22761, 1976
  result is correct!
! 50, ise, 64, 1, 1, 24, 1200, 2505, 23279, 2635
  result is correct!
! 50, ise, 64, 1, 1, 28, 1400, 3239, 24595, 3410
  result is correct!
! 50, ise, 64, 1, 1, 32, 1600, 4069, 24948, 4260
  result is correct!
! 50, ise, 64, 1, 1, 36, 1800, 4995, 25797, 5248
  result is correct!
! 50, ise, 64, 1, 1, 40, 2000, 6017, 26852, 6291
  result is correct!
! 50, ise, 64, 1, 1, 44, 2200, 7135, 28057, 7472
  result is correct!
! 50, ise, 64, 1, 1, 48, 2400, 8349, 151297, 8885
  result is correct!
! 50, ise, 64, 1, 1, 52, 2600, 9659, 30513, 10118
  result is correct!
! 50, ise, 64, 1, 1, 56, 2800, 11065, 70955, 11617
  result is correct!
! 50, ise, 64, 1, 1, 60, 3000, 12567, 33504, 13149
  result is correct!
! 50, ise, 64, 1, 1, 64, 3200, 14165, 76639, 14864
  result is correct!
! 50, ise, 64, 1, 1, 68, 3400, 15859, 37432, 16565
  result is correct!
! 50, ise, 64, 1, 1, 72, 3600, 17649, 159264, 18596
  result is correct!
-----------------Showing intmul-rv64_ise_50_simple.log-----------------
! 50, ise, 64, 1, 1, 8, 400, 1005, 21857, 1046
  result is correct!
! 50, ise, 64, 1, 1, 12, 600, 2018, 22960, 2100
  result is correct!
! 50, ise, 64, 1, 1, 16, 800, 3382, 24013, 3525
  result is correct!
! 50, ise, 64, 1, 1, 20, 1000, 5098, 25805, 5302
  result is correct!
! 50, ise, 64, 1, 1, 24, 1200, 7166, 28806, 7475
  result is correct!
! 50, ise, 64, 1, 1, 28, 1400, 9586, 30692, 9995
  result is correct!
! 50, ise, 64, 1, 1, 32, 1600, 12358, 153925, 13024
  result is correct!
! 50, ise, 64, 1, 1, 36, 1800, 15482, 76662, 16209
  result is correct!
! 50, ise, 64, 1, 1, 40, 2000, 18958, 39663, 19753
  result is correct!
! 50, ise, 64, 1, 1, 44, 2200, 22786, 163040, 23896
  result is correct!
! 50, ise, 64, 1, 1, 48, 2400, 26966, 167457, 28263
  result is correct!
! 50, ise, 64, 1, 1, 52, 2600, 31498, 90256, 32940
  result is correct!
! 50, ise, 64, 1, 1, 56, 2800, 36382, 175652, 38060
  result is correct!
! 50, ise, 64, 1, 1, 60, 3000, 41618, 101109, 43446
  result is correct!
! 50, ise, 64, 1, 1, 64, 3200, 47206, 186316, 49406
  result is correct!
! 50, ise, 64, 1, 1, 68, 3400, 53146, 192299, 55588
  result is correct!
! 50, ise, 64, 1, 1, 72, 3600, 59438, 199398, 62146
  result is correct!
-----------------Showing intmul-rv64_ise_51_hybrid.log-----------------
! 51, ise, 64, 1, 1, 8, 408, 498, 25960, 560
  result is correct!
! 51, ise, 64, 1, 1, 12, 612, 864, 23546, 934
  result is correct!
! 51, ise, 64, 1, 1, 16, 816, 1330, 22369, 1418
  result is correct!
! 51, ise, 64, 1, 1, 20, 1020, 1867, 22653, 1976
  result is correct!
! 51, ise, 64, 1, 1, 24, 1224, 2505, 23372, 2635
  result is correct!
! 51, ise, 64, 1, 1, 28, 1428, 3239, 24055, 3410
  result is correct!
! 51, ise, 64, 1, 1, 32, 1632, 4069, 25627, 4281
  result is correct!
! 51, ise, 64, 1, 1, 36, 1836, 4995, 25828, 5248
  result is correct!
! 51, ise, 64, 1, 1, 40, 2040, 6017, 26896, 6312
  result is correct!
! 51, ise, 64, 1, 1, 44, 2244, 7135, 28042, 7471
  result is correct!
! 51, ise, 64, 1, 1, 48, 2448, 8349, 171067, 8905
  result is correct!
! 51, ise, 64, 1, 1, 52, 2652, 9659, 30597, 10099
  result is correct!
! 51, ise, 64, 1, 1, 56, 2856, 11065, 33022, 11568
  result is correct!
! 51, ise, 64, 1, 1, 60, 3060, 12567, 33583, 13129
  result is correct!
! 51, ise, 64, 1, 1, 64, 3264, 14165, 76020, 14867
  result is correct!
! 51, ise, 64, 1, 1, 68, 3468, 15859, 36722, 16565
  result is correct!
! 51, ise, 64, 1, 1, 72, 3672, 17649, 171216, 18586
  result is correct!
-----------------Showing intmul-rv64_ise_51_simple.log-----------------
! 51, ise, 64, 1, 1, 8, 408, 1005, 23084, 1048
  result is correct!
! 51, ise, 64, 1, 1, 12, 612, 2018, 22720, 2100
  result is correct!
! 51, ise, 64, 1, 1, 16, 816, 3382, 24042, 3525
  result is correct!
! 51, ise, 64, 1, 1, 20, 1020, 5098, 80569, 5377
  result is correct!
! 51, ise, 64, 1, 1, 24, 1224, 7166, 157858, 7618
  result is correct!
! 51, ise, 64, 1, 1, 28, 1428, 9586, 30302, 9995
  result is correct!
! 51, ise, 64, 1, 1, 32, 1632, 12358, 154235, 13034
  result is correct!
! 51, ise, 64, 1, 1, 36, 1836, 15482, 36204, 16136
  result is correct!
! 51, ise, 64, 1, 1, 40, 2040, 18958, 40070, 19774
  result is correct!
! 51, ise, 64, 1, 1, 44, 2244, 22786, 165091, 23899
  result is correct!
! 51, ise, 64, 1, 1, 48, 2448, 26966, 167485, 28244
  result is correct!
! 51, ise, 64, 1, 1, 52, 2652, 31498, 90559, 32918
  result is correct!
! 51, ise, 64, 1, 1, 56, 2856, 36382, 175133, 38111
  result is correct!
! 51, ise, 64, 1, 1, 60, 3060, 41618, 182676, 43578
  result is correct!
! 51, ise, 64, 1, 1, 64, 3264, 47206, 187048, 49405
  result is correct!
! 51, ise, 64, 1, 1, 68, 3468, 53146, 192101, 55590
  result is correct!
! 51, ise, 64, 1, 1, 72, 3672, 59438, 197864, 62201
  result is correct!
-----------------Showing intmul-rv64_ise_52_hybrid.log-----------------
! 52, ise, 64, 1, 1, 8, 416, 503, 25237, 582
  result is correct!
! 52, ise, 64, 1, 1, 12, 624, 864, 22574, 934
  result is correct!
! 52, ise, 64, 1, 1, 16, 832, 1330, 22338, 1398
  result is correct!
! 52, ise, 64, 1, 1, 20, 1040, 1867, 23263, 1977
  result is correct!
! 52, ise, 64, 1, 1, 24, 1248, 2505, 23315, 2635
  result is correct!
! 52, ise, 64, 1, 1, 28, 1456, 3239, 24060, 3410
  result is correct!
! 52, ise, 64, 1, 1, 32, 1664, 4069, 32416, 4293
  result is correct!
! 52, ise, 64, 1, 1, 36, 1872, 4995, 26856, 5251
  result is correct!
! 52, ise, 64, 1, 1, 40, 2080, 6017, 26816, 6310
  result is correct!
! 52, ise, 64, 1, 1, 44, 2288, 7135, 28032, 7471
  result is correct!
! 52, ise, 64, 1, 1, 48, 2496, 8349, 157062, 8885
  result is correct!
! 52, ise, 64, 1, 1, 52, 2704, 9659, 30641, 10099
  result is correct!
! 52, ise, 64, 1, 1, 56, 2912, 11065, 31936, 11587
  result is correct!
! 52, ise, 64, 1, 1, 60, 3120, 12567, 33805, 13149
  result is correct!
! 52, ise, 64, 1, 1, 64, 3328, 14165, 35165, 14791
  result is correct!
! 52, ise, 64, 1, 1, 68, 3536, 15859, 36716, 16565
  result is correct!
! 52, ise, 64, 1, 1, 72, 3744, 17649, 169354, 18613
  result is correct!
-----------------Showing intmul-rv64_ise_52_simple.log-----------------
! 52, ise, 64, 1, 1, 8, 416, 1005, 21780, 1046
  result is correct!
! 52, ise, 64, 1, 1, 12, 624, 2018, 22837, 2120
  result is correct!
! 52, ise, 64, 1, 1, 16, 832, 3382, 24014, 3525
  result is correct!
! 52, ise, 64, 1, 1, 20, 1040, 5098, 25802, 5282
  result is correct!
! 52, ise, 64, 1, 1, 24, 1248, 7166, 181102, 7660
  result is correct!
! 52, ise, 64, 1, 1, 28, 1456, 9586, 30324, 9995
  result is correct!
! 52, ise, 64, 1, 1, 32, 1664, 12358, 155444, 13074
  result is correct!
! 52, ise, 64, 1, 1, 36, 1872, 15482, 36190, 16156
  result is correct!
! 52, ise, 64, 1, 1, 40, 2080, 18958, 41988, 19757
  result is correct!
! 52, ise, 64, 1, 1, 44, 2288, 22786, 163870, 23908
  result is correct!
! 52, ise, 64, 1, 1, 48, 2496, 26966, 167655, 28271
  result is correct!
! 52, ise, 64, 1, 1, 52, 2704, 31498, 52814, 32848
  result is correct!
! 52, ise, 64, 1, 1, 56, 2912, 36382, 176251, 38112
  result is correct!
! 52, ise, 64, 1, 1, 60, 3120, 41618, 182409, 43575
  result is correct!
! 52, ise, 64, 1, 1, 64, 3328, 47206, 186253, 49453
  result is correct!
! 52, ise, 64, 1, 1, 68, 3536, 53146, 192358, 55611
  result is correct!
! 52, ise, 64, 1, 1, 72, 3744, 59438, 197580, 62148
  result is correct!
-----------------Showing intmul-rv64_ise_53_hybrid.log-----------------
! 53, ise, 64, 1, 1, 8, 424, 508, 23160, 559
  result is correct!
! 53, ise, 64, 1, 1, 12, 636, 864, 22797, 933
  result is correct!
! 53, ise, 64, 1, 1, 16, 848, 1330, 24124, 1422
  result is correct!
! 53, ise, 64, 1, 1, 20, 1060, 1867, 22989, 1976
  result is correct!
! 53, ise, 64, 1, 1, 24, 1272, 2505, 23319, 2635
  result is correct!
! 53, ise, 64, 1, 1, 28, 1484, 3239, 24155, 3410
  result is correct!
! 53, ise, 64, 1, 1, 32, 1696, 4069, 24914, 4261
  result is correct!
! 53, ise, 64, 1, 1, 36, 1908, 4995, 29227, 5254
  result is correct!
! 53, ise, 64, 1, 1, 40, 2120, 6017, 77162, 6375
  result is correct!
! 53, ise, 64, 1, 1, 44, 2332, 7135, 28039, 7470
  result is correct!
! 53, ise, 64, 1, 1, 48, 2544, 8349, 29340, 8748
  result is correct!
! 53, ise, 64, 1, 1, 52, 2756, 9659, 70460, 10173
  result is correct!
! 53, ise, 64, 1, 1, 56, 2968, 11065, 32102, 11566
  result is correct!
! 53, ise, 64, 1, 1, 60, 3180, 12567, 72838, 13180
  result is correct!
! 53, ise, 64, 1, 1, 64, 3392, 14165, 35113, 14811
  result is correct!
! 53, ise, 64, 1, 1, 68, 3604, 15859, 39200, 16568
  result is correct!
! 53, ise, 64, 1, 1, 72, 3816, 17649, 162387, 18629
  result is correct!
-----------------Showing intmul-rv64_ise_53_simple.log-----------------
! 53, ise, 64, 1, 1, 8, 424, 1005, 22149, 1067
  result is correct!
! 53, ise, 64, 1, 1, 12, 636, 2018, 22776, 2100
  result is correct!
! 53, ise, 64, 1, 1, 16, 848, 3382, 23930, 3545
  result is correct!
! 53, ise, 64, 1, 1, 20, 1060, 5098, 26016, 5323
  result is correct!
! 53, ise, 64, 1, 1, 24, 1272, 7166, 161296, 7622
  result is correct!
! 53, ise, 64, 1, 1, 28, 1484, 9586, 30214, 10014
  result is correct!
! 53, ise, 64, 1, 1, 32, 1696, 12358, 32814, 12885
  result is correct!
! 53, ise, 64, 1, 1, 36, 1908, 15482, 72840, 16178
  result is correct!
! 53, ise, 64, 1, 1, 40, 2120, 18958, 162722, 19958
  result is correct!
! 53, ise, 64, 1, 1, 44, 2332, 22786, 176238, 23912
  result is correct!
! 53, ise, 64, 1, 1, 48, 2544, 26966, 180462, 28281
  result is correct!
! 53, ise, 64, 1, 1, 52, 2756, 31498, 54942, 32849
  result is correct!
! 53, ise, 64, 1, 1, 56, 2968, 36382, 175387, 38135
  result is correct!
! 53, ise, 64, 1, 1, 60, 3180, 41618, 181833, 43577
  result is correct!
! 53, ise, 64, 1, 1, 64, 3392, 47206, 186082, 49443
  result is correct!
! 53, ise, 64, 1, 1, 68, 3604, 53146, 193482, 55615
  result is correct!
! 53, ise, 64, 1, 1, 72, 3816, 59438, 198263, 62171
  result is correct!
-----------------Showing intmul-rv64_ise_54_hybrid.log-----------------
! 54, ise, 64, 1, 1, 8, 432, 504, 22617, 558
  result is correct!
! 54, ise, 64, 1, 1, 12, 648, 864, 22363, 933
  result is correct!
! 54, ise, 64, 1, 1, 16, 864, 1330, 22523, 1419
  result is correct!
! 54, ise, 64, 1, 1, 20, 1080, 1867, 22887, 1977
  result is correct!
! 54, ise, 64, 1, 1, 24, 1296, 2505, 78802, 2724
  result is correct!
! 54, ise, 64, 1, 1, 28, 1512, 3239, 24002, 3389
  result is correct!
! 54, ise, 64, 1, 1, 32, 1728, 4069, 24849, 4281
  result is correct!
! 54, ise, 64, 1, 1, 36, 1944, 4995, 157963, 5444
  result is correct!
! 54, ise, 64, 1, 1, 40, 2160, 6017, 26984, 6312
  result is correct!
! 54, ise, 64, 1, 1, 44, 2376, 7135, 28827, 7473
  result is correct!
! 54, ise, 64, 1, 1, 48, 2592, 8349, 29216, 8725
  result is correct!
! 54, ise, 64, 1, 1, 52, 2808, 9659, 31098, 10098
  result is correct!
! 54, ise, 64, 1, 1, 56, 3024, 11065, 31933, 11563
  result is correct!
! 54, ise, 64, 1, 1, 60, 3240, 12567, 33870, 13131
  result is correct!
! 54, ise, 64, 1, 1, 64, 3456, 14165, 35131, 14810
  result is correct!
! 54, ise, 64, 1, 1, 68, 3672, 15859, 76833, 16639
  result is correct!
! 54, ise, 64, 1, 1, 72, 3888, 17649, 162020, 18579
  result is correct!
-----------------Showing intmul-rv64_ise_54_simple.log-----------------
! 54, ise, 64, 1, 1, 8, 432, 1005, 22374, 1047
  result is correct!
! 54, ise, 64, 1, 1, 12, 648, 2018, 22801, 2100
  result is correct!
! 54, ise, 64, 1, 1, 16, 864, 3382, 24042, 3525
  result is correct!
! 54, ise, 64, 1, 1, 20, 1080, 5098, 25743, 5322
  result is correct!
! 54, ise, 64, 1, 1, 24, 1296, 7166, 160165, 7619
  result is correct!
! 54, ise, 64, 1, 1, 28, 1512, 9586, 82066, 10058
  result is correct!
! 54, ise, 64, 1, 1, 32, 1728, 12358, 33106, 12889
  result is correct!
! 54, ise, 64, 1, 1, 36, 1944, 15482, 36172, 16133
  result is correct!
! 54, ise, 64, 1, 1, 40, 2160, 18958, 163080, 19961
  result is correct!
! 54, ise, 64, 1, 1, 44, 2376, 22786, 166834, 23954
  result is correct!
! 54, ise, 64, 1, 1, 48, 2592, 26966, 171569, 28300
  result is correct!
! 54, ise, 64, 1, 1, 52, 2808, 31498, 178028, 33029
  result is correct!
! 54, ise, 64, 1, 1, 56, 3024, 36382, 184439, 38053
  result is correct!
! 54, ise, 64, 1, 1, 60, 3240, 41618, 192521, 43544
  result is correct!
! 54, ise, 64, 1, 1, 64, 3456, 47206, 186156, 49530
  result is correct!
! 54, ise, 64, 1, 1, 68, 3672, 53146, 193622, 55641
  result is correct!
! 54, ise, 64, 1, 1, 72, 3888, 59438, 197918, 62154
  result is correct!
-----------------Showing intmul-rv64_ise_55_hybrid.log-----------------
! 55, ise, 64, 1, 1, 8, 440, 508, 24443, 582
  result is correct!
! 55, ise, 64, 1, 1, 12, 660, 864, 22518, 934
  result is correct!
! 55, ise, 64, 1, 1, 16, 880, 1330, 22687, 1399
  result is correct!
! 55, ise, 64, 1, 1, 20, 1100, 1867, 22966, 1977
  result is correct!
! 55, ise, 64, 1, 1, 24, 1320, 2505, 23332, 2635
  result is correct!
! 55, ise, 64, 1, 1, 28, 1540, 3239, 80133, 3467
  result is correct!
! 55, ise, 64, 1, 1, 32, 1760, 4069, 25013, 4281
  result is correct!
! 55, ise, 64, 1, 1, 36, 1980, 4995, 165230, 5406
  result is correct!
! 55, ise, 64, 1, 1, 40, 2200, 6017, 26825, 6312
  result is correct!
! 55, ise, 64, 1, 1, 44, 2420, 7135, 28926, 7473
  result is correct!
! 55, ise, 64, 1, 1, 48, 2640, 8349, 29190, 8747
  result is correct!
! 55, ise, 64, 1, 1, 52, 2860, 9659, 30675, 10097
  result is correct!
! 55, ise, 64, 1, 1, 56, 3080, 11065, 72837, 11640
  result is correct!
! 55, ise, 64, 1, 1, 60, 3300, 12567, 33466, 13149
  result is correct!
! 55, ise, 64, 1, 1, 64, 3520, 14165, 35210, 14792
  result is correct!
! 55, ise, 64, 1, 1, 68, 3740, 15859, 37391, 16568
  result is correct!
! 55, ise, 64, 1, 1, 72, 3960, 17649, 160549, 18576
  result is correct!
-----------------Showing intmul-rv64_ise_55_simple.log-----------------
! 55, ise, 64, 1, 1, 8, 440, 1005, 21549, 1045
  result is correct!
! 55, ise, 64, 1, 1, 12, 660, 2018, 23523, 2121
  result is correct!
! 55, ise, 64, 1, 1, 16, 880, 3382, 24558, 3526
  result is correct!
! 55, ise, 64, 1, 1, 20, 1100, 5098, 25796, 5302
  result is correct!
! 55, ise, 64, 1, 1, 24, 1320, 7166, 159151, 7639
  result is correct!
! 55, ise, 64, 1, 1, 28, 1540, 9586, 30966, 9996
  result is correct!
! 55, ise, 64, 1, 1, 32, 1760, 12358, 32933, 12885
  result is correct!
! 55, ise, 64, 1, 1, 36, 1980, 15482, 75195, 16204
  result is correct!
! 55, ise, 64, 1, 1, 40, 2200, 18958, 162745, 19913
  result is correct!
! 55, ise, 64, 1, 1, 44, 2420, 22786, 164717, 23899
  result is correct!
! 55, ise, 64, 1, 1, 48, 2640, 26966, 166882, 28292
  result is correct!
! 55, ise, 64, 1, 1, 52, 2860, 31498, 175121, 33081
  result is correct!
! 55, ise, 64, 1, 1, 56, 3080, 36382, 174704, 38061
  result is correct!
! 55, ise, 64, 1, 1, 60, 3300, 41618, 181252, 43575
  result is correct!
! 55, ise, 64, 1, 1, 64, 3520, 47206, 185610, 49448
  result is correct!
! 55, ise, 64, 1, 1, 68, 3740, 53146, 201729, 55578
  result is correct!
! 55, ise, 64, 1, 1, 72, 3960, 59438, 199485, 62304
  result is correct!
-----------------Showing intmul-rv64_ise_56_hybrid.log-----------------
! 56, ise, 64, 1, 1, 8, 448, 498, 22820, 554
  result is correct!
! 56, ise, 64, 1, 1, 12, 672, 865, 22352, 939
  result is correct!
! 56, ise, 64, 1, 1, 16, 896, 1330, 22344, 1419
  result is correct!
! 56, ise, 64, 1, 1, 20, 1120, 1867, 22860, 1976
  result is correct!
! 56, ise, 64, 1, 1, 24, 1344, 2505, 23410, 2656
  result is correct!
! 56, ise, 64, 1, 1, 28, 1568, 3239, 24056, 3411
  result is correct!
! 56, ise, 64, 1, 1, 32, 1792, 4069, 24981, 4282
  result is correct!
! 56, ise, 64, 1, 1, 36, 2016, 4995, 152144, 5392
  result is correct!
! 56, ise, 64, 1, 1, 40, 2240, 6017, 26909, 6311
  result is correct!
! 56, ise, 64, 1, 1, 44, 2464, 7135, 28151, 7470
  result is correct!
! 56, ise, 64, 1, 1, 48, 2688, 8349, 78912, 8786
  result is correct!
! 56, ise, 64, 1, 1, 52, 2912, 9659, 30699, 10099
  result is correct!
! 56, ise, 64, 1, 1, 56, 3136, 11065, 32763, 11569
  result is correct!
! 56, ise, 64, 1, 1, 60, 3360, 12567, 34386, 13130
  result is correct!
! 56, ise, 64, 1, 1, 64, 3584, 14165, 75496, 14860
  result is correct!
! 56, ise, 64, 1, 1, 68, 3808, 15859, 37157, 16566
  result is correct!
! 56, ise, 64, 1, 1, 72, 4032, 17649, 160213, 18575
  result is correct!
-----------------Showing intmul-rv64_ise_56_simple.log-----------------
! 56, ise, 64, 1, 1, 8, 448, 1005, 22173, 1067
  result is correct!
! 56, ise, 64, 1, 1, 12, 672, 2018, 22628, 2099
  result is correct!
! 56, ise, 64, 1, 1, 16, 896, 3382, 23858, 3504
  result is correct!
! 56, ise, 64, 1, 1, 20, 1120, 5098, 27860, 5326
  result is correct!
! 56, ise, 64, 1, 1, 24, 1344, 7166, 157842, 7614
  result is correct!
! 56, ise, 64, 1, 1, 28, 1568, 9586, 30132, 9991
  result is correct!
! 56, ise, 64, 1, 1, 32, 1792, 12358, 32913, 12866
  result is correct!
! 56, ise, 64, 1, 1, 36, 2016, 15482, 36682, 16113
  result is correct!
! 56, ise, 64, 1, 1, 40, 2240, 18958, 159624, 19907
  result is correct!
! 56, ise, 64, 1, 1, 44, 2464, 22786, 162940, 23894
  result is correct!
! 56, ise, 64, 1, 1, 48, 2688, 26966, 168339, 28258
  result is correct!
! 56, ise, 64, 1, 1, 52, 2912, 31498, 171978, 33026
  result is correct!
! 56, ise, 64, 1, 1, 56, 3136, 36382, 177132, 38110
  result is correct!
! 56, ise, 64, 1, 1, 60, 3360, 41618, 181846, 43588
  result is correct!
! 56, ise, 64, 1, 1, 64, 3584, 47206, 187250, 49382
  result is correct!
! 56, ise, 64, 1, 1, 68, 3808, 53146, 192235, 55597
  result is correct!
! 56, ise, 64, 1, 1, 72, 4032, 59438, 206496, 62327
  result is correct!
-----------------Showing intmul-rv64_ise_57_hybrid.log-----------------
! 57, ise, 64, 1, 1, 8, 456, 508, 24923, 583
  result is correct!
! 57, ise, 64, 1, 1, 12, 684, 864, 23218, 934
  result is correct!
! 57, ise, 64, 1, 1, 16, 912, 1330, 22590, 1399
  result is correct!
! 57, ise, 64, 1, 1, 20, 1140, 1867, 22816, 1977
  result is correct!
! 57, ise, 64, 1, 1, 24, 1368, 2505, 23343, 2635
  result is correct!
! 57, ise, 64, 1, 1, 28, 1596, 3239, 24175, 3409
  result is correct!
! 57, ise, 64, 1, 1, 32, 1824, 4069, 24829, 4261
  result is correct!
! 57, ise, 64, 1, 1, 36, 2052, 4995, 179251, 5417
  result is correct!
! 57, ise, 64, 1, 1, 40, 2280, 6017, 26714, 6290
  result is correct!
! 57, ise, 64, 1, 1, 44, 2508, 7135, 28156, 7472
  result is correct!
! 57, ise, 64, 1, 1, 48, 2736, 8349, 29849, 8749
  result is correct!
! 57, ise, 64, 1, 1, 52, 2964, 9659, 30651, 10119
  result is correct!
! 57, ise, 64, 1, 1, 56, 3192, 11065, 32607, 11568
  result is correct!
! 57, ise, 64, 1, 1, 60, 3420, 12567, 156708, 13287
  result is correct!
! 57, ise, 64, 1, 1, 64, 3648, 14165, 35719, 14810
  result is correct!
! 57, ise, 64, 1, 1, 68, 3876, 15859, 36751, 16565
  result is correct!
! 57, ise, 64, 1, 1, 72, 4104, 17649, 159413, 18650
  result is correct!
-----------------Showing intmul-rv64_ise_57_simple.log-----------------
! 57, ise, 64, 1, 1, 8, 456, 1005, 21683, 1046
  result is correct!
! 57, ise, 64, 1, 1, 12, 684, 2018, 22878, 2100
  result is correct!
! 57, ise, 64, 1, 1, 16, 912, 3382, 24194, 3525
  result is correct!
! 57, ise, 64, 1, 1, 20, 1140, 5098, 26524, 5324
  result is correct!
! 57, ise, 64, 1, 1, 24, 1368, 7166, 27831, 7471
  result is correct!
! 57, ise, 64, 1, 1, 28, 1596, 9586, 30122, 9993
  result is correct!
! 57, ise, 64, 1, 1, 32, 1824, 12358, 82091, 12950
  result is correct!
! 57, ise, 64, 1, 1, 36, 2052, 15482, 36254, 16155
  result is correct!
! 57, ise, 64, 1, 1, 40, 2280, 18958, 160397, 19908
  result is correct!
! 57, ise, 64, 1, 1, 44, 2508, 22786, 163770, 23899
  result is correct!
! 57, ise, 64, 1, 1, 48, 2736, 26966, 166638, 28262
  result is correct!
! 57, ise, 64, 1, 1, 52, 2964, 31498, 172234, 33105
  result is correct!
! 57, ise, 64, 1, 1, 56, 3192, 36382, 175850, 38116
  result is correct!
! 57, ise, 64, 1, 1, 60, 3420, 41618, 181436, 43575
  result is correct!
! 57, ise, 64, 1, 1, 64, 3648, 47206, 186457, 49405
  result is correct!
! 57, ise, 64, 1, 1, 68, 3876, 53146, 192982, 55660
  result is correct!
! 57, ise, 64, 1, 1, 72, 4104, 59438, 198915, 62282
  result is correct!
-----------------Showing intmul-rv64_ise_58_hybrid.log-----------------
! 58, ise, 64, 1, 1, 8, 464, 505, 22580, 556
  result is correct!
! 58, ise, 64, 1, 1, 12, 696, 871, 22725, 922
  result is correct!
! 58, ise, 64, 1, 1, 16, 928, 1329, 22506, 1419
  result is correct!
! 58, ise, 64, 1, 1, 20, 1160, 1866, 22761, 1976
  result is correct!
! 58, ise, 64, 1, 1, 24, 1392, 2504, 23475, 2634
  result is correct!
! 58, ise, 64, 1, 1, 28, 1624, 3238, 24081, 3409
  result is correct!
! 58, ise, 64, 1, 1, 32, 1856, 4068, 24957, 4259
  result is correct!
! 58, ise, 64, 1, 1, 36, 2088, 4994, 26068, 5227
  result is correct!
! 58, ise, 64, 1, 1, 40, 2320, 6016, 78347, 6374
  result is correct!
! 58, ise, 64, 1, 1, 44, 2552, 7134, 27922, 7469
  result is correct!
! 58, ise, 64, 1, 1, 48, 2784, 8348, 29219, 8745
  result is correct!
! 58, ise, 64, 1, 1, 52, 3016, 9658, 76719, 10175
  result is correct!
! 58, ise, 64, 1, 1, 56, 3248, 11064, 32051, 11564
  result is correct!
! 58, ise, 64, 1, 1, 60, 3480, 12566, 158686, 13320
  result is correct!
! 58, ise, 64, 1, 1, 64, 3712, 14164, 34804, 14801
  result is correct!
-----------------Showing intmul-rv64_ise_58_simple.log-----------------
! 58, ise, 64, 1, 1, 8, 464, 1006, 21803, 1027
  result is correct!
! 58, ise, 64, 1, 1, 12, 696, 2018, 22842, 2120
  result is correct!
! 58, ise, 64, 1, 1, 16, 928, 3382, 24319, 3526
  result is correct!
! 58, ise, 64, 1, 1, 20, 1160, 5098, 25919, 5323
  result is correct!
! 58, ise, 64, 1, 1, 24, 1392, 7166, 27816, 7472
  result is correct!
! 58, ise, 64, 1, 1, 28, 1624, 9586, 170715, 10138
  result is correct!
! 58, ise, 64, 1, 1, 32, 1856, 12358, 33141, 12892
  result is correct!
! 58, ise, 64, 1, 1, 36, 2088, 15482, 154860, 16336
  result is correct!
! 58, ise, 64, 1, 1, 40, 2320, 18958, 40469, 19757
  result is correct!
! 58, ise, 64, 1, 1, 44, 2552, 22786, 44250, 23766
  result is correct!
! 58, ise, 64, 1, 1, 48, 2784, 26966, 84381, 28155
  result is correct!
! 58, ise, 64, 1, 1, 52, 3016, 31498, 171688, 33032
  result is correct!
! 58, ise, 64, 1, 1, 56, 3248, 36382, 177741, 38073
  result is correct!
! 58, ise, 64, 1, 1, 60, 3480, 41618, 180158, 43599
  result is correct!
! 58, ise, 64, 1, 1, 64, 3712, 47206, 185700, 49412
  result is correct!
-----------------Showing intmul-rv64_ise_59_hybrid.log-----------------
! 59, ise, 64, 1, 1, 8, 472, 509, 21972, 556
  result is correct!
! 59, ise, 64, 1, 1, 12, 708, 869, 22514, 943
  result is correct!
! 59, ise, 64, 1, 1, 16, 944, 1329, 22339, 1418
  result is correct!
! 59, ise, 64, 1, 1, 20, 1180, 1868, 23028, 1976
  result is correct!
! 59, ise, 64, 1, 1, 24, 1416, 2504, 78999, 2723
  result is correct!
! 59, ise, 64, 1, 1, 28, 1652, 3238, 24102, 3389
  result is correct!
! 59, ise, 64, 1, 1, 32, 1888, 4068, 24877, 4280
  result is correct!
-----------------Showing intmul-rv64_ise_59_simple.log-----------------
! 59, ise, 64, 1, 1, 8, 472, 1006, 21538, 1046
  result is correct!
! 59, ise, 64, 1, 1, 12, 708, 2018, 25015, 2123
  result is correct!
! 59, ise, 64, 1, 1, 16, 944, 3382, 23705, 3523
  result is correct!
! 59, ise, 64, 1, 1, 20, 1180, 5098, 25477, 5300
  result is correct!
! 59, ise, 64, 1, 1, 24, 1416, 7166, 35137, 7481
  result is correct!
! 59, ise, 64, 1, 1, 28, 1652, 9586, 154576, 10129
  result is correct!
! 59, ise, 64, 1, 1, 32, 1888, 12358, 81809, 12944
  result is correct!
-----------------Showing intmul-rv64_ise_60_hybrid.log-----------------
! 60, ise, 64, 1, 1, 8, 480, 510, 22638, 559
  result is correct!
! 60, ise, 64, 1, 1, 12, 720, 866, 22492, 933
  result is correct!
! 60, ise, 64, 1, 1, 16, 960, 1331, 21927, 1418
  result is correct!
-----------------Showing intmul-rv64_ise_60_simple.log-----------------
! 60, ise, 64, 1, 1, 8, 480, 1006, 22510, 1069
  result is correct!
! 60, ise, 64, 1, 1, 12, 720, 2018, 22444, 2099
  result is correct!
! 60, ise, 64, 1, 1, 16, 960, 3382, 156754, 3692
  result is correct!
-----------------Showing intmul-rv64_ise_61_hybrid.log-----------------
! 61, ise, 64, 1, 1, 8, 488, 460, 22136, 509
  result is correct!
-----------------Showing intmul-rv64_ise_61_simple.log-----------------
! 61, ise, 64, 1, 1, 8, 488, 1006, 21922, 1047
  result is correct!
-----------------Showing intmul-rv64_ise_64_hybrid.log-----------------
! 64, ise, 64, 1, 1, 8, 512, 580, 22287, 645
  result is correct!
! 64, ise, 64, 1, 1, 12, 768, 1178, 22503, 1284
  result is correct!
! 64, ise, 64, 1, 1, 16, 1024, 1983, 22998, 2101
  result is correct!
! 64, ise, 64, 1, 1, 20, 1280, 3004, 23980, 3184
  result is correct!
! 64, ise, 64, 1, 1, 24, 1536, 4260, 25227, 4463
  result is correct!
! 64, ise, 64, 1, 1, 28, 1792, 5694, 26719, 5998
  result is correct!
! 64, ise, 64, 1, 1, 32, 2048, 7363, 29103, 7728
  result is correct!
! 64, ise, 64, 1, 1, 36, 2304, 9248, 30114, 9695
  result is correct!
! 64, ise, 64, 1, 1, 40, 2560, 11349, 157647, 12062
  result is correct!
! 64, ise, 64, 1, 1, 44, 2816, 13666, 71752, 14347
  result is correct!
! 64, ise, 64, 1, 1, 48, 3072, 16199, 75675, 17002
  result is correct!
! 64, ise, 64, 1, 1, 52, 3328, 18948, 164485, 19970
  result is correct!
! 64, ise, 64, 1, 1, 56, 3584, 21913, 162896, 23035
  result is correct!
! 64, ise, 64, 1, 1, 60, 3840, 25094, 166824, 26375
  result is correct!
! 64, ise, 64, 1, 1, 64, 4096, 28510, 171533, 29946
  result is correct!
-----------------Showing intmul-rv64_ise_64_simple.log-----------------
! 64, ise, 64, 1, 1, 8, 512, 1121, 21606, 1162
  result is correct!
! 64, ise, 64, 1, 1, 12, 768, 2289, 22804, 2390
  result is correct!
! 64, ise, 64, 1, 1, 16, 1024, 3873, 24172, 4034
  result is correct!
! 64, ise, 64, 1, 1, 20, 1280, 5873, 26340, 6136
  result is correct!
! 64, ise, 64, 1, 1, 24, 1536, 8289, 161494, 8802
  result is correct!
! 64, ise, 64, 1, 1, 28, 1792, 11121, 31550, 11585
  result is correct!
! 64, ise, 64, 1, 1, 32, 2048, 14369, 157870, 15167
  result is correct!
! 64, ise, 64, 1, 1, 36, 2304, 18033, 38640, 18782
  result is correct!
! 64, ise, 64, 1, 1, 40, 2560, 22113, 42686, 23041
  result is correct!
! 64, ise, 64, 1, 1, 44, 2816, 26609, 47143, 27741
  result is correct!
! 64, ise, 64, 1, 1, 48, 3072, 31521, 169462, 33037
  result is correct!
! 64, ise, 64, 1, 1, 52, 3328, 36849, 177174, 38589
  result is correct!
! 64, ise, 64, 1, 1, 56, 3584, 42593, 180988, 44574
  result is correct!
! 64, ise, 64, 1, 1, 60, 3840, 48753, 187584, 50992
  result is correct!
! 64, ise, 64, 1, 1, 64, 4096, 55329, 194561, 57864
  result is correct!
# 