! 32, isa, 32, 0, 0, 8, 256, 1318, 326534, 2516
  result is correct!
! 32, isa, 32, 0, 0, 12, 384, 2726, 64059, 3939
  result is correct!
! 32, isa, 32, 0, 0, 16, 512, 4646, 66123, 6714
  result is correct!
! 32, isa, 32, 0, 0, 20, 640, 7078, 68582, 10123
  result is correct!
! 32, isa, 32, 0, 0, 24, 768, 10022, 150091, 14575
  result is correct!
! 32, isa, 32, 0, 0, 28, 896, 13478, 337686, 20141
  result is correct!
! 32, isa, 32, 0, 0, 32, 1024, 17446, 350991, 25789
  result is correct!
! 32, isa, 32, 0, 0, 36, 1152, 21926, 346894, 32446
  result is correct!
! 32, isa, 32, 0, 0, 40, 1280, 26918, 352070, 39579
  result is correct!
! 32, isa, 32, 0, 0, 44, 1408, 32422, 354851, 47748
  result is correct!
! 32, isa, 32, 0, 0, 48, 1536, 38438, 362095, 56536
  result is correct!
! 32, isa, 32, 0, 0, 52, 1664, 44966, 370802, 66106
  result is correct!
! 32, isa, 32, 0, 0, 56, 1792, 52006, 378159, 76421
  result is correct!
! 32, isa, 32, 0, 0, 60, 1920, 59558, 386064, 88046
  result is correct!
! 32, isa, 32, 0, 0, 64, 2048, 67625, 391889, 99741
  result is correct!
