! 21, isa, 32, 0, 0, 8, 168, 1226, 62247, 1771
  result is correct!
! 21, isa, 32, 0, 0, 12, 252, 2490, 63503, 3580
  result is correct!
! 21, isa, 32, 0, 0, 16, 336, 4202, 65543, 5966
  result is correct!
! 21, isa, 32, 0, 0, 20, 420, 6362, 149589, 9321
  result is correct!
! 21, isa, 32, 0, 0, 24, 504, 8970, 335531, 13632
  result is correct!
! 21, isa, 32, 0, 0, 28, 588, 12026, 178275, 17618
  result is correct!
! 21, isa, 32, 0, 0, 32, 672, 15530, 164988, 22636
  result is correct!
! 21, isa, 32, 0, 0, 36, 756, 19482, 170277, 28369
  result is correct!
! 21, isa, 32, 0, 0, 40, 840, 23882, 349319, 35511
  result is correct!
! 21, isa, 32, 0, 0, 44, 924, 28730, 178642, 41904
  result is correct!
! 21, isa, 32, 0, 0, 48, 1008, 34026, 359582, 50006
  result is correct!
! 21, isa, 32, 0, 0, 52, 1092, 39770, 364714, 59033
  result is correct!
! 21, isa, 32, 0, 0, 56, 1176, 45962, 370660, 67775
  result is correct!
! 21, isa, 32, 0, 0, 60, 1260, 52602, 375869, 77351
  result is correct!
! 21, isa, 32, 0, 0, 64, 1344, 59690, 385374, 88222
  result is correct!
! 21, isa, 32, 0, 0, 68, 1428, 67226, 393203, 99157
  result is correct!
! 21, isa, 32, 0, 0, 72, 1512, 75211, 402787, 111036
  result is correct!
