! 24, isa, 32, 0, 0, 8, 192, 838, 63914, 1214
  result is correct!
! 24, isa, 32, 0, 0, 12, 288, 1623, 148344, 2469
  result is correct!
! 24, isa, 32, 0, 0, 16, 384, 2672, 66144, 3868
  result is correct!
! 24, isa, 32, 0, 0, 20, 480, 3947, 184223, 5970
  result is correct!
! 24, isa, 32, 0, 0, 24, 576, 5480, 69168, 8002
  result is correct!
! 24, isa, 32, 0, 0, 28, 672, 7267, 153913, 10784
  result is correct!
! 24, isa, 32, 0, 0, 32, 768, 9308, 335261, 14296
  result is correct!
! 24, isa, 32, 0, 0, 36, 864, 11603, 166331, 17169
  result is correct!
! 24, isa, 32, 0, 0, 40, 960, 14152, 168267, 21033
  result is correct!
! 24, isa, 32, 0, 0, 44, 1056, 16955, 170954, 25178
  result is correct!
! 24, isa, 32, 0, 0, 48, 1152, 20012, 172785, 29588
  result is correct!
! 24, isa, 32, 0, 0, 52, 1248, 23323, 350233, 35089
  result is correct!
! 24, isa, 32, 0, 0, 56, 1344, 26888, 181802, 39969
  result is correct!
! 24, isa, 32, 0, 0, 60, 1440, 30707, 358214, 46111
  result is correct!
! 24, isa, 32, 0, 0, 64, 1536, 34780, 363174, 52190
  result is correct!
! 24, isa, 32, 0, 0, 68, 1632, 39107, 367242, 59087
  result is correct!
! 24, isa, 32, 0, 0, 72, 1728, 43688, 374112, 65783
  result is correct!
