! 20, ise, 32, 0, 0, 8, 160, 476, 62948, 662
  result is correct!
! 20, ise, 32, 0, 0, 12, 240, 845, 63081, 1218
  result is correct!
! 20, ise, 32, 0, 0, 16, 320, 1308, 63833, 1930
  result is correct!
! 20, ise, 32, 0, 0, 20, 400, 1847, 145518, 2817
  result is correct!
! 20, ise, 32, 0, 0, 24, 480, 2486, 65372, 3609
  result is correct!
! 20, ise, 32, 0, 0, 28, 560, 3221, 66087, 4657
  result is correct!
! 20, ise, 32, 0, 0, 32, 640, 4052, 149116, 6031
  result is correct!
! 20, ise, 32, 0, 0, 36, 720, 4979, 68183, 7233
  result is correct!
! 20, ise, 32, 0, 0, 40, 800, 6002, 146183, 8890
  result is correct!
! 20, ise, 32, 0, 0, 44, 880, 7121, 334496, 11070
  result is correct!
! 20, ise, 32, 0, 0, 48, 960, 8336, 162048, 12445
  result is correct!
! 20, ise, 32, 0, 0, 52, 1040, 9647, 338093, 14674
  result is correct!
! 20, ise, 32, 0, 0, 56, 1120, 11054, 75004, 16168
  result is correct!
! 20, ise, 32, 0, 0, 60, 1200, 12557, 165260, 18526
  result is correct!
! 20, ise, 32, 0, 0, 64, 1280, 14156, 168261, 20854
  result is correct!
! 20, ise, 32, 0, 0, 68, 1360, 15851, 344462, 24182
  result is correct!
! 20, ise, 32, 0, 0, 72, 1440, 17642, 344011, 26624
  result is correct!
