! 20, ise, 32, 0, 0, 8, 160, 1018, 62853, 1509
  result is correct!
! 20, ise, 32, 0, 0, 12, 240, 2034, 63623, 2891
  result is correct!
! 20, ise, 32, 0, 0, 16, 320, 3402, 329561, 5411
  result is correct!
! 20, ise, 32, 0, 0, 20, 400, 5122, 184315, 7586
  result is correct!
! 20, ise, 32, 0, 0, 24, 480, 7194, 69177, 10317
  result is correct!
! 20, ise, 32, 0, 0, 28, 560, 9618, 177836, 14030
  result is correct!
! 20, ise, 32, 0, 0, 32, 640, 12394, 338627, 18652
  result is correct!
! 20, ise, 32, 0, 0, 36, 720, 15522, 158813, 22554
  result is correct!
! 20, ise, 32, 0, 0, 40, 800, 19002, 343374, 28173
  result is correct!
! 20, ise, 32, 0, 0, 44, 880, 22834, 349200, 33759
  result is correct!
! 20, ise, 32, 0, 0, 48, 960, 27018, 176904, 39347
  result is correct!
! 20, ise, 32, 0, 0, 52, 1040, 31554, 356069, 46544
  result is correct!
! 20, ise, 32, 0, 0, 56, 1120, 36442, 360761, 53585
  result is correct!
! 20, ise, 32, 0, 0, 60, 1200, 41682, 369862, 61514
  result is correct!
! 20, ise, 32, 0, 0, 64, 1280, 47274, 372166, 69542
  result is correct!
! 20, ise, 32, 0, 0, 68, 1360, 53218, 379098, 78916
  result is correct!
! 20, ise, 32, 0, 0, 72, 1440, 59514, 385432, 88180
  result is correct!
