! 28, isa, 32, 0, 0, 8, 224, 1220, 62321, 1706
  result is correct!
! 28, isa, 32, 0, 0, 12, 336, 2480, 64581, 3577
  result is correct!
! 28, isa, 32, 0, 0, 16, 448, 4188, 66071, 6079
  result is correct!
! 28, isa, 32, 0, 0, 20, 560, 6344, 332956, 9959
  result is correct!
! 28, isa, 32, 0, 0, 24, 672, 8948, 151592, 12956
  result is correct!
! 28, isa, 32, 0, 0, 28, 784, 12000, 338157, 17869
  result is correct!
! 28, isa, 32, 0, 0, 32, 896, 15500, 341061, 23133
  result is correct!
! 28, isa, 32, 0, 0, 36, 1008, 19448, 344195, 29063
  result is correct!
! 28, isa, 32, 0, 0, 40, 1120, 23844, 346303, 35222
  result is correct!
! 28, isa, 32, 0, 0, 44, 1232, 28688, 351304, 42381
  result is correct!
! 28, isa, 32, 0, 0, 48, 1344, 33980, 358278, 50169
  result is correct!
! 28, isa, 32, 0, 0, 52, 1456, 39720, 365075, 58688
  result is correct!
! 28, isa, 32, 0, 0, 56, 1568, 45908, 371913, 67954
  result is correct!
! 28, isa, 32, 0, 0, 60, 1680, 52544, 379443, 77835
  result is correct!
! 28, isa, 32, 0, 0, 64, 1792, 59628, 387195, 88441
  result is correct!
! 28, isa, 32, 0, 0, 68, 1904, 67160, 394674, 99604
  result is correct!
! 28, isa, 32, 0, 0, 72, 2016, 75140, 401908, 111083
  result is correct!
