! 22, isa, 32, 0, 0, 8, 176, 1226, 62151, 1771
  result is correct!
! 22, isa, 32, 0, 0, 12, 264, 2490, 63608, 3580
  result is correct!
! 22, isa, 32, 0, 0, 16, 352, 4202, 147923, 6188
  result is correct!
! 22, isa, 32, 0, 0, 20, 440, 6362, 67931, 9162
  result is correct!
! 22, isa, 32, 0, 0, 24, 528, 8970, 70537, 12927
  result is correct!
! 22, isa, 32, 0, 0, 28, 616, 12026, 337278, 17953
  result is correct!
! 22, isa, 32, 0, 0, 32, 704, 15530, 339113, 23023
  result is correct!
! 22, isa, 32, 0, 0, 36, 792, 19482, 343761, 28594
  result is correct!
! 22, isa, 32, 0, 0, 40, 880, 23882, 349900, 35382
  result is correct!
! 22, isa, 32, 0, 0, 44, 968, 28730, 353550, 42375
  result is correct!
! 22, isa, 32, 0, 0, 48, 1056, 34026, 358075, 50011
  result is correct!
! 22, isa, 32, 0, 0, 52, 1144, 39770, 361802, 58454
  result is correct!
! 22, isa, 32, 0, 0, 56, 1232, 45962, 371755, 68052
  result is correct!
! 22, isa, 32, 0, 0, 60, 1320, 52602, 378028, 77686
  result is correct!
! 22, isa, 32, 0, 0, 64, 1408, 59690, 385046, 88274
  result is correct!
! 22, isa, 32, 0, 0, 68, 1496, 67226, 392918, 99007
  result is correct!
! 22, isa, 32, 0, 0, 72, 1584, 75210, 402065, 110789
  result is correct!
