! 21, ise, 32, 0, 0, 8, 168, 476, 62342, 723
  result is correct!
! 21, ise, 32, 0, 0, 12, 252, 845, 181602, 1415
  result is correct!
! 21, ise, 32, 0, 0, 16, 336, 1308, 63978, 1930
  result is correct!
! 21, ise, 32, 0, 0, 20, 420, 1847, 64759, 2657
  result is correct!
! 21, ise, 32, 0, 0, 24, 504, 2486, 65232, 3547
  result is correct!
! 21, ise, 32, 0, 0, 28, 588, 3221, 66107, 4719
  result is correct!
! 21, ise, 32, 0, 0, 32, 672, 4052, 147478, 6029
  result is correct!
! 21, ise, 32, 0, 0, 36, 756, 4979, 174387, 7423
  result is correct!
! 21, ise, 32, 0, 0, 40, 840, 6002, 70230, 8763
  result is correct!
! 21, ise, 32, 0, 0, 44, 924, 7121, 152313, 10548
  result is correct!
! 21, ise, 32, 0, 0, 48, 1008, 8336, 336157, 12944
  result is correct!
! 21, ise, 32, 0, 0, 52, 1092, 9647, 154677, 14221
  result is correct!
! 21, ise, 32, 0, 0, 56, 1176, 11054, 156430, 16274
  result is correct!
! 21, ise, 32, 0, 0, 60, 1260, 12557, 340196, 18988
  result is correct!
! 21, ise, 32, 0, 0, 64, 1344, 14156, 167476, 20886
  result is correct!
! 21, ise, 32, 0, 0, 68, 1428, 15851, 169863, 23515
  result is correct!
! 21, ise, 32, 0, 0, 72, 1512, 17642, 180315, 26307
  result is correct!
