! 25, ise, 32, 0, 0, 8, 200, 1018, 62192, 1447
  result is correct!
! 25, ise, 32, 0, 0, 12, 300, 2034, 63068, 2888
  result is correct!
! 25, ise, 32, 0, 0, 16, 400, 3402, 163037, 5208
  result is correct!
! 25, ise, 32, 0, 0, 20, 500, 5122, 66505, 7377
  result is correct!
! 25, ise, 32, 0, 0, 24, 600, 7194, 183877, 10562
  result is correct!
! 25, ise, 32, 0, 0, 28, 700, 9618, 71315, 13891
  result is correct!
! 25, ise, 32, 0, 0, 32, 800, 12394, 333738, 18583
  result is correct!
! 25, ise, 32, 0, 0, 36, 900, 15522, 166100, 22487
  result is correct!
! 25, ise, 32, 0, 0, 40, 1000, 19007, 343968, 28341
  result is correct!
! 25, ise, 32, 0, 0, 44, 1100, 22834, 346603, 33510
  result is correct!
! 25, ise, 32, 0, 0, 48, 1200, 27018, 304006, 39283
  result is correct!
! 25, ise, 32, 0, 0, 52, 1300, 31554, 357242, 46625
  result is correct!
! 25, ise, 32, 0, 0, 56, 1400, 36442, 363399, 53494
  result is correct!
! 25, ise, 32, 0, 0, 60, 1500, 41682, 367877, 61242
  result is correct!
! 25, ise, 32, 0, 0, 64, 1600, 47274, 373402, 69796
  result is correct!
! 25, ise, 32, 0, 0, 68, 1700, 53223, 377862, 78551
  result is correct!
! 25, ise, 32, 0, 0, 72, 1800, 59519, 386073, 87986
  result is correct!
