! 23, ise, 32, 0, 0, 8, 184, 1018, 62173, 1449
  result is correct!
! 23, ise, 32, 0, 0, 12, 276, 2034, 63861, 2893
  result is correct!
! 23, ise, 32, 0, 0, 16, 368, 3402, 65356, 4864
  result is correct!
! 23, ise, 32, 0, 0, 20, 460, 5122, 148010, 7540
  result is correct!
! 23, ise, 32, 0, 0, 24, 552, 7194, 333381, 10749
  result is correct!
! 23, ise, 32, 0, 0, 28, 644, 9618, 151387, 14000
  result is correct!
! 23, ise, 32, 0, 0, 32, 736, 12394, 337026, 18624
  result is correct!
! 23, ise, 32, 0, 0, 36, 828, 15522, 341729, 23169
  result is correct!
! 23, ise, 32, 0, 0, 40, 920, 19002, 341932, 28278
  result is correct!
! 23, ise, 32, 0, 0, 44, 1012, 22834, 347777, 33825
  result is correct!
! 23, ise, 32, 0, 0, 48, 1104, 27018, 351905, 40131
  result is correct!
! 23, ise, 32, 0, 0, 52, 1196, 31554, 183927, 46028
  result is correct!
! 23, ise, 32, 0, 0, 56, 1288, 36442, 362169, 53880
  result is correct!
! 23, ise, 32, 0, 0, 60, 1380, 41687, 364724, 61278
  result is correct!
! 23, ise, 32, 0, 0, 64, 1472, 47274, 373437, 70135
  result is correct!
! 23, ise, 32, 0, 0, 68, 1564, 53218, 378922, 78682
  result is correct!
! 23, ise, 32, 0, 0, 72, 1656, 59514, 383742, 87676
  result is correct!
