! 27, isa, 32, 0, 0, 8, 216, 1226, 62273, 1771
  result is correct!
! 27, isa, 32, 0, 0, 12, 324, 2490, 178482, 4109
  result is correct!
! 27, isa, 32, 0, 0, 16, 432, 4202, 142364, 6173
  result is correct!
! 27, isa, 32, 0, 0, 20, 540, 6362, 149141, 9313
  result is correct!
! 27, isa, 32, 0, 0, 24, 648, 8970, 333433, 13618
  result is correct!
! 27, isa, 32, 0, 0, 28, 756, 12026, 73759, 17273
  result is correct!
! 27, isa, 32, 0, 0, 32, 864, 15530, 157880, 22528
  result is correct!
! 27, isa, 32, 0, 0, 36, 972, 19482, 161480, 28205
  result is correct!
! 27, isa, 32, 0, 0, 40, 1080, 23882, 346558, 35130
  result is correct!
! 27, isa, 32, 0, 0, 44, 1188, 28730, 180007, 41759
  result is correct!
! 27, isa, 32, 0, 0, 48, 1296, 34026, 358425, 50233
  result is correct!
! 27, isa, 32, 0, 0, 52, 1404, 39770, 364526, 58737
  result is correct!
! 27, isa, 32, 0, 0, 56, 1512, 45962, 369408, 67523
  result is correct!
! 27, isa, 32, 0, 0, 60, 1620, 52602, 378358, 77407
  result is correct!
! 27, isa, 32, 0, 0, 64, 1728, 59690, 385108, 88208
  result is correct!
! 27, isa, 32, 0, 0, 68, 1836, 67226, 393448, 99373
  result is correct!
! 27, isa, 32, 0, 0, 72, 1944, 75211, 401573, 111113
  result is correct!
