! 25, ise, 32, 0, 0, 8, 200, 476, 62409, 663
  result is correct!
! 25, ise, 32, 0, 0, 12, 300, 845, 63195, 1279
  result is correct!
! 25, ise, 32, 0, 0, 16, 400, 1308, 63752, 1930
  result is correct!
! 25, ise, 32, 0, 0, 20, 500, 1847, 64658, 2594
  result is correct!
! 25, ise, 32, 0, 0, 24, 600, 2486, 65171, 3545
  result is correct!
! 25, ise, 32, 0, 0, 28, 700, 3221, 66479, 4655
  result is correct!
! 25, ise, 32, 0, 0, 32, 800, 4052, 66986, 5802
  result is correct!
! 25, ise, 32, 0, 0, 36, 900, 4979, 176310, 7361
  result is correct!
! 25, ise, 32, 0, 0, 40, 1000, 6002, 173467, 8943
  result is correct!
! 25, ise, 32, 0, 0, 44, 1100, 7121, 70814, 10395
  result is correct!
! 25, ise, 32, 0, 0, 48, 1200, 8336, 154473, 12279
  result is correct!
! 25, ise, 32, 0, 0, 52, 1300, 9647, 73862, 14132
  result is correct!
! 25, ise, 32, 0, 0, 56, 1400, 11054, 163588, 16278
  result is correct!
! 25, ise, 32, 0, 0, 60, 1500, 12557, 204776, 18737
  result is correct!
! 25, ise, 32, 0, 0, 64, 1600, 14156, 156575, 20824
  result is correct!
! 25, ise, 32, 0, 0, 68, 1700, 15851, 161462, 23295
  result is correct!
! 25, ise, 32, 0, 0, 72, 1800, 17642, 345359, 26495
  result is correct!
