! 21, ise, 32, 0, 0, 8, 168, 1018, 62224, 1449
  result is correct!
! 21, ise, 32, 0, 0, 12, 252, 2034, 63453, 2953
  result is correct!
! 21, ise, 32, 0, 0, 16, 336, 3402, 65311, 4871
  result is correct!
! 21, ise, 32, 0, 0, 20, 420, 5122, 66901, 7325
  result is correct!
! 21, ise, 32, 0, 0, 24, 504, 7194, 331630, 11249
  result is correct!
! 21, ise, 32, 0, 0, 28, 588, 9618, 177125, 14189
  result is correct!
! 21, ise, 32, 0, 0, 32, 672, 12394, 74336, 17910
  result is correct!
! 21, ise, 32, 0, 0, 36, 756, 15522, 340966, 22989
  result is correct!
! 21, ise, 32, 0, 0, 40, 840, 19002, 345485, 28089
  result is correct!
! 21, ise, 32, 0, 0, 44, 924, 22834, 174677, 33469
  result is correct!
! 21, ise, 32, 0, 0, 48, 1008, 27018, 353382, 39785
  result is correct!
! 21, ise, 32, 0, 0, 52, 1092, 31554, 356656, 46561
  result is correct!
! 21, ise, 32, 0, 0, 56, 1176, 36442, 362843, 53829
  result is correct!
! 21, ise, 32, 0, 0, 60, 1260, 41682, 366812, 61385
  result is correct!
! 21, ise, 32, 0, 0, 64, 1344, 47274, 372297, 69546
  result is correct!
! 21, ise, 32, 0, 0, 68, 1428, 53218, 376672, 78866
  result is correct!
! 21, ise, 32, 0, 0, 72, 1512, 59519, 384581, 87499
  result is correct!
