! 22, isa, 32, 0, 0, 8, 176, 837, 64241, 1216
  result is correct!
! 22, isa, 32, 0, 0, 12, 264, 1622, 65198, 2376
  result is correct!
! 22, isa, 32, 0, 0, 16, 352, 2671, 66508, 3808
  result is correct!
! 22, isa, 32, 0, 0, 20, 440, 3946, 67313, 5775
  result is correct!
! 22, isa, 32, 0, 0, 24, 528, 5479, 150159, 8166
  result is correct!
! 22, isa, 32, 0, 0, 28, 616, 7266, 71239, 10622
  result is correct!
! 22, isa, 32, 0, 0, 32, 704, 9307, 154256, 13779
  result is correct!
! 22, isa, 32, 0, 0, 36, 792, 11602, 339940, 17789
  result is correct!
! 22, isa, 32, 0, 0, 40, 880, 14151, 340672, 21550
  result is correct!
! 22, isa, 32, 0, 0, 44, 968, 16954, 345202, 25881
  result is correct!
! 22, isa, 32, 0, 0, 48, 1056, 20011, 347178, 30113
  result is correct!
! 22, isa, 32, 0, 0, 52, 1144, 23322, 351568, 35092
  result is correct!
! 22, isa, 32, 0, 0, 56, 1232, 26887, 354659, 40484
  result is correct!
! 22, isa, 32, 0, 0, 60, 1320, 30706, 184911, 45526
  result is correct!
! 22, isa, 32, 0, 0, 64, 1408, 34779, 363389, 52649
  result is correct!
! 22, isa, 32, 0, 0, 68, 1496, 39106, 367140, 58483
  result is correct!
! 22, isa, 32, 0, 0, 72, 1584, 43687, 371873, 65516
  result is correct!
