! 22, ise, 32, 0, 0, 8, 176, 476, 62978, 725
  result is correct!
! 22, ise, 32, 0, 0, 12, 264, 845, 63380, 1218
  result is correct!
! 22, ise, 32, 0, 0, 16, 352, 1308, 63871, 1869
  result is correct!
! 22, ise, 32, 0, 0, 20, 440, 1847, 64622, 2657
  result is correct!
! 22, ise, 32, 0, 0, 24, 528, 2486, 146243, 3771
  result is correct!
! 22, ise, 32, 0, 0, 28, 616, 3221, 66336, 4715
  result is correct!
! 22, ise, 32, 0, 0, 32, 704, 4052, 66812, 5863
  result is correct!
! 22, ise, 32, 0, 0, 36, 792, 4979, 68135, 7301
  result is correct!
! 22, ise, 32, 0, 0, 40, 880, 6002, 151723, 8864
  result is correct!
! 22, ise, 32, 0, 0, 44, 968, 7121, 348357, 11106
  result is correct!
! 22, ise, 32, 0, 0, 48, 1056, 8336, 153471, 12196
  result is correct!
! 22, ise, 32, 0, 0, 52, 1144, 9647, 346225, 14761
  result is correct!
! 22, ise, 32, 0, 0, 56, 1232, 11054, 156003, 16326
  result is correct!
! 22, ise, 32, 0, 0, 60, 1320, 12557, 76567, 18312
  result is correct!
! 22, ise, 32, 0, 0, 64, 1408, 14156, 342621, 21550
  result is correct!
! 22, ise, 32, 0, 0, 68, 1496, 15851, 344032, 24007
  result is correct!
! 22, ise, 32, 0, 0, 72, 1584, 17642, 345975, 26794
  result is correct!
