! 25, isa, 32, 0, 0, 8, 200, 837, 63888, 1215
  result is correct!
! 25, isa, 32, 0, 0, 12, 300, 1622, 64665, 2439
  result is correct!
! 25, isa, 32, 0, 0, 16, 400, 2671, 330865, 4540
  result is correct!
! 25, isa, 32, 0, 0, 20, 500, 3946, 67776, 5784
  result is correct!
! 25, isa, 32, 0, 0, 24, 600, 5479, 152274, 8176
  result is correct!
! 25, isa, 32, 0, 0, 28, 700, 7266, 336288, 11298
  result is correct!
! 25, isa, 32, 0, 0, 32, 800, 9307, 155603, 13846
  result is correct!
! 25, isa, 32, 0, 0, 36, 900, 11602, 340609, 17680
  result is correct!
! 25, isa, 32, 0, 0, 40, 1000, 14151, 343352, 21553
  result is correct!
! 25, isa, 32, 0, 0, 44, 1100, 16954, 345469, 25719
  result is correct!
! 25, isa, 32, 0, 0, 48, 1200, 20011, 348543, 30098
  result is correct!
! 25, isa, 32, 0, 0, 52, 1300, 23322, 350035, 35164
  result is correct!
! 25, isa, 32, 0, 0, 56, 1400, 26887, 354295, 40532
  result is correct!
! 25, isa, 32, 0, 0, 60, 1500, 30706, 358474, 46058
  result is correct!
! 25, isa, 32, 0, 0, 64, 1600, 34779, 364526, 52254
  result is correct!
! 25, isa, 32, 0, 0, 68, 1700, 39106, 366703, 58781
  result is correct!
! 25, isa, 32, 0, 0, 72, 1800, 43687, 372735, 65546
  result is correct!
