! 24, ise, 32, 0, 0, 8, 192, 476, 62833, 724
  result is correct!
! 24, ise, 32, 0, 0, 12, 288, 845, 160009, 1550
  result is correct!
! 24, ise, 32, 0, 0, 16, 384, 1308, 63729, 1868
  result is correct!
! 24, ise, 32, 0, 0, 20, 480, 1847, 65030, 2596
  result is correct!
! 24, ise, 32, 0, 0, 24, 576, 2486, 65114, 3669
  result is correct!
! 24, ise, 32, 0, 0, 28, 672, 3221, 147837, 4813
  result is correct!
! 24, ise, 32, 0, 0, 32, 768, 4052, 144741, 6016
  result is correct!
! 24, ise, 32, 0, 0, 36, 864, 4979, 332333, 7772
  result is correct!
! 24, ise, 32, 0, 0, 40, 960, 6002, 69761, 8759
  result is correct!
! 24, ise, 32, 0, 0, 44, 1056, 7121, 70888, 10320
  result is correct!
! 24, ise, 32, 0, 0, 48, 1152, 8336, 71859, 12112
  result is correct!
! 24, ise, 32, 0, 0, 52, 1248, 9647, 73844, 14063
  result is correct!
! 24, ise, 32, 0, 0, 56, 1344, 11054, 164471, 16494
  result is correct!
! 24, ise, 32, 0, 0, 60, 1440, 12557, 338867, 18991
  result is correct!
! 24, ise, 32, 0, 0, 64, 1536, 14156, 340648, 21338
  result is correct!
! 24, ise, 32, 0, 0, 68, 1632, 15851, 341823, 23799
  result is correct!
! 24, ise, 32, 0, 0, 72, 1728, 17642, 346474, 26435
  result is correct!
