! 20, isa, 32, 0, 0, 8, 160, 1226, 62296, 1712
  result is correct!
! 20, isa, 32, 0, 0, 12, 240, 2490, 64671, 3586
  result is correct!
! 20, isa, 32, 0, 0, 16, 320, 4202, 182120, 6222
  result is correct!
! 20, isa, 32, 0, 0, 20, 400, 6362, 67839, 9101
  result is correct!
! 20, isa, 32, 0, 0, 24, 480, 8970, 152461, 13030
  result is correct!
! 20, isa, 32, 0, 0, 28, 560, 12026, 73699, 17269
  result is correct!
! 20, isa, 32, 0, 0, 32, 640, 15530, 341520, 22980
  result is correct!
! 20, isa, 32, 0, 0, 36, 720, 19482, 344623, 28597
  result is correct!
! 20, isa, 32, 0, 0, 40, 800, 23882, 195162, 34707
  result is correct!
! 20, isa, 32, 0, 0, 44, 880, 28730, 352884, 42268
  result is correct!
! 20, isa, 32, 0, 0, 48, 960, 34026, 360652, 50116
  result is correct!
! 20, isa, 32, 0, 0, 52, 1040, 39770, 365018, 58392
  result is correct!
! 20, isa, 32, 0, 0, 56, 1120, 45962, 371147, 67315
  result is correct!
! 20, isa, 32, 0, 0, 60, 1200, 52602, 376673, 77920
  result is correct!
! 20, isa, 32, 0, 0, 64, 1280, 59690, 386327, 87942
  result is correct!
! 20, isa, 32, 0, 0, 68, 1360, 67226, 393653, 99362
  result is correct!
! 20, isa, 32, 0, 0, 72, 1440, 75211, 471432, 111766
  result is correct!
