! 26, ise, 32, 0, 0, 8, 208, 475, 62526, 661
  result is correct!
! 26, ise, 32, 0, 0, 12, 312, 844, 63745, 1280
  result is correct!
! 26, ise, 32, 0, 0, 16, 416, 1307, 64209, 1928
  result is correct!
! 26, ise, 32, 0, 0, 20, 520, 1846, 328416, 3355
  result is correct!
! 26, ise, 32, 0, 0, 24, 624, 2485, 180676, 3739
  result is correct!
! 26, ise, 32, 0, 0, 28, 728, 3220, 65839, 4655
  result is correct!
! 26, ise, 32, 0, 0, 32, 832, 4051, 150517, 6025
  result is correct!
! 26, ise, 32, 0, 0, 36, 936, 4978, 68653, 7300
  result is correct!
! 26, ise, 32, 0, 0, 40, 1040, 6001, 173500, 8950
  result is correct!
! 26, ise, 32, 0, 0, 44, 1144, 7120, 151237, 10543
  result is correct!
! 26, ise, 32, 0, 0, 48, 1248, 8335, 335324, 12961
  result is correct!
! 26, ise, 32, 0, 0, 52, 1352, 9646, 154915, 14214
  result is correct!
! 26, ise, 32, 0, 0, 56, 1456, 11053, 165562, 16331
  result is correct!
! 26, ise, 32, 0, 0, 60, 1560, 12556, 340813, 19042
  result is correct!
! 26, ise, 32, 0, 0, 64, 1664, 14155, 159024, 20765
  result is correct!
