! 26, isa, 32, 0, 0, 8, 208, 837, 64170, 1215
  result is correct!
! 26, isa, 32, 0, 0, 12, 312, 1622, 64897, 2376
  result is correct!
! 26, isa, 32, 0, 0, 16, 416, 2671, 66470, 3932
  result is correct!
! 26, isa, 32, 0, 0, 20, 520, 3946, 184166, 6137
  result is correct!
! 26, isa, 32, 0, 0, 24, 624, 5479, 69856, 8008
  result is correct!
! 26, isa, 32, 0, 0, 28, 728, 7266, 71497, 10683
  result is correct!
! 26, isa, 32, 0, 0, 32, 832, 9307, 150357, 13834
  result is correct!
! 26, isa, 32, 0, 0, 36, 936, 11602, 289115, 17278
  result is correct!
! 26, isa, 32, 0, 0, 40, 1040, 14151, 159608, 20858
  result is correct!
! 26, isa, 32, 0, 0, 44, 1144, 16954, 347000, 25466
  result is correct!
! 26, isa, 32, 0, 0, 48, 1248, 20011, 171916, 29818
  result is correct!
! 26, isa, 32, 0, 0, 52, 1352, 23322, 176248, 34571
  result is correct!
! 26, isa, 32, 0, 0, 56, 1456, 26887, 355075, 40370
  result is correct!
! 26, isa, 32, 0, 0, 60, 1560, 30706, 357732, 46223
  result is correct!
! 26, isa, 32, 0, 0, 64, 1664, 34779, 361098, 52138
  result is correct!
! 26, isa, 32, 0, 0, 68, 1768, 39106, 368103, 58495
  result is correct!
! 26, isa, 32, 0, 0, 72, 1872, 43687, 373340, 66137
  result is correct!
