! 26, ise, 32, 0, 0, 8, 208, 1019, 62516, 1444
  result is correct!
! 26, ise, 32, 0, 0, 12, 312, 2035, 63224, 2946
  result is correct!
! 26, ise, 32, 0, 0, 16, 416, 3403, 65159, 4807
  result is correct!
! 26, ise, 32, 0, 0, 20, 520, 5123, 66851, 7379
  result is correct!
! 26, ise, 32, 0, 0, 24, 624, 7195, 144921, 10462
  result is correct!
! 26, ise, 32, 0, 0, 28, 728, 9619, 152124, 14055
  result is correct!
! 26, ise, 32, 0, 0, 32, 832, 12395, 74302, 17842
  result is correct!
! 26, ise, 32, 0, 0, 36, 936, 15523, 341569, 22992
  result is correct!
! 26, ise, 32, 0, 0, 40, 1040, 19003, 343473, 28087
  result is correct!
! 26, ise, 32, 0, 0, 44, 1144, 22835, 165353, 33138
  result is correct!
! 26, ise, 32, 0, 0, 48, 1248, 27019, 350069, 39791
  result is correct!
! 26, ise, 32, 0, 0, 52, 1352, 31555, 357785, 46691
  result is correct!
! 26, ise, 32, 0, 0, 56, 1456, 36443, 360048, 53677
  result is correct!
! 26, ise, 32, 0, 0, 60, 1560, 41683, 366334, 61707
  result is correct!
! 26, ise, 32, 0, 0, 64, 1664, 47275, 373061, 69382
  result is correct!
