! 29, isa, 32, 0, 0, 8, 232, 836, 63632, 1212
  result is correct!
! 29, isa, 32, 0, 0, 12, 348, 1621, 64968, 2377
  result is correct!
! 29, isa, 32, 0, 0, 16, 464, 2670, 66146, 3933
  result is correct!
! 29, isa, 32, 0, 0, 20, 580, 3945, 68015, 5782
  result is correct!
! 29, isa, 32, 0, 0, 24, 696, 5478, 333888, 8620
  result is correct!
! 29, isa, 32, 0, 0, 28, 812, 7265, 71533, 10566
  result is correct!
! 29, isa, 32, 0, 0, 32, 928, 9306, 338248, 13957
  result is correct!
! 29, isa, 32, 0, 0, 36, 1044, 11601, 156603, 17107
  result is correct!
! 29, isa, 32, 0, 0, 40, 1160, 14150, 169690, 21101
  result is correct!
! 29, isa, 32, 0, 0, 44, 1276, 16953, 188483, 25446
  result is correct!
! 29, isa, 32, 0, 0, 48, 1392, 20010, 174038, 29743
  result is correct!
! 29, isa, 32, 0, 0, 52, 1508, 23321, 352953, 34951
  result is correct!
! 29, isa, 32, 0, 0, 56, 1624, 26886, 354164, 40517
  result is correct!
! 29, isa, 32, 0, 0, 60, 1740, 30705, 369598, 45906
  result is correct!
! 29, isa, 32, 0, 0, 64, 1856, 34778, 362854, 52155
  result is correct!
