! 22, ise, 32, 0, 0, 8, 176, 1018, 143866, 1607
  result is correct!
! 22, ise, 32, 0, 0, 12, 264, 2034, 63080, 2949
  result is correct!
! 22, ise, 32, 0, 0, 16, 352, 3402, 180140, 5059
  result is correct!
! 22, ise, 32, 0, 0, 20, 440, 5122, 67441, 7385
  result is correct!
! 22, ise, 32, 0, 0, 24, 528, 7194, 150866, 10528
  result is correct!
! 22, ise, 32, 0, 0, 28, 616, 9618, 334051, 14513
  result is correct!
! 22, ise, 32, 0, 0, 32, 704, 12394, 164005, 18242
  result is correct!
! 22, ise, 32, 0, 0, 36, 792, 15522, 157965, 22545
  result is correct!
! 22, ise, 32, 0, 0, 40, 880, 19002, 170139, 27742
  result is correct!
! 22, ise, 32, 0, 0, 44, 968, 22834, 348343, 33850
  result is correct!
! 22, ise, 32, 0, 0, 48, 1056, 27018, 350725, 39976
  result is correct!
! 22, ise, 32, 0, 0, 52, 1144, 31554, 356912, 46537
  result is correct!
! 22, ise, 32, 0, 0, 56, 1232, 36442, 362059, 53783
  result is correct!
! 22, ise, 32, 0, 0, 60, 1320, 41682, 367469, 61893
  result is correct!
! 22, ise, 32, 0, 0, 64, 1408, 47274, 371321, 69747
  result is correct!
! 22, ise, 32, 0, 0, 68, 1496, 53218, 378350, 78420
  result is correct!
! 22, ise, 32, 0, 0, 72, 1584, 59514, 384944, 87849
  result is correct!
