! 27, isa, 32, 0, 0, 8, 216, 837, 179483, 1472
  result is correct!
! 27, isa, 32, 0, 0, 12, 324, 1622, 65149, 2381
  result is correct!
! 27, isa, 32, 0, 0, 16, 432, 2671, 66193, 3873
  result is correct!
! 27, isa, 32, 0, 0, 20, 540, 3946, 67685, 5781
  result is correct!
! 27, isa, 32, 0, 0, 24, 648, 5479, 69503, 8010
  result is correct!
! 27, isa, 32, 0, 0, 28, 756, 7266, 152033, 10849
  result is correct!
! 27, isa, 32, 0, 0, 32, 864, 9307, 172018, 13966
  result is correct!
! 27, isa, 32, 0, 0, 36, 972, 11602, 75947, 17074
  result is correct!
! 27, isa, 32, 0, 0, 40, 1080, 14151, 166668, 21108
  result is correct!
! 27, isa, 32, 0, 0, 44, 1188, 16954, 170947, 25136
  result is correct!
! 27, isa, 32, 0, 0, 48, 1296, 20011, 165530, 29556
  result is correct!
! 27, isa, 32, 0, 0, 52, 1404, 23322, 351513, 35115
  result is correct!
! 27, isa, 32, 0, 0, 56, 1512, 26887, 197543, 40081
  result is correct!
! 27, isa, 32, 0, 0, 60, 1620, 30706, 358353, 46326
  result is correct!
! 27, isa, 32, 0, 0, 64, 1728, 34779, 362909, 52238
  result is correct!
! 27, isa, 32, 0, 0, 68, 1836, 39106, 368069, 59344
  result is correct!
! 27, isa, 32, 0, 0, 72, 1944, 43687, 372487, 65540
  result is correct!
