! 25, isa, 32, 0, 0, 8, 200, 1226, 62124, 1711
  result is correct!
! 25, isa, 32, 0, 0, 12, 300, 2490, 64699, 3644
  result is correct!
! 25, isa, 32, 0, 0, 16, 400, 4202, 146965, 6248
  result is correct!
! 25, isa, 32, 0, 0, 20, 500, 6362, 68323, 9166
  result is correct!
! 25, isa, 32, 0, 0, 24, 600, 8970, 175912, 13057
  result is correct!
! 25, isa, 32, 0, 0, 28, 700, 12026, 335227, 17938
  result is correct!
! 25, isa, 32, 0, 0, 32, 800, 15530, 340546, 22975
  result is correct!
! 25, isa, 32, 0, 0, 36, 900, 19482, 346770, 28832
  result is correct!
! 25, isa, 32, 0, 0, 40, 1000, 23882, 348502, 35361
  result is correct!
! 25, isa, 32, 0, 0, 44, 1100, 28730, 352546, 42376
  result is correct!
! 25, isa, 32, 0, 0, 48, 1200, 34026, 357034, 50084
  result is correct!
! 25, isa, 32, 0, 0, 52, 1300, 39770, 368134, 58410
  result is correct!
! 25, isa, 32, 0, 0, 56, 1400, 45962, 370956, 68330
  result is correct!
! 25, isa, 32, 0, 0, 60, 1500, 52602, 378737, 77821
  result is correct!
! 25, isa, 32, 0, 0, 64, 1600, 59690, 384903, 88142
  result is correct!
! 25, isa, 32, 0, 0, 68, 1700, 67226, 392935, 99116
  result is correct!
! 25, isa, 32, 0, 0, 72, 1800, 75211, 401533, 110937
  result is correct!
