! 23, isa, 32, 0, 0, 8, 184, 837, 64157, 1277
  result is correct!
! 23, isa, 32, 0, 0, 12, 276, 1622, 65455, 2379
  result is correct!
! 23, isa, 32, 0, 0, 16, 368, 2671, 66704, 3933
  result is correct!
! 23, isa, 32, 0, 0, 20, 460, 3946, 149488, 5941
  result is correct!
! 23, isa, 32, 0, 0, 24, 552, 5479, 70223, 8071
  result is correct!
! 23, isa, 32, 0, 0, 28, 644, 7266, 71435, 10619
  result is correct!
! 23, isa, 32, 0, 0, 32, 736, 9307, 74107, 13621
  result is correct!
! 23, isa, 32, 0, 0, 36, 828, 11602, 156118, 17161
  result is correct!
! 23, isa, 32, 0, 0, 40, 920, 14151, 342735, 21370
  result is correct!
! 23, isa, 32, 0, 0, 44, 1012, 16954, 345692, 25582
  result is correct!
! 23, isa, 32, 0, 0, 48, 1104, 20011, 347819, 30182
  result is correct!
! 23, isa, 32, 0, 0, 52, 1196, 23322, 177052, 34536
  result is correct!
! 23, isa, 32, 0, 0, 56, 1288, 26887, 355302, 40638
  result is correct!
! 23, isa, 32, 0, 0, 60, 1380, 30706, 359630, 46066
  result is correct!
! 23, isa, 32, 0, 0, 64, 1472, 34779, 362617, 52244
  result is correct!
! 23, isa, 32, 0, 0, 68, 1564, 39106, 365002, 58894
  result is correct!
! 23, isa, 32, 0, 0, 72, 1656, 43687, 371320, 66105
  result is correct!
