! 29, isa, 32, 0, 0, 8, 232, 1218, 62895, 1705
  result is correct!
! 29, isa, 32, 0, 0, 12, 348, 2478, 63970, 3636
  result is correct!
! 29, isa, 32, 0, 0, 16, 464, 4186, 66340, 6018
  result is correct!
! 29, isa, 32, 0, 0, 20, 580, 6342, 68403, 9155
  result is correct!
! 29, isa, 32, 0, 0, 24, 696, 8946, 334176, 13721
  result is correct!
! 29, isa, 32, 0, 0, 28, 812, 11998, 156066, 17498
  result is correct!
! 29, isa, 32, 0, 0, 32, 928, 15498, 159996, 22533
  result is correct!
! 29, isa, 32, 0, 0, 36, 1044, 19446, 161678, 28217
  result is correct!
! 29, isa, 32, 0, 0, 40, 1160, 23842, 348300, 35370
  result is correct!
! 29, isa, 32, 0, 0, 44, 1276, 28686, 354187, 42720
  result is correct!
! 29, isa, 32, 0, 0, 48, 1392, 33978, 358972, 50124
  result is correct!
! 29, isa, 32, 0, 0, 52, 1508, 39718, 365017, 59161
  result is correct!
! 29, isa, 32, 0, 0, 56, 1624, 45906, 372679, 67866
  result is correct!
! 29, isa, 32, 0, 0, 60, 1740, 52542, 376228, 77331
  result is correct!
! 29, isa, 32, 0, 0, 64, 1856, 59626, 384388, 88194
  result is correct!
