! 28, isa, 32, 0, 0, 8, 224, 838, 63799, 1277
  result is correct!
! 28, isa, 32, 0, 0, 12, 336, 1623, 65002, 2379
  result is correct!
! 28, isa, 32, 0, 0, 16, 448, 2672, 66014, 3806
  result is correct!
! 28, isa, 32, 0, 0, 20, 560, 3947, 186151, 5978
  result is correct!
! 28, isa, 32, 0, 0, 24, 672, 5480, 151900, 8168
  result is correct!
! 28, isa, 32, 0, 0, 28, 784, 7267, 335109, 11300
  result is correct!
! 28, isa, 32, 0, 0, 32, 896, 9308, 154123, 13845
  result is correct!
! 28, isa, 32, 0, 0, 36, 1008, 11603, 341018, 17788
  result is correct!
! 28, isa, 32, 0, 0, 40, 1120, 14152, 342460, 21376
  result is correct!
! 28, isa, 32, 0, 0, 44, 1232, 16955, 342750, 25520
  result is correct!
! 28, isa, 32, 0, 0, 48, 1344, 20012, 347169, 30166
  result is correct!
! 28, isa, 32, 0, 0, 52, 1456, 23323, 177626, 34823
  result is correct!
! 28, isa, 32, 0, 0, 56, 1568, 26888, 354995, 40502
  result is correct!
! 28, isa, 32, 0, 0, 60, 1680, 30707, 358520, 45959
  result is correct!
! 28, isa, 32, 0, 0, 64, 1792, 34780, 362941, 52242
  result is correct!
! 28, isa, 32, 0, 0, 68, 1904, 39107, 368282, 58599
  result is correct!
! 28, isa, 32, 0, 0, 72, 2016, 43688, 371764, 65518
  result is correct!
