! 32, ise, 32, 0, 0, 8, 256, 500, 63980, 751
  result is correct!
! 32, ise, 32, 0, 0, 12, 384, 1036, 63757, 1473
  result is correct!
! 32, ise, 32, 0, 0, 16, 512, 1754, 64498, 2441
  result is correct!
! 32, ise, 32, 0, 0, 20, 640, 2637, 65620, 3826
  result is correct!
! 32, ise, 32, 0, 0, 24, 768, 3710, 67210, 5400
  result is correct!
! 32, ise, 32, 0, 0, 28, 896, 4969, 147843, 7445
  result is correct!
! 32, ise, 32, 0, 0, 32, 1024, 6414, 334159, 9972
  result is correct!
! 32, ise, 32, 0, 0, 36, 1152, 8045, 176608, 11947
  result is correct!
! 32, ise, 32, 0, 0, 40, 1280, 9862, 337188, 15014
  result is correct!
! 32, ise, 32, 0, 0, 44, 1408, 11865, 182839, 17793
  result is correct!
! 32, ise, 32, 0, 0, 48, 1536, 14054, 168678, 20903
  result is correct!
! 32, ise, 32, 0, 0, 52, 1664, 16429, 170916, 24302
  result is correct!
! 32, ise, 32, 0, 0, 56, 1792, 18990, 173157, 28075
  result is correct!
! 32, ise, 32, 0, 0, 60, 1920, 21737, 176164, 32308
  result is correct!
! 32, ise, 32, 0, 0, 64, 2048, 24682, 352625, 37074
  result is correct!
