! 26, isa, 32, 0, 0, 8, 208, 1226, 64455, 1776
  result is correct!
! 26, isa, 32, 0, 0, 12, 312, 2490, 63920, 3583
  result is correct!
! 26, isa, 32, 0, 0, 16, 416, 4202, 66099, 6023
  result is correct!
! 26, isa, 32, 0, 0, 20, 520, 6362, 181735, 9291
  result is correct!
! 26, isa, 32, 0, 0, 24, 624, 8970, 70599, 12929
  result is correct!
! 26, isa, 32, 0, 0, 28, 728, 12026, 154671, 17434
  result is correct!
! 26, isa, 32, 0, 0, 32, 832, 15530, 340210, 23151
  result is correct!
! 26, isa, 32, 0, 0, 36, 936, 19482, 343349, 29068
  result is correct!
! 26, isa, 32, 0, 0, 40, 1040, 23882, 166588, 34585
  result is correct!
! 26, isa, 32, 0, 0, 44, 1144, 28730, 360462, 42286
  result is correct!
! 26, isa, 32, 0, 0, 48, 1248, 34026, 358272, 50018
  result is correct!
! 26, isa, 32, 0, 0, 52, 1352, 39770, 364616, 58364
  result is correct!
! 26, isa, 32, 0, 0, 56, 1456, 45962, 372513, 67309
  result is correct!
! 26, isa, 32, 0, 0, 60, 1560, 52602, 377452, 77293
  result is correct!
! 26, isa, 32, 0, 0, 64, 1664, 59690, 384492, 87665
  result is correct!
! 26, isa, 32, 0, 0, 68, 1768, 67226, 394948, 99453
  result is correct!
! 26, isa, 32, 0, 0, 72, 1872, 75211, 403262, 111256
  result is correct!
