! 24, isa, 32, 0, 0, 8, 192, 1220, 62483, 1767
  result is correct!
! 24, isa, 32, 0, 0, 12, 288, 2480, 326567, 3905
  result is correct!
! 24, isa, 32, 0, 0, 16, 384, 4188, 65536, 6074
  result is correct!
! 24, isa, 32, 0, 0, 20, 480, 6344, 146908, 9308
  result is correct!
! 24, isa, 32, 0, 0, 24, 576, 8948, 334322, 13520
  result is correct!
! 24, isa, 32, 0, 0, 28, 672, 12000, 155676, 17417
  result is correct!
! 24, isa, 32, 0, 0, 32, 768, 15500, 207653, 22974
  result is correct!
! 24, isa, 32, 0, 0, 36, 864, 19448, 168923, 28337
  result is correct!
! 24, isa, 32, 0, 0, 40, 960, 23844, 346546, 34996
  result is correct!
! 24, isa, 32, 0, 0, 44, 1056, 28688, 179385, 41807
  result is correct!
! 24, isa, 32, 0, 0, 48, 1152, 33980, 357389, 50032
  result is correct!
! 24, isa, 32, 0, 0, 52, 1248, 39720, 364288, 59246
  result is correct!
! 24, isa, 32, 0, 0, 56, 1344, 45908, 373314, 67504
  result is correct!
! 24, isa, 32, 0, 0, 60, 1440, 52544, 385021, 76886
  result is correct!
! 24, isa, 32, 0, 0, 64, 1536, 59628, 385386, 88004
  result is correct!
! 24, isa, 32, 0, 0, 68, 1632, 67160, 392583, 99113
  result is correct!
! 24, isa, 32, 0, 0, 72, 1728, 75140, 400844, 110883
  result is correct!
