! 24, ise, 32, 0, 0, 8, 192, 1018, 62721, 1448
  result is correct!
! 24, ise, 32, 0, 0, 12, 288, 2034, 63429, 2951
  result is correct!
! 24, ise, 32, 0, 0, 16, 384, 3402, 64731, 4929
  result is correct!
! 24, ise, 32, 0, 0, 20, 480, 5122, 330552, 7644
  result is correct!
! 24, ise, 32, 0, 0, 24, 576, 7194, 174034, 10556
  result is correct!
! 24, ise, 32, 0, 0, 28, 672, 9618, 71412, 13833
  result is correct!
! 24, ise, 32, 0, 0, 32, 768, 12394, 162757, 18160
  result is correct!
! 24, ise, 32, 0, 0, 36, 864, 15522, 164179, 22698
  result is correct!
! 24, ise, 32, 0, 0, 40, 960, 19002, 169274, 27660
  result is correct!
! 24, ise, 32, 0, 0, 44, 1056, 22834, 164000, 33209
  result is correct!
! 24, ise, 32, 0, 0, 48, 1152, 27018, 351230, 39926
  result is correct!
! 24, ise, 32, 0, 0, 52, 1248, 31554, 356882, 46517
  result is correct!
! 24, ise, 32, 0, 0, 56, 1344, 36442, 359691, 53629
  result is correct!
! 24, ise, 32, 0, 0, 60, 1440, 41682, 367524, 61343
  result is correct!
! 24, ise, 32, 0, 0, 64, 1536, 47279, 372938, 69378
  result is correct!
! 24, ise, 32, 0, 0, 68, 1632, 53218, 379430, 78287
  result is correct!
! 24, ise, 32, 0, 0, 72, 1728, 59519, 384378, 88149
  result is correct!
