! 20, isa, 32, 1, 0, 8, 160, 10, 10, 822, 834, 826
  result is correct!
! 20, isa, 32, 1, 0, 12, 240, 10, 10, 1617, 2168, 1679
  result is correct!
! 20, isa, 32, 1, 0, 16, 320, 10, 10, 2651, 3096, 2713
  result is correct!
! 20, isa, 32, 1, 0, 20, 400, 10, 10, 3930, 4371, 3989
  result is correct!
! 20, isa, 32, 1, 0, 24, 480, 10, 10, 5463, 5909, 5579
  result is correct!
! 20, isa, 32, 1, 0, 28, 560, 10, 10, 7250, 7806, 7366
  result is correct!
! 20, isa, 32, 1, 0, 32, 640, 10, 10, 9291, 9730, 9462
  result is correct!
! 20, isa, 32, 1, 0, 36, 720, 10, 10, 11586, 12144, 11812
  result is correct!
! 20, isa, 32, 1, 0, 40, 800, 10, 10, 14152, 14696, 14417
  result is correct!
! 20, isa, 32, 1, 0, 44, 880, 10, 10, 16955, 17498, 17275
  result is correct!
! 20, isa, 32, 1, 0, 48, 960, 10, 10, 20118, 20557, 20389
  result is correct!
! 20, isa, 32, 1, 0, 52, 1040, 10, 10, 23429, 23873, 23755
  result is correct!
! 20, isa, 32, 1, 0, 56, 1120, 10, 10, 26999, 27445, 27377
  result is correct!
! 20, isa, 32, 1, 0, 60, 1200, 10, 10, 31253, 31365, 31269
  result is correct!
! 20, isa, 32, 1, 0, 64, 1280, 10, 10, 35316, 35729, 35424
  result is correct!
! 20, isa, 32, 1, 0, 68, 1360, 10, 10, 39641, 40037, 39799
  result is correct!
! 20, isa, 32, 1, 0, 72, 1440, 10, 10, 44224, 44637, 44472
  result is correct!

--------------------Threshold debug data--------------------
! 20, isa, 32, 1, 0, 8, 160, 10

! @  834 822 826 826 826 826 826 826 826 826
! 20, isa, 32, 1, 0, 12, 240, 10

! @  1628 1617 1617 1623 1623 1623 1623 2168 1645 1623
! 20, isa, 32, 1, 0, 16, 320, 10

! @  3096 2779 2660 2660 2656 2660 2656 2651 2660 2656
! 20, isa, 32, 1, 0, 20, 400, 10

! @  3946 3935 3940 3930 4371 4053 3930 3930 3930 3930
! 20, isa, 32, 1, 0, 24, 480, 10

! @  5909 5591 5473 5473 5463 5874 5618 5463 5463 5463
! 20, isa, 32, 1, 0, 28, 560, 10

! @  7266 7255 7806 7267 7250 7260 7795 7267 7250 7250
! 20, isa, 32, 1, 0, 32, 640, 10

! @  9328 9296 9729 9414 9291 9730 9414 9291 9722 9414
! 20, isa, 32, 1, 0, 36, 720, 10

! @  12144 11608 12025 11709 11586 12141 11603 12014 11709 11586
! 20, isa, 32, 1, 0, 40, 800, 10

! @  14696 14157 14689 14152 14686 14157 14563 14258 14563 14258
! 20, isa, 32, 1, 0, 44, 880, 10

! @  17498 16960 17495 17386 17061 17367 17061 17483 16955 17493
! 20, isa, 32, 1, 0, 48, 960, 10

! @  20557 20446 20128 20549 20442 20118 20551 20440 20118 20541
! 20, isa, 32, 1, 0, 52, 1040, 10

! @  23865 23873 23752 23868 23429 23863 23868 23753 23858 23429
! 20, isa, 32, 1, 0, 56, 1120, 10

! @  27445 26999 27421 27434 27436 27434 27434 27432 27322 27422
! 20, isa, 32, 1, 0, 60, 1200, 10

! @  31365 31264 31268 31255 31264 31253 31263 31253 31254 31253
! 20, isa, 32, 1, 0, 64, 1280, 10

! @  35729 35320 35325 35427 35332 35326 35709 35316 35325 35433
! 20, isa, 32, 1, 0, 68, 1360, 10

! @  39690 39737 40037 39642 39769 40033 39643 39761 40037 39641
! 20, isa, 32, 1, 0, 72, 1440, 10

! @  44637 44345 44625 44339 44626 44336 44633 44337 44619 44224
