! 20, ise, 32, 1, 0, 8, 160, 10, 10, 1017, 1028, 1019
  result is correct!
! 20, ise, 32, 1, 0, 12, 240, 10, 10, 2035, 2352, 2068
  result is correct!
! 20, ise, 32, 1, 0, 16, 320, 10, 10, 3403, 3721, 3436
  result is correct!
! 20, ise, 32, 1, 0, 20, 400, 10, 10, 5123, 5439, 5187
  result is correct!
! 20, ise, 32, 1, 0, 24, 480, 10, 10, 7195, 7513, 7260
  result is correct!
! 20, ise, 32, 1, 0, 28, 560, 10, 10, 9619, 9937, 9716
  result is correct!
! 20, ise, 32, 1, 0, 32, 640, 10, 10, 12395, 12713, 12524
  result is correct!
! 20, ise, 32, 1, 0, 36, 720, 10, 10, 15524, 15841, 15685
  result is correct!
! 20, ise, 32, 1, 0, 40, 800, 10, 10, 19004, 19327, 19194
  result is correct!
! 20, ise, 32, 1, 0, 44, 880, 10, 10, 22848, 23172, 23089
  result is correct!
! 20, ise, 32, 1, 0, 48, 960, 10, 10, 27032, 27351, 27305
  result is correct!
! 20, ise, 32, 1, 0, 52, 1040, 10, 10, 31868, 32159, 31901
  result is correct!
! 20, ise, 32, 1, 0, 56, 1120, 10, 10, 36754, 37050, 36821
  result is correct!
! 20, ise, 32, 1, 0, 60, 1200, 10, 10, 41997, 42300, 42121
  result is correct!
! 20, ise, 32, 1, 0, 64, 1280, 10, 10, 47588, 47903, 47774
  result is correct!
! 20, ise, 32, 1, 0, 68, 1360, 10, 10, 53548, 53844, 53779
  result is correct!
! 20, ise, 32, 1, 0, 72, 1440, 10, 10, 60128, 60153, 60134
  result is correct!

--------------------Threshold debug data--------------------
! 20, ise, 32, 1, 0, 8, 160, 10

! @  1028 1017 1019 1019 1019 1019 1019 1019 1019 1019
! 20, ise, 32, 1, 0, 12, 240, 10

! @  2050 2035 2035 2035 2352 2036 2035 2035 2035 2035
! 20, ise, 32, 1, 0, 16, 320, 10

! @  3418 3403 3403 3403 3403 3403 3403 3721 3404 3403
! 20, ise, 32, 1, 0, 20, 400, 10

! @  5138 5436 5124 5123 5123 5123 5123 5439 5124 5123
! 20, ise, 32, 1, 0, 24, 480, 10

! @  7210 7195 7513 7196 7195 7195 7513 7196 7195 7195
! 20, ise, 32, 1, 0, 28, 560, 10

! @  9639 9619 9937 9620 9619 9936 9620 9619 9937 9620
! 20, ise, 32, 1, 0, 32, 640, 10

! @  12427 12695 12408 12395 12713 12396 12695 12408 12395 12711
! 20, ise, 32, 1, 0, 36, 720, 10

! @  15555 15841 15524 15840 15524 15839 15524 15841 15524 15841
! 20, ise, 32, 1, 0, 40, 800, 10

! @  19327 19016 19319 19004 19320 19302 19016 19319 19307 19016
! 20, ise, 32, 1, 0, 44, 880, 10

! @  23172 23139 23151 22848 23153 23136 23148 22848 23151 23152
! 20, ise, 32, 1, 0, 48, 960, 10

! @  27351 27032 27336 27334 27338 27338 27334 27323 27335 27332
! 20, ise, 32, 1, 0, 52, 1040, 10

! @  31891 31874 31872 31873 31873 32159 31871 31868 31868 31870
! 20, ise, 32, 1, 0, 56, 1120, 10

! @  36777 36774 36760 37048 36756 36774 36761 37050 36756 36754
! 20, ise, 32, 1, 0, 60, 1200, 10

! @  42018 42014 42292 41997 42300 41998 42010 42290 42014 42286
! 20, ise, 32, 1, 0, 64, 1280, 10

! @  47903 47891 47588 47893 47606 47880 47894 47590 47893 47604
! 20, ise, 32, 1, 0, 68, 1360, 10

! @  53844 53837 53836 53837 53549 53825 53837 53837 53840 53548
! 20, ise, 32, 1, 0, 72, 1440, 10

! @  60153 60131 60133 60133 60133 60131 60135 60133 60128 60132
