! 26, ise, 32, 1, 0, 8, 208, 10, 10, 1020, 1027, 1020
  result is correct!
! 26, ise, 32, 1, 0, 12, 312, 10, 10, 2036, 2357, 2070
  result is correct!
! 26, ise, 32, 1, 0, 16, 416, 10, 10, 3404, 3722, 3437
  result is correct!
! 26, ise, 32, 1, 0, 20, 520, 10, 10, 5124, 5446, 5190
  result is correct!
! 26, ise, 32, 1, 0, 24, 624, 10, 10, 7196, 7518, 7262
  result is correct!
! 26, ise, 32, 1, 0, 28, 728, 10, 10, 9620, 9942, 9719
  result is correct!
! 26, ise, 32, 1, 0, 32, 832, 10, 10, 12396, 12718, 12528
  result is correct!
! 26, ise, 32, 1, 0, 36, 936, 10, 10, 15529, 15846, 15689
  result is correct!
! 26, ise, 32, 1, 0, 40, 1040, 10, 10, 19009, 19326, 19199
  result is correct!
! 26, ise, 32, 1, 0, 44, 1144, 10, 10, 22853, 23174, 23096
  result is correct!
! 26, ise, 32, 1, 0, 48, 1248, 10, 10, 27037, 27353, 27313
  result is correct!
! 26, ise, 32, 1, 0, 52, 1352, 10, 10, 31875, 32170, 31909
  result is correct!
! 26, ise, 32, 1, 0, 56, 1456, 10, 10, 36763, 37059, 36829
  result is correct!
! 26, ise, 32, 1, 0, 60, 1560, 10, 10, 42005, 42310, 42129
  result is correct!
! 26, ise, 32, 1, 0, 64, 1664, 10, 10, 47595, 47902, 47781
  result is correct!

--------------------Threshold debug data--------------------
! 26, ise, 32, 1, 0, 8, 208, 10

! @  1027 1020 1020 1020 1020 1020 1020 1020 1020 1020
! 26, ise, 32, 1, 0, 12, 312, 10

! @  2051 2036 2036 2036 2357 2041 2036 2036 2036 2036
! 26, ise, 32, 1, 0, 16, 416, 10

! @  3419 3404 3404 3404 3404 3404 3404 3722 3409 3404
! 26, ise, 32, 1, 0, 20, 520, 10

! @  5139 5443 5129 5124 5124 5124 5124 5446 5129 5124
! 26, ise, 32, 1, 0, 24, 624, 10

! @  7211 7196 7518 7201 7196 7196 7516 7201 7196 7196
! 26, ise, 32, 1, 0, 28, 728, 10

! @  9640 9620 9942 9625 9620 9940 9625 9620 9942 9625
! 26, ise, 32, 1, 0, 32, 832, 10

! @  12428 12702 12413 12396 12718 12401 12699 12413 12396 12716
! 26, ise, 32, 1, 0, 36, 936, 10

! @  15556 15842 15529 15846 15529 15844 15529 15845 15529 15844
! 26, ise, 32, 1, 0, 40, 1040, 10

! @  19326 19021 19326 19009 19321 19315 19021 19324 19315 19021
! 26, ise, 32, 1, 0, 44, 1144, 10

! @  23174 23145 23157 22853 23158 23145 23158 22853 23156 23163
! 26, ise, 32, 1, 0, 48, 1248, 10

! @  27353 27037 27341 27347 27343 27346 27347 27331 27344 27342
! 26, ise, 32, 1, 0, 52, 1352, 10

! @  31892 31883 31883 31882 31878 32170 31880 31878 31875 31877
! 26, ise, 32, 1, 0, 56, 1456, 10

! @  36779 36783 36771 37059 36763 36782 36771 37059 36765 36765
! 26, ise, 32, 1, 0, 60, 1560, 10

! @  42016 42021 42300 42007 42310 42005 42021 42298 42021 42300
! 26, ise, 32, 1, 0, 64, 1664, 10

! @  47902 47902 47595 47900 47611 47888 47901 47600 47902 47613
