! 28, isa, 32, 1, 0, 8, 224, 10, 10, 828, 836, 828
  result is correct!
! 28, isa, 32, 1, 0, 12, 336, 10, 10, 1616, 2158, 1676
  result is correct!
! 28, isa, 32, 1, 0, 16, 448, 10, 10, 2652, 3099, 2712
  result is correct!
! 28, isa, 32, 1, 0, 20, 560, 10, 10, 3927, 4361, 3988
  result is correct!
! 28, isa, 32, 1, 0, 24, 672, 10, 10, 5460, 5910, 5577
  result is correct!
! 28, isa, 32, 1, 0, 28, 784, 10, 10, 7247, 7802, 7365
  result is correct!
! 28, isa, 32, 1, 0, 32, 896, 10, 10, 9288, 9729, 9462
  result is correct!
! 28, isa, 32, 1, 0, 36, 1008, 10, 10, 11583, 12147, 11813
  result is correct!
! 28, isa, 32, 1, 0, 40, 1120, 10, 10, 14154, 14697, 14420
  result is correct!
! 28, isa, 32, 1, 0, 44, 1232, 10, 10, 16957, 17500, 17277
  result is correct!
! 28, isa, 32, 1, 0, 48, 1344, 10, 10, 20120, 20558, 20391
  result is correct!
! 28, isa, 32, 1, 0, 52, 1456, 10, 10, 23431, 23883, 23760
  result is correct!
! 28, isa, 32, 1, 0, 56, 1568, 10, 10, 27006, 27443, 27381
  result is correct!
! 28, isa, 32, 1, 0, 60, 1680, 10, 10, 31258, 31377, 31275
  result is correct!
! 28, isa, 32, 1, 0, 64, 1792, 10, 10, 35320, 35730, 35429
  result is correct!
! 28, isa, 32, 1, 0, 68, 1904, 10, 10, 39648, 40043, 39804
  result is correct!
! 28, isa, 32, 1, 0, 72, 2016, 10, 10, 44229, 44636, 44477
  result is correct!

--------------------Threshold debug data--------------------
! 28, isa, 32, 1, 0, 8, 224, 10

! @  836 828 828 828 828 828 828 828 828 828
! 28, isa, 32, 1, 0, 12, 336, 10

! @  1625 1619 1619 1626 1616 1619 1626 2158 1643 1616
! 28, isa, 32, 1, 0, 16, 448, 10

! @  3099 2790 2660 2660 2652 2660 2652 2652 2652 2652
! 28, isa, 32, 1, 0, 20, 560, 10

! @  3943 3937 3935 3935 4361 4055 3927 3935 3927 3927
! 28, isa, 32, 1, 0, 24, 672, 10

! @  5910 5598 5468 5468 5460 5864 5627 5460 5460 5460
! 28, isa, 32, 1, 0, 28, 784, 10

! @  7263 7257 7802 7269 7247 7255 7797 7269 7247 7247
! 28, isa, 32, 1, 0, 32, 896, 10

! @  9325 9298 9729 9416 9288 9729 9416 9288 9722 9416
! 28, isa, 32, 1, 0, 36, 1008, 10

! @  12147 11615 12024 11711 11583 12140 11605 12016 11711 11583
! 28, isa, 32, 1, 0, 40, 1120, 10

! @  14697 14164 14688 14154 14685 14159 14565 14260 14568 14260
! 28, isa, 32, 1, 0, 44, 1232, 10

! @  17500 16967 17493 17390 17063 17368 17063 17484 16957 17488
! 28, isa, 32, 1, 0, 48, 1344, 10

! @  20558 20457 20128 20549 20447 20120 20550 20446 20120 20540
! 28, isa, 32, 1, 0, 52, 1456, 10

! @  23865 23883 23757 23872 23431 23862 23876 23759 23866 23431
! 28, isa, 32, 1, 0, 56, 1568, 10

! @  27443 27006 27422 27439 27439 27438 27440 27434 27328 27429
! 28, isa, 32, 1, 0, 60, 1680, 10

! @  31377 31270 31271 31260 31265 31260 31259 31265 31258 31266
! 28, isa, 32, 1, 0, 64, 1792, 10

! @  35730 35332 35329 35441 35337 35331 35711 35320 35329 35437
! 28, isa, 32, 1, 0, 68, 1904, 10

! @  39707 39732 40039 39650 39773 40037 39650 39766 40043 39648
! 28, isa, 32, 1, 0, 72, 2016, 10

! @  44636 44356 44630 44346 44629 44343 44632 44342 44634 44229
