! 24, ise, 32, 1, 0, 8, 192, 10, 10, 1020, 1024, 1020
  result is correct!
! 24, ise, 32, 1, 0, 12, 288, 10, 10, 2036, 2355, 2069
  result is correct!
! 24, ise, 32, 1, 0, 16, 384, 10, 10, 3404, 3723, 3437
  result is correct!
! 24, ise, 32, 1, 0, 20, 480, 10, 10, 5124, 5443, 5189
  result is correct!
! 24, ise, 32, 1, 0, 24, 576, 10, 10, 7196, 7515, 7261
  result is correct!
! 24, ise, 32, 1, 0, 28, 672, 10, 10, 9620, 9939, 9717
  result is correct!
! 24, ise, 32, 1, 0, 32, 768, 10, 10, 12396, 12714, 12525
  result is correct!
! 24, ise, 32, 1, 0, 36, 864, 10, 10, 15526, 15843, 15686
  result is correct!
! 24, ise, 32, 1, 0, 40, 960, 10, 10, 19006, 19323, 19196
  result is correct!
! 24, ise, 32, 1, 0, 44, 1056, 10, 10, 22850, 23169, 23091
  result is correct!
! 24, ise, 32, 1, 0, 48, 1152, 10, 10, 27034, 27350, 27308
  result is correct!
! 24, ise, 32, 1, 0, 52, 1248, 10, 10, 31871, 32165, 31904
  result is correct!
! 24, ise, 32, 1, 0, 56, 1344, 10, 10, 36759, 37056, 36823
  result is correct!
! 24, ise, 32, 1, 0, 60, 1440, 10, 10, 42001, 42302, 42124
  result is correct!
! 24, ise, 32, 1, 0, 64, 1536, 10, 10, 47591, 47898, 47776
  result is correct!
! 24, ise, 32, 1, 0, 68, 1632, 10, 10, 53550, 53841, 53780
  result is correct!
! 24, ise, 32, 1, 0, 72, 1728, 10, 10, 60134, 60152, 60137
  result is correct!

--------------------Threshold debug data--------------------
! 24, ise, 32, 1, 0, 8, 192, 10

! @  1024 1020 1020 1020 1020 1020 1020 1020 1020 1020
! 24, ise, 32, 1, 0, 12, 288, 10

! @  2046 2036 2036 2036 2355 2038 2036 2036 2036 2036
! 24, ise, 32, 1, 0, 16, 384, 10

! @  3414 3404 3404 3404 3404 3404 3404 3723 3406 3404
! 24, ise, 32, 1, 0, 20, 480, 10

! @  5134 5441 5126 5124 5124 5124 5124 5443 5126 5124
! 24, ise, 32, 1, 0, 24, 576, 10

! @  7206 7196 7515 7198 7196 7196 7514 7198 7196 7196
! 24, ise, 32, 1, 0, 28, 672, 10

! @  9635 9620 9936 9622 9620 9939 9622 9620 9939 9622
! 24, ise, 32, 1, 0, 32, 768, 10

! @  12423 12699 12410 12396 12714 12398 12700 12410 12396 12713
! 24, ise, 32, 1, 0, 36, 864, 10

! @  15546 15843 15526 15843 15526 15843 15526 15843 15526 15843
! 24, ise, 32, 1, 0, 40, 960, 10

! @  19322 19018 19323 19006 19323 19307 19018 19322 19309 19018
! 24, ise, 32, 1, 0, 44, 1056, 10

! @  23169 23139 23150 22850 23153 23141 23152 22850 23151 23157
! 24, ise, 32, 1, 0, 48, 1152, 10

! @  27350 27034 27339 27340 27340 27341 27341 27323 27335 27338
! 24, ise, 32, 1, 0, 52, 1248, 10

! @  31890 31877 31876 31877 31876 32165 31873 31873 31871 31871
! 24, ise, 32, 1, 0, 56, 1344, 10

! @  36775 36776 36763 37050 36761 36775 36763 37056 36761 36759
! 24, ise, 32, 1, 0, 60, 1440, 10

! @  42015 42016 42291 42001 42302 42001 42017 42291 42016 42294
! 24, ise, 32, 1, 0, 64, 1536, 10

! @  47898 47897 47591 47895 47609 47884 47896 47591 47896 47605
! 24, ise, 32, 1, 0, 68, 1632, 10

! @  53841 53840 53840 53840 53553 53826 53836 53836 53840 53550
! 24, ise, 32, 1, 0, 72, 1728, 10

! @  60152 60137 60136 60138 60136 60138 60134 60136 60134 60134
