! 27, ise, 32, 1, 0, 8, 216, 10, 10, 466, 470, 466
  result is correct!
! 27, ise, 32, 1, 0, 12, 324, 10, 10, 836, 848, 837
  result is correct!
! 27, ise, 32, 1, 0, 16, 432, 10, 10, 1299, 1311, 1300
  result is correct!
! 27, ise, 32, 1, 0, 20, 540, 10, 10, 1838, 2349, 1892
  result is correct!
! 27, ise, 32, 1, 0, 24, 648, 10, 10, 2477, 2903, 2531
  result is correct!
! 27, ise, 32, 1, 0, 28, 756, 10, 10, 3212, 3743, 3266
  result is correct!
! 27, ise, 32, 1, 0, 32, 864, 10, 10, 4043, 4553, 4097
  result is correct!

--------------------Threshold debug data--------------------
! 27, ise, 32, 1, 0, 8, 216, 10

! @  470 466 466 466 466 466 466 466 466 466
! 27, ise, 32, 1, 0, 12, 324, 10

! @  848 836 836 836 836 836 836 836 836 836
! 27, ise, 32, 1, 0, 16, 432, 10

! @  1311 1299 1299 1299 1299 1299 1299 1299 1299 1299
! 27, ise, 32, 1, 0, 20, 540, 10

! @  1850 1838 1838 1838 1838 2349 1864 1838 1838 1838
! 27, ise, 32, 1, 0, 24, 648, 10

! @  2489 2903 2579 2477 2477 2477 2477 2477 2477 2477
! 27, ise, 32, 1, 0, 28, 756, 10

! @  3224 3212 3212 3212 3212 3212 3212 3212 3743 3212
! 27, ise, 32, 1, 0, 32, 864, 10

! @  4055 4043 4043 4043 4553 4069 4043 4043 4043 4043
