! 64, isa, 64, 0, 1, 8, 512, 10, 10, 746, 748, 746
  result is correct!
! 64, isa, 64, 0, 1, 12, 768, 10, 10, 1591, 2095, 1643
  result is correct!
! 64, isa, 64, 0, 1, 16, 1024, 10, 10, 2749, 3259, 2803
  result is correct!
! 64, isa, 64, 0, 1, 20, 1280, 10, 10, 4202, 4602, 4256
  result is correct!
! 64, isa, 64, 0, 1, 24, 1536, 10, 10, 5967, 6368, 6075
  result is correct!
! 64, isa, 64, 0, 1, 28, 1792, 10, 10, 8044, 8556, 8205
  result is correct!
! 64, isa, 64, 0, 1, 32, 2048, 10, 10, 10433, 10944, 10634
  result is correct!
! 64, isa, 64, 0, 1, 36, 2304, 10, 10, 13134, 13646, 13349
  result is correct!
! 64, isa, 64, 0, 1, 40, 2560, 10, 10, 16170, 16661, 16418
  result is correct!
! 64, isa, 64, 0, 1, 44, 2816, 10, 10, 19611, 19985, 19837
  result is correct!
! 64, isa, 64, 0, 1, 48, 3072, 10, 10, 23248, 23644, 23535
  result is correct!
! 64, isa, 64, 0, 1, 52, 3328, 10, 10, 27197, 27602, 27542
  result is correct!
! 64, isa, 64, 0, 1, 56, 3584, 10, 10, 31853, 32236, 31894
  result is correct!
! 64, isa, 64, 0, 1, 60, 3840, 10, 10, 36426, 36807, 36529
  result is correct!
! 64, isa, 64, 0, 1, 64, 4096, 10, 10, 41317, 41801, 41511
  result is correct!

--------------------Threshold debug data--------------------
! 64, isa, 64, 0, 1, 8, 512, 10

! @  748 746 746 746 746 746 746 746 746 746
! 64, isa, 64, 0, 1, 12, 768, 10

! @  1593 1591 1591 1591 1591 1591 1591 1591 2095 1614
! 64, isa, 64, 0, 1, 16, 1024, 10

! @  3259 2783 2749 2749 2749 2749 2749 2749 2749 2749
! 64, isa, 64, 0, 1, 20, 1280, 10

! @  4204 4202 4202 4602 4341 4202 4202 4202 4202 4202
! 64, isa, 64, 0, 1, 24, 1536, 10

! @  6110 5967 5967 5967 6367 6106 5967 5967 5967 6368
! 64, isa, 64, 0, 1, 28, 1792, 10

! @  8447 8183 8044 8044 8490 8139 8044 8044 8556 8067
! 64, isa, 64, 0, 1, 32, 2048, 10

! @  10435 10944 10456 10433 10944 10456 10834 10572 10433 10833
! 64, isa, 64, 0, 1, 36, 2304, 10

! @  13136 13646 13157 13646 13157 13535 13273 13535 13273 13134
! 64, isa, 64, 0, 1, 40, 2560, 10

! @  16574 16286 16548 16286 16548 16286 16661 16170 16660 16170
! 64, isa, 64, 0, 1, 44, 2816, 10

! @  19900 19611 19984 19897 19611 19985 19895 19611 19983 19895
! 64, isa, 64, 0, 1, 48, 3072, 10

! @  23623 23644 23532 23619 23276 23620 23538 23635 23248 23621
! 64, isa, 64, 0, 1, 52, 3328, 10

! @  27602 27597 27197 27572 27592 27594 27593 27592 27589 27493
! 64, isa, 64, 0, 1, 56, 3584, 10

! @  31858 31854 31854 31853 31854 32236 31859 31859 31858 31858
! 64, isa, 64, 0, 1, 60, 3840, 10

! @  36436 36538 36438 36807 36433 36433 36545 36426 36807 36432
! 64, isa, 64, 0, 1, 64, 4096, 10

! @  41699 41317 41801 41318 41428 41692 41317 41429 41693 41423
