! 58, ise, 64, 0, 1, 8, 464, 10, 10, 446, 449, 446
  result is correct!
! 58, ise, 64, 0, 1, 12, 696, 10, 10, 817, 820, 817
  result is correct!
! 58, ise, 64, 0, 1, 16, 928, 10, 10, 1272, 1275, 1272
  result is correct!
! 58, ise, 64, 0, 1, 20, 1160, 10, 10, 1814, 2243, 1871
  result is correct!
! 58, ise, 64, 0, 1, 24, 1392, 10, 10, 2452, 2881, 2509
  result is correct!
! 58, ise, 64, 0, 1, 28, 1624, 10, 10, 3186, 3719, 3247
  result is correct!
! 58, ise, 64, 0, 1, 32, 1856, 10, 10, 4016, 4549, 4073
  result is correct!
! 58, ise, 64, 0, 1, 36, 2088, 10, 10, 4942, 5371, 5055
  result is correct!
! 58, ise, 64, 0, 1, 40, 2320, 10, 10, 5967, 6393, 6080
  result is correct!
! 58, ise, 64, 0, 1, 44, 2552, 10, 10, 7082, 7617, 7196
  result is correct!
! 58, ise, 64, 0, 1, 48, 2784, 10, 10, 8296, 8830, 8467
  result is correct!
! 58, ise, 64, 0, 1, 52, 3016, 10, 10, 9606, 10140, 9781
  result is correct!
! 58, ise, 64, 0, 1, 56, 3248, 10, 10, 11012, 11546, 11239
  result is correct!
! 58, ise, 64, 0, 1, 60, 3480, 10, 10, 12514, 13050, 12746
  result is correct!
! 58, ise, 64, 0, 1, 64, 3712, 10, 10, 14151, 14646, 14397
  result is correct!

--------------------Threshold debug data--------------------
! 58, ise, 64, 0, 1, 8, 464, 10

! @  449 446 446 446 446 446 446 446 446 446
! 58, ise, 64, 0, 1, 12, 696, 10

! @  820 817 817 817 817 817 817 817 817 817
! 58, ise, 64, 0, 1, 16, 928, 10

! @  1275 1272 1272 1272 1272 1272 1272 1272 1272 1272
! 58, ise, 64, 0, 1, 20, 1160, 10

! @  1817 1814 1814 1814 1814 2243 1954 1814 1814 1814
! 58, ise, 64, 0, 1, 24, 1392, 10

! @  2455 2881 2592 2452 2452 2452 2452 2452 2452 2452
! 58, ise, 64, 0, 1, 28, 1624, 10

! @  3230 3186 3186 3186 3186 3186 3186 3186 3719 3225
! 58, ise, 64, 0, 1, 32, 1856, 10

! @  4019 4016 4016 4016 4549 4055 4016 4016 4016 4016
! 58, ise, 64, 0, 1, 36, 2088, 10

! @  4945 5369 5082 4942 4942 4942 4942 5371 5082 4942
! 58, ise, 64, 0, 1, 40, 2320, 10

! @  6112 5967 5967 5967 6393 6107 5967 5967 5967 6392
! 58, ise, 64, 0, 1, 44, 2552, 10

! @  7085 7082 7617 7121 7082 7082 7615 7121 7082 7082
! 58, ise, 64, 0, 1, 48, 2784, 10

! @  8729 8436 8296 8296 8830 8335 8296 8726 8436 8296
! 58, ise, 64, 0, 1, 52, 3016, 10

! @  9650 9606 10140 9645 9606 10139 9645 9606 10137 9645
! 58, ise, 64, 0, 1, 56, 3248, 10

! @  11443 11152 11012 11546 11051 11440 11152 11012 11439 11152
! 58, ise, 64, 0, 1, 60, 3480, 10

! @  12558 12941 12654 12514 13047 12553 13050 12553 12942 12654
! 58, ise, 64, 0, 1, 64, 3712, 10

! @  14646 14151 14645 14151 14551 14242 14540 14252 14540 14252
