! 50, ise, 64, 0, 1, 8, 400, 10, 10, 444, 449, 444
  result is correct!
! 50, ise, 64, 0, 1, 12, 600, 10, 10, 815, 820, 815
  result is correct!
! 50, ise, 64, 0, 1, 16, 800, 10, 10, 1275, 1280, 1275
  result is correct!
! 50, ise, 64, 0, 1, 20, 1000, 10, 10, 1812, 2241, 1869
  result is correct!
! 50, ise, 64, 0, 1, 24, 1200, 10, 10, 2450, 2881, 2507
  result is correct!
! 50, ise, 64, 0, 1, 28, 1400, 10, 10, 3184, 3721, 3244
  result is correct!
! 50, ise, 64, 0, 1, 32, 1600, 10, 10, 4014, 4546, 4071
  result is correct!
! 50, ise, 64, 0, 1, 36, 1800, 10, 10, 4940, 5371, 5054
  result is correct!
! 50, ise, 64, 0, 1, 40, 2000, 10, 10, 5965, 6391, 6079
  result is correct!
! 50, ise, 64, 0, 1, 44, 2200, 10, 10, 7080, 7616, 7195
  result is correct!
! 50, ise, 64, 0, 1, 48, 2400, 10, 10, 8294, 8827, 8466
  result is correct!
! 50, ise, 64, 0, 1, 52, 2600, 10, 10, 9604, 10142, 9781
  result is correct!
! 50, ise, 64, 0, 1, 56, 2800, 10, 10, 11010, 11546, 11240
  result is correct!
! 50, ise, 64, 0, 1, 60, 3000, 10, 10, 12512, 13049, 12746
  result is correct!
! 50, ise, 64, 0, 1, 64, 3200, 10, 10, 14151, 14648, 14397
  result is correct!
! 50, ise, 64, 0, 1, 68, 3400, 10, 10, 15850, 16337, 16094
  result is correct!
! 50, ise, 64, 0, 1, 72, 3600, 10, 10, 17635, 18132, 17895
  result is correct!

--------------------Threshold debug data--------------------
! 50, ise, 64, 0, 1, 8, 400, 10

! @  449 444 444 444 444 444 444 444 444 444
! 50, ise, 64, 0, 1, 12, 600, 10

! @  820 815 815 815 815 815 815 815 815 815
! 50, ise, 64, 0, 1, 16, 800, 10

! @  1280 1275 1275 1275 1275 1275 1275 1275 1275 1275
! 50, ise, 64, 0, 1, 20, 1000, 10

! @  1817 1812 1812 1812 1812 2241 1954 1812 1812 1812
! 50, ise, 64, 0, 1, 24, 1200, 10

! @  2455 2881 2592 2450 2450 2450 2450 2450 2450 2450
! 50, ise, 64, 0, 1, 28, 1400, 10

! @  3214 3184 3184 3184 3184 3184 3184 3184 3721 3225
! 50, ise, 64, 0, 1, 32, 1600, 10

! @  4019 4014 4014 4014 4546 4055 4014 4014 4014 4014
! 50, ise, 64, 0, 1, 36, 1800, 10

! @  4945 5369 5082 4940 4940 4940 4940 5371 5082 4940
! 50, ise, 64, 0, 1, 40, 2000, 10

! @  6112 5965 5965 5965 6391 6107 5965 5965 5965 6390
! 50, ise, 64, 0, 1, 44, 2200, 10

! @  7085 7080 7616 7121 7080 7080 7614 7121 7080 7080
! 50, ise, 64, 0, 1, 48, 2400, 10

! @  8732 8436 8294 8294 8827 8335 8294 8725 8436 8294
! 50, ise, 64, 0, 1, 52, 2600, 10

! @  9650 9604 10142 9645 9604 10140 9645 9604 10138 9645
! 50, ise, 64, 0, 1, 56, 2800, 10

! @  11445 11152 11010 11546 11051 11442 11152 11010 11440 11152
! 50, ise, 64, 0, 1, 60, 3000, 10

! @  12558 12941 12654 12512 13049 12553 13048 12553 12944 12654
! 50, ise, 64, 0, 1, 64, 3200, 10

! @  14648 14151 14648 14151 14579 14213 14542 14252 14540 14252
! 50, ise, 64, 0, 1, 68, 3400, 10

! @  15850 16337 16276 15946 16235 15946 16234 15946 16233 15946
! 50, ise, 64, 0, 1, 72, 3600, 10

! @  17741 18025 17736 18128 17977 17821 18023 17736 18132 17635
