! 52, isa, 64, 0, 1, 8, 416, 10, 10, 809, 814, 809
  result is correct!
! 52, isa, 64, 0, 1, 12, 624, 10, 10, 1596, 2009, 1657
  result is correct!
! 52, isa, 64, 0, 1, 16, 832, 10, 10, 2640, 3099, 2701
  result is correct!
! 52, isa, 64, 0, 1, 20, 1040, 10, 10, 3914, 4368, 3975
  result is correct!
! 52, isa, 64, 0, 1, 24, 1248, 10, 10, 5447, 6021, 5569
  result is correct!
! 52, isa, 64, 0, 1, 28, 1456, 10, 10, 7234, 7807, 7356
  result is correct!
! 52, isa, 64, 0, 1, 32, 1664, 10, 10, 9275, 9728, 9462
  result is correct!
! 52, isa, 64, 0, 1, 36, 1872, 10, 10, 11570, 12150, 11815
  result is correct!
! 52, isa, 64, 0, 1, 40, 2080, 10, 10, 14158, 14698, 14426
  result is correct!
! 52, isa, 64, 0, 1, 44, 2288, 10, 10, 16958, 17497, 17285
  result is correct!
! 52, isa, 64, 0, 1, 48, 2496, 10, 10, 20137, 20559, 20403
  result is correct!
! 52, isa, 64, 0, 1, 52, 2704, 10, 10, 23448, 23903, 23779
  result is correct!
! 52, isa, 64, 0, 1, 56, 2912, 10, 10, 27013, 27472, 27405
  result is correct!
! 52, isa, 64, 0, 1, 60, 3120, 10, 10, 31278, 31410, 31298
  result is correct!
! 52, isa, 64, 0, 1, 64, 3328, 10, 10, 35358, 35762, 35463
  result is correct!
! 52, isa, 64, 0, 1, 68, 3536, 10, 10, 39686, 40084, 39842
  result is correct!
! 52, isa, 64, 0, 1, 72, 3744, 10, 10, 44348, 44669, 44521
  result is correct!

--------------------Threshold debug data--------------------
! 52, isa, 64, 0, 1, 8, 416, 10

! @  814 809 809 809 809 809 809 809 809 809
! 52, isa, 64, 0, 1, 12, 624, 10

! @  1601 1596 1596 1596 1596 1596 1596 2009 1788 1596
! 52, isa, 64, 0, 1, 16, 832, 10

! @  3099 2798 2640 2640 2640 2640 2640 2640 2640 2640
! 52, isa, 64, 0, 1, 20, 1040, 10

! @  3919 3914 3914 3914 4368 4072 3914 3914 3914 3914
! 52, isa, 64, 0, 1, 24, 1248, 10

! @  5906 5605 5447 5447 5447 5447 6021 5483 5447 5447
! 52, isa, 64, 0, 1, 28, 1456, 10

! @  7239 7234 7807 7270 7234 7234 7804 7270 7234 7234
! 52, isa, 64, 0, 1, 32, 1664, 10

! @  9316 9275 9727 9433 9275 9728 9433 9275 9727 9433
! 52, isa, 64, 0, 1, 36, 1872, 10

! @  12150 11606 12024 11728 11570 12146 11606 12022 11728 11570
! 52, isa, 64, 0, 1, 40, 2080, 10

! @  14698 14158 14694 14158 14690 14163 14573 14280 14573 14280
! 52, isa, 64, 0, 1, 44, 2288, 10

! @  17497 16958 17497 17412 17080 17376 17080 17496 16958 17496
! 52, isa, 64, 0, 1, 48, 2496, 10

! @  20559 20468 20137 20554 20470 20137 20553 20468 20137 20555
! 52, isa, 64, 0, 1, 52, 2704, 10

! @  23870 23900 23779 23902 23448 23866 23903 23779 23900 23448
! 52, isa, 64, 0, 1, 56, 2912, 10

! @  27472 27013 27427 27465 27467 27465 27466 27462 27349 27465
! 52, isa, 64, 0, 1, 60, 3120, 10

! @  31410 31286 31293 31286 31285 31287 31285 31286 31285 31278
! 52, isa, 64, 0, 1, 64, 3328, 10

! @  35762 35359 35359 35477 35363 35359 35756 35358 35359 35481
! 52, isa, 64, 0, 1, 68, 3536, 10

! @  39808 39690 40083 39686 39804 40084 39687 39809 40084 39686
! 52, isa, 64, 0, 1, 72, 3744, 10

! @  44669 44387 44664 44388 44663 44383 44669 44385 44663 44348
