>>>>
====
REPO_HOME         := auto-generated-text
RISCV             := auto-generated-text
MPISE_DESTRUCTIVE := 0
MPISE_STATELESS   := 0
----
ARCH              := rv64
TYPE              := ise
RADIX             := 55
PLATFORM          := cva6-fpga
VERSION           := simple
<<<<
bbl loader
! 55, ise, 64, 0, 0, 8, 440, 1000, 992, 1006, 1006, 1006
  result is correct!
! 55, ise, 64, 0, 0, 12, 660, 1000, 990, 2018, 2018, 2018
  result is correct!
! 55, ise, 64, 0, 0, 16, 880, 1000, 984, 3382, 3382, 3382
  result is correct!
! 55, ise, 64, 0, 0, 20, 1100, 1000, 978, 5098, 5098, 5098
  result is correct!
! 55, ise, 64, 0, 0, 24, 1320, 1000, 970, 7166, 7166, 7166
  result is correct!
! 55, ise, 64, 0, 0, 28, 1540, 1000, 965, 9586, 9586, 9586
  result is correct!
! 55, ise, 64, 0, 0, 32, 1760, 1000, 951, 12358, 12358, 12358
  result is correct!
! 55, ise, 64, 0, 0, 36, 1980, 1000, 941, 15482, 15482, 15482
  result is correct!
! 55, ise, 64, 0, 0, 40, 2200, 1000, 932, 18958, 18958, 18958
  result is correct!
! 55, ise, 64, 0, 0, 44, 2420, 1000, 930, 22786, 22786, 22786
  result is correct!
! 55, ise, 64, 0, 0, 48, 2640, 1000, 905, 26966, 26966, 26966
  result is correct!
! 55, ise, 64, 0, 0, 52, 2860, 1000, 892, 31498, 31498, 31498
  result is correct!
! 55, ise, 64, 0, 0, 56, 3080, 1000, 872, 36382, 36382, 36382
  result is correct!
! 55, ise, 64, 0, 0, 60, 3300, 1000, 858, 41618, 41618, 41618
  result is correct!
! 55, ise, 64, 0, 0, 64, 3520, 1000, 839, 47206, 47206, 47206
  result is correct!
! 55, ise, 64, 0, 0, 68, 3740, 1000, 814, 53146, 53146, 53146
  result is correct!
! 55, ise, 64, 0, 0, 72, 3960, 1000, 808, 59438, 59438, 59438
  result is correct!
