>>>>
====
REPO_HOME         := auto-generated-text
RISCV             := auto-generated-text
MPISE_DESTRUCTIVE := 0
MPISE_STATELESS   := 0
----
ARCH              := rv64
TYPE              := isa
RADIX             := 55
PLATFORM          := cva6-fpga
VERSION           := hybrid
<<<<
bbl loader
! 55, isa, 64, 0, 0, 8, 440, 1000, 986, 853, 853, 853
  result is correct!
! 55, isa, 64, 0, 0, 12, 660, 1000, 980, 1640, 1640, 1640
  result is correct!
! 55, isa, 64, 0, 0, 16, 880, 1000, 973, 2676, 2676, 2676
  result is correct!
! 55, isa, 64, 0, 0, 20, 1100, 1000, 966, 3955, 3955, 3955
  result is correct!
! 55, isa, 64, 0, 0, 24, 1320, 1000, 958, 5488, 5488, 5488
  result is correct!
! 55, isa, 64, 0, 0, 28, 1540, 1000, 945, 7275, 7275, 7275
  result is correct!
! 55, isa, 64, 0, 0, 32, 1760, 1000, 931, 9316, 9316, 9316
  result is correct!
! 55, isa, 64, 0, 0, 36, 1980, 1000, 919, 11611, 11611, 11611
  result is correct!
! 55, isa, 64, 0, 0, 40, 2200, 1000, 899, 14160, 14160, 14160
  result is correct!
! 55, isa, 64, 0, 0, 44, 2420, 1000, 884, 16963, 16963, 16963
  result is correct!
! 55, isa, 64, 0, 0, 48, 2640, 1000, 863, 20020, 20020, 20020
  result is correct!
! 55, isa, 64, 0, 0, 52, 2860, 1000, 844, 23331, 23331, 23331
  result is correct!
! 55, isa, 64, 0, 0, 56, 3080, 1000, 822, 26896, 26896, 26896
  result is correct!
! 55, isa, 64, 0, 0, 60, 3300, 1000, 797, 30715, 30715, 30715
  result is correct!
! 55, isa, 64, 0, 0, 64, 3520, 1000, 773, 34788, 34788, 34788
  result is correct!
! 55, isa, 64, 0, 0, 68, 3740, 1000, 743, 39115, 39115, 39115
  result is correct!
! 55, isa, 64, 0, 0, 72, 3960, 1000, 718, 43696, 43696, 43696
  result is correct!
