>>>>
====
REPO_HOME         := auto-generated-text
RISCV             := auto-generated-text
MPISE_DESTRUCTIVE := 0
MPISE_STATELESS   := 0
----
ARCH              := rv64
TYPE              := isa
RADIX             := 61
PLATFORM          := cva6-fpga
VERSION           := simple
<<<<
bbl loader
! 61, isa, 64, 0, 0, 8, 488, 1000, 993, 1211, 1211, 1211
  result is correct!
! 61, isa, 64, 0, 0, 12, 732, 1000, 989, 2471, 2471, 2471
  result is correct!
! 61, isa, 64, 0, 0, 16, 976, 1000, 984, 4179, 4179, 4179
  result is correct!
! 61, isa, 64, 0, 0, 20, 1220, 1000, 975, 6335, 6335, 6335
  result is correct!
! 61, isa, 64, 0, 0, 24, 1464, 1000, 967, 8939, 8939, 8939
  result is correct!
! 61, isa, 64, 0, 0, 28, 1708, 1000, 958, 11991, 11991, 11991
  result is correct!
! 61, isa, 64, 0, 0, 32, 1952, 1000, 951, 15491, 15491, 15491
  result is correct!
! 61, isa, 64, 0, 0, 36, 2196, 1000, 933, 19439, 19439, 19439
  result is correct!
! 61, isa, 64, 0, 0, 40, 2440, 1000, 917, 23835, 23835, 23835
  result is correct!
! 61, isa, 64, 0, 0, 44, 2684, 1000, 901, 28679, 28679, 28679
  result is correct!
! 61, isa, 64, 0, 0, 48, 2928, 1000, 886, 33971, 33971, 33971
  result is correct!
! 61, isa, 64, 0, 0, 52, 3172, 1000, 860, 39711, 39711, 39711
  result is correct!
! 61, isa, 64, 0, 0, 56, 3416, 1000, 844, 45899, 45899, 45899
  result is correct!
! 61, isa, 64, 0, 0, 60, 3660, 1000, 822, 52535, 52535, 52535
  result is correct!
! 61, isa, 64, 0, 0, 64, 3904, 1000, 797, 59619, 59619, 59619
  result is correct!
