>>>>
====
REPO_HOME         := auto-generated-text
RISCV             := auto-generated-text
MPISE_DESTRUCTIVE := 0
MPISE_STATELESS   := 0
----
ARCH              := rv64
TYPE              := isa
RADIX             := 54
PLATFORM          := cva6-fpga
VERSION           := hybrid
<<<<
bbl loader
! 54, isa, 64, 0, 0, 8, 432, 1000, 983, 853, 853, 853
  result is correct!
! 54, isa, 64, 0, 0, 12, 648, 1000, 983, 1640, 1640, 1640
  result is correct!
! 54, isa, 64, 0, 0, 16, 864, 1000, 976, 2676, 2676, 2676
  result is correct!
! 54, isa, 64, 0, 0, 20, 1080, 1000, 969, 3955, 3955, 3955
  result is correct!
! 54, isa, 64, 0, 0, 24, 1296, 1000, 958, 5488, 5488, 5488
  result is correct!
! 54, isa, 64, 0, 0, 28, 1512, 1000, 945, 7275, 7275, 7275
  result is correct!
! 54, isa, 64, 0, 0, 32, 1728, 1000, 933, 9316, 9316, 9316
  result is correct!
! 54, isa, 64, 0, 0, 36, 1944, 1000, 916, 11611, 11611, 11611
  result is correct!
! 54, isa, 64, 0, 0, 40, 2160, 1000, 904, 14160, 14160, 14160
  result is correct!
! 54, isa, 64, 0, 0, 44, 2376, 1000, 879, 16963, 16963, 16963
  result is correct!
! 54, isa, 64, 0, 0, 48, 2592, 1000, 864, 20020, 20020, 20020
  result is correct!
! 54, isa, 64, 0, 0, 52, 2808, 1000, 843, 23331, 23331, 23331
  result is correct!
! 54, isa, 64, 0, 0, 56, 3024, 1000, 821, 26896, 26896, 26896
  result is correct!
! 54, isa, 64, 0, 0, 60, 3240, 1000, 796, 30715, 30715, 30715
  result is correct!
! 54, isa, 64, 0, 0, 64, 3456, 1000, 770, 34788, 34788, 34788
  result is correct!
! 54, isa, 64, 0, 0, 68, 3672, 1000, 741, 39115, 39115, 39115
  result is correct!
! 54, isa, 64, 0, 0, 72, 3888, 1000, 712, 43696, 43696, 43696
  result is correct!
