>>>>
====
REPO_HOME         := auto-generated-text
RISCV             := auto-generated-text
MPISE_DESTRUCTIVE := 0
MPISE_STATELESS   := 0
----
ARCH              := rv64
TYPE              := ise
RADIX             := 58
PLATFORM          := cva6-fpga
VERSION           := hybrid
<<<<
bbl loader
! 58, ise, 64, 0, 0, 8, 464, 1000, 990, 499, 499, 499
  result is correct!
! 58, ise, 64, 0, 0, 12, 696, 1000, 988, 865, 865, 865
  result is correct!
! 58, ise, 64, 0, 0, 16, 928, 1000, 988, 1325, 1325, 1325
  result is correct!
! 58, ise, 64, 0, 0, 20, 1160, 1000, 979, 1862, 1862, 1862
  result is correct!
! 58, ise, 64, 0, 0, 24, 1392, 1000, 980, 2500, 2500, 2500
  result is correct!
! 58, ise, 64, 0, 0, 28, 1624, 1000, 976, 3234, 3234, 3234
  result is correct!
! 58, ise, 64, 0, 0, 32, 1856, 1000, 972, 4064, 4064, 4064
  result is correct!
! 58, ise, 64, 0, 0, 36, 2088, 1000, 972, 4990, 4990, 4990
  result is correct!
! 58, ise, 64, 0, 0, 40, 2320, 1000, 968, 6012, 6012, 6012
  result is correct!
! 58, ise, 64, 0, 0, 44, 2552, 1000, 957, 7130, 7130, 7130
  result is correct!
! 58, ise, 64, 0, 0, 48, 2784, 1000, 958, 8344, 8344, 8344
  result is correct!
! 58, ise, 64, 0, 0, 52, 3016, 1000, 952, 9654, 9654, 9654
  result is correct!
! 58, ise, 64, 0, 0, 56, 3248, 1000, 939, 11060, 11060, 11060
  result is correct!
! 58, ise, 64, 0, 0, 60, 3480, 1000, 940, 12562, 12562, 12562
  result is correct!
! 58, ise, 64, 0, 0, 64, 3712, 1000, 927, 14160, 14160, 14160
  result is correct!
