>>>>
====
REPO_HOME         := auto-generated-text
RISCV             := auto-generated-text
MPISE_DESTRUCTIVE := 0
MPISE_STATELESS   := 0
----
ARCH              := rv64
TYPE              := isa
RADIX             := 59
PLATFORM          := cva6-fpga
VERSION           := hybrid
<<<<
bbl loader
! 59, isa, 64, 0, 0, 8, 472, 1000, 987, 853, 853, 853
  result is correct!
! 59, isa, 64, 0, 0, 12, 708, 1000, 980, 1640, 1640, 1640
  result is correct!
! 59, isa, 64, 0, 0, 16, 944, 1000, 974, 2676, 2676, 2676
  result is correct!
! 59, isa, 64, 0, 0, 20, 1180, 1000, 963, 3955, 3955, 3955
  result is correct!
! 59, isa, 64, 0, 0, 24, 1416, 1000, 951, 5488, 5488, 5488
  result is correct!
! 59, isa, 64, 0, 0, 28, 1652, 1000, 947, 7275, 7275, 7275
  result is correct!
! 59, isa, 64, 0, 0, 32, 1888, 1000, 931, 9316, 9316, 9316
  result is correct!
! 59, isa, 64, 0, 0, 36, 2124, 1000, 915, 11611, 11611, 11611
  result is correct!
! 59, isa, 64, 0, 0, 40, 2360, 1000, 903, 14160, 14160, 14160
  result is correct!
! 59, isa, 64, 0, 0, 44, 2596, 1000, 886, 16963, 16963, 16963
  result is correct!
! 59, isa, 64, 0, 0, 48, 2832, 1000, 863, 20020, 20020, 20020
  result is correct!
! 59, isa, 64, 0, 0, 52, 3068, 1000, 843, 23331, 23331, 23331
  result is correct!
! 59, isa, 64, 0, 0, 56, 3304, 1000, 822, 26896, 26896, 26896
  result is correct!
! 59, isa, 64, 0, 0, 60, 3540, 1000, 797, 30715, 30715, 30715
  result is correct!
! 59, isa, 64, 0, 0, 64, 3776, 1000, 772, 34788, 34788, 34788
  result is correct!
! 59, isa, 64, 0, 0, 68, 4012, 1000, 744, 39115, 39115, 39115
  result is correct!
! 59, isa, 64, 0, 0, 72, 4248, 1000, 715, 43696, 43696, 43696
  result is correct!
