>>>>
====
REPO_HOME         := auto-generated-text
RISCV             := auto-generated-text
MPISE_DESTRUCTIVE := 0
MPISE_STATELESS   := 0
----
ARCH              := rv64
TYPE              := isa
RADIX             := 52
PLATFORM          := cva6-fpga
VERSION           := simple
<<<<
bbl loader
! 52, isa, 64, 0, 0, 8, 416, 1000, 995, 1217, 1217, 1217
  result is correct!
! 52, isa, 64, 0, 0, 12, 624, 1000, 991, 2481, 2481, 2481
  result is correct!
! 52, isa, 64, 0, 0, 16, 832, 1000, 983, 4193, 4193, 4193
  result is correct!
! 52, isa, 64, 0, 0, 20, 1040, 1000, 979, 6353, 6353, 6353
  result is correct!
! 52, isa, 64, 0, 0, 24, 1248, 1000, 968, 8961, 8961, 8961
  result is correct!
! 52, isa, 64, 0, 0, 28, 1456, 1000, 959, 12017, 12017, 12017
  result is correct!
! 52, isa, 64, 0, 0, 32, 1664, 1000, 944, 15521, 15521, 15521
  result is correct!
! 52, isa, 64, 0, 0, 36, 1872, 1000, 932, 19473, 19473, 19473
  result is correct!
! 52, isa, 64, 0, 0, 40, 2080, 1000, 919, 23873, 23873, 23873
  result is correct!
! 52, isa, 64, 0, 0, 44, 2288, 1000, 902, 28721, 28721, 28721
  result is correct!
! 52, isa, 64, 0, 0, 48, 2496, 1000, 889, 34017, 34017, 34017
  result is correct!
! 52, isa, 64, 0, 0, 52, 2704, 1000, 872, 39761, 39761, 39761
  result is correct!
! 52, isa, 64, 0, 0, 56, 2912, 1000, 847, 45953, 45953, 45953
  result is correct!
! 52, isa, 64, 0, 0, 60, 3120, 1000, 827, 52593, 52593, 52593
  result is correct!
! 52, isa, 64, 0, 0, 64, 3328, 1000, 804, 59681, 59681, 59681
  result is correct!
! 52, isa, 64, 0, 0, 68, 3536, 1000, 781, 67217, 67217, 67217
  result is correct!
! 52, isa, 64, 0, 0, 72, 3744, 1000, 758, 75201, 75201, 75201
  result is correct!
