>>>>
====
REPO_HOME         := auto-generated-text
RISCV             := auto-generated-text
MPISE_DESTRUCTIVE := 0
MPISE_STATELESS   := 0
----
ARCH              := rv64
TYPE              := isa
RADIX             := 55
PLATFORM          := cva6-fpga
VERSION           := simple
<<<<
bbl loader
! 55, isa, 64, 0, 0, 8, 440, 1000, 994, 1217, 1217, 1217
  result is correct!
! 55, isa, 64, 0, 0, 12, 660, 1000, 992, 2481, 2481, 2481
  result is correct!
! 55, isa, 64, 0, 0, 16, 880, 1000, 990, 4193, 4193, 4193
  result is correct!
! 55, isa, 64, 0, 0, 20, 1100, 1000, 975, 6353, 6353, 6353
  result is correct!
! 55, isa, 64, 0, 0, 24, 1320, 1000, 972, 8961, 8961, 8961
  result is correct!
! 55, isa, 64, 0, 0, 28, 1540, 1000, 956, 12017, 12017, 12017
  result is correct!
! 55, isa, 64, 0, 0, 32, 1760, 1000, 945, 15521, 15521, 15521
  result is correct!
! 55, isa, 64, 0, 0, 36, 1980, 1000, 937, 19473, 19473, 19473
  result is correct!
! 55, isa, 64, 0, 0, 40, 2200, 1000, 921, 23873, 23873, 23873
  result is correct!
! 55, isa, 64, 0, 0, 44, 2420, 1000, 907, 28721, 28721, 28721
  result is correct!
! 55, isa, 64, 0, 0, 48, 2640, 1000, 888, 34017, 34017, 34017
  result is correct!
! 55, isa, 64, 0, 0, 52, 2860, 1000, 868, 39761, 39761, 39761
  result is correct!
! 55, isa, 64, 0, 0, 56, 3080, 1000, 846, 45953, 45953, 45953
  result is correct!
! 55, isa, 64, 0, 0, 60, 3300, 1000, 823, 52593, 52593, 52593
  result is correct!
! 55, isa, 64, 0, 0, 64, 3520, 1000, 802, 59681, 59681, 59681
  result is correct!
! 55, isa, 64, 0, 0, 68, 3740, 1000, 781, 67217, 67217, 67217
  result is correct!
! 55, isa, 64, 0, 0, 72, 3960, 1000, 755, 75201, 75201, 75201
  result is correct!
