>>>>
====
REPO_HOME         := auto-generated-text
RISCV             := auto-generated-text
MPISE_DESTRUCTIVE := 0
MPISE_STATELESS   := 0
----
ARCH              := rv64
TYPE              := isa
RADIX             := 50
PLATFORM          := cva6-fpga
VERSION           := hybrid
<<<<
bbl loader
! 50, isa, 64, 0, 0, 8, 400, 1000, 983, 853, 853, 853
  result is correct!
! 50, isa, 64, 0, 0, 12, 600, 1000, 980, 1640, 1640, 1640
  result is correct!
! 50, isa, 64, 0, 0, 16, 800, 1000, 844, 2676, 2676, 2676
  result is correct!
! 50, isa, 64, 0, 0, 20, 1000, 1000, 967, 3955, 3955, 3955
  result is correct!
! 50, isa, 64, 0, 0, 24, 1200, 1000, 955, 5488, 5488, 5488
  result is correct!
! 50, isa, 64, 0, 0, 28, 1400, 1000, 946, 7275, 7275, 7275
  result is correct!
! 50, isa, 64, 0, 0, 32, 1600, 1000, 933, 9316, 9316, 9316
  result is correct!
! 50, isa, 64, 0, 0, 36, 1800, 1000, 921, 11611, 11611, 11611
  result is correct!
! 50, isa, 64, 0, 0, 40, 2000, 1000, 899, 14160, 14160, 14160
  result is correct!
! 50, isa, 64, 0, 0, 44, 2200, 1000, 888, 16963, 16963, 16963
  result is correct!
! 50, isa, 64, 0, 0, 48, 2400, 1000, 859, 20020, 20020, 20020
  result is correct!
! 50, isa, 64, 0, 0, 52, 2600, 1000, 843, 23331, 23331, 23331
  result is correct!
! 50, isa, 64, 0, 0, 56, 2800, 1000, 823, 26896, 26896, 26896
  result is correct!
! 50, isa, 64, 0, 0, 60, 3000, 1000, 799, 30715, 30715, 30715
  result is correct!
! 50, isa, 64, 0, 0, 64, 3200, 1000, 773, 34788, 34788, 34788
  result is correct!
! 50, isa, 64, 0, 0, 68, 3400, 1000, 747, 39115, 39115, 39115
  result is correct!
! 50, isa, 64, 0, 0, 72, 3600, 1000, 716, 43696, 43696, 43696
  result is correct!
