>>>>
====
REPO_HOME         := auto-generated-text
RISCV             := auto-generated-text
MPISE_DESTRUCTIVE := 0
MPISE_STATELESS   := 0
----
ARCH              := rv64
TYPE              := ise
RADIX             := 55
PLATFORM          := cva6-fpga
VERSION           := hybrid
<<<<
bbl loader
! 55, ise, 64, 0, 0, 8, 440, 1000, 990, 499, 499, 499
  result is correct!
! 55, ise, 64, 0, 0, 12, 660, 1000, 989, 859, 859, 859
  result is correct!
! 55, ise, 64, 0, 0, 16, 880, 1000, 986, 1320, 1320, 1320
  result is correct!
! 55, ise, 64, 0, 0, 20, 1100, 1000, 982, 1862, 1862, 1862
  result is correct!
! 55, ise, 64, 0, 0, 24, 1320, 1000, 982, 2500, 2500, 2500
  result is correct!
! 55, ise, 64, 0, 0, 28, 1540, 1000, 971, 3234, 3234, 3234
  result is correct!
! 55, ise, 64, 0, 0, 32, 1760, 1000, 972, 4064, 4064, 4064
  result is correct!
! 55, ise, 64, 0, 0, 36, 1980, 1000, 969, 4991, 4991, 4991
  result is correct!
! 55, ise, 64, 0, 0, 40, 2200, 1000, 967, 6012, 6012, 6012
  result is correct!
! 55, ise, 64, 0, 0, 44, 2420, 1000, 960, 7130, 7130, 7130
  result is correct!
! 55, ise, 64, 0, 0, 48, 2640, 1000, 956, 8344, 8344, 8344
  result is correct!
! 55, ise, 64, 0, 0, 52, 2860, 1000, 951, 9655, 9655, 9655
  result is correct!
! 55, ise, 64, 0, 0, 56, 3080, 1000, 941, 11060, 11060, 11060
  result is correct!
! 55, ise, 64, 0, 0, 60, 3300, 1000, 937, 12562, 12562, 12562
  result is correct!
! 55, ise, 64, 0, 0, 64, 3520, 1000, 925, 14160, 14160, 14160
  result is correct!
! 55, ise, 64, 0, 0, 68, 3740, 1000, 925, 15854, 15854, 15854
  result is correct!
! 55, ise, 64, 0, 0, 72, 3960, 1000, 917, 17644, 17644, 17644
  result is correct!
