>>>>
====
REPO_HOME         := auto-generated-text
RISCV             := auto-generated-text
MPISE_DESTRUCTIVE := 0
MPISE_STATELESS   := 0
----
ARCH              := rv64
TYPE              := isa
RADIX             := 58
PLATFORM          := cva6-fpga
VERSION           := simple
<<<<
bbl loader
! 58, isa, 64, 0, 0, 8, 464, 1000, 996, 1217, 1217, 1217
  result is correct!
! 58, isa, 64, 0, 0, 12, 696, 1000, 992, 2481, 2481, 2481
  result is correct!
! 58, isa, 64, 0, 0, 16, 928, 1000, 981, 4193, 4193, 4193
  result is correct!
! 58, isa, 64, 0, 0, 20, 1160, 1000, 979, 6353, 6353, 6353
  result is correct!
! 58, isa, 64, 0, 0, 24, 1392, 1000, 971, 8961, 8961, 8961
  result is correct!
! 58, isa, 64, 0, 0, 28, 1624, 1000, 959, 12017, 12017, 12017
  result is correct!
! 58, isa, 64, 0, 0, 32, 1856, 1000, 948, 15521, 15521, 15521
  result is correct!
! 58, isa, 64, 0, 0, 36, 2088, 1000, 935, 19473, 19473, 19473
  result is correct!
! 58, isa, 64, 0, 0, 40, 2320, 1000, 920, 23873, 23873, 23873
  result is correct!
! 58, isa, 64, 0, 0, 44, 2552, 1000, 908, 28721, 28721, 28721
  result is correct!
! 58, isa, 64, 0, 0, 48, 2784, 1000, 889, 34017, 34017, 34017
  result is correct!
! 58, isa, 64, 0, 0, 52, 3016, 1000, 865, 39761, 39761, 39761
  result is correct!
! 58, isa, 64, 0, 0, 56, 3248, 1000, 847, 45953, 45953, 45953
  result is correct!
! 58, isa, 64, 0, 0, 60, 3480, 1000, 826, 52593, 52593, 52593
  result is correct!
! 58, isa, 64, 0, 0, 64, 3712, 1000, 806, 59681, 59681, 59681
  result is correct!
! 58, isa, 64, 0, 0, 68, 3944, 1000, 785, 67217, 67217, 67217
  result is correct!
! 58, isa, 64, 0, 0, 72, 4176, 1000, 750, 75201, 75201, 75201
  result is correct!
