>>>>
====
REPO_HOME         := auto-generated-text
RISCV             := auto-generated-text
MPISE_DESTRUCTIVE := 0
MPISE_STATELESS   := 0
----
ARCH              := rv64
TYPE              := isa
RADIX             := 57
PLATFORM          := cva6-fpga
VERSION           := simple
<<<<
bbl loader
! 57, isa, 64, 0, 0, 8, 456, 1000, 994, 1217, 1217, 1217
  result is correct!
! 57, isa, 64, 0, 0, 12, 684, 1000, 991, 2481, 2481, 2481
  result is correct!
! 57, isa, 64, 0, 0, 16, 912, 1000, 986, 4193, 4193, 4193
  result is correct!
! 57, isa, 64, 0, 0, 20, 1140, 1000, 977, 6353, 6353, 6353
  result is correct!
! 57, isa, 64, 0, 0, 24, 1368, 1000, 971, 8961, 8961, 8961
  result is correct!
! 57, isa, 64, 0, 0, 28, 1596, 1000, 959, 12017, 12017, 12017
  result is correct!
! 57, isa, 64, 0, 0, 32, 1824, 1000, 946, 15521, 15521, 15521
  result is correct!
! 57, isa, 64, 0, 0, 36, 2052, 1000, 935, 19473, 19473, 19473
  result is correct!
! 57, isa, 64, 0, 0, 40, 2280, 1000, 918, 23873, 23873, 23873
  result is correct!
! 57, isa, 64, 0, 0, 44, 2508, 1000, 905, 28721, 28721, 28721
  result is correct!
! 57, isa, 64, 0, 0, 48, 2736, 1000, 880, 34017, 34017, 34017
  result is correct!
! 57, isa, 64, 0, 0, 52, 2964, 1000, 869, 39761, 39761, 39761
  result is correct!
! 57, isa, 64, 0, 0, 56, 3192, 1000, 848, 45953, 45953, 45953
  result is correct!
! 57, isa, 64, 0, 0, 60, 3420, 1000, 832, 52593, 52593, 52593
  result is correct!
! 57, isa, 64, 0, 0, 64, 3648, 1000, 813, 59681, 59681, 59681
  result is correct!
! 57, isa, 64, 0, 0, 68, 3876, 1000, 781, 67217, 67217, 67217
  result is correct!
! 57, isa, 64, 0, 0, 72, 4104, 1000, 758, 75201, 75201, 75201
  result is correct!
