>>>>
====
REPO_HOME         := auto-generated-text
RISCV             := auto-generated-text
MPISE_DESTRUCTIVE := 0
MPISE_STATELESS   := 0
----
ARCH              := rv64
TYPE              := ise
RADIX             := 52
PLATFORM          := cva6-fpga
VERSION           := hybrid
<<<<
bbl loader
! 52, ise, 64, 0, 0, 8, 416, 1000, 990, 500, 500, 500
  result is correct!
! 52, ise, 64, 0, 0, 12, 624, 1000, 990, 859, 859, 859
  result is correct!
! 52, ise, 64, 0, 0, 16, 832, 1000, 986, 1320, 1320, 1320
  result is correct!
! 52, ise, 64, 0, 0, 20, 1040, 1000, 982, 1862, 1862, 1862
  result is correct!
! 52, ise, 64, 0, 0, 24, 1248, 1000, 981, 2500, 2500, 2500
  result is correct!
! 52, ise, 64, 0, 0, 28, 1456, 1000, 978, 3234, 3234, 3234
  result is correct!
! 52, ise, 64, 0, 0, 32, 1664, 1000, 972, 4064, 4064, 4064
  result is correct!
! 52, ise, 64, 0, 0, 36, 1872, 1000, 970, 4990, 4990, 4990
  result is correct!
! 52, ise, 64, 0, 0, 40, 2080, 1000, 960, 6012, 6012, 6012
  result is correct!
! 52, ise, 64, 0, 0, 44, 2288, 1000, 960, 7130, 7130, 7130
  result is correct!
! 52, ise, 64, 0, 0, 48, 2496, 1000, 957, 8344, 8344, 8344
  result is correct!
! 52, ise, 64, 0, 0, 52, 2704, 1000, 949, 9654, 9654, 9654
  result is correct!
! 52, ise, 64, 0, 0, 56, 2912, 1000, 941, 11060, 11060, 11060
  result is correct!
! 52, ise, 64, 0, 0, 60, 3120, 1000, 939, 12562, 12563, 12562
  result is correct!
! 52, ise, 64, 0, 0, 64, 3328, 1000, 931, 14160, 14160, 14160
  result is correct!
! 52, ise, 64, 0, 0, 68, 3536, 1000, 921, 15854, 15854, 15854
  result is correct!
! 52, ise, 64, 0, 0, 72, 3744, 1000, 911, 17644, 17644, 17644
  result is correct!
