>>>>
====
REPO_HOME         := auto-generated-text
RISCV             := auto-generated-text
MPISE_DESTRUCTIVE := 0
MPISE_STATELESS   := 0
----
ARCH              := rv64
TYPE              := isa
RADIX             := 60
PLATFORM          := cva6-fpga
VERSION           := hybrid
<<<<
bbl loader
! 60, isa, 64, 0, 0, 8, 480, 1000, 986, 853, 853, 853
  result is correct!
! 60, isa, 64, 0, 0, 12, 720, 1000, 979, 1640, 1640, 1640
  result is correct!
! 60, isa, 64, 0, 0, 16, 960, 1000, 973, 2676, 2676, 2676
  result is correct!
! 60, isa, 64, 0, 0, 20, 1200, 1000, 966, 3955, 3955, 3955
  result is correct!
! 60, isa, 64, 0, 0, 24, 1440, 1000, 957, 5488, 5488, 5488
  result is correct!
! 60, isa, 64, 0, 0, 28, 1680, 1000, 945, 7275, 7275, 7275
  result is correct!
! 60, isa, 64, 0, 0, 32, 1920, 1000, 931, 9316, 9316, 9316
  result is correct!
! 60, isa, 64, 0, 0, 36, 2160, 1000, 915, 11611, 11611, 11611
  result is correct!
! 60, isa, 64, 0, 0, 40, 2400, 1000, 902, 14160, 14160, 14160
  result is correct!
! 60, isa, 64, 0, 0, 44, 2640, 1000, 887, 16963, 16963, 16963
  result is correct!
! 60, isa, 64, 0, 0, 48, 2880, 1000, 866, 20020, 20020, 20020
  result is correct!
! 60, isa, 64, 0, 0, 52, 3120, 1000, 844, 23331, 23331, 23331
  result is correct!
! 60, isa, 64, 0, 0, 56, 3360, 1000, 819, 26896, 26896, 26896
  result is correct!
! 60, isa, 64, 0, 0, 60, 3600, 1000, 796, 30715, 30715, 30715
  result is correct!
! 60, isa, 64, 0, 0, 64, 3840, 1000, 777, 34788, 34788, 34788
  result is correct!
! 60, isa, 64, 0, 0, 68, 4080, 1000, 746, 39115, 39115, 39115
  result is correct!
! 60, isa, 64, 0, 0, 72, 4320, 1000, 716, 43696, 43696, 43696
  result is correct!
