>>>>
====
REPO_HOME         := auto-generated-text
RISCV             := auto-generated-text
MPISE_DESTRUCTIVE := 0
MPISE_STATELESS   := 0
----
ARCH              := rv64
TYPE              := ise
RADIX             := 64
PLATFORM          := cva6-fpga
VERSION           := simple
<<<<
bbl loader
! 64, ise, 64, 0, 0, 8, 512, 1000, 995, 1122, 1122, 1122
  result is correct!
! 64, ise, 64, 0, 0, 12, 768, 1000, 994, 2290, 2290, 2290
  result is correct!
! 64, ise, 64, 0, 0, 16, 1024, 1000, 982, 3874, 3874, 3874
  result is correct!
! 64, ise, 64, 0, 0, 20, 1280, 1000, 978, 5874, 5874, 5874
  result is correct!
! 64, ise, 64, 0, 0, 24, 1536, 1000, 972, 8290, 8290, 8290
  result is correct!
! 64, ise, 64, 0, 0, 28, 1792, 1000, 961, 11122, 11122, 11122
  result is correct!
! 64, ise, 64, 0, 0, 32, 2048, 1000, 955, 14370, 14370, 14370
  result is correct!
! 64, ise, 64, 0, 0, 36, 2304, 1000, 945, 18034, 18034, 18034
  result is correct!
! 64, ise, 64, 0, 0, 40, 2560, 1000, 931, 22114, 22114, 22114
  result is correct!
! 64, ise, 64, 0, 0, 44, 2816, 1000, 908, 26610, 26610, 26610
  result is correct!
! 64, ise, 64, 0, 0, 48, 3072, 1000, 897, 31522, 31522, 31522
  result is correct!
! 64, ise, 64, 0, 0, 52, 3328, 1000, 863, 36850, 36850, 36850
  result is correct!
! 64, ise, 64, 0, 0, 56, 3584, 1000, 862, 42594, 42594, 42594
  result is correct!
! 64, ise, 64, 0, 0, 60, 3840, 1000, 833, 48754, 48754, 48754
  result is correct!
! 64, ise, 64, 0, 0, 64, 4096, 1000, 828, 55330, 55330, 55330
  result is correct!
