>>>>
====
REPO_HOME         := auto-generated-text
RISCV             := auto-generated-text
MPISE_DESTRUCTIVE := 0
MPISE_STATELESS   := 0
----
ARCH              := rv64
TYPE              := ise
RADIX             := 53
PLATFORM          := cva6-fpga
VERSION           := simple
<<<<
bbl loader
! 53, ise, 64, 0, 0, 8, 424, 1000, 993, 1006, 1006, 1006
  result is correct!
! 53, ise, 64, 0, 0, 12, 636, 1000, 989, 2018, 2018, 2018
  result is correct!
! 53, ise, 64, 0, 0, 16, 848, 1000, 986, 3382, 3382, 3382
  result is correct!
! 53, ise, 64, 0, 0, 20, 1060, 1000, 978, 5098, 5098, 5098
  result is correct!
! 53, ise, 64, 0, 0, 24, 1272, 1000, 971, 7166, 7166, 7166
  result is correct!
! 53, ise, 64, 0, 0, 28, 1484, 1000, 961, 9586, 9586, 9586
  result is correct!
! 53, ise, 64, 0, 0, 32, 1696, 1000, 955, 12358, 12358, 12358
  result is correct!
! 53, ise, 64, 0, 0, 36, 1908, 1000, 943, 15482, 15482, 15482
  result is correct!
! 53, ise, 64, 0, 0, 40, 2120, 1000, 931, 18958, 18958, 18958
  result is correct!
! 53, ise, 64, 0, 0, 44, 2332, 1000, 928, 22786, 22786, 22786
  result is correct!
! 53, ise, 64, 0, 0, 48, 2544, 1000, 905, 26966, 26966, 26966
  result is correct!
! 53, ise, 64, 0, 0, 52, 2756, 1000, 888, 31498, 31498, 31498
  result is correct!
! 53, ise, 64, 0, 0, 56, 2968, 1000, 875, 36382, 36382, 36382
  result is correct!
! 53, ise, 64, 0, 0, 60, 3180, 1000, 857, 41618, 41618, 41618
  result is correct!
! 53, ise, 64, 0, 0, 64, 3392, 1000, 840, 47206, 47206, 47206
  result is correct!
! 53, ise, 64, 0, 0, 68, 3604, 1000, 826, 53146, 53146, 53146
  result is correct!
! 53, ise, 64, 0, 0, 72, 3816, 1000, 797, 59438, 59438, 59438
  result is correct!
