>>>>
====
REPO_HOME         := auto-generated-text
RISCV             := auto-generated-text
MPISE_DESTRUCTIVE := 0
MPISE_STATELESS   := 0
----
ARCH              := rv64
TYPE              := isa
RADIX             := 53
PLATFORM          := cva6-fpga
VERSION           := simple
<<<<
bbl loader
! 53, isa, 64, 0, 0, 8, 424, 1000, 994, 1217, 1217, 1217
  result is correct!
! 53, isa, 64, 0, 0, 12, 636, 1000, 989, 2481, 2481, 2481
  result is correct!
! 53, isa, 64, 0, 0, 16, 848, 1000, 988, 4193, 4193, 4193
  result is correct!
! 53, isa, 64, 0, 0, 20, 1060, 1000, 978, 6353, 6353, 6353
  result is correct!
! 53, isa, 64, 0, 0, 24, 1272, 1000, 970, 8961, 8961, 8961
  result is correct!
! 53, isa, 64, 0, 0, 28, 1484, 1000, 961, 12017, 12017, 12017
  result is correct!
! 53, isa, 64, 0, 0, 32, 1696, 1000, 949, 15521, 15521, 15521
  result is correct!
! 53, isa, 64, 0, 0, 36, 1908, 1000, 936, 19473, 19473, 19473
  result is correct!
! 53, isa, 64, 0, 0, 40, 2120, 1000, 921, 23873, 23873, 23873
  result is correct!
! 53, isa, 64, 0, 0, 44, 2332, 1000, 905, 28721, 28721, 28721
  result is correct!
! 53, isa, 64, 0, 0, 48, 2544, 1000, 889, 34017, 34017, 34017
  result is correct!
! 53, isa, 64, 0, 0, 52, 2756, 1000, 876, 39761, 39761, 39761
  result is correct!
! 53, isa, 64, 0, 0, 56, 2968, 1000, 853, 45953, 45953, 45953
  result is correct!
! 53, isa, 64, 0, 0, 60, 3180, 1000, 831, 52593, 52593, 52593
  result is correct!
! 53, isa, 64, 0, 0, 64, 3392, 1000, 792, 59681, 59681, 59681
  result is correct!
! 53, isa, 64, 0, 0, 68, 3604, 1000, 777, 67217, 67217, 67217
  result is correct!
! 53, isa, 64, 0, 0, 72, 3816, 1000, 757, 75201, 75201, 75201
  result is correct!
