>>>>
====
REPO_HOME         := auto-generated-text
RISCV             := auto-generated-text
MPISE_DESTRUCTIVE := 0
MPISE_STATELESS   := 0
----
ARCH              := rv64
TYPE              := isa
RADIX             := 51
PLATFORM          := cva6-fpga
VERSION           := simple
<<<<
bbl loader
! 51, isa, 64, 0, 0, 8, 408, 1000, 996, 1217, 1217, 1217
  result is correct!
! 51, isa, 64, 0, 0, 12, 612, 1000, 991, 2481, 2481, 2481
  result is correct!
! 51, isa, 64, 0, 0, 16, 816, 1000, 982, 4193, 4193, 4193
  result is correct!
! 51, isa, 64, 0, 0, 20, 1020, 1000, 977, 6353, 6353, 6353
  result is correct!
! 51, isa, 64, 0, 0, 24, 1224, 1000, 967, 8961, 8961, 8961
  result is correct!
! 51, isa, 64, 0, 0, 28, 1428, 1000, 960, 12017, 12017, 12017
  result is correct!
! 51, isa, 64, 0, 0, 32, 1632, 1000, 947, 15521, 15521, 15521
  result is correct!
! 51, isa, 64, 0, 0, 36, 1836, 1000, 935, 19473, 19473, 19473
  result is correct!
! 51, isa, 64, 0, 0, 40, 2040, 1000, 920, 23873, 23873, 23873
  result is correct!
! 51, isa, 64, 0, 0, 44, 2244, 1000, 903, 28721, 28721, 28721
  result is correct!
! 51, isa, 64, 0, 0, 48, 2448, 1000, 890, 34017, 34017, 34017
  result is correct!
! 51, isa, 64, 0, 0, 52, 2652, 1000, 861, 39761, 39761, 39761
  result is correct!
! 51, isa, 64, 0, 0, 56, 2856, 1000, 847, 45953, 45953, 45953
  result is correct!
! 51, isa, 64, 0, 0, 60, 3060, 1000, 829, 52593, 52593, 52593
  result is correct!
! 51, isa, 64, 0, 0, 64, 3264, 1000, 816, 59681, 59681, 59681
  result is correct!
! 51, isa, 64, 0, 0, 68, 3468, 1000, 790, 67217, 67217, 67217
  result is correct!
! 51, isa, 64, 0, 0, 72, 3672, 1000, 752, 75201, 75201, 75201
  result is correct!
