>>>>
====
REPO_HOME         := auto-generated-text
RISCV             := auto-generated-text
MPISE_DESTRUCTIVE := 0
MPISE_STATELESS   := 0
----
ARCH              := rv64
TYPE              := isa
RADIX             := 53
PLATFORM          := cva6-fpga
VERSION           := hybrid
<<<<
bbl loader
! 53, isa, 64, 0, 0, 8, 424, 1000, 989, 853, 853, 853
  result is correct!
! 53, isa, 64, 0, 0, 12, 636, 1000, 977, 1640, 1640, 1640
  result is correct!
! 53, isa, 64, 0, 0, 16, 848, 1000, 977, 2676, 2676, 2676
  result is correct!
! 53, isa, 64, 0, 0, 20, 1060, 1000, 967, 3955, 3955, 3955
  result is correct!
! 53, isa, 64, 0, 0, 24, 1272, 1000, 957, 5488, 5488, 5488
  result is correct!
! 53, isa, 64, 0, 0, 28, 1484, 1000, 945, 7275, 7275, 7275
  result is correct!
! 53, isa, 64, 0, 0, 32, 1696, 1000, 933, 9316, 9316, 9316
  result is correct!
! 53, isa, 64, 0, 0, 36, 1908, 1000, 920, 11611, 11611, 11611
  result is correct!
! 53, isa, 64, 0, 0, 40, 2120, 1000, 904, 14160, 14160, 14160
  result is correct!
! 53, isa, 64, 0, 0, 44, 2332, 1000, 883, 16963, 16963, 16963
  result is correct!
! 53, isa, 64, 0, 0, 48, 2544, 1000, 861, 20020, 20020, 20020
  result is correct!
! 53, isa, 64, 0, 0, 52, 2756, 1000, 843, 23331, 23331, 23331
  result is correct!
! 53, isa, 64, 0, 0, 56, 2968, 1000, 819, 26896, 26896, 26896
  result is correct!
! 53, isa, 64, 0, 0, 60, 3180, 1000, 798, 30715, 30715, 30715
  result is correct!
! 53, isa, 64, 0, 0, 64, 3392, 1000, 776, 34788, 34788, 34788
  result is correct!
! 53, isa, 64, 0, 0, 68, 3604, 1000, 740, 39115, 39115, 39115
  result is correct!
! 53, isa, 64, 0, 0, 72, 3816, 1000, 713, 43696, 43696, 43696
  result is correct!
