>>>>
====
REPO_HOME         := auto-generated-text
RISCV             := auto-generated-text
MPISE_DESTRUCTIVE := 0
MPISE_STATELESS   := 0
----
ARCH              := rv64
TYPE              := isa
RADIX             := 52
PLATFORM          := cva6-fpga
VERSION           := hybrid
<<<<
bbl loader
! 52, isa, 64, 0, 0, 8, 416, 1000, 986, 853, 853, 853
  result is correct!
! 52, isa, 64, 0, 0, 12, 624, 1000, 980, 1640, 1640, 1640
  result is correct!
! 52, isa, 64, 0, 0, 16, 832, 1000, 974, 2676, 2676, 2676
  result is correct!
! 52, isa, 64, 0, 0, 20, 1040, 1000, 966, 3955, 3955, 3955
  result is correct!
! 52, isa, 64, 0, 0, 24, 1248, 1000, 954, 5488, 5488, 5488
  result is correct!
! 52, isa, 64, 0, 0, 28, 1456, 1000, 941, 7275, 7275, 7275
  result is correct!
! 52, isa, 64, 0, 0, 32, 1664, 1000, 931, 9316, 9316, 9316
  result is correct!
! 52, isa, 64, 0, 0, 36, 1872, 1000, 912, 11611, 11611, 11611
  result is correct!
! 52, isa, 64, 0, 0, 40, 2080, 1000, 905, 14160, 14160, 14160
  result is correct!
! 52, isa, 64, 0, 0, 44, 2288, 1000, 884, 16963, 16963, 16963
  result is correct!
! 52, isa, 64, 0, 0, 48, 2496, 1000, 865, 20020, 20020, 20020
  result is correct!
! 52, isa, 64, 0, 0, 52, 2704, 1000, 840, 23331, 23331, 23331
  result is correct!
! 52, isa, 64, 0, 0, 56, 2912, 1000, 818, 26896, 26896, 26896
  result is correct!
! 52, isa, 64, 0, 0, 60, 3120, 1000, 799, 30715, 30715, 30715
  result is correct!
! 52, isa, 64, 0, 0, 64, 3328, 1000, 770, 34788, 34788, 34788
  result is correct!
! 52, isa, 64, 0, 0, 68, 3536, 1000, 746, 39115, 39115, 39115
  result is correct!
! 52, isa, 64, 0, 0, 72, 3744, 1000, 713, 43696, 43696, 43696
  result is correct!
