>>>>
====
REPO_HOME         := auto-generated-text
RISCV             := auto-generated-text
MPISE_DESTRUCTIVE := 0
MPISE_STATELESS   := 0
----
ARCH              := rv64
TYPE              := ise
RADIX             := 57
PLATFORM          := cva6-fpga
VERSION           := simple
<<<<
bbl loader
! 57, ise, 64, 0, 0, 8, 456, 1000, 993, 1006, 1006, 1006
  result is correct!
! 57, ise, 64, 0, 0, 12, 684, 1000, 987, 2018, 2018, 2018
  result is correct!
! 57, ise, 64, 0, 0, 16, 912, 1000, 984, 3382, 3382, 3382
  result is correct!
! 57, ise, 64, 0, 0, 20, 1140, 1000, 978, 5098, 5098, 5098
  result is correct!
! 57, ise, 64, 0, 0, 24, 1368, 1000, 974, 7166, 7166, 7166
  result is correct!
! 57, ise, 64, 0, 0, 28, 1596, 1000, 963, 9586, 9586, 9586
  result is correct!
! 57, ise, 64, 0, 0, 32, 1824, 1000, 954, 12358, 12358, 12358
  result is correct!
! 57, ise, 64, 0, 0, 36, 2052, 1000, 936, 15482, 15482, 15482
  result is correct!
! 57, ise, 64, 0, 0, 40, 2280, 1000, 933, 18958, 18958, 18958
  result is correct!
! 57, ise, 64, 0, 0, 44, 2508, 1000, 904, 22786, 22786, 22786
  result is correct!
! 57, ise, 64, 0, 0, 48, 2736, 1000, 909, 26966, 26966, 26966
  result is correct!
! 57, ise, 64, 0, 0, 52, 2964, 1000, 890, 31498, 31498, 31498
  result is correct!
! 57, ise, 64, 0, 0, 56, 3192, 1000, 878, 36382, 36382, 36382
  result is correct!
! 57, ise, 64, 0, 0, 60, 3420, 1000, 857, 41618, 41618, 41618
  result is correct!
! 57, ise, 64, 0, 0, 64, 3648, 1000, 840, 47206, 47206, 47206
  result is correct!
! 57, ise, 64, 0, 0, 68, 3876, 1000, 838, 53146, 53146, 53146
  result is correct!
! 57, ise, 64, 0, 0, 72, 4104, 1000, 805, 59438, 59438, 59438
  result is correct!
