>>>>
====
REPO_HOME         := auto-generated-text
RISCV             := auto-generated-text
MPISE_DESTRUCTIVE := 0
MPISE_STATELESS   := 0
----
ARCH              := rv64
TYPE              := ise
RADIX             := 64
PLATFORM          := cva6-fpga
VERSION           := hybrid
<<<<
bbl loader
! 64, ise, 64, 0, 0, 8, 512, 1000, 982, 578, 578, 578
  result is correct!
! 64, ise, 64, 0, 0, 12, 768, 1000, 980, 1111, 1111, 1111
  result is correct!
! 64, ise, 64, 0, 0, 16, 1024, 1000, 979, 1818, 1818, 1818
  result is correct!
! 64, ise, 64, 0, 0, 20, 1280, 1000, 971, 2704, 2704, 2704
  result is correct!
! 64, ise, 64, 0, 0, 24, 1536, 1000, 964, 3776, 3776, 3776
  result is correct!
! 64, ise, 64, 0, 0, 28, 1792, 1000, 963, 5034, 5034, 5034
  result is correct!
! 64, ise, 64, 0, 0, 32, 2048, 1000, 943, 6478, 6478, 6478
  result is correct!
! 64, ise, 64, 0, 0, 36, 2304, 1000, 939, 8108, 8108, 8108
  result is correct!
! 64, ise, 64, 0, 0, 40, 2560, 1000, 927, 9924, 9924, 9924
  result is correct!
! 64, ise, 64, 0, 0, 44, 2816, 1000, 916, 11926, 11926, 11926
  result is correct!
! 64, ise, 64, 0, 0, 48, 3072, 1000, 898, 14114, 14114, 14114
  result is correct!
! 64, ise, 64, 0, 0, 52, 3328, 1000, 883, 16488, 16488, 16488
  result is correct!
! 64, ise, 64, 0, 0, 56, 3584, 1000, 867, 19048, 19048, 19048
  result is correct!
! 64, ise, 64, 0, 0, 60, 3840, 1000, 853, 21794, 21794, 21794
  result is correct!
! 64, ise, 64, 0, 0, 64, 4096, 1000, 828, 24726, 24726, 24726
  result is correct!
