>>>>
====
REPO_HOME         := auto-generated-text
RISCV             := auto-generated-text
MPISE_DESTRUCTIVE := 0
MPISE_STATELESS   := 0
----
ARCH              := rv64
TYPE              := isa
RADIX             := 51
PLATFORM          := cva6-fpga
VERSION           := hybrid
<<<<
bbl loader
! 51, isa, 64, 0, 0, 8, 408, 1000, 985, 853, 853, 853
  result is correct!
! 51, isa, 64, 0, 0, 12, 612, 1000, 980, 1640, 1640, 1640
  result is correct!
! 51, isa, 64, 0, 0, 16, 816, 1000, 972, 2676, 2676, 2676
  result is correct!
! 51, isa, 64, 0, 0, 20, 1020, 1000, 967, 3955, 3955, 3955
  result is correct!
! 51, isa, 64, 0, 0, 24, 1224, 1000, 956, 5488, 5488, 5488
  result is correct!
! 51, isa, 64, 0, 0, 28, 1428, 1000, 943, 7275, 7275, 7275
  result is correct!
! 51, isa, 64, 0, 0, 32, 1632, 1000, 934, 9316, 9316, 9316
  result is correct!
! 51, isa, 64, 0, 0, 36, 1836, 1000, 916, 11611, 11611, 11611
  result is correct!
! 51, isa, 64, 0, 0, 40, 2040, 1000, 904, 14160, 14160, 14160
  result is correct!
! 51, isa, 64, 0, 0, 44, 2244, 1000, 890, 16963, 16963, 16963
  result is correct!
! 51, isa, 64, 0, 0, 48, 2448, 1000, 864, 20020, 20020, 20020
  result is correct!
! 51, isa, 64, 0, 0, 52, 2652, 1000, 842, 23331, 23331, 23331
  result is correct!
! 51, isa, 64, 0, 0, 56, 2856, 1000, 821, 26896, 26896, 26896
  result is correct!
! 51, isa, 64, 0, 0, 60, 3060, 1000, 797, 30715, 30715, 30715
  result is correct!
! 51, isa, 64, 0, 0, 64, 3264, 1000, 771, 34788, 34788, 34788
  result is correct!
! 51, isa, 64, 0, 0, 68, 3468, 1000, 741, 39115, 39115, 39115
  result is correct!
! 51, isa, 64, 0, 0, 72, 3672, 1000, 717, 43696, 43696, 43696
  result is correct!
