>>>>
====
REPO_HOME         := auto-generated-text
RISCV             := auto-generated-text
MPISE_DESTRUCTIVE := 0
MPISE_STATELESS   := 0
----
ARCH              := rv64
TYPE              := isa
RADIX             := 59
PLATFORM          := cva6-fpga
VERSION           := simple
<<<<
bbl loader
! 59, isa, 64, 0, 0, 8, 472, 1000, 996, 1217, 1217, 1217
  result is correct!
! 59, isa, 64, 0, 0, 12, 708, 1000, 990, 2481, 2481, 2481
  result is correct!
! 59, isa, 64, 0, 0, 16, 944, 1000, 982, 4193, 4193, 4193
  result is correct!
! 59, isa, 64, 0, 0, 20, 1180, 1000, 977, 6353, 6353, 6353
  result is correct!
! 59, isa, 64, 0, 0, 24, 1416, 1000, 968, 8961, 8961, 8961
  result is correct!
! 59, isa, 64, 0, 0, 28, 1652, 1000, 960, 12017, 12017, 12017
  result is correct!
! 59, isa, 64, 0, 0, 32, 1888, 1000, 944, 15521, 15521, 15521
  result is correct!
! 59, isa, 64, 0, 0, 36, 2124, 1000, 929, 19473, 19473, 19473
  result is correct!
! 59, isa, 64, 0, 0, 40, 2360, 1000, 919, 23873, 23873, 23873
  result is correct!
! 59, isa, 64, 0, 0, 44, 2596, 1000, 902, 28721, 28721, 28721
  result is correct!
! 59, isa, 64, 0, 0, 48, 2832, 1000, 894, 34017, 34017, 34017
  result is correct!
! 59, isa, 64, 0, 0, 52, 3068, 1000, 869, 39761, 39761, 39761
  result is correct!
! 59, isa, 64, 0, 0, 56, 3304, 1000, 849, 45953, 45953, 45953
  result is correct!
! 59, isa, 64, 0, 0, 60, 3540, 1000, 825, 52593, 52593, 52593
  result is correct!
! 59, isa, 64, 0, 0, 64, 3776, 1000, 810, 59681, 59681, 59681
  result is correct!
! 59, isa, 64, 0, 0, 68, 4012, 1000, 781, 67217, 67217, 67217
  result is correct!
! 59, isa, 64, 0, 0, 72, 4248, 1000, 753, 75201, 75201, 75201
  result is correct!
