>>>>
====
REPO_HOME         := auto-generated-text
RISCV             := auto-generated-text
MPISE_DESTRUCTIVE := 0
MPISE_STATELESS   := 0
----
ARCH              := rv64
TYPE              := isa
RADIX             := 50
PLATFORM          := cva6-fpga
VERSION           := simple
<<<<
bbl loader
! 50, isa, 64, 0, 0, 8, 400, 1000, 995, 1217, 1217, 1217
  result is correct!
! 50, isa, 64, 0, 0, 12, 600, 1000, 992, 2481, 2481, 2481
  result is correct!
! 50, isa, 64, 0, 0, 16, 800, 1000, 984, 4193, 4193, 4193
  result is correct!
! 50, isa, 64, 0, 0, 20, 1000, 1000, 979, 6353, 6353, 6353
  result is correct!
! 50, isa, 64, 0, 0, 24, 1200, 1000, 967, 8961, 8961, 8961
  result is correct!
! 50, isa, 64, 0, 0, 28, 1400, 1000, 962, 12017, 12017, 12017
  result is correct!
! 50, isa, 64, 0, 0, 32, 1600, 1000, 950, 15521, 15521, 15521
  result is correct!
! 50, isa, 64, 0, 0, 36, 1800, 1000, 932, 19473, 19473, 19473
  result is correct!
! 50, isa, 64, 0, 0, 40, 2000, 1000, 923, 23873, 23873, 23873
  result is correct!
! 50, isa, 64, 0, 0, 44, 2200, 1000, 905, 28721, 28721, 28721
  result is correct!
! 50, isa, 64, 0, 0, 48, 2400, 1000, 895, 34017, 34017, 34017
  result is correct!
! 50, isa, 64, 0, 0, 52, 2600, 1000, 872, 39761, 39761, 39761
  result is correct!
! 50, isa, 64, 0, 0, 56, 2800, 1000, 850, 45953, 45953, 45953
  result is correct!
! 50, isa, 64, 0, 0, 60, 3000, 1000, 832, 52593, 52593, 52593
  result is correct!
! 50, isa, 64, 0, 0, 64, 3200, 1000, 808, 59681, 59681, 59681
  result is correct!
! 50, isa, 64, 0, 0, 68, 3400, 1000, 775, 67217, 67217, 67217
  result is correct!
! 50, isa, 64, 0, 0, 72, 3600, 1000, 756, 75201, 75201, 75201
  result is correct!
