>>>>
====
REPO_HOME         := auto-generated-text
RISCV             := auto-generated-text
MPISE_DESTRUCTIVE := 0
MPISE_STATELESS   := 0
----
ARCH              := rv64
TYPE              := ise
RADIX             := 50
PLATFORM          := cva6-fpga
VERSION           := hybrid
<<<<
bbl loader
! 50, ise, 64, 0, 0, 8, 400, 1000, 990, 499, 499, 499
  result is correct!
! 50, ise, 64, 0, 0, 12, 600, 1000, 988, 859, 859, 859
  result is correct!
! 50, ise, 64, 0, 0, 16, 800, 1000, 984, 1320, 1320, 1320
  result is correct!
! 50, ise, 64, 0, 0, 20, 1000, 1000, 985, 1862, 1862, 1862
  result is correct!
! 50, ise, 64, 0, 0, 24, 1200, 1000, 980, 2500, 2500, 2500
  result is correct!
! 50, ise, 64, 0, 0, 28, 1400, 1000, 977, 3234, 3234, 3234
  result is correct!
! 50, ise, 64, 0, 0, 32, 1600, 1000, 974, 4064, 4064, 4064
  result is correct!
! 50, ise, 64, 0, 0, 36, 1800, 1000, 966, 4990, 4990, 4990
  result is correct!
! 50, ise, 64, 0, 0, 40, 2000, 1000, 966, 6012, 6012, 6012
  result is correct!
! 50, ise, 64, 0, 0, 44, 2200, 1000, 961, 7130, 7130, 7130
  result is correct!
! 50, ise, 64, 0, 0, 48, 2400, 1000, 954, 8344, 8344, 8344
  result is correct!
! 50, ise, 64, 0, 0, 52, 2600, 1000, 948, 9655, 9655, 9655
  result is correct!
! 50, ise, 64, 0, 0, 56, 2800, 1000, 945, 11060, 11060, 11060
  result is correct!
! 50, ise, 64, 0, 0, 60, 3000, 1000, 938, 12562, 12562, 12562
  result is correct!
! 50, ise, 64, 0, 0, 64, 3200, 1000, 928, 14160, 14160, 14160
  result is correct!
! 50, ise, 64, 0, 0, 68, 3400, 1000, 921, 15854, 15854, 15854
  result is correct!
! 50, ise, 64, 0, 0, 72, 3600, 1000, 915, 17644, 17644, 17644
  result is correct!
