>>>>
====
REPO_HOME         := auto-generated-text
RISCV             := auto-generated-text
MPISE_DESTRUCTIVE := 0
MPISE_STATELESS   := 0
----
ARCH              := rv64
TYPE              := ise
RADIX             := 51
PLATFORM          := cva6-fpga
VERSION           := simple
<<<<
bbl loader
! 51, ise, 64, 0, 0, 8, 408, 1000, 992, 1006, 1006, 1006
  result is correct!
! 51, ise, 64, 0, 0, 12, 612, 1000, 989, 2018, 2018, 2018
  result is correct!
! 51, ise, 64, 0, 0, 16, 816, 1000, 982, 3382, 3382, 3382
  result is correct!
! 51, ise, 64, 0, 0, 20, 1020, 1000, 979, 5098, 5098, 5098
  result is correct!
! 51, ise, 64, 0, 0, 24, 1224, 1000, 971, 7166, 7166, 7166
  result is correct!
! 51, ise, 64, 0, 0, 28, 1428, 1000, 959, 9586, 9586, 9586
  result is correct!
! 51, ise, 64, 0, 0, 32, 1632, 1000, 952, 12358, 12358, 12358
  result is correct!
! 51, ise, 64, 0, 0, 36, 1836, 1000, 943, 15482, 15482, 15482
  result is correct!
! 51, ise, 64, 0, 0, 40, 2040, 1000, 934, 18958, 18958, 18958
  result is correct!
! 51, ise, 64, 0, 0, 44, 2244, 1000, 914, 22786, 22786, 22786
  result is correct!
! 51, ise, 64, 0, 0, 48, 2448, 1000, 906, 26966, 26966, 26966
  result is correct!
! 51, ise, 64, 0, 0, 52, 2652, 1000, 893, 31498, 31498, 31498
  result is correct!
! 51, ise, 64, 0, 0, 56, 2856, 1000, 878, 36382, 36382, 36382
  result is correct!
! 51, ise, 64, 0, 0, 60, 3060, 1000, 858, 41618, 41618, 41618
  result is correct!
! 51, ise, 64, 0, 0, 64, 3264, 1000, 838, 47206, 47206, 47206
  result is correct!
! 51, ise, 64, 0, 0, 68, 3468, 1000, 827, 53146, 53146, 53146
  result is correct!
! 51, ise, 64, 0, 0, 72, 3672, 1000, 799, 59438, 59438, 59438
  result is correct!
