>>>>
====
REPO_HOME         := auto-generated-text
RISCV             := auto-generated-text
MPISE_DESTRUCTIVE := 0
MPISE_STATELESS   := 0
----
ARCH              := rv64
TYPE              := isa
RADIX             := 64
PLATFORM          := cva6-fpga
VERSION           := hybrid
<<<<
bbl loader
! 64, isa, 64, 0, 0, 8, 512, 1000, 988, 841, 841, 841
  result is correct!
! 64, isa, 64, 0, 0, 12, 768, 1000, 980, 1686, 1686, 1686
  result is correct!
! 64, isa, 64, 0, 0, 16, 1024, 1000, 924, 2838, 2838, 2838
  result is correct!
! 64, isa, 64, 0, 0, 20, 1280, 1000, 969, 4291, 4291, 4291
  result is correct!
! 64, isa, 64, 0, 0, 24, 1536, 1000, 964, 6056, 6056, 6056
  result is correct!
! 64, isa, 64, 0, 0, 28, 1792, 1000, 959, 8133, 8133, 8133
  result is correct!
! 64, isa, 64, 0, 0, 32, 2048, 1000, 944, 10522, 10522, 10522
  result is correct!
! 64, isa, 64, 0, 0, 36, 2304, 1000, 940, 13223, 13223, 13223
  result is correct!
! 64, isa, 64, 0, 0, 40, 2560, 1000, 918, 16236, 16236, 16236
  result is correct!
! 64, isa, 64, 0, 0, 44, 2816, 1000, 905, 19561, 19561, 19561
  result is correct!
! 64, isa, 64, 0, 0, 48, 3072, 1000, 886, 23198, 23198, 23198
  result is correct!
! 64, isa, 64, 0, 0, 52, 3328, 1000, 872, 27147, 27147, 27147
  result is correct!
! 64, isa, 64, 0, 0, 56, 3584, 1000, 859, 31408, 31408, 31408
  result is correct!
! 64, isa, 64, 0, 0, 60, 3840, 1000, 840, 35981, 35981, 35981
  result is correct!
! 64, isa, 64, 0, 0, 64, 4096, 1000, 816, 40866, 40866, 40866
  result is correct!
