>>>>
====
REPO_HOME         := auto-generated-text
RISCV             := auto-generated-text
MPISE_DESTRUCTIVE := 0
MPISE_STATELESS   := 0
----
ARCH              := rv64
TYPE              := ise
RADIX             := 56
PLATFORM          := cva6-fpga
VERSION           := hybrid
<<<<
bbl loader
! 56, ise, 64, 0, 0, 8, 448, 1000, 990, 500, 500, 500
  result is correct!
! 56, ise, 64, 0, 0, 12, 672, 1000, 988, 870, 870, 870
  result is correct!
! 56, ise, 64, 0, 0, 16, 896, 1000, 986, 1326, 1326, 1326
  result is correct!
! 56, ise, 64, 0, 0, 20, 1120, 1000, 985, 1862, 1863, 1862
  result is correct!
! 56, ise, 64, 0, 0, 24, 1344, 1000, 980, 2500, 2500, 2500
  result is correct!
! 56, ise, 64, 0, 0, 28, 1568, 1000, 977, 3234, 3234, 3234
  result is correct!
! 56, ise, 64, 0, 0, 32, 1792, 1000, 974, 4064, 4064, 4064
  result is correct!
! 56, ise, 64, 0, 0, 36, 2016, 1000, 962, 4990, 4990, 4990
  result is correct!
! 56, ise, 64, 0, 0, 40, 2240, 1000, 963, 6012, 6012, 6012
  result is correct!
! 56, ise, 64, 0, 0, 44, 2464, 1000, 960, 7130, 7130, 7130
  result is correct!
! 56, ise, 64, 0, 0, 48, 2688, 1000, 958, 8344, 8344, 8344
  result is correct!
! 56, ise, 64, 0, 0, 52, 2912, 1000, 949, 9654, 9654, 9654
  result is correct!
! 56, ise, 64, 0, 0, 56, 3136, 1000, 941, 11060, 11060, 11060
  result is correct!
! 56, ise, 64, 0, 0, 60, 3360, 1000, 937, 12562, 12562, 12562
  result is correct!
! 56, ise, 64, 0, 0, 64, 3584, 1000, 928, 14160, 14160, 14160
  result is correct!
! 56, ise, 64, 0, 0, 68, 3808, 1000, 925, 15854, 15854, 15854
  result is correct!
! 56, ise, 64, 0, 0, 72, 4032, 1000, 908, 17644, 17644, 17644
  result is correct!
