>>>>
====
REPO_HOME         := auto-generated-text
RISCV             := auto-generated-text
MPISE_DESTRUCTIVE := 0
MPISE_STATELESS   := 0
----
ARCH              := rv64
TYPE              := ise
RADIX             := 57
PLATFORM          := cva6-fpga
VERSION           := hybrid
<<<<
bbl loader
! 57, ise, 64, 0, 0, 8, 456, 1000, 990, 500, 500, 500
  result is correct!
! 57, ise, 64, 0, 0, 12, 684, 1000, 988, 859, 859, 859
  result is correct!
! 57, ise, 64, 0, 0, 16, 912, 1000, 985, 1320, 1321, 1320
  result is correct!
! 57, ise, 64, 0, 0, 20, 1140, 1000, 986, 1863, 1863, 1863
  result is correct!
! 57, ise, 64, 0, 0, 24, 1368, 1000, 977, 2500, 2500, 2500
  result is correct!
! 57, ise, 64, 0, 0, 28, 1596, 1000, 975, 3234, 3234, 3234
  result is correct!
! 57, ise, 64, 0, 0, 32, 1824, 1000, 973, 4064, 4064, 4064
  result is correct!
! 57, ise, 64, 0, 0, 36, 2052, 1000, 972, 4990, 4990, 4990
  result is correct!
! 57, ise, 64, 0, 0, 40, 2280, 1000, 965, 6012, 6012, 6012
  result is correct!
! 57, ise, 64, 0, 0, 44, 2508, 1000, 961, 7130, 7130, 7130
  result is correct!
! 57, ise, 64, 0, 0, 48, 2736, 1000, 956, 8344, 8344, 8344
  result is correct!
! 57, ise, 64, 0, 0, 52, 2964, 1000, 952, 9654, 9654, 9654
  result is correct!
! 57, ise, 64, 0, 0, 56, 3192, 1000, 944, 11060, 11060, 11060
  result is correct!
! 57, ise, 64, 0, 0, 60, 3420, 1000, 934, 12562, 12562, 12562
  result is correct!
! 57, ise, 64, 0, 0, 64, 3648, 1000, 932, 14160, 14160, 14160
  result is correct!
! 57, ise, 64, 0, 0, 68, 3876, 1000, 920, 15854, 15854, 15854
  result is correct!
! 57, ise, 64, 0, 0, 72, 4104, 1000, 911, 17644, 17644, 17644
  result is correct!
