>>>>
====
REPO_HOME         := auto-generated-text
RISCV             := auto-generated-text
MPISE_DESTRUCTIVE := 0
MPISE_STATELESS   := 0
----
ARCH              := rv64
TYPE              := ise
RADIX             := 58
PLATFORM          := cva6-fpga
VERSION           := simple
<<<<
bbl loader
! 58, ise, 64, 0, 0, 8, 464, 1000, 996, 1007, 1007, 1007
  result is correct!
! 58, ise, 64, 0, 0, 12, 696, 1000, 993, 2019, 2019, 2019
  result is correct!
! 58, ise, 64, 0, 0, 16, 928, 1000, 986, 3383, 3383, 3383
  result is correct!
! 58, ise, 64, 0, 0, 20, 1160, 1000, 981, 5099, 5099, 5099
  result is correct!
! 58, ise, 64, 0, 0, 24, 1392, 1000, 974, 7167, 7167, 7167
  result is correct!
! 58, ise, 64, 0, 0, 28, 1624, 1000, 963, 9587, 9587, 9587
  result is correct!
! 58, ise, 64, 0, 0, 32, 1856, 1000, 961, 12359, 12359, 12359
  result is correct!
! 58, ise, 64, 0, 0, 36, 2088, 1000, 947, 15483, 15483, 15483
  result is correct!
! 58, ise, 64, 0, 0, 40, 2320, 1000, 936, 18959, 18959, 18959
  result is correct!
! 58, ise, 64, 0, 0, 44, 2552, 1000, 928, 22787, 22787, 22787
  result is correct!
! 58, ise, 64, 0, 0, 48, 2784, 1000, 912, 26967, 26967, 26967
  result is correct!
! 58, ise, 64, 0, 0, 52, 3016, 1000, 895, 31499, 31499, 31499
  result is correct!
! 58, ise, 64, 0, 0, 56, 3248, 1000, 882, 36383, 36383, 36383
  result is correct!
! 58, ise, 64, 0, 0, 60, 3480, 1000, 860, 41619, 41619, 41619
  result is correct!
! 58, ise, 64, 0, 0, 64, 3712, 1000, 842, 47207, 47207, 47207
  result is correct!
