>>>>
====
REPO_HOME         := auto-generated-text
RISCV             := auto-generated-text
MPISE_DESTRUCTIVE := 0
MPISE_STATELESS   := 0
----
ARCH              := rv64
TYPE              := ise
RADIX             := 54
PLATFORM          := cva6-fpga
VERSION           := hybrid
<<<<
bbl loader
! 54, ise, 64, 0, 0, 8, 432, 1000, 990, 500, 500, 500
  result is correct!
! 54, ise, 64, 0, 0, 12, 648, 1000, 3, 850, 852, 851
  result is correct!
! 54, ise, 64, 0, 0, 16, 864, 1000, 983, 1320, 1320, 1320
  result is correct!
! 54, ise, 64, 0, 0, 20, 1080, 1000, 982, 1862, 1862, 1862
  result is correct!
! 54, ise, 64, 0, 0, 24, 1296, 1000, 977, 2501, 2501, 2501
  result is correct!
! 54, ise, 64, 0, 0, 28, 1512, 1000, 978, 3235, 3235, 3235
  result is correct!
! 54, ise, 64, 0, 0, 32, 1728, 1000, 975, 4064, 4064, 4064
  result is correct!
! 54, ise, 64, 0, 0, 36, 1944, 1000, 969, 4990, 4990, 4990
  result is correct!
! 54, ise, 64, 0, 0, 40, 2160, 1000, 963, 6012, 6012, 6012
  result is correct!
! 54, ise, 64, 0, 0, 44, 2376, 1000, 961, 7130, 7130, 7130
  result is correct!
! 54, ise, 64, 0, 0, 48, 2592, 1000, 954, 8344, 8344, 8344
  result is correct!
! 54, ise, 64, 0, 0, 52, 2808, 1000, 943, 9654, 9654, 9654
  result is correct!
! 54, ise, 64, 0, 0, 56, 3024, 1000, 944, 11061, 11061, 11061
  result is correct!
! 54, ise, 64, 0, 0, 60, 3240, 1000, 935, 12562, 12562, 12562
  result is correct!
! 54, ise, 64, 0, 0, 64, 3456, 1000, 933, 14160, 14160, 14160
  result is correct!
! 54, ise, 64, 0, 0, 68, 3672, 1000, 922, 15854, 15854, 15854
  result is correct!
! 54, ise, 64, 0, 0, 72, 3888, 1000, 917, 17644, 17644, 17644
  result is correct!
