=============================================================
test_nop - nop_routine
=============================================================

-------------------- Cycles --------------------

! @  12 7 7 7 7 7 7 7 7 7

---------------- Instructions ----------------

! @  13 13 13 13 13 13 13 13 13 13

----------------------------------------------

=============================================================
test_gfp_arith - gfp add
=============================================================

-------------------- Cycles --------------------

! @  49 45 45 45 45 45 45 45 45 45

---------------- Instructions ----------------

! @  51 51 51 51 51 51 51 51 51 51

----------------------------------------------

=============================================================
test_gfp_arith - gfp sub
=============================================================

-------------------- Cycles --------------------

! @  60 57 57 57 57 57 57 57 57 57

---------------- Instructions ----------------

! @  63 63 63 63 63 63 63 63 63 63

----------------------------------------------

=============================================================
test_gfp_arith - gfp mul
=============================================================

-------------------- Cycles --------------------

! @  119 115 115 115 115 115 115 115 115 115

---------------- Instructions ----------------

! @  108 108 108 108 108 108 108 108 108 108

----------------------------------------------

=============================================================
test_gfp_arith - gfp mul32
=============================================================

-------------------- Cycles --------------------

! @  45 38 38 38 38 38 38 38 38 38

---------------- Instructions ----------------

! @  41 41 41 41 41 41 41 41 41 41

----------------------------------------------

=============================================================
test_gfp_arith - gfp sqr
=============================================================

-------------------- Cycles --------------------

! @  110 108 108 108 108 108 108 108 108 108

---------------- Instructions ----------------

! @  104 104 104 104 104 104 104 104 104 104

----------------------------------------------

=============================================================
test_gfp_arith - gfp inv
=============================================================

-------------------- Cycles --------------------

! @  28839 28837 28848 28825 28835 28837 28814 28792 28769 28759

---------------- Instructions ----------------

! @  24941 24941 24941 24941 24941 24941 24941 24941 24941 24941

----------------------------------------------

=============================================================
test_curve_arith - mon_ladder_step
=============================================================

-------------------- Cycles --------------------

! @  1401 1397 1397 1397 1397 1397 1397 1397 1397 1397

---------------- Instructions ----------------

! @  1279 1279 1279 1279 1279 1279 1279 1279 1279 1279

----------------------------------------------

=============================================================
test_mon_varbase_mul - mon_varbase_mul
=============================================================

-------------------- Cycles --------------------

! @  414912 414926 414942 414215 414924 414936 414914 414921 414910 414190

---------------- Instructions ----------------

! @  368236 368236 368236 368236 368236 368236 368236 368236 368236 368236

----------------------------------------------
