=============================================================
test_nop - nop_routine
=============================================================

-------------------- Cycles --------------------

! @  12 6 6 6 6 6 6 6 6 6

---------------- Instructions ----------------

! @  13 13 13 13 13 13 13 13 13 13

----------------------------------------------

=============================================================
test_gfp_arith - gfp add
=============================================================

-------------------- Cycles --------------------

! @  44 40 40 40 40 40 40 40 40 40

---------------- Instructions ----------------

! @  37 37 37 37 37 37 37 37 37 37

----------------------------------------------

=============================================================
test_gfp_arith - gfp sub
=============================================================

-------------------- Cycles --------------------

! @  48 44 44 44 44 44 44 44 44 44

---------------- Instructions ----------------

! @  46 46 46 46 46 46 46 46 46 46

----------------------------------------------

=============================================================
test_gfp_arith - gfp mul
=============================================================

-------------------- Cycles --------------------

! @  133 125 125 125 125 125 125 125 125 125

---------------- Instructions ----------------

! @  107 107 107 107 107 107 107 107 107 107

----------------------------------------------

=============================================================
test_gfp_arith - gfp mul32
=============================================================

-------------------- Cycles --------------------

! @  57 49 49 49 49 49 49 49 49 49

---------------- Instructions ----------------

! @  44 44 44 44 44 44 44 44 44 44

----------------------------------------------

=============================================================
test_gfp_arith - gfp sqr
=============================================================

-------------------- Cycles --------------------

! @  89 84 84 84 84 84 84 84 84 84

---------------- Instructions ----------------

! @  79 79 79 79 79 79 79 79 79 79

----------------------------------------------

=============================================================
test_gfp_arith - gfp inv
=============================================================

-------------------- Cycles --------------------

! @  22653 22641 22186 22652 22659 22642 22184 22652 22659 22642

---------------- Instructions ----------------

! @  18580 18580 18580 18580 18580 18580 18580 18580 18580 18580

----------------------------------------------

=============================================================
test_curve_arith - mon_ladder_step
=============================================================

-------------------- Cycles --------------------

! @  1295 1291 1291 1291 1291 1291 1291 1291 1291 1291

---------------- Instructions ----------------

! @  1053 1053 1053 1053 1053 1053 1053 1053 1053 1053

----------------------------------------------

=============================================================
test_mon_varbase_mul - mon_varbase_mul
=============================================================

-------------------- Cycles --------------------

! @  383862 383839 383396 383632 383871 383883 383858 383397 383657 383862

---------------- Instructions ----------------

! @  308620 308620 308620 308620 308620 308620 308620 308620 308620 308620

----------------------------------------------
