=============================================================
test_nop - nop_routine
=============================================================

-------------------- Cycles --------------------

! @  12 7 7 7 7 7 7 7 7 7

---------------- Instructions ----------------

! @  13 13 13 13 13 13 13 13 13 13

----------------------------------------------

=============================================================
test_gfp_arith - gfp add
=============================================================

-------------------- Cycles --------------------

! @  52 48 48 48 48 48 48 48 48 48

---------------- Instructions ----------------

! @  54 54 54 54 54 54 54 54 54 54

----------------------------------------------

=============================================================
test_gfp_arith - gfp sub
=============================================================

-------------------- Cycles --------------------

! @  63 60 60 60 60 60 60 60 60 60

---------------- Instructions ----------------

! @  66 66 66 66 66 66 66 66 66 66

----------------------------------------------

=============================================================
test_gfp_arith - gfp mul
=============================================================

-------------------- Cycles --------------------

! @  193 190 190 190 190 190 190 190 190 190

---------------- Instructions ----------------

! @  177 177 177 177 177 177 177 177 177 177

----------------------------------------------

=============================================================
test_gfp_arith - gfp mul32
=============================================================

-------------------- Cycles --------------------

! @  55 48 48 48 48 48 48 48 48 48

---------------- Instructions ----------------

! @  50 50 50 50 50 50 50 50 50 50

----------------------------------------------

=============================================================
test_gfp_arith - gfp sqr
=============================================================

-------------------- Cycles --------------------

! @  162 160 160 160 160 160 160 160 160 160

---------------- Instructions ----------------

! @  151 151 151 151 151 151 151 151 151 151

----------------------------------------------

=============================================================
test_gfp_arith - gfp inv
=============================================================

-------------------- Cycles --------------------

! @  43414 42927 43407 42932 43414 42935 42924 43406 42925 43411

---------------- Instructions ----------------

! @  37638 37638 37638 37638 37638 37638 37638 37638 37638 37638

----------------------------------------------

=============================================================
test_curve_arith - mon_ladder_step
=============================================================

-------------------- Cycles --------------------

! @  2019 2015 2015 2015 2015 2015 2015 2015 2015 2015

---------------- Instructions ----------------

! @  1845 1845 1845 1845 1845 1845 1845 1845 1845 1845

----------------------------------------------

=============================================================
test_mon_varbase_mul - mon_varbase_mul
=============================================================

-------------------- Cycles --------------------

! @  591267 590726 591287 591280 590726 591239 591338 590754 591415 591143

---------------- Instructions ----------------

! @  525332 525332 525332 525332 525332 525332 525332 525332 525332 525332

----------------------------------------------
