! 50, isa, 64, 1, 0, 8, 400, 10, 10, 809, 814, 809
  result is correct!
! 50, isa, 64, 1, 0, 12, 600, 10, 10, 1596, 2009, 1657
  result is correct!
! 50, isa, 64, 1, 0, 16, 800, 10, 10, 2640, 3099, 2701
  result is correct!
! 50, isa, 64, 1, 0, 20, 1000, 10, 10, 3914, 4368, 3975
  result is correct!
! 50, isa, 64, 1, 0, 24, 1200, 10, 10, 5447, 6021, 5569
  result is correct!
! 50, isa, 64, 1, 0, 28, 1400, 10, 10, 7234, 7807, 7356
  result is correct!
! 50, isa, 64, 1, 0, 32, 1600, 10, 10, 9275, 9728, 9462
  result is correct!
! 50, isa, 64, 1, 0, 36, 1800, 10, 10, 11570, 12150, 11815
  result is correct!
! 50, isa, 64, 1, 0, 40, 2000, 10, 10, 14158, 14698, 14426
  result is correct!
! 50, isa, 64, 1, 0, 44, 2200, 10, 10, 16958, 17499, 17285
  result is correct!
! 50, isa, 64, 1, 0, 48, 2400, 10, 10, 20137, 20559, 20403
  result is correct!
! 50, isa, 64, 1, 0, 52, 2600, 10, 10, 23448, 23903, 23779
  result is correct!
! 50, isa, 64, 1, 0, 56, 2800, 10, 10, 27013, 27472, 27405
  result is correct!
! 50, isa, 64, 1, 0, 60, 3000, 10, 10, 31278, 31410, 31298
  result is correct!
! 50, isa, 64, 1, 0, 64, 3200, 10, 10, 35358, 35762, 35463
  result is correct!
! 50, isa, 64, 1, 0, 68, 3400, 10, 10, 39686, 40084, 39842
  result is correct!
! 50, isa, 64, 1, 0, 72, 3600, 10, 10, 44348, 44669, 44521
  result is correct!

--------------------Threshold debug data--------------------
! 50, isa, 64, 1, 0, 8, 400, 10

! @  814 809 809 809 809 809 809 809 809 809
! 50, isa, 64, 1, 0, 12, 600, 10

! @  1601 1596 1596 1596 1596 1596 1596 2009 1788 1596
! 50, isa, 64, 1, 0, 16, 800, 10

! @  3099 2798 2640 2640 2640 2640 2640 2640 2640 2640
! 50, isa, 64, 1, 0, 20, 1000, 10

! @  3919 3914 3914 3914 4368 4072 3914 3914 3914 3914
! 50, isa, 64, 1, 0, 24, 1200, 10

! @  5906 5605 5447 5447 5447 5447 6021 5483 5447 5447
! 50, isa, 64, 1, 0, 28, 1400, 10

! @  7239 7234 7807 7270 7234 7234 7804 7270 7234 7234
! 50, isa, 64, 1, 0, 32, 1600, 10

! @  9316 9275 9727 9433 9275 9728 9433 9275 9727 9433
! 50, isa, 64, 1, 0, 36, 1800, 10

! @  12150 11606 12024 11728 11570 12146 11606 12022 11728 11570
! 50, isa, 64, 1, 0, 40, 2000, 10

! @  14698 14158 14694 14158 14690 14163 14573 14280 14573 14280
! 50, isa, 64, 1, 0, 44, 2200, 10

! @  17494 16958 17498 17412 17080 17375 17080 17499 16958 17496
! 50, isa, 64, 1, 0, 48, 2400, 10

! @  20559 20468 20137 20554 20470 20137 20553 20468 20137 20555
! 50, isa, 64, 1, 0, 52, 2600, 10

! @  23870 23900 23779 23902 23448 23866 23903 23779 23900 23448
! 50, isa, 64, 1, 0, 56, 2800, 10

! @  27472 27013 27427 27465 27467 27465 27466 27462 27349 27465
! 50, isa, 64, 1, 0, 60, 3000, 10

! @  31410 31286 31293 31286 31285 31287 31285 31286 31285 31278
! 50, isa, 64, 1, 0, 64, 3200, 10

! @  35762 35359 35359 35477 35363 35359 35756 35358 35359 35481
! 50, isa, 64, 1, 0, 68, 3400, 10

! @  39808 39690 40083 39686 39804 40084 39687 39809 40084 39686
! 50, isa, 64, 1, 0, 72, 3600, 10

! @  44669 44387 44664 44388 44663 44383 44669 44385 44663 44348
