====
REPO_HOME         := /home/gk24545/Documents/software/Github/mpise-releases/v22052025
RISCV             := /home/gk24545/Documents/software/Github/mpise-releases/v22052025/build/riscv-spike
MPISE_DESTRUCTIVE := 1
MPISE_STATELESS   := 1
----
ARCH              := rv64
TYPE              := ise
RADIX             := 59
PLATFORM          := spike
VERSION           := simple
<<<<
bbl loader
! 59, ise, 64, 1, 1, 8, 472, 701, 701, 701
  result is correct!
! 59, ise, 64, 1, 1, 12, 708, 1429, 1429, 1429
  result is correct!
! 59, ise, 64, 1, 1, 16, 944, 2413, 2413, 2413
  result is correct!
! 59, ise, 64, 1, 1, 20, 1180, 3653, 3653, 3653
  result is correct!
! 59, ise, 64, 1, 1, 24, 1416, 5149, 5149, 5149
  result is correct!
! 59, ise, 64, 1, 1, 28, 1652, 6901, 6901, 6901
  result is correct!
! 59, ise, 64, 1, 1, 32, 1888, 8909, 8909, 8909
  result is correct!
>>>>
