====
REPO_HOME         := /home/gk24545/Documents/software/Github/mpise-releases/v22052025
RISCV             := /home/gk24545/Documents/software/Github/mpise-releases/v22052025/build/riscv-spike
MPISE_DESTRUCTIVE := 1
MPISE_STATELESS   := 1
----
ARCH              := rv64
TYPE              := ise
RADIX             := 59
PLATFORM          := spike
VERSION           := hybrid
<<<<
bbl loader
! 59, ise, 64, 1, 1, 8, 472, 417, 417, 417
  result is correct!
! 59, ise, 64, 1, 1, 12, 708, 737, 737, 737
  result is correct!
! 59, ise, 64, 1, 1, 16, 944, 1145, 1145, 1145
  result is correct!
! 59, ise, 64, 1, 1, 20, 1180, 1641, 1641, 1641
  result is correct!
! 59, ise, 64, 1, 1, 24, 1416, 2225, 2225, 2225
  result is correct!
! 59, ise, 64, 1, 1, 28, 1652, 2897, 2897, 2897
  result is correct!
! 59, ise, 64, 1, 1, 32, 1888, 3657, 3657, 3657
  result is correct!
>>>>
