====
REPO_HOME         := /home/gk24545/Documents/software/Github/mpise-releases/v22052025
RISCV             := /home/gk24545/Documents/software/Github/mpise-releases/v22052025/build/riscv-spike
MPISE_DESTRUCTIVE := 1
MPISE_STATELESS   := 1
----
ARCH              := rv64
TYPE              := isa
RADIX             := 59
PLATFORM          := spike
VERSION           := hybrid
<<<<
bbl loader
! 59, isa, 64, 1, 1, 8, 472, 722, 722, 722
  result is correct!
! 59, isa, 64, 1, 1, 12, 708, 1388, 1388, 1388
  result is correct!
! 59, isa, 64, 1, 1, 16, 944, 2270, 2270, 2270
  result is correct!
! 59, isa, 64, 1, 1, 20, 1180, 3368, 3368, 3368
  result is correct!
! 59, isa, 64, 1, 1, 24, 1416, 4682, 4682, 4682
  result is correct!
! 59, isa, 64, 1, 1, 28, 1652, 6212, 6212, 6212
  result is correct!
! 59, isa, 64, 1, 1, 32, 1888, 7958, 7958, 7958
  result is correct!
! 59, isa, 64, 1, 1, 36, 2124, 9920, 9920, 9920
  result is correct!
! 59, isa, 64, 1, 1, 40, 2360, 12098, 12098, 12098
  result is correct!
! 59, isa, 64, 1, 1, 44, 2596, 14492, 14492, 14492
  result is correct!
! 59, isa, 64, 1, 1, 48, 2832, 17102, 17102, 17102
  result is correct!
! 59, isa, 64, 1, 1, 52, 3068, 19928, 19928, 19928
  result is correct!
! 59, isa, 64, 1, 1, 56, 3304, 22970, 22970, 22970
  result is correct!
! 59, isa, 64, 1, 1, 60, 3540, 26228, 26228, 26228
  result is correct!
! 59, isa, 64, 1, 1, 64, 3776, 29702, 29702, 29702
  result is correct!
! 59, isa, 64, 1, 1, 68, 4012, 33392, 33392, 33392
  result is correct!
! 59, isa, 64, 1, 1, 72, 4248, 37298, 37298, 37298
  result is correct!
>>>>
