====
REPO_HOME         := /home/gk24545/Documents/software/Github/mpise-releases/v22052025
RISCV             := /home/gk24545/Documents/software/Github/mpise-releases/v22052025/build/riscv-spike
MPISE_DESTRUCTIVE := 1
MPISE_STATELESS   := 1
----
ARCH              := rv64
TYPE              := isa
RADIX             := 57
PLATFORM          := spike
VERSION           := hybrid
<<<<
bbl loader
! 57, isa, 64, 1, 1, 8, 456, 722, 722, 722
  result is correct!
! 57, isa, 64, 1, 1, 12, 684, 1388, 1388, 1388
  result is correct!
! 57, isa, 64, 1, 1, 16, 912, 2270, 2270, 2270
  result is correct!
! 57, isa, 64, 1, 1, 20, 1140, 3368, 3368, 3368
  result is correct!
! 57, isa, 64, 1, 1, 24, 1368, 4682, 4682, 4682
  result is correct!
! 57, isa, 64, 1, 1, 28, 1596, 6212, 6212, 6212
  result is correct!
! 57, isa, 64, 1, 1, 32, 1824, 7958, 7958, 7958
  result is correct!
! 57, isa, 64, 1, 1, 36, 2052, 9920, 9920, 9920
  result is correct!
! 57, isa, 64, 1, 1, 40, 2280, 12098, 12098, 12098
  result is correct!
! 57, isa, 64, 1, 1, 44, 2508, 14492, 14492, 14492
  result is correct!
! 57, isa, 64, 1, 1, 48, 2736, 17102, 17102, 17102
  result is correct!
! 57, isa, 64, 1, 1, 52, 2964, 19928, 19928, 19928
  result is correct!
! 57, isa, 64, 1, 1, 56, 3192, 22970, 22970, 22970
  result is correct!
! 57, isa, 64, 1, 1, 60, 3420, 26228, 26228, 26228
  result is correct!
! 57, isa, 64, 1, 1, 64, 3648, 29702, 29702, 29702
  result is correct!
! 57, isa, 64, 1, 1, 68, 3876, 33392, 33392, 33392
  result is correct!
! 57, isa, 64, 1, 1, 72, 4104, 37298, 37298, 37298
  result is correct!
>>>>
