====
REPO_HOME         := /home/gk24545/Documents/software/Github/mpise-releases/v22052025
RISCV             := /home/gk24545/Documents/software/Github/mpise-releases/v22052025/build/riscv-spike
MPISE_DESTRUCTIVE := 1
MPISE_STATELESS   := 1
----
ARCH              := rv64
TYPE              := ise
RADIX             := 64
PLATFORM          := spike
VERSION           := hybrid
<<<<
bbl loader
! 64, ise, 64, 1, 1, 8, 512, 474, 474, 474
  result is correct!
! 64, ise, 64, 1, 1, 12, 768, 972, 972, 972
  result is correct!
! 64, ise, 64, 1, 1, 16, 1024, 1654, 1654, 1654
  result is correct!
! 64, ise, 64, 1, 1, 20, 1280, 2520, 2520, 2520
  result is correct!
! 64, ise, 64, 1, 1, 24, 1536, 3570, 3570, 3570
  result is correct!
! 64, ise, 64, 1, 1, 28, 1792, 4804, 4804, 4804
  result is correct!
! 64, ise, 64, 1, 1, 32, 2048, 6222, 6222, 6222
  result is correct!
! 64, ise, 64, 1, 1, 36, 2304, 7824, 7824, 7824
  result is correct!
! 64, ise, 64, 1, 1, 40, 2560, 9610, 9610, 9610
  result is correct!
! 64, ise, 64, 1, 1, 44, 2816, 11580, 11580, 11580
  result is correct!
! 64, ise, 64, 1, 1, 48, 3072, 13734, 13734, 13734
  result is correct!
! 64, ise, 64, 1, 1, 52, 3328, 16072, 16072, 16072
  result is correct!
! 64, ise, 64, 1, 1, 56, 3584, 18594, 18594, 18594
  result is correct!
! 64, ise, 64, 1, 1, 60, 3840, 21300, 21300, 21300
  result is correct!
! 64, ise, 64, 1, 1, 64, 4096, 24190, 24190, 24190
  result is correct!
>>>>
