====
REPO_HOME         := /home/gk24545/Documents/software/Github/mpise-releases/v22052025
RISCV             := /home/gk24545/Documents/software/Github/mpise-releases/v22052025/build/riscv-spike
MPISE_DESTRUCTIVE := 1
MPISE_STATELESS   := 1
----
ARCH              := rv64
TYPE              := isa
RADIX             := 51
PLATFORM          := spike
VERSION           := hybrid
<<<<
bbl loader
! 51, isa, 64, 1, 1, 8, 408, 722, 722, 722
  result is correct!
! 51, isa, 64, 1, 1, 12, 612, 1388, 1388, 1388
  result is correct!
! 51, isa, 64, 1, 1, 16, 816, 2270, 2270, 2270
  result is correct!
! 51, isa, 64, 1, 1, 20, 1020, 3368, 3368, 3368
  result is correct!
! 51, isa, 64, 1, 1, 24, 1224, 4682, 4682, 4682
  result is correct!
! 51, isa, 64, 1, 1, 28, 1428, 6212, 6212, 6212
  result is correct!
! 51, isa, 64, 1, 1, 32, 1632, 7958, 7958, 7958
  result is correct!
! 51, isa, 64, 1, 1, 36, 1836, 9920, 9920, 9920
  result is correct!
! 51, isa, 64, 1, 1, 40, 2040, 12098, 12098, 12098
  result is correct!
! 51, isa, 64, 1, 1, 44, 2244, 14492, 14492, 14492
  result is correct!
! 51, isa, 64, 1, 1, 48, 2448, 17102, 17102, 17102
  result is correct!
! 51, isa, 64, 1, 1, 52, 2652, 19928, 19928, 19928
  result is correct!
! 51, isa, 64, 1, 1, 56, 2856, 22970, 22970, 22970
  result is correct!
! 51, isa, 64, 1, 1, 60, 3060, 26228, 26228, 26228
  result is correct!
! 51, isa, 64, 1, 1, 64, 3264, 29702, 29702, 29702
  result is correct!
! 51, isa, 64, 1, 1, 68, 3468, 33392, 33392, 33392
  result is correct!
! 51, isa, 64, 1, 1, 72, 3672, 37298, 37298, 37298
  result is correct!
>>>>
