====
REPO_HOME         := /home/gk24545/Documents/software/Github/mpise-releases/v22052025
RISCV             := /home/gk24545/Documents/software/Github/mpise-releases/v22052025/build/riscv-spike
MPISE_DESTRUCTIVE := 1
MPISE_STATELESS   := 1
----
ARCH              := rv64
TYPE              := isa
RADIX             := 62
PLATFORM          := spike
VERSION           := hybrid
<<<<
bbl loader
! 62, isa, 64, 1, 1, 8, 496, 722, 722, 722
  result is correct!
! 62, isa, 64, 1, 1, 12, 744, 1388, 1388, 1388
  result is correct!
! 62, isa, 64, 1, 1, 16, 992, 2270, 2270, 2270
  result is correct!
>>>>
