====
REPO_HOME         := /home/gk24545/Documents/software/Github/mpise-releases/v22052025
RISCV             := /home/gk24545/Documents/software/Github/mpise-releases/v22052025/build/riscv-spike
MPISE_DESTRUCTIVE := 1
MPISE_STATELESS   := 1
----
ARCH              := rv64
TYPE              := isa
RADIX             := 50
PLATFORM          := spike
VERSION           := simple
<<<<
bbl loader
! 50, isa, 64, 1, 1, 8, 400, 971, 971, 971
  result is correct!
! 50, isa, 64, 1, 1, 12, 600, 2027, 2027, 2027
  result is correct!
! 50, isa, 64, 1, 1, 16, 800, 3467, 3467, 3467
  result is correct!
! 50, isa, 64, 1, 1, 20, 1000, 5291, 5291, 5291
  result is correct!
! 50, isa, 64, 1, 1, 24, 1200, 7499, 7499, 7499
  result is correct!
! 50, isa, 64, 1, 1, 28, 1400, 10091, 10091, 10091
  result is correct!
! 50, isa, 64, 1, 1, 32, 1600, 13067, 13067, 13067
  result is correct!
! 50, isa, 64, 1, 1, 36, 1800, 16427, 16427, 16427
  result is correct!
! 50, isa, 64, 1, 1, 40, 2000, 20171, 20171, 20171
  result is correct!
! 50, isa, 64, 1, 1, 44, 2200, 24299, 24299, 24299
  result is correct!
! 50, isa, 64, 1, 1, 48, 2400, 28811, 28811, 28811
  result is correct!
! 50, isa, 64, 1, 1, 52, 2600, 33707, 33707, 33707
  result is correct!
! 50, isa, 64, 1, 1, 56, 2800, 38987, 38987, 38987
  result is correct!
! 50, isa, 64, 1, 1, 60, 3000, 44651, 44651, 44651
  result is correct!
! 50, isa, 64, 1, 1, 64, 3200, 50699, 50699, 50699
  result is correct!
! 50, isa, 64, 1, 1, 68, 3400, 57131, 57131, 57131
  result is correct!
! 50, isa, 64, 1, 1, 72, 3600, 63947, 63947, 63947
  result is correct!
>>>>
