====
REPO_HOME         := /home/gk24545/Documents/software/Github/mpise-releases/v22052025
RISCV             := /home/gk24545/Documents/software/Github/mpise-releases/v22052025/build/riscv-spike
MPISE_DESTRUCTIVE := 1
MPISE_STATELESS   := 1
----
ARCH              := rv64
TYPE              := ise
RADIX             := 52
PLATFORM          := spike
VERSION           := hybrid
<<<<
bbl loader
! 52, ise, 64, 1, 1, 8, 416, 417, 417, 417
  result is correct!
! 52, ise, 64, 1, 1, 12, 624, 737, 737, 737
  result is correct!
! 52, ise, 64, 1, 1, 16, 832, 1145, 1145, 1145
  result is correct!
! 52, ise, 64, 1, 1, 20, 1040, 1641, 1641, 1641
  result is correct!
! 52, ise, 64, 1, 1, 24, 1248, 2225, 2225, 2225
  result is correct!
! 52, ise, 64, 1, 1, 28, 1456, 2897, 2897, 2897
  result is correct!
! 52, ise, 64, 1, 1, 32, 1664, 3657, 3657, 3657
  result is correct!
! 52, ise, 64, 1, 1, 36, 1872, 4505, 4505, 4505
  result is correct!
! 52, ise, 64, 1, 1, 40, 2080, 5441, 5441, 5441
  result is correct!
! 52, ise, 64, 1, 1, 44, 2288, 6465, 6465, 6465
  result is correct!
! 52, ise, 64, 1, 1, 48, 2496, 7577, 7577, 7577
  result is correct!
! 52, ise, 64, 1, 1, 52, 2704, 8777, 8777, 8777
  result is correct!
! 52, ise, 64, 1, 1, 56, 2912, 10065, 10065, 10065
  result is correct!
! 52, ise, 64, 1, 1, 60, 3120, 11441, 11441, 11441
  result is correct!
! 52, ise, 64, 1, 1, 64, 3328, 12905, 12905, 12905
  result is correct!
! 52, ise, 64, 1, 1, 68, 3536, 14457, 14457, 14457
  result is correct!
! 52, ise, 64, 1, 1, 72, 3744, 16097, 16097, 16097
  result is correct!
>>>>
