====
REPO_HOME         := /home/gk24545/Documents/software/Github/mpise-releases/v22052025
RISCV             := /home/gk24545/Documents/software/Github/mpise-releases/v22052025/build/riscv-spike
MPISE_DESTRUCTIVE := 1
MPISE_STATELESS   := 1
----
ARCH              := rv64
TYPE              := isa
RADIX             := 61
PLATFORM          := spike
VERSION           := hybrid
<<<<
bbl loader
! 61, isa, 64, 1, 1, 8, 488, 722, 722, 722
  result is correct!
! 61, isa, 64, 1, 1, 12, 732, 1388, 1388, 1388
  result is correct!
! 61, isa, 64, 1, 1, 16, 976, 2270, 2270, 2270
  result is correct!
! 61, isa, 64, 1, 1, 20, 1220, 3368, 3368, 3368
  result is correct!
! 61, isa, 64, 1, 1, 24, 1464, 4682, 4682, 4682
  result is correct!
! 61, isa, 64, 1, 1, 28, 1708, 6212, 6212, 6212
  result is correct!
! 61, isa, 64, 1, 1, 32, 1952, 7958, 7958, 7958
  result is correct!
! 61, isa, 64, 1, 1, 36, 2196, 9920, 9920, 9920
  result is correct!
! 61, isa, 64, 1, 1, 40, 2440, 12098, 12098, 12098
  result is correct!
! 61, isa, 64, 1, 1, 44, 2684, 14492, 14492, 14492
  result is correct!
! 61, isa, 64, 1, 1, 48, 2928, 17102, 17102, 17102
  result is correct!
! 61, isa, 64, 1, 1, 52, 3172, 19928, 19928, 19928
  result is correct!
! 61, isa, 64, 1, 1, 56, 3416, 22970, 22970, 22970
  result is correct!
! 61, isa, 64, 1, 1, 60, 3660, 26228, 26228, 26228
  result is correct!
! 61, isa, 64, 1, 1, 64, 3904, 29702, 29702, 29702
  result is correct!
>>>>
