====
REPO_HOME         := /home/gk24545/Documents/software/Github/mpise-releases/v22052025
RISCV             := /home/gk24545/Documents/software/Github/mpise-releases/v22052025/build/riscv-spike
MPISE_DESTRUCTIVE := 1
MPISE_STATELESS   := 1
----
ARCH              := rv64
TYPE              := ise
RADIX             := 64
PLATFORM          := spike
VERSION           := simple
<<<<
bbl loader
! 64, ise, 64, 1, 1, 8, 512, 874, 874, 874
  result is correct!
! 64, ise, 64, 1, 1, 12, 768, 1834, 1834, 1834
  result is correct!
! 64, ise, 64, 1, 1, 16, 1024, 3146, 3146, 3146
  result is correct!
! 64, ise, 64, 1, 1, 20, 1280, 4810, 4810, 4810
  result is correct!
! 64, ise, 64, 1, 1, 24, 1536, 6826, 6826, 6826
  result is correct!
! 64, ise, 64, 1, 1, 28, 1792, 9194, 9194, 9194
  result is correct!
! 64, ise, 64, 1, 1, 32, 2048, 11914, 11914, 11914
  result is correct!
! 64, ise, 64, 1, 1, 36, 2304, 14986, 14986, 14986
  result is correct!
! 64, ise, 64, 1, 1, 40, 2560, 18410, 18410, 18410
  result is correct!
! 64, ise, 64, 1, 1, 44, 2816, 22186, 22186, 22186
  result is correct!
! 64, ise, 64, 1, 1, 48, 3072, 26314, 26314, 26314
  result is correct!
! 64, ise, 64, 1, 1, 52, 3328, 30794, 30794, 30794
  result is correct!
! 64, ise, 64, 1, 1, 56, 3584, 35626, 35626, 35626
  result is correct!
! 64, ise, 64, 1, 1, 60, 3840, 40810, 40810, 40810
  result is correct!
! 64, ise, 64, 1, 1, 64, 4096, 46346, 46346, 46346
  result is correct!
>>>>
