====
REPO_HOME         := /home/gk24545/Documents/software/Github/mpise-releases/v22052025
RISCV             := /home/gk24545/Documents/software/Github/mpise-releases/v22052025/build/riscv-spike
MPISE_DESTRUCTIVE := 1
MPISE_STATELESS   := 1
----
ARCH              := rv64
TYPE              := isa
RADIX             := 53
PLATFORM          := spike
VERSION           := hybrid
<<<<
bbl loader
! 53, isa, 64, 1, 1, 8, 424, 722, 722, 722
  result is correct!
! 53, isa, 64, 1, 1, 12, 636, 1388, 1388, 1388
  result is correct!
! 53, isa, 64, 1, 1, 16, 848, 2270, 2270, 2270
  result is correct!
! 53, isa, 64, 1, 1, 20, 1060, 3368, 3368, 3368
  result is correct!
! 53, isa, 64, 1, 1, 24, 1272, 4682, 4682, 4682
  result is correct!
! 53, isa, 64, 1, 1, 28, 1484, 6212, 6212, 6212
  result is correct!
! 53, isa, 64, 1, 1, 32, 1696, 7958, 7958, 7958
  result is correct!
! 53, isa, 64, 1, 1, 36, 1908, 9920, 9920, 9920
  result is correct!
! 53, isa, 64, 1, 1, 40, 2120, 12098, 12098, 12098
  result is correct!
! 53, isa, 64, 1, 1, 44, 2332, 14492, 14492, 14492
  result is correct!
! 53, isa, 64, 1, 1, 48, 2544, 17102, 17102, 17102
  result is correct!
! 53, isa, 64, 1, 1, 52, 2756, 19928, 19928, 19928
  result is correct!
! 53, isa, 64, 1, 1, 56, 2968, 22970, 22970, 22970
  result is correct!
! 53, isa, 64, 1, 1, 60, 3180, 26228, 26228, 26228
  result is correct!
! 53, isa, 64, 1, 1, 64, 3392, 29702, 29702, 29702
  result is correct!
! 53, isa, 64, 1, 1, 68, 3604, 33392, 33392, 33392
  result is correct!
! 53, isa, 64, 1, 1, 72, 3816, 37298, 37298, 37298
  result is correct!
>>>>
