====
REPO_HOME         := /home/gk24545/Documents/software/Github/mpise-releases/v22052025
RISCV             := /home/gk24545/Documents/software/Github/mpise-releases/v22052025/build/riscv-spike
MPISE_DESTRUCTIVE := 1
MPISE_STATELESS   := 1
----
ARCH              := rv64
TYPE              := ise
RADIX             := 50
PLATFORM          := spike
VERSION           := hybrid
<<<<
bbl loader
! 50, ise, 64, 1, 1, 8, 400, 417, 417, 417
  result is correct!
! 50, ise, 64, 1, 1, 12, 600, 737, 737, 737
  result is correct!
! 50, ise, 64, 1, 1, 16, 800, 1145, 1145, 1145
  result is correct!
! 50, ise, 64, 1, 1, 20, 1000, 1641, 1641, 1641
  result is correct!
! 50, ise, 64, 1, 1, 24, 1200, 2225, 2225, 2225
  result is correct!
! 50, ise, 64, 1, 1, 28, 1400, 2897, 2897, 2897
  result is correct!
! 50, ise, 64, 1, 1, 32, 1600, 3657, 3657, 3657
  result is correct!
! 50, ise, 64, 1, 1, 36, 1800, 4505, 4505, 4505
  result is correct!
! 50, ise, 64, 1, 1, 40, 2000, 5441, 5441, 5441
  result is correct!
! 50, ise, 64, 1, 1, 44, 2200, 6465, 6465, 6465
  result is correct!
! 50, ise, 64, 1, 1, 48, 2400, 7577, 7577, 7577
  result is correct!
! 50, ise, 64, 1, 1, 52, 2600, 8777, 8777, 8777
  result is correct!
! 50, ise, 64, 1, 1, 56, 2800, 10065, 10065, 10065
  result is correct!
! 50, ise, 64, 1, 1, 60, 3000, 11441, 11441, 11441
  result is correct!
! 50, ise, 64, 1, 1, 64, 3200, 12905, 12905, 12905
  result is correct!
! 50, ise, 64, 1, 1, 68, 3400, 14457, 14457, 14457
  result is correct!
! 50, ise, 64, 1, 1, 72, 3600, 16097, 16097, 16097
  result is correct!
>>>>
