! 56, ise, 64, 1, 0, 8, 448, 10, 10, 1006, 1012, 1006
  result is correct!
! 56, ise, 64, 1, 0, 12, 672, 10, 10, 2019, 2335, 2051
  result is correct!
! 56, ise, 64, 1, 0, 16, 896, 10, 10, 3383, 3702, 3416
  result is correct!
! 56, ise, 64, 1, 0, 20, 1120, 10, 10, 5099, 5419, 5164
  result is correct!
! 56, ise, 64, 1, 0, 24, 1344, 10, 10, 7167, 7487, 7232
  result is correct!
! 56, ise, 64, 1, 0, 28, 1568, 10, 10, 9587, 9907, 9684
  result is correct!
! 56, ise, 64, 1, 0, 32, 1792, 10, 10, 12359, 12679, 12490
  result is correct!
! 56, ise, 64, 1, 0, 36, 2016, 10, 10, 15488, 15802, 15646
  result is correct!
! 56, ise, 64, 1, 0, 40, 2240, 10, 10, 18964, 19277, 19153
  result is correct!
! 56, ise, 64, 1, 0, 44, 2464, 10, 10, 22806, 23116, 23045
  result is correct!
! 56, ise, 64, 1, 0, 48, 2688, 10, 10, 26986, 27293, 27257
  result is correct!
! 56, ise, 64, 1, 0, 52, 2912, 10, 10, 31820, 32108, 31851
  result is correct!
! 56, ise, 64, 1, 0, 56, 3136, 10, 10, 36703, 36996, 36766
  result is correct!
! 56, ise, 64, 1, 0, 60, 3360, 10, 10, 41941, 42247, 42064
  result is correct!
! 56, ise, 64, 1, 0, 64, 3584, 10, 10, 47527, 47834, 47712
  result is correct!
! 56, ise, 64, 1, 0, 68, 3808, 10, 10, 53467, 53776, 53712
  result is correct!
! 56, ise, 64, 1, 0, 72, 4032, 10, 10, 60063, 60073, 60066
  result is correct!

--------------------Threshold debug data--------------------
! 56, ise, 64, 1, 0, 8, 448, 10

! @  1012 1006 1006 1006 1006 1006 1006 1006 1006 1006
! 56, ise, 64, 1, 0, 12, 672, 10

! @  2025 2019 2019 2019 2335 2024 2019 2019 2019 2019
! 56, ise, 64, 1, 0, 16, 896, 10

! @  3389 3383 3383 3383 3383 3383 3383 3702 3388 3383
! 56, ise, 64, 1, 0, 20, 1120, 10

! @  5105 5418 5104 5099 5099 5099 5099 5419 5104 5099
! 56, ise, 64, 1, 0, 24, 1344, 10

! @  7173 7167 7487 7172 7167 7167 7485 7172 7167 7167
! 56, ise, 64, 1, 0, 28, 1568, 10

! @  9598 9587 9907 9592 9587 9903 9592 9587 9904 9592
! 56, ise, 64, 1, 0, 32, 1792, 10

! @  12384 12664 12378 12359 12676 12364 12661 12378 12359 12679
! 56, ise, 64, 1, 0, 36, 2016, 10

! @  15508 15800 15488 15801 15488 15800 15488 15800 15488 15802
! 56, ise, 64, 1, 0, 40, 2240, 10

! @  19275 18978 19277 18964 19274 19269 18978 19277 19268 18978
! 56, ise, 64, 1, 0, 44, 2464, 10

! @  23116 23097 23109 22806 23104 23093 23107 22806 23107 23108
! 56, ise, 64, 1, 0, 48, 2688, 10

! @  27293 26986 27285 27288 27290 27290 27290 27275 27291 27290
! 56, ise, 64, 1, 0, 52, 2912, 10

! @  31827 31822 31822 31824 31823 32108 31822 31823 31821 31820
! 56, ise, 64, 1, 0, 56, 3136, 10

! @  36713 36720 36704 36996 36706 36720 36706 36994 36703 36707
! 56, ise, 64, 1, 0, 60, 3360, 10

! @  41948 41958 42232 41943 42247 41941 41952 42233 41941 42247
! 56, ise, 64, 1, 0, 64, 3584, 10

! @  47824 47833 47527 47833 47541 47820 47831 47531 47834 47546
! 56, ise, 64, 1, 0, 68, 3808, 10

! @  53767 53774 53773 53776 53470 53774 53774 53776 53772 53467
! 56, ise, 64, 1, 0, 72, 4032, 10

! @  60073 60067 60063 60066 60069 60066 60065 60063 60067 60066
