! 64, ise, 64, 1, 0, 8, 512, 10, 10, 1122, 1125, 1122
  result is correct!
! 64, ise, 64, 1, 0, 12, 768, 10, 10, 2290, 2587, 2322
  result is correct!
! 64, ise, 64, 1, 0, 16, 1024, 10, 10, 3874, 4186, 3906
  result is correct!
! 64, ise, 64, 1, 0, 20, 1280, 10, 10, 5874, 6190, 5937
  result is correct!
! 64, ise, 64, 1, 0, 24, 1536, 10, 10, 8290, 8601, 8385
  result is correct!
! 64, ise, 64, 1, 0, 28, 1792, 10, 10, 11122, 11433, 11248
  result is correct!
! 64, ise, 64, 1, 0, 32, 2048, 10, 10, 14374, 14685, 14527
  result is correct!
! 64, ise, 64, 1, 0, 36, 2304, 10, 10, 18038, 18346, 18223
  result is correct!
! 64, ise, 64, 1, 0, 40, 2560, 10, 10, 22133, 22429, 22335
  result is correct!
! 64, ise, 64, 1, 0, 44, 2816, 10, 10, 26629, 26926, 26893
  result is correct!
! 64, ise, 64, 1, 0, 48, 3072, 10, 10, 31836, 32123, 31866
  result is correct!
! 64, ise, 64, 1, 0, 52, 3328, 10, 10, 37165, 37452, 37228
  result is correct!
! 64, ise, 64, 1, 0, 56, 3584, 10, 10, 42906, 43207, 43030
  result is correct!
! 64, ise, 64, 1, 0, 60, 3840, 10, 10, 49070, 49375, 49251
  result is correct!
! 64, ise, 64, 1, 0, 64, 4096, 10, 10, 55661, 55949, 55914
  result is correct!

--------------------Threshold debug data--------------------
! 64, ise, 64, 1, 0, 8, 512, 10

! @  1125 1122 1122 1122 1122 1122 1122 1122 1122 1122
! 64, ise, 64, 1, 0, 12, 768, 10

! @  2294 2290 2587 2309 2290 2290 2290 2290 2290 2290
! 64, ise, 64, 1, 0, 16, 1024, 10

! @  3878 3874 3874 3874 3874 4186 3878 3874 3874 3874
! 64, ise, 64, 1, 0, 20, 1280, 10

! @  6190 5878 5874 5874 5874 6186 5878 5874 5874 5874
! 64, ise, 64, 1, 0, 24, 1536, 10

! @  8591 8309 8290 8290 8601 8294 8290 8587 8309 8290
! 64, ise, 64, 1, 0, 28, 1792, 10

! @  11421 11141 11122 11433 11126 11419 11141 11122 11419 11141
! 64, ise, 64, 1, 0, 32, 2048, 10

! @  14685 14374 14681 14374 14679 14374 14681 14374 14667 14389
! 64, ise, 64, 1, 0, 36, 2304, 10

! @  18058 18343 18038 18345 18335 18053 18343 18038 18346 18331
! 64, ise, 64, 1, 0, 40, 2560, 10

! @  22419 22133 22425 22429 22413 22133 22426 22428 22413 22133
! 64, ise, 64, 1, 0, 44, 2816, 10

! @  26924 26926 26926 26924 26923 26911 26924 26922 26925 26629
! 64, ise, 64, 1, 0, 48, 3072, 10

! @  31842 31838 31837 31838 31838 32123 31839 31836 31838 31838
! 64, ise, 64, 1, 0, 52, 3328, 10

! @  37185 37165 37452 37166 37180 37166 37452 37166 37167 37181
! 64, ise, 64, 1, 0, 56, 3584, 10

! @  42930 43194 42906 43207 42911 42924 43192 42924 43196 42924
! 64, ise, 64, 1, 0, 60, 3840, 10

! @  49375 49070 49369 49368 49070 49371 49085 49354 49371 49084
! 64, ise, 64, 1, 0, 64, 4096, 10

! @  55949 55945 55945 55941 55661 55924 55946 55943 55946 55948
