! 53, ise, 64, 1, 0, 8, 424, 10, 10, 1006, 1012, 1006
  result is correct!
! 53, ise, 64, 1, 0, 12, 636, 10, 10, 2019, 2334, 2051
  result is correct!
! 53, ise, 64, 1, 0, 16, 848, 10, 10, 3383, 3700, 3415
  result is correct!
! 53, ise, 64, 1, 0, 20, 1060, 10, 10, 5099, 5417, 5163
  result is correct!
! 53, ise, 64, 1, 0, 24, 1272, 10, 10, 7167, 7486, 7232
  result is correct!
! 53, ise, 64, 1, 0, 28, 1484, 10, 10, 9587, 9907, 9685
  result is correct!
! 53, ise, 64, 1, 0, 32, 1696, 10, 10, 12359, 12679, 12489
  result is correct!
! 53, ise, 64, 1, 0, 36, 1908, 10, 10, 15488, 15802, 15646
  result is correct!
! 53, ise, 64, 1, 0, 40, 2120, 10, 10, 18964, 19279, 19154
  result is correct!
! 53, ise, 64, 1, 0, 44, 2332, 10, 10, 22806, 23114, 23045
  result is correct!
! 53, ise, 64, 1, 0, 48, 2544, 10, 10, 26986, 27297, 27258
  result is correct!
! 53, ise, 64, 1, 0, 52, 2756, 10, 10, 31819, 32111, 31850
  result is correct!
! 53, ise, 64, 1, 0, 56, 2968, 10, 10, 36703, 36997, 36767
  result is correct!
! 53, ise, 64, 1, 0, 60, 3180, 10, 10, 41942, 42249, 42065
  result is correct!
! 53, ise, 64, 1, 0, 64, 3392, 10, 10, 47531, 47835, 47713
  result is correct!
! 53, ise, 64, 1, 0, 68, 3604, 10, 10, 53467, 53776, 53712
  result is correct!
! 53, ise, 64, 1, 0, 72, 3816, 10, 10, 60061, 60073, 60066
  result is correct!

--------------------Threshold debug data--------------------
! 53, ise, 64, 1, 0, 8, 424, 10

! @  1012 1006 1006 1006 1006 1006 1006 1006 1006 1006
! 53, ise, 64, 1, 0, 12, 636, 10

! @  2025 2019 2019 2019 2334 2024 2019 2019 2019 2019
! 53, ise, 64, 1, 0, 16, 848, 10

! @  3389 3383 3383 3383 3383 3383 3383 3700 3388 3383
! 53, ise, 64, 1, 0, 20, 1060, 10

! @  5105 5414 5104 5099 5099 5099 5099 5417 5104 5099
! 53, ise, 64, 1, 0, 24, 1272, 10

! @  7173 7167 7485 7172 7167 7167 7486 7172 7167 7167
! 53, ise, 64, 1, 0, 28, 1484, 10

! @  9598 9587 9905 9592 9587 9907 9592 9587 9904 9592
! 53, ise, 64, 1, 0, 32, 1696, 10

! @  12384 12660 12378 12359 12679 12364 12659 12378 12359 12678
! 53, ise, 64, 1, 0, 36, 1908, 10

! @  15508 15799 15488 15801 15488 15801 15488 15802 15488 15801
! 53, ise, 64, 1, 0, 40, 2120, 10

! @  19274 18978 19279 18964 19277 19267 18978 19279 19268 18978
! 53, ise, 64, 1, 0, 44, 2332, 10

! @  23114 23095 23111 22806 23107 23093 23107 22806 23107 23108
! 53, ise, 64, 1, 0, 48, 2544, 10

! @  27297 26986 27287 27292 27290 27292 27292 27276 27290 27287
! 53, ise, 64, 1, 0, 52, 2756, 10

! @  31827 31822 31822 31819 31819 32111 31821 31823 31821 31823
! 53, ise, 64, 1, 0, 56, 2968, 10

! @  36710 36721 36708 36997 36703 36722 36708 36995 36706 36707
! 53, ise, 64, 1, 0, 60, 3180, 10

! @  41948 41958 42233 41943 42249 41942 41958 42233 41942 42247
! 53, ise, 64, 1, 0, 64, 3392, 10

! @  47824 47833 47531 47835 47541 47821 47835 47531 47835 47546
! 53, ise, 64, 1, 0, 68, 3604, 10

! @  53767 53774 53775 53776 53470 53774 53774 53776 53772 53467
! 53, ise, 64, 1, 0, 72, 3816, 10

! @  60073 60067 60061 60068 60068 60065 60065 60063 60064 60067
