>>>>
====
REPO_HOME         := auto-generated-text
RISCV             := auto-generated-text
MPISE_DESTRUCTIVE := 0
MPISE_STATELESS   := 1
----
ARCH              := rv64
TYPE              := ise
RADIX             := 56
PLATFORM          := cva6-fpga
VERSION           := simple
<<<<
bbl loader
! 56, ise, 64, 0, 1, 8, 448, 10, 9, 1006, 1006, 1006
  result is correct!
! 56, ise, 64, 0, 1, 12, 672, 10, 9, 2018, 2023, 2019
  result is correct!
! 56, ise, 64, 0, 1, 16, 896, 10, 9, 3382, 3387, 3383
  result is correct!
! 56, ise, 64, 0, 1, 20, 1120, 10, 8, 5098, 5103, 5099
  result is correct!
! 56, ise, 64, 0, 1, 24, 1344, 10, 8, 7166, 7171, 7167
  result is correct!
! 56, ise, 64, 0, 1, 28, 1568, 10, 7, 9586, 9596, 9589
  result is correct!
! 56, ise, 64, 0, 1, 32, 1792, 10, 6, 12358, 12382, 12369
  result is correct!
! 56, ise, 64, 0, 1, 36, 2016, 10, 5, 15487, 15506, 15490
  result is correct!
! 56, ise, 64, 0, 1, 40, 2240, 10, 4, 18963, 18977, 18973
  result is correct!
! 56, ise, 64, 0, 1, 44, 2464, 10, 2, 23095, 23096, 23095
  result is correct!
! 56, ise, 64, 0, 1, 48, 2688, 10, 1, 27275, 27275, 27275
  result is correct!
! 56, ise, 64, 0, 1, 52, 2912, 10, 4, 31818, 31819, 31818
  result is correct!
! 56, ise, 64, 0, 1, 56, 3136, 10, 6, 36703, 36711, 36706
  result is correct!
! 56, ise, 64, 0, 1, 60, 3360, 10, 6, 41937, 41957, 41946
  result is correct!
! 56, ise, 64, 0, 1, 64, 3584, 10, 4, 47529, 47545, 47535
  result is correct!
! 56, ise, 64, 0, 1, 68, 3808, 10, 1, 53765, 53765, 53765
  result is correct!
! 56, ise, 64, 0, 1, 72, 4032, 10, 2, 60063, 60064, 60063
  result is correct!
