>>>>
====
REPO_HOME         := auto-generated-text
RISCV             := auto-generated-text
MPISE_DESTRUCTIVE := 0
MPISE_STATELESS   := 1
----
ARCH              := rv64
TYPE              := ise
RADIX             := 51
PLATFORM          := cva6-fpga
VERSION           := hybrid
<<<<
bbl loader
! 51, ise, 64, 0, 1, 8, 408, 10, 9, 444, 444, 444
  result is correct!
! 51, ise, 64, 0, 1, 12, 612, 10, 9, 815, 815, 815
  result is correct!
! 51, ise, 64, 0, 1, 16, 816, 10, 9, 1275, 1275, 1275
  result is correct!
! 51, ise, 64, 0, 1, 20, 1020, 10, 8, 1812, 1817, 1812
  result is correct!
! 51, ise, 64, 0, 1, 24, 1224, 10, 8, 2450, 2455, 2450
  result is correct!
! 51, ise, 64, 0, 1, 28, 1428, 10, 7, 3184, 3184, 3184
  result is correct!
! 51, ise, 64, 0, 1, 32, 1632, 10, 8, 4014, 4019, 4014
  result is correct!
! 51, ise, 64, 0, 1, 36, 1836, 10, 6, 4940, 4945, 4940
  result is correct!
! 51, ise, 64, 0, 1, 40, 2040, 10, 6, 5965, 5965, 5965
  result is correct!
! 51, ise, 64, 0, 1, 44, 2244, 10, 6, 7080, 7085, 7080
  result is correct!
! 51, ise, 64, 0, 1, 48, 2448, 10, 5, 8294, 8335, 8302
  result is correct!
! 51, ise, 64, 0, 1, 52, 2652, 10, 3, 9604, 9604, 9604
  result is correct!
! 51, ise, 64, 0, 1, 56, 2856, 10, 3, 11010, 11051, 11023
  result is correct!
! 51, ise, 64, 0, 1, 60, 3060, 10, 4, 12512, 12558, 12544
  result is correct!
! 51, ise, 64, 0, 1, 64, 3264, 10, 5, 14151, 14252, 14203
  result is correct!
! 51, ise, 64, 0, 1, 68, 3468, 10, 5, 15850, 15946, 15926
  result is correct!
! 51, ise, 64, 0, 1, 72, 3672, 10, 5, 17635, 17821, 17733
  result is correct!
