>>>>
====
REPO_HOME         := auto-generated-text
RISCV             := auto-generated-text
MPISE_DESTRUCTIVE := 0
MPISE_STATELESS   := 1
----
ARCH              := rv64
TYPE              := ise
RADIX             := 64
PLATFORM          := cva6-fpga
VERSION           := simple
<<<<
bbl loader
! 64, ise, 64, 0, 1, 8, 512, 10, 9, 1123, 1123, 1123
  result is correct!
! 64, ise, 64, 0, 1, 12, 768, 10, 8, 2291, 2293, 2291
  result is correct!
! 64, ise, 64, 0, 1, 16, 1024, 10, 7, 3875, 3875, 3875
  result is correct!
! 64, ise, 64, 0, 1, 20, 1280, 10, 8, 5875, 5878, 5875
  result is correct!
! 64, ise, 64, 0, 1, 24, 1536, 10, 7, 8291, 8308, 8296
  result is correct!
! 64, ise, 64, 0, 1, 28, 1792, 10, 6, 11123, 11140, 11132
  result is correct!
! 64, ise, 64, 0, 1, 32, 2048, 10, 5, 14374, 14388, 14376
  result is correct!
! 64, ise, 64, 0, 1, 36, 2304, 10, 4, 18038, 18056, 18046
  result is correct!
! 64, ise, 64, 0, 1, 40, 2560, 10, 3, 22132, 22132, 22132
  result is correct!
! 64, ise, 64, 0, 1, 44, 2816, 10, 4, 26928, 26930, 26928
  result is correct!
! 64, ise, 64, 0, 1, 48, 3072, 10, 4, 31839, 31840, 31839
  result is correct!
! 64, ise, 64, 0, 1, 52, 3328, 10, 1, 37169, 37169, 37169
  result is correct!
! 64, ise, 64, 0, 1, 56, 3584, 10, 6, 42909, 42939, 42925
  result is correct!
! 64, ise, 64, 0, 1, 60, 3840, 10, 4, 49070, 49089, 49080
  result is correct!
! 64, ise, 64, 0, 1, 64, 4096, 10, 2, 55959, 55959, 55959
  result is correct!
