>>>>
====
REPO_HOME         := auto-generated-text
RISCV             := auto-generated-text
MPISE_DESTRUCTIVE := 0
MPISE_STATELESS   := 1
----
ARCH              := rv64
TYPE              := ise
RADIX             := 53
PLATFORM          := cva6-fpga
VERSION           := simple
<<<<
bbl loader
! 53, ise, 64, 0, 1, 8, 424, 10, 9, 1006, 1006, 1006
  result is correct!
! 53, ise, 64, 0, 1, 12, 636, 10, 9, 2018, 2023, 2019
  result is correct!
! 53, ise, 64, 0, 1, 16, 848, 10, 9, 3382, 3387, 3383
  result is correct!
! 53, ise, 64, 0, 1, 20, 1060, 10, 8, 5098, 5103, 5099
  result is correct!
! 53, ise, 64, 0, 1, 24, 1272, 10, 8, 7166, 7171, 7167
  result is correct!
! 53, ise, 64, 0, 1, 28, 1484, 10, 7, 9586, 9596, 9589
  result is correct!
! 53, ise, 64, 0, 1, 32, 1696, 10, 6, 12358, 12382, 12369
  result is correct!
! 53, ise, 64, 0, 1, 36, 1908, 10, 5, 15487, 15506, 15490
  result is correct!
! 53, ise, 64, 0, 1, 40, 2120, 10, 4, 18963, 18977, 18973
  result is correct!
! 53, ise, 64, 0, 1, 44, 2332, 10, 2, 23095, 23096, 23095
  result is correct!
! 53, ise, 64, 0, 1, 48, 2544, 10, 1, 27286, 27286, 27286
  result is correct!
! 53, ise, 64, 0, 1, 52, 2756, 10, 5, 31819, 31821, 31820
  result is correct!
! 53, ise, 64, 0, 1, 56, 2968, 10, 6, 36703, 36710, 36705
  result is correct!
! 53, ise, 64, 0, 1, 60, 3180, 10, 6, 41938, 41956, 41945
  result is correct!
! 53, ise, 64, 0, 1, 64, 3392, 10, 4, 47529, 47544, 47535
  result is correct!
! 53, ise, 64, 0, 1, 68, 3604, 10, 1, 53761, 53761, 53761
  result is correct!
! 53, ise, 64, 0, 1, 72, 3816, 10, 2, 60061, 60062, 60061
  result is correct!
