>>>>
====
REPO_HOME         := auto-generated-text
RISCV             := auto-generated-text
MPISE_DESTRUCTIVE := 0
MPISE_STATELESS   := 1
----
ARCH              := rv64
TYPE              := ise
RADIX             := 50
PLATFORM          := cva6-fpga
VERSION           := simple
<<<<
bbl loader
! 50, ise, 64, 0, 1, 8, 400, 10, 9, 1006, 1006, 1006
  result is correct!
! 50, ise, 64, 0, 1, 12, 600, 10, 9, 2018, 2023, 2019
  result is correct!
! 50, ise, 64, 0, 1, 16, 800, 10, 9, 3382, 3387, 3383
  result is correct!
! 50, ise, 64, 0, 1, 20, 1000, 10, 8, 5098, 5103, 5099
  result is correct!
! 50, ise, 64, 0, 1, 24, 1200, 10, 8, 7166, 7171, 7167
  result is correct!
! 50, ise, 64, 0, 1, 28, 1400, 10, 7, 9586, 9596, 9589
  result is correct!
! 50, ise, 64, 0, 1, 32, 1600, 10, 6, 12358, 12382, 12369
  result is correct!
! 50, ise, 64, 0, 1, 36, 1800, 10, 5, 15487, 15506, 15490
  result is correct!
! 50, ise, 64, 0, 1, 40, 2000, 10, 4, 18963, 18977, 18973
  result is correct!
! 50, ise, 64, 0, 1, 44, 2200, 10, 2, 23095, 23096, 23095
  result is correct!
! 50, ise, 64, 0, 1, 48, 2400, 10, 1, 27286, 27286, 27286
  result is correct!
! 50, ise, 64, 0, 1, 52, 2600, 10, 5, 31819, 31821, 31820
  result is correct!
! 50, ise, 64, 0, 1, 56, 2800, 10, 6, 36703, 36710, 36705
  result is correct!
! 50, ise, 64, 0, 1, 60, 3000, 10, 6, 41938, 41956, 41945
  result is correct!
! 50, ise, 64, 0, 1, 64, 3200, 10, 4, 47529, 47544, 47535
  result is correct!
! 50, ise, 64, 0, 1, 68, 3400, 10, 1, 53761, 53761, 53761
  result is correct!
! 50, ise, 64, 0, 1, 72, 3600, 10, 2, 60061, 60062, 60061
  result is correct!
