! 32, isa, 32, 1, 0, 8, 256, 10, 10, 1318, 1636, 1351
  result is correct!
! 32, isa, 32, 1, 0, 12, 384, 10, 10, 2726, 3047, 2760
  result is correct!
! 32, isa, 32, 1, 0, 16, 512, 10, 10, 4646, 4951, 4712
  result is correct!
! 32, isa, 32, 1, 0, 20, 640, 10, 10, 7078, 7400, 7144
  result is correct!
! 32, isa, 32, 1, 0, 24, 768, 10, 10, 10022, 10325, 10120
  result is correct!
! 32, isa, 32, 1, 0, 28, 896, 10, 10, 13478, 13800, 13639
  result is correct!
! 32, isa, 32, 1, 0, 32, 1024, 10, 10, 17467, 17782, 17641
  result is correct!
! 32, isa, 32, 1, 0, 36, 1152, 10, 10, 21947, 22250, 22154
  result is correct!
! 32, isa, 32, 1, 0, 40, 1280, 10, 10, 26947, 27249, 27211
  result is correct!
! 32, isa, 32, 1, 0, 44, 1408, 10, 10, 32745, 33050, 32779
  result is correct!
! 32, isa, 32, 1, 0, 48, 1536, 10, 10, 38760, 39066, 38856
  result is correct!
! 32, isa, 32, 1, 0, 52, 1664, 10, 10, 45289, 45600, 45446
  result is correct!
! 32, isa, 32, 1, 0, 56, 1792, 10, 10, 52329, 52650, 52577
  result is correct!
! 32, isa, 32, 1, 0, 60, 1920, 10, 10, 60187, 60205, 60190
  result is correct!
! 32, isa, 32, 1, 0, 64, 2048, 10, 10, 68251, 68555, 68341
  result is correct!

--------------------Threshold debug data--------------------
! 32, isa, 32, 1, 0, 8, 256, 10

! @  1327 1318 1318 1636 1325 1318 1318 1318 1318 1318
! 32, isa, 32, 1, 0, 12, 384, 10

! @  3047 2747 2726 2726 2726 2726 2726 2726 2726 2726
! 32, isa, 32, 1, 0, 16, 512, 10

! @  4661 4646 4951 4667 4646 4646 4646 4646 4949 4667
! 32, isa, 32, 1, 0, 20, 640, 10

! @  7093 7078 7400 7080 7078 7078 7383 7099 7078 7078
! 32, isa, 32, 1, 0, 24, 768, 10

! @  10037 10323 10043 10022 10325 10043 10022 10325 10043 10022
! 32, isa, 32, 1, 0, 28, 896, 10

! @  13800 13499 13478 13800 13480 13800 13480 13783 13499 13777
! 32, isa, 32, 1, 0, 32, 1024, 10

! @  17782 17751 17467 17750 17467 17768 17750 17467 17750 17467
! 32, isa, 32, 1, 0, 36, 1152, 10

! @  22250 21947 22248 22243 22234 21947 22247 22232 22249 21947
! 32, isa, 32, 1, 0, 40, 1280, 10

! @  27249 26947 27240 27243 27242 27241 27235 27226 27244 27243
! 32, isa, 32, 1, 0, 44, 1408, 10

! @  33050 32745 32745 32747 32747 32746 32764 32749 32748 32750
! 32, isa, 32, 1, 0, 48, 1536, 10

! @  39066 38760 38781 39052 38764 38781 39054 38763 38777 38771
! 32, isa, 32, 1, 0, 52, 1664, 10

! @  45306 45600 45289 45598 45306 45587 45309 45582 45309 45582
! 32, isa, 32, 1, 0, 56, 1792, 10

! @  52650 52640 52332 52638 52635 52638 52329 52635 52638 52638
! 32, isa, 32, 1, 0, 60, 1920, 10

! @  60205 60190 60189 60190 60190 60190 60190 60189 60187 60187
! 32, isa, 32, 1, 0, 64, 2048, 10

! @  68555 68253 68253 68251 68540 68254 68254 68543 68254 68254
