! 23, ise, 32, 1, 0, 8, 184, 10, 10, 467, 471, 467
  result is correct!
! 23, ise, 32, 1, 0, 12, 276, 10, 10, 836, 846, 837
  result is correct!
! 23, ise, 32, 1, 0, 16, 368, 10, 10, 1299, 1309, 1300
  result is correct!
! 23, ise, 32, 1, 0, 20, 460, 10, 10, 1838, 2343, 1891
  result is correct!
! 23, ise, 32, 1, 0, 24, 552, 10, 10, 2477, 2888, 2530
  result is correct!
! 23, ise, 32, 1, 0, 28, 644, 10, 10, 3212, 3735, 3265
  result is correct!
! 23, ise, 32, 1, 0, 32, 736, 10, 10, 4043, 4550, 4097
  result is correct!
! 23, ise, 32, 1, 0, 36, 828, 10, 10, 4970, 5380, 5074
  result is correct!
! 23, ise, 32, 1, 0, 40, 920, 10, 10, 5993, 6499, 6107
  result is correct!
! 23, ise, 32, 1, 0, 44, 1012, 10, 10, 7112, 7621, 7219
  result is correct!
! 23, ise, 32, 1, 0, 48, 1104, 10, 10, 8327, 8842, 8485
  result is correct!
! 23, ise, 32, 1, 0, 52, 1196, 10, 10, 9638, 10147, 9801
  result is correct!
! 23, ise, 32, 1, 0, 56, 1288, 10, 10, 11045, 11553, 11255
  result is correct!
! 23, ise, 32, 1, 0, 60, 1380, 10, 10, 12548, 13069, 12760
  result is correct!
! 23, ise, 32, 1, 0, 64, 1472, 10, 10, 14170, 14665, 14411
  result is correct!
! 23, ise, 32, 1, 0, 68, 1564, 10, 10, 15865, 16349, 16107
  result is correct!
! 23, ise, 32, 1, 0, 72, 1656, 10, 10, 17743, 18143, 17949
  result is correct!

--------------------Threshold debug data--------------------
! 23, ise, 32, 1, 0, 8, 184, 10

! @  471 467 467 467 467 467 467 467 467 467
! 23, ise, 32, 1, 0, 12, 276, 10

! @  846 836 836 836 836 836 836 836 836 836
! 23, ise, 32, 1, 0, 16, 368, 10

! @  1309 1299 1299 1299 1299 1299 1299 1299 1299 1299
! 23, ise, 32, 1, 0, 20, 460, 10

! @  1848 1838 1838 1838 1838 2343 1861 1838 1838 1838
! 23, ise, 32, 1, 0, 24, 552, 10

! @  2487 2888 2587 2477 2477 2477 2477 2477 2477 2477
! 23, ise, 32, 1, 0, 28, 644, 10

! @  3222 3212 3212 3212 3212 3212 3212 3212 3735 3214
! 23, ise, 32, 1, 0, 32, 736, 10

! @  4053 4043 4043 4043 4550 4066 4043 4043 4043 4043
! 23, ise, 32, 1, 0, 36, 828, 10

! @  4980 5380 5080 4970 4970 4970 4970 5377 5080 4970
! 23, ise, 32, 1, 0, 40, 920, 10

! @  6116 5993 5993 5993 6402 6103 5993 5993 5993 6499
! 23, ise, 32, 1, 0, 44, 1012, 10

! @  7122 7112 7620 7135 7112 7112 7621 7135 7112 7112
! 23, ise, 32, 1, 0, 48, 1104, 10

! @  8842 8350 8327 8327 8830 8350 8327 8737 8437 8327
! 23, ise, 32, 1, 0, 52, 1196, 10

! @  9674 9638 10147 9661 9638 10146 9661 9638 10146 9661
! 23, ise, 32, 1, 0, 56, 1288, 10

! @  11465 11155 11045 11553 11068 11455 11155 11045 11457 11155
! 23, ise, 32, 1, 0, 60, 1380, 10

! @  12584 12957 12658 12548 13069 12550 13056 12571 12957 12658
! 23, ise, 32, 1, 0, 64, 1472, 10

! @  14665 14170 14655 14170 14653 14170 14561 14257 14557 14257
! 23, ise, 32, 1, 0, 68, 1564, 10

! @  15878 16348 16276 15952 16253 15952 16253 15952 16349 15865
! 23, ise, 32, 1, 0, 72, 1656, 10

! @  17756 18043 17743 18143 18070 17743 18043 17743 18140 18066
