! 28, isa, 32, 1, 0, 8, 224, 10, 10, 1227, 1235, 1227
  result is correct!
! 28, isa, 32, 1, 0, 12, 336, 10, 10, 2491, 2792, 2523
  result is correct!
! 28, isa, 32, 1, 0, 16, 448, 10, 10, 4203, 4506, 4236
  result is correct!
! 28, isa, 32, 1, 0, 20, 560, 10, 10, 6363, 6682, 6429
  result is correct!
! 28, isa, 32, 1, 0, 24, 672, 10, 10, 8971, 9292, 9069
  result is correct!
! 28, isa, 32, 1, 0, 28, 784, 10, 10, 12027, 12349, 12158
  result is correct!
! 28, isa, 32, 1, 0, 32, 896, 10, 10, 15538, 15854, 15695
  result is correct!
! 28, isa, 32, 1, 0, 36, 1008, 10, 10, 19504, 19805, 19709
  result is correct!
! 28, isa, 32, 1, 0, 40, 1120, 10, 10, 23904, 24211, 24144
  result is correct!
! 28, isa, 32, 1, 0, 44, 1232, 10, 10, 29041, 29064, 29056
  result is correct!
! 28, isa, 32, 1, 0, 48, 1344, 10, 10, 34349, 34645, 34385
  result is correct!
! 28, isa, 32, 1, 0, 52, 1456, 10, 10, 40093, 40390, 40190
  result is correct!
! 28, isa, 32, 1, 0, 56, 1568, 10, 10, 46287, 46600, 46473
  result is correct!
! 28, isa, 32, 1, 0, 60, 1680, 10, 10, 52927, 53242, 53174
  result is correct!
! 28, isa, 32, 1, 0, 64, 1792, 10, 10, 60319, 60330, 60324
  result is correct!
! 28, isa, 32, 1, 0, 68, 1904, 10, 10, 67858, 68153, 67947
  result is correct!
! 28, isa, 32, 1, 0, 72, 2016, 10, 10, 75839, 76135, 75987
  result is correct!

--------------------Threshold debug data--------------------
! 28, isa, 32, 1, 0, 8, 224, 10

! @  1235 1227 1227 1227 1227 1227 1227 1227 1227 1227
! 28, isa, 32, 1, 0, 12, 336, 10

! @  2498 2792 2512 2491 2491 2491 2491 2491 2491 2491
! 28, isa, 32, 1, 0, 16, 448, 10

! @  4210 4203 4203 4506 4224 4203 4203 4203 4203 4203
! 28, isa, 32, 1, 0, 20, 560, 10

! @  6375 6363 6363 6666 6384 6363 6363 6363 6682 6370
! 28, isa, 32, 1, 0, 24, 672, 10

! @  8997 8971 8971 9292 8978 8971 9289 8978 8971 9274
! 28, isa, 32, 1, 0, 28, 784, 10

! @  12053 12027 12348 12034 12331 12048 12027 12349 12034 12332
! 28, isa, 32, 1, 0, 32, 896, 10

! @  15543 15854 15538 15849 15538 15853 15538 15851 15538 15851
! 28, isa, 32, 1, 0, 36, 1008, 10

! @  19797 19504 19799 19794 19504 19801 19794 19504 19805 19793
! 28, isa, 32, 1, 0, 40, 1120, 10

! @  23909 24204 24210 24192 24208 23904 24203 24211 24194 24207
! 28, isa, 32, 1, 0, 44, 1232, 10

! @  29064 29060 29059 29059 29056 29056 29059 29041 29056 29055
! 28, isa, 32, 1, 0, 48, 1344, 10

! @  34373 34355 34352 34645 34349 34352 34352 34369 34356 34352
! 28, isa, 32, 1, 0, 52, 1456, 10

! @  40120 40387 40094 40110 40390 40093 40113 40388 40095 40112
! 28, isa, 32, 1, 0, 56, 1568, 10

! @  46600 46287 46595 46289 46592 46305 46582 46305 46581 46596
! 28, isa, 32, 1, 0, 60, 1680, 10

! @  53242 53234 53235 52927 53235 53235 53235 52944 53220 53235
! 28, isa, 32, 1, 0, 64, 1792, 10

! @  60330 60324 60323 60324 60324 60325 60325 60325 60324 60319
! 28, isa, 32, 1, 0, 68, 1904, 10

! @  67865 68150 67858 67858 67859 68153 67859 67861 68148 67859
! 28, isa, 32, 1, 0, 72, 2016, 10

! @  75849 76135 75841 76130 76135 75843 76130 75843 76130 75839
