! 27, ise, 32, 1, 0, 8, 216, 10, 10, 1020, 1027, 1020
  result is correct!
! 27, ise, 32, 1, 0, 12, 324, 10, 10, 2036, 2357, 2070
  result is correct!
! 27, ise, 32, 1, 0, 16, 432, 10, 10, 3404, 3722, 3437
  result is correct!
! 27, ise, 32, 1, 0, 20, 540, 10, 10, 5124, 5446, 5190
  result is correct!
! 27, ise, 32, 1, 0, 24, 648, 10, 10, 7196, 7518, 7262
  result is correct!
! 27, ise, 32, 1, 0, 28, 756, 10, 10, 9620, 9942, 9719
  result is correct!
! 27, ise, 32, 1, 0, 32, 864, 10, 10, 12396, 12718, 12528
  result is correct!

--------------------Threshold debug data--------------------
! 27, ise, 32, 1, 0, 8, 216, 10

! @  1027 1020 1020 1020 1020 1020 1020 1020 1020 1020
! 27, ise, 32, 1, 0, 12, 324, 10

! @  2051 2036 2036 2036 2357 2041 2036 2036 2036 2036
! 27, ise, 32, 1, 0, 16, 432, 10

! @  3419 3404 3404 3404 3404 3404 3404 3722 3409 3404
! 27, ise, 32, 1, 0, 20, 540, 10

! @  5139 5443 5129 5124 5124 5124 5124 5446 5129 5124
! 27, ise, 32, 1, 0, 24, 648, 10

! @  7211 7196 7518 7201 7196 7196 7516 7201 7196 7196
! 27, ise, 32, 1, 0, 28, 756, 10

! @  9640 9620 9942 9625 9620 9940 9625 9620 9942 9625
! 27, ise, 32, 1, 0, 32, 864, 10

! @  12428 12702 12413 12396 12718 12401 12699 12413 12396 12716
