! 32, ise, 32, 1, 0, 8, 256, 10, 10, 1129, 1427, 1161
  result is correct!
! 32, ise, 32, 1, 0, 12, 384, 10, 10, 2297, 2591, 2328
  result is correct!
! 32, ise, 32, 1, 0, 16, 512, 10, 10, 3881, 4193, 3912
  result is correct!
! 32, ise, 32, 1, 0, 20, 640, 10, 10, 5881, 6177, 5943
  result is correct!
! 32, ise, 32, 1, 0, 24, 768, 10, 10, 8297, 8610, 8392
  result is correct!
! 32, ise, 32, 1, 0, 28, 896, 10, 10, 11129, 11442, 11255
  result is correct!
! 32, ise, 32, 1, 0, 32, 1024, 10, 10, 14379, 14690, 14533
  result is correct!
! 32, ise, 32, 1, 0, 36, 1152, 10, 10, 18043, 18354, 18230
  result is correct!
! 32, ise, 32, 1, 0, 40, 1280, 10, 10, 22138, 22436, 22342
  result is correct!
! 32, ise, 32, 1, 0, 44, 1408, 10, 10, 26634, 26934, 26901
  result is correct!
! 32, ise, 32, 1, 0, 48, 1536, 10, 10, 31844, 32124, 31873
  result is correct!
! 32, ise, 32, 1, 0, 52, 1664, 10, 10, 37172, 37461, 37233
  result is correct!
! 32, ise, 32, 1, 0, 56, 1792, 10, 10, 42917, 43215, 43038
  result is correct!
! 32, ise, 32, 1, 0, 60, 1920, 10, 10, 49075, 49380, 49258
  result is correct!
! 32, ise, 32, 1, 0, 64, 2048, 10, 10, 55666, 55956, 55922
  result is correct!

--------------------Threshold debug data--------------------
! 32, ise, 32, 1, 0, 8, 256, 10

! @  1141 1129 1129 1129 1129 1427 1146 1129 1129 1129
! 32, ise, 32, 1, 0, 12, 384, 10

! @  2301 2297 2591 2314 2297 2297 2297 2297 2297 2297
! 32, ise, 32, 1, 0, 16, 512, 10

! @  3885 3881 3881 3881 3881 4193 3883 3881 3881 3881
! 32, ise, 32, 1, 0, 20, 640, 10

! @  5903 5881 5881 5881 6177 5898 5881 5881 5881 6166
! 32, ise, 32, 1, 0, 24, 768, 10

! @  8599 8314 8297 8297 8610 8299 8297 8596 8314 8297
! 32, ise, 32, 1, 0, 28, 896, 10

! @  11432 11146 11129 11442 11131 11428 11146 11129 11426 11146
! 32, ise, 32, 1, 0, 32, 1024, 10

! @  14690 14379 14689 14379 14687 14379 14689 14379 14689 14379
! 32, ise, 32, 1, 0, 36, 1152, 10

! @  18063 18353 18043 18353 18342 18058 18354 18043 18353 18342
! 32, ise, 32, 1, 0, 40, 1280, 10

! @  22429 22138 22433 22435 22420 22138 22433 22436 22420 22138
! 32, ise, 32, 1, 0, 44, 1408, 10

! @  26930 26933 26933 26931 26934 26919 26932 26933 26931 26634
! 32, ise, 32, 1, 0, 48, 1536, 10

! @  31850 31845 31844 31846 31846 32124 31845 31845 31845 31845
! 32, ise, 32, 1, 0, 52, 1664, 10

! @  37188 37174 37461 37173 37184 37172 37457 37172 37184 37172
! 32, ise, 32, 1, 0, 56, 1792, 10

! @  42936 43205 42917 43215 42918 42928 43203 42928 43203 42931
! 32, ise, 32, 1, 0, 60, 1920, 10

! @  49380 49075 49377 49373 49075 49377 49091 49366 49377 49090
! 32, ise, 32, 1, 0, 64, 2048, 10

! @  55956 55952 55955 55954 55666 55938 55951 55953 55949 55954
