! 22, ise, 32, 1, 0, 8, 176, 10, 10, 1020, 1024, 1020
  result is correct!
! 22, ise, 32, 1, 0, 12, 264, 10, 10, 2036, 2355, 2069
  result is correct!
! 22, ise, 32, 1, 0, 16, 352, 10, 10, 3404, 3721, 3436
  result is correct!
! 22, ise, 32, 1, 0, 20, 440, 10, 10, 5124, 5442, 5188
  result is correct!
! 22, ise, 32, 1, 0, 24, 528, 10, 10, 7196, 7515, 7261
  result is correct!
! 22, ise, 32, 1, 0, 28, 616, 10, 10, 9620, 9940, 9717
  result is correct!
! 22, ise, 32, 1, 0, 32, 704, 10, 10, 12396, 12713, 12525
  result is correct!
! 22, ise, 32, 1, 0, 36, 792, 10, 10, 15526, 15843, 15684
  result is correct!
! 22, ise, 32, 1, 0, 40, 880, 10, 10, 19006, 19322, 19195
  result is correct!
! 22, ise, 32, 1, 0, 44, 968, 10, 10, 22850, 23169, 23091
  result is correct!
! 22, ise, 32, 1, 0, 48, 1056, 10, 10, 27034, 27350, 27307
  result is correct!
! 22, ise, 32, 1, 0, 52, 1144, 10, 10, 31871, 32164, 31904
  result is correct!
! 22, ise, 32, 1, 0, 56, 1232, 10, 10, 36759, 37051, 36823
  result is correct!
! 22, ise, 32, 1, 0, 60, 1320, 10, 10, 42001, 42302, 42124
  result is correct!
! 22, ise, 32, 1, 0, 64, 1408, 10, 10, 47591, 47898, 47775
  result is correct!
! 22, ise, 32, 1, 0, 68, 1496, 10, 10, 53550, 53844, 53781
  result is correct!
! 22, ise, 32, 1, 0, 72, 1584, 10, 10, 60134, 60152, 60137
  result is correct!

--------------------Threshold debug data--------------------
! 22, ise, 32, 1, 0, 8, 176, 10

! @  1024 1020 1020 1020 1020 1020 1020 1020 1020 1020
! 22, ise, 32, 1, 0, 12, 264, 10

! @  2046 2036 2036 2036 2355 2038 2036 2036 2036 2036
! 22, ise, 32, 1, 0, 16, 352, 10

! @  3414 3404 3404 3404 3404 3404 3404 3721 3406 3404
! 22, ise, 32, 1, 0, 20, 440, 10

! @  5134 5441 5126 5124 5124 5124 5124 5442 5126 5124
! 22, ise, 32, 1, 0, 24, 528, 10

! @  7206 7196 7515 7198 7196 7196 7515 7198 7196 7196
! 22, ise, 32, 1, 0, 28, 616, 10

! @  9635 9620 9940 9622 9620 9938 9622 9620 9939 9622
! 22, ise, 32, 1, 0, 32, 704, 10

! @  12423 12697 12410 12396 12713 12398 12699 12410 12396 12711
! 22, ise, 32, 1, 0, 36, 792, 10

! @  15544 15839 15526 15839 15526 15841 15526 15839 15526 15843
! 22, ise, 32, 1, 0, 40, 880, 10

! @  19322 19018 19319 19006 19320 19307 19018 19322 19309 19018
! 22, ise, 32, 1, 0, 44, 968, 10

! @  23169 23141 23149 22850 23155 23141 23153 22850 23154 23156
! 22, ise, 32, 1, 0, 48, 1056, 10

! @  27350 27034 27338 27341 27339 27340 27341 27323 27335 27338
! 22, ise, 32, 1, 0, 52, 1144, 10

! @  31890 31876 31877 31875 31875 32164 31874 31873 31871 31873
! 22, ise, 32, 1, 0, 56, 1232, 10

! @  36775 36775 36765 37047 36761 36775 36765 37051 36759 36761
! 22, ise, 32, 1, 0, 60, 1320, 10

! @  42015 42015 42292 42001 42302 42001 42017 42293 42017 42294
! 22, ise, 32, 1, 0, 64, 1408, 10

! @  47898 47894 47591 47890 47608 47886 47896 47591 47896 47605
! 22, ise, 32, 1, 0, 68, 1496, 10

! @  53839 53844 53841 53841 53553 53829 53840 53840 53842 53550
! 22, ise, 32, 1, 0, 72, 1584, 10

! @  60152 60135 60136 60134 60135 60138 60136 60136 60134 60134
