>>>>
====
REPO_HOME         := auto-generated-text
RISCV             := auto-generated-text
MPISE_DESTRUCTIVE := 0
MPISE_STATELESS   := 1
----
ARCH              := rv64
TYPE              := ise
RADIX             := 64
PLATFORM          := cva6-fpga
VERSION           := hybrid
<<<<
bbl loader
! 64, ise, 64, 0, 1, 8, 512, 1000, 989, 521, 521, 521
  result is correct!
! 64, ise, 64, 0, 1, 12, 768, 1000, 981, 1054, 1054, 1054
  result is correct!
! 64, ise, 64, 0, 1, 16, 1024, 1000, 978, 1761, 1761, 1761
  result is correct!
! 64, ise, 64, 0, 1, 20, 1280, 1000, 973, 2647, 2647, 2647
  result is correct!
! 64, ise, 64, 0, 1, 24, 1536, 1000, 963, 3719, 3719, 3719
  result is correct!
! 64, ise, 64, 0, 1, 28, 1792, 1000, 961, 4977, 4977, 4977
  result is correct!
! 64, ise, 64, 0, 1, 32, 2048, 1000, 951, 6421, 6421, 6421
  result is correct!
! 64, ise, 64, 0, 1, 36, 2304, 1000, 938, 8051, 8051, 8051
  result is correct!
! 64, ise, 64, 0, 1, 40, 2560, 1000, 926, 9867, 9867, 9867
  result is correct!
! 64, ise, 64, 0, 1, 44, 2816, 1000, 919, 11869, 11869, 11869
  result is correct!
! 64, ise, 64, 0, 1, 48, 3072, 1000, 901, 14057, 14057, 14057
  result is correct!
! 64, ise, 64, 0, 1, 52, 3328, 1000, 881, 16431, 16431, 16431
  result is correct!
! 64, ise, 64, 0, 1, 56, 3584, 1000, 872, 18991, 18991, 18991
  result is correct!
! 64, ise, 64, 0, 1, 60, 3840, 1000, 852, 21737, 21737, 21737
  result is correct!
! 64, ise, 64, 0, 1, 64, 4096, 1000, 835, 24669, 24669, 24669
  result is correct!
