>>>>
====
REPO_HOME         := auto-generated-text
RISCV             := auto-generated-text
MPISE_DESTRUCTIVE := 0
MPISE_STATELESS   := 1
----
ARCH              := rv64
TYPE              := isa
RADIX             := 58
PLATFORM          := cva6-fpga
VERSION           := simple
<<<<
bbl loader
! 58, isa, 64, 0, 1, 8, 464, 1000, 996, 1210, 1210, 1210
  result is correct!
! 58, isa, 64, 0, 1, 12, 696, 1000, 993, 2470, 2470, 2470
  result is correct!
! 58, isa, 64, 0, 1, 16, 928, 1000, 990, 4178, 4178, 4178
  result is correct!
! 58, isa, 64, 0, 1, 20, 1160, 1000, 983, 6334, 6334, 6334
  result is correct!
! 58, isa, 64, 0, 1, 24, 1392, 1000, 980, 8938, 8938, 8938
  result is correct!
! 58, isa, 64, 0, 1, 28, 1624, 1000, 970, 11990, 11990, 11990
  result is correct!
! 58, isa, 64, 0, 1, 32, 1856, 1000, 966, 15490, 15490, 15490
  result is correct!
! 58, isa, 64, 0, 1, 36, 2088, 1000, 945, 19438, 19438, 19438
  result is correct!
! 58, isa, 64, 0, 1, 40, 2320, 1000, 941, 23834, 23834, 23834
  result is correct!
! 58, isa, 64, 0, 1, 44, 2552, 1000, 933, 28678, 28678, 28678
  result is correct!
! 58, isa, 64, 0, 1, 48, 2784, 1000, 923, 33970, 33970, 33970
  result is correct!
! 58, isa, 64, 0, 1, 52, 3016, 1000, 904, 39710, 39710, 39710
  result is correct!
! 58, isa, 64, 0, 1, 56, 3248, 1000, 895, 45898, 45898, 45898
  result is correct!
! 58, isa, 64, 0, 1, 60, 3480, 1000, 879, 52534, 52534, 52534
  result is correct!
! 58, isa, 64, 0, 1, 64, 3712, 1000, 868, 59618, 59618, 59618
  result is correct!
! 58, isa, 64, 0, 1, 68, 3944, 1000, 841, 67150, 67150, 67150
  result is correct!
! 58, isa, 64, 0, 1, 72, 4176, 1000, 831, 75130, 75130, 75130
  result is correct!
