>>>>
====
REPO_HOME         := auto-generated-text
RISCV             := auto-generated-text
MPISE_DESTRUCTIVE := 0
MPISE_STATELESS   := 1
----
ARCH              := rv64
TYPE              := isa
RADIX             := 57
PLATFORM          := cva6-fpga
VERSION           := hybrid
<<<<
bbl loader
! 57, isa, 64, 0, 1, 8, 456, 1000, 987, 854, 854, 854
  result is correct!
! 57, isa, 64, 0, 1, 12, 684, 1000, 978, 1641, 1641, 1641
  result is correct!
! 57, isa, 64, 0, 1, 16, 912, 1000, 977, 2682, 2682, 2682
  result is correct!
! 57, isa, 64, 0, 1, 20, 1140, 1000, 964, 3956, 3956, 3956
  result is correct!
! 57, isa, 64, 0, 1, 24, 1368, 1000, 958, 5489, 5489, 5489
  result is correct!
! 57, isa, 64, 0, 1, 28, 1596, 1000, 944, 7276, 7276, 7276
  result is correct!
! 57, isa, 64, 0, 1, 32, 1824, 1000, 929, 9317, 9317, 9317
  result is correct!
! 57, isa, 64, 0, 1, 36, 2052, 1000, 916, 11612, 11612, 11612
  result is correct!
! 57, isa, 64, 0, 1, 40, 2280, 1000, 896, 14161, 14161, 14161
  result is correct!
! 57, isa, 64, 0, 1, 44, 2508, 1000, 883, 16964, 16964, 16964
  result is correct!
! 57, isa, 64, 0, 1, 48, 2736, 1000, 862, 20021, 20021, 20021
  result is correct!
! 57, isa, 64, 0, 1, 52, 2964, 1000, 846, 23332, 23332, 23332
  result is correct!
! 57, isa, 64, 0, 1, 56, 3192, 1000, 820, 26897, 26897, 26897
  result is correct!
! 57, isa, 64, 0, 1, 60, 3420, 1000, 796, 30716, 30716, 30716
  result is correct!
! 57, isa, 64, 0, 1, 64, 3648, 1000, 769, 34789, 34789, 34789
  result is correct!
! 57, isa, 64, 0, 1, 68, 3876, 1000, 744, 39116, 39116, 39116
  result is correct!
! 57, isa, 64, 0, 1, 72, 4104, 1000, 715, 43697, 43697, 43697
  result is correct!
