>>>>
====
REPO_HOME         := auto-generated-text
RISCV             := auto-generated-text
MPISE_DESTRUCTIVE := 0
MPISE_STATELESS   := 1
----
ARCH              := rv64
TYPE              := isa
RADIX             := 56
PLATFORM          := cva6-fpga
VERSION           := simple
<<<<
bbl loader
! 56, isa, 64, 0, 1, 8, 448, 1000, 995, 1210, 1210, 1210
  result is correct!
! 56, isa, 64, 0, 1, 12, 672, 1000, 993, 2470, 2470, 2470
  result is correct!
! 56, isa, 64, 0, 1, 16, 896, 1000, 985, 4178, 4178, 4178
  result is correct!
! 56, isa, 64, 0, 1, 20, 1120, 1000, 978, 6334, 6334, 6334
  result is correct!
! 56, isa, 64, 0, 1, 24, 1344, 1000, 968, 8938, 8938, 8938
  result is correct!
! 56, isa, 64, 0, 1, 28, 1568, 1000, 961, 11990, 11990, 11990
  result is correct!
! 56, isa, 64, 0, 1, 32, 1792, 1000, 948, 15490, 15490, 15490
  result is correct!
! 56, isa, 64, 0, 1, 36, 2016, 1000, 936, 19438, 19438, 19438
  result is correct!
! 56, isa, 64, 0, 1, 40, 2240, 1000, 921, 23834, 23834, 23834
  result is correct!
! 56, isa, 64, 0, 1, 44, 2464, 1000, 908, 28678, 28678, 28678
  result is correct!
! 56, isa, 64, 0, 1, 48, 2688, 1000, 886, 33970, 33970, 33970
  result is correct!
! 56, isa, 64, 0, 1, 52, 2912, 1000, 871, 39710, 39710, 39710
  result is correct!
! 56, isa, 64, 0, 1, 56, 3136, 1000, 850, 45898, 45898, 45898
  result is correct!
! 56, isa, 64, 0, 1, 60, 3360, 1000, 829, 52534, 52534, 52534
  result is correct!
! 56, isa, 64, 0, 1, 64, 3584, 1000, 803, 59618, 59618, 59618
  result is correct!
! 56, isa, 64, 0, 1, 68, 3808, 1000, 779, 67150, 67150, 67150
  result is correct!
! 56, isa, 64, 0, 1, 72, 4032, 1000, 755, 75130, 75130, 75130
  result is correct!
