>>>>
====
REPO_HOME         := auto-generated-text
RISCV             := auto-generated-text
MPISE_DESTRUCTIVE := 0
MPISE_STATELESS   := 1
----
ARCH              := rv64
TYPE              := isa
RADIX             := 59
PLATFORM          := cva6-fpga
VERSION           := simple
<<<<
bbl loader
! 59, isa, 64, 0, 1, 8, 472, 1000, 996, 1210, 1210, 1210
  result is correct!
! 59, isa, 64, 0, 1, 12, 708, 1000, 994, 2470, 2470, 2470
  result is correct!
! 59, isa, 64, 0, 1, 16, 944, 1000, 989, 4178, 4178, 4178
  result is correct!
! 59, isa, 64, 0, 1, 20, 1180, 1000, 984, 6334, 6334, 6334
  result is correct!
! 59, isa, 64, 0, 1, 24, 1416, 1000, 976, 8938, 8938, 8938
  result is correct!
! 59, isa, 64, 0, 1, 28, 1652, 1000, 970, 11990, 11990, 11990
  result is correct!
! 59, isa, 64, 0, 1, 32, 1888, 1000, 962, 15490, 15490, 15490
  result is correct!
! 59, isa, 64, 0, 1, 36, 2124, 1000, 953, 19438, 19438, 19438
  result is correct!
! 59, isa, 64, 0, 1, 40, 2360, 1000, 944, 23834, 23834, 23834
  result is correct!
! 59, isa, 64, 0, 1, 44, 2596, 1000, 929, 28678, 28678, 28678
  result is correct!
! 59, isa, 64, 0, 1, 48, 2832, 1000, 918, 33970, 33970, 33970
  result is correct!
! 59, isa, 64, 0, 1, 52, 3068, 1000, 908, 39710, 39710, 39710
  result is correct!
! 59, isa, 64, 0, 1, 56, 3304, 1000, 895, 45898, 45898, 45898
  result is correct!
! 59, isa, 64, 0, 1, 60, 3540, 1000, 880, 52534, 52534, 52534
  result is correct!
! 59, isa, 64, 0, 1, 64, 3776, 1000, 867, 59618, 59618, 59618
  result is correct!
! 59, isa, 64, 0, 1, 68, 4012, 1000, 846, 67150, 67150, 67150
  result is correct!
! 59, isa, 64, 0, 1, 72, 4248, 1000, 831, 75130, 75130, 75130
  result is correct!
