>>>>
====
REPO_HOME         := auto-generated-text
RISCV             := auto-generated-text
MPISE_DESTRUCTIVE := 0
MPISE_STATELESS   := 1
----
ARCH              := rv64
TYPE              := isa
RADIX             := 54
PLATFORM          := cva6-fpga
VERSION           := hybrid
<<<<
bbl loader
! 54, isa, 64, 0, 1, 8, 432, 1000, 985, 854, 854, 854
  result is correct!
! 54, isa, 64, 0, 1, 12, 648, 1000, 981, 1641, 1641, 1641
  result is correct!
! 54, isa, 64, 0, 1, 16, 864, 1000, 971, 2682, 2682, 2682
  result is correct!
! 54, isa, 64, 0, 1, 20, 1080, 1000, 964, 3956, 3956, 3956
  result is correct!
! 54, isa, 64, 0, 1, 24, 1296, 1000, 958, 5489, 5489, 5489
  result is correct!
! 54, isa, 64, 0, 1, 28, 1512, 1000, 942, 7276, 7276, 7276
  result is correct!
! 54, isa, 64, 0, 1, 32, 1728, 1000, 933, 9317, 9317, 9317
  result is correct!
! 54, isa, 64, 0, 1, 36, 1944, 1000, 917, 11612, 11612, 11612
  result is correct!
! 54, isa, 64, 0, 1, 40, 2160, 1000, 903, 14161, 14161, 14161
  result is correct!
! 54, isa, 64, 0, 1, 44, 2376, 1000, 881, 16964, 16964, 16964
  result is correct!
! 54, isa, 64, 0, 1, 48, 2592, 1000, 859, 20021, 20021, 20021
  result is correct!
! 54, isa, 64, 0, 1, 52, 2808, 1000, 838, 23332, 23332, 23332
  result is correct!
! 54, isa, 64, 0, 1, 56, 3024, 1000, 816, 26897, 26897, 26897
  result is correct!
! 54, isa, 64, 0, 1, 60, 3240, 1000, 789, 30716, 30716, 30716
  result is correct!
! 54, isa, 64, 0, 1, 64, 3456, 1000, 770, 34789, 34789, 34789
  result is correct!
! 54, isa, 64, 0, 1, 68, 3672, 1000, 739, 39116, 39116, 39116
  result is correct!
! 54, isa, 64, 0, 1, 72, 3888, 1000, 714, 43697, 43697, 43697
  result is correct!
