>>>>
====
REPO_HOME         := auto-generated-text
RISCV             := auto-generated-text
MPISE_DESTRUCTIVE := 0
MPISE_STATELESS   := 1
----
ARCH              := rv64
TYPE              := isa
RADIX             := 59
PLATFORM          := cva6-fpga
VERSION           := hybrid
<<<<
bbl loader
! 59, isa, 64, 0, 1, 8, 472, 1000, 989, 854, 854, 854
  result is correct!
! 59, isa, 64, 0, 1, 12, 708, 1000, 978, 1641, 1641, 1641
  result is correct!
! 59, isa, 64, 0, 1, 16, 944, 1000, 971, 2682, 2682, 2682
  result is correct!
! 59, isa, 64, 0, 1, 20, 1180, 1000, 964, 3956, 3956, 3956
  result is correct!
! 59, isa, 64, 0, 1, 24, 1416, 1000, 959, 5489, 5489, 5489
  result is correct!
! 59, isa, 64, 0, 1, 28, 1652, 1000, 943, 7276, 7276, 7276
  result is correct!
! 59, isa, 64, 0, 1, 32, 1888, 1000, 928, 9317, 9317, 9317
  result is correct!
! 59, isa, 64, 0, 1, 36, 2124, 1000, 912, 11612, 11612, 11612
  result is correct!
! 59, isa, 64, 0, 1, 40, 2360, 1000, 903, 14161, 14161, 14161
  result is correct!
! 59, isa, 64, 0, 1, 44, 2596, 1000, 887, 16964, 16964, 16964
  result is correct!
! 59, isa, 64, 0, 1, 48, 2832, 1000, 861, 20021, 20021, 20021
  result is correct!
! 59, isa, 64, 0, 1, 52, 3068, 1000, 839, 23332, 23332, 23332
  result is correct!
! 59, isa, 64, 0, 1, 56, 3304, 1000, 818, 26897, 26897, 26897
  result is correct!
! 59, isa, 64, 0, 1, 60, 3540, 1000, 799, 30716, 30716, 30716
  result is correct!
! 59, isa, 64, 0, 1, 64, 3776, 1000, 771, 34789, 34789, 34789
  result is correct!
! 59, isa, 64, 0, 1, 68, 4012, 1000, 747, 39116, 39116, 39116
  result is correct!
! 59, isa, 64, 0, 1, 72, 4248, 1000, 714, 43697, 43697, 43697
  result is correct!
