>>>>
====
REPO_HOME         := auto-generated-text
RISCV             := auto-generated-text
MPISE_DESTRUCTIVE := 0
MPISE_STATELESS   := 1
----
ARCH              := rv64
TYPE              := isa
RADIX             := 53
PLATFORM          := cva6-fpga
VERSION           := simple
<<<<
bbl loader
! 53, isa, 64, 0, 1, 8, 424, 1000, 997, 1210, 1210, 1210
  result is correct!
! 53, isa, 64, 0, 1, 12, 636, 1000, 994, 2470, 2470, 2470
  result is correct!
! 53, isa, 64, 0, 1, 16, 848, 1000, 990, 4178, 4178, 4178
  result is correct!
! 53, isa, 64, 0, 1, 20, 1060, 1000, 984, 6334, 6334, 6334
  result is correct!
! 53, isa, 64, 0, 1, 24, 1272, 1000, 974, 8938, 8938, 8938
  result is correct!
! 53, isa, 64, 0, 1, 28, 1484, 1000, 974, 11990, 11990, 11990
  result is correct!
! 53, isa, 64, 0, 1, 32, 1696, 1000, 964, 15490, 15490, 15490
  result is correct!
! 53, isa, 64, 0, 1, 36, 1908, 1000, 954, 19438, 19438, 19438
  result is correct!
! 53, isa, 64, 0, 1, 40, 2120, 1000, 941, 23834, 23834, 23834
  result is correct!
! 53, isa, 64, 0, 1, 44, 2332, 1000, 933, 28678, 28678, 28678
  result is correct!
! 53, isa, 64, 0, 1, 48, 2544, 1000, 920, 33970, 33970, 33970
  result is correct!
! 53, isa, 64, 0, 1, 52, 2756, 1000, 907, 39710, 39710, 39710
  result is correct!
! 53, isa, 64, 0, 1, 56, 2968, 1000, 895, 45898, 45898, 45898
  result is correct!
! 53, isa, 64, 0, 1, 60, 3180, 1000, 880, 52534, 52534, 52534
  result is correct!
! 53, isa, 64, 0, 1, 64, 3392, 1000, 863, 59618, 59618, 59618
  result is correct!
! 53, isa, 64, 0, 1, 68, 3604, 1000, 847, 67150, 67150, 67150
  result is correct!
! 53, isa, 64, 0, 1, 72, 3816, 1000, 830, 75130, 75130, 75130
  result is correct!
