>>>>
====
REPO_HOME         := auto-generated-text
RISCV             := auto-generated-text
MPISE_DESTRUCTIVE := 0
MPISE_STATELESS   := 1
----
ARCH              := rv64
TYPE              := ise
RADIX             := 53
PLATFORM          := cva6-fpga
VERSION           := simple
<<<<
bbl loader
! 53, ise, 64, 0, 1, 8, 424, 1000, 996, 1006, 1006, 1006
  result is correct!
! 53, ise, 64, 0, 1, 12, 636, 1000, 994, 2018, 2018, 2018
  result is correct!
! 53, ise, 64, 0, 1, 16, 848, 1000, 987, 3382, 3382, 3382
  result is correct!
! 53, ise, 64, 0, 1, 20, 1060, 1000, 983, 5098, 5098, 5098
  result is correct!
! 53, ise, 64, 0, 1, 24, 1272, 1000, 974, 7166, 7166, 7166
  result is correct!
! 53, ise, 64, 0, 1, 28, 1484, 1000, 977, 9586, 9586, 9586
  result is correct!
! 53, ise, 64, 0, 1, 32, 1696, 1000, 959, 12358, 12358, 12358
  result is correct!
! 53, ise, 64, 0, 1, 36, 1908, 1000, 952, 15482, 15482, 15482
  result is correct!
! 53, ise, 64, 0, 1, 40, 2120, 1000, 940, 18958, 18958, 18958
  result is correct!
! 53, ise, 64, 0, 1, 44, 2332, 1000, 928, 22786, 22786, 22786
  result is correct!
! 53, ise, 64, 0, 1, 48, 2544, 1000, 914, 26966, 26966, 26966
  result is correct!
! 53, ise, 64, 0, 1, 52, 2756, 1000, 900, 31498, 31498, 31498
  result is correct!
! 53, ise, 64, 0, 1, 56, 2968, 1000, 880, 36382, 36382, 36382
  result is correct!
! 53, ise, 64, 0, 1, 60, 3180, 1000, 865, 41618, 41618, 41618
  result is correct!
! 53, ise, 64, 0, 1, 64, 3392, 1000, 849, 47206, 47206, 47206
  result is correct!
! 53, ise, 64, 0, 1, 68, 3604, 1000, 824, 53146, 53146, 53146
  result is correct!
! 53, ise, 64, 0, 1, 72, 3816, 1000, 811, 59438, 59438, 59438
  result is correct!
