>>>>
====
REPO_HOME         := auto-generated-text
RISCV             := auto-generated-text
MPISE_DESTRUCTIVE := 0
MPISE_STATELESS   := 1
----
ARCH              := rv64
TYPE              := isa
RADIX             := 50
PLATFORM          := cva6-fpga
VERSION           := simple
<<<<
bbl loader
! 50, isa, 64, 0, 1, 8, 400, 1000, 996, 1210, 1210, 1210
  result is correct!
! 50, isa, 64, 0, 1, 12, 600, 1000, 991, 2470, 2470, 2470
  result is correct!
! 50, isa, 64, 0, 1, 16, 800, 1000, 990, 4178, 4178, 4178
  result is correct!
! 50, isa, 64, 0, 1, 20, 1000, 1000, 985, 6334, 6334, 6334
  result is correct!
! 50, isa, 64, 0, 1, 24, 1200, 1000, 979, 8938, 8938, 8938
  result is correct!
! 50, isa, 64, 0, 1, 28, 1400, 1000, 968, 11990, 11990, 11990
  result is correct!
! 50, isa, 64, 0, 1, 32, 1600, 1000, 966, 15490, 15490, 15490
  result is correct!
! 50, isa, 64, 0, 1, 36, 1800, 1000, 957, 19438, 19438, 19438
  result is correct!
! 50, isa, 64, 0, 1, 40, 2000, 1000, 944, 23834, 23834, 23834
  result is correct!
! 50, isa, 64, 0, 1, 44, 2200, 1000, 934, 28678, 28678, 28678
  result is correct!
! 50, isa, 64, 0, 1, 48, 2400, 1000, 919, 33970, 33970, 33970
  result is correct!
! 50, isa, 64, 0, 1, 52, 2600, 1000, 908, 39710, 39710, 39710
  result is correct!
! 50, isa, 64, 0, 1, 56, 2800, 1000, 897, 45898, 45898, 45898
  result is correct!
! 50, isa, 64, 0, 1, 60, 3000, 1000, 880, 52534, 52534, 52534
  result is correct!
! 50, isa, 64, 0, 1, 64, 3200, 1000, 863, 59618, 59618, 59618
  result is correct!
! 50, isa, 64, 0, 1, 68, 3400, 1000, 849, 67150, 67150, 67150
  result is correct!
! 50, isa, 64, 0, 1, 72, 3600, 1000, 832, 75130, 75130, 75130
  result is correct!
