>>>>
====
REPO_HOME         := auto-generated-text
RISCV             := auto-generated-text
MPISE_DESTRUCTIVE := 0
MPISE_STATELESS   := 1
----
ARCH              := rv64
TYPE              := ise
RADIX             := 58
PLATFORM          := cva6-fpga
VERSION           := hybrid
<<<<
bbl loader
! 58, ise, 64, 0, 1, 8, 464, 1000, 989, 496, 496, 496
  result is correct!
! 58, ise, 64, 0, 1, 12, 696, 1000, 990, 861, 861, 861
  result is correct!
! 58, ise, 64, 0, 1, 16, 928, 1000, 985, 1316, 1316, 1316
  result is correct!
! 58, ise, 64, 0, 1, 20, 1160, 1000, 984, 1853, 1853, 1853
  result is correct!
! 58, ise, 64, 0, 1, 24, 1392, 1000, 980, 2491, 2491, 2491
  result is correct!
! 58, ise, 64, 0, 1, 28, 1624, 1000, 979, 3225, 3225, 3225
  result is correct!
! 58, ise, 64, 0, 1, 32, 1856, 1000, 975, 4055, 4055, 4055
  result is correct!
! 58, ise, 64, 0, 1, 36, 2088, 1000, 972, 4981, 4981, 4981
  result is correct!
! 58, ise, 64, 0, 1, 40, 2320, 1000, 964, 6003, 6003, 6003
  result is correct!
! 58, ise, 64, 0, 1, 44, 2552, 1000, 966, 7121, 7121, 7121
  result is correct!
! 58, ise, 64, 0, 1, 48, 2784, 1000, 958, 8335, 8335, 8335
  result is correct!
! 58, ise, 64, 0, 1, 52, 3016, 1000, 952, 9645, 9645, 9645
  result is correct!
! 58, ise, 64, 0, 1, 56, 3248, 1000, 946, 11051, 11051, 11051
  result is correct!
! 58, ise, 64, 0, 1, 60, 3480, 1000, 936, 12553, 12553, 12553
  result is correct!
! 58, ise, 64, 0, 1, 64, 3712, 1000, 930, 14151, 14151, 14151
  result is correct!
