>>>>
====
REPO_HOME         := auto-generated-text
RISCV             := auto-generated-text
MPISE_DESTRUCTIVE := 0
MPISE_STATELESS   := 1
----
ARCH              := rv64
TYPE              := isa
RADIX             := 64
PLATFORM          := cva6-fpga
VERSION           := simple
<<<<
bbl loader
! 64, isa, 64, 0, 1, 8, 512, 1000, 994, 1305, 1305, 1305
  result is correct!
! 64, isa, 64, 0, 1, 12, 768, 1000, 992, 2709, 2709, 2709
  result is correct!
! 64, isa, 64, 0, 1, 16, 1024, 1000, 982, 4625, 4625, 4625
  result is correct!
! 64, isa, 64, 0, 1, 20, 1280, 1000, 974, 7053, 7053, 7053
  result is correct!
! 64, isa, 64, 0, 1, 24, 1536, 1000, 960, 9993, 9993, 9993
  result is correct!
! 64, isa, 64, 0, 1, 28, 1792, 1000, 953, 13445, 13445, 13445
  result is correct!
! 64, isa, 64, 0, 1, 32, 2048, 1000, 936, 17409, 17409, 17409
  result is correct!
! 64, isa, 64, 0, 1, 36, 2304, 1000, 921, 21885, 21885, 21885
  result is correct!
! 64, isa, 64, 0, 1, 40, 2560, 1000, 898, 26873, 26873, 26873
  result is correct!
! 64, isa, 64, 0, 1, 44, 2816, 1000, 884, 32373, 32373, 32373
  result is correct!
! 64, isa, 64, 0, 1, 48, 3072, 1000, 855, 38385, 38385, 38385
  result is correct!
! 64, isa, 64, 0, 1, 52, 3328, 1000, 832, 44909, 44909, 44909
  result is correct!
! 64, isa, 64, 0, 1, 56, 3584, 1000, 815, 51945, 51945, 51945
  result is correct!
! 64, isa, 64, 0, 1, 60, 3840, 1000, 789, 59493, 59493, 59493
  result is correct!
! 64, isa, 64, 0, 1, 64, 4096, 1000, 763, 67553, 67553, 67553
  result is correct!
