>>>>
====
REPO_HOME         := auto-generated-text
RISCV             := auto-generated-text
MPISE_DESTRUCTIVE := 0
MPISE_STATELESS   := 1
----
ARCH              := rv64
TYPE              := ise
RADIX             := 64
PLATFORM          := cva6-fpga
VERSION           := simple
<<<<
bbl loader
! 64, ise, 64, 0, 1, 8, 512, 1000, 995, 1122, 1122, 1122
  result is correct!
! 64, ise, 64, 0, 1, 12, 768, 1000, 994, 2290, 2290, 2290
  result is correct!
! 64, ise, 64, 0, 1, 16, 1024, 1000, 985, 3874, 3874, 3874
  result is correct!
! 64, ise, 64, 0, 1, 20, 1280, 1000, 979, 5874, 5874, 5874
  result is correct!
! 64, ise, 64, 0, 1, 24, 1536, 1000, 973, 8290, 8290, 8290
  result is correct!
! 64, ise, 64, 0, 1, 28, 1792, 1000, 964, 11122, 11122, 11122
  result is correct!
! 64, ise, 64, 0, 1, 32, 2048, 1000, 950, 14370, 14370, 14370
  result is correct!
! 64, ise, 64, 0, 1, 36, 2304, 1000, 937, 18034, 18034, 18034
  result is correct!
! 64, ise, 64, 0, 1, 40, 2560, 1000, 922, 22114, 22114, 22114
  result is correct!
! 64, ise, 64, 0, 1, 44, 2816, 1000, 915, 26610, 26610, 26610
  result is correct!
! 64, ise, 64, 0, 1, 48, 3072, 1000, 898, 31522, 31522, 31522
  result is correct!
! 64, ise, 64, 0, 1, 52, 3328, 1000, 895, 36850, 36850, 36850
  result is correct!
! 64, ise, 64, 0, 1, 56, 3584, 1000, 859, 42594, 42594, 42594
  result is correct!
! 64, ise, 64, 0, 1, 60, 3840, 1000, 841, 48754, 48754, 48754
  result is correct!
! 64, ise, 64, 0, 1, 64, 4096, 1000, 818, 55330, 55330, 55330
  result is correct!
