>>>>
====
REPO_HOME         := auto-generated-text
RISCV             := auto-generated-text
MPISE_DESTRUCTIVE := 0
MPISE_STATELESS   := 1
----
ARCH              := rv64
TYPE              := ise
RADIX             := 60
PLATFORM          := cva6-fpga
VERSION           := hybrid
<<<<
bbl loader
! 60, ise, 64, 0, 1, 8, 480, 1000, 991, 500, 500, 500
  result is correct!
! 60, ise, 64, 0, 1, 12, 720, 1000, 988, 866, 866, 866
  result is correct!
! 60, ise, 64, 0, 1, 16, 960, 1000, 984, 1326, 1326, 1326
  result is correct!
