>>>>
====
REPO_HOME         := auto-generated-text
RISCV             := auto-generated-text
MPISE_DESTRUCTIVE := 0
MPISE_STATELESS   := 1
----
ARCH              := rv64
TYPE              := isa
RADIX             := 51
PLATFORM          := cva6-fpga
VERSION           := simple
<<<<
bbl loader
! 51, isa, 64, 0, 1, 8, 408, 1000, 996, 1210, 1210, 1210
  result is correct!
! 51, isa, 64, 0, 1, 12, 612, 1000, 993, 2470, 2470, 2470
  result is correct!
! 51, isa, 64, 0, 1, 16, 816, 1000, 991, 4178, 4178, 4178
  result is correct!
! 51, isa, 64, 0, 1, 20, 1020, 1000, 982, 6334, 6334, 6334
  result is correct!
! 51, isa, 64, 0, 1, 24, 1224, 1000, 981, 8938, 8938, 8938
  result is correct!
! 51, isa, 64, 0, 1, 28, 1428, 1000, 973, 11990, 11990, 11990
  result is correct!
! 51, isa, 64, 0, 1, 32, 1632, 1000, 964, 15490, 15490, 15490
  result is correct!
! 51, isa, 64, 0, 1, 36, 1836, 1000, 953, 19438, 19438, 19438
  result is correct!
! 51, isa, 64, 0, 1, 40, 2040, 1000, 940, 23834, 23834, 23834
  result is correct!
! 51, isa, 64, 0, 1, 44, 2244, 1000, 930, 28678, 28678, 28678
  result is correct!
! 51, isa, 64, 0, 1, 48, 2448, 1000, 921, 33970, 33970, 33970
  result is correct!
! 51, isa, 64, 0, 1, 52, 2652, 1000, 909, 39710, 39710, 39710
  result is correct!
! 51, isa, 64, 0, 1, 56, 2856, 1000, 895, 45898, 45898, 45898
  result is correct!
! 51, isa, 64, 0, 1, 60, 3060, 1000, 878, 52534, 52534, 52534
  result is correct!
! 51, isa, 64, 0, 1, 64, 3264, 1000, 856, 59618, 59618, 59618
  result is correct!
! 51, isa, 64, 0, 1, 68, 3468, 1000, 851, 67150, 67150, 67150
  result is correct!
! 51, isa, 64, 0, 1, 72, 3672, 1000, 832, 75130, 75130, 75130
  result is correct!
