>>>>
====
REPO_HOME         := auto-generated-text
RISCV             := auto-generated-text
MPISE_DESTRUCTIVE := 0
MPISE_STATELESS   := 1
----
ARCH              := rv64
TYPE              := isa
RADIX             := 62
PLATFORM          := cva6-fpga
VERSION           := hybrid
<<<<
bbl loader
! 62, isa, 64, 0, 1, 8, 496, 1000, 990, 852, 852, 852
  result is correct!
! 62, isa, 64, 0, 1, 12, 744, 1000, 983, 1639, 1639, 1639
  result is correct!
! 62, isa, 64, 0, 1, 16, 992, 1000, 978, 2680, 2680, 2680
  result is correct!
