>>>>
====
REPO_HOME         := auto-generated-text
RISCV             := auto-generated-text
MPISE_DESTRUCTIVE := 0
MPISE_STATELESS   := 1
----
ARCH              := rv64
TYPE              := isa
RADIX             := 58
PLATFORM          := cva6-fpga
VERSION           := hybrid
<<<<
bbl loader
! 58, isa, 64, 0, 1, 8, 464, 1000, 840, 854, 854, 854
  result is correct!
! 58, isa, 64, 0, 1, 12, 696, 1000, 981, 1641, 1641, 1641
  result is correct!
! 58, isa, 64, 0, 1, 16, 928, 1000, 971, 2682, 2682, 2682
  result is correct!
! 58, isa, 64, 0, 1, 20, 1160, 1000, 960, 3956, 3956, 3956
  result is correct!
! 58, isa, 64, 0, 1, 24, 1392, 1000, 956, 5489, 5489, 5489
  result is correct!
! 58, isa, 64, 0, 1, 28, 1624, 1000, 943, 7276, 7276, 7276
  result is correct!
! 58, isa, 64, 0, 1, 32, 1856, 1000, 933, 9317, 9317, 9317
  result is correct!
! 58, isa, 64, 0, 1, 36, 2088, 1000, 919, 11612, 11612, 11612
  result is correct!
! 58, isa, 64, 0, 1, 40, 2320, 1000, 902, 14161, 14161, 14161
  result is correct!
! 58, isa, 64, 0, 1, 44, 2552, 1000, 884, 16964, 16964, 16964
  result is correct!
! 58, isa, 64, 0, 1, 48, 2784, 1000, 863, 20021, 20021, 20021
  result is correct!
! 58, isa, 64, 0, 1, 52, 3016, 1000, 843, 23332, 23332, 23332
  result is correct!
! 58, isa, 64, 0, 1, 56, 3248, 1000, 820, 26897, 26897, 26897
  result is correct!
! 58, isa, 64, 0, 1, 60, 3480, 1000, 799, 30716, 30716, 30716
  result is correct!
! 58, isa, 64, 0, 1, 64, 3712, 1000, 764, 34789, 34789, 34789
  result is correct!
! 58, isa, 64, 0, 1, 68, 3944, 1000, 746, 39116, 39116, 39116
  result is correct!
! 58, isa, 64, 0, 1, 72, 4176, 1000, 714, 43697, 43697, 43697
  result is correct!
