>>>>
====
REPO_HOME         := auto-generated-text
RISCV             := auto-generated-text
MPISE_DESTRUCTIVE := 0
MPISE_STATELESS   := 1
----
ARCH              := rv64
TYPE              := isa
RADIX             := 50
PLATFORM          := cva6-fpga
VERSION           := hybrid
<<<<
bbl loader
! 50, isa, 64, 0, 1, 8, 400, 1000, 984, 854, 854, 854
  result is correct!
! 50, isa, 64, 0, 1, 12, 600, 1000, 979, 1641, 1641, 1641
  result is correct!
! 50, isa, 64, 0, 1, 16, 800, 1000, 807, 2682, 2682, 2682
  result is correct!
! 50, isa, 64, 0, 1, 20, 1000, 1000, 962, 3956, 3956, 3956
  result is correct!
! 50, isa, 64, 0, 1, 24, 1200, 1000, 954, 5489, 5489, 5489
  result is correct!
! 50, isa, 64, 0, 1, 28, 1400, 1000, 946, 7276, 7276, 7276
  result is correct!
! 50, isa, 64, 0, 1, 32, 1600, 1000, 928, 9317, 9317, 9317
  result is correct!
! 50, isa, 64, 0, 1, 36, 1800, 1000, 915, 11612, 11612, 11612
  result is correct!
! 50, isa, 64, 0, 1, 40, 2000, 1000, 901, 14161, 14161, 14161
  result is correct!
! 50, isa, 64, 0, 1, 44, 2200, 1000, 883, 16964, 16964, 16964
  result is correct!
! 50, isa, 64, 0, 1, 48, 2400, 1000, 870, 20021, 20021, 20021
  result is correct!
! 50, isa, 64, 0, 1, 52, 2600, 1000, 848, 23332, 23332, 23332
  result is correct!
! 50, isa, 64, 0, 1, 56, 2800, 1000, 822, 26897, 26897, 26897
  result is correct!
! 50, isa, 64, 0, 1, 60, 3000, 1000, 792, 30716, 30716, 30716
  result is correct!
! 50, isa, 64, 0, 1, 64, 3200, 1000, 768, 34789, 34789, 34789
  result is correct!
! 50, isa, 64, 0, 1, 68, 3400, 1000, 738, 39116, 39116, 39116
  result is correct!
! 50, isa, 64, 0, 1, 72, 3600, 1000, 719, 43697, 43697, 43697
  result is correct!
