>>>>
====
REPO_HOME         := auto-generated-text
RISCV             := auto-generated-text
MPISE_DESTRUCTIVE := 0
MPISE_STATELESS   := 1
----
ARCH              := rv32
TYPE              := ise
RADIX             := 24
PLATFORM          := cva6-fpga
VERSION           := hybrid
<<<<
bbl loader
! 24, ise, 32, 0, 1, 8, 192, 1000, 125, 462, 462, 462
  result is correct!
! 24, ise, 32, 0, 1, 12, 288, 1000, 492, 836, 836, 836
  result is correct!
! 24, ise, 32, 0, 1, 16, 384, 1000, 491, 1299, 1299, 1299
  result is correct!
! 24, ise, 32, 0, 1, 20, 480, 1000, 486, 1838, 1838, 1838
  result is correct!
! 24, ise, 32, 0, 1, 24, 576, 1000, 480, 2477, 2477, 2477
  result is correct!
! 24, ise, 32, 0, 1, 28, 672, 1000, 475, 3212, 3212, 3212
  result is correct!
! 24, ise, 32, 0, 1, 32, 768, 1000, 470, 4043, 4043, 4043
  result is correct!
! 24, ise, 32, 0, 1, 36, 864, 1000, 464, 4970, 4970, 4970
  result is correct!
! 24, ise, 32, 0, 1, 40, 960, 1000, 454, 5993, 5993, 5993
  result is correct!
! 24, ise, 32, 0, 1, 44, 1056, 1000, 446, 7112, 7112, 7112
  result is correct!
! 24, ise, 32, 0, 1, 48, 1152, 1000, 437, 8327, 8327, 8327
  result is correct!
! 24, ise, 32, 0, 1, 52, 1248, 1000, 428, 9638, 9638, 9638
  result is correct!
! 24, ise, 32, 0, 1, 56, 1344, 1000, 418, 11045, 11045, 11045
  result is correct!
! 24, ise, 32, 0, 1, 60, 1440, 1000, 406, 12548, 12548, 12548
  result is correct!
! 24, ise, 32, 0, 1, 64, 1536, 1000, 393, 14147, 14147, 14147
  result is correct!
! 24, ise, 32, 0, 1, 68, 1632, 1000, 381, 15842, 15842, 15842
  result is correct!
! 24, ise, 32, 0, 1, 72, 1728, 1000, 368, 17633, 17633, 17633
  result is correct!
