>>>>
====
REPO_HOME         := auto-generated-text
RISCV             := auto-generated-text
MPISE_DESTRUCTIVE := 0
MPISE_STATELESS   := 1
----
ARCH              := rv32
TYPE              := isa
RADIX             := 32
PLATFORM          := cva6-fpga
VERSION           := simple
<<<<
bbl loader
! 32, isa, 32, 0, 1, 8, 256, 1000, 979, 1320, 1321, 1320
  result is correct!
! 32, isa, 32, 0, 1, 12, 384, 1000, 959, 2728, 2729, 2728
  result is correct!
! 32, isa, 32, 0, 1, 16, 512, 1000, 931, 4648, 4649, 4648
  result is correct!
! 32, isa, 32, 0, 1, 20, 640, 1000, 893, 7080, 7081, 7080
  result is correct!
! 32, isa, 32, 0, 1, 24, 768, 1000, 848, 10024, 10025, 10024
  result is correct!
! 32, isa, 32, 0, 1, 28, 896, 1000, 799, 13480, 13481, 13480
  result is correct!
! 32, isa, 32, 0, 1, 32, 1024, 1000, 739, 17448, 17455, 17448
  result is correct!
! 32, isa, 32, 0, 1, 36, 1152, 1000, 675, 21928, 21935, 21928
  result is correct!
! 32, isa, 32, 0, 1, 40, 1280, 1000, 603, 26920, 26925, 26920
  result is correct!
! 32, isa, 32, 0, 1, 44, 1408, 1000, 524, 32424, 32431, 32424
  result is correct!
! 32, isa, 32, 0, 1, 48, 1536, 1000, 718, 38440, 39425, 38526
  result is correct!
! 32, isa, 32, 0, 1, 52, 1664, 1000, 666, 44968, 45795, 45073
  result is correct!
! 32, isa, 32, 0, 1, 56, 1792, 1000, 614, 52008, 52826, 52151
  result is correct!
! 32, isa, 32, 0, 1, 60, 1920, 1000, 560, 59560, 60682, 59739
  result is correct!
! 32, isa, 32, 0, 1, 64, 2048, 1000, 499, 67624, 68552, 67844
  result is correct!
