>>>>
====
REPO_HOME         := auto-generated-text
RISCV             := auto-generated-text
MPISE_DESTRUCTIVE := 0
MPISE_STATELESS   := 1
----
ARCH              := rv32
TYPE              := ise
RADIX             := 22
PLATFORM          := cva6-fpga
VERSION           := simple
<<<<
bbl loader
! 22, ise, 32, 0, 1, 8, 176, 1000, 740, 1019, 1020, 1019
  result is correct!
! 22, ise, 32, 0, 1, 12, 264, 1000, 970, 2035, 2036, 2035
  result is correct!
! 22, ise, 32, 0, 1, 16, 352, 1000, 953, 3403, 3404, 3403
  result is correct!
! 22, ise, 32, 0, 1, 20, 440, 1000, 927, 5123, 5124, 5123
  result is correct!
! 22, ise, 32, 0, 1, 24, 528, 1000, 903, 7195, 7196, 7195
  result is correct!
! 22, ise, 32, 0, 1, 28, 616, 1000, 454, 9619, 9619, 9619
  result is correct!
! 22, ise, 32, 0, 1, 32, 704, 1000, 436, 12395, 12395, 12395
  result is correct!
! 22, ise, 32, 0, 1, 36, 792, 1000, 410, 15523, 15523, 15523
  result is correct!
! 22, ise, 32, 0, 1, 40, 880, 1000, 396, 19003, 19003, 19003
  result is correct!
! 22, ise, 32, 0, 1, 44, 968, 1000, 682, 22835, 22840, 22835
  result is correct!
! 22, ise, 32, 0, 1, 48, 1056, 1000, 714, 27019, 27191, 27028
  result is correct!
! 22, ise, 32, 0, 1, 52, 1144, 1000, 658, 31555, 31681, 31562
  result is correct!
! 22, ise, 32, 0, 1, 56, 1232, 1000, 729, 36443, 37466, 36522
  result is correct!
! 22, ise, 32, 0, 1, 60, 1320, 1000, 692, 41683, 42588, 41779
  result is correct!
! 22, ise, 32, 0, 1, 64, 1408, 1000, 651, 47275, 48187, 47387
  result is correct!
! 22, ise, 32, 0, 1, 68, 1496, 1000, 607, 53219, 54200, 53357
  result is correct!
! 22, ise, 32, 0, 1, 72, 1584, 1000, 561, 59515, 60516, 59687
  result is correct!
