>>>>
====
REPO_HOME         := auto-generated-text
RISCV             := auto-generated-text
MPISE_DESTRUCTIVE := 0
MPISE_STATELESS   := 1
----
ARCH              := rv32
TYPE              := isa
RADIX             := 27
PLATFORM          := cva6-fpga
VERSION           := simple
<<<<
bbl loader
! 27, isa, 32, 0, 1, 8, 216, 1000, 736, 1219, 1219, 1219
  result is correct!
! 27, isa, 32, 0, 1, 12, 324, 1000, 954, 2479, 2479, 2479
  result is correct!
! 27, isa, 32, 0, 1, 16, 432, 1000, 939, 4187, 4187, 4187
  result is correct!
! 27, isa, 32, 0, 1, 20, 540, 1000, 901, 6343, 6343, 6343
  result is correct!
! 27, isa, 32, 0, 1, 24, 648, 1000, 861, 8947, 8947, 8947
  result is correct!
! 27, isa, 32, 0, 1, 28, 756, 1000, 824, 11999, 11999, 11999
  result is correct!
! 27, isa, 32, 0, 1, 32, 864, 1000, 777, 15499, 15499, 15499
  result is correct!
! 27, isa, 32, 0, 1, 36, 972, 1000, 734, 19447, 19452, 19447
  result is correct!
! 27, isa, 32, 0, 1, 40, 1080, 1000, 676, 23843, 23848, 23843
  result is correct!
! 27, isa, 32, 0, 1, 44, 1188, 1000, 598, 28687, 28692, 28687
  result is correct!
! 27, isa, 32, 0, 1, 48, 1296, 1000, 749, 33979, 34745, 34040
  result is correct!
! 27, isa, 32, 0, 1, 52, 1404, 1000, 706, 39719, 40532, 39802
  result is correct!
! 27, isa, 32, 0, 1, 56, 1512, 1000, 662, 45907, 46751, 46036
  result is correct!
! 27, isa, 32, 0, 1, 60, 1620, 1000, 612, 52543, 53445, 52681
  result is correct!
! 27, isa, 32, 0, 1, 64, 1728, 1000, 556, 59627, 60601, 59802
  result is correct!
! 27, isa, 32, 0, 1, 68, 1836, 1000, 503, 67159, 68249, 67388
  result is correct!
! 27, isa, 32, 0, 1, 72, 1944, 1000, 448, 75139, 76392, 75420
  result is correct!
