>>>>
====
REPO_HOME         := auto-generated-text
RISCV             := auto-generated-text
MPISE_DESTRUCTIVE := 0
MPISE_STATELESS   := 1
----
ARCH              := rv32
TYPE              := isa
RADIX             := 22
PLATFORM          := cva6-fpga
VERSION           := hybrid
<<<<
bbl loader
! 22, isa, 32, 0, 1, 8, 176, 1000, 122, 824, 824, 824
  result is correct!
! 22, isa, 32, 0, 1, 12, 264, 1000, 487, 1621, 1621, 1621
  result is correct!
! 22, isa, 32, 0, 1, 16, 352, 1000, 481, 2662, 2662, 2662
  result is correct!
! 22, isa, 32, 0, 1, 20, 440, 1000, 467, 3937, 3937, 3937
  result is correct!
! 22, isa, 32, 0, 1, 24, 528, 1000, 454, 5470, 5470, 5470
  result is correct!
! 22, isa, 32, 0, 1, 28, 616, 1000, 445, 7257, 7257, 7257
  result is correct!
! 22, isa, 32, 0, 1, 32, 704, 1000, 420, 9298, 9298, 9298
  result is correct!
! 22, isa, 32, 0, 1, 36, 792, 1000, 408, 11593, 11593, 11593
  result is correct!
! 22, isa, 32, 0, 1, 40, 880, 1000, 387, 14142, 14142, 14142
  result is correct!
! 22, isa, 32, 0, 1, 44, 968, 1000, 380, 16945, 16945, 16945
  result is correct!
! 22, isa, 32, 0, 1, 48, 1056, 1000, 340, 20002, 20002, 20002
  result is correct!
! 22, isa, 32, 0, 1, 52, 1144, 1000, 745, 23313, 23535, 23329
  result is correct!
! 22, isa, 32, 0, 1, 56, 1232, 1000, 693, 26878, 27162, 26897
  result is correct!
! 22, isa, 32, 0, 1, 60, 1320, 1000, 672, 30697, 31009, 30721
  result is correct!
! 22, isa, 32, 0, 1, 64, 1408, 1000, 738, 34770, 36054, 34895
  result is correct!
! 22, isa, 32, 0, 1, 68, 1496, 1000, 707, 39097, 40909, 39236
  result is correct!
! 22, isa, 32, 0, 1, 72, 1584, 1000, 670, 43678, 45417, 43842
  result is correct!
