>>>>
====
REPO_HOME         := auto-generated-text
RISCV             := auto-generated-text
MPISE_DESTRUCTIVE := 0
MPISE_STATELESS   := 1
----
ARCH              := rv32
TYPE              := ise
RADIX             := 22
PLATFORM          := cva6-fpga
VERSION           := hybrid
<<<<
bbl loader
! 22, ise, 32, 0, 1, 8, 176, 1000, 124, 462, 462, 462
  result is correct!
! 22, ise, 32, 0, 1, 12, 264, 1000, 492, 836, 836, 836
  result is correct!
! 22, ise, 32, 0, 1, 16, 352, 1000, 491, 1299, 1299, 1299
  result is correct!
! 22, ise, 32, 0, 1, 20, 440, 1000, 487, 1838, 1838, 1838
  result is correct!
! 22, ise, 32, 0, 1, 24, 528, 1000, 482, 2477, 2477, 2477
  result is correct!
! 22, ise, 32, 0, 1, 28, 616, 1000, 477, 3212, 3212, 3212
  result is correct!
! 22, ise, 32, 0, 1, 32, 704, 1000, 471, 4043, 4043, 4043
  result is correct!
! 22, ise, 32, 0, 1, 36, 792, 1000, 463, 4970, 4970, 4970
  result is correct!
! 22, ise, 32, 0, 1, 40, 880, 1000, 454, 5993, 5993, 5993
  result is correct!
! 22, ise, 32, 0, 1, 44, 968, 1000, 445, 7112, 7112, 7112
  result is correct!
! 22, ise, 32, 0, 1, 48, 1056, 1000, 438, 8327, 8327, 8327
  result is correct!
! 22, ise, 32, 0, 1, 52, 1144, 1000, 428, 9638, 9638, 9638
  result is correct!
! 22, ise, 32, 0, 1, 56, 1232, 1000, 417, 11045, 11045, 11045
  result is correct!
! 22, ise, 32, 0, 1, 60, 1320, 1000, 408, 12548, 12548, 12548
  result is correct!
! 22, ise, 32, 0, 1, 64, 1408, 1000, 394, 14147, 14147, 14147
  result is correct!
! 22, ise, 32, 0, 1, 68, 1496, 1000, 381, 15842, 15842, 15842
  result is correct!
! 22, ise, 32, 0, 1, 72, 1584, 1000, 369, 17633, 17633, 17633
  result is correct!
