>>>>
====
REPO_HOME         := auto-generated-text
RISCV             := auto-generated-text
MPISE_DESTRUCTIVE := 0
MPISE_STATELESS   := 1
----
ARCH              := rv32
TYPE              := ise
RADIX             := 23
PLATFORM          := cva6-fpga
VERSION           := simple
<<<<
bbl loader
! 23, ise, 32, 0, 1, 8, 184, 1000, 393, 1018, 1019, 1018
  result is correct!
! 23, ise, 32, 0, 1, 12, 276, 1000, 969, 2035, 2036, 2035
  result is correct!
! 23, ise, 32, 0, 1, 16, 368, 1000, 950, 3403, 3404, 3403
  result is correct!
! 23, ise, 32, 0, 1, 20, 460, 1000, 923, 5123, 5124, 5123
  result is correct!
! 23, ise, 32, 0, 1, 24, 552, 1000, 896, 7195, 7196, 7195
  result is correct!
! 23, ise, 32, 0, 1, 28, 644, 1000, 862, 9619, 9620, 9619
  result is correct!
! 23, ise, 32, 0, 1, 32, 736, 1000, 826, 12395, 12396, 12395
  result is correct!
! 23, ise, 32, 0, 1, 36, 828, 1000, 420, 15523, 15523, 15523
  result is correct!
! 23, ise, 32, 0, 1, 40, 920, 1000, 388, 19003, 19003, 19003
  result is correct!
! 23, ise, 32, 0, 1, 44, 1012, 1000, 676, 22835, 22836, 22835
  result is correct!
! 23, ise, 32, 0, 1, 48, 1104, 1000, 721, 27019, 27214, 27029
  result is correct!
! 23, ise, 32, 0, 1, 52, 1196, 1000, 654, 31555, 31688, 31560
  result is correct!
! 23, ise, 32, 0, 1, 56, 1288, 1000, 729, 36443, 37480, 36518
  result is correct!
! 23, ise, 32, 0, 1, 60, 1380, 1000, 691, 41683, 42750, 41773
  result is correct!
! 23, ise, 32, 0, 1, 64, 1472, 1000, 649, 47275, 48341, 47392
  result is correct!
! 23, ise, 32, 0, 1, 68, 1564, 1000, 606, 53219, 54221, 53362
  result is correct!
! 23, ise, 32, 0, 1, 72, 1656, 1000, 559, 59515, 60499, 59683
  result is correct!
