>>>>
====
REPO_HOME         := auto-generated-text
RISCV             := auto-generated-text
MPISE_DESTRUCTIVE := 0
MPISE_STATELESS   := 1
----
ARCH              := rv32
TYPE              := ise
RADIX             := 21
PLATFORM          := cva6-fpga
VERSION           := simple
<<<<
bbl loader
! 21, ise, 32, 0, 1, 8, 168, 1000, 739, 1019, 1020, 1019
  result is correct!
! 21, ise, 32, 0, 1, 12, 252, 1000, 971, 2035, 2036, 2035
  result is correct!
! 21, ise, 32, 0, 1, 16, 336, 1000, 949, 3403, 3404, 3403
  result is correct!
! 21, ise, 32, 0, 1, 20, 420, 1000, 496, 5123, 5123, 5123
  result is correct!
! 21, ise, 32, 0, 1, 24, 504, 1000, 897, 7195, 7196, 7195
  result is correct!
! 21, ise, 32, 0, 1, 28, 588, 1000, 464, 9619, 9619, 9619
  result is correct!
! 21, ise, 32, 0, 1, 32, 672, 1000, 828, 12395, 12396, 12395
  result is correct!
! 21, ise, 32, 0, 1, 36, 756, 1000, 413, 15523, 15523, 15523
  result is correct!
! 21, ise, 32, 0, 1, 40, 840, 1000, 381, 19003, 19003, 19003
  result is correct!
! 21, ise, 32, 0, 1, 44, 924, 1000, 685, 22835, 22839, 22835
  result is correct!
! 21, ise, 32, 0, 1, 48, 1008, 1000, 617, 27019, 27022, 27019
  result is correct!
! 21, ise, 32, 0, 1, 52, 1092, 1000, 653, 31555, 31682, 31561
  result is correct!
! 21, ise, 32, 0, 1, 56, 1176, 1000, 728, 36443, 37250, 36519
  result is correct!
! 21, ise, 32, 0, 1, 60, 1260, 1000, 693, 41683, 42792, 41772
  result is correct!
! 21, ise, 32, 0, 1, 64, 1344, 1000, 653, 47275, 48444, 47390
  result is correct!
! 21, ise, 32, 0, 1, 68, 1428, 1000, 606, 53219, 54191, 53361
  result is correct!
! 21, ise, 32, 0, 1, 72, 1512, 1000, 560, 59515, 60690, 59689
  result is correct!
