>>>>
====
REPO_HOME         := auto-generated-text
RISCV             := auto-generated-text
MPISE_DESTRUCTIVE := 0
MPISE_STATELESS   := 1
----
ARCH              := rv32
TYPE              := ise
RADIX             := 20
PLATFORM          := cva6-fpga
VERSION           := simple
<<<<
bbl loader
! 20, ise, 32, 0, 1, 8, 160, 1000, 739, 1019, 1020, 1019
  result is correct!
! 20, ise, 32, 0, 1, 12, 240, 1000, 969, 2035, 2036, 2035
  result is correct!
! 20, ise, 32, 0, 1, 16, 320, 1000, 955, 3403, 3404, 3403
  result is correct!
! 20, ise, 32, 0, 1, 20, 400, 1000, 927, 5123, 5124, 5123
  result is correct!
! 20, ise, 32, 0, 1, 24, 480, 1000, 483, 7195, 7195, 7195
  result is correct!
! 20, ise, 32, 0, 1, 28, 560, 1000, 464, 9619, 9619, 9619
  result is correct!
! 20, ise, 32, 0, 1, 32, 640, 1000, 445, 12395, 12395, 12395
  result is correct!
! 20, ise, 32, 0, 1, 36, 720, 1000, 413, 15523, 15523, 15523
  result is correct!
! 20, ise, 32, 0, 1, 40, 800, 1000, 383, 19003, 19003, 19003
  result is correct!
! 20, ise, 32, 0, 1, 44, 880, 1000, 348, 22835, 22835, 22835
  result is correct!
! 20, ise, 32, 0, 1, 48, 960, 1000, 731, 27019, 27228, 27029
  result is correct!
! 20, ise, 32, 0, 1, 52, 1040, 1000, 560, 31555, 31558, 31555
  result is correct!
! 20, ise, 32, 0, 1, 56, 1120, 1000, 730, 36443, 37300, 36516
  result is correct!
! 20, ise, 32, 0, 1, 60, 1200, 1000, 690, 41683, 42606, 41772
  result is correct!
! 20, ise, 32, 0, 1, 64, 1280, 1000, 654, 47275, 48398, 47392
  result is correct!
! 20, ise, 32, 0, 1, 68, 1360, 1000, 608, 53219, 54426, 53363
  result is correct!
! 20, ise, 32, 0, 1, 72, 1440, 1000, 562, 59515, 60752, 59686
  result is correct!
