>>>>
====
REPO_HOME         := auto-generated-text
RISCV             := auto-generated-text
MPISE_DESTRUCTIVE := 0
MPISE_STATELESS   := 1
----
ARCH              := rv32
TYPE              := ise
RADIX             := 24
PLATFORM          := cva6-fpga
VERSION           := simple
<<<<
bbl loader
! 24, ise, 32, 0, 1, 8, 192, 1000, 738, 1019, 1020, 1019
  result is correct!
! 24, ise, 32, 0, 1, 12, 288, 1000, 970, 2035, 2036, 2035
  result is correct!
! 24, ise, 32, 0, 1, 16, 384, 1000, 947, 3403, 3404, 3403
  result is correct!
! 24, ise, 32, 0, 1, 20, 480, 1000, 926, 5123, 5124, 5123
  result is correct!
! 24, ise, 32, 0, 1, 24, 576, 1000, 900, 7195, 7196, 7195
  result is correct!
! 24, ise, 32, 0, 1, 28, 672, 1000, 460, 9619, 9619, 9619
  result is correct!
! 24, ise, 32, 0, 1, 32, 768, 1000, 829, 12395, 12396, 12395
  result is correct!
! 24, ise, 32, 0, 1, 36, 864, 1000, 400, 15523, 15523, 15523
  result is correct!
! 24, ise, 32, 0, 1, 40, 960, 1000, 387, 19003, 19003, 19003
  result is correct!
! 24, ise, 32, 0, 1, 44, 1056, 1000, 348, 22835, 22835, 22835
  result is correct!
! 24, ise, 32, 0, 1, 48, 1152, 1000, 720, 27019, 27221, 27029
  result is correct!
! 24, ise, 32, 0, 1, 52, 1248, 1000, 691, 31555, 31785, 31570
  result is correct!
! 24, ise, 32, 0, 1, 56, 1344, 1000, 730, 36443, 37242, 36515
  result is correct!
! 24, ise, 32, 0, 1, 60, 1440, 1000, 693, 41683, 42855, 41777
  result is correct!
! 24, ise, 32, 0, 1, 64, 1536, 1000, 649, 47275, 48338, 47386
  result is correct!
! 24, ise, 32, 0, 1, 68, 1632, 1000, 606, 53219, 54176, 53361
  result is correct!
! 24, ise, 32, 0, 1, 72, 1728, 1000, 562, 59515, 60659, 59687
  result is correct!
