>>>>
====
REPO_HOME         := auto-generated-text
RISCV             := auto-generated-text
MPISE_DESTRUCTIVE := 0
MPISE_STATELESS   := 1
----
ARCH              := rv32
TYPE              := ise
RADIX             := 21
PLATFORM          := cva6-fpga
VERSION           := hybrid
<<<<
bbl loader
! 21, ise, 32, 0, 1, 8, 168, 1000, 124, 462, 462, 462
  result is correct!
! 21, ise, 32, 0, 1, 12, 252, 1000, 493, 836, 836, 836
  result is correct!
! 21, ise, 32, 0, 1, 16, 336, 1000, 489, 1299, 1299, 1299
  result is correct!
! 21, ise, 32, 0, 1, 20, 420, 1000, 487, 1838, 1838, 1838
  result is correct!
! 21, ise, 32, 0, 1, 24, 504, 1000, 481, 2477, 2477, 2477
  result is correct!
! 21, ise, 32, 0, 1, 28, 588, 1000, 475, 3212, 3212, 3212
  result is correct!
! 21, ise, 32, 0, 1, 32, 672, 1000, 470, 4043, 4043, 4043
  result is correct!
! 21, ise, 32, 0, 1, 36, 756, 1000, 462, 4970, 4970, 4970
  result is correct!
! 21, ise, 32, 0, 1, 40, 840, 1000, 456, 5993, 5993, 5993
  result is correct!
! 21, ise, 32, 0, 1, 44, 924, 1000, 445, 7112, 7112, 7112
  result is correct!
! 21, ise, 32, 0, 1, 48, 1008, 1000, 438, 8327, 8327, 8327
  result is correct!
! 21, ise, 32, 0, 1, 52, 1092, 1000, 427, 9638, 9638, 9638
  result is correct!
! 21, ise, 32, 0, 1, 56, 1176, 1000, 418, 11045, 11045, 11045
  result is correct!
! 21, ise, 32, 0, 1, 60, 1260, 1000, 406, 12548, 12548, 12548
  result is correct!
! 21, ise, 32, 0, 1, 64, 1344, 1000, 395, 14147, 14147, 14147
  result is correct!
! 21, ise, 32, 0, 1, 68, 1428, 1000, 382, 15842, 15842, 15842
  result is correct!
! 21, ise, 32, 0, 1, 72, 1512, 1000, 368, 17633, 17633, 17633
  result is correct!
