>>>>
====
REPO_HOME         := auto-generated-text
RISCV             := auto-generated-text
MPISE_DESTRUCTIVE := 0
MPISE_STATELESS   := 1
----
ARCH              := rv32
TYPE              := ise
RADIX             := 26
PLATFORM          := cva6-fpga
VERSION           := hybrid
<<<<
bbl loader
! 26, ise, 32, 0, 1, 8, 208, 1000, 118, 464, 464, 464
  result is correct!
! 26, ise, 32, 0, 1, 12, 312, 1000, 498, 838, 840, 838
  result is correct!
! 26, ise, 32, 0, 1, 16, 416, 1000, 494, 1301, 1301, 1301
  result is correct!
! 26, ise, 32, 0, 1, 20, 520, 1000, 489, 1840, 1840, 1840
  result is correct!
! 26, ise, 32, 0, 1, 24, 624, 1000, 488, 2479, 2479, 2479
  result is correct!
! 26, ise, 32, 0, 1, 28, 728, 1000, 477, 3214, 3214, 3214
  result is correct!
! 26, ise, 32, 0, 1, 32, 832, 1000, 483, 4045, 4046, 4045
  result is correct!
! 26, ise, 32, 0, 1, 36, 936, 1000, 467, 4972, 4972, 4972
  result is correct!
! 26, ise, 32, 0, 1, 40, 1040, 1000, 462, 5995, 5995, 5995
  result is correct!
! 26, ise, 32, 0, 1, 44, 1144, 1000, 454, 7114, 7116, 7114
  result is correct!
! 26, ise, 32, 0, 1, 48, 1248, 1000, 446, 8329, 8331, 8329
  result is correct!
! 26, ise, 32, 0, 1, 52, 1352, 1000, 449, 9640, 9640, 9640
  result is correct!
! 26, ise, 32, 0, 1, 56, 1456, 1000, 422, 11047, 11047, 11047
  result is correct!
! 26, ise, 32, 0, 1, 60, 1560, 1000, 426, 12550, 12550, 12550
  result is correct!
! 26, ise, 32, 0, 1, 64, 1664, 1000, 410, 14149, 14149, 14149
  result is correct!
