>>>>
====
REPO_HOME         := auto-generated-text
RISCV             := auto-generated-text
MPISE_DESTRUCTIVE := 0
MPISE_STATELESS   := 1
----
ARCH              := rv32
TYPE              := ise
RADIX             := 27
PLATFORM          := cva6-fpga
VERSION           := hybrid
<<<<
bbl loader
! 27, ise, 32, 0, 1, 8, 216, 1000, 118, 464, 464, 464
  result is correct!
! 27, ise, 32, 0, 1, 12, 324, 1000, 494, 838, 840, 838
  result is correct!
! 27, ise, 32, 0, 1, 16, 432, 1000, 493, 1301, 1301, 1301
  result is correct!
! 27, ise, 32, 0, 1, 20, 540, 1000, 486, 1840, 1842, 1840
  result is correct!
! 27, ise, 32, 0, 1, 24, 648, 1000, 489, 2479, 2479, 2479
  result is correct!
! 27, ise, 32, 0, 1, 28, 756, 1000, 481, 3214, 3214, 3214
  result is correct!
! 27, ise, 32, 0, 1, 32, 864, 1000, 483, 4045, 4045, 4045
  result is correct!
