>>>>
====
REPO_HOME         := auto-generated-text
RISCV             := auto-generated-text
MPISE_DESTRUCTIVE := 0
MPISE_STATELESS   := 1
----
ARCH              := rv32
TYPE              := isa
RADIX             := 20
PLATFORM          := cva6-fpga
VERSION           := simple
<<<<
bbl loader
! 20, isa, 32, 0, 1, 8, 160, 1000, 737, 1219, 1219, 1219
  result is correct!
! 20, isa, 32, 0, 1, 12, 240, 1000, 960, 2479, 2479, 2479
  result is correct!
! 20, isa, 32, 0, 1, 16, 320, 1000, 920, 4187, 4187, 4187
  result is correct!
! 20, isa, 32, 0, 1, 20, 400, 1000, 901, 6343, 6343, 6343
  result is correct!
! 20, isa, 32, 0, 1, 24, 480, 1000, 869, 8947, 8947, 8947
  result is correct!
! 20, isa, 32, 0, 1, 28, 560, 1000, 814, 11999, 11999, 11999
  result is correct!
! 20, isa, 32, 0, 1, 32, 640, 1000, 769, 15499, 15499, 15499
  result is correct!
! 20, isa, 32, 0, 1, 36, 720, 1000, 729, 19447, 19452, 19447
  result is correct!
! 20, isa, 32, 0, 1, 40, 800, 1000, 678, 23843, 23848, 23843
  result is correct!
! 20, isa, 32, 0, 1, 44, 880, 1000, 684, 28687, 28802, 28691
  result is correct!
! 20, isa, 32, 0, 1, 48, 960, 1000, 748, 33979, 34921, 34044
  result is correct!
! 20, isa, 32, 0, 1, 52, 1040, 1000, 706, 39719, 40542, 39798
  result is correct!
! 20, isa, 32, 0, 1, 56, 1120, 1000, 662, 45907, 46987, 46015
  result is correct!
! 20, isa, 32, 0, 1, 60, 1200, 1000, 611, 52543, 53688, 52685
  result is correct!
! 20, isa, 32, 0, 1, 64, 1280, 1000, 559, 59627, 60711, 59809
  result is correct!
! 20, isa, 32, 0, 1, 68, 1360, 1000, 504, 67159, 68170, 67383
  result is correct!
! 20, isa, 32, 0, 1, 72, 1440, 1000, 445, 75139, 76388, 75421
  result is correct!
