>>>>
====
REPO_HOME         := auto-generated-text
RISCV             := auto-generated-text
MPISE_DESTRUCTIVE := 0
MPISE_STATELESS   := 1
----
ARCH              := rv32
TYPE              := ise
RADIX             := 26
PLATFORM          := cva6-fpga
VERSION           := simple
<<<<
bbl loader
! 26, ise, 32, 0, 1, 8, 208, 1000, 744, 1018, 1018, 1018
  result is correct!
! 26, ise, 32, 0, 1, 12, 312, 1000, 958, 2034, 2034, 2034
  result is correct!
! 26, ise, 32, 0, 1, 16, 416, 1000, 944, 3402, 3402, 3402
  result is correct!
! 26, ise, 32, 0, 1, 20, 520, 1000, 910, 5122, 5122, 5122
  result is correct!
! 26, ise, 32, 0, 1, 24, 624, 1000, 879, 7194, 7194, 7194
  result is correct!
! 26, ise, 32, 0, 1, 28, 728, 1000, 837, 9618, 9618, 9618
  result is correct!
! 26, ise, 32, 0, 1, 32, 832, 1000, 809, 12394, 12394, 12394
  result is correct!
! 26, ise, 32, 0, 1, 36, 936, 1000, 761, 15522, 15522, 15522
  result is correct!
! 26, ise, 32, 0, 1, 40, 1040, 1000, 720, 19002, 19004, 19002
  result is correct!
! 26, ise, 32, 0, 1, 44, 1144, 1000, 665, 22834, 22836, 22834
  result is correct!
! 26, ise, 32, 0, 1, 48, 1248, 1000, 602, 27018, 27020, 27018
  result is correct!
! 26, ise, 32, 0, 1, 52, 1352, 1000, 536, 31554, 31556, 31554
  result is correct!
! 26, ise, 32, 0, 1, 56, 1456, 1000, 730, 36442, 37282, 36521
  result is correct!
! 26, ise, 32, 0, 1, 60, 1560, 1000, 691, 41682, 42483, 41780
  result is correct!
! 26, ise, 32, 0, 1, 64, 1664, 1000, 650, 47274, 48410, 47390
  result is correct!
