>>>>
====
REPO_HOME         := auto-generated-text
RISCV             := auto-generated-text
MPISE_DESTRUCTIVE := 0
MPISE_STATELESS   := 1
----
ARCH              := rv32
TYPE              := isa
RADIX             := 26
PLATFORM          := cva6-fpga
VERSION           := simple
<<<<
bbl loader
! 26, isa, 32, 0, 1, 8, 208, 1000, 733, 1219, 1219, 1219
  result is correct!
! 26, isa, 32, 0, 1, 12, 312, 1000, 957, 2479, 2479, 2479
  result is correct!
! 26, isa, 32, 0, 1, 16, 416, 1000, 933, 4187, 4187, 4187
  result is correct!
! 26, isa, 32, 0, 1, 20, 520, 1000, 908, 6343, 6343, 6343
  result is correct!
! 26, isa, 32, 0, 1, 24, 624, 1000, 859, 8947, 8947, 8947
  result is correct!
! 26, isa, 32, 0, 1, 28, 728, 1000, 814, 11999, 11999, 11999
  result is correct!
! 26, isa, 32, 0, 1, 32, 832, 1000, 766, 15499, 15499, 15499
  result is correct!
! 26, isa, 32, 0, 1, 36, 936, 1000, 729, 19447, 19452, 19447
  result is correct!
! 26, isa, 32, 0, 1, 40, 1040, 1000, 668, 23843, 23844, 23843
  result is correct!
! 26, isa, 32, 0, 1, 44, 1144, 1000, 612, 28687, 28692, 28687
  result is correct!
! 26, isa, 32, 0, 1, 48, 1248, 1000, 749, 33979, 34722, 34042
  result is correct!
! 26, isa, 32, 0, 1, 52, 1352, 1000, 706, 39719, 40510, 39801
  result is correct!
! 26, isa, 32, 0, 1, 56, 1456, 1000, 660, 45907, 46783, 46017
  result is correct!
! 26, isa, 32, 0, 1, 60, 1560, 1000, 614, 52543, 53708, 52679
  result is correct!
! 26, isa, 32, 0, 1, 64, 1664, 1000, 559, 59627, 60589, 59794
  result is correct!
! 26, isa, 32, 0, 1, 68, 1768, 1000, 504, 67159, 68180, 67386
  result is correct!
! 26, isa, 32, 0, 1, 72, 1872, 1000, 446, 75139, 76191, 75408
  result is correct!
