>>>>
====
REPO_HOME         := auto-generated-text
RISCV             := auto-generated-text
MPISE_DESTRUCTIVE := 0
MPISE_STATELESS   := 1
----
ARCH              := rv32
TYPE              := isa
RADIX             := 24
PLATFORM          := cva6-fpga
VERSION           := hybrid
<<<<
bbl loader
! 24, isa, 32, 0, 1, 8, 192, 1000, 122, 824, 824, 824
  result is correct!
! 24, isa, 32, 0, 1, 12, 288, 1000, 488, 1621, 1621, 1621
  result is correct!
! 24, isa, 32, 0, 1, 16, 384, 1000, 474, 2662, 2662, 2662
  result is correct!
! 24, isa, 32, 0, 1, 20, 480, 1000, 465, 3937, 3937, 3937
  result is correct!
! 24, isa, 32, 0, 1, 24, 576, 1000, 454, 5470, 5470, 5470
  result is correct!
! 24, isa, 32, 0, 1, 28, 672, 1000, 440, 7257, 7257, 7257
  result is correct!
! 24, isa, 32, 0, 1, 32, 768, 1000, 420, 9298, 9298, 9298
  result is correct!
! 24, isa, 32, 0, 1, 36, 864, 1000, 405, 11593, 11593, 11593
  result is correct!
! 24, isa, 32, 0, 1, 40, 960, 1000, 380, 14142, 14142, 14142
  result is correct!
! 24, isa, 32, 0, 1, 44, 1056, 1000, 361, 16945, 16945, 16945
  result is correct!
! 24, isa, 32, 0, 1, 48, 1152, 1000, 336, 20002, 20004, 20002
  result is correct!
! 24, isa, 32, 0, 1, 52, 1248, 1000, 748, 23313, 23564, 23331
  result is correct!
! 24, isa, 32, 0, 1, 56, 1344, 1000, 715, 26878, 27157, 26898
  result is correct!
! 24, isa, 32, 0, 1, 60, 1440, 1000, 682, 30697, 31036, 30725
  result is correct!
! 24, isa, 32, 0, 1, 64, 1536, 1000, 737, 34770, 36281, 34895
  result is correct!
! 24, isa, 32, 0, 1, 68, 1632, 1000, 705, 39097, 40436, 39237
  result is correct!
! 24, isa, 32, 0, 1, 72, 1728, 1000, 668, 43678, 45026, 43836
  result is correct!
