>>>>
====
REPO_HOME         := auto-generated-text
RISCV             := auto-generated-text
MPISE_DESTRUCTIVE := 0
MPISE_STATELESS   := 1
----
ARCH              := rv32
TYPE              := isa
RADIX             := 21
PLATFORM          := cva6-fpga
VERSION           := simple
<<<<
bbl loader
! 21, isa, 32, 0, 1, 8, 168, 1000, 737, 1219, 1219, 1219
  result is correct!
! 21, isa, 32, 0, 1, 12, 252, 1000, 961, 2479, 2479, 2479
  result is correct!
! 21, isa, 32, 0, 1, 16, 336, 1000, 932, 4187, 4187, 4187
  result is correct!
! 21, isa, 32, 0, 1, 20, 420, 1000, 902, 6343, 6343, 6343
  result is correct!
! 21, isa, 32, 0, 1, 24, 504, 1000, 868, 8947, 8947, 8947
  result is correct!
! 21, isa, 32, 0, 1, 28, 588, 1000, 821, 11999, 11999, 11999
  result is correct!
! 21, isa, 32, 0, 1, 32, 672, 1000, 766, 15499, 15499, 15499
  result is correct!
! 21, isa, 32, 0, 1, 36, 756, 1000, 733, 19447, 19452, 19447
  result is correct!
! 21, isa, 32, 0, 1, 40, 840, 1000, 667, 23843, 23848, 23843
  result is correct!
! 21, isa, 32, 0, 1, 44, 924, 1000, 703, 28687, 28879, 28695
  result is correct!
! 21, isa, 32, 0, 1, 48, 1008, 1000, 747, 33979, 34767, 34042
  result is correct!
! 21, isa, 32, 0, 1, 52, 1092, 1000, 705, 39719, 40751, 39800
  result is correct!
! 21, isa, 32, 0, 1, 56, 1176, 1000, 661, 45907, 46655, 46035
  result is correct!
! 21, isa, 32, 0, 1, 60, 1260, 1000, 613, 52543, 53445, 52679
  result is correct!
! 21, isa, 32, 0, 1, 64, 1344, 1000, 558, 59627, 60770, 59803
  result is correct!
! 21, isa, 32, 0, 1, 68, 1428, 1000, 504, 67159, 68349, 67391
  result is correct!
! 21, isa, 32, 0, 1, 72, 1512, 1000, 447, 75139, 76326, 75416
  result is correct!
