>>>>
====
REPO_HOME         := auto-generated-text
RISCV             := auto-generated-text
MPISE_DESTRUCTIVE := 0
MPISE_STATELESS   := 1
----
ARCH              := rv32
TYPE              := isa
RADIX             := 29
PLATFORM          := cva6-fpga
VERSION           := hybrid
<<<<
bbl loader
! 29, isa, 32, 0, 1, 8, 232, 1000, 115, 826, 826, 826
  result is correct!
! 29, isa, 32, 0, 1, 12, 348, 1000, 488, 1622, 1623, 1622
  result is correct!
! 29, isa, 32, 0, 1, 16, 464, 1000, 484, 2664, 2669, 2668
  result is correct!
! 29, isa, 32, 0, 1, 20, 580, 1000, 477, 3939, 3944, 3943
  result is correct!
! 29, isa, 32, 0, 1, 24, 696, 1000, 472, 5472, 5477, 5476
  result is correct!
! 29, isa, 32, 0, 1, 28, 812, 1000, 461, 7259, 7264, 7263
  result is correct!
! 29, isa, 32, 0, 1, 32, 928, 1000, 454, 9300, 9305, 9304
  result is correct!
! 29, isa, 32, 0, 1, 36, 1044, 1000, 441, 11595, 11601, 11599
  result is correct!
! 29, isa, 32, 0, 1, 40, 1160, 1000, 421, 14144, 14149, 14148
  result is correct!
! 29, isa, 32, 0, 1, 44, 1276, 1000, 381, 16947, 16953, 16951
  result is correct!
! 29, isa, 32, 0, 1, 48, 1392, 1000, 404, 20004, 20014, 20009
  result is correct!
! 29, isa, 32, 0, 1, 52, 1508, 1000, 747, 23315, 23571, 23335
  result is correct!
! 29, isa, 32, 0, 1, 56, 1624, 1000, 711, 26880, 27185, 26902
  result is correct!
! 29, isa, 32, 0, 1, 60, 1740, 1000, 676, 30699, 31030, 30728
  result is correct!
! 29, isa, 32, 0, 1, 64, 1856, 1000, 738, 34772, 36278, 34896
  result is correct!
