! 58, ise, 64, 0, 0, 8, 464, 503, 23885, 555
  result is correct!
! 58, ise, 64, 0, 0, 12, 696, 869, 22790, 943
  result is correct!
! 58, ise, 64, 0, 0, 16, 928, 1329, 78674, 1485
  result is correct!
! 58, ise, 64, 0, 0, 20, 1160, 1866, 22610, 1975
  result is correct!
! 58, ise, 64, 0, 0, 24, 1392, 2504, 33872, 2649
  result is correct!
! 58, ise, 64, 0, 0, 28, 1624, 3238, 24104, 3408
  result is correct!
! 58, ise, 64, 0, 0, 32, 1856, 4068, 24764, 4258
  result is correct!
! 58, ise, 64, 0, 0, 36, 2088, 4994, 25954, 5246
  result is correct!
! 58, ise, 64, 0, 0, 40, 2320, 6016, 27756, 6310
  result is correct!
! 58, ise, 64, 0, 0, 44, 2552, 7134, 150502, 7605
  result is correct!
! 58, ise, 64, 0, 0, 48, 2784, 8348, 29129, 8744
  result is correct!
! 58, ise, 64, 0, 0, 52, 3016, 9658, 72017, 10149
  result is correct!
! 58, ise, 64, 0, 0, 56, 3248, 11064, 31895, 11560
  result is correct!
! 58, ise, 64, 0, 0, 60, 3480, 12566, 75096, 13178
  result is correct!
! 58, ise, 64, 0, 0, 64, 3712, 14154, 35055, 14804
  result is correct!
