! 64, ise, 64, 0, 0, 8, 512, 516, 24123, 588
  result is correct!
! 64, ise, 64, 0, 0, 12, 768, 1027, 22589, 1134
  result is correct!
! 64, ise, 64, 0, 0, 16, 1024, 1743, 22431, 1881
  result is correct!
! 64, ise, 64, 0, 0, 20, 1280, 2642, 23456, 2808
  result is correct!
! 64, ise, 64, 0, 0, 24, 1536, 3697, 61738, 3969
  result is correct!
! 64, ise, 64, 0, 0, 28, 1792, 4976, 25745, 5241
  result is correct!
! 64, ise, 64, 0, 0, 32, 2048, 6416, 27046, 6725
  result is correct!
! 64, ise, 64, 0, 0, 36, 2304, 8046, 153003, 8576
  result is correct!
! 64, ise, 64, 0, 0, 40, 2560, 9862, 30735, 10335
  result is correct!
! 64, ise, 64, 0, 0, 44, 2816, 11864, 32595, 12418
  result is correct!
! 64, ise, 64, 0, 0, 48, 3072, 14052, 34912, 14688
  result is correct!
! 64, ise, 64, 0, 0, 52, 3328, 16425, 170249, 17335
  result is correct!
! 64, ise, 64, 0, 0, 56, 3584, 18986, 40406, 19830
  result is correct!
! 64, ise, 64, 0, 0, 60, 3840, 21715, 83119, 22767
  result is correct!
! 64, ise, 64, 0, 0, 64, 4096, 24664, 46027, 25771
  result is correct!
