! 50, ise, 64, 0, 0, 8, 400, 1005, 1005, 1046
  result is correct!
! 50, ise, 64, 0, 0, 12, 600, 2017, 2017, 2120
  result is correct!
! 50, ise, 64, 0, 0, 16, 800, 3381, 3381, 3523
  result is correct!
! 50, ise, 64, 0, 0, 20, 1000, 5097, 5097, 5321
  result is correct!
! 50, ise, 64, 0, 0, 24, 1200, 7165, 7165, 7532
  result is correct!
! 50, ise, 64, 0, 0, 28, 1400, 9585, 9585, 10119
  result is correct!
! 50, ise, 64, 0, 0, 32, 1600, 12357, 12357, 12888
  result is correct!
! 50, ise, 64, 0, 0, 36, 1800, 15481, 15481, 16289
  result is correct!
! 50, ise, 64, 0, 0, 40, 2000, 18957, 18957, 19803
  result is correct!
! 50, ise, 64, 0, 0, 44, 2200, 22785, 22785, 23821
  result is correct!
! 50, ise, 64, 0, 0, 48, 2400, 26965, 26965, 28153
  result is correct!
! 50, ise, 64, 0, 0, 52, 2600, 31497, 31497, 32975
  result is correct!
! 50, ise, 64, 0, 0, 56, 2800, 36381, 36381, 38114
  result is correct!
! 50, ise, 64, 0, 0, 60, 3000, 41617, 41617, 43622
  result is correct!
! 50, ise, 64, 0, 0, 64, 3200, 47205, 47205, 49403
  result is correct!
! 50, ise, 64, 0, 0, 68, 3400, 53145, 53145, 55590
  result is correct!
! 50, ise, 64, 0, 0, 72, 3600, 59437, 59480, 62127
  result is correct!
