! 55, ise, 64, 0, 0, 8, 440, 501, 537, 559
  result is correct!
! 55, ise, 64, 0, 0, 12, 660, 867, 903, 945
  result is correct!
! 55, ise, 64, 0, 0, 16, 880, 1332, 1363, 1425
  result is correct!
! 55, ise, 64, 0, 0, 20, 1100, 1869, 1900, 1983
  result is correct!
! 55, ise, 64, 0, 0, 24, 1320, 2507, 2538, 2809
  result is correct!
! 55, ise, 64, 0, 0, 28, 1540, 3241, 3272, 3417
  result is correct!
! 55, ise, 64, 0, 0, 32, 1760, 4071, 4102, 4316
  result is correct!
! 55, ise, 64, 0, 0, 36, 1980, 4997, 5028, 5253
  result is correct!
! 55, ise, 64, 0, 0, 40, 2200, 6019, 6050, 6298
  result is correct!
! 55, ise, 64, 0, 0, 44, 2420, 7137, 7168, 7639
  result is correct!
! 55, ise, 64, 0, 0, 48, 2640, 8351, 8382, 8751
  result is correct!
! 55, ise, 64, 0, 0, 52, 2860, 9661, 9692, 10126
  result is correct!
! 55, ise, 64, 0, 0, 56, 3080, 11067, 11098, 11570
  result is correct!
! 55, ise, 64, 0, 0, 60, 3300, 12569, 12600, 13189
  result is correct!
! 55, ise, 64, 0, 0, 64, 3520, 14167, 14198, 14875
  result is correct!
! 55, ise, 64, 0, 0, 68, 3740, 15861, 15892, 16573
  result is correct!
! 55, ise, 64, 0, 0, 72, 3960, 17651, 17682, 18496
  result is correct!
