! 51, ise, 64, 0, 0, 8, 408, 501, 537, 558
  result is correct!
! 51, ise, 64, 0, 0, 12, 612, 867, 903, 945
  result is correct!
! 51, ise, 64, 0, 0, 16, 816, 1332, 1363, 1425
  result is correct!
! 51, ise, 64, 0, 0, 20, 1020, 1869, 1900, 2139
  result is correct!
! 51, ise, 64, 0, 0, 24, 1224, 2507, 2538, 2642
  result is correct!
! 51, ise, 64, 0, 0, 28, 1428, 3241, 3272, 3416
  result is correct!
! 51, ise, 64, 0, 0, 32, 1632, 4071, 4102, 4267
  result is correct!
! 51, ise, 64, 0, 0, 36, 1836, 4997, 5028, 5337
  result is correct!
! 51, ise, 64, 0, 0, 40, 2040, 6019, 6050, 6320
  result is correct!
! 51, ise, 64, 0, 0, 44, 2244, 7137, 7168, 7482
  result is correct!
! 51, ise, 64, 0, 0, 48, 2448, 8351, 8382, 8755
  result is correct!
! 51, ise, 64, 0, 0, 52, 2652, 9661, 9692, 10107
  result is correct!
! 51, ise, 64, 0, 0, 56, 2856, 11067, 11098, 11572
  result is correct!
! 51, ise, 64, 0, 0, 60, 3060, 12569, 12600, 13140
  result is correct!
! 51, ise, 64, 0, 0, 64, 3264, 14167, 14198, 14797
  result is correct!
! 51, ise, 64, 0, 0, 68, 3468, 15861, 15892, 16767
  result is correct!
! 51, ise, 64, 0, 0, 72, 3672, 17651, 17682, 18493
  result is correct!
