! 61, isa, 64, 0, 0, 8, 488, 866, 22028, 927
  result is correct!
! 61, isa, 64, 0, 0, 12, 732, 1653, 23107, 1756
  result is correct!
! 61, isa, 64, 0, 0, 16, 976, 2692, 87709, 2911
  result is correct!
! 61, isa, 64, 0, 0, 20, 1220, 3971, 24987, 4152
  result is correct!
! 61, isa, 64, 0, 0, 24, 1464, 5504, 26435, 5768
  result is correct!
! 61, isa, 64, 0, 0, 28, 1708, 7291, 96052, 7719
  result is correct!
! 61, isa, 64, 0, 0, 32, 1952, 9332, 82257, 9809
  result is correct!
! 61, isa, 64, 0, 0, 36, 2196, 11627, 161013, 12284
  result is correct!
! 61, isa, 64, 0, 0, 40, 2440, 14176, 77462, 14867
  result is correct!
! 61, isa, 64, 0, 0, 44, 2684, 16979, 38647, 17720
  result is correct!
! 61, isa, 64, 0, 0, 48, 2928, 20036, 162765, 21080
  result is correct!
! 61, isa, 64, 0, 0, 52, 3172, 23347, 165949, 24514
  result is correct!
! 61, isa, 64, 0, 0, 56, 3416, 26912, 170742, 28243
  result is correct!
! 61, isa, 64, 0, 0, 60, 3660, 30731, 173138, 32290
  result is correct!
! 61, isa, 64, 0, 0, 64, 3904, 34804, 95917, 36383
  result is correct!
