! 55, ise, 64, 0, 0, 8, 440, 1005, 22332, 1067
  result is correct!
! 55, ise, 64, 0, 0, 12, 660, 2017, 22917, 2100
  result is correct!
! 55, ise, 64, 0, 0, 16, 880, 3381, 24826, 3525
  result is correct!
! 55, ise, 64, 0, 0, 20, 1100, 5097, 25811, 5302
  result is correct!
! 55, ise, 64, 0, 0, 24, 1320, 7165, 27788, 7472
  result is correct!
! 55, ise, 64, 0, 0, 28, 1540, 9585, 30375, 10015
  result is correct!
! 55, ise, 64, 0, 0, 32, 1760, 12357, 32983, 12886
  result is correct!
! 55, ise, 64, 0, 0, 36, 1980, 15481, 158752, 16343
  result is correct!
! 55, ise, 64, 0, 0, 40, 2200, 18957, 39565, 19749
  result is correct!
! 55, ise, 64, 0, 0, 44, 2420, 22785, 43517, 23762
  result is correct!
! 55, ise, 64, 0, 0, 48, 2640, 26965, 48364, 28130
  result is correct!
! 55, ise, 64, 0, 0, 52, 2860, 31497, 171480, 33028
  result is correct!
! 55, ise, 64, 0, 0, 56, 3080, 36381, 178426, 38117
  result is correct!
! 55, ise, 64, 0, 0, 60, 3300, 41617, 181783, 43578
  result is correct!
! 55, ise, 64, 0, 0, 64, 3520, 47205, 187054, 49407
  result is correct!
! 55, ise, 64, 0, 0, 68, 3740, 53145, 193648, 55591
  result is correct!
! 55, ise, 64, 0, 0, 72, 3960, 59437, 203195, 62220
  result is correct!
