! 53, ise, 64, 0, 0, 8, 424, 502, 25435, 560
  result is correct!
! 53, ise, 64, 0, 0, 12, 636, 863, 22747, 913
  result is correct!
! 53, ise, 64, 0, 0, 16, 848, 1329, 23182, 1421
  result is correct!
! 53, ise, 64, 0, 0, 20, 1060, 1866, 22909, 1978
  result is correct!
! 53, ise, 64, 0, 0, 24, 1272, 2504, 23543, 2657
  result is correct!
! 53, ise, 64, 0, 0, 28, 1484, 3238, 24188, 3390
  result is correct!
! 53, ise, 64, 0, 0, 32, 1696, 4068, 25205, 4284
  result is correct!
! 53, ise, 64, 0, 0, 36, 1908, 4994, 25968, 5250
  result is correct!
! 53, ise, 64, 0, 0, 40, 2120, 6016, 26877, 6292
  result is correct!
! 53, ise, 64, 0, 0, 44, 2332, 7134, 27934, 7471
  result is correct!
! 53, ise, 64, 0, 0, 48, 2544, 8348, 29228, 8749
  result is correct!
! 53, ise, 64, 0, 0, 52, 2756, 9658, 31159, 10122
  result is correct!
! 53, ise, 64, 0, 0, 56, 2968, 11064, 31992, 11566
  result is correct!
! 53, ise, 64, 0, 0, 60, 3180, 12566, 34128, 13134
  result is correct!
! 53, ise, 64, 0, 0, 64, 3392, 14164, 35046, 14791
  result is correct!
! 53, ise, 64, 0, 0, 68, 3604, 15858, 159870, 16761
  result is correct!
! 53, ise, 64, 0, 0, 72, 3816, 17648, 39414, 18423
  result is correct!
