! 52, ise, 64, 0, 0, 8, 416, 503, 22424, 559
  result is correct!
! 52, ise, 64, 0, 0, 12, 624, 863, 24078, 937
  result is correct!
! 52, ise, 64, 0, 0, 16, 832, 1329, 152908, 1561
  result is correct!
! 52, ise, 64, 0, 0, 20, 1040, 1866, 22815, 1978
  result is correct!
! 52, ise, 64, 0, 0, 24, 1248, 2504, 23579, 2637
  result is correct!
! 52, ise, 64, 0, 0, 28, 1456, 3238, 24124, 3411
  result is correct!
! 52, ise, 64, 0, 0, 32, 1664, 4068, 24892, 4261
  result is correct!
! 52, ise, 64, 0, 0, 36, 1872, 4994, 25900, 5229
  result is correct!
! 52, ise, 64, 0, 0, 40, 2080, 6016, 77527, 6377
  result is correct!
! 52, ise, 64, 0, 0, 44, 2288, 7134, 28079, 7471
  result is correct!
! 52, ise, 64, 0, 0, 48, 2496, 8348, 80750, 8813
  result is correct!
! 52, ise, 64, 0, 0, 52, 2704, 9658, 72444, 10154
  result is correct!
! 52, ise, 64, 0, 0, 56, 2912, 11064, 32015, 11567
  result is correct!
! 52, ise, 64, 0, 0, 60, 3120, 12566, 73936, 13186
  result is correct!
! 52, ise, 64, 0, 0, 64, 3328, 14164, 35164, 14810
  result is correct!
! 52, ise, 64, 0, 0, 68, 3536, 15858, 157369, 16704
  result is correct!
! 52, ise, 64, 0, 0, 72, 3744, 17648, 79963, 18495
  result is correct!
