! 54, ise, 64, 0, 0, 8, 432, 1005, 1005, 1047
  result is correct!
! 54, ise, 64, 0, 0, 12, 648, 2017, 2017, 2119
  result is correct!
! 54, ise, 64, 0, 0, 16, 864, 3381, 3381, 3673
  result is correct!
! 54, ise, 64, 0, 0, 20, 1080, 5097, 5097, 5383
  result is correct!
! 54, ise, 64, 0, 0, 24, 1296, 7165, 7165, 7470
  result is correct!
! 54, ise, 64, 0, 0, 28, 1512, 9585, 9585, 9992
  result is correct!
! 54, ise, 64, 0, 0, 32, 1728, 12357, 12357, 12944
  result is correct!
! 54, ise, 64, 0, 0, 36, 1944, 15481, 15481, 16265
  result is correct!
! 54, ise, 64, 0, 0, 40, 2160, 18957, 18957, 19751
  result is correct!
! 54, ise, 64, 0, 0, 44, 2376, 22785, 22785, 23803
  result is correct!
! 54, ise, 64, 0, 0, 48, 2592, 26965, 26965, 28106
  result is correct!
! 54, ise, 64, 0, 0, 52, 2808, 31497, 31497, 32981
  result is correct!
! 54, ise, 64, 0, 0, 56, 3024, 36381, 36381, 38103
  result is correct!
! 54, ise, 64, 0, 0, 60, 3240, 41617, 41617, 43576
  result is correct!
! 54, ise, 64, 0, 0, 64, 3456, 47205, 47205, 49410
  result is correct!
! 54, ise, 64, 0, 0, 68, 3672, 53145, 53145, 55611
  result is correct!
! 54, ise, 64, 0, 0, 72, 3888, 59437, 59437, 62225
  result is correct!
