! 54, isa, 64, 0, 0, 8, 432, 1212, 1216, 1276
  result is correct!
! 54, isa, 64, 0, 0, 12, 648, 2476, 2480, 2668
  result is correct!
! 54, isa, 64, 0, 0, 16, 864, 4188, 4192, 4372
  result is correct!
! 54, isa, 64, 0, 0, 20, 1080, 6348, 6352, 6631
  result is correct!
! 54, isa, 64, 0, 0, 24, 1296, 8956, 8960, 9464
  result is correct!
! 54, isa, 64, 0, 0, 28, 1512, 12012, 12016, 12516
  result is correct!
! 54, isa, 64, 0, 0, 32, 1728, 15516, 15520, 16364
  result is correct!
! 54, isa, 64, 0, 0, 36, 1944, 19468, 19472, 20428
  result is correct!
! 54, isa, 64, 0, 0, 40, 2160, 23868, 23872, 24847
  result is correct!
! 54, isa, 64, 0, 0, 44, 2376, 28716, 28720, 30101
  result is correct!
! 54, isa, 64, 0, 0, 48, 2592, 34012, 34016, 35624
  result is correct!
! 54, isa, 64, 0, 0, 52, 2808, 39756, 39760, 41563
  result is correct!
! 54, isa, 64, 0, 0, 56, 3024, 45948, 45952, 47920
  result is correct!
! 54, isa, 64, 0, 0, 60, 3240, 52588, 52592, 54969
  result is correct!
! 54, isa, 64, 0, 0, 64, 3456, 59676, 59680, 62338
  result is correct!
! 54, isa, 64, 0, 0, 68, 3672, 67212, 67240, 70347
  result is correct!
! 54, isa, 64, 0, 0, 72, 3888, 75196, 75200, 78651
  result is correct!
