! 53, ise, 64, 0, 0, 8, 424, 1005, 21869, 1046
  result is correct!
! 53, ise, 64, 0, 0, 12, 636, 2017, 155642, 2265
  result is correct!
! 53, ise, 64, 0, 0, 16, 848, 3381, 25847, 3527
  result is correct!
! 53, ise, 64, 0, 0, 20, 1060, 5097, 25712, 5301
  result is correct!
! 53, ise, 64, 0, 0, 24, 1272, 7165, 27754, 7471
  result is correct!
! 53, ise, 64, 0, 0, 28, 1484, 9585, 150623, 10139
  result is correct!
! 53, ise, 64, 0, 0, 32, 1696, 12357, 33088, 12890
  result is correct!
! 53, ise, 64, 0, 0, 36, 1908, 15481, 156534, 16284
  result is correct!
! 53, ise, 64, 0, 0, 40, 2120, 18957, 80214, 19804
  result is correct!
! 53, ise, 64, 0, 0, 44, 2332, 22785, 82403, 23814
  result is correct!
! 53, ise, 64, 0, 0, 48, 2544, 26965, 85385, 28156
  result is correct!
! 53, ise, 64, 0, 0, 52, 2756, 31497, 171353, 33034
  result is correct!
! 53, ise, 64, 0, 0, 56, 2968, 36381, 177905, 38136
  result is correct!
! 53, ise, 64, 0, 0, 60, 3180, 41617, 180173, 43572
  result is correct!
! 53, ise, 64, 0, 0, 64, 3392, 47205, 185942, 49401
  result is correct!
! 53, ise, 64, 0, 0, 68, 3604, 53145, 192570, 55642
  result is correct!
! 53, ise, 64, 0, 0, 72, 3816, 59437, 197924, 62258
  result is correct!
