! 56, isa, 64, 0, 0, 8, 448, 869, 892, 935
  result is correct!
! 56, isa, 64, 0, 0, 12, 672, 1656, 1679, 1741
  result is correct!
! 56, isa, 64, 0, 0, 16, 896, 2700, 2720, 2844
  result is correct!
! 56, isa, 64, 0, 0, 20, 1120, 3974, 3994, 4179
  result is correct!
! 56, isa, 64, 0, 0, 24, 1344, 5507, 5527, 5755
  result is correct!
! 56, isa, 64, 0, 0, 28, 1568, 7294, 7314, 7690
  result is correct!
! 56, isa, 64, 0, 0, 32, 1792, 9335, 9355, 9747
  result is correct!
! 56, isa, 64, 0, 0, 36, 2016, 11630, 11701, 12311
  result is correct!
! 56, isa, 64, 0, 0, 40, 2240, 14180, 14199, 14822
  result is correct!
! 56, isa, 64, 0, 0, 44, 2464, 16982, 17002, 17943
  result is correct!
! 56, isa, 64, 0, 0, 48, 2688, 20039, 20059, 21120
  result is correct!
! 56, isa, 64, 0, 0, 52, 2912, 23350, 23370, 24535
  result is correct!
! 56, isa, 64, 0, 0, 56, 3136, 26915, 26935, 28244
  result is correct!
! 56, isa, 64, 0, 0, 60, 3360, 30734, 30754, 32281
  result is correct!
! 56, isa, 64, 0, 0, 64, 3584, 34807, 34827, 36320
  result is correct!
! 56, isa, 64, 0, 0, 68, 3808, 39134, 39154, 41097
  result is correct!
! 56, isa, 64, 0, 0, 72, 4032, 43715, 64133, 45832
  result is correct!
