! 55, isa, 64, 0, 0, 8, 440, 1212, 22664, 1274
  result is correct!
! 55, isa, 64, 0, 0, 12, 660, 2476, 22574, 2596
  result is correct!
! 55, isa, 64, 0, 0, 16, 880, 4188, 24512, 4348
  result is correct!
! 55, isa, 64, 0, 0, 20, 1100, 6348, 82309, 6676
  result is correct!
! 55, isa, 64, 0, 0, 24, 1320, 8956, 29091, 9335
  result is correct!
! 55, isa, 64, 0, 0, 28, 1540, 12012, 80412, 12572
  result is correct!
! 55, isa, 64, 0, 0, 32, 1760, 15516, 35737, 16174
  result is correct!
! 55, isa, 64, 0, 0, 36, 1980, 19468, 159091, 20418
  result is correct!
! 55, isa, 64, 0, 0, 40, 2200, 23868, 164547, 25030
  result is correct!
! 55, isa, 64, 0, 0, 44, 2420, 28716, 170045, 30050
  result is correct!
! 55, isa, 64, 0, 0, 48, 2640, 34012, 173783, 35613
  result is correct!
! 55, isa, 64, 0, 0, 52, 2860, 39756, 178624, 41675
  result is correct!
! 55, isa, 64, 0, 0, 56, 3080, 45948, 185526, 48065
  result is correct!
! 55, isa, 64, 0, 0, 60, 3300, 52588, 190299, 54976
  result is correct!
! 55, isa, 64, 0, 0, 64, 3520, 59676, 198073, 62356
  result is correct!
! 55, isa, 64, 0, 0, 68, 3740, 67212, 206094, 70396
  result is correct!
! 55, isa, 64, 0, 0, 72, 3960, 75196, 222838, 78643
  result is correct!
