! 52, ise, 64, 0, 0, 8, 416, 1005, 22443, 1047
  result is correct!
! 52, ise, 64, 0, 0, 12, 624, 2017, 32566, 2113
  result is correct!
! 52, ise, 64, 0, 0, 16, 832, 3381, 23997, 3524
  result is correct!
! 52, ise, 64, 0, 0, 20, 1040, 5097, 25646, 5322
  result is correct!
! 52, ise, 64, 0, 0, 24, 1248, 7165, 28653, 7473
  result is correct!
! 52, ise, 64, 0, 0, 28, 1456, 9585, 153365, 10151
  result is correct!
! 52, ise, 64, 0, 0, 32, 1664, 12357, 33697, 12891
  result is correct!
! 52, ise, 64, 0, 0, 36, 1872, 15481, 156504, 16269
  result is correct!
! 52, ise, 64, 0, 0, 40, 2080, 18957, 80167, 19822
  result is correct!
! 52, ise, 64, 0, 0, 44, 2288, 22785, 82278, 23793
  result is correct!
! 52, ise, 64, 0, 0, 48, 2496, 26965, 86478, 28157
  result is correct!
! 52, ise, 64, 0, 0, 52, 2704, 31497, 171129, 32973
  result is correct!
! 52, ise, 64, 0, 0, 56, 2912, 36381, 177157, 38115
  result is correct!
! 52, ise, 64, 0, 0, 60, 3120, 41617, 179903, 43572
  result is correct!
! 52, ise, 64, 0, 0, 64, 3328, 47205, 186810, 49409
  result is correct!
! 52, ise, 64, 0, 0, 68, 3536, 53145, 192227, 55590
  result is correct!
! 52, ise, 64, 0, 0, 72, 3744, 59437, 199633, 62144
  result is correct!
