! 56, isa, 64, 0, 0, 8, 448, 1211, 22119, 1252
  result is correct!
! 56, isa, 64, 0, 0, 12, 672, 2475, 22634, 2575
  result is correct!
! 56, isa, 64, 0, 0, 16, 896, 4184, 24601, 4368
  result is correct!
! 56, isa, 64, 0, 0, 20, 1120, 6344, 66450, 6657
  result is correct!
! 56, isa, 64, 0, 0, 24, 1344, 8952, 29209, 9337
  result is correct!
! 56, isa, 64, 0, 0, 28, 1568, 12008, 34565, 12535
  result is correct!
! 56, isa, 64, 0, 0, 32, 1792, 15512, 36167, 16176
  result is correct!
! 56, isa, 64, 0, 0, 36, 2016, 19464, 159256, 20399
  result is correct!
! 56, isa, 64, 0, 0, 40, 2240, 23864, 164979, 25002
  result is correct!
! 56, isa, 64, 0, 0, 44, 2464, 28712, 172586, 30190
  result is correct!
! 56, isa, 64, 0, 0, 48, 2688, 34008, 174385, 35619
  result is correct!
! 56, isa, 64, 0, 0, 52, 2912, 39752, 179098, 41597
  result is correct!
! 56, isa, 64, 0, 0, 56, 3136, 45944, 185118, 48110
  result is correct!
! 56, isa, 64, 0, 0, 60, 3360, 52584, 199829, 54929
  result is correct!
! 56, isa, 64, 0, 0, 64, 3584, 59672, 197355, 62334
  result is correct!
! 56, isa, 64, 0, 0, 68, 3808, 67208, 206447, 70344
  result is correct!
! 56, isa, 64, 0, 0, 72, 4032, 75192, 214504, 78672
  result is correct!
