! 54, ise, 64, 0, 0, 8, 432, 503, 22409, 558
  result is correct!
! 54, ise, 64, 0, 0, 12, 648, 863, 22924, 914
  result is correct!
! 54, ise, 64, 0, 0, 16, 864, 1329, 22454, 1420
  result is correct!
! 54, ise, 64, 0, 0, 20, 1080, 1866, 33193, 1992
  result is correct!
! 54, ise, 64, 0, 0, 24, 1296, 2504, 24572, 2638
  result is correct!
! 54, ise, 64, 0, 0, 28, 1512, 3238, 77409, 3477
  result is correct!
! 54, ise, 64, 0, 0, 32, 1728, 4068, 25122, 4262
  result is correct!
! 54, ise, 64, 0, 0, 36, 1944, 4994, 25995, 5230
  result is correct!
! 54, ise, 64, 0, 0, 40, 2160, 6016, 26944, 6314
  result is correct!
! 54, ise, 64, 0, 0, 44, 2376, 7134, 75165, 7531
  result is correct!
! 54, ise, 64, 0, 0, 48, 2592, 8348, 29322, 8727
  result is correct!
! 54, ise, 64, 0, 0, 52, 2808, 9658, 30650, 10100
  result is correct!
! 54, ise, 64, 0, 0, 56, 3024, 11064, 72197, 11617
  result is correct!
! 54, ise, 64, 0, 0, 60, 3240, 12566, 33839, 13132
  result is correct!
! 54, ise, 64, 0, 0, 64, 3456, 14164, 35111, 14811
  result is correct!
! 54, ise, 64, 0, 0, 68, 3672, 15858, 158779, 16786
  result is correct!
! 54, ise, 64, 0, 0, 72, 3888, 17648, 38734, 18442
  result is correct!
