! 64, isa, 64, 0, 0, 8, 512, 1305, 1305, 1366
  result is correct!
! 64, isa, 64, 0, 0, 12, 768, 2710, 2710, 2811
  result is correct!
! 64, isa, 64, 0, 0, 16, 1024, 4626, 4626, 4963
  result is correct!
! 64, isa, 64, 0, 0, 20, 1280, 7054, 7054, 7357
  result is correct!
! 64, isa, 64, 0, 0, 24, 1536, 9994, 9994, 10397
  result is correct!
! 64, isa, 64, 0, 0, 28, 1792, 13446, 13446, 14150
  result is correct!
! 64, isa, 64, 0, 0, 32, 2048, 17410, 17410, 18135
  result is correct!
! 64, isa, 64, 0, 0, 36, 2304, 21886, 21886, 22864
  result is correct!
! 64, isa, 64, 0, 0, 40, 2560, 26874, 26874, 27999
  result is correct!
! 64, isa, 64, 0, 0, 44, 2816, 32374, 32374, 33879
  result is correct!
! 64, isa, 64, 0, 0, 48, 3072, 38386, 38386, 40207
  result is correct!
! 64, isa, 64, 0, 0, 52, 3328, 44910, 44910, 46991
  result is correct!
! 64, isa, 64, 0, 0, 56, 3584, 51946, 51946, 54325
  result is correct!
! 64, isa, 64, 0, 0, 60, 3840, 59492, 59494, 62349
  result is correct!
! 64, isa, 64, 0, 0, 64, 4096, 67554, 67559, 70611
  result is correct!
