! 52, isa, 64, 0, 0, 8, 416, 1216, 1216, 1277
  result is correct!
! 52, isa, 64, 0, 0, 12, 624, 2480, 2480, 2580
  result is correct!
! 52, isa, 64, 0, 0, 16, 832, 4188, 4192, 4370
  result is correct!
! 52, isa, 64, 0, 0, 20, 1040, 6348, 6352, 6610
  result is correct!
! 52, isa, 64, 0, 0, 24, 1248, 8956, 8960, 9521
  result is correct!
! 52, isa, 64, 0, 0, 28, 1456, 12012, 12016, 12516
  result is correct!
! 52, isa, 64, 0, 0, 32, 1664, 15516, 15520, 16310
  result is correct!
! 52, isa, 64, 0, 0, 36, 1872, 19468, 19472, 20487
  result is correct!
! 52, isa, 64, 0, 0, 40, 2080, 23868, 23872, 25053
  result is correct!
! 52, isa, 64, 0, 0, 44, 2288, 28716, 28720, 30107
  result is correct!
! 52, isa, 64, 0, 0, 48, 2496, 34012, 34016, 35568
  result is correct!
! 52, isa, 64, 0, 0, 52, 2704, 39756, 39760, 41601
  result is correct!
! 52, isa, 64, 0, 0, 56, 2912, 45948, 45952, 47968
  result is correct!
! 52, isa, 64, 0, 0, 60, 3120, 52588, 72665, 54972
  result is correct!
! 52, isa, 64, 0, 0, 64, 3328, 59676, 59680, 62350
  result is correct!
! 52, isa, 64, 0, 0, 68, 3536, 67212, 67216, 70447
  result is correct!
! 52, isa, 64, 0, 0, 72, 3744, 75196, 75219, 78721
  result is correct!
