! 54, isa, 64, 0, 0, 8, 432, 869, 892, 934
  result is correct!
! 54, isa, 64, 0, 0, 12, 648, 1656, 1679, 1721
  result is correct!
! 54, isa, 64, 0, 0, 16, 864, 2700, 2720, 2844
  result is correct!
! 54, isa, 64, 0, 0, 20, 1080, 3974, 3994, 4181
  result is correct!
! 54, isa, 64, 0, 0, 24, 1296, 5507, 5527, 5757
  result is correct!
! 54, isa, 64, 0, 0, 28, 1512, 7294, 7314, 7624
  result is correct!
! 54, isa, 64, 0, 0, 32, 1728, 9335, 9355, 9748
  result is correct!
! 54, isa, 64, 0, 0, 36, 1944, 11630, 11650, 12307
  result is correct!
! 54, isa, 64, 0, 0, 40, 2160, 14180, 14199, 14802
  result is correct!
! 54, isa, 64, 0, 0, 44, 2376, 16982, 17002, 17884
  result is correct!
! 54, isa, 64, 0, 0, 48, 2592, 20039, 20059, 21066
  result is correct!
! 54, isa, 64, 0, 0, 52, 2808, 23350, 23370, 24580
  result is correct!
! 54, isa, 64, 0, 0, 56, 3024, 26915, 26935, 28233
  result is correct!
! 54, isa, 64, 0, 0, 60, 3240, 30734, 30754, 32290
  result is correct!
! 54, isa, 64, 0, 0, 64, 3456, 34807, 34827, 36440
  result is correct!
! 54, isa, 64, 0, 0, 68, 3672, 39134, 39154, 41038
  result is correct!
! 54, isa, 64, 0, 0, 72, 3888, 43715, 43735, 45848
  result is correct!
