! 58, isa, 64, 0, 0, 8, 464, 869, 892, 935
  result is correct!
! 58, isa, 64, 0, 0, 12, 696, 1656, 1679, 1742
  result is correct!
! 58, isa, 64, 0, 0, 16, 928, 2700, 2720, 2843
  result is correct!
! 58, isa, 64, 0, 0, 20, 1160, 3974, 3994, 4250
  result is correct!
! 58, isa, 64, 0, 0, 24, 1392, 5507, 5527, 5754
  result is correct!
! 58, isa, 64, 0, 0, 28, 1624, 7294, 7314, 7625
  result is correct!
! 58, isa, 64, 0, 0, 32, 1856, 9335, 9355, 9750
  result is correct!
! 58, isa, 64, 0, 0, 36, 2088, 11630, 11650, 12305
  result is correct!
! 58, isa, 64, 0, 0, 40, 2320, 14179, 14199, 14858
  result is correct!
! 58, isa, 64, 0, 0, 44, 2552, 16982, 17002, 17888
  result is correct!
! 58, isa, 64, 0, 0, 48, 2784, 20039, 20059, 21067
  result is correct!
! 58, isa, 64, 0, 0, 52, 3016, 23350, 23370, 24520
  result is correct!
! 58, isa, 64, 0, 0, 56, 3248, 26915, 26935, 28233
  result is correct!
! 58, isa, 64, 0, 0, 60, 3480, 30734, 30754, 32220
  result is correct!
! 58, isa, 64, 0, 0, 64, 3712, 34807, 34827, 36394
  result is correct!
! 58, isa, 64, 0, 0, 68, 3944, 39134, 39154, 41037
  result is correct!
! 58, isa, 64, 0, 0, 72, 4176, 43715, 43735, 46105
  result is correct!
