! 59, isa, 64, 0, 0, 8, 472, 867, 22839, 929
  result is correct!
! 59, isa, 64, 0, 0, 12, 708, 1654, 22723, 1735
  result is correct!
! 59, isa, 64, 0, 0, 16, 944, 2698, 23726, 2837
  result is correct!
! 59, isa, 64, 0, 0, 20, 1180, 3972, 25040, 4174
  result is correct!
! 59, isa, 64, 0, 0, 24, 1416, 5505, 26599, 5769
  result is correct!
! 59, isa, 64, 0, 0, 28, 1652, 7292, 28194, 7618
  result is correct!
! 59, isa, 64, 0, 0, 32, 1888, 9333, 30410, 9742
  result is correct!
! 59, isa, 64, 0, 0, 36, 2124, 11628, 159137, 12365
  result is correct!
! 59, isa, 64, 0, 0, 40, 2360, 14177, 35248, 14814
  result is correct!
! 59, isa, 64, 0, 0, 44, 2596, 16980, 38173, 17719
  result is correct!
! 59, isa, 64, 0, 0, 48, 2832, 20037, 174646, 21076
  result is correct!
! 59, isa, 64, 0, 0, 52, 3068, 23348, 167131, 24623
  result is correct!
! 59, isa, 64, 0, 0, 56, 3304, 26913, 170337, 28276
  result is correct!
! 59, isa, 64, 0, 0, 60, 3540, 30732, 174197, 32290
  result is correct!
! 59, isa, 64, 0, 0, 64, 3776, 34805, 95817, 36357
  result is correct!
! 59, isa, 64, 0, 0, 68, 4012, 39132, 181380, 41033
  result is correct!
! 59, isa, 64, 0, 0, 72, 4248, 43713, 186069, 45798
  result is correct!
