! 56, ise, 64, 0, 0, 8, 448, 999, 22798, 1041
  result is correct!
! 56, ise, 64, 0, 0, 12, 672, 2011, 22492, 2092
  result is correct!
! 56, ise, 64, 0, 0, 16, 896, 3375, 26015, 3521
  result is correct!
! 56, ise, 64, 0, 0, 20, 1120, 5091, 26431, 5317
  result is correct!
! 56, ise, 64, 0, 0, 24, 1344, 7159, 65325, 7511
  result is correct!
! 56, ise, 64, 0, 0, 28, 1568, 9579, 30170, 9986
  result is correct!
! 56, ise, 64, 0, 0, 32, 1792, 12351, 80146, 12939
  result is correct!
! 56, ise, 64, 0, 0, 36, 2016, 15475, 159379, 16262
  result is correct!
! 56, ise, 64, 0, 0, 40, 2240, 18951, 39533, 19762
  result is correct!
! 56, ise, 64, 0, 0, 44, 2464, 22779, 43373, 23752
  result is correct!
! 56, ise, 64, 0, 0, 48, 2688, 26959, 47544, 28113
  result is correct!
! 56, ise, 64, 0, 0, 52, 2912, 31491, 171537, 33016
  result is correct!
! 56, ise, 64, 0, 0, 56, 3136, 36375, 180469, 38105
  result is correct!
! 56, ise, 64, 0, 0, 60, 3360, 41611, 190313, 43503
  result is correct!
! 56, ise, 64, 0, 0, 64, 3584, 47199, 187159, 49405
  result is correct!
! 56, ise, 64, 0, 0, 68, 3808, 53139, 191746, 55577
  result is correct!
! 56, ise, 64, 0, 0, 72, 4032, 59431, 198809, 62184
  result is correct!
