! 51, isa, 64, 0, 0, 8, 408, 1216, 1216, 1276
  result is correct!
! 51, isa, 64, 0, 0, 12, 612, 2476, 2480, 2580
  result is correct!
! 51, isa, 64, 0, 0, 16, 816, 4188, 4192, 4372
  result is correct!
! 51, isa, 64, 0, 0, 20, 1020, 6348, 6352, 6631
  result is correct!
! 51, isa, 64, 0, 0, 24, 1224, 8956, 8960, 9550
  result is correct!
! 51, isa, 64, 0, 0, 28, 1428, 12012, 12016, 12514
  result is correct!
! 51, isa, 64, 0, 0, 32, 1632, 15516, 15520, 16378
  result is correct!
! 51, isa, 64, 0, 0, 36, 1836, 19468, 19472, 20440
  result is correct!
! 51, isa, 64, 0, 0, 40, 2040, 23868, 23872, 25082
  result is correct!
! 51, isa, 64, 0, 0, 44, 2244, 28716, 28720, 30108
  result is correct!
! 51, isa, 64, 0, 0, 48, 2448, 34012, 34016, 35617
  result is correct!
! 51, isa, 64, 0, 0, 52, 2652, 39756, 39760, 41601
  result is correct!
! 51, isa, 64, 0, 0, 56, 2856, 45948, 75699, 48069
  result is correct!
! 51, isa, 64, 0, 0, 60, 3060, 52588, 52592, 54970
  result is correct!
! 51, isa, 64, 0, 0, 64, 3264, 59676, 59680, 62340
  result is correct!
! 51, isa, 64, 0, 0, 68, 3468, 67212, 67216, 70421
  result is correct!
! 51, isa, 64, 0, 0, 72, 3672, 75196, 75200, 78723
  result is correct!
