! 52, isa, 64, 0, 0, 8, 416, 869, 892, 933
  result is correct!
! 52, isa, 64, 0, 0, 12, 624, 1656, 1679, 1762
  result is correct!
! 52, isa, 64, 0, 0, 16, 832, 2700, 2720, 2844
  result is correct!
! 52, isa, 64, 0, 0, 20, 1040, 3974, 3994, 4158
  result is correct!
! 52, isa, 64, 0, 0, 24, 1248, 5507, 5527, 5775
  result is correct!
! 52, isa, 64, 0, 0, 28, 1456, 7294, 7314, 7645
  result is correct!
! 52, isa, 64, 0, 0, 32, 1664, 9335, 9355, 9769
  result is correct!
! 52, isa, 64, 0, 0, 36, 1872, 11631, 11650, 12310
  result is correct!
! 52, isa, 64, 0, 0, 40, 2080, 14179, 14199, 14821
  result is correct!
! 52, isa, 64, 0, 0, 44, 2288, 16982, 17002, 17941
  result is correct!
! 52, isa, 64, 0, 0, 48, 2496, 20039, 20059, 21071
  result is correct!
! 52, isa, 64, 0, 0, 52, 2704, 23350, 23370, 24524
  result is correct!
! 52, isa, 64, 0, 0, 56, 2912, 26915, 26935, 28306
  result is correct!
! 52, isa, 64, 0, 0, 60, 3120, 30734, 30754, 32294
  result is correct!
! 52, isa, 64, 0, 0, 64, 3328, 34807, 34827, 36339
  result is correct!
! 52, isa, 64, 0, 0, 68, 3536, 39134, 39154, 41042
  result is correct!
! 52, isa, 64, 0, 0, 72, 3744, 43715, 43735, 45831
  result is correct!
