! 58, isa, 64, 0, 0, 8, 464, 1216, 1216, 1257
  result is correct!
! 58, isa, 64, 0, 0, 12, 696, 2476, 2480, 2580
  result is correct!
! 58, isa, 64, 0, 0, 16, 928, 4188, 4192, 4372
  result is correct!
! 58, isa, 64, 0, 0, 20, 1160, 6348, 6352, 6608
  result is correct!
! 58, isa, 64, 0, 0, 24, 1392, 8956, 8960, 9490
  result is correct!
! 58, isa, 64, 0, 0, 28, 1624, 12012, 12016, 12516
  result is correct!
! 58, isa, 64, 0, 0, 32, 1856, 15516, 15520, 16378
  result is correct!
! 58, isa, 64, 0, 0, 36, 2088, 19468, 19472, 20428
  result is correct!
! 58, isa, 64, 0, 0, 40, 2320, 23868, 23872, 24872
  result is correct!
! 58, isa, 64, 0, 0, 44, 2552, 28716, 28720, 30061
  result is correct!
! 58, isa, 64, 0, 0, 48, 2784, 34012, 34016, 35645
  result is correct!
! 58, isa, 64, 0, 0, 52, 3016, 39756, 39760, 41602
  result is correct!
! 58, isa, 64, 0, 0, 56, 3248, 45948, 66000, 47921
  result is correct!
! 58, isa, 64, 0, 0, 60, 3480, 52588, 52592, 55060
  result is correct!
! 58, isa, 64, 0, 0, 64, 3712, 59676, 59680, 62359
  result is correct!
! 58, isa, 64, 0, 0, 68, 3944, 67212, 67216, 70397
  result is correct!
! 58, isa, 64, 0, 0, 72, 4176, 75196, 75200, 78653
  result is correct!
