! 53, isa, 64, 0, 0, 8, 424, 867, 22853, 928
  result is correct!
! 53, isa, 64, 0, 0, 12, 636, 1654, 22581, 1735
  result is correct!
! 53, isa, 64, 0, 0, 16, 848, 2698, 23502, 2837
  result is correct!
! 53, isa, 64, 0, 0, 20, 1060, 3972, 81525, 4243
  result is correct!
! 53, isa, 64, 0, 0, 24, 1272, 5505, 158002, 5913
  result is correct!
! 53, isa, 64, 0, 0, 28, 1484, 7292, 28172, 7617
  result is correct!
! 53, isa, 64, 0, 0, 32, 1696, 9333, 31230, 9742
  result is correct!
! 53, isa, 64, 0, 0, 36, 1908, 11628, 156387, 12278
  result is correct!
! 53, isa, 64, 0, 0, 40, 2120, 14177, 77124, 14870
  result is correct!
! 53, isa, 64, 0, 0, 44, 2332, 16980, 38120, 17716
  result is correct!
! 53, isa, 64, 0, 0, 48, 2544, 20037, 163857, 21079
  result is correct!
! 53, isa, 64, 0, 0, 52, 2756, 23348, 165068, 24563
  result is correct!
! 53, isa, 64, 0, 0, 56, 2968, 26913, 170747, 28224
  result is correct!
! 53, isa, 64, 0, 0, 60, 3180, 30732, 176526, 32211
  result is correct!
! 53, isa, 64, 0, 0, 64, 3392, 34805, 96929, 36382
  result is correct!
! 53, isa, 64, 0, 0, 68, 3604, 39132, 180343, 41050
  result is correct!
! 53, isa, 64, 0, 0, 72, 3816, 43713, 186020, 45816
  result is correct!
