! 50, isa, 64, 0, 0, 8, 400, 1212, 1216, 1256
  result is correct!
! 50, isa, 64, 0, 0, 12, 600, 2476, 2480, 2635
  result is correct!
! 50, isa, 64, 0, 0, 16, 800, 4188, 4192, 4372
  result is correct!
! 50, isa, 64, 0, 0, 20, 1000, 6348, 6352, 6612
  result is correct!
! 50, isa, 64, 0, 0, 24, 1200, 8956, 8960, 9487
  result is correct!
! 50, isa, 64, 0, 0, 28, 1400, 12012, 31939, 12535
  result is correct!
! 50, isa, 64, 0, 0, 32, 1600, 15516, 15520, 16318
  result is correct!
! 50, isa, 64, 0, 0, 36, 1800, 19468, 19472, 20425
  result is correct!
! 50, isa, 64, 0, 0, 40, 2000, 23868, 23872, 25001
  result is correct!
! 50, isa, 64, 0, 0, 44, 2200, 28716, 28720, 30144
  result is correct!
! 50, isa, 64, 0, 0, 48, 2400, 34012, 34016, 35664
  result is correct!
! 50, isa, 64, 0, 0, 52, 2600, 39756, 39760, 41727
  result is correct!
! 50, isa, 64, 0, 0, 56, 2800, 45948, 45952, 48010
  result is correct!
! 50, isa, 64, 0, 0, 60, 3000, 52588, 72450, 54977
  result is correct!
! 50, isa, 64, 0, 0, 64, 3200, 59676, 59680, 62410
  result is correct!
! 50, isa, 64, 0, 0, 68, 3400, 67212, 67216, 70351
  result is correct!
! 50, isa, 64, 0, 0, 72, 3600, 75196, 75200, 78646
  result is correct!
