! 57, ise, 64, 0, 0, 8, 456, 507, 24745, 583
  result is correct!
! 57, ise, 64, 0, 0, 12, 684, 863, 22466, 934
  result is correct!
! 57, ise, 64, 0, 0, 16, 912, 1329, 22387, 1420
  result is correct!
! 57, ise, 64, 0, 0, 20, 1140, 1866, 22838, 1978
  result is correct!
! 57, ise, 64, 0, 0, 24, 1368, 2504, 23955, 2657
  result is correct!
! 57, ise, 64, 0, 0, 28, 1596, 3238, 23970, 3410
  result is correct!
! 57, ise, 64, 0, 0, 32, 1824, 4068, 24876, 4282
  result is correct!
! 57, ise, 64, 0, 0, 36, 2052, 4994, 26537, 5251
  result is correct!
! 57, ise, 64, 0, 0, 40, 2280, 6016, 29166, 6317
  result is correct!
! 57, ise, 64, 0, 0, 44, 2508, 7134, 154117, 7614
  result is correct!
! 57, ise, 64, 0, 0, 48, 2736, 8348, 29346, 8728
  result is correct!
! 57, ise, 64, 0, 0, 52, 2964, 9658, 30661, 10099
  result is correct!
! 57, ise, 64, 0, 0, 56, 3192, 11064, 32005, 11567
  result is correct!
! 57, ise, 64, 0, 0, 60, 3420, 12566, 74302, 13206
  result is correct!
! 57, ise, 64, 0, 0, 64, 3648, 14164, 35212, 14812
  result is correct!
! 57, ise, 64, 0, 0, 68, 3876, 15858, 158349, 16723
  result is correct!
! 57, ise, 64, 0, 0, 72, 4104, 17648, 80594, 18495
  result is correct!
