! 60, isa, 64, 0, 0, 8, 480, 1216, 1216, 1256
  result is correct!
! 60, isa, 64, 0, 0, 12, 720, 2480, 2480, 2581
  result is correct!
! 60, isa, 64, 0, 0, 16, 960, 4192, 4192, 4372
  result is correct!
! 60, isa, 64, 0, 0, 20, 1200, 6352, 6352, 6677
  result is correct!
! 60, isa, 64, 0, 0, 24, 1440, 8960, 8960, 9484
  result is correct!
! 60, isa, 64, 0, 0, 28, 1680, 12016, 12016, 12598
  result is correct!
! 60, isa, 64, 0, 0, 32, 1920, 15520, 15520, 16313
  result is correct!
! 60, isa, 64, 0, 0, 36, 2160, 19472, 19472, 20287
  result is correct!
! 60, isa, 64, 0, 0, 40, 2400, 23872, 23872, 24869
  result is correct!
! 60, isa, 64, 0, 0, 44, 2640, 28720, 28720, 30136
  result is correct!
! 60, isa, 64, 0, 0, 48, 2880, 34016, 34016, 35619
  result is correct!
! 60, isa, 64, 0, 0, 52, 3120, 39760, 39793, 41614
  result is correct!
! 60, isa, 64, 0, 0, 56, 3360, 45952, 45952, 47939
  result is correct!
! 60, isa, 64, 0, 0, 60, 3600, 52592, 52592, 55106
  result is correct!
! 60, isa, 64, 0, 0, 64, 3840, 59680, 59680, 62353
  result is correct!
! 60, isa, 64, 0, 0, 68, 4080, 67216, 67216, 70380
  result is correct!
! 60, isa, 64, 0, 0, 72, 4320, 75200, 75200, 78690
  result is correct!
