! 58, ise, 64, 0, 0, 8, 464, 1006, 22199, 1047
  result is correct!
! 58, ise, 64, 0, 0, 12, 696, 2018, 22827, 2099
  result is correct!
! 58, ise, 64, 0, 0, 16, 928, 3382, 24954, 3526
  result is correct!
! 58, ise, 64, 0, 0, 20, 1160, 5098, 25705, 5323
  result is correct!
! 58, ise, 64, 0, 0, 24, 1392, 7166, 66573, 7521
  result is correct!
! 58, ise, 64, 0, 0, 28, 1624, 9586, 30186, 9994
  result is correct!
! 58, ise, 64, 0, 0, 32, 1856, 12358, 154893, 13023
  result is correct!
! 58, ise, 64, 0, 0, 36, 2088, 15482, 78171, 16189
  result is correct!
! 58, ise, 64, 0, 0, 40, 2320, 18958, 39634, 19772
  result is correct!
! 58, ise, 64, 0, 0, 44, 2552, 22786, 164382, 23876
  result is correct!
! 58, ise, 64, 0, 0, 48, 2784, 26966, 169069, 28243
  result is correct!
! 58, ise, 64, 0, 0, 52, 3016, 31498, 89894, 32891
  result is correct!
! 58, ise, 64, 0, 0, 56, 3248, 36382, 174879, 38069
  result is correct!
! 58, ise, 64, 0, 0, 60, 3480, 41618, 100363, 43419
  result is correct!
! 58, ise, 64, 0, 0, 64, 3712, 47206, 186353, 49481
  result is correct!
