! 59, isa, 64, 0, 0, 8, 472, 1216, 1216, 1256
  result is correct!
! 59, isa, 64, 0, 0, 12, 708, 2480, 2480, 2580
  result is correct!
! 59, isa, 64, 0, 0, 16, 944, 4192, 4192, 4371
  result is correct!
! 59, isa, 64, 0, 0, 20, 1180, 6348, 6352, 6611
  result is correct!
! 59, isa, 64, 0, 0, 24, 1416, 8956, 8960, 9483
  result is correct!
! 59, isa, 64, 0, 0, 28, 1652, 12012, 12016, 12514
  result is correct!
! 59, isa, 64, 0, 0, 32, 1888, 15516, 15520, 16316
  result is correct!
! 59, isa, 64, 0, 0, 36, 2124, 19468, 19472, 20465
  result is correct!
! 59, isa, 64, 0, 0, 40, 2360, 23868, 23872, 24925
  result is correct!
! 59, isa, 64, 0, 0, 44, 2596, 28716, 28720, 30122
  result is correct!
! 59, isa, 64, 0, 0, 48, 2832, 34012, 34016, 35567
  result is correct!
! 59, isa, 64, 0, 0, 52, 3068, 39756, 59929, 41617
  result is correct!
! 59, isa, 64, 0, 0, 56, 3304, 45948, 45952, 47923
  result is correct!
! 59, isa, 64, 0, 0, 60, 3540, 52588, 52592, 54985
  result is correct!
! 59, isa, 64, 0, 0, 64, 3776, 59676, 59680, 62456
  result is correct!
! 59, isa, 64, 0, 0, 68, 4012, 67212, 87106, 70349
  result is correct!
! 59, isa, 64, 0, 0, 72, 4248, 75196, 75200, 78696
  result is correct!
