! 60, isa, 64, 0, 0, 8, 480, 869, 892, 935
  result is correct!
! 60, isa, 64, 0, 0, 12, 720, 1656, 1679, 1741
  result is correct!
! 60, isa, 64, 0, 0, 16, 960, 2700, 2720, 2823
  result is correct!
! 60, isa, 64, 0, 0, 20, 1200, 3974, 3994, 4180
  result is correct!
! 60, isa, 64, 0, 0, 24, 1440, 5508, 5527, 5776
  result is correct!
! 60, isa, 64, 0, 0, 28, 1680, 7294, 7314, 7693
  result is correct!
! 60, isa, 64, 0, 0, 32, 1920, 9335, 9355, 9747
  result is correct!
! 60, isa, 64, 0, 0, 36, 2160, 11630, 11650, 12325
  result is correct!
! 60, isa, 64, 0, 0, 40, 2400, 14179, 14199, 14818
  result is correct!
! 60, isa, 64, 0, 0, 44, 2640, 16982, 37637, 17898
  result is correct!
! 60, isa, 64, 0, 0, 48, 2880, 20039, 20059, 21123
  result is correct!
! 60, isa, 64, 0, 0, 52, 3120, 23350, 23370, 24578
  result is correct!
! 60, isa, 64, 0, 0, 56, 3360, 26915, 26935, 28288
  result is correct!
! 60, isa, 64, 0, 0, 60, 3600, 30734, 30754, 32275
  result is correct!
! 60, isa, 64, 0, 0, 64, 3840, 34807, 34827, 36392
  result is correct!
! 60, isa, 64, 0, 0, 68, 4080, 39134, 39154, 41094
  result is correct!
! 60, isa, 64, 0, 0, 72, 4320, 43715, 43735, 45811
  result is correct!
