! 50, isa, 64, 0, 0, 8, 400, 866, 22317, 930
  result is correct!
! 50, isa, 64, 0, 0, 12, 600, 1654, 23048, 1756
  result is correct!
! 50, isa, 64, 0, 0, 16, 800, 2693, 79754, 2883
  result is correct!
! 50, isa, 64, 0, 0, 20, 1000, 3972, 24760, 4152
  result is correct!
! 50, isa, 64, 0, 0, 24, 1200, 5505, 158318, 5917
  result is correct!
! 50, isa, 64, 0, 0, 28, 1400, 7292, 28436, 7619
  result is correct!
! 50, isa, 64, 0, 0, 32, 1600, 9333, 82273, 9828
  result is correct!
! 50, isa, 64, 0, 0, 36, 1800, 11628, 159977, 12304
  result is correct!
! 50, isa, 64, 0, 0, 40, 2000, 14177, 77585, 14848
  result is correct!
! 50, isa, 64, 0, 0, 44, 2200, 16980, 38690, 17737
  result is correct!
! 50, isa, 64, 0, 0, 48, 2400, 20037, 163222, 21057
  result is correct!
! 50, isa, 64, 0, 0, 52, 2600, 23348, 167046, 24515
  result is correct!
! 50, isa, 64, 0, 0, 56, 2800, 26913, 169996, 28202
  result is correct!
! 50, isa, 64, 0, 0, 60, 3000, 30732, 178189, 32366
  result is correct!
! 50, isa, 64, 0, 0, 64, 3200, 34805, 95791, 36378
  result is correct!
! 50, isa, 64, 0, 0, 68, 3400, 39132, 180147, 41028
  result is correct!
! 50, isa, 64, 0, 0, 72, 3600, 43713, 186426, 45863
  result is correct!
