! 57, ise, 64, 0, 0, 8, 456, 1005, 21993, 1046
  result is correct!
! 57, ise, 64, 0, 0, 12, 684, 2017, 22945, 2099
  result is correct!
! 57, ise, 64, 0, 0, 16, 912, 3381, 158174, 3673
  result is correct!
! 57, ise, 64, 0, 0, 20, 1140, 5097, 25794, 5301
  result is correct!
! 57, ise, 64, 0, 0, 24, 1368, 7165, 79986, 7555
  result is correct!
! 57, ise, 64, 0, 0, 28, 1596, 9585, 30194, 9993
  result is correct!
! 57, ise, 64, 0, 0, 32, 1824, 12357, 33801, 12887
  result is correct!
! 57, ise, 64, 0, 0, 36, 2052, 15481, 158192, 16290
  result is correct!
! 57, ise, 64, 0, 0, 40, 2280, 18957, 39547, 19751
  result is correct!
! 57, ise, 64, 0, 0, 44, 2508, 22785, 82079, 23810
  result is correct!
! 57, ise, 64, 0, 0, 48, 2736, 26965, 89861, 28210
  result is correct!
! 57, ise, 64, 0, 0, 52, 2964, 31497, 171449, 32978
  result is correct!
! 57, ise, 64, 0, 0, 56, 3192, 36381, 177260, 38117
  result is correct!
! 57, ise, 64, 0, 0, 60, 3420, 41617, 180208, 43571
  result is correct!
! 57, ise, 64, 0, 0, 64, 3648, 47205, 187115, 49384
  result is correct!
! 57, ise, 64, 0, 0, 68, 3876, 53145, 202321, 55554
  result is correct!
! 57, ise, 64, 0, 0, 72, 4104, 59437, 199617, 62148
  result is correct!
