! 56, ise, 64, 0, 0, 8, 448, 501, 537, 562
  result is correct!
! 56, ise, 64, 0, 0, 12, 672, 867, 903, 945
  result is correct!
! 56, ise, 64, 0, 0, 16, 896, 1332, 1363, 1427
  result is correct!
! 56, ise, 64, 0, 0, 20, 1120, 1869, 1900, 1984
  result is correct!
! 56, ise, 64, 0, 0, 24, 1344, 2507, 2538, 2795
  result is correct!
! 56, ise, 64, 0, 0, 28, 1568, 3241, 3272, 3417
  result is correct!
! 56, ise, 64, 0, 0, 32, 1792, 4071, 4102, 4288
  result is correct!
! 56, ise, 64, 0, 0, 36, 2016, 4997, 5028, 5234
  result is correct!
! 56, ise, 64, 0, 0, 40, 2240, 6019, 6050, 6319
  result is correct!
! 56, ise, 64, 0, 0, 44, 2464, 7137, 7168, 7614
  result is correct!
! 56, ise, 64, 0, 0, 48, 2688, 8351, 8382, 8734
  result is correct!
! 56, ise, 64, 0, 0, 52, 2912, 9661, 9692, 10161
  result is correct!
! 56, ise, 64, 0, 0, 56, 3136, 11067, 11098, 11587
  result is correct!
! 56, ise, 64, 0, 0, 60, 3360, 12569, 12600, 13194
  result is correct!
! 56, ise, 64, 0, 0, 64, 3584, 14167, 14198, 14818
  result is correct!
! 56, ise, 64, 0, 0, 68, 3808, 15861, 15924, 16597
  result is correct!
! 56, ise, 64, 0, 0, 72, 4032, 17651, 17682, 18496
  result is correct!
