for i in *.log ; do echo "-----------------Showing $i-----------------" ; cat 
$i ; done
-----------------Showing intmul-rv64_isa_50_hybrid.log-----------------
! 50, isa, 64, 0, 0, 8, 400, 866, 22317, 930
  result is correct!
! 50, isa, 64, 0, 0, 12, 600, 1654, 23048, 1756
  result is correct!
! 50, isa, 64, 0, 0, 16, 800, 2693, 79754, 2883
  result is correct!
! 50, isa, 64, 0, 0, 20, 1000, 3972, 24760, 4152
  result is correct!
! 50, isa, 64, 0, 0, 24, 1200, 5505, 158318, 5917
  result is correct!
! 50, isa, 64, 0, 0, 28, 1400, 7292, 28436, 7619
  result is correct!
! 50, isa, 64, 0, 0, 32, 1600, 9333, 82273, 9828
  result is correct!
! 50, isa, 64, 0, 0, 36, 1800, 11628, 159977, 12304
  result is correct!
! 50, isa, 64, 0, 0, 40, 2000, 14177, 77585, 14848
  result is correct!
! 50, isa, 64, 0, 0, 44, 2200, 16980, 38690, 17737
  result is correct!
! 50, isa, 64, 0, 0, 48, 2400, 20037, 163222, 21057
  result is correct!
! 50, isa, 64, 0, 0, 52, 2600, 23348, 167046, 24515
  result is correct!
! 50, isa, 64, 0, 0, 56, 2800, 26913, 169996, 28202
  result is correct!
! 50, isa, 64, 0, 0, 60, 3000, 30732, 178189, 32366
  result is correct!
! 50, isa, 64, 0, 0, 64, 3200, 34805, 95791, 36378
  result is correct!
! 50, isa, 64, 0, 0, 68, 3400, 39132, 180147, 41028
  result is correct!
! 50, isa, 64, 0, 0, 72, 3600, 43713, 186426, 45863
  result is correct!
-----------------Showing intmul-rv64_isa_50_simple.log-----------------
! 50, isa, 64, 0, 0, 8, 400, 1211, 21563, 1271
  result is correct!
! 50, isa, 64, 0, 0, 12, 600, 2476, 22585, 2576
  result is correct!
! 50, isa, 64, 0, 0, 16, 800, 4188, 24343, 4368
  result is correct!
! 50, isa, 64, 0, 0, 20, 1000, 6348, 71599, 6664
  result is correct!
! 50, isa, 64, 0, 0, 24, 1200, 8956, 78827, 9396
  result is correct!
! 50, isa, 64, 0, 0, 28, 1400, 12012, 32251, 12510
  result is correct!
! 50, isa, 64, 0, 0, 32, 1600, 15516, 81715, 16226
  result is correct!
! 50, isa, 64, 0, 0, 36, 1800, 19468, 162989, 20477
  result is correct!
! 50, isa, 64, 0, 0, 40, 2000, 23868, 176873, 25015
  result is correct!
! 50, isa, 64, 0, 0, 44, 2200, 28716, 179533, 30140
  result is correct!
! 50, isa, 64, 0, 0, 48, 2400, 34012, 174859, 35544
  result is correct!
! 50, isa, 64, 0, 0, 52, 2600, 39756, 177871, 41618
  result is correct!
! 50, isa, 64, 0, 0, 56, 2800, 45948, 184970, 48073
  result is correct!
! 50, isa, 64, 0, 0, 60, 3000, 52588, 190921, 54967
  result is correct!
! 50, isa, 64, 0, 0, 64, 3200, 59676, 198743, 62396
  result is correct!
! 50, isa, 64, 0, 0, 68, 3400, 67212, 206373, 70323
  result is correct!
! 50, isa, 64, 0, 0, 72, 3600, 75196, 214106, 78670
  result is correct!
-----------------Showing intmul-rv64_isa_51_hybrid.log-----------------
! 51, isa, 64, 0, 0, 8, 408, 866, 22527, 929
  result is correct!
! 51, isa, 64, 0, 0, 12, 612, 1654, 22524, 1756
  result is correct!
! 51, isa, 64, 0, 0, 16, 816, 2698, 23966, 2839
  result is correct!
! 51, isa, 64, 0, 0, 20, 1020, 3972, 24938, 4153
  result is correct!
! 51, isa, 64, 0, 0, 24, 1224, 5505, 163496, 5896
  result is correct!
! 51, isa, 64, 0, 0, 28, 1428, 7292, 83146, 7676
  result is correct!
! 51, isa, 64, 0, 0, 32, 1632, 9333, 30333, 9742
  result is correct!
! 51, isa, 64, 0, 0, 36, 1836, 11628, 158683, 12302
  result is correct!
! 51, isa, 64, 0, 0, 40, 2040, 14177, 35237, 14792
  result is correct!
! 51, isa, 64, 0, 0, 44, 2244, 16980, 78364, 17792
  result is correct!
! 51, isa, 64, 0, 0, 48, 2448, 20037, 168390, 21109
  result is correct!
! 51, isa, 64, 0, 0, 52, 2652, 23348, 169216, 24570
  result is correct!
! 51, isa, 64, 0, 0, 56, 2856, 26913, 170579, 28272
  result is correct!
! 51, isa, 64, 0, 0, 60, 3060, 30732, 177182, 32284
  result is correct!
! 51, isa, 64, 0, 0, 64, 3264, 34805, 56009, 36325
  result is correct!
! 51, isa, 64, 0, 0, 68, 3468, 39132, 189604, 41091
  result is correct!
! 51, isa, 64, 0, 0, 72, 3672, 43713, 187465, 45819
  result is correct!
-----------------Showing intmul-rv64_isa_51_simple.log-----------------
! 51, isa, 64, 0, 0, 8, 408, 1211, 21453, 1271
  result is correct!
! 51, isa, 64, 0, 0, 12, 612, 2476, 22496, 2576
  result is correct!
! 51, isa, 64, 0, 0, 16, 816, 4188, 24369, 4348
  result is correct!
! 51, isa, 64, 0, 0, 20, 1020, 6348, 81639, 6696
  result is correct!
! 51, isa, 64, 0, 0, 24, 1224, 8956, 29277, 9314
  result is correct!
! 51, isa, 64, 0, 0, 28, 1428, 12012, 32597, 12513
  result is correct!
! 51, isa, 64, 0, 0, 32, 1632, 15516, 35862, 16153
  result is correct!
! 51, isa, 64, 0, 0, 36, 1836, 19468, 160143, 20468
  result is correct!
! 51, isa, 64, 0, 0, 40, 2040, 23868, 163932, 25053
  result is correct!
! 51, isa, 64, 0, 0, 44, 2244, 28716, 170379, 30060
  result is correct!
! 51, isa, 64, 0, 0, 48, 2448, 34012, 174361, 35635
  result is correct!
! 51, isa, 64, 0, 0, 52, 2652, 39756, 178946, 41598
  result is correct!
! 51, isa, 64, 0, 0, 56, 2856, 45948, 184083, 48044
  result is correct!
! 51, isa, 64, 0, 0, 60, 3060, 52588, 190346, 54969
  result is correct!
! 51, isa, 64, 0, 0, 64, 3264, 59676, 198723, 62353
  result is correct!
! 51, isa, 64, 0, 0, 68, 3468, 67212, 205984, 70396
  result is correct!
! 51, isa, 64, 0, 0, 72, 3672, 75196, 213957, 78694
  result is correct!
-----------------Showing intmul-rv64_isa_52_hybrid.log-----------------
! 52, isa, 64, 0, 0, 8, 416, 867, 22745, 929
  result is correct!
! 52, isa, 64, 0, 0, 12, 624, 1654, 22575, 1735
  result is correct!
! 52, isa, 64, 0, 0, 16, 832, 2698, 93219, 2916
  result is correct!
! 52, isa, 64, 0, 0, 20, 1040, 3972, 24953, 4174
  result is correct!
! 52, isa, 64, 0, 0, 24, 1248, 5505, 160139, 5917
  result is correct!
! 52, isa, 64, 0, 0, 28, 1456, 7292, 28124, 7616
  result is correct!
! 52, isa, 64, 0, 0, 32, 1664, 9333, 30374, 9741
  result is correct!
! 52, isa, 64, 0, 0, 36, 1872, 11628, 175778, 12300
  result is correct!
! 52, isa, 64, 0, 0, 40, 2080, 14177, 35146, 14814
  result is correct!
! 52, isa, 64, 0, 0, 44, 2288, 16980, 77307, 17790
  result is correct!
! 52, isa, 64, 0, 0, 48, 2496, 20037, 165576, 21116
  result is correct!
! 52, isa, 64, 0, 0, 52, 2704, 23348, 167800, 24570
  result is correct!
! 52, isa, 64, 0, 0, 56, 2912, 26913, 170228, 28279
  result is correct!
! 52, isa, 64, 0, 0, 60, 3120, 30732, 174333, 32257
  result is correct!
! 52, isa, 64, 0, 0, 64, 3328, 34805, 96140, 36361
  result is correct!
! 52, isa, 64, 0, 0, 68, 3536, 39132, 181916, 40980
  result is correct!
! 52, isa, 64, 0, 0, 72, 3744, 43713, 187506, 45812
  result is correct!
-----------------Showing intmul-rv64_isa_52_simple.log-----------------
! 52, isa, 64, 0, 0, 8, 416, 1211, 21505, 1251
  result is correct!
! 52, isa, 64, 0, 0, 12, 624, 2476, 22696, 2576
  result is correct!
! 52, isa, 64, 0, 0, 16, 832, 4188, 79948, 4434
  result is correct!
! 52, isa, 64, 0, 0, 20, 1040, 6348, 26506, 6628
  result is correct!
! 52, isa, 64, 0, 0, 24, 1248, 8956, 28936, 9311
  result is correct!
! 52, isa, 64, 0, 0, 28, 1456, 12012, 81215, 12572
  result is correct!
! 52, isa, 64, 0, 0, 32, 1664, 15516, 35719, 16154
  result is correct!
! 52, isa, 64, 0, 0, 36, 1872, 19468, 160325, 20423
  result is correct!
! 52, isa, 64, 0, 0, 40, 2080, 23868, 163402, 24997
  result is correct!
! 52, isa, 64, 0, 0, 44, 2288, 28716, 169639, 30049
  result is correct!
! 52, isa, 64, 0, 0, 48, 2496, 34012, 174392, 35632
  result is correct!
! 52, isa, 64, 0, 0, 52, 2704, 39756, 178117, 41540
  result is correct!
! 52, isa, 64, 0, 0, 56, 2912, 45948, 184470, 48092
  result is correct!
! 52, isa, 64, 0, 0, 60, 3120, 52588, 190398, 54980
  result is correct!
! 52, isa, 64, 0, 0, 64, 3328, 59676, 198333, 62356
  result is correct!
! 52, isa, 64, 0, 0, 68, 3536, 67212, 215598, 70362
  result is correct!
! 52, isa, 64, 0, 0, 72, 3744, 75196, 213080, 78739
  result is correct!
-----------------Showing intmul-rv64_isa_53_hybrid.log-----------------
! 53, isa, 64, 0, 0, 8, 424, 867, 22853, 928
  result is correct!
! 53, isa, 64, 0, 0, 12, 636, 1654, 22581, 1735
  result is correct!
! 53, isa, 64, 0, 0, 16, 848, 2698, 23502, 2837
  result is correct!
! 53, isa, 64, 0, 0, 20, 1060, 3972, 81525, 4243
  result is correct!
! 53, isa, 64, 0, 0, 24, 1272, 5505, 158002, 5913
  result is correct!
! 53, isa, 64, 0, 0, 28, 1484, 7292, 28172, 7617
  result is correct!
! 53, isa, 64, 0, 0, 32, 1696, 9333, 31230, 9742
  result is correct!
! 53, isa, 64, 0, 0, 36, 1908, 11628, 156387, 12278
  result is correct!
! 53, isa, 64, 0, 0, 40, 2120, 14177, 77124, 14870
  result is correct!
! 53, isa, 64, 0, 0, 44, 2332, 16980, 38120, 17716
  result is correct!
! 53, isa, 64, 0, 0, 48, 2544, 20037, 163857, 21079
  result is correct!
! 53, isa, 64, 0, 0, 52, 2756, 23348, 165068, 24563
  result is correct!
! 53, isa, 64, 0, 0, 56, 2968, 26913, 170747, 28224
  result is correct!
! 53, isa, 64, 0, 0, 60, 3180, 30732, 176526, 32211
  result is correct!
! 53, isa, 64, 0, 0, 64, 3392, 34805, 96929, 36382
  result is correct!
! 53, isa, 64, 0, 0, 68, 3604, 39132, 180343, 41050
  result is correct!
! 53, isa, 64, 0, 0, 72, 3816, 43713, 186020, 45816
  result is correct!
-----------------Showing intmul-rv64_isa_53_simple.log-----------------
! 53, isa, 64, 0, 0, 8, 424, 1211, 23273, 1274
  result is correct!
! 53, isa, 64, 0, 0, 12, 636, 2475, 22753, 2575
  result is correct!
! 53, isa, 64, 0, 0, 16, 848, 4188, 24200, 4327
  result is correct!
! 53, isa, 64, 0, 0, 20, 1060, 6348, 26497, 6607
  result is correct!
! 53, isa, 64, 0, 0, 24, 1272, 8956, 29983, 9337
  result is correct!
! 53, isa, 64, 0, 0, 28, 1484, 12012, 32212, 12511
  result is correct!
! 53, isa, 64, 0, 0, 32, 1696, 15516, 81575, 16234
  result is correct!
! 53, isa, 64, 0, 0, 36, 1908, 19468, 162873, 20427
  result is correct!
! 53, isa, 64, 0, 0, 40, 2120, 23868, 164656, 25003
  result is correct!
! 53, isa, 64, 0, 0, 44, 2332, 28716, 169477, 30095
  result is correct!
! 53, isa, 64, 0, 0, 48, 2544, 34012, 177610, 35617
  result is correct!
! 53, isa, 64, 0, 0, 52, 2756, 39756, 186092, 41667
  result is correct!
! 53, isa, 64, 0, 0, 56, 2968, 45948, 185192, 48053
  result is correct!
! 53, isa, 64, 0, 0, 60, 3180, 52588, 191511, 54951
  result is correct!
! 53, isa, 64, 0, 0, 64, 3392, 59676, 198791, 62432
  result is correct!
! 53, isa, 64, 0, 0, 68, 3604, 67212, 205045, 70388
  result is correct!
! 53, isa, 64, 0, 0, 72, 3816, 75196, 213639, 78664
  result is correct!
-----------------Showing intmul-rv64_isa_54_hybrid.log-----------------
! 54, isa, 64, 0, 0, 8, 432, 867, 23779, 930
  result is correct!
! 54, isa, 64, 0, 0, 12, 648, 1654, 23073, 1757
  result is correct!
! 54, isa, 64, 0, 0, 16, 864, 2698, 24038, 2818
  result is correct!
! 54, isa, 64, 0, 0, 20, 1080, 3972, 24867, 4153
  result is correct!
! 54, isa, 64, 0, 0, 24, 1296, 5505, 158436, 5912
  result is correct!
! 54, isa, 64, 0, 0, 28, 1512, 7292, 28266, 7619
  result is correct!
! 54, isa, 64, 0, 0, 32, 1728, 9333, 30676, 9763
  result is correct!
! 54, isa, 64, 0, 0, 36, 1944, 11628, 158618, 12272
  result is correct!
! 54, isa, 64, 0, 0, 40, 2160, 14177, 74602, 14843
  result is correct!
! 54, isa, 64, 0, 0, 44, 2376, 16980, 78972, 17791
  result is correct!
! 54, isa, 64, 0, 0, 48, 2592, 20037, 166447, 21064
  result is correct!
! 54, isa, 64, 0, 0, 52, 2808, 23348, 166127, 24512
  result is correct!
! 54, isa, 64, 0, 0, 56, 3024, 26913, 170079, 28228
  result is correct!
! 54, isa, 64, 0, 0, 60, 3240, 30732, 173678, 32357
  result is correct!
! 54, isa, 64, 0, 0, 64, 3456, 34805, 95898, 36377
  result is correct!
! 54, isa, 64, 0, 0, 68, 3672, 39132, 181186, 41028
  result is correct!
! 54, isa, 64, 0, 0, 72, 3888, 43713, 186797, 45818
  result is correct!
-----------------Showing intmul-rv64_isa_54_simple.log-----------------
! 54, isa, 64, 0, 0, 8, 432, 1211, 21541, 1271
  result is correct!
! 54, isa, 64, 0, 0, 12, 648, 2476, 22584, 2576
  result is correct!
! 54, isa, 64, 0, 0, 16, 864, 4188, 24311, 4368
  result is correct!
! 54, isa, 64, 0, 0, 20, 1080, 6348, 26559, 6627
  result is correct!
! 54, isa, 64, 0, 0, 24, 1296, 8956, 29152, 9315
  result is correct!
! 54, isa, 64, 0, 0, 28, 1512, 12012, 32301, 12511
  result is correct!
! 54, isa, 64, 0, 0, 32, 1728, 15516, 35759, 16154
  result is correct!
! 54, isa, 64, 0, 0, 36, 1944, 19468, 160498, 20477
  result is correct!
! 54, isa, 64, 0, 0, 40, 2160, 23868, 164207, 25036
  result is correct!
! 54, isa, 64, 0, 0, 44, 2376, 28716, 170132, 30152
  result is correct!
! 54, isa, 64, 0, 0, 48, 2592, 34012, 174186, 35584
  result is correct!
! 54, isa, 64, 0, 0, 52, 2808, 39756, 179927, 41598
  result is correct!
! 54, isa, 64, 0, 0, 56, 3024, 45948, 184634, 48047
  result is correct!
! 54, isa, 64, 0, 0, 60, 3240, 52588, 193466, 55050
  result is correct!
! 54, isa, 64, 0, 0, 64, 3456, 59676, 198233, 62450
  result is correct!
! 54, isa, 64, 0, 0, 68, 3672, 67212, 207321, 70350
  result is correct!
! 54, isa, 64, 0, 0, 72, 3888, 75196, 213120, 78763
  result is correct!
-----------------Showing intmul-rv64_isa_55_hybrid.log-----------------
! 55, isa, 64, 0, 0, 8, 440, 866, 22672, 929
  result is correct!
! 55, isa, 64, 0, 0, 12, 660, 1654, 22556, 1735
  result is correct!
! 55, isa, 64, 0, 0, 16, 880, 2698, 24075, 2839
  result is correct!
! 55, isa, 64, 0, 0, 20, 1100, 3972, 24875, 4153
  result is correct!
! 55, isa, 64, 0, 0, 24, 1320, 5505, 160414, 5883
  result is correct!
! 55, isa, 64, 0, 0, 28, 1540, 7292, 82219, 7685
  result is correct!
! 55, isa, 64, 0, 0, 32, 1760, 9333, 30216, 9741
  result is correct!
! 55, isa, 64, 0, 0, 36, 1980, 11628, 159300, 12335
  result is correct!
! 55, isa, 64, 0, 0, 40, 2200, 14177, 35252, 14812
  result is correct!
! 55, isa, 64, 0, 0, 44, 2420, 16980, 78119, 17792
  result is correct!
! 55, isa, 64, 0, 0, 48, 2640, 20037, 165663, 21115
  result is correct!
! 55, isa, 64, 0, 0, 52, 2860, 23348, 170069, 24571
  result is correct!
! 55, isa, 64, 0, 0, 56, 3080, 26913, 181868, 28242
  result is correct!
! 55, isa, 64, 0, 0, 60, 3300, 30732, 186036, 32244
  result is correct!
! 55, isa, 64, 0, 0, 64, 3520, 34805, 56457, 36330
  result is correct!
! 55, isa, 64, 0, 0, 68, 3740, 39132, 181126, 41029
  result is correct!
! 55, isa, 64, 0, 0, 72, 3960, 43713, 184646, 45817
  result is correct!
-----------------Showing intmul-rv64_isa_55_simple.log-----------------
! 55, isa, 64, 0, 0, 8, 440, 1212, 22664, 1274
  result is correct!
! 55, isa, 64, 0, 0, 12, 660, 2476, 22574, 2596
  result is correct!
! 55, isa, 64, 0, 0, 16, 880, 4188, 24512, 4348
  result is correct!
! 55, isa, 64, 0, 0, 20, 1100, 6348, 82309, 6676
  result is correct!
! 55, isa, 64, 0, 0, 24, 1320, 8956, 29091, 9335
  result is correct!
! 55, isa, 64, 0, 0, 28, 1540, 12012, 80412, 12572
  result is correct!
! 55, isa, 64, 0, 0, 32, 1760, 15516, 35737, 16174
  result is correct!
! 55, isa, 64, 0, 0, 36, 1980, 19468, 159091, 20418
  result is correct!
! 55, isa, 64, 0, 0, 40, 2200, 23868, 164547, 25030
  result is correct!
! 55, isa, 64, 0, 0, 44, 2420, 28716, 170045, 30050
  result is correct!
! 55, isa, 64, 0, 0, 48, 2640, 34012, 173783, 35613
  result is correct!
! 55, isa, 64, 0, 0, 52, 2860, 39756, 178624, 41675
  result is correct!
! 55, isa, 64, 0, 0, 56, 3080, 45948, 185526, 48065
  result is correct!
! 55, isa, 64, 0, 0, 60, 3300, 52588, 190299, 54976
  result is correct!
! 55, isa, 64, 0, 0, 64, 3520, 59676, 198073, 62356
  result is correct!
! 55, isa, 64, 0, 0, 68, 3740, 67212, 206094, 70396
  result is correct!
! 55, isa, 64, 0, 0, 72, 3960, 75196, 222838, 78643
  result is correct!
-----------------Showing intmul-rv64_isa_56_hybrid.log-----------------
! 56, isa, 64, 0, 0, 8, 448, 866, 22733, 925
  result is correct!
! 56, isa, 64, 0, 0, 12, 672, 1654, 22906, 1757
  result is correct!
! 56, isa, 64, 0, 0, 16, 896, 2688, 23566, 2803
  result is correct!
! 56, isa, 64, 0, 0, 20, 1120, 3972, 24947, 4144
  result is correct!
! 56, isa, 64, 0, 0, 24, 1344, 5500, 83324, 5790
  result is correct!
! 56, isa, 64, 0, 0, 28, 1568, 7287, 28185, 7608
  result is correct!
! 56, isa, 64, 0, 0, 32, 1792, 9328, 30429, 9754
  result is correct!
! 56, isa, 64, 0, 0, 36, 2016, 11623, 155570, 12355
  result is correct!
! 56, isa, 64, 0, 0, 40, 2240, 14172, 35112, 14783
  result is correct!
! 56, isa, 64, 0, 0, 44, 2464, 16975, 37925, 17731
  result is correct!
! 56, isa, 64, 0, 0, 48, 2688, 20032, 163228, 21106
  result is correct!
! 56, isa, 64, 0, 0, 52, 2912, 23343, 165852, 24563
  result is correct!
! 56, isa, 64, 0, 0, 56, 3136, 26908, 170620, 28273
  result is correct!
! 56, isa, 64, 0, 0, 60, 3360, 30727, 173749, 32204
  result is correct!
! 56, isa, 64, 0, 0, 64, 3584, 34800, 95675, 36356
  result is correct!
! 56, isa, 64, 0, 0, 68, 3808, 39127, 182111, 40978
  result is correct!
! 56, isa, 64, 0, 0, 72, 4032, 43708, 186238, 45840
  result is correct!
-----------------Showing intmul-rv64_isa_56_simple.log-----------------
! 56, isa, 64, 0, 0, 8, 448, 1211, 22119, 1252
  result is correct!
! 56, isa, 64, 0, 0, 12, 672, 2475, 22634, 2575
  result is correct!
! 56, isa, 64, 0, 0, 16, 896, 4184, 24601, 4368
  result is correct!
! 56, isa, 64, 0, 0, 20, 1120, 6344, 66450, 6657
  result is correct!
! 56, isa, 64, 0, 0, 24, 1344, 8952, 29209, 9337
  result is correct!
! 56, isa, 64, 0, 0, 28, 1568, 12008, 34565, 12535
  result is correct!
! 56, isa, 64, 0, 0, 32, 1792, 15512, 36167, 16176
  result is correct!
! 56, isa, 64, 0, 0, 36, 2016, 19464, 159256, 20399
  result is correct!
! 56, isa, 64, 0, 0, 40, 2240, 23864, 164979, 25002
  result is correct!
! 56, isa, 64, 0, 0, 44, 2464, 28712, 172586, 30190
  result is correct!
! 56, isa, 64, 0, 0, 48, 2688, 34008, 174385, 35619
  result is correct!
! 56, isa, 64, 0, 0, 52, 2912, 39752, 179098, 41597
  result is correct!
! 56, isa, 64, 0, 0, 56, 3136, 45944, 185118, 48110
  result is correct!
! 56, isa, 64, 0, 0, 60, 3360, 52584, 199829, 54929
  result is correct!
! 56, isa, 64, 0, 0, 64, 3584, 59672, 197355, 62334
  result is correct!
! 56, isa, 64, 0, 0, 68, 3808, 67208, 206447, 70344
  result is correct!
! 56, isa, 64, 0, 0, 72, 4032, 75192, 214504, 78672
  result is correct!
-----------------Showing intmul-rv64_isa_57_hybrid.log-----------------
! 57, isa, 64, 0, 0, 8, 456, 866, 22922, 930
  result is correct!
! 57, isa, 64, 0, 0, 12, 684, 1659, 22717, 1735
  result is correct!
! 57, isa, 64, 0, 0, 16, 912, 2698, 24643, 2840
  result is correct!
! 57, isa, 64, 0, 0, 20, 1140, 3972, 81713, 4243
  result is correct!
! 57, isa, 64, 0, 0, 24, 1368, 5505, 26451, 5748
  result is correct!
! 57, isa, 64, 0, 0, 28, 1596, 7292, 28156, 7617
  result is correct!
! 57, isa, 64, 0, 0, 32, 1824, 9333, 81364, 9806
  result is correct!
! 57, isa, 64, 0, 0, 36, 2052, 11628, 160231, 12305
  result is correct!
! 57, isa, 64, 0, 0, 40, 2280, 14177, 76301, 14867
  result is correct!
! 57, isa, 64, 0, 0, 44, 2508, 16980, 37977, 17739
  result is correct!
! 57, isa, 64, 0, 0, 48, 2736, 20037, 162764, 21059
  result is correct!
! 57, isa, 64, 0, 0, 52, 2964, 23348, 166690, 24511
  result is correct!
! 57, isa, 64, 0, 0, 56, 3192, 26913, 169839, 28224
  result is correct!
! 57, isa, 64, 0, 0, 60, 3420, 30732, 174391, 32259
  result is correct!
! 57, isa, 64, 0, 0, 64, 3648, 34805, 95688, 36378
  result is correct!
! 57, isa, 64, 0, 0, 68, 3876, 39132, 181531, 41150
  result is correct!
! 57, isa, 64, 0, 0, 72, 4104, 43713, 183476, 45743
  result is correct!
-----------------Showing intmul-rv64_isa_57_simple.log-----------------
! 57, isa, 64, 0, 0, 8, 456, 1211, 21675, 1251
  result is correct!
! 57, isa, 64, 0, 0, 12, 684, 2476, 22748, 2576
  result is correct!
! 57, isa, 64, 0, 0, 16, 912, 4188, 24469, 4368
  result is correct!
! 57, isa, 64, 0, 0, 20, 1140, 6348, 26474, 6608
  result is correct!
! 57, isa, 64, 0, 0, 24, 1368, 8956, 79496, 9398
  result is correct!
! 57, isa, 64, 0, 0, 28, 1596, 12012, 32196, 12512
  result is correct!
! 57, isa, 64, 0, 0, 32, 1824, 15516, 82860, 16238
  result is correct!
! 57, isa, 64, 0, 0, 36, 2052, 19468, 163632, 20476
  result is correct!
! 57, isa, 64, 0, 0, 40, 2280, 23868, 169355, 25034
  result is correct!
! 57, isa, 64, 0, 0, 44, 2508, 28716, 180101, 30112
  result is correct!
! 57, isa, 64, 0, 0, 48, 2736, 34012, 186439, 35601
  result is correct!
! 57, isa, 64, 0, 0, 52, 2964, 39756, 178418, 41596
  result is correct!
! 57, isa, 64, 0, 0, 56, 3192, 45948, 185715, 48052
  result is correct!
! 57, isa, 64, 0, 0, 60, 3420, 52588, 191480, 54967
  result is correct!
! 57, isa, 64, 0, 0, 64, 3648, 59676, 198174, 62356
  result is correct!
! 57, isa, 64, 0, 0, 68, 3876, 67212, 207246, 70325
  result is correct!
! 57, isa, 64, 0, 0, 72, 4104, 75196, 214539, 78643
  result is correct!
-----------------Showing intmul-rv64_isa_58_hybrid.log-----------------
! 58, isa, 64, 0, 0, 8, 464, 867, 24352, 930
  result is correct!
! 58, isa, 64, 0, 0, 12, 696, 1654, 22478, 1734
  result is correct!
! 58, isa, 64, 0, 0, 16, 928, 2698, 23531, 2838
  result is correct!
! 58, isa, 64, 0, 0, 20, 1160, 3972, 25086, 4174
  result is correct!
! 58, isa, 64, 0, 0, 24, 1392, 5505, 26419, 5768
  result is correct!
! 58, isa, 64, 0, 0, 28, 1624, 7292, 29039, 7618
  result is correct!
! 58, isa, 64, 0, 0, 32, 1856, 9333, 30399, 9741
  result is correct!
! 58, isa, 64, 0, 0, 36, 2088, 11628, 158737, 12281
  result is correct!
! 58, isa, 64, 0, 0, 40, 2320, 14177, 35130, 14810
  result is correct!
! 58, isa, 64, 0, 0, 44, 2552, 16980, 77633, 17769
  result is correct!
! 58, isa, 64, 0, 0, 48, 2784, 20037, 167293, 21086
  result is correct!
! 58, isa, 64, 0, 0, 52, 3016, 23348, 165925, 24515
  result is correct!
! 58, isa, 64, 0, 0, 56, 3248, 26913, 170488, 28299
  result is correct!
! 58, isa, 64, 0, 0, 60, 3480, 30732, 176225, 32334
  result is correct!
! 58, isa, 64, 0, 0, 64, 3712, 34805, 55796, 36327
  result is correct!
! 58, isa, 64, 0, 0, 68, 3944, 39132, 188708, 40986
  result is correct!
! 58, isa, 64, 0, 0, 72, 4176, 43713, 186077, 45818
  result is correct!
-----------------Showing intmul-rv64_isa_58_simple.log-----------------
! 58, isa, 64, 0, 0, 8, 464, 1211, 22344, 1273
  result is correct!
! 58, isa, 64, 0, 0, 12, 696, 2476, 22638, 2576
  result is correct!
! 58, isa, 64, 0, 0, 16, 928, 4188, 24353, 4348
  result is correct!
! 58, isa, 64, 0, 0, 20, 1160, 6348, 27409, 6609
  result is correct!
! 58, isa, 64, 0, 0, 24, 1392, 8956, 29222, 9336
  result is correct!
! 58, isa, 64, 0, 0, 28, 1624, 12012, 32253, 12511
  result is correct!
! 58, isa, 64, 0, 0, 32, 1856, 15516, 75236, 16227
  result is correct!
! 58, isa, 64, 0, 0, 36, 2088, 19468, 159256, 20473
  result is correct!
! 58, isa, 64, 0, 0, 40, 2320, 23868, 164353, 25070
  result is correct!
! 58, isa, 64, 0, 0, 44, 2552, 28716, 168302, 30096
  result is correct!
! 58, isa, 64, 0, 0, 48, 2784, 34012, 174216, 35562
  result is correct!
! 58, isa, 64, 0, 0, 52, 3016, 39756, 179107, 41595
  result is correct!
! 58, isa, 64, 0, 0, 56, 3248, 45948, 184284, 48026
  result is correct!
! 58, isa, 64, 0, 0, 60, 3480, 52588, 191841, 54970
  result is correct!
! 58, isa, 64, 0, 0, 64, 3712, 59676, 198073, 62365
  result is correct!
! 58, isa, 64, 0, 0, 68, 3944, 67212, 206274, 70399
  result is correct!
! 58, isa, 64, 0, 0, 72, 4176, 75196, 213674, 78716
  result is correct!
-----------------Showing intmul-rv64_isa_59_hybrid.log-----------------
! 59, isa, 64, 0, 0, 8, 472, 867, 22839, 929
  result is correct!
! 59, isa, 64, 0, 0, 12, 708, 1654, 22723, 1735
  result is correct!
! 59, isa, 64, 0, 0, 16, 944, 2698, 23726, 2837
  result is correct!
! 59, isa, 64, 0, 0, 20, 1180, 3972, 25040, 4174
  result is correct!
! 59, isa, 64, 0, 0, 24, 1416, 5505, 26599, 5769
  result is correct!
! 59, isa, 64, 0, 0, 28, 1652, 7292, 28194, 7618
  result is correct!
! 59, isa, 64, 0, 0, 32, 1888, 9333, 30410, 9742
  result is correct!
! 59, isa, 64, 0, 0, 36, 2124, 11628, 159137, 12365
  result is correct!
! 59, isa, 64, 0, 0, 40, 2360, 14177, 35248, 14814
  result is correct!
! 59, isa, 64, 0, 0, 44, 2596, 16980, 38173, 17719
  result is correct!
! 59, isa, 64, 0, 0, 48, 2832, 20037, 174646, 21076
  result is correct!
! 59, isa, 64, 0, 0, 52, 3068, 23348, 167131, 24623
  result is correct!
! 59, isa, 64, 0, 0, 56, 3304, 26913, 170337, 28276
  result is correct!
! 59, isa, 64, 0, 0, 60, 3540, 30732, 174197, 32290
  result is correct!
! 59, isa, 64, 0, 0, 64, 3776, 34805, 95817, 36357
  result is correct!
! 59, isa, 64, 0, 0, 68, 4012, 39132, 181380, 41033
  result is correct!
! 59, isa, 64, 0, 0, 72, 4248, 43713, 186069, 45798
  result is correct!
-----------------Showing intmul-rv64_isa_59_simple.log-----------------
! 59, isa, 64, 0, 0, 8, 472, 1211, 21626, 1251
  result is correct!
! 59, isa, 64, 0, 0, 12, 708, 2476, 22734, 2576
  result is correct!
! 59, isa, 64, 0, 0, 16, 944, 4188, 25092, 4369
  result is correct!
! 59, isa, 64, 0, 0, 20, 1180, 6348, 26579, 6608
  result is correct!
! 59, isa, 64, 0, 0, 24, 1416, 8956, 29186, 9315
  result is correct!
! 59, isa, 64, 0, 0, 28, 1652, 12012, 80504, 12575
  result is correct!
! 59, isa, 64, 0, 0, 32, 1888, 15516, 36121, 16154
  result is correct!
! 59, isa, 64, 0, 0, 36, 2124, 19468, 160137, 20422
  result is correct!
! 59, isa, 64, 0, 0, 40, 2360, 23868, 162759, 24997
  result is correct!
! 59, isa, 64, 0, 0, 44, 2596, 28716, 168288, 30048
  result is correct!
! 59, isa, 64, 0, 0, 48, 2832, 34012, 174447, 35632
  result is correct!
! 59, isa, 64, 0, 0, 52, 3068, 39756, 177900, 41592
  result is correct!
! 59, isa, 64, 0, 0, 56, 3304, 45948, 184699, 48048
  result is correct!
! 59, isa, 64, 0, 0, 60, 3540, 52588, 189166, 55019
  result is correct!
! 59, isa, 64, 0, 0, 64, 3776, 59676, 199456, 62354
  result is correct!
! 59, isa, 64, 0, 0, 68, 4012, 67212, 214353, 70314
  result is correct!
! 59, isa, 64, 0, 0, 72, 4248, 75196, 213727, 78718
  result is correct!
-----------------Showing intmul-rv64_isa_60_hybrid.log-----------------
! 60, isa, 64, 0, 0, 8, 480, 866, 22070, 925
  result is correct!
! 60, isa, 64, 0, 0, 12, 720, 1654, 22705, 1757
  result is correct!
! 60, isa, 64, 0, 0, 16, 960, 2693, 23795, 2804
  result is correct!
! 60, isa, 64, 0, 0, 20, 1200, 3967, 25548, 4146
  result is correct!
! 60, isa, 64, 0, 0, 24, 1440, 5500, 27103, 5763
  result is correct!
! 60, isa, 64, 0, 0, 28, 1680, 7287, 28190, 7630
  result is correct!
! 60, isa, 64, 0, 0, 32, 1920, 9328, 30238, 9753
  result is correct!
! 60, isa, 64, 0, 0, 36, 2160, 11623, 154697, 12291
  result is correct!
! 60, isa, 64, 0, 0, 40, 2400, 14172, 36048, 14803
  result is correct!
! 60, isa, 64, 0, 0, 44, 2640, 16975, 37966, 17710
  result is correct!
! 60, isa, 64, 0, 0, 48, 2880, 20032, 163480, 21072
  result is correct!
! 60, isa, 64, 0, 0, 52, 3120, 23343, 168159, 24567
  result is correct!
! 60, isa, 64, 0, 0, 56, 3360, 26908, 170983, 28240
  result is correct!
! 60, isa, 64, 0, 0, 60, 3600, 30727, 173424, 32287
  result is correct!
! 60, isa, 64, 0, 0, 64, 3840, 34800, 95473, 36377
  result is correct!
! 60, isa, 64, 0, 0, 68, 4080, 39127, 181551, 41068
  result is correct!
! 60, isa, 64, 0, 0, 72, 4320, 43708, 185781, 45796
  result is correct!
-----------------Showing intmul-rv64_isa_60_simple.log-----------------
! 60, isa, 64, 0, 0, 8, 480, 1211, 21916, 1251
  result is correct!
! 60, isa, 64, 0, 0, 12, 720, 2476, 30849, 2588
  result is correct!
! 60, isa, 64, 0, 0, 16, 960, 4184, 24305, 4347
  result is correct!
! 60, isa, 64, 0, 0, 20, 1200, 6344, 26562, 6608
  result is correct!
! 60, isa, 64, 0, 0, 24, 1440, 8952, 29222, 9315
  result is correct!
! 60, isa, 64, 0, 0, 28, 1680, 12008, 32194, 12511
  result is correct!
! 60, isa, 64, 0, 0, 32, 1920, 15512, 74402, 16206
  result is correct!
! 60, isa, 64, 0, 0, 36, 2160, 19464, 163834, 20431
  result is correct!
! 60, isa, 64, 0, 0, 40, 2400, 23864, 163202, 25000
  result is correct!
! 60, isa, 64, 0, 0, 44, 2640, 28712, 168925, 30108
  result is correct!
! 60, isa, 64, 0, 0, 48, 2880, 34008, 174637, 35616
  result is correct!
! 60, isa, 64, 0, 0, 52, 3120, 39752, 178988, 41619
  result is correct!
! 60, isa, 64, 0, 0, 56, 3360, 45944, 194830, 48009
  result is correct!
! 60, isa, 64, 0, 0, 60, 3600, 52584, 191579, 54968
  result is correct!
! 60, isa, 64, 0, 0, 64, 3840, 59672, 197087, 62357
  result is correct!
! 60, isa, 64, 0, 0, 68, 4080, 67208, 206586, 70339
  result is correct!
! 60, isa, 64, 0, 0, 72, 4320, 75192, 214381, 78714
  result is correct!
-----------------Showing intmul-rv64_isa_61_hybrid.log-----------------
! 61, isa, 64, 0, 0, 8, 488, 866, 22028, 927
  result is correct!
! 61, isa, 64, 0, 0, 12, 732, 1653, 23107, 1756
  result is correct!
! 61, isa, 64, 0, 0, 16, 976, 2692, 87709, 2911
  result is correct!
! 61, isa, 64, 0, 0, 20, 1220, 3971, 24987, 4152
  result is correct!
! 61, isa, 64, 0, 0, 24, 1464, 5504, 26435, 5768
  result is correct!
! 61, isa, 64, 0, 0, 28, 1708, 7291, 96052, 7719
  result is correct!
! 61, isa, 64, 0, 0, 32, 1952, 9332, 82257, 9809
  result is correct!
! 61, isa, 64, 0, 0, 36, 2196, 11627, 161013, 12284
  result is correct!
! 61, isa, 64, 0, 0, 40, 2440, 14176, 77462, 14867
  result is correct!
! 61, isa, 64, 0, 0, 44, 2684, 16979, 38647, 17720
  result is correct!
! 61, isa, 64, 0, 0, 48, 2928, 20036, 162765, 21080
  result is correct!
! 61, isa, 64, 0, 0, 52, 3172, 23347, 165949, 24514
  result is correct!
! 61, isa, 64, 0, 0, 56, 3416, 26912, 170742, 28243
  result is correct!
! 61, isa, 64, 0, 0, 60, 3660, 30731, 173138, 32290
  result is correct!
! 61, isa, 64, 0, 0, 64, 3904, 34804, 95917, 36383
  result is correct!
-----------------Showing intmul-rv64_isa_61_simple.log-----------------
! 61, isa, 64, 0, 0, 8, 488, 1213, 22163, 1258
  result is correct!
! 61, isa, 64, 0, 0, 12, 732, 2481, 23236, 2583
  result is correct!
! 61, isa, 64, 0, 0, 16, 976, 4189, 77964, 4440
  result is correct!
! 61, isa, 64, 0, 0, 20, 1220, 6349, 26977, 6619
  result is correct!
! 61, isa, 64, 0, 0, 24, 1464, 8957, 39755, 9364
  result is correct!
! 61, isa, 64, 0, 0, 28, 1708, 12013, 79858, 12602
  result is correct!
! 61, isa, 64, 0, 0, 32, 1952, 15517, 36217, 16195
  result is correct!
! 61, isa, 64, 0, 0, 36, 2196, 19469, 40171, 20286
  result is correct!
! 61, isa, 64, 0, 0, 40, 2440, 23869, 44448, 24868
  result is correct!
! 61, isa, 64, 0, 0, 44, 2684, 28717, 49243, 29941
  result is correct!
! 61, isa, 64, 0, 0, 48, 2928, 34013, 181684, 35656
  result is correct!
! 61, isa, 64, 0, 0, 52, 3172, 39757, 60950, 41454
  result is correct!
! 61, isa, 64, 0, 0, 56, 3416, 45949, 185273, 48112
  result is correct!
! 61, isa, 64, 0, 0, 60, 3660, 52589, 192730, 55028
  result is correct!
! 61, isa, 64, 0, 0, 64, 3904, 59677, 199176, 62411
  result is correct!
-----------------Showing intmul-rv64_isa_62_hybrid.log-----------------
! 62, isa, 64, 0, 0, 8, 496, 868, 23021, 933
  result is correct!
! 62, isa, 64, 0, 0, 12, 744, 1661, 22806, 1738
  result is correct!
! 62, isa, 64, 0, 0, 16, 992, 2694, 23950, 2834
  result is correct!
-----------------Showing intmul-rv64_isa_62_simple.log-----------------
! 62, isa, 64, 0, 0, 8, 496, 1210, 76201, 1326
  result is correct!
! 62, isa, 64, 0, 0, 12, 744, 2470, 22994, 2571
  result is correct!
! 62, isa, 64, 0, 0, 16, 992, 4178, 24618, 4360
  result is correct!
-----------------Showing intmul-rv64_isa_64_hybrid.log-----------------
! 64, isa, 64, 0, 0, 8, 512, 763, 22571, 860
  result is correct!
! 64, isa, 64, 0, 0, 12, 768, 1609, 25186, 1753
  result is correct!
! 64, isa, 64, 0, 0, 16, 1024, 2755, 23471, 2918
  result is correct!
! 64, isa, 64, 0, 0, 20, 1280, 4208, 25035, 4432
  result is correct!
! 64, isa, 64, 0, 0, 24, 1536, 5973, 27589, 6300
  result is correct!
! 64, isa, 64, 0, 0, 28, 1792, 8050, 28726, 8437
  result is correct!
! 64, isa, 64, 0, 0, 32, 2048, 10439, 31207, 10949
  result is correct!
! 64, isa, 64, 0, 0, 36, 2304, 13140, 34039, 13773
  result is correct!
! 64, isa, 64, 0, 0, 40, 2560, 16153, 37795, 16909
  result is correct!
! 64, isa, 64, 0, 0, 44, 2816, 19468, 161923, 20513
  result is correct!
! 64, isa, 64, 0, 0, 48, 3072, 23115, 166174, 24296
  result is correct!
! 64, isa, 64, 0, 0, 52, 3328, 27054, 170837, 28430
  result is correct!
! 64, isa, 64, 0, 0, 56, 3584, 31325, 173401, 33060
  result is correct!
! 64, isa, 64, 0, 0, 60, 3840, 35898, 175691, 37630
  result is correct!
! 64, isa, 64, 0, 0, 64, 4096, 40773, 184591, 42796
  result is correct!
-----------------Showing intmul-rv64_isa_64_simple.log-----------------
! 64, isa, 64, 0, 0, 8, 512, 1296, 21979, 1357
  result is correct!
! 64, isa, 64, 0, 0, 12, 768, 2700, 23045, 2801
  result is correct!
! 64, isa, 64, 0, 0, 16, 1024, 4616, 26054, 4820
  result is correct!
! 64, isa, 64, 0, 0, 20, 1280, 7044, 27767, 7346
  result is correct!
! 64, isa, 64, 0, 0, 24, 1536, 9984, 30444, 10387
  result is correct!
! 64, isa, 64, 0, 0, 28, 1792, 13436, 79751, 14056
  result is correct!
! 64, isa, 64, 0, 0, 32, 2048, 17400, 162050, 18265
  result is correct!
! 64, isa, 64, 0, 0, 36, 2304, 21876, 42164, 22798
  result is correct!
! 64, isa, 64, 0, 0, 40, 2560, 26864, 165870, 28143
  result is correct!
! 64, isa, 64, 0, 0, 44, 2816, 32364, 181184, 33877
  result is correct!
! 64, isa, 64, 0, 0, 48, 3072, 38376, 59473, 39995
  result is correct!
! 64, isa, 64, 0, 0, 52, 3328, 44900, 184381, 46978
  result is correct!
! 64, isa, 64, 0, 0, 56, 3584, 51936, 191653, 54348
  result is correct!
! 64, isa, 64, 0, 0, 60, 3840, 59484, 199398, 62323
  result is correct!
! 64, isa, 64, 0, 0, 64, 4096, 67544, 206674, 70642
  result is correct!
-----------------Showing intmul-rv64_ise_50_hybrid.log-----------------
! 50, ise, 64, 0, 0, 8, 400, 503, 21994, 558
  result is correct!
! 50, ise, 64, 0, 0, 12, 600, 863, 158491, 1071
  result is correct!
! 50, ise, 64, 0, 0, 16, 800, 1329, 22521, 1420
  result is correct!
! 50, ise, 64, 0, 0, 20, 1000, 1866, 22853, 1977
  result is correct!
! 50, ise, 64, 0, 0, 24, 1200, 2504, 23239, 2635
  result is correct!
! 50, ise, 64, 0, 0, 28, 1400, 3238, 24039, 3391
  result is correct!
! 50, ise, 64, 0, 0, 32, 1600, 4068, 77816, 4337
  result is correct!
! 50, ise, 64, 0, 0, 36, 1800, 4994, 25927, 5230
  result is correct!
! 50, ise, 64, 0, 0, 40, 2000, 6016, 26826, 6313
  result is correct!
! 50, ise, 64, 0, 0, 44, 2200, 7134, 28051, 7472
  result is correct!
! 50, ise, 64, 0, 0, 48, 2400, 8348, 80460, 8793
  result is correct!
! 50, ise, 64, 0, 0, 52, 2600, 9658, 155719, 10236
  result is correct!
! 50, ise, 64, 0, 0, 56, 2800, 11064, 73352, 11612
  result is correct!
! 50, ise, 64, 0, 0, 60, 3000, 12566, 33473, 13132
  result is correct!
! 50, ise, 64, 0, 0, 64, 3200, 14164, 74003, 14864
  result is correct!
! 50, ise, 64, 0, 0, 68, 3400, 15858, 162079, 16728
  result is correct!
! 50, ise, 64, 0, 0, 72, 3600, 17648, 38744, 18439
  result is correct!
-----------------Showing intmul-rv64_ise_50_simple.log-----------------
! 50, ise, 64, 0, 0, 8, 400, 1005, 155352, 1180
  result is correct!
! 50, ise, 64, 0, 0, 12, 600, 2017, 22963, 2099
  result is correct!
! 50, ise, 64, 0, 0, 16, 800, 3381, 24012, 3523
  result is correct!
! 50, ise, 64, 0, 0, 20, 1000, 5097, 79462, 5387
  result is correct!
! 50, ise, 64, 0, 0, 24, 1200, 7165, 27883, 7472
  result is correct!
! 50, ise, 64, 0, 0, 28, 1400, 9585, 155702, 10133
  result is correct!
! 50, ise, 64, 0, 0, 32, 1600, 12357, 33033, 12887
  result is correct!
! 50, ise, 64, 0, 0, 36, 1800, 15481, 160118, 16272
  result is correct!
! 50, ise, 64, 0, 0, 40, 2000, 18957, 160139, 19894
  result is correct!
! 50, ise, 64, 0, 0, 44, 2200, 22785, 107855, 23816
  result is correct!
! 50, ise, 64, 0, 0, 48, 2400, 26965, 165962, 28301
  result is correct!
! 50, ise, 64, 0, 0, 52, 2600, 31497, 172161, 33029
  result is correct!
! 50, ise, 64, 0, 0, 56, 2800, 36381, 96586, 37985
  result is correct!
! 50, ise, 64, 0, 0, 60, 3000, 41617, 188971, 43532
  result is correct!
! 50, ise, 64, 0, 0, 64, 3200, 47205, 187045, 49404
  result is correct!
! 50, ise, 64, 0, 0, 68, 3400, 53145, 193201, 55593
  result is correct!
! 50, ise, 64, 0, 0, 72, 3600, 59437, 199918, 62198
  result is correct!
-----------------Showing intmul-rv64_ise_51_hybrid.log-----------------
! 51, ise, 64, 0, 0, 8, 408, 507, 25097, 561
  result is correct!
! 51, ise, 64, 0, 0, 12, 612, 863, 22381, 913
  result is correct!
! 51, ise, 64, 0, 0, 16, 816, 1329, 25041, 1423
  result is correct!
! 51, ise, 64, 0, 0, 20, 1020, 1866, 22896, 1978
  result is correct!
! 51, ise, 64, 0, 0, 24, 1224, 2504, 23316, 2635
  result is correct!
! 51, ise, 64, 0, 0, 28, 1428, 3238, 24140, 3411
  result is correct!
! 51, ise, 64, 0, 0, 32, 1632, 4068, 24926, 4282
  result is correct!
! 51, ise, 64, 0, 0, 36, 1836, 4994, 78253, 5316
  result is correct!
! 51, ise, 64, 0, 0, 40, 2040, 6016, 26915, 6293
  result is correct!
! 51, ise, 64, 0, 0, 44, 2244, 7134, 28075, 7472
  result is correct!
! 51, ise, 64, 0, 0, 48, 2448, 8348, 29835, 8750
  result is correct!
! 51, ise, 64, 0, 0, 52, 2652, 9658, 30619, 10121
  result is correct!
! 51, ise, 64, 0, 0, 56, 2856, 11064, 31883, 11566
  result is correct!
! 51, ise, 64, 0, 0, 60, 3060, 12566, 69981, 13198
  result is correct!
! 51, ise, 64, 0, 0, 64, 3264, 14164, 74510, 14839
  result is correct!
! 51, ise, 64, 0, 0, 68, 3468, 15858, 159173, 16705
  result is correct!
! 51, ise, 64, 0, 0, 72, 3672, 17648, 80478, 18494
  result is correct!
-----------------Showing intmul-rv64_ise_51_simple.log-----------------
! 51, ise, 64, 0, 0, 8, 408, 1005, 21961, 1046
  result is correct!
! 51, ise, 64, 0, 0, 12, 612, 2017, 23332, 2120
  result is correct!
! 51, ise, 64, 0, 0, 16, 816, 3381, 24032, 3524
  result is correct!
! 51, ise, 64, 0, 0, 20, 1020, 5097, 25774, 5302
  result is correct!
! 51, ise, 64, 0, 0, 24, 1224, 7165, 28205, 7471
  result is correct!
! 51, ise, 64, 0, 0, 28, 1428, 9585, 154224, 10131
  result is correct!
! 51, ise, 64, 0, 0, 32, 1632, 12357, 82302, 12950
  result is correct!
! 51, ise, 64, 0, 0, 36, 1836, 15481, 159876, 16292
  result is correct!
! 51, ise, 64, 0, 0, 40, 2040, 18957, 48120, 19764
  result is correct!
! 51, ise, 64, 0, 0, 44, 2244, 22785, 43430, 23763
  result is correct!
! 51, ise, 64, 0, 0, 48, 2448, 26965, 47645, 28108
  result is correct!
! 51, ise, 64, 0, 0, 52, 2652, 31497, 170844, 32977
  result is correct!
! 51, ise, 64, 0, 0, 56, 2856, 36381, 177277, 38135
  result is correct!
! 51, ise, 64, 0, 0, 60, 3060, 41617, 180008, 43575
  result is correct!
! 51, ise, 64, 0, 0, 64, 3264, 47205, 187496, 49407
  result is correct!
! 51, ise, 64, 0, 0, 68, 3468, 53145, 199957, 55641
  result is correct!
! 51, ise, 64, 0, 0, 72, 3672, 59437, 198635, 62174
  result is correct!
-----------------Showing intmul-rv64_ise_52_hybrid.log-----------------
! 52, ise, 64, 0, 0, 8, 416, 503, 22424, 559
  result is correct!
! 52, ise, 64, 0, 0, 12, 624, 863, 24078, 937
  result is correct!
! 52, ise, 64, 0, 0, 16, 832, 1329, 152908, 1561
  result is correct!
! 52, ise, 64, 0, 0, 20, 1040, 1866, 22815, 1978
  result is correct!
! 52, ise, 64, 0, 0, 24, 1248, 2504, 23579, 2637
  result is correct!
! 52, ise, 64, 0, 0, 28, 1456, 3238, 24124, 3411
  result is correct!
! 52, ise, 64, 0, 0, 32, 1664, 4068, 24892, 4261
  result is correct!
! 52, ise, 64, 0, 0, 36, 1872, 4994, 25900, 5229
  result is correct!
! 52, ise, 64, 0, 0, 40, 2080, 6016, 77527, 6377
  result is correct!
! 52, ise, 64, 0, 0, 44, 2288, 7134, 28079, 7471
  result is correct!
! 52, ise, 64, 0, 0, 48, 2496, 8348, 80750, 8813
  result is correct!
! 52, ise, 64, 0, 0, 52, 2704, 9658, 72444, 10154
  result is correct!
! 52, ise, 64, 0, 0, 56, 2912, 11064, 32015, 11567
  result is correct!
! 52, ise, 64, 0, 0, 60, 3120, 12566, 73936, 13186
  result is correct!
! 52, ise, 64, 0, 0, 64, 3328, 14164, 35164, 14810
  result is correct!
! 52, ise, 64, 0, 0, 68, 3536, 15858, 157369, 16704
  result is correct!
! 52, ise, 64, 0, 0, 72, 3744, 17648, 79963, 18495
  result is correct!
-----------------Showing intmul-rv64_ise_52_simple.log-----------------
! 52, ise, 64, 0, 0, 8, 416, 1005, 22443, 1047
  result is correct!
! 52, ise, 64, 0, 0, 12, 624, 2017, 32566, 2113
  result is correct!
! 52, ise, 64, 0, 0, 16, 832, 3381, 23997, 3524
  result is correct!
! 52, ise, 64, 0, 0, 20, 1040, 5097, 25646, 5322
  result is correct!
! 52, ise, 64, 0, 0, 24, 1248, 7165, 28653, 7473
  result is correct!
! 52, ise, 64, 0, 0, 28, 1456, 9585, 153365, 10151
  result is correct!
! 52, ise, 64, 0, 0, 32, 1664, 12357, 33697, 12891
  result is correct!
! 52, ise, 64, 0, 0, 36, 1872, 15481, 156504, 16269
  result is correct!
! 52, ise, 64, 0, 0, 40, 2080, 18957, 80167, 19822
  result is correct!
! 52, ise, 64, 0, 0, 44, 2288, 22785, 82278, 23793
  result is correct!
! 52, ise, 64, 0, 0, 48, 2496, 26965, 86478, 28157
  result is correct!
! 52, ise, 64, 0, 0, 52, 2704, 31497, 171129, 32973
  result is correct!
! 52, ise, 64, 0, 0, 56, 2912, 36381, 177157, 38115
  result is correct!
! 52, ise, 64, 0, 0, 60, 3120, 41617, 179903, 43572
  result is correct!
! 52, ise, 64, 0, 0, 64, 3328, 47205, 186810, 49409
  result is correct!
! 52, ise, 64, 0, 0, 68, 3536, 53145, 192227, 55590
  result is correct!
! 52, ise, 64, 0, 0, 72, 3744, 59437, 199633, 62144
  result is correct!
-----------------Showing intmul-rv64_ise_53_hybrid.log-----------------
! 53, ise, 64, 0, 0, 8, 424, 502, 25435, 560
  result is correct!
! 53, ise, 64, 0, 0, 12, 636, 863, 22747, 913
  result is correct!
! 53, ise, 64, 0, 0, 16, 848, 1329, 23182, 1421
  result is correct!
! 53, ise, 64, 0, 0, 20, 1060, 1866, 22909, 1978
  result is correct!
! 53, ise, 64, 0, 0, 24, 1272, 2504, 23543, 2657
  result is correct!
! 53, ise, 64, 0, 0, 28, 1484, 3238, 24188, 3390
  result is correct!
! 53, ise, 64, 0, 0, 32, 1696, 4068, 25205, 4284
  result is correct!
! 53, ise, 64, 0, 0, 36, 1908, 4994, 25968, 5250
  result is correct!
! 53, ise, 64, 0, 0, 40, 2120, 6016, 26877, 6292
  result is correct!
! 53, ise, 64, 0, 0, 44, 2332, 7134, 27934, 7471
  result is correct!
! 53, ise, 64, 0, 0, 48, 2544, 8348, 29228, 8749
  result is correct!
! 53, ise, 64, 0, 0, 52, 2756, 9658, 31159, 10122
  result is correct!
! 53, ise, 64, 0, 0, 56, 2968, 11064, 31992, 11566
  result is correct!
! 53, ise, 64, 0, 0, 60, 3180, 12566, 34128, 13134
  result is correct!
! 53, ise, 64, 0, 0, 64, 3392, 14164, 35046, 14791
  result is correct!
! 53, ise, 64, 0, 0, 68, 3604, 15858, 159870, 16761
  result is correct!
! 53, ise, 64, 0, 0, 72, 3816, 17648, 39414, 18423
  result is correct!
-----------------Showing intmul-rv64_ise_53_simple.log-----------------
! 53, ise, 64, 0, 0, 8, 424, 1005, 21869, 1046
  result is correct!
! 53, ise, 64, 0, 0, 12, 636, 2017, 155642, 2265
  result is correct!
! 53, ise, 64, 0, 0, 16, 848, 3381, 25847, 3527
  result is correct!
! 53, ise, 64, 0, 0, 20, 1060, 5097, 25712, 5301
  result is correct!
! 53, ise, 64, 0, 0, 24, 1272, 7165, 27754, 7471
  result is correct!
! 53, ise, 64, 0, 0, 28, 1484, 9585, 150623, 10139
  result is correct!
! 53, ise, 64, 0, 0, 32, 1696, 12357, 33088, 12890
  result is correct!
! 53, ise, 64, 0, 0, 36, 1908, 15481, 156534, 16284
  result is correct!
! 53, ise, 64, 0, 0, 40, 2120, 18957, 80214, 19804
  result is correct!
! 53, ise, 64, 0, 0, 44, 2332, 22785, 82403, 23814
  result is correct!
! 53, ise, 64, 0, 0, 48, 2544, 26965, 85385, 28156
  result is correct!
! 53, ise, 64, 0, 0, 52, 2756, 31497, 171353, 33034
  result is correct!
! 53, ise, 64, 0, 0, 56, 2968, 36381, 177905, 38136
  result is correct!
! 53, ise, 64, 0, 0, 60, 3180, 41617, 180173, 43572
  result is correct!
! 53, ise, 64, 0, 0, 64, 3392, 47205, 185942, 49401
  result is correct!
! 53, ise, 64, 0, 0, 68, 3604, 53145, 192570, 55642
  result is correct!
! 53, ise, 64, 0, 0, 72, 3816, 59437, 197924, 62258
  result is correct!
-----------------Showing intmul-rv64_ise_54_hybrid.log-----------------
! 54, ise, 64, 0, 0, 8, 432, 503, 22409, 558
  result is correct!
! 54, ise, 64, 0, 0, 12, 648, 863, 22924, 914
  result is correct!
! 54, ise, 64, 0, 0, 16, 864, 1329, 22454, 1420
  result is correct!
! 54, ise, 64, 0, 0, 20, 1080, 1866, 33193, 1992
  result is correct!
! 54, ise, 64, 0, 0, 24, 1296, 2504, 24572, 2638
  result is correct!
! 54, ise, 64, 0, 0, 28, 1512, 3238, 77409, 3477
  result is correct!
! 54, ise, 64, 0, 0, 32, 1728, 4068, 25122, 4262
  result is correct!
! 54, ise, 64, 0, 0, 36, 1944, 4994, 25995, 5230
  result is correct!
! 54, ise, 64, 0, 0, 40, 2160, 6016, 26944, 6314
  result is correct!
! 54, ise, 64, 0, 0, 44, 2376, 7134, 75165, 7531
  result is correct!
! 54, ise, 64, 0, 0, 48, 2592, 8348, 29322, 8727
  result is correct!
! 54, ise, 64, 0, 0, 52, 2808, 9658, 30650, 10100
  result is correct!
! 54, ise, 64, 0, 0, 56, 3024, 11064, 72197, 11617
  result is correct!
! 54, ise, 64, 0, 0, 60, 3240, 12566, 33839, 13132
  result is correct!
! 54, ise, 64, 0, 0, 64, 3456, 14164, 35111, 14811
  result is correct!
! 54, ise, 64, 0, 0, 68, 3672, 15858, 158779, 16786
  result is correct!
! 54, ise, 64, 0, 0, 72, 3888, 17648, 38734, 18442
  result is correct!
-----------------Showing intmul-rv64_ise_54_simple.log-----------------
! 54, ise, 64, 0, 0, 8, 432, 1005, 21627, 1046
  result is correct!
! 54, ise, 64, 0, 0, 12, 648, 2017, 22617, 2099
  result is correct!
! 54, ise, 64, 0, 0, 16, 864, 3381, 23900, 3523
  result is correct!
! 54, ise, 64, 0, 0, 20, 1080, 5097, 25826, 5322
  result is correct!
! 54, ise, 64, 0, 0, 24, 1296, 7165, 27868, 7473
  result is correct!
! 54, ise, 64, 0, 0, 28, 1512, 9585, 172743, 10148
  result is correct!
! 54, ise, 64, 0, 0, 32, 1728, 12357, 32983, 12889
  result is correct!
! 54, ise, 64, 0, 0, 36, 1944, 15481, 156925, 16344
  result is correct!
! 54, ise, 64, 0, 0, 40, 2160, 18957, 40214, 19756
  result is correct!
! 54, ise, 64, 0, 0, 44, 2376, 22785, 53063, 23779
  result is correct!
! 54, ise, 64, 0, 0, 48, 2592, 26965, 85871, 28157
  result is correct!
! 54, ise, 64, 0, 0, 52, 2808, 31497, 171368, 33029
  result is correct!
! 54, ise, 64, 0, 0, 56, 3024, 36381, 179051, 38076
  result is correct!
! 54, ise, 64, 0, 0, 60, 3240, 41617, 179990, 43688
  result is correct!
! 54, ise, 64, 0, 0, 64, 3456, 47205, 185335, 49406
  result is correct!
! 54, ise, 64, 0, 0, 68, 3672, 53145, 192355, 55595
  result is correct!
! 54, ise, 64, 0, 0, 72, 3888, 59437, 198272, 62149
  result is correct!
-----------------Showing intmul-rv64_ise_55_hybrid.log-----------------
! 55, ise, 64, 0, 0, 8, 440, 507, 24001, 560
  result is correct!
! 55, ise, 64, 0, 0, 12, 660, 863, 22760, 935
  result is correct!
! 55, ise, 64, 0, 0, 16, 880, 1329, 22474, 1399
  result is correct!
! 55, ise, 64, 0, 0, 20, 1100, 1866, 155199, 2145
  result is correct!
! 55, ise, 64, 0, 0, 24, 1320, 2504, 23316, 2656
  result is correct!
! 55, ise, 64, 0, 0, 28, 1540, 3238, 24044, 3391
  result is correct!
! 55, ise, 64, 0, 0, 32, 1760, 4068, 78276, 4349
  result is correct!
! 55, ise, 64, 0, 0, 36, 1980, 4994, 25886, 5250
  result is correct!
! 55, ise, 64, 0, 0, 40, 2200, 6018, 26908, 6293
  result is correct!
! 55, ise, 64, 0, 0, 44, 2420, 7134, 29178, 7474
  result is correct!
! 55, ise, 64, 0, 0, 48, 2640, 8348, 29736, 8729
  result is correct!
! 55, ise, 64, 0, 0, 52, 2860, 9658, 30697, 10100
  result is correct!
! 55, ise, 64, 0, 0, 56, 3080, 11064, 72401, 11640
  result is correct!
! 55, ise, 64, 0, 0, 60, 3300, 12566, 33542, 13152
  result is correct!
! 55, ise, 64, 0, 0, 64, 3520, 14164, 73226, 14841
  result is correct!
! 55, ise, 64, 0, 0, 68, 3740, 15858, 160466, 16706
  result is correct!
! 55, ise, 64, 0, 0, 72, 3960, 17648, 38567, 18440
  result is correct!
-----------------Showing intmul-rv64_ise_55_simple.log-----------------
! 55, ise, 64, 0, 0, 8, 440, 1005, 22332, 1067
  result is correct!
! 55, ise, 64, 0, 0, 12, 660, 2017, 22917, 2100
  result is correct!
! 55, ise, 64, 0, 0, 16, 880, 3381, 24826, 3525
  result is correct!
! 55, ise, 64, 0, 0, 20, 1100, 5097, 25811, 5302
  result is correct!
! 55, ise, 64, 0, 0, 24, 1320, 7165, 27788, 7472
  result is correct!
! 55, ise, 64, 0, 0, 28, 1540, 9585, 30375, 10015
  result is correct!
! 55, ise, 64, 0, 0, 32, 1760, 12357, 32983, 12886
  result is correct!
! 55, ise, 64, 0, 0, 36, 1980, 15481, 158752, 16343
  result is correct!
! 55, ise, 64, 0, 0, 40, 2200, 18957, 39565, 19749
  result is correct!
! 55, ise, 64, 0, 0, 44, 2420, 22785, 43517, 23762
  result is correct!
! 55, ise, 64, 0, 0, 48, 2640, 26965, 48364, 28130
  result is correct!
! 55, ise, 64, 0, 0, 52, 2860, 31497, 171480, 33028
  result is correct!
! 55, ise, 64, 0, 0, 56, 3080, 36381, 178426, 38117
  result is correct!
! 55, ise, 64, 0, 0, 60, 3300, 41617, 181783, 43578
  result is correct!
! 55, ise, 64, 0, 0, 64, 3520, 47205, 187054, 49407
  result is correct!
! 55, ise, 64, 0, 0, 68, 3740, 53145, 193648, 55591
  result is correct!
! 55, ise, 64, 0, 0, 72, 3960, 59437, 203195, 62220
  result is correct!
-----------------Showing intmul-rv64_ise_56_hybrid.log-----------------
! 56, ise, 64, 0, 0, 8, 448, 498, 22432, 553
  result is correct!
! 56, ise, 64, 0, 0, 12, 672, 864, 23015, 941
  result is correct!
! 56, ise, 64, 0, 0, 16, 896, 1329, 22335, 1420
  result is correct!
! 56, ise, 64, 0, 0, 20, 1120, 1866, 22844, 1978
  result is correct!
! 56, ise, 64, 0, 0, 24, 1344, 2504, 23470, 2656
  result is correct!
! 56, ise, 64, 0, 0, 28, 1568, 3238, 24103, 3411
  result is correct!
! 56, ise, 64, 0, 0, 32, 1792, 4068, 24925, 4282
  result is correct!
! 56, ise, 64, 0, 0, 36, 2016, 4994, 78413, 5295
  result is correct!
! 56, ise, 64, 0, 0, 40, 2240, 6016, 26918, 6313
  result is correct!
! 56, ise, 64, 0, 0, 44, 2464, 7134, 155246, 7617
  result is correct!
! 56, ise, 64, 0, 0, 48, 2688, 8348, 74882, 8783
  result is correct!
! 56, ise, 64, 0, 0, 52, 2912, 9658, 71388, 10132
  result is correct!
! 56, ise, 64, 0, 0, 56, 3136, 11064, 31933, 11566
  result is correct!
! 56, ise, 64, 0, 0, 60, 3360, 12566, 33526, 13133
  result is correct!
! 56, ise, 64, 0, 0, 64, 3584, 14164, 74605, 14862
  result is correct!
! 56, ise, 64, 0, 0, 68, 3808, 15858, 162980, 16730
  result is correct!
! 56, ise, 64, 0, 0, 72, 4032, 17648, 39039, 18442
  result is correct!
-----------------Showing intmul-rv64_ise_56_simple.log-----------------
! 56, ise, 64, 0, 0, 8, 448, 999, 22798, 1041
  result is correct!
! 56, ise, 64, 0, 0, 12, 672, 2011, 22492, 2092
  result is correct!
! 56, ise, 64, 0, 0, 16, 896, 3375, 26015, 3521
  result is correct!
! 56, ise, 64, 0, 0, 20, 1120, 5091, 26431, 5317
  result is correct!
! 56, ise, 64, 0, 0, 24, 1344, 7159, 65325, 7511
  result is correct!
! 56, ise, 64, 0, 0, 28, 1568, 9579, 30170, 9986
  result is correct!
! 56, ise, 64, 0, 0, 32, 1792, 12351, 80146, 12939
  result is correct!
! 56, ise, 64, 0, 0, 36, 2016, 15475, 159379, 16262
  result is correct!
! 56, ise, 64, 0, 0, 40, 2240, 18951, 39533, 19762
  result is correct!
! 56, ise, 64, 0, 0, 44, 2464, 22779, 43373, 23752
  result is correct!
! 56, ise, 64, 0, 0, 48, 2688, 26959, 47544, 28113
  result is correct!
! 56, ise, 64, 0, 0, 52, 2912, 31491, 171537, 33016
  result is correct!
! 56, ise, 64, 0, 0, 56, 3136, 36375, 180469, 38105
  result is correct!
! 56, ise, 64, 0, 0, 60, 3360, 41611, 190313, 43503
  result is correct!
! 56, ise, 64, 0, 0, 64, 3584, 47199, 187159, 49405
  result is correct!
! 56, ise, 64, 0, 0, 68, 3808, 53139, 191746, 55577
  result is correct!
! 56, ise, 64, 0, 0, 72, 4032, 59431, 198809, 62184
  result is correct!
-----------------Showing intmul-rv64_ise_57_hybrid.log-----------------
! 57, ise, 64, 0, 0, 8, 456, 507, 24745, 583
  result is correct!
! 57, ise, 64, 0, 0, 12, 684, 863, 22466, 934
  result is correct!
! 57, ise, 64, 0, 0, 16, 912, 1329, 22387, 1420
  result is correct!
! 57, ise, 64, 0, 0, 20, 1140, 1866, 22838, 1978
  result is correct!
! 57, ise, 64, 0, 0, 24, 1368, 2504, 23955, 2657
  result is correct!
! 57, ise, 64, 0, 0, 28, 1596, 3238, 23970, 3410
  result is correct!
! 57, ise, 64, 0, 0, 32, 1824, 4068, 24876, 4282
  result is correct!
! 57, ise, 64, 0, 0, 36, 2052, 4994, 26537, 5251
  result is correct!
! 57, ise, 64, 0, 0, 40, 2280, 6016, 29166, 6317
  result is correct!
! 57, ise, 64, 0, 0, 44, 2508, 7134, 154117, 7614
  result is correct!
! 57, ise, 64, 0, 0, 48, 2736, 8348, 29346, 8728
  result is correct!
! 57, ise, 64, 0, 0, 52, 2964, 9658, 30661, 10099
  result is correct!
! 57, ise, 64, 0, 0, 56, 3192, 11064, 32005, 11567
  result is correct!
! 57, ise, 64, 0, 0, 60, 3420, 12566, 74302, 13206
  result is correct!
! 57, ise, 64, 0, 0, 64, 3648, 14164, 35212, 14812
  result is correct!
! 57, ise, 64, 0, 0, 68, 3876, 15858, 158349, 16723
  result is correct!
! 57, ise, 64, 0, 0, 72, 4104, 17648, 80594, 18495
  result is correct!
-----------------Showing intmul-rv64_ise_57_simple.log-----------------
! 57, ise, 64, 0, 0, 8, 456, 1005, 21993, 1046
  result is correct!
! 57, ise, 64, 0, 0, 12, 684, 2017, 22945, 2099
  result is correct!
! 57, ise, 64, 0, 0, 16, 912, 3381, 158174, 3673
  result is correct!
! 57, ise, 64, 0, 0, 20, 1140, 5097, 25794, 5301
  result is correct!
! 57, ise, 64, 0, 0, 24, 1368, 7165, 79986, 7555
  result is correct!
! 57, ise, 64, 0, 0, 28, 1596, 9585, 30194, 9993
  result is correct!
! 57, ise, 64, 0, 0, 32, 1824, 12357, 33801, 12887
  result is correct!
! 57, ise, 64, 0, 0, 36, 2052, 15481, 158192, 16290
  result is correct!
! 57, ise, 64, 0, 0, 40, 2280, 18957, 39547, 19751
  result is correct!
! 57, ise, 64, 0, 0, 44, 2508, 22785, 82079, 23810
  result is correct!
! 57, ise, 64, 0, 0, 48, 2736, 26965, 89861, 28210
  result is correct!
! 57, ise, 64, 0, 0, 52, 2964, 31497, 171449, 32978
  result is correct!
! 57, ise, 64, 0, 0, 56, 3192, 36381, 177260, 38117
  result is correct!
! 57, ise, 64, 0, 0, 60, 3420, 41617, 180208, 43571
  result is correct!
! 57, ise, 64, 0, 0, 64, 3648, 47205, 187115, 49384
  result is correct!
! 57, ise, 64, 0, 0, 68, 3876, 53145, 202321, 55554
  result is correct!
! 57, ise, 64, 0, 0, 72, 4104, 59437, 199617, 62148
  result is correct!
-----------------Showing intmul-rv64_ise_58_hybrid.log-----------------
! 58, ise, 64, 0, 0, 8, 464, 503, 23885, 555
  result is correct!
! 58, ise, 64, 0, 0, 12, 696, 869, 22790, 943
  result is correct!
! 58, ise, 64, 0, 0, 16, 928, 1329, 78674, 1485
  result is correct!
! 58, ise, 64, 0, 0, 20, 1160, 1866, 22610, 1975
  result is correct!
! 58, ise, 64, 0, 0, 24, 1392, 2504, 33872, 2649
  result is correct!
! 58, ise, 64, 0, 0, 28, 1624, 3238, 24104, 3408
  result is correct!
! 58, ise, 64, 0, 0, 32, 1856, 4068, 24764, 4258
  result is correct!
! 58, ise, 64, 0, 0, 36, 2088, 4994, 25954, 5246
  result is correct!
! 58, ise, 64, 0, 0, 40, 2320, 6016, 27756, 6310
  result is correct!
! 58, ise, 64, 0, 0, 44, 2552, 7134, 150502, 7605
  result is correct!
! 58, ise, 64, 0, 0, 48, 2784, 8348, 29129, 8744
  result is correct!
! 58, ise, 64, 0, 0, 52, 3016, 9658, 72017, 10149
  result is correct!
! 58, ise, 64, 0, 0, 56, 3248, 11064, 31895, 11560
  result is correct!
! 58, ise, 64, 0, 0, 60, 3480, 12566, 75096, 13178
  result is correct!
! 58, ise, 64, 0, 0, 64, 3712, 14154, 35055, 14804
  result is correct!
-----------------Showing intmul-rv64_ise_58_simple.log-----------------
! 58, ise, 64, 0, 0, 8, 464, 1006, 22199, 1047
  result is correct!
! 58, ise, 64, 0, 0, 12, 696, 2018, 22827, 2099
  result is correct!
! 58, ise, 64, 0, 0, 16, 928, 3382, 24954, 3526
  result is correct!
! 58, ise, 64, 0, 0, 20, 1160, 5098, 25705, 5323
  result is correct!
! 58, ise, 64, 0, 0, 24, 1392, 7166, 66573, 7521
  result is correct!
! 58, ise, 64, 0, 0, 28, 1624, 9586, 30186, 9994
  result is correct!
! 58, ise, 64, 0, 0, 32, 1856, 12358, 154893, 13023
  result is correct!
! 58, ise, 64, 0, 0, 36, 2088, 15482, 78171, 16189
  result is correct!
! 58, ise, 64, 0, 0, 40, 2320, 18958, 39634, 19772
  result is correct!
! 58, ise, 64, 0, 0, 44, 2552, 22786, 164382, 23876
  result is correct!
! 58, ise, 64, 0, 0, 48, 2784, 26966, 169069, 28243
  result is correct!
! 58, ise, 64, 0, 0, 52, 3016, 31498, 89894, 32891
  result is correct!
! 58, ise, 64, 0, 0, 56, 3248, 36382, 174879, 38069
  result is correct!
! 58, ise, 64, 0, 0, 60, 3480, 41618, 100363, 43419
  result is correct!
! 58, ise, 64, 0, 0, 64, 3712, 47206, 186353, 49481
  result is correct!
-----------------Showing intmul-rv64_ise_59_hybrid.log-----------------
! 59, ise, 64, 0, 0, 8, 472, 507, 22485, 556
  result is correct!
! 59, ise, 64, 0, 0, 12, 708, 869, 22573, 943
  result is correct!
! 59, ise, 64, 0, 0, 16, 944, 1329, 22403, 1418
  result is correct!
! 59, ise, 64, 0, 0, 20, 1180, 1866, 158648, 2126
  result is correct!
! 59, ise, 64, 0, 0, 24, 1416, 2494, 23485, 2634
  result is correct!
! 59, ise, 64, 0, 0, 28, 1652, 3238, 77640, 3475
  result is correct!
! 59, ise, 64, 0, 0, 32, 1888, 4068, 24728, 4258
  result is correct!
-----------------Showing intmul-rv64_ise_59_simple.log-----------------
! 59, ise, 64, 0, 0, 8, 472, 1006, 22625, 1048
  result is correct!
! 59, ise, 64, 0, 0, 12, 708, 2018, 22266, 2098
  result is correct!
! 59, ise, 64, 0, 0, 16, 944, 3382, 23648, 3523
  result is correct!
! 59, ise, 64, 0, 0, 20, 1180, 5098, 25579, 5299
  result is correct!
! 59, ise, 64, 0, 0, 24, 1416, 7166, 77015, 7527
  result is correct!
! 59, ise, 64, 0, 0, 28, 1652, 9586, 29889, 9987
  result is correct!
! 59, ise, 64, 0, 0, 32, 1888, 12358, 158056, 13021
  result is correct!
-----------------Showing intmul-rv64_ise_60_hybrid.log-----------------
! 60, ise, 64, 0, 0, 8, 480, 505, 21885, 559
  result is correct!
! 60, ise, 64, 0, 0, 12, 720, 873, 22646, 946
  result is correct!
! 60, ise, 64, 0, 0, 16, 960, 1331, 22045, 1400
  result is correct!
-----------------Showing intmul-rv64_ise_60_simple.log-----------------
! 60, ise, 64, 0, 0, 8, 480, 1006, 21498, 1046
  result is correct!
! 60, ise, 64, 0, 0, 12, 720, 2018, 22453, 2099
  result is correct!
! 60, ise, 64, 0, 0, 16, 960, 3382, 23777, 3543
  result is correct!
-----------------Showing intmul-rv64_ise_61_hybrid.log-----------------
! 61, ise, 64, 0, 0, 8, 488, 454, 24558, 510
  result is correct!
-----------------Showing intmul-rv64_ise_61_simple.log-----------------
! 61, ise, 64, 0, 0, 8, 488, 1006, 22135, 1047
  result is correct!
-----------------Showing intmul-rv64_ise_64_hybrid.log-----------------
! 64, ise, 64, 0, 0, 8, 512, 516, 24123, 588
  result is correct!
! 64, ise, 64, 0, 0, 12, 768, 1027, 22589, 1134
  result is correct!
! 64, ise, 64, 0, 0, 16, 1024, 1743, 22431, 1881
  result is correct!
! 64, ise, 64, 0, 0, 20, 1280, 2642, 23456, 2808
  result is correct!
! 64, ise, 64, 0, 0, 24, 1536, 3697, 61738, 3969
  result is correct!
! 64, ise, 64, 0, 0, 28, 1792, 4976, 25745, 5241
  result is correct!
! 64, ise, 64, 0, 0, 32, 2048, 6416, 27046, 6725
  result is correct!
! 64, ise, 64, 0, 0, 36, 2304, 8046, 153003, 8576
  result is correct!
! 64, ise, 64, 0, 0, 40, 2560, 9862, 30735, 10335
  result is correct!
! 64, ise, 64, 0, 0, 44, 2816, 11864, 32595, 12418
  result is correct!
! 64, ise, 64, 0, 0, 48, 3072, 14052, 34912, 14688
  result is correct!
! 64, ise, 64, 0, 0, 52, 3328, 16425, 170249, 17335
  result is correct!
! 64, ise, 64, 0, 0, 56, 3584, 18986, 40406, 19830
  result is correct!
! 64, ise, 64, 0, 0, 60, 3840, 21715, 83119, 22767
  result is correct!
! 64, ise, 64, 0, 0, 64, 4096, 24664, 46027, 25771
  result is correct!
-----------------Showing intmul-rv64_ise_64_simple.log-----------------
! 64, ise, 64, 0, 0, 8, 512, 1122, 21538, 1162
  result is correct!
! 64, ise, 64, 0, 0, 12, 768, 2290, 150182, 2529
  result is correct!
! 64, ise, 64, 0, 0, 16, 1024, 3874, 24197, 4034
  result is correct!
! 64, ise, 64, 0, 0, 20, 1280, 5874, 26295, 6116
  result is correct!
! 64, ise, 64, 0, 0, 24, 1536, 8290, 28514, 8651
  result is correct!
! 64, ise, 64, 0, 0, 28, 1792, 11122, 151843, 11740
  result is correct!
! 64, ise, 64, 0, 0, 32, 2048, 14370, 35433, 14974
  result is correct!
! 64, ise, 64, 0, 0, 36, 2304, 18034, 38379, 18776
  result is correct!
! 64, ise, 64, 0, 0, 40, 2560, 22114, 161076, 23170
  result is correct!
! 64, ise, 64, 0, 0, 44, 2816, 26610, 167281, 27870
  result is correct!
! 64, ise, 64, 0, 0, 48, 3072, 31522, 90096, 32900
  result is correct!
! 64, ise, 64, 0, 0, 52, 3328, 36850, 176038, 38580
  result is correct!
! 64, ise, 64, 0, 0, 56, 3584, 42594, 101260, 44433
  result is correct!
! 64, ise, 64, 0, 0, 60, 3840, 48754, 187608, 50990
  result is correct!
! 64, ise, 64, 0, 0, 64, 4096, 55330, 192881, 57830
  result is correct!
# 