! 64, ise, 64, 0, 0, 8, 512, 10, 10, 491, 494, 491
  result is correct!
! 64, ise, 64, 0, 0, 12, 768, 10, 10, 1019, 1023, 1019
  result is correct!
! 64, ise, 64, 0, 0, 16, 1024, 10, 10, 1740, 2162, 1787
  result is correct!
! 64, ise, 64, 0, 0, 20, 1280, 10, 10, 2622, 3071, 2669
  result is correct!
! 64, ise, 64, 0, 0, 24, 1536, 10, 10, 3694, 4064, 3742
  result is correct!
! 64, ise, 64, 0, 0, 28, 1792, 10, 10, 4952, 5322, 5047
  result is correct!
! 64, ise, 64, 0, 0, 32, 2048, 10, 10, 6396, 6847, 6494
  result is correct!
! 64, ise, 64, 0, 0, 36, 2304, 10, 10, 8026, 8477, 8168
  result is correct!
! 64, ise, 64, 0, 0, 40, 2560, 10, 10, 9842, 10213, 9985
  result is correct!
! 64, ise, 64, 0, 0, 44, 2816, 10, 10, 11844, 12295, 12034
  result is correct!
! 64, ise, 64, 0, 0, 48, 3072, 10, 10, 14058, 14486, 14270
  result is correct!
! 64, ise, 64, 0, 0, 52, 3328, 10, 10, 16432, 16857, 16681
  result is correct!
! 64, ise, 64, 0, 0, 56, 3584, 10, 10, 18992, 19417, 19254
  result is correct!
! 64, ise, 64, 0, 0, 60, 3840, 10, 10, 21818, 22186, 22046
  result is correct!
! 64, ise, 64, 0, 0, 64, 4096, 10, 10, 24750, 25123, 25032
  result is correct!

--------------------Threshold debug data--------------------
! 64, ise, 64, 0, 0, 8, 512, 10

! @  494 491 491 491 491 491 491 491 491 491
! 64, ise, 64, 0, 0, 12, 768, 10

! @  1023 1019 1019 1019 1019 1019 1019 1019 1019 1019
! 64, ise, 64, 0, 0, 16, 1024, 10

! @  1744 1740 1740 1740 1740 1740 2162 1791 1740 1740
! 64, ise, 64, 0, 0, 20, 1280, 10

! @  2626 3071 2648 2622 2622 2622 2622 2622 2622 2622
! 64, ise, 64, 0, 0, 24, 1536, 10

! @  3698 3694 3694 3694 3694 4064 3800 3694 3694 3694
! 64, ise, 64, 0, 0, 28, 1792, 10

! @  4956 5322 5058 4952 4952 4952 4952 5321 5058 4952
! 64, ise, 64, 0, 0, 32, 2048, 10

! @  6427 6396 6396 6766 6502 6396 6396 6396 6847 6422
! 64, ise, 64, 0, 0, 36, 2304, 10

! @  8393 8132 8026 8026 8395 8132 8026 8026 8477 8052
! 64, ise, 64, 0, 0, 40, 2560, 10

! @  9846 10213 9948 9842 10213 9948 9842 10213 9948 9842
! 64, ise, 64, 0, 0, 44, 2816, 10

! @  11955 11844 12294 11870 12214 11950 11844 12295 11870 12213
! 64, ise, 64, 0, 0, 48, 3072, 10

! @  14486 14058 14402 14138 14401 14138 14401 14138 14403 14138
! 64, ise, 64, 0, 0, 52, 3328, 10

! @  16780 16512 16777 16512 16856 16432 16857 16801 16512 16774
! 64, ise, 64, 0, 0, 56, 3584, 10

! @  19367 19072 19414 19361 19072 19415 18992 19417 19361 19072
! 64, ise, 64, 0, 0, 60, 3840, 10

! @  22113 21818 22155 22108 22186 21818 22163 22109 22107 21892
! 64, ise, 64, 0, 0, 64, 4096, 10

! @  25123 25120 24750 25095 25120 25040 25120 25115 24750 25095
