! 56, ise, 64, 0, 0, 8, 448, 10, 10, 444, 450, 444
  result is correct!
! 56, ise, 64, 0, 0, 12, 672, 10, 10, 816, 822, 816
  result is correct!
! 56, ise, 64, 0, 0, 16, 896, 10, 10, 1276, 1282, 1276
  result is correct!
! 56, ise, 64, 0, 0, 20, 1120, 10, 10, 1813, 2245, 1871
  result is correct!
! 56, ise, 64, 0, 0, 24, 1344, 10, 10, 2451, 2882, 2508
  result is correct!
! 56, ise, 64, 0, 0, 28, 1568, 10, 10, 3185, 3722, 3247
  result is correct!
! 56, ise, 64, 0, 0, 32, 1792, 10, 10, 4015, 4549, 4073
  result is correct!
! 56, ise, 64, 0, 0, 36, 2016, 10, 10, 4941, 5373, 5056
  result is correct!
! 56, ise, 64, 0, 0, 40, 2240, 10, 10, 5966, 6393, 6080
  result is correct!
! 56, ise, 64, 0, 0, 44, 2464, 10, 10, 7081, 7615, 7196
  result is correct!
! 56, ise, 64, 0, 0, 48, 2688, 10, 10, 8295, 8832, 8467
  result is correct!
! 56, ise, 64, 0, 0, 52, 2912, 10, 10, 9605, 10140, 9782
  result is correct!
! 56, ise, 64, 0, 0, 56, 3136, 10, 10, 11011, 11546, 11240
  result is correct!
! 56, ise, 64, 0, 0, 60, 3360, 10, 10, 12513, 13050, 12747
  result is correct!
! 56, ise, 64, 0, 0, 64, 3584, 10, 10, 14152, 14652, 14398
  result is correct!
! 56, ise, 64, 0, 0, 68, 3808, 10, 10, 15852, 16343, 16096
  result is correct!
! 56, ise, 64, 0, 0, 72, 4032, 10, 10, 17636, 18132, 17896
  result is correct!

--------------------Threshold debug data--------------------
! 56, ise, 64, 0, 0, 8, 448, 10

! @  450 444 444 444 444 444 444 444 444 444
! 56, ise, 64, 0, 0, 12, 672, 10

! @  822 816 816 816 816 816 816 816 816 816
! 56, ise, 64, 0, 0, 16, 896, 10

! @  1282 1276 1276 1276 1276 1276 1276 1276 1276 1276
! 56, ise, 64, 0, 0, 20, 1120, 10

! @  1819 1813 1813 1813 1813 2245 1955 1813 1813 1813
! 56, ise, 64, 0, 0, 24, 1344, 10

! @  2457 2882 2593 2451 2451 2451 2451 2451 2451 2451
! 56, ise, 64, 0, 0, 28, 1568, 10

! @  3232 3185 3185 3185 3185 3185 3185 3185 3722 3226
! 56, ise, 64, 0, 0, 32, 1792, 10

! @  4021 4015 4015 4015 4549 4056 4015 4015 4015 4015
! 56, ise, 64, 0, 0, 36, 2016, 10

! @  4947 5371 5083 4941 4941 4941 4941 5373 5083 4941
! 56, ise, 64, 0, 0, 40, 2240, 10

! @  6114 5966 5966 5966 6393 6108 5966 5966 5966 6393
! 56, ise, 64, 0, 0, 44, 2464, 10

! @  7087 7081 7615 7122 7081 7081 7614 7122 7081 7081
! 56, ise, 64, 0, 0, 48, 2688, 10

! @  8728 8437 8295 8295 8832 8336 8295 8725 8437 8295
! 56, ise, 64, 0, 0, 52, 2912, 10

! @  9652 9605 10140 9646 9605 10140 9646 9605 10138 9646
! 56, ise, 64, 0, 0, 56, 3136, 10

! @  11448 11153 11011 11546 11052 11440 11153 11011 11440 11153
! 56, ise, 64, 0, 0, 60, 3360, 10

! @  12560 12943 12655 12513 13049 12554 13050 12554 12945 12655
! 56, ise, 64, 0, 0, 64, 3584, 10

! @  14652 14152 14646 14152 14557 14237 14540 14253 14540 14253
! 56, ise, 64, 0, 0, 68, 3808, 10

! @  15852 16343 16275 15947 16235 15947 16234 15947 16236 15947
! 56, ise, 64, 0, 0, 72, 4032, 10

! @  17743 18026 17737 18131 17957 17843 18025 17737 18132 17636
