! 59, ise, 64, 0, 0, 8, 472, 10, 10, 446, 449, 446
  result is correct!
! 59, ise, 64, 0, 0, 12, 708, 10, 10, 817, 821, 817
  result is correct!
! 59, ise, 64, 0, 0, 16, 944, 10, 10, 1277, 1282, 1277
  result is correct!
! 59, ise, 64, 0, 0, 20, 1180, 10, 10, 1814, 2244, 1871
  result is correct!
! 59, ise, 64, 0, 0, 24, 1416, 10, 10, 2452, 2879, 2509
  result is correct!
! 59, ise, 64, 0, 0, 28, 1652, 10, 10, 3186, 3721, 3244
  result is correct!
! 59, ise, 64, 0, 0, 32, 1888, 10, 10, 4016, 4549, 4073
  result is correct!

--------------------Threshold debug data--------------------
! 59, ise, 64, 0, 0, 8, 472, 10

! @  449 446 446 446 446 446 446 446 446 446
! 59, ise, 64, 0, 0, 12, 708, 10

! @  821 817 817 817 817 817 817 817 817 817
! 59, ise, 64, 0, 0, 16, 944, 10

! @  1282 1277 1277 1277 1277 1277 1277 1277 1277 1277
! 59, ise, 64, 0, 0, 20, 1180, 10

! @  1819 1814 1814 1814 1814 2244 1955 1814 1814 1814
! 59, ise, 64, 0, 0, 24, 1416, 10

! @  2457 2879 2593 2452 2452 2452 2452 2452 2452 2452
! 59, ise, 64, 0, 0, 28, 1652, 10

! @  3197 3186 3186 3186 3186 3186 3186 3186 3721 3226
! 59, ise, 64, 0, 0, 32, 1888, 10

! @  4021 4016 4016 4016 4549 4056 4016 4016 4016 4016
