>>>>
====
REPO_HOME         := auto-generated-text
RISCV             := auto-generated-text
MPISE_DESTRUCTIVE := 1
MPISE_STATELESS   := 1
----
ARCH              := rv64
TYPE              := ise
RADIX             := 53
PLATFORM          := cva6-fpga
VERSION           := simple
<<<<
bbl loader
! 53, ise, 64, 1, 1, 8, 424, 10, 9, 444, 444, 444
  result is correct!
! 53, ise, 64, 1, 1, 12, 636, 10, 9, 815, 815, 815
  result is correct!
! 53, ise, 64, 1, 1, 16, 848, 10, 9, 1275, 1275, 1275
  result is correct!
! 53, ise, 64, 1, 1, 20, 1060, 10, 8, 1812, 1817, 1812
  result is correct!
! 53, ise, 64, 1, 1, 24, 1272, 10, 8, 2450, 2455, 2450
  result is correct!
! 53, ise, 64, 1, 1, 28, 1484, 10, 7, 3184, 3184, 3184
  result is correct!
! 53, ise, 64, 1, 1, 32, 1696, 10, 8, 4014, 4019, 4014
  result is correct!
! 53, ise, 64, 1, 1, 36, 1908, 10, 6, 4940, 4945, 4940
  result is correct!
! 53, ise, 64, 1, 1, 40, 2120, 10, 6, 5965, 5965, 5965
  result is correct!
! 53, ise, 64, 1, 1, 44, 2332, 10, 6, 7080, 7085, 7080
  result is correct!
! 53, ise, 64, 1, 1, 48, 2544, 10, 5, 8294, 8335, 8302
  result is correct!
! 53, ise, 64, 1, 1, 52, 2756, 10, 3, 9604, 9604, 9604
  result is correct!
! 53, ise, 64, 1, 1, 56, 2968, 10, 3, 11010, 11051, 11023
  result is correct!
! 53, ise, 64, 1, 1, 60, 3180, 10, 4, 12512, 12558, 12544
  result is correct!
! 53, ise, 64, 1, 1, 64, 3392, 10, 5, 14151, 14252, 14203
  result is correct!
! 53, ise, 64, 1, 1, 68, 3604, 10, 5, 15850, 15946, 15926
  result is correct!
! 53, ise, 64, 1, 1, 72, 3816, 10, 5, 17635, 17821, 17733
  result is correct!
