>>>>
====
REPO_HOME         := auto-generated-text
RISCV             := auto-generated-text
MPISE_DESTRUCTIVE := 0
MPISE_STATELESS   := 1
----
ARCH              := rv32
TYPE              := isa
RADIX             := 21
PLATFORM          := cva6-fpga
VERSION           := simple
<<<<
bbl loader
! 21, isa, 32, 0, 1, 8, 168, 10, 9, 828, 828, 828
  result is correct!
! 21, isa, 32, 0, 1, 12, 252, 10, 8, 1619, 1625, 1619
  result is correct!
! 21, isa, 32, 0, 1, 16, 336, 10, 8, 2662, 2662, 2662
  result is correct!
! 21, isa, 32, 0, 1, 20, 420, 10, 8, 3937, 3943, 3937
  result is correct!
! 21, isa, 32, 0, 1, 24, 504, 10, 6, 5470, 5470, 5470
  result is correct!
! 21, isa, 32, 0, 1, 28, 588, 10, 6, 7257, 7263, 7258
  result is correct!
! 21, isa, 32, 0, 1, 32, 672, 10, 4, 9298, 9325, 9304
  result is correct!
! 21, isa, 32, 0, 1, 36, 756, 10, 2, 11593, 11593, 11593
  result is correct!
! 21, isa, 32, 0, 1, 40, 840, 10, 3, 14164, 14169, 14165
  result is correct!
! 21, isa, 32, 0, 1, 44, 924, 10, 2, 16967, 16967, 16967
  result is correct!
! 21, isa, 32, 0, 1, 48, 1008, 10, 3, 20130, 20130, 20130
  result is correct!
! 21, isa, 32, 0, 1, 52, 1092, 10, 2, 23768, 23768, 23768
  result is correct!
! 21, isa, 32, 0, 1, 56, 1176, 10, 3, 27430, 27443, 27437
  result is correct!
! 21, isa, 32, 0, 1, 60, 1260, 10, 1, 31267, 31267, 31267
  result is correct!
! 21, isa, 32, 0, 1, 64, 1344, 10, 6, 35330, 35346, 35335
  result is correct!
! 21, isa, 32, 0, 1, 68, 1428, 10, 3, 39657, 39659, 39658
  result is correct!
! 21, isa, 32, 0, 1, 72, 1512, 10, 5, 44239, 44357, 44330
  result is correct!
