>>>>
====
REPO_HOME         := auto-generated-text
RISCV             := auto-generated-text
MPISE_DESTRUCTIVE := 0
MPISE_STATELESS   := 1
----
ARCH              := rv32
TYPE              := ise
RADIX             := 27
PLATFORM          := cva6-fpga
VERSION           := hybrid
<<<<
bbl loader
! 27, ise, 32, 0, 1, 8, 216, 10, 9, 467, 467, 467
  result is correct!
! 27, ise, 32, 0, 1, 12, 324, 10, 9, 836, 836, 836
  result is correct!
! 27, ise, 32, 0, 1, 16, 432, 10, 9, 1299, 1299, 1299
  result is correct!
! 27, ise, 32, 0, 1, 20, 540, 10, 7, 1838, 1838, 1838
  result is correct!
! 27, ise, 32, 0, 1, 24, 648, 10, 8, 2477, 2491, 2478
  result is correct!
! 27, ise, 32, 0, 1, 28, 756, 10, 8, 3212, 3214, 3212
  result is correct!
! 27, ise, 32, 0, 1, 32, 864, 10, 7, 4043, 4043, 4043
  result is correct!
