>>>>
====
REPO_HOME         := auto-generated-text
RISCV             := auto-generated-text
MPISE_DESTRUCTIVE := 0
MPISE_STATELESS   := 1
----
ARCH              := rv32
TYPE              := isa
RADIX             := 30
PLATFORM          := cva6-fpga
VERSION           := hybrid
<<<<
bbl loader
! 30, isa, 32, 0, 1, 8, 240, 10, 9, 833, 833, 833
  result is correct!
! 30, isa, 32, 0, 1, 12, 360, 10, 8, 1614, 1618, 1614
  result is correct!
! 30, isa, 32, 0, 1, 16, 480, 10, 8, 2662, 2662, 2662
  result is correct!
