! 60, isa, 64, 0, 0, 8, 480, 10, 10, 809, 814, 809
  result is correct!
! 60, isa, 64, 0, 0, 12, 720, 10, 10, 1596, 2007, 1657
  result is correct!
! 60, isa, 64, 0, 0, 16, 960, 10, 10, 2640, 3099, 2701
  result is correct!
! 60, isa, 64, 0, 0, 20, 1200, 10, 10, 3914, 4366, 3975
  result is correct!
! 60, isa, 64, 0, 0, 24, 1440, 10, 10, 5447, 6021, 5569
  result is correct!
! 60, isa, 64, 0, 0, 28, 1680, 10, 10, 7234, 7809, 7356
  result is correct!
! 60, isa, 64, 0, 0, 32, 1920, 10, 10, 9275, 9729, 9462
  result is correct!
! 60, isa, 64, 0, 0, 36, 2160, 10, 10, 11570, 12151, 11815
  result is correct!
! 60, isa, 64, 0, 0, 40, 2400, 10, 10, 14158, 14700, 14426
  result is correct!
! 60, isa, 64, 0, 0, 44, 2640, 10, 10, 16958, 17498, 17285
  result is correct!
! 60, isa, 64, 0, 0, 48, 2880, 10, 10, 20137, 20559, 20403
  result is correct!
! 60, isa, 64, 0, 0, 52, 3120, 10, 10, 23448, 23903, 23779
  result is correct!
! 60, isa, 64, 0, 0, 56, 3360, 10, 10, 27013, 27470, 27404
  result is correct!
! 60, isa, 64, 0, 0, 60, 3600, 10, 10, 31276, 31409, 31298
  result is correct!
! 60, isa, 64, 0, 0, 64, 3840, 10, 10, 35355, 35759, 35462
  result is correct!
! 60, isa, 64, 0, 0, 68, 4080, 10, 10, 39678, 40084, 39840
  result is correct!
! 60, isa, 64, 0, 0, 72, 4320, 10, 10, 44346, 44670, 44521
  result is correct!

--------------------Threshold debug data--------------------
! 60, isa, 64, 0, 0, 8, 480, 10

! @  814 809 809 809 809 809 809 809 809 809
! 60, isa, 64, 0, 0, 12, 720, 10

! @  1601 1596 1596 1596 1596 1596 1596 2007 1790 1596
! 60, isa, 64, 0, 0, 16, 960, 10

! @  3099 2798 2640 2640 2640 2640 2640 2640 2640 2640
! 60, isa, 64, 0, 0, 20, 1200, 10

! @  3919 3914 3914 3914 4366 4072 3914 3914 3914 3914
! 60, isa, 64, 0, 0, 24, 1440, 10

! @  5906 5605 5447 5447 5447 5447 6021 5483 5447 5447
! 60, isa, 64, 0, 0, 28, 1680, 10

! @  7239 7234 7809 7270 7234 7234 7809 7270 7234 7234
! 60, isa, 64, 0, 0, 32, 1920, 10

! @  9316 9275 9727 9433 9275 9728 9433 9275 9729 9433
! 60, isa, 64, 0, 0, 36, 2160, 10

! @  12151 11606 12025 11728 11570 12146 11606 12025 11728 11570
! 60, isa, 64, 0, 0, 40, 2400, 10

! @  14700 14158 14695 14158 14690 14163 14572 14280 14573 14280
! 60, isa, 64, 0, 0, 44, 2640, 10

! @  17495 16958 17498 17412 17080 17377 17080 17498 16958 17497
! 60, isa, 64, 0, 0, 48, 2880, 10

! @  20559 20468 20137 20555 20469 20137 20554 20469 20137 20553
! 60, isa, 64, 0, 0, 52, 3120, 10

! @  23870 23901 23780 23901 23448 23865 23903 23780 23901 23448
! 60, isa, 64, 0, 0, 56, 3360, 10

! @  27470 27013 27420 27467 27466 27466 27467 27462 27349 27466
! 60, isa, 64, 0, 0, 60, 3600, 10

! @  31409 31287 31291 31287 31286 31285 31287 31286 31287 31276
! 60, isa, 64, 0, 0, 64, 3840, 10

! @  35759 35359 35358 35476 35364 35359 35755 35355 35359 35480
! 60, isa, 64, 0, 0, 68, 4080, 10

! @  39808 39691 40084 39678 39806 40082 39682 39808 40082 39687
! 60, isa, 64, 0, 0, 72, 4320, 10

! @  44668 44387 44665 44389 44661 44383 44670 44383 44665 44346
