>>>>
====
REPO_HOME         := auto-generated-text
RISCV             := auto-generated-text
MPISE_DESTRUCTIVE := 1
MPISE_STATELESS   := 1
----
ARCH              := rv32
TYPE              := ise
RADIX             := 25
PLATFORM          := cva6-fpga
VERSION           := simple
<<<<
bbl loader
! 25, ise, 32, 1, 1, 8, 200, 10, 9, 1020, 1020, 1020
  result is correct!
! 25, ise, 32, 1, 1, 12, 300, 10, 9, 2036, 2042, 2037
  result is correct!
! 25, ise, 32, 1, 1, 16, 400, 10, 9, 3404, 3410, 3405
  result is correct!
! 25, ise, 32, 1, 1, 20, 500, 10, 8, 5124, 5130, 5126
  result is correct!
! 25, ise, 32, 1, 1, 24, 600, 10, 8, 7196, 7202, 7198
  result is correct!
! 25, ise, 32, 1, 1, 28, 700, 10, 7, 9620, 9631, 9624
  result is correct!
! 25, ise, 32, 1, 1, 32, 800, 10, 6, 12396, 12419, 12406
  result is correct!
! 25, ise, 32, 1, 1, 36, 900, 10, 5, 15530, 15540, 15532
  result is correct!
! 25, ise, 32, 1, 1, 40, 1000, 10, 4, 19010, 19022, 19019
  result is correct!
! 25, ise, 32, 1, 1, 44, 1100, 10, 2, 23147, 23147, 23147
  result is correct!
! 25, ise, 32, 1, 1, 48, 1200, 10, 4, 27343, 27345, 27344
  result is correct!
! 25, ise, 32, 1, 1, 52, 1300, 10, 5, 31882, 31882, 31882
  result is correct!
! 25, ise, 32, 1, 1, 56, 1400, 10, 6, 36765, 36774, 36770
  result is correct!
! 25, ise, 32, 1, 1, 60, 1500, 10, 6, 42008, 42025, 42017
  result is correct!
! 25, ise, 32, 1, 1, 64, 1600, 10, 4, 47599, 47617, 47608
  result is correct!
! 25, ise, 32, 1, 1, 68, 1700, 10, 2, 53837, 53841, 53839
  result is correct!
! 25, ise, 32, 1, 1, 72, 1800, 10, 2, 60141, 60141, 60141
  result is correct!
