>>>>
====
REPO_HOME         := auto-generated-text
RISCV             := auto-generated-text
MPISE_DESTRUCTIVE := 1
MPISE_STATELESS   := 1
----
ARCH              := rv32
TYPE              := ise
RADIX             := 23
PLATFORM          := cva6-fpga
VERSION           := simple
<<<<
bbl loader
! 23, ise, 32, 1, 1, 8, 184, 10, 9, 1020, 1020, 1020
  result is correct!
! 23, ise, 32, 1, 1, 12, 276, 10, 9, 2036, 2042, 2037
  result is correct!
! 23, ise, 32, 1, 1, 16, 368, 10, 9, 3404, 3410, 3405
  result is correct!
! 23, ise, 32, 1, 1, 20, 460, 10, 8, 5124, 5130, 5126
  result is correct!
! 23, ise, 32, 1, 1, 24, 552, 10, 8, 7196, 7202, 7198
  result is correct!
! 23, ise, 32, 1, 1, 28, 644, 10, 7, 9620, 9631, 9624
  result is correct!
! 23, ise, 32, 1, 1, 32, 736, 10, 6, 12396, 12419, 12406
  result is correct!
! 23, ise, 32, 1, 1, 36, 828, 10, 5, 15530, 15539, 15531
  result is correct!
! 23, ise, 32, 1, 1, 40, 920, 10, 4, 19010, 19022, 19019
  result is correct!
! 23, ise, 32, 1, 1, 44, 1012, 10, 2, 23147, 23147, 23147
  result is correct!
! 23, ise, 32, 1, 1, 48, 1104, 10, 4, 27343, 27345, 27344
  result is correct!
! 23, ise, 32, 1, 1, 52, 1196, 10, 5, 31882, 31882, 31882
  result is correct!
! 23, ise, 32, 1, 1, 56, 1288, 10, 6, 36765, 36774, 36770
  result is correct!
! 23, ise, 32, 1, 1, 60, 1380, 10, 6, 42008, 42025, 42017
  result is correct!
! 23, ise, 32, 1, 1, 64, 1472, 10, 4, 47599, 47617, 47608
  result is correct!
! 23, ise, 32, 1, 1, 68, 1564, 10, 2, 53837, 53841, 53839
  result is correct!
! 23, ise, 32, 1, 1, 72, 1656, 10, 2, 60141, 60141, 60141
  result is correct!
