>>>>
====
REPO_HOME         := auto-generated-text
RISCV             := auto-generated-text
MPISE_DESTRUCTIVE := 1
MPISE_STATELESS   := 1
----
ARCH              := rv32
TYPE              := isa
RADIX             := 32
PLATFORM          := cva6-fpga
VERSION           := simple
<<<<
bbl loader
! 32, isa, 32, 1, 1, 8, 256, 10, 7, 1318, 1318, 1318
  result is correct!
! 32, isa, 32, 1, 1, 12, 384, 10, 8, 2726, 2726, 2726
  result is correct!
! 32, isa, 32, 1, 1, 16, 512, 10, 5, 4646, 4646, 4646
  result is correct!
! 32, isa, 32, 1, 1, 20, 640, 10, 6, 7078, 7080, 7078
  result is correct!
! 32, isa, 32, 1, 1, 24, 768, 10, 7, 10022, 10043, 10033
  result is correct!
! 32, isa, 32, 1, 1, 28, 896, 10, 5, 13478, 13499, 13487
  result is correct!
! 32, isa, 32, 1, 1, 32, 1024, 10, 4, 17467, 17467, 17467
  result is correct!
! 32, isa, 32, 1, 1, 36, 1152, 10, 3, 21947, 21947, 21947
  result is correct!
! 32, isa, 32, 1, 1, 40, 1280, 10, 1, 27235, 27235, 27235
  result is correct!
! 32, isa, 32, 1, 1, 44, 1408, 10, 2, 32745, 32745, 32745
  result is correct!
! 32, isa, 32, 1, 1, 48, 1536, 10, 7, 38760, 38781, 38771
  result is correct!
! 32, isa, 32, 1, 1, 52, 1664, 10, 5, 45289, 45309, 45303
  result is correct!
! 32, isa, 32, 1, 1, 56, 1792, 10, 2, 52635, 52635, 52635
  result is correct!
! 32, isa, 32, 1, 1, 60, 1920, 10, 7, 60189, 60190, 60189
  result is correct!
! 32, isa, 32, 1, 1, 64, 2048, 10, 7, 68251, 68254, 68253
  result is correct!
