! 64, ise, 64, 1, 0, 8, 512, 10, 10, 551, 554, 551
  result is correct!
! 64, ise, 64, 1, 0, 12, 768, 10, 10, 1154, 1158, 1154
  result is correct!
! 64, ise, 64, 1, 0, 16, 1024, 10, 10, 1980, 2411, 2028
  result is correct!
! 64, ise, 64, 1, 0, 20, 1280, 10, 10, 2997, 3452, 3053
  result is correct!
! 64, ise, 64, 1, 0, 24, 1536, 10, 10, 4234, 4606, 4282
  result is correct!
! 64, ise, 64, 1, 0, 28, 1792, 10, 10, 5687, 6149, 5784
  result is correct!
! 64, ise, 64, 1, 0, 32, 2048, 10, 10, 7356, 7729, 7489
  result is correct!
! 64, ise, 64, 1, 0, 36, 2304, 10, 10, 9241, 9700, 9386
  result is correct!
! 64, ise, 64, 1, 0, 40, 2560, 10, 10, 11342, 11804, 11535
  result is correct!
! 64, ise, 64, 1, 0, 44, 2816, 10, 10, 13659, 14117, 13898
  result is correct!
! 64, ise, 64, 1, 0, 48, 3072, 10, 10, 16218, 16650, 16464
  result is correct!
! 64, ise, 64, 1, 0, 52, 3328, 10, 10, 19050, 19399, 19233
  result is correct!
! 64, ise, 64, 1, 0, 56, 3584, 10, 10, 22015, 22389, 22246
  result is correct!
! 64, ise, 64, 1, 0, 60, 3840, 10, 10, 25196, 25571, 25513
  result is correct!
! 64, ise, 64, 1, 0, 64, 4096, 10, 10, 28883, 28973, 28958
  result is correct!

--------------------Threshold debug data--------------------
! 64, ise, 64, 1, 0, 8, 512, 10

! @  554 551 551 551 551 551 551 551 551 551
! 64, ise, 64, 1, 0, 12, 768, 10

! @  1158 1154 1154 1154 1154 1154 1154 1154 1154 1154
! 64, ise, 64, 1, 0, 16, 1024, 10

! @  1984 1980 1980 1980 2411 2029 1980 1980 1980 1980
! 64, ise, 64, 1, 0, 20, 1280, 10

! @  3111 2997 2997 2997 2997 2997 2997 2997 2997 3452
! 64, ise, 64, 1, 0, 24, 1536, 10

! @  4238 4234 4234 4606 4343 4234 4234 4234 4234 4234
! 64, ise, 64, 1, 0, 28, 1792, 10

! @  6149 5713 5687 5687 5687 6144 5713 5687 5687 5687
! 64, ise, 64, 1, 0, 32, 2048, 10

! @  7360 7726 7465 7356 7356 7729 7465 7356 7356 7728
! 64, ise, 64, 1, 0, 36, 2304, 10

! @  9272 9241 9613 9350 9241 9613 9350 9241 9241 9700
! 64, ise, 64, 1, 0, 40, 2560, 10

! @  11804 11368 11715 11451 11342 11741 11427 11342 11800 11368
! 64, ise, 64, 1, 0, 44, 2816, 10

! @  14036 13768 14031 13768 13659 14117 13685 14117 13685 14117
! 64, ise, 64, 1, 0, 48, 3072, 10

! @  16595 16301 16564 16301 16612 16256 16649 16218 16650 16502
! 64, ise, 64, 1, 0, 52, 3328, 10

! @  19344 19050 19399 19340 19050 19313 19050 19399 19340 19050
! 64, ise, 64, 1, 0, 56, 3584, 10

! @  22309 22015 22364 22389 22305 22015 22362 22389 22304 22015
! 64, ise, 64, 1, 0, 60, 3840, 10

! @  25490 25569 25569 25196 25544 25571 25567 25486 25570 25569
! 64, ise, 64, 1, 0, 64, 4096, 10

! @  28973 28967 28968 28968 28967 28967 28883 28966 28965 28965
