! 64, isa, 64, 1, 0, 8, 512, 10, 10, 746, 748, 746
  result is correct!
! 64, isa, 64, 1, 0, 12, 768, 10, 10, 1591, 2093, 1643
  result is correct!
! 64, isa, 64, 1, 0, 16, 1024, 10, 10, 2756, 3262, 2810
  result is correct!
! 64, isa, 64, 1, 0, 20, 1280, 10, 10, 4202, 4603, 4256
  result is correct!
! 64, isa, 64, 1, 0, 24, 1536, 10, 10, 5967, 6368, 6075
  result is correct!
! 64, isa, 64, 1, 0, 28, 1792, 10, 10, 8044, 8556, 8205
  result is correct!
! 64, isa, 64, 1, 0, 32, 2048, 10, 10, 10433, 10945, 10634
  result is correct!
! 64, isa, 64, 1, 0, 36, 2304, 10, 10, 13134, 13647, 13349
  result is correct!
! 64, isa, 64, 1, 0, 40, 2560, 10, 10, 16170, 16659, 16418
  result is correct!
! 64, isa, 64, 1, 0, 44, 2816, 10, 10, 19611, 19985, 19837
  result is correct!
! 64, isa, 64, 1, 0, 48, 3072, 10, 10, 23248, 23645, 23537
  result is correct!
! 64, isa, 64, 1, 0, 52, 3328, 10, 10, 27197, 27601, 27542
  result is correct!
! 64, isa, 64, 1, 0, 56, 3584, 10, 10, 31854, 32236, 31894
  result is correct!
! 64, isa, 64, 1, 0, 60, 3840, 10, 10, 36427, 36808, 36529
  result is correct!
! 64, isa, 64, 1, 0, 64, 4096, 10, 10, 41316, 41802, 41511
  result is correct!

--------------------Threshold debug data--------------------
! 64, isa, 64, 1, 0, 8, 512, 10

! @  748 746 746 746 746 746 746 746 746 746
! 64, isa, 64, 1, 0, 12, 768, 10

! @  1593 1591 1591 1591 1591 1591 1591 1591 2093 1614
! 64, isa, 64, 1, 0, 16, 1024, 10

! @  3262 2790 2756 2756 2756 2756 2756 2756 2756 2756
! 64, isa, 64, 1, 0, 20, 1280, 10

! @  4204 4202 4202 4603 4341 4202 4202 4202 4202 4202
! 64, isa, 64, 1, 0, 24, 1536, 10

! @  6110 5967 5967 5967 6368 6106 5967 5967 5967 6368
! 64, isa, 64, 1, 0, 28, 1792, 10

! @  8447 8183 8044 8044 8486 8143 8044 8044 8556 8067
! 64, isa, 64, 1, 0, 32, 2048, 10

! @  10435 10945 10456 10433 10945 10456 10833 10572 10433 10833
! 64, isa, 64, 1, 0, 36, 2304, 10

! @  13136 13647 13157 13645 13157 13534 13273 13535 13273 13134
! 64, isa, 64, 1, 0, 40, 2560, 10

! @  16574 16286 16548 16286 16548 16286 16659 16170 16659 16170
! 64, isa, 64, 1, 0, 44, 2816, 10

! @  19900 19611 19984 19897 19611 19984 19895 19611 19985 19895
! 64, isa, 64, 1, 0, 48, 3072, 10

! @  23625 23645 23533 23628 23267 23622 23562 23620 23248 23622
! 64, isa, 64, 1, 0, 52, 3328, 10

! @  27601 27597 27197 27571 27592 27594 27593 27595 27588 27493
! 64, isa, 64, 1, 0, 56, 3584, 10

! @  31858 31856 31854 31854 31854 32236 31859 31859 31858 31858
! 64, isa, 64, 1, 0, 60, 3840, 10

! @  36436 36538 36438 36808 36431 36432 36543 36427 36808 36432
! 64, isa, 64, 1, 0, 64, 4096, 10

! @  41699 41316 41802 41316 41428 41694 41316 41428 41693 41423
