! 58, ise, 64, 1, 0, 8, 464, 10, 10, 446, 449, 446
  result is correct!
! 58, ise, 64, 1, 0, 12, 696, 10, 10, 817, 821, 817
  result is correct!
! 58, ise, 64, 1, 0, 16, 928, 10, 10, 1277, 1282, 1277
  result is correct!
! 58, ise, 64, 1, 0, 20, 1160, 10, 10, 1814, 2244, 1871
  result is correct!
! 58, ise, 64, 1, 0, 24, 1392, 10, 10, 2452, 2879, 2509
  result is correct!
! 58, ise, 64, 1, 0, 28, 1624, 10, 10, 3186, 3721, 3244
  result is correct!
! 58, ise, 64, 1, 0, 32, 1856, 10, 10, 4016, 4549, 4073
  result is correct!
! 58, ise, 64, 1, 0, 36, 2088, 10, 10, 4942, 5372, 5056
  result is correct!
! 58, ise, 64, 1, 0, 40, 2320, 10, 10, 5967, 6392, 6080
  result is correct!
! 58, ise, 64, 1, 0, 44, 2552, 10, 10, 7082, 7615, 7196
  result is correct!
! 58, ise, 64, 1, 0, 48, 2784, 10, 10, 8296, 8830, 8468
  result is correct!
! 58, ise, 64, 1, 0, 52, 3016, 10, 10, 9606, 10142, 9783
  result is correct!
! 58, ise, 64, 1, 0, 56, 3248, 10, 10, 11012, 11547, 11240
  result is correct!
! 58, ise, 64, 1, 0, 60, 3480, 10, 10, 12514, 13050, 12747
  result is correct!
! 58, ise, 64, 1, 0, 64, 3712, 10, 10, 14152, 14647, 14397
  result is correct!

--------------------Threshold debug data--------------------
! 58, ise, 64, 1, 0, 8, 464, 10

! @  449 446 446 446 446 446 446 446 446 446
! 58, ise, 64, 1, 0, 12, 696, 10

! @  821 817 817 817 817 817 817 817 817 817
! 58, ise, 64, 1, 0, 16, 928, 10

! @  1282 1277 1277 1277 1277 1277 1277 1277 1277 1277
! 58, ise, 64, 1, 0, 20, 1160, 10

! @  1819 1814 1814 1814 1814 2244 1955 1814 1814 1814
! 58, ise, 64, 1, 0, 24, 1392, 10

! @  2457 2879 2593 2452 2452 2452 2452 2452 2452 2452
! 58, ise, 64, 1, 0, 28, 1624, 10

! @  3197 3186 3186 3186 3186 3186 3186 3186 3721 3226
! 58, ise, 64, 1, 0, 32, 1856, 10

! @  4021 4016 4016 4016 4549 4056 4016 4016 4016 4016
! 58, ise, 64, 1, 0, 36, 2088, 10

! @  4947 5372 5083 4942 4942 4942 4942 5370 5083 4942
! 58, ise, 64, 1, 0, 40, 2320, 10

! @  6114 5967 5967 5967 6392 6108 5967 5967 5967 6392
! 58, ise, 64, 1, 0, 44, 2552, 10

! @  7087 7082 7615 7122 7082 7082 7613 7122 7082 7082
! 58, ise, 64, 1, 0, 48, 2784, 10

! @  8732 8437 8296 8296 8830 8336 8296 8726 8437 8296
! 58, ise, 64, 1, 0, 52, 3016, 10

! @  9652 9606 10142 9646 9606 10141 9646 9606 10142 9646
! 58, ise, 64, 1, 0, 56, 3248, 10

! @  11445 11153 11012 11547 11052 11441 11153 11012 11439 11153
! 58, ise, 64, 1, 0, 60, 3480, 10

! @  12560 12944 12655 12514 13050 12554 13047 12554 12943 12655
! 58, ise, 64, 1, 0, 64, 3712, 10

! @  14647 14152 14645 14152 14593 14200 14541 14253 14540 14253
