! 50, ise, 64, 1, 0, 8, 400, 10, 10, 444, 450, 444
  result is correct!
! 50, ise, 64, 1, 0, 12, 600, 10, 10, 816, 822, 816
  result is correct!
! 50, ise, 64, 1, 0, 16, 800, 10, 10, 1276, 1282, 1276
  result is correct!
! 50, ise, 64, 1, 0, 20, 1000, 10, 10, 1813, 2245, 1871
  result is correct!
! 50, ise, 64, 1, 0, 24, 1200, 10, 10, 2451, 2881, 2508
  result is correct!
! 50, ise, 64, 1, 0, 28, 1400, 10, 10, 3185, 3720, 3247
  result is correct!
! 50, ise, 64, 1, 0, 32, 1600, 10, 10, 4015, 4549, 4073
  result is correct!
! 50, ise, 64, 1, 0, 36, 1800, 10, 10, 4941, 5372, 5056
  result is correct!
! 50, ise, 64, 1, 0, 40, 2000, 10, 10, 5966, 6394, 6080
  result is correct!
! 50, ise, 64, 1, 0, 44, 2200, 10, 10, 7081, 7618, 7196
  result is correct!
! 50, ise, 64, 1, 0, 48, 2400, 10, 10, 8295, 8830, 8467
  result is correct!
! 50, ise, 64, 1, 0, 52, 2600, 10, 10, 9605, 10140, 9782
  result is correct!
! 50, ise, 64, 1, 0, 56, 2800, 10, 10, 11011, 11546, 11240
  result is correct!
! 50, ise, 64, 1, 0, 60, 3000, 10, 10, 12513, 13050, 12747
  result is correct!
! 50, ise, 64, 1, 0, 64, 3200, 10, 10, 14152, 14652, 14398
  result is correct!
! 50, ise, 64, 1, 0, 68, 3400, 10, 10, 15852, 16342, 16096
  result is correct!
! 50, ise, 64, 1, 0, 72, 3600, 10, 10, 17636, 18133, 17897
  result is correct!

--------------------Threshold debug data--------------------
! 50, ise, 64, 1, 0, 8, 400, 10

! @  450 444 444 444 444 444 444 444 444 444
! 50, ise, 64, 1, 0, 12, 600, 10

! @  822 816 816 816 816 816 816 816 816 816
! 50, ise, 64, 1, 0, 16, 800, 10

! @  1282 1276 1276 1276 1276 1276 1276 1276 1276 1276
! 50, ise, 64, 1, 0, 20, 1000, 10

! @  1819 1813 1813 1813 1813 2245 1955 1813 1813 1813
! 50, ise, 64, 1, 0, 24, 1200, 10

! @  2457 2881 2593 2451 2451 2451 2451 2451 2451 2451
! 50, ise, 64, 1, 0, 28, 1400, 10

! @  3232 3185 3185 3185 3185 3185 3185 3185 3720 3226
! 50, ise, 64, 1, 0, 32, 1600, 10

! @  4021 4015 4015 4015 4549 4056 4015 4015 4015 4015
! 50, ise, 64, 1, 0, 36, 1800, 10

! @  4947 5371 5083 4941 4941 4941 4941 5372 5083 4941
! 50, ise, 64, 1, 0, 40, 2000, 10

! @  6114 5966 5966 5966 6394 6108 5966 5966 5966 6393
! 50, ise, 64, 1, 0, 44, 2200, 10

! @  7087 7081 7618 7122 7081 7081 7614 7122 7081 7081
! 50, ise, 64, 1, 0, 48, 2400, 10

! @  8728 8437 8295 8295 8830 8336 8295 8727 8437 8295
! 50, ise, 64, 1, 0, 52, 2600, 10

! @  9652 9605 10140 9646 9605 10140 9646 9605 10138 9646
! 50, ise, 64, 1, 0, 56, 2800, 10

! @  11445 11153 11011 11546 11052 11440 11153 11011 11440 11153
! 50, ise, 64, 1, 0, 60, 3000, 10

! @  12560 12943 12655 12513 13049 12554 13050 12554 12945 12655
! 50, ise, 64, 1, 0, 64, 3200, 10

! @  14652 14152 14646 14152 14552 14243 14540 14253 14540 14253
! 50, ise, 64, 1, 0, 68, 3400, 10

! @  15852 16342 16275 15947 16237 15947 16236 15947 16234 15947
! 50, ise, 64, 1, 0, 72, 3600, 10

! @  17743 18026 17737 18133 17975 17827 18024 17737 18133 17636
