>>>>
====
REPO_HOME         := auto-generated-text
RISCV             := auto-generated-text
MPISE_DESTRUCTIVE := 1
MPISE_STATELESS   := 0
----
ARCH              := rv64
TYPE              := isa
RADIX             := 62
PLATFORM          := cva6-verilator
VERSION           := hybrid
<<<<
bbl loader
! 62, isa, 64, 1, 0, 8, 496, 10, 10, 811, 813, 811
  result is correct!
! 62, isa, 64, 1, 0, 12, 744, 10, 10, 1598, 2009, 1658
  result is correct!
! 62, isa, 64, 1, 0, 16, 992, 10, 10, 2637, 3085, 2697
  result is correct!
