>>>>
====
REPO_HOME         := auto-generated-text
RISCV             := auto-generated-text
MPISE_DESTRUCTIVE := 1
MPISE_STATELESS   := 0
----
ARCH              := rv64
TYPE              := ise
RADIX             := 55
PLATFORM          := cva6-verilator
VERSION           := simple
<<<<
bbl loader
! 55, ise, 64, 1, 0, 8, 440, 10, 10, 1006, 1012, 1006
  result is correct!
! 55, ise, 64, 1, 0, 12, 660, 10, 10, 2019, 2334, 2051
  result is correct!
! 55, ise, 64, 1, 0, 16, 880, 10, 10, 3383, 3698, 3415
  result is correct!
! 55, ise, 64, 1, 0, 20, 1100, 10, 10, 5099, 5419, 5164
  result is correct!
! 55, ise, 64, 1, 0, 24, 1320, 10, 10, 7167, 7486, 7232
  result is correct!
! 55, ise, 64, 1, 0, 28, 1540, 10, 10, 9587, 9907, 9685
  result is correct!
! 55, ise, 64, 1, 0, 32, 1760, 10, 10, 12359, 12679, 12489
  result is correct!
! 55, ise, 64, 1, 0, 36, 1980, 10, 10, 15488, 15802, 15646
  result is correct!
! 55, ise, 64, 1, 0, 40, 2200, 10, 10, 18964, 19279, 19154
  result is correct!
! 55, ise, 64, 1, 0, 44, 2420, 10, 10, 22806, 23114, 23045
  result is correct!
! 55, ise, 64, 1, 0, 48, 2640, 10, 10, 26986, 27297, 27258
  result is correct!
! 55, ise, 64, 1, 0, 52, 2860, 10, 10, 31819, 32111, 31850
  result is correct!
! 55, ise, 64, 1, 0, 56, 3080, 10, 10, 36703, 36997, 36767
  result is correct!
! 55, ise, 64, 1, 0, 60, 3300, 10, 10, 41942, 42249, 42065
  result is correct!
! 55, ise, 64, 1, 0, 64, 3520, 10, 10, 47531, 47835, 47713
  result is correct!
! 55, ise, 64, 1, 0, 68, 3740, 10, 10, 53467, 53776, 53712
  result is correct!
! 55, ise, 64, 1, 0, 72, 3960, 10, 10, 60061, 60073, 60066
  result is correct!
