>>>>
====
REPO_HOME         := auto-generated-text
RISCV             := auto-generated-text
MPISE_DESTRUCTIVE := 1
MPISE_STATELESS   := 0
----
ARCH              := rv64
TYPE              := ise
RADIX             := 59
PLATFORM          := cva6-verilator
VERSION           := hybrid
<<<<
bbl loader
! 59, ise, 64, 1, 0, 8, 472, 10, 10, 446, 449, 446
  result is correct!
! 59, ise, 64, 1, 0, 12, 708, 10, 10, 817, 821, 817
  result is correct!
! 59, ise, 64, 1, 0, 16, 944, 10, 10, 1277, 1282, 1277
  result is correct!
! 59, ise, 64, 1, 0, 20, 1180, 10, 10, 1814, 2244, 1871
  result is correct!
! 59, ise, 64, 1, 0, 24, 1416, 10, 10, 2452, 2879, 2509
  result is correct!
! 59, ise, 64, 1, 0, 28, 1652, 10, 10, 3186, 3721, 3244
  result is correct!
! 59, ise, 64, 1, 0, 32, 1888, 10, 10, 4016, 4549, 4073
  result is correct!
