>>>>
====
REPO_HOME         := auto-generated-text
RISCV             := auto-generated-text
MPISE_DESTRUCTIVE := 1
MPISE_STATELESS   := 0
----
ARCH              := rv64
TYPE              := ise
RADIX             := 53
PLATFORM          := cva6-verilator
VERSION           := hybrid
<<<<
bbl loader
! 53, ise, 64, 1, 0, 8, 424, 10, 10, 444, 450, 444
  result is correct!
! 53, ise, 64, 1, 0, 12, 636, 10, 10, 816, 822, 816
  result is correct!
! 53, ise, 64, 1, 0, 16, 848, 10, 10, 1276, 1282, 1276
  result is correct!
! 53, ise, 64, 1, 0, 20, 1060, 10, 10, 1813, 2245, 1871
  result is correct!
! 53, ise, 64, 1, 0, 24, 1272, 10, 10, 2451, 2881, 2508
  result is correct!
! 53, ise, 64, 1, 0, 28, 1484, 10, 10, 3185, 3720, 3247
  result is correct!
! 53, ise, 64, 1, 0, 32, 1696, 10, 10, 4015, 4549, 4073
  result is correct!
! 53, ise, 64, 1, 0, 36, 1908, 10, 10, 4941, 5372, 5056
  result is correct!
! 53, ise, 64, 1, 0, 40, 2120, 10, 10, 5966, 6394, 6080
  result is correct!
! 53, ise, 64, 1, 0, 44, 2332, 10, 10, 7081, 7618, 7196
  result is correct!
! 53, ise, 64, 1, 0, 48, 2544, 10, 10, 8295, 8830, 8467
  result is correct!
! 53, ise, 64, 1, 0, 52, 2756, 10, 10, 9605, 10140, 9782
  result is correct!
! 53, ise, 64, 1, 0, 56, 2968, 10, 10, 11011, 11546, 11240
  result is correct!
! 53, ise, 64, 1, 0, 60, 3180, 10, 10, 12513, 13050, 12747
  result is correct!
! 53, ise, 64, 1, 0, 64, 3392, 10, 10, 14152, 14652, 14398
  result is correct!
! 53, ise, 64, 1, 0, 68, 3604, 10, 10, 15852, 16342, 16096
  result is correct!
! 53, ise, 64, 1, 0, 72, 3816, 10, 10, 17636, 18133, 17897
  result is correct!
