>>>>
====
REPO_HOME         := auto-generated-text
RISCV             := auto-generated-text
MPISE_DESTRUCTIVE := 1
MPISE_STATELESS   := 0
----
ARCH              := rv64
TYPE              := isa
RADIX             := 61
PLATFORM          := cva6-verilator
VERSION           := simple
<<<<
bbl loader
! 61, isa, 64, 1, 0, 8, 488, 10, 10, 1217, 1220, 1217
  result is correct!
! 61, isa, 64, 1, 0, 12, 732, 10, 10, 2481, 2783, 2514
  result is correct!
! 61, isa, 64, 1, 0, 16, 976, 10, 10, 4193, 4496, 4226
  result is correct!
! 61, isa, 64, 1, 0, 20, 1220, 10, 10, 6353, 6656, 6419
  result is correct!
! 61, isa, 64, 1, 0, 24, 1464, 10, 10, 8961, 9292, 9061
  result is correct!
! 61, isa, 64, 1, 0, 28, 1708, 10, 10, 12017, 12348, 12149
  result is correct!
! 61, isa, 64, 1, 0, 32, 1952, 10, 10, 15524, 15853, 15688
  result is correct!
! 61, isa, 64, 1, 0, 36, 2196, 10, 10, 19501, 19804, 19703
  result is correct!
! 61, isa, 64, 1, 0, 40, 2440, 10, 10, 23901, 24206, 24138
  result is correct!
! 61, isa, 64, 1, 0, 44, 2684, 10, 10, 29028, 29060, 29051
  result is correct!
! 61, isa, 64, 1, 0, 48, 2928, 10, 10, 34345, 34636, 34383
  result is correct!
! 61, isa, 64, 1, 0, 52, 3172, 10, 10, 40091, 40383, 40190
  result is correct!
! 61, isa, 64, 1, 0, 56, 3416, 10, 10, 46282, 46602, 46443
  result is correct!
! 61, isa, 64, 1, 0, 60, 3660, 10, 10, 52922, 53247, 53175
  result is correct!
! 61, isa, 64, 1, 0, 64, 3904, 10, 10, 60323, 60333, 60326
  result is correct!
