>>>>
====
REPO_HOME         := auto-generated-text
RISCV             := auto-generated-text
MPISE_DESTRUCTIVE := 1
MPISE_STATELESS   := 0
----
ARCH              := rv64
TYPE              := ise
RADIX             := 58
PLATFORM          := cva6-verilator
VERSION           := hybrid
<<<<
bbl loader
! 58, ise, 64, 1, 0, 8, 464, 10, 10, 446, 449, 446
  result is correct!
! 58, ise, 64, 1, 0, 12, 696, 10, 10, 817, 821, 817
  result is correct!
! 58, ise, 64, 1, 0, 16, 928, 10, 10, 1277, 1282, 1277
  result is correct!
! 58, ise, 64, 1, 0, 20, 1160, 10, 10, 1814, 2244, 1871
  result is correct!
! 58, ise, 64, 1, 0, 24, 1392, 10, 10, 2452, 2879, 2509
  result is correct!
! 58, ise, 64, 1, 0, 28, 1624, 10, 10, 3186, 3721, 3244
  result is correct!
! 58, ise, 64, 1, 0, 32, 1856, 10, 10, 4016, 4549, 4073
  result is correct!
! 58, ise, 64, 1, 0, 36, 2088, 10, 10, 4942, 5372, 5056
  result is correct!
! 58, ise, 64, 1, 0, 40, 2320, 10, 10, 5967, 6392, 6080
  result is correct!
! 58, ise, 64, 1, 0, 44, 2552, 10, 10, 7082, 7615, 7196
  result is correct!
! 58, ise, 64, 1, 0, 48, 2784, 10, 10, 8296, 8830, 8468
  result is correct!
! 58, ise, 64, 1, 0, 52, 3016, 10, 10, 9606, 10142, 9783
  result is correct!
! 58, ise, 64, 1, 0, 56, 3248, 10, 10, 11012, 11547, 11240
  result is correct!
! 58, ise, 64, 1, 0, 60, 3480, 10, 10, 12514, 13050, 12747
  result is correct!
! 58, ise, 64, 1, 0, 64, 3712, 10, 10, 14152, 14647, 14397
  result is correct!
