>>>>
====
REPO_HOME         := auto-generated-text
RISCV             := auto-generated-text
MPISE_DESTRUCTIVE := 1
MPISE_STATELESS   := 0
----
ARCH              := rv64
TYPE              := ise
RADIX             := 60
PLATFORM          := cva6-verilator
VERSION           := hybrid
<<<<
bbl loader
! 60, ise, 64, 1, 0, 8, 480, 10, 10, 446, 449, 446
  result is correct!
! 60, ise, 64, 1, 0, 12, 720, 10, 10, 817, 820, 817
  result is correct!
! 60, ise, 64, 1, 0, 16, 960, 10, 10, 1277, 1280, 1277
  result is correct!
