>>>>
====
REPO_HOME         := auto-generated-text
RISCV             := auto-generated-text
MPISE_DESTRUCTIVE := 1
MPISE_STATELESS   := 0
----
ARCH              := rv64
TYPE              := ise
RADIX             := 64
PLATFORM          := cva6-verilator
VERSION           := hybrid
<<<<
bbl loader
! 64, ise, 64, 1, 0, 8, 512, 10, 10, 551, 554, 551
  result is correct!
! 64, ise, 64, 1, 0, 12, 768, 10, 10, 1154, 1158, 1154
  result is correct!
! 64, ise, 64, 1, 0, 16, 1024, 10, 10, 1980, 2411, 2028
  result is correct!
! 64, ise, 64, 1, 0, 20, 1280, 10, 10, 2997, 3452, 3053
  result is correct!
! 64, ise, 64, 1, 0, 24, 1536, 10, 10, 4234, 4606, 4282
  result is correct!
! 64, ise, 64, 1, 0, 28, 1792, 10, 10, 5687, 6149, 5784
  result is correct!
! 64, ise, 64, 1, 0, 32, 2048, 10, 10, 7356, 7729, 7489
  result is correct!
! 64, ise, 64, 1, 0, 36, 2304, 10, 10, 9241, 9700, 9386
  result is correct!
! 64, ise, 64, 1, 0, 40, 2560, 10, 10, 11342, 11804, 11535
  result is correct!
! 64, ise, 64, 1, 0, 44, 2816, 10, 10, 13659, 14117, 13898
  result is correct!
! 64, ise, 64, 1, 0, 48, 3072, 10, 10, 16218, 16650, 16464
  result is correct!
! 64, ise, 64, 1, 0, 52, 3328, 10, 10, 19050, 19399, 19233
  result is correct!
! 64, ise, 64, 1, 0, 56, 3584, 10, 10, 22015, 22389, 22246
  result is correct!
! 64, ise, 64, 1, 0, 60, 3840, 10, 10, 25196, 25571, 25513
  result is correct!
! 64, ise, 64, 1, 0, 64, 4096, 10, 10, 28883, 28973, 28958
  result is correct!
