>>>>
====
REPO_HOME         := auto-generated-text
RISCV             := auto-generated-text
MPISE_DESTRUCTIVE := 1
MPISE_STATELESS   := 0
----
ARCH              := rv64
TYPE              := ise
RADIX             := 56
PLATFORM          := cva6-verilator
VERSION           := hybrid
<<<<
bbl loader
! 56, ise, 64, 1, 0, 8, 448, 10, 10, 444, 450, 444
  result is correct!
! 56, ise, 64, 1, 0, 12, 672, 10, 10, 816, 822, 816
  result is correct!
! 56, ise, 64, 1, 0, 16, 896, 10, 10, 1276, 1282, 1276
  result is correct!
! 56, ise, 64, 1, 0, 20, 1120, 10, 10, 1813, 2245, 1871
  result is correct!
! 56, ise, 64, 1, 0, 24, 1344, 10, 10, 2451, 2882, 2508
  result is correct!
! 56, ise, 64, 1, 0, 28, 1568, 10, 10, 3185, 3722, 3247
  result is correct!
! 56, ise, 64, 1, 0, 32, 1792, 10, 10, 4015, 4549, 4073
  result is correct!
! 56, ise, 64, 1, 0, 36, 2016, 10, 10, 4941, 5373, 5056
  result is correct!
! 56, ise, 64, 1, 0, 40, 2240, 10, 10, 5966, 6393, 6080
  result is correct!
! 56, ise, 64, 1, 0, 44, 2464, 10, 10, 7081, 7615, 7196
  result is correct!
! 56, ise, 64, 1, 0, 48, 2688, 10, 10, 8295, 8832, 8467
  result is correct!
! 56, ise, 64, 1, 0, 52, 2912, 10, 10, 9605, 10140, 9782
  result is correct!
! 56, ise, 64, 1, 0, 56, 3136, 10, 10, 11011, 11546, 11240
  result is correct!
! 56, ise, 64, 1, 0, 60, 3360, 10, 10, 12513, 13050, 12747
  result is correct!
! 56, ise, 64, 1, 0, 64, 3584, 10, 10, 14152, 14652, 14398
  result is correct!
! 56, ise, 64, 1, 0, 68, 3808, 10, 10, 15852, 16343, 16096
  result is correct!
! 56, ise, 64, 1, 0, 72, 4032, 10, 10, 17636, 18132, 17896
  result is correct!
