>>>>
====
REPO_HOME         := auto-generated-text
RISCV             := auto-generated-text
MPISE_DESTRUCTIVE := 0
MPISE_STATELESS   := 1
----
ARCH              := rv32
TYPE              := ise
RADIX             := 26
PLATFORM          := cva6-fpga
VERSION           := hybrid
<<<<
bbl loader
! 26, ise, 32, 0, 1, 8, 208, 10, 9, 467, 467, 467
  result is correct!
! 26, ise, 32, 0, 1, 12, 312, 10, 9, 836, 836, 836
  result is correct!
! 26, ise, 32, 0, 1, 16, 416, 10, 9, 1299, 1299, 1299
  result is correct!
! 26, ise, 32, 0, 1, 20, 520, 10, 7, 1838, 1838, 1838
  result is correct!
! 26, ise, 32, 0, 1, 24, 624, 10, 8, 2477, 2491, 2478
  result is correct!
! 26, ise, 32, 0, 1, 28, 728, 10, 8, 3212, 3214, 3212
  result is correct!
! 26, ise, 32, 0, 1, 32, 832, 10, 7, 4043, 4043, 4043
  result is correct!
! 26, ise, 32, 0, 1, 36, 936, 10, 6, 4970, 4984, 4972
  result is correct!
! 26, ise, 32, 0, 1, 40, 1040, 10, 6, 5993, 5993, 5993
  result is correct!
! 26, ise, 32, 0, 1, 44, 1144, 10, 5, 7112, 7112, 7112
  result is correct!
! 26, ise, 32, 0, 1, 48, 1248, 10, 7, 8327, 8437, 8349
  result is correct!
! 26, ise, 32, 0, 1, 52, 1352, 10, 7, 9638, 9678, 9653
  result is correct!
! 26, ise, 32, 0, 1, 56, 1456, 10, 3, 11045, 11068, 11052
  result is correct!
! 26, ise, 32, 0, 1, 60, 1560, 10, 4, 12548, 12588, 12569
  result is correct!
! 26, ise, 32, 0, 1, 64, 1664, 10, 3, 14170, 14170, 14170
  result is correct!
