>>>>
====
REPO_HOME         := auto-generated-text
RISCV             := auto-generated-text
MPISE_DESTRUCTIVE := 0
MPISE_STATELESS   := 1
----
ARCH              := rv32
TYPE              := ise
RADIX             := 22
PLATFORM          := cva6-fpga
VERSION           := simple
<<<<
bbl loader
! 22, ise, 32, 0, 1, 8, 176, 10, 9, 1020, 1020, 1020
  result is correct!
! 22, ise, 32, 0, 1, 12, 264, 10, 9, 2036, 2042, 2037
  result is correct!
! 22, ise, 32, 0, 1, 16, 352, 10, 9, 3404, 3410, 3405
  result is correct!
! 22, ise, 32, 0, 1, 20, 440, 10, 8, 5124, 5130, 5126
  result is correct!
! 22, ise, 32, 0, 1, 24, 528, 10, 8, 7196, 7202, 7198
  result is correct!
! 22, ise, 32, 0, 1, 28, 616, 10, 7, 9620, 9631, 9624
  result is correct!
! 22, ise, 32, 0, 1, 32, 704, 10, 6, 12396, 12419, 12406
  result is correct!
! 22, ise, 32, 0, 1, 36, 792, 10, 5, 15530, 15539, 15531
  result is correct!
! 22, ise, 32, 0, 1, 40, 880, 10, 4, 19010, 19022, 19019
  result is correct!
! 22, ise, 32, 0, 1, 44, 968, 10, 2, 23147, 23147, 23147
  result is correct!
! 22, ise, 32, 0, 1, 48, 1056, 10, 4, 27343, 27345, 27344
  result is correct!
! 22, ise, 32, 0, 1, 52, 1144, 10, 5, 31882, 31882, 31882
  result is correct!
! 22, ise, 32, 0, 1, 56, 1232, 10, 6, 36765, 36774, 36770
  result is correct!
! 22, ise, 32, 0, 1, 60, 1320, 10, 6, 42008, 42025, 42017
  result is correct!
! 22, ise, 32, 0, 1, 64, 1408, 10, 4, 47599, 47617, 47608
  result is correct!
! 22, ise, 32, 0, 1, 68, 1496, 10, 2, 53837, 53841, 53839
  result is correct!
! 22, ise, 32, 0, 1, 72, 1584, 10, 2, 60141, 60141, 60141
  result is correct!
