>>>>
====
REPO_HOME         := auto-generated-text
RISCV             := auto-generated-text
MPISE_DESTRUCTIVE := 0
MPISE_STATELESS   := 1
----
ARCH              := rv32
TYPE              := ise
RADIX             := 26
PLATFORM          := cva6-fpga
VERSION           := simple
<<<<
bbl loader
! 26, ise, 32, 0, 1, 8, 208, 10, 9, 1020, 1020, 1020
  result is correct!
! 26, ise, 32, 0, 1, 12, 312, 10, 8, 2036, 2038, 2036
  result is correct!
! 26, ise, 32, 0, 1, 16, 416, 10, 8, 3404, 3406, 3404
  result is correct!
! 26, ise, 32, 0, 1, 20, 520, 10, 7, 5124, 5126, 5124
  result is correct!
! 26, ise, 32, 0, 1, 24, 624, 10, 7, 7196, 7198, 7196
  result is correct!
! 26, ise, 32, 0, 1, 28, 728, 10, 7, 9620, 9638, 9623
  result is correct!
! 26, ise, 32, 0, 1, 32, 832, 10, 6, 12396, 12426, 12406
  result is correct!
! 26, ise, 32, 0, 1, 36, 936, 10, 5, 15526, 15554, 15531
  result is correct!
! 26, ise, 32, 0, 1, 40, 1040, 10, 4, 19006, 19018, 19015
  result is correct!
! 26, ise, 32, 0, 1, 44, 1144, 10, 2, 23140, 23143, 23141
  result is correct!
! 26, ise, 32, 0, 1, 48, 1248, 10, 2, 27333, 27335, 27334
  result is correct!
! 26, ise, 32, 0, 1, 52, 1352, 10, 3, 31873, 31874, 31873
  result is correct!
! 26, ise, 32, 0, 1, 56, 1456, 10, 5, 36757, 36764, 36760
  result is correct!
! 26, ise, 32, 0, 1, 60, 1560, 10, 6, 42002, 42017, 42011
  result is correct!
! 26, ise, 32, 0, 1, 64, 1664, 10, 4, 47591, 47609, 47600
  result is correct!
