>>>>
====
REPO_HOME         := auto-generated-text
RISCV             := auto-generated-text
MPISE_DESTRUCTIVE := 0
MPISE_STATELESS   := 1
----
ARCH              := rv32
TYPE              := isa
RADIX             := 27
PLATFORM          := cva6-fpga
VERSION           := simple
<<<<
bbl loader
! 27, isa, 32, 0, 1, 8, 216, 10, 9, 1219, 1219, 1219
  result is correct!
! 27, isa, 32, 0, 1, 12, 324, 10, 8, 2479, 2485, 2479
  result is correct!
! 27, isa, 32, 0, 1, 16, 432, 10, 8, 4187, 4193, 4187
  result is correct!
! 27, isa, 32, 0, 1, 20, 540, 10, 5, 6343, 6343, 6343
  result is correct!
! 27, isa, 32, 0, 1, 24, 648, 10, 7, 8947, 8973, 8952
  result is correct!
! 27, isa, 32, 0, 1, 28, 756, 10, 6, 11999, 12025, 12008
  result is correct!
! 27, isa, 32, 0, 1, 32, 864, 10, 5, 15505, 15525, 15509
  result is correct!
! 27, isa, 32, 0, 1, 36, 972, 10, 3, 19468, 19468, 19468
  result is correct!
! 27, isa, 32, 0, 1, 40, 1080, 10, 2, 24158, 24161, 24159
  result is correct!
! 27, isa, 32, 0, 1, 44, 1188, 10, 4, 29020, 29022, 29021
  result is correct!
! 27, isa, 32, 0, 1, 48, 1296, 10, 3, 34309, 34311, 34310
  result is correct!
! 27, isa, 32, 0, 1, 52, 1404, 10, 7, 40052, 40077, 40064
  result is correct!
! 27, isa, 32, 0, 1, 56, 1512, 10, 5, 46237, 46259, 46250
  result is correct!
! 27, isa, 32, 0, 1, 60, 1620, 10, 1, 53176, 53176, 53176
  result is correct!
! 27, isa, 32, 0, 1, 64, 1728, 10, 3, 60271, 60273, 60272
  result is correct!
! 27, isa, 32, 0, 1, 68, 1836, 10, 7, 67804, 67812, 67806
  result is correct!
! 27, isa, 32, 0, 1, 72, 1944, 10, 5, 75784, 75792, 75786
  result is correct!
