>>>>
====
REPO_HOME         := auto-generated-text
RISCV             := auto-generated-text
MPISE_DESTRUCTIVE := 0
MPISE_STATELESS   := 1
----
ARCH              := rv32
TYPE              := ise
RADIX             := 27
PLATFORM          := cva6-fpga
VERSION           := simple
<<<<
bbl loader
! 27, ise, 32, 0, 1, 8, 216, 10, 9, 1020, 1020, 1020
  result is correct!
! 27, ise, 32, 0, 1, 12, 324, 10, 8, 2036, 2038, 2036
  result is correct!
! 27, ise, 32, 0, 1, 16, 432, 10, 8, 3404, 3406, 3404
  result is correct!
! 27, ise, 32, 0, 1, 20, 540, 10, 7, 5124, 5126, 5124
  result is correct!
! 27, ise, 32, 0, 1, 24, 648, 10, 7, 7196, 7198, 7196
  result is correct!
! 27, ise, 32, 0, 1, 28, 756, 10, 7, 9620, 9638, 9623
  result is correct!
! 27, ise, 32, 0, 1, 32, 864, 10, 6, 12396, 12426, 12406
  result is correct!
