>>>>
====
REPO_HOME         := auto-generated-text
RISCV             := auto-generated-text
MPISE_DESTRUCTIVE := 0
MPISE_STATELESS   := 1
----
ARCH              := rv32
TYPE              := ise
RADIX             := 20
PLATFORM          := cva6-fpga
VERSION           := hybrid
<<<<
bbl loader
! 20, ise, 32, 0, 1, 8, 160, 10, 8, 465, 465, 465
  result is correct!
! 20, ise, 32, 0, 1, 12, 240, 10, 9, 834, 834, 834
  result is correct!
! 20, ise, 32, 0, 1, 16, 320, 10, 9, 1297, 1297, 1297
  result is correct!
! 20, ise, 32, 0, 1, 20, 400, 10, 8, 1836, 1847, 1837
  result is correct!
! 20, ise, 32, 0, 1, 24, 480, 10, 8, 2475, 2486, 2476
  result is correct!
! 20, ise, 32, 0, 1, 28, 560, 10, 8, 3210, 3210, 3210
  result is correct!
! 20, ise, 32, 0, 1, 32, 640, 10, 8, 4041, 4052, 4042
  result is correct!
! 20, ise, 32, 0, 1, 36, 720, 10, 6, 4968, 4979, 4969
  result is correct!
! 20, ise, 32, 0, 1, 40, 800, 10, 6, 5991, 5991, 5991
  result is correct!
! 20, ise, 32, 0, 1, 44, 880, 10, 5, 7110, 7110, 7110
  result is correct!
! 20, ise, 32, 0, 1, 48, 960, 10, 7, 8325, 8434, 8346
  result is correct!
! 20, ise, 32, 0, 1, 52, 1040, 10, 7, 9636, 9673, 9650
  result is correct!
! 20, ise, 32, 0, 1, 56, 1120, 10, 3, 11043, 11065, 11050
  result is correct!
! 20, ise, 32, 0, 1, 60, 1200, 10, 4, 12546, 12583, 12561
  result is correct!
! 20, ise, 32, 0, 1, 64, 1280, 10, 3, 14167, 14167, 14167
  result is correct!
! 20, ise, 32, 0, 1, 68, 1360, 10, 2, 15862, 15877, 15869
  result is correct!
! 20, ise, 32, 0, 1, 72, 1440, 10, 4, 17740, 17755, 17743
  result is correct!
