>>>>
====
REPO_HOME         := auto-generated-text
RISCV             := auto-generated-text
MPISE_DESTRUCTIVE := 0
MPISE_STATELESS   := 1
----
ARCH              := rv32
TYPE              := isa
RADIX             := 23
PLATFORM          := cva6-fpga
VERSION           := simple
<<<<
bbl loader
! 23, isa, 32, 0, 1, 8, 184, 10, 9, 1219, 1219, 1219
  result is correct!
! 23, isa, 32, 0, 1, 12, 276, 10, 8, 2479, 2485, 2479
  result is correct!
! 23, isa, 32, 0, 1, 16, 368, 10, 8, 4187, 4193, 4187
  result is correct!
! 23, isa, 32, 0, 1, 20, 460, 10, 5, 6343, 6343, 6343
  result is correct!
! 23, isa, 32, 0, 1, 24, 552, 10, 7, 8947, 8973, 8952
  result is correct!
! 23, isa, 32, 0, 1, 28, 644, 10, 6, 11999, 12025, 12008
  result is correct!
! 23, isa, 32, 0, 1, 32, 736, 10, 5, 15505, 15525, 15509
  result is correct!
! 23, isa, 32, 0, 1, 36, 828, 10, 3, 19468, 19468, 19468
  result is correct!
! 23, isa, 32, 0, 1, 40, 920, 10, 2, 24158, 24161, 24159
  result is correct!
! 23, isa, 32, 0, 1, 44, 1012, 10, 4, 29020, 29023, 29021
  result is correct!
! 23, isa, 32, 0, 1, 48, 1104, 10, 3, 34309, 34311, 34310
  result is correct!
! 23, isa, 32, 0, 1, 52, 1196, 10, 7, 40052, 40077, 40064
  result is correct!
! 23, isa, 32, 0, 1, 56, 1288, 10, 5, 46237, 46259, 46250
  result is correct!
! 23, isa, 32, 0, 1, 60, 1380, 10, 1, 53176, 53176, 53176
  result is correct!
! 23, isa, 32, 0, 1, 64, 1472, 10, 3, 60271, 60273, 60272
  result is correct!
! 23, isa, 32, 0, 1, 68, 1564, 10, 7, 67804, 67812, 67806
  result is correct!
! 23, isa, 32, 0, 1, 72, 1656, 10, 5, 75784, 75792, 75786
  result is correct!
