! 59, ise, 64, 0, 0, 8, 472, 10, 10, 1006, 1010, 1006
  result is correct!
! 59, ise, 64, 0, 0, 12, 708, 10, 10, 2018, 2339, 2051
  result is correct!
! 59, ise, 64, 0, 0, 16, 944, 10, 10, 3382, 3701, 3414
  result is correct!
! 59, ise, 64, 0, 0, 20, 1180, 10, 10, 5098, 5419, 5163
  result is correct!
! 59, ise, 64, 0, 0, 24, 1416, 10, 10, 7166, 7487, 7231
  result is correct!
! 59, ise, 64, 0, 0, 28, 1652, 10, 10, 9586, 9905, 9683
  result is correct!
! 59, ise, 64, 0, 0, 32, 1888, 10, 10, 12358, 12677, 12488
  result is correct!

--------------------Threshold debug data--------------------
! 59, ise, 64, 0, 0, 8, 472, 10

! @  1010 1006 1006 1006 1006 1006 1006 1006 1006 1006
! 59, ise, 64, 0, 0, 12, 708, 10

! @  2023 2018 2018 2018 2339 2022 2018 2018 2018 2018
! 59, ise, 64, 0, 0, 16, 944, 10

! @  3387 3382 3382 3382 3382 3382 3382 3701 3386 3382
! 59, ise, 64, 0, 0, 20, 1180, 10

! @  5103 5418 5102 5098 5098 5098 5098 5419 5102 5098
! 59, ise, 64, 0, 0, 24, 1416, 10

! @  7171 7166 7487 7170 7166 7166 7483 7170 7166 7166
! 59, ise, 64, 0, 0, 28, 1652, 10

! @  9596 9586 9905 9590 9586 9904 9590 9586 9902 9590
! 59, ise, 64, 0, 0, 32, 1888, 10

! @  12382 12661 12376 12358 12677 12362 12661 12376 12358 12677
