! 50, isa, 64, 0, 0, 8, 400, 10, 10, 1211, 1216, 1211
  result is correct!
! 50, isa, 64, 0, 0, 12, 600, 10, 10, 2471, 2782, 2504
  result is correct!
! 50, isa, 64, 0, 0, 16, 800, 10, 10, 4179, 4509, 4213
  result is correct!
! 50, isa, 64, 0, 0, 20, 1000, 10, 10, 6335, 6646, 6402
  result is correct!
! 50, isa, 64, 0, 0, 24, 1200, 10, 10, 8939, 9267, 9039
  result is correct!
! 50, isa, 64, 0, 0, 28, 1400, 10, 10, 11991, 12320, 12124
  result is correct!
! 50, isa, 64, 0, 0, 32, 1600, 10, 10, 15496, 15823, 15661
  result is correct!
! 50, isa, 64, 0, 0, 36, 1800, 10, 10, 19461, 19770, 19671
  result is correct!
! 50, isa, 64, 0, 0, 40, 2000, 10, 10, 23857, 24170, 24102
  result is correct!
! 50, isa, 64, 0, 0, 44, 2200, 10, 10, 28995, 29020, 29010
  result is correct!
! 50, isa, 64, 0, 0, 48, 2400, 10, 10, 34302, 34603, 34339
  result is correct!
! 50, isa, 64, 0, 0, 52, 2600, 10, 10, 40040, 40343, 40141
  result is correct!
! 50, isa, 64, 0, 0, 56, 2800, 10, 10, 46230, 46552, 46392
  result is correct!
! 50, isa, 64, 0, 0, 60, 3000, 10, 10, 52867, 53190, 53119
  result is correct!
! 50, isa, 64, 0, 0, 64, 3200, 10, 10, 60262, 60272, 60266
  result is correct!
! 50, isa, 64, 0, 0, 68, 3400, 10, 10, 67796, 68094, 67887
  result is correct!
! 50, isa, 64, 0, 0, 72, 3600, 10, 10, 75776, 76075, 75926
  result is correct!

--------------------Threshold debug data--------------------
! 50, isa, 64, 0, 0, 8, 400, 10

! @  1216 1211 1211 1211 1211 1211 1211 1211 1211 1211
! 50, isa, 64, 0, 0, 12, 600, 10

! @  2476 2782 2493 2471 2471 2471 2471 2471 2471 2471
! 50, isa, 64, 0, 0, 16, 800, 10

! @  4184 4179 4179 4179 4509 4184 4179 4179 4179 4179
! 50, isa, 64, 0, 0, 20, 1000, 10

! @  6345 6335 6335 6643 6357 6335 6335 6335 6646 6357
! 50, isa, 64, 0, 0, 24, 1200, 10

! @  8966 8939 8939 9267 8944 8939 9265 8948 8939 9249
! 50, isa, 64, 0, 0, 28, 1400, 10

! @  12018 11991 12320 11996 12300 12013 11991 12319 11996 12301
! 50, isa, 64, 0, 0, 32, 1600, 10

! @  15518 15823 15496 15822 15496 15823 15496 15821 15496 15822
! 50, isa, 64, 0, 0, 36, 1800, 10

! @  19759 19461 19770 19754 19461 19769 19754 19461 19769 19755
! 50, isa, 64, 0, 0, 40, 2000, 10

! @  23862 24165 24170 24151 24166 23857 24165 24168 24150 24167
! 50, isa, 64, 0, 0, 44, 2200, 10

! @  29020 29014 29015 29015 29012 29010 28995 29008 29008 29011
! 50, isa, 64, 0, 0, 48, 2400, 10

! @  34328 34308 34306 34603 34302 34303 34303 34324 34307 34307
! 50, isa, 64, 0, 0, 52, 2600, 10

! @  40069 40343 40040 40064 40342 40042 40065 40341 40043 40064
! 50, isa, 64, 0, 0, 56, 2800, 10

! @  46552 46231 46548 46230 46549 46248 46533 46251 46527 46253
! 50, isa, 64, 0, 0, 60, 3000, 10

! @  53190 53183 53181 52867 53180 53183 53182 52881 53170 53182
! 50, isa, 64, 0, 0, 64, 3200, 10

! @  60272 60267 60264 60267 60268 60267 60269 60265 60262 60267
! 50, isa, 64, 0, 0, 68, 3400, 10

! @  67805 68091 67799 67796 67799 68094 67799 67800 68094 67800
! 50, isa, 64, 0, 0, 72, 3600, 10

! @  75785 76073 75779 76070 75780 76074 76075 75780 76075 75776
