! 64, isa, 64, 0, 0, 8, 512, 10, 10, 1306, 1309, 1306
  result is correct!
! 64, isa, 64, 0, 0, 12, 768, 10, 10, 2710, 3017, 2742
  result is correct!
! 64, isa, 64, 0, 0, 16, 1024, 10, 10, 4626, 4946, 4690
  result is correct!
! 64, isa, 64, 0, 0, 20, 1280, 10, 10, 7054, 7357, 7119
  result is correct!
! 64, isa, 64, 0, 0, 24, 1536, 10, 10, 9994, 10298, 10091
  result is correct!
! 64, isa, 64, 0, 0, 28, 1792, 10, 10, 13446, 13770, 13607
  result is correct!
! 64, isa, 64, 0, 0, 32, 2048, 10, 10, 17414, 17733, 17605
  result is correct!
! 64, isa, 64, 0, 0, 36, 2304, 10, 10, 21908, 22213, 22115
  result is correct!
! 64, isa, 64, 0, 0, 40, 2560, 10, 10, 26900, 27201, 27168
  result is correct!
! 64, isa, 64, 0, 0, 44, 2816, 10, 10, 32699, 32994, 32731
  result is correct!
! 64, isa, 64, 0, 0, 48, 3072, 10, 10, 38711, 39010, 38805
  result is correct!
! 64, isa, 64, 0, 0, 52, 3328, 10, 10, 45236, 45548, 45392
  result is correct!
! 64, isa, 64, 0, 0, 56, 3584, 10, 10, 52268, 52588, 52520
  result is correct!
! 64, isa, 64, 0, 0, 60, 3840, 10, 10, 60129, 60136, 60131
  result is correct!
! 64, isa, 64, 0, 0, 64, 4096, 10, 10, 68191, 68485, 68278
  result is correct!

--------------------Threshold debug data--------------------
! 64, isa, 64, 0, 0, 8, 512, 10

! @  1309 1306 1306 1306 1306 1306 1306 1306 1306 1306
! 64, isa, 64, 0, 0, 12, 768, 10

! @  3017 2732 2710 2710 2710 2710 2710 2710 2710 2710
! 64, isa, 64, 0, 0, 16, 1024, 10

! @  4629 4626 4928 4648 4626 4626 4626 4626 4626 4946
! 64, isa, 64, 0, 0, 20, 1280, 10

! @  7057 7054 7354 7076 7054 7054 7357 7076 7054 7054
! 64, isa, 64, 0, 0, 24, 1536, 10

! @  9997 10298 10016 9994 10295 10016 9994 10297 10016 9994
! 64, isa, 64, 0, 0, 28, 1792, 10

! @  13753 13468 13446 13770 13450 13768 13450 13750 13468 13749
! 64, isa, 64, 0, 0, 32, 2048, 10

! @  17733 17718 17432 17714 17432 17733 17414 17732 17718 17432
! 64, isa, 64, 0, 0, 36, 2304, 10

! @  22197 21908 22208 22195 22212 21908 22209 22194 22213 21908
! 64, isa, 64, 0, 0, 40, 2560, 10

! @  26900 27197 27200 27201 27201 27200 27182 27200 27200 27199
! 64, isa, 64, 0, 0, 44, 2816, 10

! @  32994 32700 32700 32699 32700 32701 32719 32701 32702 32701
! 64, isa, 64, 0, 0, 48, 3072, 10

! @  39010 38711 38731 39003 38713 38731 39004 38712 38712 38731
! 64, isa, 64, 0, 0, 52, 3328, 10

! @  45240 45548 45236 45548 45236 45548 45250 45536 45251 45535
! 64, isa, 64, 0, 0, 56, 3584, 10

! @  52588 52584 52272 52582 52585 52581 52268 52580 52585 52581
! 64, isa, 64, 0, 0, 60, 3840, 10

! @  60136 60131 60132 60130 60130 60132 60129 60130 60131 60132
! 64, isa, 64, 0, 0, 64, 4096, 10

! @  68485 68191 68192 68193 68475 68193 68192 68192 68482 68192
