! 27, ise, 32, 0, 1, 8, 216, 10, 10, 1020, 1026, 1020
  result is correct!
! 27, ise, 32, 0, 1, 12, 324, 10, 10, 2036, 2355, 2069
  result is correct!
! 27, ise, 32, 0, 1, 16, 432, 10, 10, 3404, 3722, 3437
  result is correct!
! 27, ise, 32, 0, 1, 20, 540, 10, 10, 5124, 5443, 5189
  result is correct!
! 27, ise, 32, 0, 1, 24, 648, 10, 10, 7196, 7513, 7261
  result is correct!
! 27, ise, 32, 0, 1, 28, 756, 10, 10, 9620, 9939, 9717
  result is correct!
! 27, ise, 32, 0, 1, 32, 864, 10, 10, 12396, 12713, 12525
  result is correct!

--------------------Threshold debug data--------------------
! 27, ise, 32, 0, 1, 8, 216, 10

! @  1026 1020 1020 1020 1020 1020 1020 1020 1020 1020
! 27, ise, 32, 0, 1, 12, 324, 10

! @  2050 2036 2036 2036 2355 2038 2036 2036 2036 2036
! 27, ise, 32, 0, 1, 16, 432, 10

! @  3418 3404 3404 3404 3404 3404 3404 3722 3406 3404
! 27, ise, 32, 0, 1, 20, 540, 10

! @  5138 5443 5126 5124 5124 5124 5124 5441 5126 5124
! 27, ise, 32, 0, 1, 24, 648, 10

! @  7210 7196 7513 7198 7196 7196 7511 7198 7196 7196
! 27, ise, 32, 0, 1, 28, 756, 10

! @  9638 9620 9935 9622 9620 9937 9622 9620 9939 9622
! 27, ise, 32, 0, 1, 32, 864, 10

! @  12426 12700 12410 12396 12713 12398 12697 12410 12396 12713
