! 32, ise, 32, 0, 1, 8, 256, 10, 10, 1130, 1138, 1130
  result is correct!
! 32, ise, 32, 0, 1, 12, 384, 10, 10, 2298, 2597, 2330
  result is correct!
! 32, ise, 32, 0, 1, 16, 512, 10, 10, 3882, 4205, 3915
  result is correct!
! 32, ise, 32, 0, 1, 20, 640, 10, 10, 5882, 6180, 5945
  result is correct!
! 32, ise, 32, 0, 1, 24, 768, 10, 10, 8298, 8619, 8394
  result is correct!
! 32, ise, 32, 0, 1, 28, 896, 10, 10, 11130, 11452, 11257
  result is correct!
! 32, ise, 32, 0, 1, 32, 1024, 10, 10, 14380, 14709, 14538
  result is correct!
! 32, ise, 32, 0, 1, 36, 1152, 10, 10, 18044, 18385, 18237
  result is correct!
! 32, ise, 32, 0, 1, 40, 1280, 10, 10, 22138, 22466, 22350
  result is correct!
! 32, ise, 32, 0, 1, 44, 1408, 10, 10, 26634, 26979, 26911
  result is correct!
! 32, ise, 32, 0, 1, 48, 1536, 10, 10, 31841, 32173, 31888
  result is correct!
! 32, ise, 32, 0, 1, 52, 1664, 10, 10, 37169, 37503, 37249
  result is correct!
! 32, ise, 32, 0, 1, 56, 1792, 10, 10, 42916, 43241, 43030
  result is correct!
! 32, ise, 32, 0, 1, 60, 1920, 10, 10, 49076, 49415, 49276
  result is correct!
! 32, ise, 32, 0, 1, 64, 2048, 10, 10, 55670, 56006, 55950
  result is correct!

--------------------Threshold debug data--------------------
! 32, ise, 32, 0, 1, 8, 256, 10

! @  1138 1130 1130 1130 1130 1130 1130 1130 1130 1130
! 32, ise, 32, 0, 1, 12, 384, 10

! @  2305 2298 2597 2314 2298 2298 2298 2298 2298 2298
! 32, ise, 32, 0, 1, 16, 512, 10

! @  3889 3882 3882 3882 3882 4205 3884 3882 3882 3882
! 32, ise, 32, 0, 1, 20, 640, 10

! @  5906 5882 5882 5882 6177 5898 5882 5882 5882 6180
! 32, ise, 32, 0, 1, 24, 768, 10

! @  8604 8314 8298 8298 8619 8300 8298 8597 8314 8298
! 32, ise, 32, 0, 1, 28, 896, 10

! @  11435 11146 11130 11452 11132 11429 11146 11130 11428 11146
! 32, ise, 32, 0, 1, 32, 1024, 10

! @  14709 14380 14700 14380 14696 14380 14694 14380 14688 14380
! 32, ise, 32, 0, 1, 36, 1152, 10

! @  18066 18356 18044 18377 18340 18058 18361 18044 18385 18343
! 32, ise, 32, 0, 1, 40, 1280, 10

! @  22431 22138 22466 22441 22421 22138 22464 22441 22423 22138
! 32, ise, 32, 0, 1, 44, 1408, 10

! @  26979 26957 26949 26942 26936 26919 26933 26931 26930 26634
! 32, ise, 32, 0, 1, 48, 1536, 10

! @  31864 31862 31866 31871 31876 32173 31844 31841 31843 31845
! 32, ise, 32, 0, 1, 52, 1664, 10

! @  37197 37195 37503 37169 37191 37191 37499 37171 37190 37189
! 32, ise, 32, 0, 1, 56, 1792, 10

! @  42944 43236 42916 43241 42917 42946 42995 42939 43241 42932
! 32, ise, 32, 0, 1, 60, 1920, 10

! @  49400 49076 49407 49391 49076 49405 49099 49415 49397 49095
! 32, ise, 32, 0, 1, 64, 2048, 10

! @  55987 55978 55971 55964 55670 56006 56001 55985 55976 55970
