! 27, isa, 32, 0, 1, 8, 216, 10, 10, 1219, 1227, 1219
  result is correct!
! 27, isa, 32, 0, 1, 12, 324, 10, 10, 2479, 2788, 2512
  result is correct!
! 27, isa, 32, 0, 1, 16, 432, 10, 10, 4187, 4497, 4220
  result is correct!
! 27, isa, 32, 0, 1, 20, 540, 10, 10, 6343, 6655, 6410
  result is correct!
! 27, isa, 32, 0, 1, 24, 648, 10, 10, 8947, 9280, 9048
  result is correct!
! 27, isa, 32, 0, 1, 28, 756, 10, 10, 11999, 12332, 12133
  result is correct!
! 27, isa, 32, 0, 1, 32, 864, 10, 10, 15505, 15831, 15669
  result is correct!
! 27, isa, 32, 0, 1, 36, 972, 10, 10, 19468, 19780, 19680
  result is correct!
! 27, isa, 32, 0, 1, 40, 1080, 10, 10, 23864, 24182, 24111
  result is correct!
! 27, isa, 32, 0, 1, 44, 1188, 10, 10, 29011, 29030, 29022
  result is correct!
! 27, isa, 32, 0, 1, 48, 1296, 10, 10, 34309, 34604, 34347
  result is correct!
! 27, isa, 32, 0, 1, 52, 1404, 10, 10, 40052, 40351, 40149
  result is correct!
! 27, isa, 32, 0, 1, 56, 1512, 10, 10, 46237, 46556, 46398
  result is correct!
! 27, isa, 32, 0, 1, 60, 1620, 10, 10, 52876, 53195, 53127
  result is correct!
! 27, isa, 32, 0, 1, 64, 1728, 10, 10, 60271, 60279, 60274
  result is correct!
! 27, isa, 32, 0, 1, 68, 1836, 10, 10, 67804, 68099, 67893
  result is correct!
! 27, isa, 32, 0, 1, 72, 1944, 10, 10, 75784, 76080, 75932
  result is correct!

--------------------Threshold debug data--------------------
! 27, isa, 32, 0, 1, 8, 216, 10

! @  1227 1219 1219 1219 1219 1219 1219 1219 1219 1219
! 27, isa, 32, 0, 1, 12, 324, 10

! @  2485 2788 2500 2479 2479 2479 2479 2479 2479 2479
! 27, isa, 32, 0, 1, 16, 432, 10

! @  4193 4187 4187 4497 4208 4187 4187 4187 4187 4187
! 27, isa, 32, 0, 1, 20, 540, 10

! @  6354 6343 6343 6653 6364 6343 6343 6343 6655 6364
! 27, isa, 32, 0, 1, 24, 648, 10

! @  8973 8947 8947 9280 8953 8947 9279 8953 8947 9258
! 27, isa, 32, 0, 1, 28, 756, 10

! @  12025 11999 12332 12005 12310 12020 11999 12330 12005 12311
! 27, isa, 32, 0, 1, 32, 864, 10

! @  15525 15831 15505 15829 15505 15831 15505 15830 15505 15831
! 27, isa, 32, 0, 1, 36, 972, 10

! @  19769 19468 19779 19765 19468 19780 19765 19468 19780 19765
! 27, isa, 32, 0, 1, 40, 1080, 10

! @  23869 24175 24182 24158 24175 23864 24174 24180 24161 24176
! 27, isa, 32, 0, 1, 44, 1188, 10

! @  29030 29022 29026 29026 29025 29026 29021 29011 29021 29020
! 27, isa, 32, 0, 1, 48, 1296, 10

! @  34337 34316 34318 34604 34310 34311 34309 34332 34317 34316
! 27, isa, 32, 0, 1, 52, 1404, 10

! @  40077 40349 40052 40073 40351 40052 40073 40348 40052 40069
! 27, isa, 32, 0, 1, 56, 1512, 10

! @  46556 46240 46550 46237 46550 46256 46544 46259 46535 46258
! 27, isa, 32, 0, 1, 60, 1620, 10

! @  53195 53188 53190 52876 53187 53186 53190 52893 53176 53190
! 27, isa, 32, 0, 1, 64, 1728, 10

! @  60279 60274 60274 60274 60275 60275 60274 60271 60273 60273
! 27, isa, 32, 0, 1, 68, 1836, 10

! @  67812 68099 67804 67805 67806 68093 67806 67806 68099 67807
! 27, isa, 32, 0, 1, 72, 1944, 10

! @  75792 76077 75786 76078 75786 76078 76080 75784 76078 75786
