! 26, ise, 32, 0, 1, 8, 208, 10, 10, 1020, 1026, 1020
  result is correct!
! 26, ise, 32, 0, 1, 12, 312, 10, 10, 2036, 2355, 2069
  result is correct!
! 26, ise, 32, 0, 1, 16, 416, 10, 10, 3404, 3722, 3437
  result is correct!
! 26, ise, 32, 0, 1, 20, 520, 10, 10, 5124, 5443, 5189
  result is correct!
! 26, ise, 32, 0, 1, 24, 624, 10, 10, 7196, 7513, 7261
  result is correct!
! 26, ise, 32, 0, 1, 28, 728, 10, 10, 9620, 9939, 9717
  result is correct!
! 26, ise, 32, 0, 1, 32, 832, 10, 10, 12396, 12714, 12525
  result is correct!
! 26, ise, 32, 0, 1, 36, 936, 10, 10, 15526, 15843, 15686
  result is correct!
! 26, ise, 32, 0, 1, 40, 1040, 10, 10, 19006, 19324, 19196
  result is correct!
! 26, ise, 32, 0, 1, 44, 1144, 10, 10, 22850, 23173, 23092
  result is correct!
! 26, ise, 32, 0, 1, 48, 1248, 10, 10, 27034, 27349, 27307
  result is correct!
! 26, ise, 32, 0, 1, 52, 1352, 10, 10, 31869, 32167, 31905
  result is correct!
! 26, ise, 32, 0, 1, 56, 1456, 10, 10, 36757, 37053, 36823
  result is correct!
! 26, ise, 32, 0, 1, 60, 1560, 10, 10, 42002, 42303, 42125
  result is correct!
! 26, ise, 32, 0, 1, 64, 1664, 10, 10, 47591, 47902, 47776
  result is correct!

--------------------Threshold debug data--------------------
! 26, ise, 32, 0, 1, 8, 208, 10

! @  1026 1020 1020 1020 1020 1020 1020 1020 1020 1020
! 26, ise, 32, 0, 1, 12, 312, 10

! @  2050 2036 2036 2036 2355 2038 2036 2036 2036 2036
! 26, ise, 32, 0, 1, 16, 416, 10

! @  3418 3404 3404 3404 3404 3404 3404 3722 3406 3404
! 26, ise, 32, 0, 1, 20, 520, 10

! @  5138 5443 5126 5124 5124 5124 5124 5441 5126 5124
! 26, ise, 32, 0, 1, 24, 624, 10

! @  7210 7196 7513 7198 7196 7196 7511 7198 7196 7196
! 26, ise, 32, 0, 1, 28, 728, 10

! @  9638 9620 9939 9622 9620 9939 9622 9620 9937 9622
! 26, ise, 32, 0, 1, 32, 832, 10

! @  12426 12697 12410 12396 12711 12398 12698 12410 12396 12714
! 26, ise, 32, 0, 1, 36, 936, 10

! @  15554 15841 15526 15841 15526 15842 15526 15843 15526 15843
! 26, ise, 32, 0, 1, 40, 1040, 10

! @  19324 19018 19323 19006 19323 19309 19018 19321 19304 19018
! 26, ise, 32, 0, 1, 44, 1144, 10

! @  23173 23140 23153 22850 23153 23143 23153 22850 23155 23153
! 26, ise, 32, 0, 1, 48, 1248, 10

! @  27349 27034 27339 27339 27337 27341 27339 27324 27333 27335
! 26, ise, 32, 0, 1, 52, 1352, 10

! @  31890 31877 31877 31876 31875 32167 31873 31874 31874 31869
! 26, ise, 32, 0, 1, 56, 1456, 10

! @  36774 36777 36764 37051 36761 36775 36763 37053 36759 36757
! 26, ise, 32, 0, 1, 60, 1560, 10

! @  42017 42015 42293 42002 42303 42002 42017 42293 42017 42294
! 26, ise, 32, 0, 1, 64, 1664, 10

! @  47902 47893 47593 47896 47608 47884 47898 47591 47894 47609
