! 27, ise, 32, 0, 1, 8, 216, 10, 10, 467, 473, 467
  result is correct!
! 27, ise, 32, 0, 1, 12, 324, 10, 10, 836, 850, 837
  result is correct!
! 27, ise, 32, 0, 1, 16, 432, 10, 10, 1299, 1313, 1300
  result is correct!
! 27, ise, 32, 0, 1, 20, 540, 10, 10, 1838, 2344, 1892
  result is correct!
! 27, ise, 32, 0, 1, 24, 648, 10, 10, 2477, 2898, 2530
  result is correct!
! 27, ise, 32, 0, 1, 28, 756, 10, 10, 3212, 3734, 3265
  result is correct!
! 27, ise, 32, 0, 1, 32, 864, 10, 10, 4043, 4546, 4097
  result is correct!

--------------------Threshold debug data--------------------
! 27, ise, 32, 0, 1, 8, 216, 10

! @  473 467 467 467 467 467 467 467 467 467
! 27, ise, 32, 0, 1, 12, 324, 10

! @  850 836 836 836 836 836 836 836 836 836
! 27, ise, 32, 0, 1, 16, 432, 10

! @  1313 1299 1299 1299 1299 1299 1299 1299 1299 1299
! 27, ise, 32, 0, 1, 20, 540, 10

! @  1852 1838 1838 1838 1838 2344 1861 1838 1838 1838
! 27, ise, 32, 0, 1, 24, 648, 10

! @  2491 2898 2577 2477 2477 2477 2477 2477 2477 2477
! 27, ise, 32, 0, 1, 28, 756, 10

! @  3226 3212 3212 3212 3212 3212 3212 3212 3734 3214
! 27, ise, 32, 0, 1, 32, 864, 10

! @  4057 4043 4043 4043 4546 4066 4043 4043 4043 4043
