! 25, ise, 32, 0, 1, 8, 200, 10, 10, 1020, 1028, 1020
  result is correct!
! 25, ise, 32, 0, 1, 12, 300, 10, 10, 2036, 2359, 2069
  result is correct!
! 25, ise, 32, 0, 1, 16, 400, 10, 10, 3404, 3726, 3437
  result is correct!
! 25, ise, 32, 0, 1, 20, 500, 10, 10, 5124, 5448, 5190
  result is correct!
! 25, ise, 32, 0, 1, 24, 600, 10, 10, 7196, 7519, 7262
  result is correct!
! 25, ise, 32, 0, 1, 28, 700, 10, 10, 9620, 9943, 9719
  result is correct!
! 25, ise, 32, 0, 1, 32, 800, 10, 10, 12396, 12718, 12527
  result is correct!
! 25, ise, 32, 0, 1, 36, 900, 10, 10, 15530, 15847, 15688
  result is correct!
! 25, ise, 32, 0, 1, 40, 1000, 10, 10, 19010, 19326, 19200
  result is correct!
! 25, ise, 32, 0, 1, 44, 1100, 10, 10, 22854, 23170, 23097
  result is correct!
! 25, ise, 32, 0, 1, 48, 1200, 10, 10, 27038, 27351, 27314
  result is correct!
! 25, ise, 32, 0, 1, 52, 1300, 10, 10, 31882, 32173, 31912
  result is correct!
! 25, ise, 32, 0, 1, 56, 1400, 10, 10, 36765, 37060, 36830
  result is correct!
! 25, ise, 32, 0, 1, 60, 1500, 10, 10, 42008, 42308, 42131
  result is correct!
! 25, ise, 32, 0, 1, 64, 1600, 10, 10, 47599, 47905, 47783
  result is correct!
! 25, ise, 32, 0, 1, 68, 1700, 10, 10, 53557, 53848, 53787
  result is correct!
! 25, ise, 32, 0, 1, 72, 1800, 10, 10, 60141, 60152, 60144
  result is correct!

--------------------Threshold debug data--------------------
! 25, ise, 32, 0, 1, 8, 200, 10

! @  1028 1020 1020 1020 1020 1020 1020 1020 1020 1020
! 25, ise, 32, 0, 1, 12, 300, 10

! @  2042 2036 2036 2036 2359 2042 2036 2036 2036 2036
! 25, ise, 32, 0, 1, 16, 400, 10

! @  3410 3404 3404 3404 3404 3404 3404 3726 3410 3404
! 25, ise, 32, 0, 1, 20, 500, 10

! @  5130 5448 5130 5124 5124 5124 5124 5445 5130 5124
! 25, ise, 32, 0, 1, 24, 600, 10

! @  7202 7196 7519 7202 7196 7196 7515 7202 7196 7196
! 25, ise, 32, 0, 1, 28, 700, 10

! @  9631 9620 9943 9626 9620 9941 9626 9620 9943 9626
! 25, ise, 32, 0, 1, 32, 800, 10

! @  12419 12701 12414 12396 12718 12402 12703 12414 12396 12715
! 25, ise, 32, 0, 1, 36, 900, 10

! @  15540 15843 15530 15846 15530 15845 15530 15846 15530 15847
! 25, ise, 32, 0, 1, 40, 1000, 10

! @  19320 19022 19326 19010 19326 19315 19022 19325 19316 19022
! 25, ise, 32, 0, 1, 44, 1100, 10

! @  23170 23147 23161 22854 23157 23147 23157 22854 23159 23165
! 25, ise, 32, 0, 1, 48, 1200, 10

! @  27351 27038 27343 27349 27345 27349 27349 27333 27345 27345
! 25, ise, 32, 0, 1, 52, 1300, 10

! @  31888 31885 31884 31882 31885 32173 31882 31882 31882 31882
! 25, ise, 32, 0, 1, 56, 1400, 10

! @  36774 36781 36773 37060 36769 36785 36771 37060 36769 36765
! 25, ise, 32, 0, 1, 60, 1500, 10

! @  42012 42025 42297 42009 42308 42008 42023 42301 42025 42302
! 25, ise, 32, 0, 1, 64, 1600, 10

! @  47893 47903 47602 47905 47617 47890 47903 47599 47905 47615
! 25, ise, 32, 0, 1, 68, 1700, 10

! @  53841 53847 53846 53848 53557 53837 53848 53846 53848 53558
! 25, ise, 32, 0, 1, 72, 1800, 10

! @  60152 60145 60141 60142 60146 60145 60147 60142 60142 60141
