! 21, isa, 32, 0, 1, 8, 168, 10, 10, 828, 836, 828
  result is correct!
! 21, isa, 32, 0, 1, 12, 252, 10, 10, 1619, 2150, 1676
  result is correct!
! 21, isa, 32, 0, 1, 16, 336, 10, 10, 2662, 3103, 2718
  result is correct!
! 21, isa, 32, 0, 1, 20, 420, 10, 10, 3937, 4372, 3993
  result is correct!
! 21, isa, 32, 0, 1, 24, 504, 10, 10, 5470, 5910, 5583
  result is correct!
! 21, isa, 32, 0, 1, 28, 588, 10, 10, 7257, 7806, 7371
  result is correct!
! 21, isa, 32, 0, 1, 32, 672, 10, 10, 9298, 9733, 9469
  result is correct!
! 21, isa, 32, 0, 1, 36, 756, 10, 10, 11593, 12147, 11819
  result is correct!
! 21, isa, 32, 0, 1, 40, 840, 10, 10, 14164, 14697, 14426
  result is correct!
! 21, isa, 32, 0, 1, 44, 924, 10, 10, 16967, 17500, 17284
  result is correct!
! 21, isa, 32, 0, 1, 48, 1008, 10, 10, 20130, 20557, 20397
  result is correct!
! 21, isa, 32, 0, 1, 52, 1092, 10, 10, 23441, 23885, 23765
  result is correct!
! 21, isa, 32, 0, 1, 56, 1176, 10, 10, 27006, 27450, 27390
  result is correct!
! 21, isa, 32, 0, 1, 60, 1260, 10, 10, 31267, 31374, 31279
  result is correct!
! 21, isa, 32, 0, 1, 64, 1344, 10, 10, 35330, 35732, 35436
  result is correct!
! 21, isa, 32, 0, 1, 68, 1428, 10, 10, 39657, 40052, 39811
  result is correct!
! 21, isa, 32, 0, 1, 72, 1512, 10, 10, 44239, 44637, 44482
  result is correct!

--------------------Threshold debug data--------------------
! 21, isa, 32, 0, 1, 8, 168, 10

! @  836 828 828 828 828 828 828 828 828 828
! 21, isa, 32, 0, 1, 12, 252, 10

! @  1625 1619 1619 1619 1619 1619 1619 2150 1653 1619
! 21, isa, 32, 0, 1, 16, 336, 10

! @  3103 2790 2662 2662 2662 2662 2662 2662 2662 2662
! 21, isa, 32, 0, 1, 20, 420, 10

! @  3943 3937 3937 3937 4372 4065 3937 3937 3937 3937
! 21, isa, 32, 0, 1, 24, 504, 10

! @  5910 5598 5470 5470 5470 5877 5626 5470 5470 5470
! 21, isa, 32, 0, 1, 28, 588, 10

! @  7263 7257 7806 7279 7257 7257 7804 7279 7257 7257
! 21, isa, 32, 0, 1, 32, 672, 10

! @  9325 9298 9731 9426 9298 9731 9426 9298 9733 9426
! 21, isa, 32, 0, 1, 36, 756, 10

! @  12147 11615 12026 11721 11593 12141 11615 12026 11721 11593
! 21, isa, 32, 0, 1, 40, 840, 10

! @  14697 14164 14692 14164 14688 14169 14577 14270 14576 14270
! 21, isa, 32, 0, 1, 44, 924, 10

! @  17500 16967 17494 17401 17073 17379 17073 17492 16967 17495
! 21, isa, 32, 0, 1, 48, 1008, 10

! @  20557 20458 20130 20551 20458 20130 20552 20458 20130 20553
! 21, isa, 32, 0, 1, 52, 1092, 10

! @  23865 23885 23768 23873 23441 23859 23885 23768 23873 23441
! 21, isa, 32, 0, 1, 56, 1176, 10

! @  27443 27006 27430 27449 27450 27450 27449 27446 27339 27439
! 21, isa, 32, 0, 1, 60, 1260, 10

! @  31374 31270 31273 31269 31269 31268 31267 31268 31269 31270
! 21, isa, 32, 0, 1, 64, 1344, 10

! @  35732 35333 35331 35445 35346 35343 35727 35332 35330 35448
! 21, isa, 32, 0, 1, 68, 1428, 10

! @  39707 39732 40051 39659 39775 40052 39657 39775 40052 39658
! 21, isa, 32, 0, 1, 72, 1512, 10

! @  44635 44354 44631 44357 44632 44350 44637 44351 44636 44239
