>>>>
====
REPO_HOME         := auto-generated-text
RISCV             := auto-generated-text
MPISE_DESTRUCTIVE := 1
MPISE_STATELESS   := 1
----
ARCH              := rv32
TYPE              := ise
RADIX             := 26
PLATFORM          := cva6-fpga
VERSION           := simple
<<<<
bbl loader
! 26, ise, 32, 1, 1, 8, 208, 1000, 752, 1018, 1018, 1018
  result is correct!
! 26, ise, 32, 1, 1, 12, 312, 1000, 957, 2034, 2034, 2034
  result is correct!
! 26, ise, 32, 1, 1, 16, 416, 1000, 941, 3402, 3402, 3402
  result is correct!
! 26, ise, 32, 1, 1, 20, 520, 1000, 909, 5122, 5122, 5122
  result is correct!
! 26, ise, 32, 1, 1, 24, 624, 1000, 879, 7194, 7194, 7194
  result is correct!
! 26, ise, 32, 1, 1, 28, 728, 1000, 848, 9618, 9618, 9618
  result is correct!
! 26, ise, 32, 1, 1, 32, 832, 1000, 801, 12394, 12394, 12394
  result is correct!
! 26, ise, 32, 1, 1, 36, 936, 1000, 754, 15522, 15522, 15522
  result is correct!
! 26, ise, 32, 1, 1, 40, 1040, 1000, 719, 19002, 19004, 19002
  result is correct!
! 26, ise, 32, 1, 1, 44, 1144, 1000, 662, 22834, 22836, 22834
  result is correct!
! 26, ise, 32, 1, 1, 48, 1248, 1000, 602, 27018, 27020, 27018
  result is correct!
! 26, ise, 32, 1, 1, 52, 1352, 1000, 683, 31554, 31768, 31569
  result is correct!
! 26, ise, 32, 1, 1, 56, 1456, 1000, 730, 36442, 37346, 36516
  result is correct!
! 26, ise, 32, 1, 1, 60, 1560, 1000, 691, 41682, 42550, 41775
  result is correct!
! 26, ise, 32, 1, 1, 64, 1664, 1000, 653, 47274, 48175, 47388
  result is correct!
