>>>>
====
REPO_HOME         := auto-generated-text
RISCV             := auto-generated-text
MPISE_DESTRUCTIVE := 1
MPISE_STATELESS   := 1
----
ARCH              := rv32
TYPE              := isa
RADIX             := 21
PLATFORM          := cva6-fpga
VERSION           := simple
<<<<
bbl loader
! 21, isa, 32, 1, 1, 8, 168, 1000, 735, 1219, 1219, 1219
  result is correct!
! 21, isa, 32, 1, 1, 12, 252, 1000, 957, 2479, 2479, 2479
  result is correct!
! 21, isa, 32, 1, 1, 16, 336, 1000, 926, 4187, 4187, 4187
  result is correct!
! 21, isa, 32, 1, 1, 20, 420, 1000, 895, 6343, 6343, 6343
  result is correct!
! 21, isa, 32, 1, 1, 24, 504, 1000, 857, 8947, 8947, 8947
  result is correct!
! 21, isa, 32, 1, 1, 28, 588, 1000, 829, 11999, 11999, 11999
  result is correct!
! 21, isa, 32, 1, 1, 32, 672, 1000, 767, 15499, 15499, 15499
  result is correct!
! 21, isa, 32, 1, 1, 36, 756, 1000, 733, 19447, 19452, 19447
  result is correct!
! 21, isa, 32, 1, 1, 40, 840, 1000, 673, 23843, 23848, 23843
  result is correct!
! 21, isa, 32, 1, 1, 44, 924, 1000, 611, 28687, 28692, 28687
  result is correct!
! 21, isa, 32, 1, 1, 48, 1008, 1000, 747, 33979, 34916, 34052
  result is correct!
! 21, isa, 32, 1, 1, 52, 1092, 1000, 707, 39719, 40725, 39801
  result is correct!
! 21, isa, 32, 1, 1, 56, 1176, 1000, 660, 45907, 46779, 46000
  result is correct!
! 21, isa, 32, 1, 1, 60, 1260, 1000, 612, 52543, 53579, 52675
  result is correct!
! 21, isa, 32, 1, 1, 64, 1344, 1000, 559, 59627, 60646, 59803
  result is correct!
! 21, isa, 32, 1, 1, 68, 1428, 1000, 503, 67159, 68204, 67374
  result is correct!
! 21, isa, 32, 1, 1, 72, 1512, 1000, 446, 75139, 76340, 75417
  result is correct!
