>>>>
====
REPO_HOME         := auto-generated-text
RISCV             := auto-generated-text
MPISE_DESTRUCTIVE := 1
MPISE_STATELESS   := 1
----
ARCH              := rv32
TYPE              := isa
RADIX             := 30
PLATFORM          := cva6-fpga
VERSION           := hybrid
<<<<
bbl loader
! 30, isa, 32, 1, 1, 8, 240, 1000, 113, 826, 826, 826
  result is correct!
! 30, isa, 32, 1, 1, 12, 360, 1000, 489, 1623, 1623, 1623
  result is correct!
! 30, isa, 32, 1, 1, 16, 480, 1000, 487, 2664, 2664, 2664
  result is correct!
