>>>>
====
REPO_HOME         := auto-generated-text
RISCV             := auto-generated-text
MPISE_DESTRUCTIVE := 1
MPISE_STATELESS   := 1
----
ARCH              := rv32
TYPE              := isa
RADIX             := 20
PLATFORM          := cva6-fpga
VERSION           := hybrid
<<<<
bbl loader
! 20, isa, 32, 1, 1, 8, 160, 1000, 124, 824, 824, 824
  result is correct!
! 20, isa, 32, 1, 1, 12, 240, 1000, 486, 1621, 1621, 1621
  result is correct!
! 20, isa, 32, 1, 1, 16, 320, 1000, 476, 2662, 2662, 2662
  result is correct!
! 20, isa, 32, 1, 1, 20, 400, 1000, 469, 3937, 3937, 3937
  result is correct!
! 20, isa, 32, 1, 1, 24, 480, 1000, 457, 5470, 5470, 5470
  result is correct!
! 20, isa, 32, 1, 1, 28, 560, 1000, 441, 7257, 7257, 7257
  result is correct!
! 20, isa, 32, 1, 1, 32, 640, 1000, 424, 9298, 9298, 9298
  result is correct!
! 20, isa, 32, 1, 1, 36, 720, 1000, 405, 11593, 11593, 11593
  result is correct!
! 20, isa, 32, 1, 1, 40, 800, 1000, 380, 14142, 14144, 14142
  result is correct!
! 20, isa, 32, 1, 1, 44, 880, 1000, 365, 16945, 16945, 16945
  result is correct!
! 20, isa, 32, 1, 1, 48, 960, 1000, 337, 20002, 20002, 20002
  result is correct!
! 20, isa, 32, 1, 1, 52, 1040, 1000, 748, 23313, 23539, 23329
  result is correct!
! 20, isa, 32, 1, 1, 56, 1120, 1000, 717, 26878, 27149, 26899
  result is correct!
! 20, isa, 32, 1, 1, 60, 1200, 1000, 677, 30697, 31023, 30723
  result is correct!
! 20, isa, 32, 1, 1, 64, 1280, 1000, 740, 34770, 36546, 34892
  result is correct!
! 20, isa, 32, 1, 1, 68, 1360, 1000, 705, 39097, 40707, 39239
  result is correct!
! 20, isa, 32, 1, 1, 72, 1440, 1000, 671, 43678, 45340, 43844
  result is correct!
