>>>>
====
REPO_HOME         := auto-generated-text
RISCV             := auto-generated-text
MPISE_DESTRUCTIVE := 1
MPISE_STATELESS   := 1
----
ARCH              := rv32
TYPE              := isa
RADIX             := 32
PLATFORM          := cva6-fpga
VERSION           := simple
<<<<
bbl loader
! 32, isa, 32, 1, 1, 8, 256, 1000, 345, 1320, 1321, 1320
  result is correct!
! 32, isa, 32, 1, 1, 12, 384, 1000, 959, 2731, 2732, 2731
  result is correct!
! 32, isa, 32, 1, 1, 16, 512, 1000, 927, 4651, 4652, 4651
  result is correct!
! 32, isa, 32, 1, 1, 20, 640, 1000, 893, 7083, 7084, 7083
  result is correct!
! 32, isa, 32, 1, 1, 24, 768, 1000, 851, 10027, 10028, 10027
  result is correct!
! 32, isa, 32, 1, 1, 28, 896, 1000, 803, 13483, 13484, 13483
  result is correct!
! 32, isa, 32, 1, 1, 32, 1024, 1000, 742, 17451, 17458, 17451
  result is correct!
! 32, isa, 32, 1, 1, 36, 1152, 1000, 676, 21931, 21932, 21931
  result is correct!
! 32, isa, 32, 1, 1, 40, 1280, 1000, 601, 26923, 26949, 26923
  result is correct!
! 32, isa, 32, 1, 1, 44, 1408, 1000, 641, 32427, 32573, 32438
  result is correct!
! 32, isa, 32, 1, 1, 48, 1536, 1000, 716, 38443, 39242, 38528
  result is correct!
! 32, isa, 32, 1, 1, 52, 1664, 1000, 669, 44971, 45823, 45077
  result is correct!
! 32, isa, 32, 1, 1, 56, 1792, 1000, 616, 52011, 52929, 52153
  result is correct!
! 32, isa, 32, 1, 1, 60, 1920, 1000, 559, 59563, 60488, 59748
  result is correct!
! 32, isa, 32, 1, 1, 64, 2048, 1000, 502, 67627, 68598, 67868
  result is correct!
