>>>>
====
REPO_HOME         := auto-generated-text
RISCV             := auto-generated-text
MPISE_DESTRUCTIVE := 1
MPISE_STATELESS   := 1
----
ARCH              := rv32
TYPE              := isa
RADIX             := 29
PLATFORM          := cva6-fpga
VERSION           := simple
<<<<
bbl loader
! 29, isa, 32, 1, 1, 8, 232, 1000, 746, 1226, 1226, 1226
  result is correct!
! 29, isa, 32, 1, 1, 12, 348, 1000, 953, 2490, 2490, 2490
  result is correct!
! 29, isa, 32, 1, 1, 16, 464, 1000, 925, 4202, 4202, 4202
  result is correct!
! 29, isa, 32, 1, 1, 20, 580, 1000, 903, 6362, 6362, 6362
  result is correct!
! 29, isa, 32, 1, 1, 24, 696, 1000, 860, 8970, 8970, 8970
  result is correct!
! 29, isa, 32, 1, 1, 28, 812, 1000, 808, 12026, 12026, 12026
  result is correct!
! 29, isa, 32, 1, 1, 32, 928, 1000, 760, 15530, 15530, 15530
  result is correct!
! 29, isa, 32, 1, 1, 36, 1044, 1000, 711, 19482, 19483, 19482
  result is correct!
! 29, isa, 32, 1, 1, 40, 1160, 1000, 647, 23882, 23883, 23882
  result is correct!
! 29, isa, 32, 1, 1, 44, 1276, 1000, 698, 28730, 28915, 28741
  result is correct!
! 29, isa, 32, 1, 1, 48, 1392, 1000, 749, 34026, 34767, 34093
  result is correct!
! 29, isa, 32, 1, 1, 52, 1508, 1000, 707, 39770, 40744, 39855
  result is correct!
! 29, isa, 32, 1, 1, 56, 1624, 1000, 662, 45962, 46890, 46017
  result is correct!
! 29, isa, 32, 1, 1, 60, 1740, 1000, 612, 52602, 53516, 52745
  result is correct!
! 29, isa, 32, 1, 1, 64, 1856, 1000, 558, 59690, 60776, 59879
  result is correct!
