>>>>
====
REPO_HOME         := auto-generated-text
RISCV             := auto-generated-text
MPISE_DESTRUCTIVE := 1
MPISE_STATELESS   := 1
----
ARCH              := rv32
TYPE              := ise
RADIX             := 32
PLATFORM          := cva6-fpga
VERSION           := simple
<<<<
bbl loader
! 32, ise, 32, 1, 1, 8, 256, 1000, 808, 1133, 1133, 1133
  result is correct!
! 32, ise, 32, 1, 1, 12, 384, 1000, 958, 2301, 2301, 2301
  result is correct!
! 32, ise, 32, 1, 1, 16, 512, 1000, 926, 3885, 3885, 3885
  result is correct!
! 32, ise, 32, 1, 1, 20, 640, 1000, 894, 5885, 5885, 5885
  result is correct!
! 32, ise, 32, 1, 1, 24, 768, 1000, 866, 8301, 8301, 8301
  result is correct!
! 32, ise, 32, 1, 1, 28, 896, 1000, 821, 11133, 11133, 11133
  result is correct!
! 32, ise, 32, 1, 1, 32, 1024, 1000, 778, 14381, 14381, 14381
  result is correct!
! 32, ise, 32, 1, 1, 36, 1152, 1000, 734, 18045, 18052, 18045
  result is correct!
! 32, ise, 32, 1, 1, 40, 1280, 1000, 673, 22125, 22132, 22125
  result is correct!
! 32, ise, 32, 1, 1, 44, 1408, 1000, 604, 26621, 26628, 26621
  result is correct!
! 32, ise, 32, 1, 1, 48, 1536, 1000, 680, 31533, 31734, 31548
  result is correct!
! 32, ise, 32, 1, 1, 52, 1664, 1000, 724, 36861, 37656, 36926
  result is correct!
! 32, ise, 32, 1, 1, 56, 1792, 1000, 685, 42605, 43383, 42687
  result is correct!
! 32, ise, 32, 1, 1, 60, 1920, 1000, 639, 48765, 49593, 48877
  result is correct!
! 32, ise, 32, 1, 1, 64, 2048, 1000, 590, 55341, 56397, 55473
  result is correct!
