>>>>
====
REPO_HOME         := auto-generated-text
RISCV             := auto-generated-text
MPISE_DESTRUCTIVE := 1
MPISE_STATELESS   := 1
----
ARCH              := rv32
TYPE              := ise
RADIX             := 27
PLATFORM          := cva6-fpga
VERSION           := simple
<<<<
bbl loader
! 27, ise, 32, 1, 1, 8, 216, 1000, 747, 1018, 1018, 1018
  result is correct!
! 27, ise, 32, 1, 1, 12, 324, 1000, 959, 2034, 2034, 2034
  result is correct!
! 27, ise, 32, 1, 1, 16, 432, 1000, 941, 3402, 3402, 3402
  result is correct!
! 27, ise, 32, 1, 1, 20, 540, 1000, 915, 5122, 5122, 5122
  result is correct!
! 27, ise, 32, 1, 1, 24, 648, 1000, 883, 7194, 7194, 7194
  result is correct!
! 27, ise, 32, 1, 1, 28, 756, 1000, 841, 9618, 9618, 9618
  result is correct!
! 27, ise, 32, 1, 1, 32, 864, 1000, 798, 12394, 12394, 12394
  result is correct!
