>>>>
====
REPO_HOME         := auto-generated-text
RISCV             := auto-generated-text
MPISE_DESTRUCTIVE := 1
MPISE_STATELESS   := 1
----
ARCH              := rv32
TYPE              := isa
RADIX             := 32
PLATFORM          := cva6-fpga
VERSION           := hybrid
<<<<
bbl loader
! 32, isa, 32, 1, 1, 8, 256, 1000, 173, 766, 766, 766
  result is correct!
! 32, isa, 32, 1, 1, 12, 384, 1000, 108, 1615, 1615, 1615
  result is correct!
! 32, isa, 32, 1, 1, 16, 512, 1000, 482, 2776, 2778, 2776
  result is correct!
! 32, isa, 32, 1, 1, 20, 640, 1000, 464, 4221, 4221, 4221
  result is correct!
! 32, isa, 32, 1, 1, 24, 768, 1000, 453, 5985, 5987, 5985
  result is correct!
! 32, isa, 32, 1, 1, 28, 896, 1000, 438, 8061, 8063, 8061
  result is correct!
! 32, isa, 32, 1, 1, 32, 1024, 1000, 414, 10449, 10451, 10449
  result is correct!
! 32, isa, 32, 1, 1, 36, 1152, 1000, 394, 13149, 13151, 13149
  result is correct!
! 32, isa, 32, 1, 1, 40, 1280, 1000, 377, 16161, 16163, 16161
  result is correct!
! 32, isa, 32, 1, 1, 44, 1408, 1000, 710, 19485, 19547, 19491
  result is correct!
! 32, isa, 32, 1, 1, 48, 1536, 1000, 749, 23121, 23421, 23141
  result is correct!
! 32, isa, 32, 1, 1, 52, 1664, 1000, 704, 27069, 27429, 27093
  result is correct!
! 32, isa, 32, 1, 1, 56, 1792, 1000, 655, 31329, 31692, 31356
  result is correct!
! 32, isa, 32, 1, 1, 60, 1920, 1000, 731, 35901, 37609, 36059
  result is correct!
! 32, isa, 32, 1, 1, 64, 2048, 1000, 694, 40785, 42648, 40986
  result is correct!
