>>>>
====
REPO_HOME         := auto-generated-text
RISCV             := auto-generated-text
MPISE_DESTRUCTIVE := 1
MPISE_STATELESS   := 1
----
ARCH              := rv32
TYPE              := ise
RADIX             := 22
PLATFORM          := cva6-fpga
VERSION           := simple
<<<<
bbl loader
! 22, ise, 32, 1, 1, 8, 176, 1000, 738, 1019, 1020, 1019
  result is correct!
! 22, ise, 32, 1, 1, 12, 264, 1000, 973, 2035, 2036, 2035
  result is correct!
! 22, ise, 32, 1, 1, 16, 352, 1000, 951, 3403, 3404, 3403
  result is correct!
! 22, ise, 32, 1, 1, 20, 440, 1000, 929, 5123, 5124, 5123
  result is correct!
! 22, ise, 32, 1, 1, 24, 528, 1000, 897, 7195, 7196, 7195
  result is correct!
! 22, ise, 32, 1, 1, 28, 616, 1000, 865, 9619, 9620, 9619
  result is correct!
! 22, ise, 32, 1, 1, 32, 704, 1000, 438, 12395, 12395, 12395
  result is correct!
! 22, ise, 32, 1, 1, 36, 792, 1000, 780, 15523, 15524, 15523
  result is correct!
! 22, ise, 32, 1, 1, 40, 880, 1000, 387, 19003, 19003, 19003
  result is correct!
! 22, ise, 32, 1, 1, 44, 968, 1000, 678, 22835, 22840, 22835
  result is correct!
! 22, ise, 32, 1, 1, 48, 1056, 1000, 701, 27019, 27141, 27024
  result is correct!
! 22, ise, 32, 1, 1, 52, 1144, 1000, 558, 31555, 31557, 31555
  result is correct!
! 22, ise, 32, 1, 1, 56, 1232, 1000, 731, 36443, 37246, 36517
  result is correct!
! 22, ise, 32, 1, 1, 60, 1320, 1000, 692, 41683, 42545, 41774
  result is correct!
! 22, ise, 32, 1, 1, 64, 1408, 1000, 649, 47275, 48228, 47389
  result is correct!
! 22, ise, 32, 1, 1, 68, 1496, 1000, 608, 53219, 54276, 53359
  result is correct!
! 22, ise, 32, 1, 1, 72, 1584, 1000, 562, 59515, 60716, 59678
  result is correct!
