>>>>
====
REPO_HOME         := auto-generated-text
RISCV             := auto-generated-text
MPISE_DESTRUCTIVE := 1
MPISE_STATELESS   := 1
----
ARCH              := rv32
TYPE              := isa
RADIX             := 26
PLATFORM          := cva6-fpga
VERSION           := simple
<<<<
bbl loader
! 26, isa, 32, 1, 1, 8, 208, 1000, 734, 1219, 1219, 1219
  result is correct!
! 26, isa, 32, 1, 1, 12, 312, 1000, 960, 2479, 2479, 2479
  result is correct!
! 26, isa, 32, 1, 1, 16, 416, 1000, 932, 4187, 4187, 4187
  result is correct!
! 26, isa, 32, 1, 1, 20, 520, 1000, 897, 6343, 6343, 6343
  result is correct!
! 26, isa, 32, 1, 1, 24, 624, 1000, 862, 8947, 8947, 8947
  result is correct!
! 26, isa, 32, 1, 1, 28, 728, 1000, 821, 11999, 11999, 11999
  result is correct!
! 26, isa, 32, 1, 1, 32, 832, 1000, 772, 15499, 15499, 15499
  result is correct!
! 26, isa, 32, 1, 1, 36, 936, 1000, 731, 19447, 19448, 19447
  result is correct!
! 26, isa, 32, 1, 1, 40, 1040, 1000, 669, 23843, 23848, 23843
  result is correct!
! 26, isa, 32, 1, 1, 44, 1144, 1000, 603, 28687, 28692, 28687
  result is correct!
! 26, isa, 32, 1, 1, 48, 1248, 1000, 749, 33979, 34722, 34039
  result is correct!
! 26, isa, 32, 1, 1, 52, 1352, 1000, 704, 39719, 40572, 39799
  result is correct!
! 26, isa, 32, 1, 1, 56, 1456, 1000, 661, 45907, 46691, 46001
  result is correct!
! 26, isa, 32, 1, 1, 60, 1560, 1000, 613, 52543, 53653, 52682
  result is correct!
! 26, isa, 32, 1, 1, 64, 1664, 1000, 558, 59627, 60658, 59797
  result is correct!
! 26, isa, 32, 1, 1, 68, 1768, 1000, 507, 67159, 68438, 67380
  result is correct!
! 26, isa, 32, 1, 1, 72, 1872, 1000, 450, 75139, 76421, 75418
  result is correct!
