>>>>
====
REPO_HOME         := auto-generated-text
RISCV             := auto-generated-text
MPISE_DESTRUCTIVE := 1
MPISE_STATELESS   := 1
----
ARCH              := rv32
TYPE              := isa
RADIX             := 27
PLATFORM          := cva6-fpga
VERSION           := hybrid
<<<<
bbl loader
! 27, isa, 32, 1, 1, 8, 216, 1000, 121, 824, 824, 824
  result is correct!
! 27, isa, 32, 1, 1, 12, 324, 1000, 486, 1621, 1621, 1621
  result is correct!
! 27, isa, 32, 1, 1, 16, 432, 1000, 476, 2662, 2662, 2662
  result is correct!
! 27, isa, 32, 1, 1, 20, 540, 1000, 466, 3937, 3937, 3937
  result is correct!
! 27, isa, 32, 1, 1, 24, 648, 1000, 458, 5470, 5470, 5470
  result is correct!
! 27, isa, 32, 1, 1, 28, 756, 1000, 445, 7257, 7257, 7257
  result is correct!
! 27, isa, 32, 1, 1, 32, 864, 1000, 420, 9298, 9300, 9298
  result is correct!
! 27, isa, 32, 1, 1, 36, 972, 1000, 405, 11593, 11593, 11593
  result is correct!
! 27, isa, 32, 1, 1, 40, 1080, 1000, 388, 14142, 14142, 14142
  result is correct!
! 27, isa, 32, 1, 1, 44, 1188, 1000, 368, 16945, 16945, 16945
  result is correct!
! 27, isa, 32, 1, 1, 48, 1296, 1000, 341, 20002, 20004, 20002
  result is correct!
! 27, isa, 32, 1, 1, 52, 1404, 1000, 747, 23313, 23492, 23328
  result is correct!
! 27, isa, 32, 1, 1, 56, 1512, 1000, 714, 26878, 27184, 26900
  result is correct!
! 27, isa, 32, 1, 1, 60, 1620, 1000, 677, 30697, 31019, 30722
  result is correct!
! 27, isa, 32, 1, 1, 64, 1728, 1000, 739, 34770, 36114, 34887
  result is correct!
! 27, isa, 32, 1, 1, 68, 1836, 1000, 705, 39097, 40759, 39242
  result is correct!
! 27, isa, 32, 1, 1, 72, 1944, 1000, 670, 43678, 45418, 43840
  result is correct!
