>>>>
====
REPO_HOME         := auto-generated-text
RISCV             := auto-generated-text
MPISE_DESTRUCTIVE := 1
MPISE_STATELESS   := 1
----
ARCH              := rv32
TYPE              := isa
RADIX             := 25
PLATFORM          := cva6-fpga
VERSION           := simple
<<<<
bbl loader
! 25, isa, 32, 1, 1, 8, 200, 1000, 729, 1219, 1219, 1219
  result is correct!
! 25, isa, 32, 1, 1, 12, 300, 1000, 956, 2479, 2479, 2479
  result is correct!
! 25, isa, 32, 1, 1, 16, 400, 1000, 931, 4187, 4187, 4187
  result is correct!
! 25, isa, 32, 1, 1, 20, 500, 1000, 898, 6343, 6343, 6343
  result is correct!
! 25, isa, 32, 1, 1, 24, 600, 1000, 861, 8947, 8947, 8947
  result is correct!
! 25, isa, 32, 1, 1, 28, 700, 1000, 826, 11999, 11999, 11999
  result is correct!
! 25, isa, 32, 1, 1, 32, 800, 1000, 769, 15499, 15499, 15499
  result is correct!
! 25, isa, 32, 1, 1, 36, 900, 1000, 730, 19447, 19452, 19447
  result is correct!
! 25, isa, 32, 1, 1, 40, 1000, 1000, 673, 23843, 23844, 23843
  result is correct!
! 25, isa, 32, 1, 1, 44, 1100, 1000, 689, 28687, 28793, 28692
  result is correct!
! 25, isa, 32, 1, 1, 48, 1200, 1000, 749, 33979, 34900, 34048
  result is correct!
! 25, isa, 32, 1, 1, 52, 1300, 1000, 705, 39719, 40466, 39798
  result is correct!
! 25, isa, 32, 1, 1, 56, 1400, 1000, 659, 45907, 46766, 46045
  result is correct!
! 25, isa, 32, 1, 1, 60, 1500, 1000, 611, 52543, 53460, 52676
  result is correct!
! 25, isa, 32, 1, 1, 64, 1600, 1000, 561, 59627, 60789, 59800
  result is correct!
! 25, isa, 32, 1, 1, 68, 1700, 1000, 503, 67159, 68414, 67369
  result is correct!
! 25, isa, 32, 1, 1, 72, 1800, 1000, 446, 75139, 76369, 75417
  result is correct!
