>>>>
====
REPO_HOME         := auto-generated-text
RISCV             := auto-generated-text
MPISE_DESTRUCTIVE := 1
MPISE_STATELESS   := 1
----
ARCH              := rv32
TYPE              := ise
RADIX             := 28
PLATFORM          := cva6-fpga
VERSION           := simple
<<<<
bbl loader
! 28, ise, 32, 1, 1, 8, 224, 1000, 746, 1020, 1020, 1020
  result is correct!
! 28, ise, 32, 1, 1, 12, 336, 1000, 958, 2036, 2036, 2036
  result is correct!
! 28, ise, 32, 1, 1, 16, 448, 1000, 942, 3404, 3404, 3404
  result is correct!
