>>>>
====
REPO_HOME         := auto-generated-text
RISCV             := auto-generated-text
MPISE_DESTRUCTIVE := 1
MPISE_STATELESS   := 1
----
ARCH              := rv32
TYPE              := isa
RADIX             := 28
PLATFORM          := cva6-fpga
VERSION           := hybrid
<<<<
bbl loader
! 28, isa, 32, 1, 1, 8, 224, 1000, 123, 824, 824, 824
  result is correct!
! 28, isa, 32, 1, 1, 12, 336, 1000, 489, 1621, 1621, 1621
  result is correct!
! 28, isa, 32, 1, 1, 16, 448, 1000, 476, 2662, 2665, 2662
  result is correct!
! 28, isa, 32, 1, 1, 20, 560, 1000, 468, 3937, 3937, 3937
  result is correct!
! 28, isa, 32, 1, 1, 24, 672, 1000, 452, 5470, 5472, 5470
  result is correct!
! 28, isa, 32, 1, 1, 28, 784, 1000, 432, 7257, 7257, 7257
  result is correct!
! 28, isa, 32, 1, 1, 32, 896, 1000, 424, 9298, 9298, 9298
  result is correct!
! 28, isa, 32, 1, 1, 36, 1008, 1000, 405, 11593, 11593, 11593
  result is correct!
! 28, isa, 32, 1, 1, 40, 1120, 1000, 385, 14142, 14142, 14142
  result is correct!
! 28, isa, 32, 1, 1, 44, 1232, 1000, 376, 16945, 16947, 16945
  result is correct!
! 28, isa, 32, 1, 1, 48, 1344, 1000, 335, 20002, 20002, 20002
  result is correct!
! 28, isa, 32, 1, 1, 52, 1456, 1000, 747, 23313, 23535, 23328
  result is correct!
! 28, isa, 32, 1, 1, 56, 1568, 1000, 696, 26878, 27052, 26894
  result is correct!
! 28, isa, 32, 1, 1, 60, 1680, 1000, 674, 30697, 31033, 30724
  result is correct!
! 28, isa, 32, 1, 1, 64, 1792, 1000, 739, 34770, 36168, 34884
  result is correct!
! 28, isa, 32, 1, 1, 68, 1904, 1000, 705, 39097, 40882, 39236
  result is correct!
! 28, isa, 32, 1, 1, 72, 2016, 1000, 671, 43678, 46172, 43844
  result is correct!
