>>>>
====
REPO_HOME         := auto-generated-text
RISCV             := auto-generated-text
MPISE_DESTRUCTIVE := 1
MPISE_STATELESS   := 1
----
ARCH              := rv32
TYPE              := isa
RADIX             := 23
PLATFORM          := cva6-fpga
VERSION           := simple
<<<<
bbl loader
! 23, isa, 32, 1, 1, 8, 184, 1000, 735, 1219, 1219, 1219
  result is correct!
! 23, isa, 32, 1, 1, 12, 276, 1000, 955, 2479, 2479, 2479
  result is correct!
! 23, isa, 32, 1, 1, 16, 368, 1000, 928, 4187, 4187, 4187
  result is correct!
! 23, isa, 32, 1, 1, 20, 460, 1000, 906, 6343, 6343, 6343
  result is correct!
! 23, isa, 32, 1, 1, 24, 552, 1000, 855, 8947, 8947, 8947
  result is correct!
! 23, isa, 32, 1, 1, 28, 644, 1000, 823, 11999, 11999, 11999
  result is correct!
! 23, isa, 32, 1, 1, 32, 736, 1000, 767, 15499, 15499, 15499
  result is correct!
! 23, isa, 32, 1, 1, 36, 828, 1000, 742, 19447, 19448, 19447
  result is correct!
! 23, isa, 32, 1, 1, 40, 920, 1000, 671, 23843, 23848, 23843
  result is correct!
! 23, isa, 32, 1, 1, 44, 1012, 1000, 598, 28687, 28692, 28687
  result is correct!
! 23, isa, 32, 1, 1, 48, 1104, 1000, 664, 33979, 34208, 33992
  result is correct!
! 23, isa, 32, 1, 1, 52, 1196, 1000, 707, 39719, 40778, 39804
  result is correct!
! 23, isa, 32, 1, 1, 56, 1288, 1000, 659, 45907, 46645, 45958
  result is correct!
! 23, isa, 32, 1, 1, 60, 1380, 1000, 611, 52543, 53455, 52681
  result is correct!
! 23, isa, 32, 1, 1, 64, 1472, 1000, 557, 59627, 60584, 59794
  result is correct!
! 23, isa, 32, 1, 1, 68, 1564, 1000, 504, 67159, 68172, 67376
  result is correct!
! 23, isa, 32, 1, 1, 72, 1656, 1000, 446, 75139, 76415, 75411
  result is correct!
