>>>>
====
REPO_HOME         := auto-generated-text
RISCV             := auto-generated-text
MPISE_DESTRUCTIVE := 1
MPISE_STATELESS   := 1
----
ARCH              := rv32
TYPE              := ise
RADIX             := 20
PLATFORM          := cva6-fpga
VERSION           := hybrid
<<<<
bbl loader
! 20, ise, 32, 1, 1, 8, 160, 1000, 124, 462, 462, 462
  result is correct!
! 20, ise, 32, 1, 1, 12, 240, 1000, 492, 836, 836, 836
  result is correct!
! 20, ise, 32, 1, 1, 16, 320, 1000, 490, 1299, 1299, 1299
  result is correct!
! 20, ise, 32, 1, 1, 20, 400, 1000, 486, 1838, 1838, 1838
  result is correct!
! 20, ise, 32, 1, 1, 24, 480, 1000, 482, 2477, 2477, 2477
  result is correct!
! 20, ise, 32, 1, 1, 28, 560, 1000, 474, 3212, 3212, 3212
  result is correct!
! 20, ise, 32, 1, 1, 32, 640, 1000, 469, 4043, 4043, 4043
  result is correct!
! 20, ise, 32, 1, 1, 36, 720, 1000, 460, 4970, 4970, 4970
  result is correct!
! 20, ise, 32, 1, 1, 40, 800, 1000, 456, 5993, 5993, 5993
  result is correct!
! 20, ise, 32, 1, 1, 44, 880, 1000, 447, 7112, 7112, 7112
  result is correct!
! 20, ise, 32, 1, 1, 48, 960, 1000, 437, 8327, 8327, 8327
  result is correct!
! 20, ise, 32, 1, 1, 52, 1040, 1000, 427, 9638, 9638, 9638
  result is correct!
! 20, ise, 32, 1, 1, 56, 1120, 1000, 417, 11045, 11045, 11045
  result is correct!
! 20, ise, 32, 1, 1, 60, 1200, 1000, 407, 12548, 12548, 12548
  result is correct!
! 20, ise, 32, 1, 1, 64, 1280, 1000, 394, 14147, 14147, 14147
  result is correct!
! 20, ise, 32, 1, 1, 68, 1360, 1000, 381, 15842, 15842, 15842
  result is correct!
! 20, ise, 32, 1, 1, 72, 1440, 1000, 367, 17633, 17633, 17633
  result is correct!
