>>>>
====
REPO_HOME         := auto-generated-text
RISCV             := auto-generated-text
MPISE_DESTRUCTIVE := 1
MPISE_STATELESS   := 1
----
ARCH              := rv32
TYPE              := isa
RADIX             := 22
PLATFORM          := cva6-fpga
VERSION           := hybrid
<<<<
bbl loader
! 22, isa, 32, 1, 1, 8, 176, 1000, 122, 824, 824, 824
  result is correct!
! 22, isa, 32, 1, 1, 12, 264, 1000, 485, 1621, 1621, 1621
  result is correct!
! 22, isa, 32, 1, 1, 16, 352, 1000, 478, 2662, 2662, 2662
  result is correct!
! 22, isa, 32, 1, 1, 20, 440, 1000, 469, 3937, 3937, 3937
  result is correct!
! 22, isa, 32, 1, 1, 24, 528, 1000, 462, 5470, 5470, 5470
  result is correct!
! 22, isa, 32, 1, 1, 28, 616, 1000, 442, 7257, 7257, 7257
  result is correct!
! 22, isa, 32, 1, 1, 32, 704, 1000, 418, 9298, 9298, 9298
  result is correct!
! 22, isa, 32, 1, 1, 36, 792, 1000, 409, 11593, 11593, 11593
  result is correct!
! 22, isa, 32, 1, 1, 40, 880, 1000, 389, 14142, 14142, 14142
  result is correct!
! 22, isa, 32, 1, 1, 44, 968, 1000, 345, 16945, 16945, 16945
  result is correct!
! 22, isa, 32, 1, 1, 48, 1056, 1000, 345, 20002, 20002, 20002
  result is correct!
! 22, isa, 32, 1, 1, 52, 1144, 1000, 748, 23313, 23474, 23329
  result is correct!
! 22, isa, 32, 1, 1, 56, 1232, 1000, 705, 26878, 27168, 26897
  result is correct!
! 22, isa, 32, 1, 1, 60, 1320, 1000, 679, 30697, 31023, 30723
  result is correct!
! 22, isa, 32, 1, 1, 64, 1408, 1000, 740, 34770, 35845, 34884
  result is correct!
! 22, isa, 32, 1, 1, 68, 1496, 1000, 706, 39097, 40864, 39237
  result is correct!
! 22, isa, 32, 1, 1, 72, 1584, 1000, 673, 43678, 45661, 43844
  result is correct!
