>>>>
====
REPO_HOME         := auto-generated-text
RISCV             := auto-generated-text
MPISE_DESTRUCTIVE := 1
MPISE_STATELESS   := 1
----
ARCH              := rv32
TYPE              := isa
RADIX             := 22
PLATFORM          := cva6-fpga
VERSION           := simple
<<<<
bbl loader
! 22, isa, 32, 1, 1, 8, 176, 1000, 735, 1219, 1219, 1219
  result is correct!
! 22, isa, 32, 1, 1, 12, 264, 1000, 960, 2479, 2479, 2479
  result is correct!
! 22, isa, 32, 1, 1, 16, 352, 1000, 930, 4187, 4187, 4187
  result is correct!
! 22, isa, 32, 1, 1, 20, 440, 1000, 893, 6343, 6343, 6343
  result is correct!
! 22, isa, 32, 1, 1, 24, 528, 1000, 863, 8947, 8947, 8947
  result is correct!
! 22, isa, 32, 1, 1, 28, 616, 1000, 820, 11999, 11999, 11999
  result is correct!
! 22, isa, 32, 1, 1, 32, 704, 1000, 765, 15499, 15499, 15499
  result is correct!
! 22, isa, 32, 1, 1, 36, 792, 1000, 732, 19447, 19452, 19447
  result is correct!
! 22, isa, 32, 1, 1, 40, 880, 1000, 671, 23843, 23848, 23843
  result is correct!
! 22, isa, 32, 1, 1, 44, 968, 1000, 689, 28687, 28774, 28691
  result is correct!
! 22, isa, 32, 1, 1, 48, 1056, 1000, 646, 33979, 34108, 33985
  result is correct!
! 22, isa, 32, 1, 1, 52, 1144, 1000, 708, 39719, 40716, 39802
  result is correct!
! 22, isa, 32, 1, 1, 56, 1232, 1000, 660, 45907, 46731, 46051
  result is correct!
! 22, isa, 32, 1, 1, 60, 1320, 1000, 613, 52543, 53676, 52680
  result is correct!
! 22, isa, 32, 1, 1, 64, 1408, 1000, 559, 59627, 60536, 59800
  result is correct!
! 22, isa, 32, 1, 1, 68, 1496, 1000, 505, 67159, 68281, 67381
  result is correct!
! 22, isa, 32, 1, 1, 72, 1584, 1000, 445, 75139, 76353, 75412
  result is correct!
