>>>>
====
REPO_HOME         := auto-generated-text
RISCV             := auto-generated-text
MPISE_DESTRUCTIVE := 1
MPISE_STATELESS   := 1
----
ARCH              := rv32
TYPE              := isa
RADIX             := 24
PLATFORM          := cva6-fpga
VERSION           := simple
<<<<
bbl loader
! 24, isa, 32, 1, 1, 8, 192, 1000, 729, 1225, 1225, 1225
  result is correct!
! 24, isa, 32, 1, 1, 12, 288, 1000, 950, 2489, 2489, 2489
  result is correct!
! 24, isa, 32, 1, 1, 16, 384, 1000, 926, 4201, 4201, 4201
  result is correct!
! 24, isa, 32, 1, 1, 20, 480, 1000, 896, 6361, 6361, 6361
  result is correct!
! 24, isa, 32, 1, 1, 24, 576, 1000, 866, 8969, 8969, 8969
  result is correct!
! 24, isa, 32, 1, 1, 28, 672, 1000, 808, 12025, 12025, 12025
  result is correct!
! 24, isa, 32, 1, 1, 32, 768, 1000, 755, 15529, 15529, 15529
  result is correct!
! 24, isa, 32, 1, 1, 36, 864, 1000, 725, 19481, 19483, 19481
  result is correct!
! 24, isa, 32, 1, 1, 40, 960, 1000, 666, 23881, 23883, 23881
  result is correct!
! 24, isa, 32, 1, 1, 44, 1056, 1000, 598, 28729, 28733, 28729
  result is correct!
! 24, isa, 32, 1, 1, 48, 1152, 1000, 749, 34025, 34798, 34102
  result is correct!
! 24, isa, 32, 1, 1, 52, 1248, 1000, 705, 39769, 40600, 39858
  result is correct!
! 24, isa, 32, 1, 1, 56, 1344, 1000, 660, 45961, 47066, 46061
  result is correct!
! 24, isa, 32, 1, 1, 60, 1440, 1000, 608, 52601, 53712, 52748
  result is correct!
! 24, isa, 32, 1, 1, 64, 1536, 1000, 562, 59689, 60727, 59874
  result is correct!
! 24, isa, 32, 1, 1, 68, 1632, 1000, 502, 67225, 68520, 67474
  result is correct!
! 24, isa, 32, 1, 1, 72, 1728, 1000, 446, 75209, 76560, 75503
  result is correct!
