>>>>
====
REPO_HOME         := auto-generated-text
RISCV             := auto-generated-text
MPISE_DESTRUCTIVE := 1
MPISE_STATELESS   := 1
----
ARCH              := rv32
TYPE              := ise
RADIX             := 25
PLATFORM          := cva6-fpga
VERSION           := simple
<<<<
bbl loader
! 25, ise, 32, 1, 1, 8, 200, 1000, 739, 1019, 1020, 1019
  result is correct!
! 25, ise, 32, 1, 1, 12, 300, 1000, 972, 2035, 2036, 2035
  result is correct!
! 25, ise, 32, 1, 1, 16, 400, 1000, 947, 3403, 3404, 3403
  result is correct!
! 25, ise, 32, 1, 1, 20, 500, 1000, 928, 5123, 5124, 5123
  result is correct!
! 25, ise, 32, 1, 1, 24, 600, 1000, 482, 7195, 7195, 7195
  result is correct!
! 25, ise, 32, 1, 1, 28, 700, 1000, 863, 9619, 9620, 9619
  result is correct!
! 25, ise, 32, 1, 1, 32, 800, 1000, 828, 12395, 12396, 12395
  result is correct!
! 25, ise, 32, 1, 1, 36, 900, 1000, 776, 15523, 15524, 15523
  result is correct!
! 25, ise, 32, 1, 1, 40, 1000, 1000, 389, 19003, 19003, 19003
  result is correct!
! 25, ise, 32, 1, 1, 44, 1100, 1000, 356, 22835, 22835, 22835
  result is correct!
! 25, ise, 32, 1, 1, 48, 1200, 1000, 700, 27019, 27134, 27024
  result is correct!
! 25, ise, 32, 1, 1, 52, 1300, 1000, 683, 31555, 31783, 31569
  result is correct!
! 25, ise, 32, 1, 1, 56, 1400, 1000, 731, 36443, 37292, 36517
  result is correct!
! 25, ise, 32, 1, 1, 60, 1500, 1000, 691, 41683, 42516, 41775
  result is correct!
! 25, ise, 32, 1, 1, 64, 1600, 1000, 651, 47275, 48156, 47391
  result is correct!
! 25, ise, 32, 1, 1, 68, 1700, 1000, 607, 53219, 54391, 53359
  result is correct!
! 25, ise, 32, 1, 1, 72, 1800, 1000, 560, 59515, 60522, 59686
  result is correct!
