>>>>
====
REPO_HOME         := auto-generated-text
RISCV             := auto-generated-text
MPISE_DESTRUCTIVE := 1
MPISE_STATELESS   := 1
----
ARCH              := rv32
TYPE              := isa
RADIX             := 26
PLATFORM          := cva6-fpga
VERSION           := hybrid
<<<<
bbl loader
! 26, isa, 32, 1, 1, 8, 208, 1000, 123, 824, 824, 824
  result is correct!
! 26, isa, 32, 1, 1, 12, 312, 1000, 488, 1621, 1621, 1621
  result is correct!
! 26, isa, 32, 1, 1, 16, 416, 1000, 480, 2662, 2665, 2662
  result is correct!
! 26, isa, 32, 1, 1, 20, 520, 1000, 470, 3937, 3937, 3937
  result is correct!
! 26, isa, 32, 1, 1, 24, 624, 1000, 451, 5470, 5470, 5470
  result is correct!
! 26, isa, 32, 1, 1, 28, 728, 1000, 440, 7257, 7257, 7257
  result is correct!
! 26, isa, 32, 1, 1, 32, 832, 1000, 425, 9298, 9298, 9298
  result is correct!
! 26, isa, 32, 1, 1, 36, 936, 1000, 406, 11593, 11596, 11593
  result is correct!
! 26, isa, 32, 1, 1, 40, 1040, 1000, 387, 14142, 14144, 14142
  result is correct!
! 26, isa, 32, 1, 1, 44, 1144, 1000, 374, 16945, 16945, 16945
  result is correct!
! 26, isa, 32, 1, 1, 48, 1248, 1000, 335, 20002, 20002, 20002
  result is correct!
! 26, isa, 32, 1, 1, 52, 1352, 1000, 745, 23313, 23559, 23330
  result is correct!
! 26, isa, 32, 1, 1, 56, 1456, 1000, 705, 26878, 27177, 26900
  result is correct!
! 26, isa, 32, 1, 1, 60, 1560, 1000, 673, 30697, 31051, 30725
  result is correct!
! 26, isa, 32, 1, 1, 64, 1664, 1000, 740, 34770, 36634, 34889
  result is correct!
! 26, isa, 32, 1, 1, 68, 1768, 1000, 704, 39097, 40877, 39243
  result is correct!
! 26, isa, 32, 1, 1, 72, 1872, 1000, 671, 43678, 45162, 43834
  result is correct!
