>>>>
====
REPO_HOME         := auto-generated-text
RISCV             := auto-generated-text
MPISE_DESTRUCTIVE := 1
MPISE_STATELESS   := 1
----
ARCH              := rv32
TYPE              := isa
RADIX             := 25
PLATFORM          := cva6-fpga
VERSION           := hybrid
<<<<
bbl loader
! 25, isa, 32, 1, 1, 8, 200, 1000, 123, 824, 825, 824
  result is correct!
! 25, isa, 32, 1, 1, 12, 300, 1000, 486, 1621, 1621, 1621
  result is correct!
! 25, isa, 32, 1, 1, 16, 400, 1000, 479, 2662, 2662, 2662
  result is correct!
! 25, isa, 32, 1, 1, 20, 500, 1000, 463, 3937, 3937, 3937
  result is correct!
! 25, isa, 32, 1, 1, 24, 600, 1000, 455, 5470, 5470, 5470
  result is correct!
! 25, isa, 32, 1, 1, 28, 700, 1000, 440, 7257, 7257, 7257
  result is correct!
! 25, isa, 32, 1, 1, 32, 800, 1000, 427, 9298, 9298, 9298
  result is correct!
! 25, isa, 32, 1, 1, 36, 900, 1000, 408, 11593, 11595, 11593
  result is correct!
! 25, isa, 32, 1, 1, 40, 1000, 1000, 385, 14142, 14144, 14142
  result is correct!
! 25, isa, 32, 1, 1, 44, 1100, 1000, 353, 16945, 16947, 16945
  result is correct!
! 25, isa, 32, 1, 1, 48, 1200, 1000, 338, 20002, 20002, 20002
  result is correct!
! 25, isa, 32, 1, 1, 52, 1300, 1000, 743, 23313, 23545, 23329
  result is correct!
! 25, isa, 32, 1, 1, 56, 1400, 1000, 706, 26878, 27150, 26898
  result is correct!
! 25, isa, 32, 1, 1, 60, 1500, 1000, 676, 30697, 31013, 30722
  result is correct!
! 25, isa, 32, 1, 1, 64, 1600, 1000, 742, 34770, 36554, 34887
  result is correct!
! 25, isa, 32, 1, 1, 68, 1700, 1000, 704, 39097, 40892, 39243
  result is correct!
! 25, isa, 32, 1, 1, 72, 1800, 1000, 670, 43678, 45062, 43848
  result is correct!
