>>>>
====
REPO_HOME         := auto-generated-text
RISCV             := auto-generated-text
MPISE_DESTRUCTIVE := 1
MPISE_STATELESS   := 0
----
ARCH              := rv32
TYPE              := isa
RADIX             := 32
PLATFORM          := cva6-verilator
VERSION           := simple
<<<<
bbl loader
! 32, isa, 32, 1, 0, 8, 256, 10, 10, 1318, 1636, 1351
  result is correct!
! 32, isa, 32, 1, 0, 12, 384, 10, 10, 2726, 3047, 2760
  result is correct!
! 32, isa, 32, 1, 0, 16, 512, 10, 10, 4646, 4951, 4712
  result is correct!
! 32, isa, 32, 1, 0, 20, 640, 10, 10, 7078, 7400, 7144
  result is correct!
! 32, isa, 32, 1, 0, 24, 768, 10, 10, 10022, 10325, 10120
  result is correct!
! 32, isa, 32, 1, 0, 28, 896, 10, 10, 13478, 13800, 13639
  result is correct!
! 32, isa, 32, 1, 0, 32, 1024, 10, 10, 17467, 17782, 17641
  result is correct!
! 32, isa, 32, 1, 0, 36, 1152, 10, 10, 21947, 22250, 22154
  result is correct!
! 32, isa, 32, 1, 0, 40, 1280, 10, 10, 26947, 27249, 27211
  result is correct!
! 32, isa, 32, 1, 0, 44, 1408, 10, 10, 32745, 33050, 32779
  result is correct!
! 32, isa, 32, 1, 0, 48, 1536, 10, 10, 38760, 39066, 38856
  result is correct!
! 32, isa, 32, 1, 0, 52, 1664, 10, 10, 45289, 45600, 45446
  result is correct!
! 32, isa, 32, 1, 0, 56, 1792, 10, 10, 52329, 52650, 52577
  result is correct!
! 32, isa, 32, 1, 0, 60, 1920, 10, 10, 60187, 60205, 60190
  result is correct!
! 32, isa, 32, 1, 0, 64, 2048, 10, 10, 68251, 68555, 68341
  result is correct!
