>>>>
====
REPO_HOME         := auto-generated-text
RISCV             := auto-generated-text
MPISE_DESTRUCTIVE := 1
MPISE_STATELESS   := 0
----
ARCH              := rv32
TYPE              := isa
RADIX             := 32
PLATFORM          := cva6-verilator
VERSION           := hybrid
<<<<
bbl loader
! 32, isa, 32, 1, 0, 8, 256, 10, 10, 769, 779, 770
  result is correct!
! 32, isa, 32, 1, 0, 12, 384, 10, 10, 1610, 2006, 1660
  result is correct!
! 32, isa, 32, 1, 0, 16, 512, 10, 10, 2770, 3267, 2820
  result is correct!
! 32, isa, 32, 1, 0, 20, 640, 10, 10, 4215, 4598, 4265
  result is correct!
! 32, isa, 32, 1, 0, 24, 768, 10, 10, 5979, 6458, 6088
  result is correct!
! 32, isa, 32, 1, 0, 28, 896, 10, 10, 8055, 8541, 8205
  result is correct!
! 32, isa, 32, 1, 0, 32, 1024, 10, 10, 10443, 10931, 10632
  result is correct!
! 32, isa, 32, 1, 0, 36, 1152, 10, 10, 13143, 13628, 13342
  result is correct!
! 32, isa, 32, 1, 0, 40, 1280, 10, 10, 16167, 16641, 16405
  result is correct!
! 32, isa, 32, 1, 0, 44, 1408, 10, 10, 19589, 19970, 19820
  result is correct!
! 32, isa, 32, 1, 0, 48, 1536, 10, 10, 23225, 23617, 23513
  result is correct!
! 32, isa, 32, 1, 0, 52, 1664, 10, 10, 27173, 27570, 27514
  result is correct!
! 32, isa, 32, 1, 0, 56, 1792, 10, 10, 31815, 32198, 31860
  result is correct!
! 32, isa, 32, 1, 0, 60, 1920, 10, 10, 36387, 36768, 36487
  result is correct!
! 32, isa, 32, 1, 0, 64, 2048, 10, 10, 41271, 41665, 41465
  result is correct!
