>>>>
====
REPO_HOME         := auto-generated-text
RISCV             := auto-generated-text
MPISE_DESTRUCTIVE := 1
MPISE_STATELESS   := 0
----
ARCH              := rv32
TYPE              := isa
RADIX             := 29
PLATFORM          := cva6-verilator
VERSION           := simple
<<<<
bbl loader
! 29, isa, 32, 1, 0, 8, 232, 10, 10, 1220, 1226, 1220
  result is correct!
! 29, isa, 32, 1, 0, 12, 348, 10, 10, 2480, 2781, 2513
  result is correct!
! 29, isa, 32, 1, 0, 16, 464, 10, 10, 4188, 4489, 4221
  result is correct!
! 29, isa, 32, 1, 0, 20, 580, 10, 10, 6344, 6644, 6409
  result is correct!
! 29, isa, 32, 1, 0, 24, 696, 10, 10, 8948, 9275, 9046
  result is correct!
! 29, isa, 32, 1, 0, 28, 812, 10, 10, 12000, 12331, 12132
  result is correct!
! 29, isa, 32, 1, 0, 32, 928, 10, 10, 15502, 15843, 15670
  result is correct!
! 29, isa, 32, 1, 0, 36, 1044, 10, 10, 19468, 19785, 19676
  result is correct!
! 29, isa, 32, 1, 0, 40, 1160, 10, 10, 23864, 24185, 24107
  result is correct!
! 29, isa, 32, 1, 0, 44, 1276, 10, 10, 28991, 29033, 29012
  result is correct!
! 29, isa, 32, 1, 0, 48, 1392, 10, 10, 34299, 34624, 34345
  result is correct!
! 29, isa, 32, 1, 0, 52, 1508, 10, 10, 40040, 40356, 40146
  result is correct!
! 29, isa, 32, 1, 0, 56, 1624, 10, 10, 46229, 46567, 46401
  result is correct!
! 29, isa, 32, 1, 0, 60, 1740, 10, 10, 52864, 53222, 53133
  result is correct!
! 29, isa, 32, 1, 0, 64, 1856, 10, 10, 60265, 60281, 60268
  result is correct!
