>>>>
====
REPO_HOME         := auto-generated-text
RISCV             := auto-generated-text
MPISE_DESTRUCTIVE := 1
MPISE_STATELESS   := 0
----
ARCH              := rv32
TYPE              := ise
RADIX             := 21
PLATFORM          := cva6-verilator
VERSION           := simple
<<<<
bbl loader
! 21, ise, 32, 1, 0, 8, 168, 10, 10, 1020, 1024, 1020
  result is correct!
! 21, ise, 32, 1, 0, 12, 252, 10, 10, 2036, 2355, 2069
  result is correct!
! 21, ise, 32, 1, 0, 16, 336, 10, 10, 3404, 3718, 3436
  result is correct!
! 21, ise, 32, 1, 0, 20, 420, 10, 10, 5124, 5443, 5189
  result is correct!
! 21, ise, 32, 1, 0, 24, 504, 10, 10, 7196, 7515, 7261
  result is correct!
! 21, ise, 32, 1, 0, 28, 588, 10, 10, 9620, 9940, 9717
  result is correct!
! 21, ise, 32, 1, 0, 32, 672, 10, 10, 12396, 12713, 12525
  result is correct!
! 21, ise, 32, 1, 0, 36, 756, 10, 10, 15526, 15843, 15684
  result is correct!
! 21, ise, 32, 1, 0, 40, 840, 10, 10, 19006, 19322, 19195
  result is correct!
! 21, ise, 32, 1, 0, 44, 924, 10, 10, 22850, 23169, 23091
  result is correct!
! 21, ise, 32, 1, 0, 48, 1008, 10, 10, 27034, 27350, 27307
  result is correct!
! 21, ise, 32, 1, 0, 52, 1092, 10, 10, 31871, 32164, 31904
  result is correct!
! 21, ise, 32, 1, 0, 56, 1176, 10, 10, 36759, 37051, 36823
  result is correct!
! 21, ise, 32, 1, 0, 60, 1260, 10, 10, 42001, 42302, 42124
  result is correct!
! 21, ise, 32, 1, 0, 64, 1344, 10, 10, 47591, 47898, 47775
  result is correct!
! 21, ise, 32, 1, 0, 68, 1428, 10, 10, 53550, 53844, 53781
  result is correct!
! 21, ise, 32, 1, 0, 72, 1512, 10, 10, 60134, 60152, 60137
  result is correct!
