>>>>
====
REPO_HOME         := auto-generated-text
RISCV             := auto-generated-text
MPISE_DESTRUCTIVE := 1
MPISE_STATELESS   := 0
----
ARCH              := rv32
TYPE              := ise
RADIX             := 24
PLATFORM          := cva6-verilator
VERSION           := hybrid
<<<<
bbl loader
! 24, ise, 32, 1, 0, 8, 192, 10, 10, 467, 471, 467
  result is correct!
! 24, ise, 32, 1, 0, 12, 288, 10, 10, 836, 846, 837
  result is correct!
! 24, ise, 32, 1, 0, 16, 384, 10, 10, 1299, 1309, 1300
  result is correct!
! 24, ise, 32, 1, 0, 20, 480, 10, 10, 1838, 2344, 1891
  result is correct!
! 24, ise, 32, 1, 0, 24, 576, 10, 10, 2477, 2888, 2530
  result is correct!
! 24, ise, 32, 1, 0, 28, 672, 10, 10, 3212, 3718, 3264
  result is correct!
! 24, ise, 32, 1, 0, 32, 768, 10, 10, 4043, 4547, 4096
  result is correct!
! 24, ise, 32, 1, 0, 36, 864, 10, 10, 4970, 5380, 5075
  result is correct!
! 24, ise, 32, 1, 0, 40, 960, 10, 10, 5993, 6501, 6108
  result is correct!
! 24, ise, 32, 1, 0, 44, 1056, 10, 10, 7112, 7620, 7219
  result is correct!
! 24, ise, 32, 1, 0, 48, 1152, 10, 10, 8327, 8842, 8485
  result is correct!
! 24, ise, 32, 1, 0, 52, 1248, 10, 10, 9638, 10148, 9800
  result is correct!
! 24, ise, 32, 1, 0, 56, 1344, 10, 10, 11045, 11554, 11255
  result is correct!
! 24, ise, 32, 1, 0, 60, 1440, 10, 10, 12548, 13059, 12760
  result is correct!
! 24, ise, 32, 1, 0, 64, 1536, 10, 10, 14170, 14663, 14411
  result is correct!
! 24, ise, 32, 1, 0, 68, 1632, 10, 10, 15865, 16349, 16107
  result is correct!
! 24, ise, 32, 1, 0, 72, 1728, 10, 10, 17743, 18141, 17948
  result is correct!
