>>>>
====
REPO_HOME         := auto-generated-text
RISCV             := auto-generated-text
MPISE_DESTRUCTIVE := 1
MPISE_STATELESS   := 0
----
ARCH              := rv32
TYPE              := ise
RADIX             := 22
PLATFORM          := cva6-verilator
VERSION           := hybrid
<<<<
bbl loader
! 22, ise, 32, 1, 0, 8, 176, 10, 10, 467, 471, 467
  result is correct!
! 22, ise, 32, 1, 0, 12, 264, 10, 10, 836, 846, 837
  result is correct!
! 22, ise, 32, 1, 0, 16, 352, 10, 10, 1299, 1309, 1300
  result is correct!
! 22, ise, 32, 1, 0, 20, 440, 10, 10, 1838, 2343, 1891
  result is correct!
! 22, ise, 32, 1, 0, 24, 528, 10, 10, 2477, 2888, 2530
  result is correct!
! 22, ise, 32, 1, 0, 28, 616, 10, 10, 3212, 3735, 3265
  result is correct!
! 22, ise, 32, 1, 0, 32, 704, 10, 10, 4043, 4550, 4097
  result is correct!
! 22, ise, 32, 1, 0, 36, 792, 10, 10, 4970, 5380, 5074
  result is correct!
! 22, ise, 32, 1, 0, 40, 880, 10, 10, 5993, 6499, 6107
  result is correct!
! 22, ise, 32, 1, 0, 44, 968, 10, 10, 7112, 7621, 7219
  result is correct!
! 22, ise, 32, 1, 0, 48, 1056, 10, 10, 8327, 8842, 8485
  result is correct!
! 22, ise, 32, 1, 0, 52, 1144, 10, 10, 9638, 10147, 9801
  result is correct!
! 22, ise, 32, 1, 0, 56, 1232, 10, 10, 11045, 11552, 11255
  result is correct!
! 22, ise, 32, 1, 0, 60, 1320, 10, 10, 12548, 13069, 12760
  result is correct!
! 22, ise, 32, 1, 0, 64, 1408, 10, 10, 14170, 14665, 14411
  result is correct!
! 22, ise, 32, 1, 0, 68, 1496, 10, 10, 15865, 16349, 16107
  result is correct!
! 22, ise, 32, 1, 0, 72, 1584, 10, 10, 17743, 18143, 17949
  result is correct!
