>>>>
====
REPO_HOME         := auto-generated-text
RISCV             := auto-generated-text
MPISE_DESTRUCTIVE := 1
MPISE_STATELESS   := 0
----
ARCH              := rv32
TYPE              := ise
RADIX             := 28
PLATFORM          := cva6-verilator
VERSION           := simple
<<<<
bbl loader
! 28, ise, 32, 1, 0, 8, 224, 10, 10, 1020, 1026, 1020
  result is correct!
! 28, ise, 32, 1, 0, 12, 336, 10, 10, 2036, 2354, 2069
  result is correct!
! 28, ise, 32, 1, 0, 16, 448, 10, 10, 3404, 3721, 3437
  result is correct!
