>>>>
====
REPO_HOME         := auto-generated-text
RISCV             := auto-generated-text
MPISE_DESTRUCTIVE := 0
MPISE_STATELESS   := 0
----
ARCH              := rv64
TYPE              := isa
RADIX             := 64
PLATFORM          := cva6-fpga
VERSION           := simple
<<<<
bbl loader
! 64, isa, 64, 0, 0, 8, 512, 10, 9, 1306, 1306, 1306
  result is correct!
! 64, isa, 64, 0, 0, 12, 768, 10, 8, 2710, 2710, 2710
  result is correct!
! 64, isa, 64, 0, 0, 16, 1024, 10, 7, 4626, 4629, 4626
  result is correct!
! 64, isa, 64, 0, 0, 20, 1280, 10, 6, 7054, 7057, 7054
  result is correct!
! 64, isa, 64, 0, 0, 24, 1536, 10, 4, 9994, 9997, 9994
  result is correct!
! 64, isa, 64, 0, 0, 28, 1792, 10, 5, 13446, 13468, 13456
  result is correct!
! 64, isa, 64, 0, 0, 32, 2048, 10, 4, 17414, 17432, 17427
  result is correct!
! 64, isa, 64, 0, 0, 36, 2304, 10, 3, 21908, 21908, 21908
  result is correct!
! 64, isa, 64, 0, 0, 40, 2560, 10, 2, 27197, 27199, 27198
  result is correct!
! 64, isa, 64, 0, 0, 44, 2816, 10, 4, 32699, 32700, 32699
  result is correct!
! 64, isa, 64, 0, 0, 48, 3072, 10, 4, 38711, 38713, 38712
  result is correct!
! 64, isa, 64, 0, 0, 52, 3328, 10, 5, 45236, 45251, 45242
  result is correct!
! 64, isa, 64, 0, 0, 56, 3584, 10, 4, 52580, 52582, 52581
  result is correct!
! 64, isa, 64, 0, 0, 60, 3840, 10, 4, 60129, 60130, 60129
  result is correct!
! 64, isa, 64, 0, 0, 64, 4096, 10, 7, 68191, 68193, 68192
  result is correct!
