>>>>
====
REPO_HOME         := auto-generated-text
RISCV             := auto-generated-text
MPISE_DESTRUCTIVE := 0
MPISE_STATELESS   := 0
----
ARCH              := rv64
TYPE              := ise
RADIX             := 54
PLATFORM          := cva6-fpga
VERSION           := simple
<<<<
bbl loader
! 54, ise, 64, 0, 0, 8, 432, 10, 9, 1006, 1006, 1006
  result is correct!
! 54, ise, 64, 0, 0, 12, 648, 10, 7, 2019, 2019, 2019
  result is correct!
! 54, ise, 64, 0, 0, 16, 864, 10, 7, 3383, 3383, 3383
  result is correct!
! 54, ise, 64, 0, 0, 20, 1080, 10, 5, 5099, 5099, 5099
  result is correct!
! 54, ise, 64, 0, 0, 24, 1296, 10, 5, 7167, 7167, 7167
  result is correct!
! 54, ise, 64, 0, 0, 28, 1512, 10, 7, 9587, 9598, 9590
  result is correct!
! 54, ise, 64, 0, 0, 32, 1728, 10, 6, 12359, 12384, 12370
  result is correct!
! 54, ise, 64, 0, 0, 36, 1944, 10, 5, 15488, 15508, 15492
  result is correct!
! 54, ise, 64, 0, 0, 40, 2160, 10, 4, 18964, 18978, 18974
  result is correct!
! 54, ise, 64, 0, 0, 44, 2376, 10, 2, 23093, 23095, 23094
  result is correct!
! 54, ise, 64, 0, 0, 48, 2592, 10, 2, 27287, 27287, 27287
  result is correct!
! 54, ise, 64, 0, 0, 52, 2808, 10, 2, 31819, 31819, 31819
  result is correct!
! 54, ise, 64, 0, 0, 56, 3024, 10, 6, 36703, 36710, 36707
  result is correct!
! 54, ise, 64, 0, 0, 60, 3240, 10, 6, 41942, 41958, 41948
  result is correct!
! 54, ise, 64, 0, 0, 64, 3456, 10, 4, 47531, 47546, 47537
  result is correct!
! 54, ise, 64, 0, 0, 68, 3672, 10, 1, 53767, 53767, 53767
  result is correct!
! 54, ise, 64, 0, 0, 72, 3888, 10, 1, 60061, 60061, 60061
  result is correct!
