>>>>
====
REPO_HOME         := auto-generated-text
RISCV             := auto-generated-text
MPISE_DESTRUCTIVE := 0
MPISE_STATELESS   := 0
----
ARCH              := rv64
TYPE              := ise
RADIX             := 64
PLATFORM          := cva6-fpga
VERSION           := simple
<<<<
bbl loader
! 64, ise, 64, 0, 0, 8, 512, 10, 9, 1123, 1123, 1123
  result is correct!
! 64, ise, 64, 0, 0, 12, 768, 10, 8, 2291, 2295, 2291
  result is correct!
! 64, ise, 64, 0, 0, 16, 1024, 10, 9, 3875, 3879, 3875
  result is correct!
! 64, ise, 64, 0, 0, 20, 1280, 10, 8, 5875, 5879, 5875
  result is correct!
! 64, ise, 64, 0, 0, 24, 1536, 10, 7, 8291, 8309, 8296
  result is correct!
! 64, ise, 64, 0, 0, 28, 1792, 10, 6, 11123, 11141, 11132
  result is correct!
! 64, ise, 64, 0, 0, 32, 2048, 10, 5, 14375, 14389, 14377
  result is correct!
! 64, ise, 64, 0, 0, 36, 2304, 10, 4, 18039, 18058, 18047
  result is correct!
! 64, ise, 64, 0, 0, 40, 2560, 10, 3, 22133, 22133, 22133
  result is correct!
! 64, ise, 64, 0, 0, 44, 2816, 10, 1, 26915, 26915, 26915
  result is correct!
! 64, ise, 64, 0, 0, 48, 3072, 10, 4, 31840, 31842, 31841
  result is correct!
! 64, ise, 64, 0, 0, 52, 3328, 10, 2, 37168, 37170, 37169
  result is correct!
! 64, ise, 64, 0, 0, 56, 3584, 10, 6, 42913, 42937, 42926
  result is correct!
! 64, ise, 64, 0, 0, 60, 3840, 10, 4, 49073, 49092, 49082
  result is correct!
! 64, ise, 64, 0, 0, 64, 4096, 10, 2, 55960, 55961, 55960
  result is correct!
