>>>>
====
REPO_HOME         := auto-generated-text
RISCV             := auto-generated-text
MPISE_DESTRUCTIVE := 0
MPISE_STATELESS   := 0
----
ARCH              := rv64
TYPE              := ise
RADIX             := 53
PLATFORM          := cva6-fpga
VERSION           := hybrid
<<<<
bbl loader
! 53, ise, 64, 0, 0, 8, 424, 10, 9, 444, 444, 444
  result is correct!
! 53, ise, 64, 0, 0, 12, 636, 10, 9, 816, 816, 816
  result is correct!
! 53, ise, 64, 0, 0, 16, 848, 10, 9, 1276, 1276, 1276
  result is correct!
! 53, ise, 64, 0, 0, 20, 1060, 10, 8, 1813, 1819, 1813
  result is correct!
! 53, ise, 64, 0, 0, 24, 1272, 10, 8, 2451, 2457, 2451
  result is correct!
! 53, ise, 64, 0, 0, 28, 1484, 10, 7, 3185, 3185, 3185
  result is correct!
! 53, ise, 64, 0, 0, 32, 1696, 10, 8, 4015, 4021, 4015
  result is correct!
! 53, ise, 64, 0, 0, 36, 1908, 10, 6, 4941, 4947, 4942
  result is correct!
! 53, ise, 64, 0, 0, 40, 2120, 10, 6, 5966, 5966, 5966
  result is correct!
! 53, ise, 64, 0, 0, 44, 2332, 10, 6, 7081, 7087, 7082
  result is correct!
! 53, ise, 64, 0, 0, 48, 2544, 10, 5, 8295, 8336, 8303
  result is correct!
! 53, ise, 64, 0, 0, 52, 2756, 10, 3, 9605, 9605, 9605
  result is correct!
! 53, ise, 64, 0, 0, 56, 2968, 10, 3, 11011, 11052, 11024
  result is correct!
! 53, ise, 64, 0, 0, 60, 3180, 10, 4, 12513, 12560, 12545
  result is correct!
! 53, ise, 64, 0, 0, 64, 3392, 10, 2, 14152, 14152, 14152
  result is correct!
! 53, ise, 64, 0, 0, 68, 3604, 10, 5, 15852, 15947, 15928
  result is correct!
! 53, ise, 64, 0, 0, 72, 3816, 10, 5, 17636, 17827, 17736
  result is correct!
