>>>>
====
REPO_HOME         := auto-generated-text
RISCV             := auto-generated-text
MPISE_DESTRUCTIVE := 0
MPISE_STATELESS   := 0
----
ARCH              := rv64
TYPE              := ise
RADIX             := 57
PLATFORM          := cva6-fpga
VERSION           := simple
<<<<
bbl loader
! 57, ise, 64, 0, 0, 8, 456, 10, 9, 1006, 1006, 1006
  result is correct!
! 57, ise, 64, 0, 0, 12, 684, 10, 7, 2019, 2019, 2019
  result is correct!
! 57, ise, 64, 0, 0, 16, 912, 10, 7, 3383, 3383, 3383
  result is correct!
! 57, ise, 64, 0, 0, 20, 1140, 10, 5, 5099, 5099, 5099
  result is correct!
! 57, ise, 64, 0, 0, 24, 1368, 10, 5, 7167, 7167, 7167
  result is correct!
! 57, ise, 64, 0, 0, 28, 1596, 10, 7, 9587, 9598, 9590
  result is correct!
! 57, ise, 64, 0, 0, 32, 1824, 10, 6, 12359, 12384, 12370
  result is correct!
! 57, ise, 64, 0, 0, 36, 2052, 10, 5, 15488, 15508, 15492
  result is correct!
! 57, ise, 64, 0, 0, 40, 2280, 10, 4, 18964, 18978, 18974
  result is correct!
! 57, ise, 64, 0, 0, 44, 2508, 10, 2, 23093, 23095, 23094
  result is correct!
! 57, ise, 64, 0, 0, 48, 2736, 10, 2, 27287, 27287, 27287
  result is correct!
! 57, ise, 64, 0, 0, 52, 2964, 10, 2, 31819, 31819, 31819
  result is correct!
! 57, ise, 64, 0, 0, 56, 3192, 10, 6, 36703, 36710, 36707
  result is correct!
! 57, ise, 64, 0, 0, 60, 3420, 10, 6, 41942, 41958, 41948
  result is correct!
! 57, ise, 64, 0, 0, 64, 3648, 10, 4, 47531, 47546, 47537
  result is correct!
! 57, ise, 64, 0, 0, 68, 3876, 10, 1, 53767, 53767, 53767
  result is correct!
! 57, ise, 64, 0, 0, 72, 4104, 10, 1, 60061, 60061, 60061
  result is correct!
