>>>>
====
REPO_HOME         := auto-generated-text
RISCV             := auto-generated-text
MPISE_DESTRUCTIVE := 0
MPISE_STATELESS   := 0
----
ARCH              := rv64
TYPE              := ise
RADIX             := 64
PLATFORM          := cva6-fpga
VERSION           := hybrid
<<<<
bbl loader
! 64, ise, 64, 0, 0, 8, 512, 10, 9, 491, 491, 491
  result is correct!
! 64, ise, 64, 0, 0, 12, 768, 10, 9, 1019, 1019, 1019
  result is correct!
! 64, ise, 64, 0, 0, 16, 1024, 10, 8, 1740, 1744, 1740
  result is correct!
! 64, ise, 64, 0, 0, 20, 1280, 10, 8, 2622, 2626, 2622
  result is correct!
! 64, ise, 64, 0, 0, 24, 1536, 10, 8, 3694, 3698, 3694
  result is correct!
! 64, ise, 64, 0, 0, 28, 1792, 10, 6, 4952, 4956, 4952
  result is correct!
! 64, ise, 64, 0, 0, 32, 2048, 10, 5, 6396, 6396, 6396
  result is correct!
! 64, ise, 64, 0, 0, 36, 2304, 10, 7, 8026, 8132, 8060
  result is correct!
! 64, ise, 64, 0, 0, 40, 2560, 10, 4, 9842, 9846, 9843
  result is correct!
! 64, ise, 64, 0, 0, 44, 2816, 10, 2, 11844, 11844, 11844
  result is correct!
! 64, ise, 64, 0, 0, 48, 3072, 10, 5, 14058, 14138, 14122
  result is correct!
! 64, ise, 64, 0, 0, 52, 3328, 10, 4, 16432, 16512, 16492
  result is correct!
! 64, ise, 64, 0, 0, 56, 3584, 10, 4, 18992, 19072, 19052
  result is correct!
! 64, ise, 64, 0, 0, 60, 3840, 10, 3, 21818, 21892, 21842
  result is correct!
! 64, ise, 64, 0, 0, 64, 4096, 10, 1, 25040, 25040, 25040
  result is correct!
