! 32, isa, 32, 0, 0, 8, 256, 10, 10, 1318, 1635, 1350
  result is correct!
! 32, isa, 32, 0, 0, 12, 384, 10, 10, 2726, 3039, 2759
  result is correct!
! 32, isa, 32, 0, 0, 16, 512, 10, 10, 4646, 4951, 4711
  result is correct!
! 32, isa, 32, 0, 0, 20, 640, 10, 10, 7078, 7400, 7143
  result is correct!
! 32, isa, 32, 0, 0, 24, 768, 10, 10, 10022, 10327, 10120
  result is correct!
! 32, isa, 32, 0, 0, 28, 896, 10, 10, 13478, 13800, 13638
  result is correct!
! 32, isa, 32, 0, 0, 32, 1024, 10, 10, 17467, 17776, 17641
  result is correct!
! 32, isa, 32, 0, 0, 36, 1152, 10, 10, 21947, 22251, 22154
  result is correct!
! 32, isa, 32, 0, 0, 40, 1280, 10, 10, 26952, 27244, 27210
  result is correct!
! 32, isa, 32, 0, 0, 44, 1408, 10, 10, 32745, 33045, 32778
  result is correct!
! 32, isa, 32, 0, 0, 48, 1536, 10, 10, 38761, 39062, 38856
  result is correct!
! 32, isa, 32, 0, 0, 52, 1664, 10, 10, 45292, 45600, 45446
  result is correct!
! 32, isa, 32, 0, 0, 56, 1792, 10, 10, 52329, 52646, 52576
  result is correct!
! 32, isa, 32, 0, 0, 60, 1920, 10, 10, 60187, 60200, 60190
  result is correct!
! 32, isa, 32, 0, 0, 64, 2048, 10, 10, 68251, 68550, 68341
  result is correct!

--------------------Threshold debug data--------------------
! 32, isa, 32, 0, 0, 8, 256, 10

! @  1327 1318 1318 1318 1318 1318 1318 1318 1318 1635
! 32, isa, 32, 0, 0, 12, 384, 10

! @  3039 2747 2726 2726 2726 2726 2726 2726 2726 2726
! 32, isa, 32, 0, 0, 16, 512, 10

! @  4654 4646 4948 4667 4646 4646 4646 4646 4951 4667
! 32, isa, 32, 0, 0, 20, 640, 10

! @  7086 7078 7400 7080 7078 7078 7382 7099 7078 7078
! 32, isa, 32, 0, 0, 24, 768, 10

! @  10030 10327 10043 10022 10326 10043 10022 10325 10043 10022
! 32, isa, 32, 0, 0, 28, 896, 10

! @  13785 13499 13478 13800 13480 13799 13480 13781 13499 13781
! 32, isa, 32, 0, 0, 32, 1024, 10

! @  17776 17751 17467 17749 17467 17767 17753 17467 17747 17467
! 32, isa, 32, 0, 0, 36, 1152, 10

! @  22240 21947 22247 22246 22237 21947 22249 22231 22251 21947
! 32, isa, 32, 0, 0, 40, 1280, 10

! @  27231 26952 27239 27242 27242 27243 27238 27229 27241 27244
! 32, isa, 32, 0, 0, 44, 1408, 10

! @  33045 32746 32748 32745 32747 32745 32765 32745 32749 32748
! 32, isa, 32, 0, 0, 48, 1536, 10

! @  39062 38763 38780 39052 38764 38781 39055 38761 38774 38770
! 32, isa, 32, 0, 0, 52, 1664, 10

! @  45300 45600 45292 45598 45305 45587 45309 45582 45309 45582
! 32, isa, 32, 0, 0, 56, 1792, 10

! @  52646 52637 52329 52640 52640 52635 52332 52635 52640 52635
! 32, isa, 32, 0, 0, 60, 1920, 10

! @  60200 60189 60190 60187 60189 60187 60187 60192 60187 60192
! 32, isa, 32, 0, 0, 64, 2048, 10

! @  68550 68251 68251 68254 68546 68254 68254 68543 68254 68254
