! 32, ise, 32, 0, 0, 8, 256, 10, 10, 1130, 1135, 1130
  result is correct!
! 32, ise, 32, 0, 0, 12, 384, 10, 10, 2298, 2598, 2330
  result is correct!
! 32, ise, 32, 0, 0, 16, 512, 10, 10, 3882, 4211, 3915
  result is correct!
! 32, ise, 32, 0, 0, 20, 640, 10, 10, 5882, 6180, 5945
  result is correct!
! 32, ise, 32, 0, 0, 24, 768, 10, 10, 8298, 8627, 8394
  result is correct!
! 32, ise, 32, 0, 0, 28, 896, 10, 10, 11130, 11452, 11257
  result is correct!
! 32, ise, 32, 0, 0, 32, 1024, 10, 10, 14380, 14709, 14540
  result is correct!
! 32, ise, 32, 0, 0, 36, 1152, 10, 10, 18044, 18388, 18239
  result is correct!
! 32, ise, 32, 0, 0, 40, 1280, 10, 10, 22138, 22469, 22352
  result is correct!
! 32, ise, 32, 0, 0, 44, 1408, 10, 10, 26634, 26979, 26913
  result is correct!
! 32, ise, 32, 0, 0, 48, 1536, 10, 10, 31846, 32176, 31890
  result is correct!
! 32, ise, 32, 0, 0, 52, 1664, 10, 10, 37175, 37502, 37251
  result is correct!
! 32, ise, 32, 0, 0, 56, 1792, 10, 10, 42916, 43243, 43032
  result is correct!
! 32, ise, 32, 0, 0, 60, 1920, 10, 10, 49079, 49418, 49279
  result is correct!
! 32, ise, 32, 0, 0, 64, 2048, 10, 10, 55674, 56009, 55954
  result is correct!

--------------------Threshold debug data--------------------
! 32, ise, 32, 0, 0, 8, 256, 10

! @  1135 1130 1130 1130 1130 1130 1130 1130 1130 1130
! 32, ise, 32, 0, 0, 12, 384, 10

! @  2302 2298 2598 2314 2298 2298 2298 2298 2298 2298
! 32, ise, 32, 0, 0, 16, 512, 10

! @  3886 3882 3882 3882 3882 4211 3884 3882 3882 3882
! 32, ise, 32, 0, 0, 20, 640, 10

! @  5903 5882 5882 5882 6180 5898 5882 5882 5882 6179
! 32, ise, 32, 0, 0, 24, 768, 10

! @  8602 8314 8298 8298 8627 8300 8298 8599 8314 8298
! 32, ise, 32, 0, 0, 28, 896, 10

! @  11433 11146 11130 11452 11132 11432 11146 11130 11431 11146
! 32, ise, 32, 0, 0, 32, 1024, 10

! @  14709 14380 14702 14380 14700 14380 14697 14380 14692 14380
! 32, ise, 32, 0, 0, 36, 1152, 10

! @  18063 18361 18044 18380 18345 18058 18364 18044 18388 18345
! 32, ise, 32, 0, 0, 40, 1280, 10

! @  22432 22138 22469 22447 22426 22138 22467 22445 22426 22138
! 32, ise, 32, 0, 0, 44, 1408, 10

! @  26979 26960 26952 26946 26938 26920 26935 26935 26934 26634
! 32, ise, 32, 0, 0, 48, 1536, 10

! @  31864 31865 31868 31873 31875 32176 31847 31847 31847 31846
! 32, ise, 32, 0, 0, 52, 1664, 10

! @  37196 37190 37500 37176 37192 37194 37502 37175 37193 37192
! 32, ise, 32, 0, 0, 56, 1792, 10

! @  42945 43241 42920 43241 42916 42945 42993 42942 43243 42936
! 32, ise, 32, 0, 0, 60, 1920, 10

! @  49400 49079 49413 49393 49080 49405 49101 49418 49403 49099
! 32, ise, 32, 0, 0, 64, 2048, 10

! @  55990 55976 55974 55967 55674 56009 56003 55990 55983 55977
