! 32, ise, 32, 1, 1, 8, 256, 10, 10, 1129, 1423, 1160
  result is correct!
! 32, ise, 32, 1, 1, 12, 384, 10, 10, 2297, 2591, 2329
  result is correct!
! 32, ise, 32, 1, 1, 16, 512, 10, 10, 3881, 4189, 3913
  result is correct!
! 32, ise, 32, 1, 1, 20, 640, 10, 10, 5881, 6176, 5943
  result is correct!
! 32, ise, 32, 1, 1, 24, 768, 10, 10, 8297, 8606, 8391
  result is correct!
! 32, ise, 32, 1, 1, 28, 896, 10, 10, 11129, 11439, 11255
  result is correct!
! 32, ise, 32, 1, 1, 32, 1024, 10, 10, 14379, 14701, 14534
  result is correct!
! 32, ise, 32, 1, 1, 36, 1152, 10, 10, 18043, 18351, 18229
  result is correct!
! 32, ise, 32, 1, 1, 40, 1280, 10, 10, 22138, 22437, 22341
  result is correct!
! 32, ise, 32, 1, 1, 44, 1408, 10, 10, 26634, 26939, 26899
  result is correct!
! 32, ise, 32, 1, 1, 48, 1536, 10, 10, 31842, 32126, 31871
  result is correct!
! 32, ise, 32, 1, 1, 52, 1664, 10, 10, 37166, 37454, 37231
  result is correct!
! 32, ise, 32, 1, 1, 56, 1792, 10, 10, 42910, 43214, 43036
  result is correct!
! 32, ise, 32, 1, 1, 60, 1920, 10, 10, 49073, 49390, 49256
  result is correct!
! 32, ise, 32, 1, 1, 64, 2048, 10, 10, 55664, 55963, 55919
  result is correct!

--------------------Threshold debug data--------------------
! 32, ise, 32, 1, 1, 8, 256, 10

! @  1137 1129 1129 1129 1129 1423 1146 1129 1129 1129
! 32, ise, 32, 1, 1, 12, 384, 10

! @  2311 2297 2591 2314 2297 2297 2297 2297 2297 2297
! 32, ise, 32, 1, 1, 16, 512, 10

! @  3895 3881 3881 3881 3881 4189 3883 3881 3881 3881
! 32, ise, 32, 1, 1, 20, 640, 10

! @  5913 5881 5881 5881 6176 5898 5881 5881 5881 6164
! 32, ise, 32, 1, 1, 24, 768, 10

! @  8606 8314 8297 8297 8606 8299 8297 8592 8314 8297
! 32, ise, 32, 1, 1, 28, 896, 10

! @  11437 11146 11129 11439 11131 11423 11146 11129 11426 11146
! 32, ise, 32, 1, 1, 32, 1024, 10

! @  14701 14379 14686 14379 14687 14379 14686 14379 14685 14379
! 32, ise, 32, 1, 1, 36, 1152, 10

! @  18073 18350 18043 18350 18337 18058 18351 18043 18351 18338
! 32, ise, 32, 1, 1, 40, 1280, 10

! @  22437 22138 22431 22433 22419 22138 22430 22430 22418 22138
! 32, ise, 32, 1, 1, 44, 1408, 10

! @  26939 26930 26930 26928 26928 26916 26929 26930 26931 26634
! 32, ise, 32, 1, 1, 48, 1536, 10

! @  31855 31842 31842 31843 31843 32126 31842 31842 31842 31842
! 32, ise, 32, 1, 1, 52, 1664, 10

! @  37199 37170 37454 37168 37183 37169 37452 37166 37182 37170
! 32, ise, 32, 1, 1, 56, 1792, 10

! @  42942 43202 42914 43214 42910 42927 43198 42928 43202 42928
! 32, ise, 32, 1, 1, 60, 1920, 10

! @  49390 49074 49373 49372 49073 49373 49088 49361 49373 49088
! 32, ise, 32, 1, 1, 64, 2048, 10

! @  55963 55947 55947 55948 55664 55935 55948 55949 55948 55948
