! 24, isa, 32, 1, 1, 8, 192, 10, 10, 1227, 1235, 1227
  result is correct!
! 24, isa, 32, 1, 1, 12, 288, 10, 10, 2491, 2792, 2523
  result is correct!
! 24, isa, 32, 1, 1, 16, 384, 10, 10, 4203, 4506, 4236
  result is correct!
! 24, isa, 32, 1, 1, 20, 480, 10, 10, 6363, 6682, 6429
  result is correct!
! 24, isa, 32, 1, 1, 24, 576, 10, 10, 8971, 9293, 9069
  result is correct!
! 24, isa, 32, 1, 1, 28, 672, 10, 10, 12027, 12349, 12158
  result is correct!
! 24, isa, 32, 1, 1, 32, 768, 10, 10, 15538, 15854, 15695
  result is correct!
! 24, isa, 32, 1, 1, 36, 864, 10, 10, 19504, 19805, 19709
  result is correct!
! 24, isa, 32, 1, 1, 40, 960, 10, 10, 23904, 24211, 24144
  result is correct!
! 24, isa, 32, 1, 1, 44, 1056, 10, 10, 29042, 29064, 29056
  result is correct!
! 24, isa, 32, 1, 1, 48, 1152, 10, 10, 34349, 34645, 34385
  result is correct!
! 24, isa, 32, 1, 1, 52, 1248, 10, 10, 40093, 40390, 40190
  result is correct!
! 24, isa, 32, 1, 1, 56, 1344, 10, 10, 46287, 46600, 46473
  result is correct!
! 24, isa, 32, 1, 1, 60, 1440, 10, 10, 52927, 53242, 53174
  result is correct!
! 24, isa, 32, 1, 1, 64, 1536, 10, 10, 60319, 60330, 60324
  result is correct!
! 24, isa, 32, 1, 1, 68, 1632, 10, 10, 67858, 68153, 67947
  result is correct!
! 24, isa, 32, 1, 1, 72, 1728, 10, 10, 75839, 76135, 75987
  result is correct!

--------------------Threshold debug data--------------------
! 24, isa, 32, 1, 1, 8, 192, 10

! @  1235 1227 1227 1227 1227 1227 1227 1227 1227 1227
! 24, isa, 32, 1, 1, 12, 288, 10

! @  2498 2792 2512 2491 2491 2491 2491 2491 2491 2491
! 24, isa, 32, 1, 1, 16, 384, 10

! @  4210 4203 4203 4506 4224 4203 4203 4203 4203 4203
! 24, isa, 32, 1, 1, 20, 480, 10

! @  6375 6363 6363 6666 6384 6363 6363 6363 6682 6370
! 24, isa, 32, 1, 1, 24, 576, 10

! @  8997 8971 8971 9293 8978 8971 9289 8978 8971 9275
! 24, isa, 32, 1, 1, 28, 672, 10

! @  12053 12027 12348 12034 12331 12048 12027 12349 12034 12332
! 24, isa, 32, 1, 1, 32, 768, 10

! @  15543 15854 15538 15849 15538 15853 15538 15851 15538 15851
! 24, isa, 32, 1, 1, 36, 864, 10

! @  19797 19504 19799 19794 19504 19801 19794 19504 19805 19793
! 24, isa, 32, 1, 1, 40, 960, 10

! @  23909 24204 24210 24192 24208 23904 24203 24211 24194 24207
! 24, isa, 32, 1, 1, 44, 1056, 10

! @  29064 29060 29059 29059 29054 29060 29056 29042 29056 29055
! 24, isa, 32, 1, 1, 48, 1152, 10

! @  34373 34355 34352 34645 34349 34352 34352 34369 34356 34352
! 24, isa, 32, 1, 1, 52, 1248, 10

! @  40120 40387 40094 40110 40390 40093 40113 40388 40095 40112
! 24, isa, 32, 1, 1, 56, 1344, 10

! @  46600 46287 46595 46289 46592 46305 46582 46305 46581 46596
! 24, isa, 32, 1, 1, 60, 1440, 10

! @  53242 53234 53235 52927 53235 53235 53235 52944 53220 53235
! 24, isa, 32, 1, 1, 64, 1536, 10

! @  60330 60324 60323 60324 60324 60325 60325 60325 60324 60319
! 24, isa, 32, 1, 1, 68, 1632, 10

! @  67865 68150 67858 67858 67859 68153 67859 67861 68148 67859
! 24, isa, 32, 1, 1, 72, 1728, 10

! @  75849 76135 75841 76130 76135 75843 76130 75843 76130 75839
