! 20, ise, 32, 1, 1, 8, 160, 10, 10, 1012, 1027, 1018
  result is correct!
! 20, ise, 32, 1, 1, 12, 240, 10, 10, 2030, 2352, 2066
  result is correct!
! 20, ise, 32, 1, 1, 16, 320, 10, 10, 3398, 3716, 3434
  result is correct!
! 20, ise, 32, 1, 1, 20, 400, 10, 10, 5118, 5439, 5186
  result is correct!
! 20, ise, 32, 1, 1, 24, 480, 10, 10, 7190, 7513, 7258
  result is correct!
! 20, ise, 32, 1, 1, 28, 560, 10, 10, 9614, 9935, 9714
  result is correct!
! 20, ise, 32, 1, 1, 32, 640, 10, 10, 12390, 12711, 12522
  result is correct!
! 20, ise, 32, 1, 1, 36, 720, 10, 10, 15524, 15841, 15683
  result is correct!
! 20, ise, 32, 1, 1, 40, 800, 10, 10, 19004, 19322, 19192
  result is correct!
! 20, ise, 32, 1, 1, 44, 880, 10, 10, 22848, 23169, 23087
  result is correct!
! 20, ise, 32, 1, 1, 48, 960, 10, 10, 27027, 27347, 27304
  result is correct!
! 20, ise, 32, 1, 1, 52, 1040, 10, 10, 31866, 32162, 31900
  result is correct!
! 20, ise, 32, 1, 1, 56, 1120, 10, 10, 36754, 37052, 36818
  result is correct!
! 20, ise, 32, 1, 1, 60, 1200, 10, 10, 41996, 42297, 42119
  result is correct!
! 20, ise, 32, 1, 1, 64, 1280, 10, 10, 47586, 47899, 47772
  result is correct!
! 20, ise, 32, 1, 1, 68, 1360, 10, 10, 53545, 53840, 53776
  result is correct!
! 20, ise, 32, 1, 1, 72, 1440, 10, 10, 60123, 60149, 60131
  result is correct!

--------------------Threshold debug data--------------------
! 20, ise, 32, 1, 1, 8, 160, 10

! @  1027 1012 1014 1019 1019 1019 1019 1019 1019 1019
! 20, ise, 32, 1, 1, 12, 240, 10

! @  2046 2030 2030 2035 2352 2036 2035 2035 2035 2035
! 20, ise, 32, 1, 1, 16, 320, 10

! @  3414 3398 3398 3403 3403 3403 3403 3716 3404 3403
! 20, ise, 32, 1, 1, 20, 400, 10

! @  5134 5434 5124 5118 5118 5123 5123 5439 5124 5123
! 20, ise, 32, 1, 1, 24, 480, 10

! @  7206 7190 7505 7196 7195 7195 7513 7196 7195 7195
! 20, ise, 32, 1, 1, 28, 560, 10

! @  9635 9614 9928 9620 9619 9935 9620 9619 9933 9620
! 20, ise, 32, 1, 1, 32, 640, 10

! @  12423 12690 12408 12390 12703 12396 12696 12408 12395 12711
! 20, ise, 32, 1, 1, 36, 720, 10

! @  15551 15835 15524 15835 15524 15841 15524 15841 15524 15838
! 20, ise, 32, 1, 1, 40, 800, 10

! @  19322 19011 19315 19004 19315 19306 19016 19317 19304 19016
! 20, ise, 32, 1, 1, 44, 880, 10

! @  23169 23133 23141 22848 23143 23138 23148 22848 23153 23154
! 20, ise, 32, 1, 1, 48, 960, 10

! @  27347 27027 27332 27339 27337 27338 27338 27318 27332 27334
! 20, ise, 32, 1, 1, 52, 1040, 10

! @  31887 31866 31868 31873 31874 32162 31870 31868 31868 31868
! 20, ise, 32, 1, 1, 56, 1120, 10

! @  36773 36767 36755 37040 36758 36770 36762 37052 36758 36754
! 20, ise, 32, 1, 1, 60, 1200, 10

! @  42014 42007 42279 41999 42297 41996 42006 42289 42014 42292
! 20, ise, 32, 1, 1, 64, 1280, 10

! @  47899 47885 47586 47886 47606 47881 47891 47588 47894 47604
! 20, ise, 32, 1, 1, 68, 1360, 10

! @  53840 53830 53831 53835 53548 53820 53838 53837 53837 53545
! 20, ise, 32, 1, 1, 72, 1440, 10

! @  60149 60129 60125 60123 60128 60135 60133 60131 60135 60131
