! 20, isa, 32, 1, 1, 8, 160, 10, 10, 1222, 1233, 1225
  result is correct!
! 20, isa, 32, 1, 1, 12, 240, 10, 10, 2489, 2789, 2522
  result is correct!
! 20, isa, 32, 1, 1, 16, 320, 10, 10, 4201, 4500, 4234
  result is correct!
! 20, isa, 32, 1, 1, 20, 400, 10, 10, 6361, 6678, 6427
  result is correct!
! 20, isa, 32, 1, 1, 24, 480, 10, 10, 8969, 9300, 9069
  result is correct!
! 20, isa, 32, 1, 1, 28, 560, 10, 10, 12025, 12355, 12158
  result is correct!
! 20, isa, 32, 1, 1, 32, 640, 10, 10, 15535, 15875, 15699
  result is correct!
! 20, isa, 32, 1, 1, 36, 720, 10, 10, 19504, 19817, 19713
  result is correct!
! 20, isa, 32, 1, 1, 40, 800, 10, 10, 23904, 24218, 24146
  result is correct!
! 20, isa, 32, 1, 1, 44, 880, 10, 10, 29034, 29077, 29056
  result is correct!
! 20, isa, 32, 1, 1, 48, 960, 10, 10, 34350, 34671, 34393
  result is correct!
! 20, isa, 32, 1, 1, 52, 1040, 10, 10, 40092, 40407, 40197
  result is correct!
! 20, isa, 32, 1, 1, 56, 1120, 10, 10, 46286, 46619, 46484
  result is correct!
! 20, isa, 32, 1, 1, 60, 1200, 10, 10, 52923, 53276, 53191
  result is correct!
! 20, isa, 32, 1, 1, 64, 1280, 10, 10, 60319, 60340, 60327
  result is correct!
! 20, isa, 32, 1, 1, 68, 1360, 10, 10, 67856, 68195, 67967
  result is correct!
! 20, isa, 32, 1, 1, 72, 1440, 10, 10, 75846, 76190, 76012
  result is correct!

--------------------Threshold debug data--------------------
! 20, isa, 32, 1, 1, 8, 160, 10

! @  1233 1222 1225 1225 1225 1225 1225 1225 1225 1225
! 20, isa, 32, 1, 1, 12, 240, 10

! @  2501 2789 2512 2489 2489 2489 2489 2489 2489 2489
! 20, isa, 32, 1, 1, 16, 320, 10

! @  4213 4201 4201 4500 4224 4201 4201 4201 4201 4201
! 20, isa, 32, 1, 1, 20, 400, 10

! @  6382 6361 6361 6663 6384 6361 6361 6361 6678 6367
! 20, isa, 32, 1, 1, 24, 480, 10

! @  9007 8969 8969 9300 8975 8969 9289 8975 8969 9271
! 20, isa, 32, 1, 1, 28, 560, 10

! @  12063 12025 12353 12031 12326 12048 12025 12355 12031 12326
! 20, isa, 32, 1, 1, 32, 640, 10

! @  15550 15851 15535 15855 15535 15856 15535 15864 15535 15875
! 20, isa, 32, 1, 1, 36, 720, 10

! @  19805 19504 19817 19789 19504 19815 19790 19504 19814 19789
! 20, isa, 32, 1, 1, 40, 800, 10

! @  23919 24218 24211 24188 24204 23904 24217 24210 24189 24207
! 20, isa, 32, 1, 1, 44, 880, 10

! @  29077 29063 29058 29056 29057 29056 29055 29052 29034 29055
! 20, isa, 32, 1, 1, 48, 960, 10

! @  34384 34359 34366 34671 34350 34351 34350 34369 34362 34373
! 20, isa, 32, 1, 1, 52, 1040, 10

! @  40129 40402 40092 40115 40407 40094 40116 40407 40094 40118
! 20, isa, 32, 1, 1, 56, 1120, 10

! @  46619 46286 46611 46286 46615 46304 46601 46308 46614 46601
! 20, isa, 32, 1, 1, 60, 1200, 10

! @  53276 53247 53240 52923 53268 53251 53240 52945 53261 53260
! 20, isa, 32, 1, 1, 64, 1280, 10

! @  60340 60319 60327 60326 60326 60326 60326 60330 60329 60325
! 20, isa, 32, 1, 1, 68, 1360, 10

! @  67903 68195 67864 67877 68181 67856 67866 67880 68186 67862
! 20, isa, 32, 1, 1, 72, 1440, 10

! @  75871 76174 75865 76190 76154 75846 76158 75853 76161 75852
