! 22, ise, 32, 1, 1, 8, 176, 10, 10, 1020, 1028, 1020
  result is correct!
! 22, ise, 32, 1, 1, 12, 264, 10, 10, 2036, 2359, 2069
  result is correct!
! 22, ise, 32, 1, 1, 16, 352, 10, 10, 3404, 3726, 3437
  result is correct!
! 22, ise, 32, 1, 1, 20, 440, 10, 10, 5124, 5448, 5190
  result is correct!
! 22, ise, 32, 1, 1, 24, 528, 10, 10, 7196, 7519, 7262
  result is correct!
! 22, ise, 32, 1, 1, 28, 616, 10, 10, 9620, 9943, 9719
  result is correct!
! 22, ise, 32, 1, 1, 32, 704, 10, 10, 12396, 12718, 12527
  result is correct!
! 22, ise, 32, 1, 1, 36, 792, 10, 10, 15530, 15847, 15688
  result is correct!
! 22, ise, 32, 1, 1, 40, 880, 10, 10, 19010, 19327, 19200
  result is correct!
! 22, ise, 32, 1, 1, 44, 968, 10, 10, 22854, 23170, 23097
  result is correct!
! 22, ise, 32, 1, 1, 48, 1056, 10, 10, 27038, 27351, 27314
  result is correct!
! 22, ise, 32, 1, 1, 52, 1144, 10, 10, 31882, 32173, 31912
  result is correct!
! 22, ise, 32, 1, 1, 56, 1232, 10, 10, 36765, 37060, 36830
  result is correct!
! 22, ise, 32, 1, 1, 60, 1320, 10, 10, 42008, 42308, 42131
  result is correct!
! 22, ise, 32, 1, 1, 64, 1408, 10, 10, 47599, 47905, 47783
  result is correct!
! 22, ise, 32, 1, 1, 68, 1496, 10, 10, 53557, 53848, 53787
  result is correct!
! 22, ise, 32, 1, 1, 72, 1584, 10, 10, 60141, 60152, 60144
  result is correct!

--------------------Threshold debug data--------------------
! 22, ise, 32, 1, 1, 8, 176, 10

! @  1028 1020 1020 1020 1020 1020 1020 1020 1020 1020
! 22, ise, 32, 1, 1, 12, 264, 10

! @  2042 2036 2036 2036 2359 2042 2036 2036 2036 2036
! 22, ise, 32, 1, 1, 16, 352, 10

! @  3410 3404 3404 3404 3404 3404 3404 3726 3410 3404
! 22, ise, 32, 1, 1, 20, 440, 10

! @  5130 5448 5130 5124 5124 5124 5124 5445 5130 5124
! 22, ise, 32, 1, 1, 24, 528, 10

! @  7202 7196 7519 7202 7196 7196 7515 7202 7196 7196
! 22, ise, 32, 1, 1, 28, 616, 10

! @  9631 9620 9943 9626 9620 9941 9626 9620 9943 9626
! 22, ise, 32, 1, 1, 32, 704, 10

! @  12419 12701 12414 12396 12718 12402 12703 12414 12396 12715
! 22, ise, 32, 1, 1, 36, 792, 10

! @  15539 15847 15530 15845 15530 15843 15530 15846 15530 15845
! 22, ise, 32, 1, 1, 40, 880, 10

! @  19320 19022 19327 19010 19325 19318 19022 19326 19317 19022
! 22, ise, 32, 1, 1, 44, 968, 10

! @  23170 23147 23161 22854 23157 23147 23157 22854 23159 23165
! 22, ise, 32, 1, 1, 48, 1056, 10

! @  27351 27038 27343 27349 27345 27349 27349 27333 27345 27345
! 22, ise, 32, 1, 1, 52, 1144, 10

! @  31888 31885 31884 31882 31885 32173 31882 31882 31882 31882
! 22, ise, 32, 1, 1, 56, 1232, 10

! @  36774 36781 36773 37060 36769 36785 36771 37060 36769 36765
! 22, ise, 32, 1, 1, 60, 1320, 10

! @  42012 42025 42297 42009 42308 42008 42023 42301 42025 42302
! 22, ise, 32, 1, 1, 64, 1408, 10

! @  47893 47903 47602 47905 47617 47890 47903 47599 47905 47615
! 22, ise, 32, 1, 1, 68, 1496, 10

! @  53841 53847 53846 53848 53557 53837 53848 53846 53848 53558
! 22, ise, 32, 1, 1, 72, 1584, 10

! @  60152 60145 60141 60142 60146 60145 60147 60142 60142 60141
