! 23, isa, 32, 1, 1, 8, 184, 10, 10, 828, 836, 828
  result is correct!
! 23, isa, 32, 1, 1, 12, 276, 10, 10, 1619, 2150, 1676
  result is correct!
! 23, isa, 32, 1, 1, 16, 368, 10, 10, 2662, 3103, 2718
  result is correct!
! 23, isa, 32, 1, 1, 20, 460, 10, 10, 3937, 4372, 3993
  result is correct!
! 23, isa, 32, 1, 1, 24, 552, 10, 10, 5470, 5910, 5583
  result is correct!
! 23, isa, 32, 1, 1, 28, 644, 10, 10, 7257, 7807, 7371
  result is correct!
! 23, isa, 32, 1, 1, 32, 736, 10, 10, 9298, 9733, 9469
  result is correct!
! 23, isa, 32, 1, 1, 36, 828, 10, 10, 11593, 12147, 11819
  result is correct!
! 23, isa, 32, 1, 1, 40, 920, 10, 10, 14164, 14697, 14426
  result is correct!
! 23, isa, 32, 1, 1, 44, 1012, 10, 10, 16967, 17500, 17284
  result is correct!
! 23, isa, 32, 1, 1, 48, 1104, 10, 10, 20130, 20557, 20397
  result is correct!
! 23, isa, 32, 1, 1, 52, 1196, 10, 10, 23441, 23884, 23766
  result is correct!
! 23, isa, 32, 1, 1, 56, 1288, 10, 10, 27006, 27450, 27390
  result is correct!
! 23, isa, 32, 1, 1, 60, 1380, 10, 10, 31267, 31374, 31279
  result is correct!
! 23, isa, 32, 1, 1, 64, 1472, 10, 10, 35330, 35732, 35436
  result is correct!
! 23, isa, 32, 1, 1, 68, 1564, 10, 10, 39657, 40052, 39811
  result is correct!
! 23, isa, 32, 1, 1, 72, 1656, 10, 10, 44239, 44637, 44482
  result is correct!

--------------------Threshold debug data--------------------
! 23, isa, 32, 1, 1, 8, 184, 10

! @  836 828 828 828 828 828 828 828 828 828
! 23, isa, 32, 1, 1, 12, 276, 10

! @  1625 1619 1619 1619 1619 1619 1619 2150 1653 1619
! 23, isa, 32, 1, 1, 16, 368, 10

! @  3103 2790 2662 2662 2662 2662 2662 2662 2662 2662
! 23, isa, 32, 1, 1, 20, 460, 10

! @  3943 3937 3937 3937 4372 4065 3937 3937 3937 3937
! 23, isa, 32, 1, 1, 24, 552, 10

! @  5910 5598 5470 5470 5470 5877 5626 5470 5470 5470
! 23, isa, 32, 1, 1, 28, 644, 10

! @  7263 7257 7807 7279 7257 7257 7805 7279 7257 7257
! 23, isa, 32, 1, 1, 32, 736, 10

! @  9325 9298 9731 9426 9298 9731 9426 9298 9733 9426
! 23, isa, 32, 1, 1, 36, 828, 10

! @  12147 11615 12026 11721 11593 12141 11615 12026 11721 11593
! 23, isa, 32, 1, 1, 40, 920, 10

! @  14697 14164 14692 14164 14688 14169 14577 14270 14576 14270
! 23, isa, 32, 1, 1, 44, 1012, 10

! @  17500 16967 17494 17401 17073 17379 17073 17492 16967 17495
! 23, isa, 32, 1, 1, 48, 1104, 10

! @  20557 20458 20130 20551 20458 20130 20552 20458 20130 20553
! 23, isa, 32, 1, 1, 52, 1196, 10

! @  23867 23884 23769 23874 23441 23864 23883 23770 23875 23441
! 23, isa, 32, 1, 1, 56, 1288, 10

! @  27443 27006 27430 27449 27450 27450 27449 27446 27339 27439
! 23, isa, 32, 1, 1, 60, 1380, 10

! @  31374 31270 31273 31269 31269 31268 31267 31268 31269 31270
! 23, isa, 32, 1, 1, 64, 1472, 10

! @  35732 35333 35331 35445 35346 35343 35727 35332 35330 35448
! 23, isa, 32, 1, 1, 68, 1564, 10

! @  39707 39732 40051 39659 39775 40052 39657 39775 40052 39658
! 23, isa, 32, 1, 1, 72, 1656, 10

! @  44635 44354 44631 44357 44632 44350 44637 44351 44636 44239
