! 54, isa, 64, 1, 1, 8, 432, 10, 10, 809, 814, 809
  result is correct!
! 54, isa, 64, 1, 1, 12, 648, 10, 10, 1596, 2009, 1657
  result is correct!
! 54, isa, 64, 1, 1, 16, 864, 10, 10, 2640, 3100, 2701
  result is correct!
! 54, isa, 64, 1, 1, 20, 1080, 10, 10, 3914, 4366, 3975
  result is correct!
! 54, isa, 64, 1, 1, 24, 1296, 10, 10, 5447, 6016, 5569
  result is correct!
! 54, isa, 64, 1, 1, 28, 1512, 10, 10, 7234, 7807, 7356
  result is correct!
! 54, isa, 64, 1, 1, 32, 1728, 10, 10, 9275, 9728, 9462
  result is correct!
! 54, isa, 64, 1, 1, 36, 1944, 10, 10, 11570, 12150, 11815
  result is correct!
! 54, isa, 64, 1, 1, 40, 2160, 10, 10, 14158, 14698, 14426
  result is correct!
! 54, isa, 64, 1, 1, 44, 2376, 10, 10, 16958, 17497, 17285
  result is correct!
! 54, isa, 64, 1, 1, 48, 2592, 10, 10, 20137, 20559, 20403
  result is correct!
! 54, isa, 64, 1, 1, 52, 2808, 10, 10, 23448, 23903, 23779
  result is correct!
! 54, isa, 64, 1, 1, 56, 3024, 10, 10, 27013, 27472, 27405
  result is correct!
! 54, isa, 64, 1, 1, 60, 3240, 10, 10, 31278, 31410, 31298
  result is correct!
! 54, isa, 64, 1, 1, 64, 3456, 10, 10, 35358, 35762, 35463
  result is correct!
! 54, isa, 64, 1, 1, 68, 3672, 10, 10, 39686, 40084, 39842
  result is correct!
! 54, isa, 64, 1, 1, 72, 3888, 10, 10, 44348, 44669, 44521
  result is correct!

--------------------Threshold debug data--------------------
! 54, isa, 64, 1, 1, 8, 432, 10

! @  814 809 809 809 809 809 809 809 809 809
! 54, isa, 64, 1, 1, 12, 648, 10

! @  1601 1596 1596 1596 1596 1596 1596 2009 1788 1596
! 54, isa, 64, 1, 1, 16, 864, 10

! @  3100 2798 2640 2640 2640 2640 2640 2640 2640 2640
! 54, isa, 64, 1, 1, 20, 1080, 10

! @  3919 3914 3914 3914 4366 4072 3914 3914 3914 3914
! 54, isa, 64, 1, 1, 24, 1296, 10

! @  5905 5605 5447 5447 5447 5447 6016 5483 5447 5447
! 54, isa, 64, 1, 1, 28, 1512, 10

! @  7239 7234 7807 7270 7234 7234 7804 7270 7234 7234
! 54, isa, 64, 1, 1, 32, 1728, 10

! @  9316 9275 9727 9433 9275 9728 9433 9275 9727 9433
! 54, isa, 64, 1, 1, 36, 1944, 10

! @  12150 11606 12024 11728 11570 12146 11606 12022 11728 11570
! 54, isa, 64, 1, 1, 40, 2160, 10

! @  14698 14158 14694 14158 14690 14163 14573 14280 14573 14280
! 54, isa, 64, 1, 1, 44, 2376, 10

! @  17497 16958 17497 17412 17080 17376 17080 17496 16958 17496
! 54, isa, 64, 1, 1, 48, 2592, 10

! @  20559 20468 20137 20554 20470 20137 20553 20468 20137 20555
! 54, isa, 64, 1, 1, 52, 2808, 10

! @  23870 23900 23779 23902 23448 23866 23903 23779 23900 23448
! 54, isa, 64, 1, 1, 56, 3024, 10

! @  27472 27013 27427 27465 27467 27465 27466 27462 27349 27465
! 54, isa, 64, 1, 1, 60, 3240, 10

! @  31410 31286 31293 31286 31285 31287 31285 31286 31285 31278
! 54, isa, 64, 1, 1, 64, 3456, 10

! @  35762 35359 35359 35477 35363 35359 35756 35358 35359 35481
! 54, isa, 64, 1, 1, 68, 3672, 10

! @  39808 39690 40083 39686 39804 40084 39687 39809 40084 39686
! 54, isa, 64, 1, 1, 72, 3888, 10

! @  44669 44387 44664 44388 44663 44383 44669 44385 44663 44348
