>>>>
====
REPO_HOME         := auto-generated-text
RISCV             := auto-generated-text
MPISE_DESTRUCTIVE := 1
MPISE_STATELESS   := 1
----
ARCH              := rv64
TYPE              := ise
RADIX             := 56
PLATFORM          := cva6-fpga
VERSION           := hybrid
<<<<
bbl loader
! 56, ise, 64, 1, 1, 8, 448, 1000, 987, 502, 502, 502
  result is correct!
! 56, ise, 64, 1, 1, 12, 672, 1000, 984, 868, 868, 868
  result is correct!
! 56, ise, 64, 1, 1, 16, 896, 1000, 981, 1328, 1328, 1328
  result is correct!
! 56, ise, 64, 1, 1, 20, 1120, 1000, 977, 1865, 1865, 1865
  result is correct!
! 56, ise, 64, 1, 1, 24, 1344, 1000, 971, 2503, 2503, 2503
  result is correct!
! 56, ise, 64, 1, 1, 28, 1568, 1000, 971, 3237, 3237, 3237
  result is correct!
! 56, ise, 64, 1, 1, 32, 1792, 1000, 963, 4067, 4067, 4067
  result is correct!
! 56, ise, 64, 1, 1, 36, 2016, 1000, 954, 4993, 4993, 4993
  result is correct!
! 56, ise, 64, 1, 1, 40, 2240, 1000, 951, 6015, 6015, 6015
  result is correct!
! 56, ise, 64, 1, 1, 44, 2464, 1000, 945, 7133, 7133, 7133
  result is correct!
! 56, ise, 64, 1, 1, 48, 2688, 1000, 939, 8347, 8347, 8347
  result is correct!
! 56, ise, 64, 1, 1, 52, 2912, 1000, 926, 9657, 9657, 9657
  result is correct!
! 56, ise, 64, 1, 1, 56, 3136, 1000, 919, 11063, 11063, 11063
  result is correct!
! 56, ise, 64, 1, 1, 60, 3360, 1000, 911, 12565, 12565, 12565
  result is correct!
! 56, ise, 64, 1, 1, 64, 3584, 1000, 900, 14163, 14163, 14163
  result is correct!
! 56, ise, 64, 1, 1, 68, 3808, 1000, 887, 15857, 15857, 15857
  result is correct!
! 56, ise, 64, 1, 1, 72, 4032, 1000, 875, 17647, 17647, 17647
  result is correct!
