>>>>
====
REPO_HOME         := auto-generated-text
RISCV             := auto-generated-text
MPISE_DESTRUCTIVE := 1
MPISE_STATELESS   := 1
----
ARCH              := rv64
TYPE              := isa
RADIX             := 58
PLATFORM          := cva6-fpga
VERSION           := simple
<<<<
bbl loader
! 58, isa, 64, 1, 1, 8, 464, 1000, 995, 1210, 1210, 1210
  result is correct!
! 58, isa, 64, 1, 1, 12, 696, 1000, 994, 2470, 2470, 2470
  result is correct!
! 58, isa, 64, 1, 1, 16, 928, 1000, 988, 4178, 4178, 4178
  result is correct!
! 58, isa, 64, 1, 1, 20, 1160, 1000, 983, 6334, 6334, 6334
  result is correct!
! 58, isa, 64, 1, 1, 24, 1392, 1000, 980, 8938, 8938, 8938
  result is correct!
! 58, isa, 64, 1, 1, 28, 1624, 1000, 974, 11990, 11990, 11990
  result is correct!
! 58, isa, 64, 1, 1, 32, 1856, 1000, 965, 15490, 15490, 15490
  result is correct!
! 58, isa, 64, 1, 1, 36, 2088, 1000, 955, 19438, 19438, 19438
  result is correct!
! 58, isa, 64, 1, 1, 40, 2320, 1000, 947, 23834, 23834, 23834
  result is correct!
! 58, isa, 64, 1, 1, 44, 2552, 1000, 934, 28678, 28678, 28678
  result is correct!
! 58, isa, 64, 1, 1, 48, 2784, 1000, 922, 33970, 33970, 33970
  result is correct!
! 58, isa, 64, 1, 1, 52, 3016, 1000, 902, 39710, 39710, 39710
  result is correct!
! 58, isa, 64, 1, 1, 56, 3248, 1000, 897, 45898, 45898, 45898
  result is correct!
! 58, isa, 64, 1, 1, 60, 3480, 1000, 873, 52534, 52534, 52534
  result is correct!
! 58, isa, 64, 1, 1, 64, 3712, 1000, 863, 59618, 59618, 59618
  result is correct!
! 58, isa, 64, 1, 1, 68, 3944, 1000, 848, 67150, 67150, 67150
  result is correct!
! 58, isa, 64, 1, 1, 72, 4176, 1000, 831, 75130, 75130, 75130
  result is correct!
