>>>>
====
REPO_HOME         := auto-generated-text
RISCV             := auto-generated-text
MPISE_DESTRUCTIVE := 1
MPISE_STATELESS   := 1
----
ARCH              := rv64
TYPE              := isa
RADIX             := 54
PLATFORM          := cva6-fpga
VERSION           := hybrid
<<<<
bbl loader
! 54, isa, 64, 1, 1, 8, 432, 1000, 984, 854, 854, 854
  result is correct!
! 54, isa, 64, 1, 1, 12, 648, 1000, 977, 1641, 1641, 1641
  result is correct!
! 54, isa, 64, 1, 1, 16, 864, 1000, 975, 2682, 2682, 2682
  result is correct!
! 54, isa, 64, 1, 1, 20, 1080, 1000, 964, 3956, 3956, 3956
  result is correct!
! 54, isa, 64, 1, 1, 24, 1296, 1000, 955, 5489, 5489, 5489
  result is correct!
! 54, isa, 64, 1, 1, 28, 1512, 1000, 947, 7276, 7276, 7276
  result is correct!
! 54, isa, 64, 1, 1, 32, 1728, 1000, 926, 9317, 9317, 9317
  result is correct!
! 54, isa, 64, 1, 1, 36, 1944, 1000, 919, 11612, 11612, 11612
  result is correct!
! 54, isa, 64, 1, 1, 40, 2160, 1000, 902, 14161, 14161, 14161
  result is correct!
! 54, isa, 64, 1, 1, 44, 2376, 1000, 881, 16964, 16964, 16964
  result is correct!
! 54, isa, 64, 1, 1, 48, 2592, 1000, 863, 20021, 20021, 20021
  result is correct!
! 54, isa, 64, 1, 1, 52, 2808, 1000, 845, 23332, 23332, 23332
  result is correct!
! 54, isa, 64, 1, 1, 56, 3024, 1000, 822, 26897, 26897, 26897
  result is correct!
! 54, isa, 64, 1, 1, 60, 3240, 1000, 795, 30716, 30716, 30716
  result is correct!
! 54, isa, 64, 1, 1, 64, 3456, 1000, 766, 34789, 34789, 34789
  result is correct!
! 54, isa, 64, 1, 1, 68, 3672, 1000, 743, 39116, 39116, 39116
  result is correct!
! 54, isa, 64, 1, 1, 72, 3888, 1000, 710, 43697, 43697, 43697
  result is correct!
