>>>>
====
REPO_HOME         := auto-generated-text
RISCV             := auto-generated-text
MPISE_DESTRUCTIVE := 1
MPISE_STATELESS   := 1
----
ARCH              := rv64
TYPE              := ise
RADIX             := 57
PLATFORM          := cva6-fpga
VERSION           := hybrid
<<<<
bbl loader
! 57, ise, 64, 1, 1, 8, 456, 1000, 987, 502, 502, 502
  result is correct!
! 57, ise, 64, 1, 1, 12, 684, 1000, 984, 868, 868, 868
  result is correct!
! 57, ise, 64, 1, 1, 16, 912, 1000, 980, 1328, 1328, 1328
  result is correct!
! 57, ise, 64, 1, 1, 20, 1140, 1000, 978, 1865, 1865, 1865
  result is correct!
! 57, ise, 64, 1, 1, 24, 1368, 1000, 969, 2503, 2503, 2503
  result is correct!
! 57, ise, 64, 1, 1, 28, 1596, 1000, 969, 3237, 3237, 3237
  result is correct!
! 57, ise, 64, 1, 1, 32, 1824, 1000, 959, 4067, 4067, 4067
  result is correct!
! 57, ise, 64, 1, 1, 36, 2052, 1000, 959, 4993, 4993, 4993
  result is correct!
! 57, ise, 64, 1, 1, 40, 2280, 1000, 951, 6015, 6015, 6015
  result is correct!
! 57, ise, 64, 1, 1, 44, 2508, 1000, 945, 7133, 7133, 7133
  result is correct!
! 57, ise, 64, 1, 1, 48, 2736, 1000, 935, 8347, 8347, 8347
  result is correct!
! 57, ise, 64, 1, 1, 52, 2964, 1000, 928, 9657, 9657, 9657
  result is correct!
! 57, ise, 64, 1, 1, 56, 3192, 1000, 922, 11063, 11063, 11063
  result is correct!
! 57, ise, 64, 1, 1, 60, 3420, 1000, 911, 12565, 12565, 12565
  result is correct!
! 57, ise, 64, 1, 1, 64, 3648, 1000, 897, 14163, 14163, 14163
  result is correct!
! 57, ise, 64, 1, 1, 68, 3876, 1000, 887, 15857, 15857, 15857
  result is correct!
! 57, ise, 64, 1, 1, 72, 4104, 1000, 878, 17647, 17647, 17647
  result is correct!
