>>>>
====
REPO_HOME         := auto-generated-text
RISCV             := auto-generated-text
MPISE_DESTRUCTIVE := 1
MPISE_STATELESS   := 1
----
ARCH              := rv64
TYPE              := isa
RADIX             := 59
PLATFORM          := cva6-fpga
VERSION           := hybrid
<<<<
bbl loader
! 59, isa, 64, 1, 1, 8, 472, 1000, 987, 854, 854, 854
  result is correct!
! 59, isa, 64, 1, 1, 12, 708, 1000, 978, 1641, 1641, 1641
  result is correct!
! 59, isa, 64, 1, 1, 16, 944, 1000, 972, 2682, 2682, 2682
  result is correct!
! 59, isa, 64, 1, 1, 20, 1180, 1000, 968, 3956, 3956, 3956
  result is correct!
! 59, isa, 64, 1, 1, 24, 1416, 1000, 954, 5489, 5489, 5489
  result is correct!
! 59, isa, 64, 1, 1, 28, 1652, 1000, 947, 7276, 7276, 7276
  result is correct!
! 59, isa, 64, 1, 1, 32, 1888, 1000, 934, 9317, 9317, 9317
  result is correct!
! 59, isa, 64, 1, 1, 36, 2124, 1000, 915, 11612, 11612, 11612
  result is correct!
! 59, isa, 64, 1, 1, 40, 2360, 1000, 901, 14161, 14161, 14161
  result is correct!
! 59, isa, 64, 1, 1, 44, 2596, 1000, 881, 16964, 16964, 16964
  result is correct!
! 59, isa, 64, 1, 1, 48, 2832, 1000, 859, 20021, 20021, 20021
  result is correct!
! 59, isa, 64, 1, 1, 52, 3068, 1000, 838, 23332, 23332, 23332
  result is correct!
! 59, isa, 64, 1, 1, 56, 3304, 1000, 819, 26897, 26897, 26897
  result is correct!
! 59, isa, 64, 1, 1, 60, 3540, 1000, 796, 30716, 30716, 30716
  result is correct!
! 59, isa, 64, 1, 1, 64, 3776, 1000, 772, 34789, 34789, 34789
  result is correct!
! 59, isa, 64, 1, 1, 68, 4012, 1000, 744, 39116, 39116, 39116
  result is correct!
! 59, isa, 64, 1, 1, 72, 4248, 1000, 716, 43697, 43697, 43697
  result is correct!
