>>>>
====
REPO_HOME         := auto-generated-text
RISCV             := auto-generated-text
MPISE_DESTRUCTIVE := 1
MPISE_STATELESS   := 1
----
ARCH              := rv64
TYPE              := isa
RADIX             := 56
PLATFORM          := cva6-fpga
VERSION           := hybrid
<<<<
bbl loader
! 56, isa, 64, 1, 1, 8, 448, 1000, 984, 854, 854, 854
  result is correct!
! 56, isa, 64, 1, 1, 12, 672, 1000, 983, 1641, 1641, 1641
  result is correct!
! 56, isa, 64, 1, 1, 16, 896, 1000, 976, 2682, 2682, 2682
  result is correct!
! 56, isa, 64, 1, 1, 20, 1120, 1000, 967, 3956, 3956, 3956
  result is correct!
! 56, isa, 64, 1, 1, 24, 1344, 1000, 957, 5489, 5489, 5489
  result is correct!
! 56, isa, 64, 1, 1, 28, 1568, 1000, 946, 7276, 7276, 7276
  result is correct!
! 56, isa, 64, 1, 1, 32, 1792, 1000, 926, 9317, 9317, 9317
  result is correct!
! 56, isa, 64, 1, 1, 36, 2016, 1000, 919, 11612, 11612, 11612
  result is correct!
! 56, isa, 64, 1, 1, 40, 2240, 1000, 898, 14161, 14161, 14161
  result is correct!
! 56, isa, 64, 1, 1, 44, 2464, 1000, 886, 16964, 16964, 16964
  result is correct!
! 56, isa, 64, 1, 1, 48, 2688, 1000, 865, 20021, 20021, 20021
  result is correct!
! 56, isa, 64, 1, 1, 52, 2912, 1000, 839, 23332, 23332, 23332
  result is correct!
! 56, isa, 64, 1, 1, 56, 3136, 1000, 820, 26897, 26897, 26897
  result is correct!
! 56, isa, 64, 1, 1, 60, 3360, 1000, 797, 30716, 30716, 30716
  result is correct!
! 56, isa, 64, 1, 1, 64, 3584, 1000, 765, 34789, 34789, 34789
  result is correct!
! 56, isa, 64, 1, 1, 68, 3808, 1000, 739, 39116, 39116, 39116
  result is correct!
! 56, isa, 64, 1, 1, 72, 4032, 1000, 715, 43697, 43697, 43697
  result is correct!
