>>>>
====
REPO_HOME         := auto-generated-text
RISCV             := auto-generated-text
MPISE_DESTRUCTIVE := 1
MPISE_STATELESS   := 1
----
ARCH              := rv64
TYPE              := ise
RADIX             := 64
PLATFORM          := cva6-fpga
VERSION           := simple
<<<<
bbl loader
! 64, ise, 64, 1, 1, 8, 512, 1000, 997, 1121, 1121, 1121
  result is correct!
! 64, ise, 64, 1, 1, 12, 768, 1000, 993, 2289, 2289, 2289
  result is correct!
! 64, ise, 64, 1, 1, 16, 1024, 1000, 990, 3873, 3873, 3873
  result is correct!
! 64, ise, 64, 1, 1, 20, 1280, 1000, 987, 5873, 5873, 5873
  result is correct!
! 64, ise, 64, 1, 1, 24, 1536, 1000, 975, 8289, 8289, 8289
  result is correct!
! 64, ise, 64, 1, 1, 28, 1792, 1000, 967, 11121, 11121, 11121
  result is correct!
! 64, ise, 64, 1, 1, 32, 2048, 1000, 958, 14369, 14369, 14369
  result is correct!
! 64, ise, 64, 1, 1, 36, 2304, 1000, 945, 18033, 18033, 18033
  result is correct!
! 64, ise, 64, 1, 1, 40, 2560, 1000, 937, 22113, 22113, 22113
  result is correct!
! 64, ise, 64, 1, 1, 44, 2816, 1000, 924, 26609, 26609, 26609
  result is correct!
! 64, ise, 64, 1, 1, 48, 3072, 1000, 902, 31521, 31521, 31521
  result is correct!
! 64, ise, 64, 1, 1, 52, 3328, 1000, 885, 36849, 36849, 36849
  result is correct!
! 64, ise, 64, 1, 1, 56, 3584, 1000, 869, 42593, 42593, 42593
  result is correct!
! 64, ise, 64, 1, 1, 60, 3840, 1000, 852, 48753, 48753, 48753
  result is correct!
! 64, ise, 64, 1, 1, 64, 4096, 1000, 820, 55329, 55329, 55329
  result is correct!
