>>>>
====
REPO_HOME         := auto-generated-text
RISCV             := auto-generated-text
MPISE_DESTRUCTIVE := 1
MPISE_STATELESS   := 1
----
ARCH              := rv64
TYPE              := ise
RADIX             := 55
PLATFORM          := cva6-fpga
VERSION           := simple
<<<<
bbl loader
! 55, ise, 64, 1, 1, 8, 440, 1000, 996, 1006, 1006, 1006
  result is correct!
! 55, ise, 64, 1, 1, 12, 660, 1000, 992, 2018, 2018, 2018
  result is correct!
! 55, ise, 64, 1, 1, 16, 880, 1000, 988, 3382, 3382, 3382
  result is correct!
! 55, ise, 64, 1, 1, 20, 1100, 1000, 980, 5098, 5098, 5098
  result is correct!
! 55, ise, 64, 1, 1, 24, 1320, 1000, 978, 7166, 7166, 7166
  result is correct!
! 55, ise, 64, 1, 1, 28, 1540, 1000, 969, 9586, 9586, 9586
  result is correct!
! 55, ise, 64, 1, 1, 32, 1760, 1000, 959, 12358, 12358, 12358
  result is correct!
! 55, ise, 64, 1, 1, 36, 1980, 1000, 950, 15482, 15482, 15482
  result is correct!
! 55, ise, 64, 1, 1, 40, 2200, 1000, 937, 18958, 18958, 18958
  result is correct!
! 55, ise, 64, 1, 1, 44, 2420, 1000, 931, 22786, 22786, 22786
  result is correct!
! 55, ise, 64, 1, 1, 48, 2640, 1000, 908, 26966, 26966, 26966
  result is correct!
! 55, ise, 64, 1, 1, 52, 2860, 1000, 895, 31498, 31498, 31498
  result is correct!
! 55, ise, 64, 1, 1, 56, 3080, 1000, 882, 36382, 36382, 36382
  result is correct!
! 55, ise, 64, 1, 1, 60, 3300, 1000, 862, 41618, 41618, 41618
  result is correct!
! 55, ise, 64, 1, 1, 64, 3520, 1000, 849, 47206, 47206, 47206
  result is correct!
! 55, ise, 64, 1, 1, 68, 3740, 1000, 832, 53146, 53146, 53146
  result is correct!
! 55, ise, 64, 1, 1, 72, 3960, 1000, 811, 59438, 59438, 59438
  result is correct!
