>>>>
====
REPO_HOME         := auto-generated-text
RISCV             := auto-generated-text
MPISE_DESTRUCTIVE := 1
MPISE_STATELESS   := 1
----
ARCH              := rv64
TYPE              := isa
RADIX             := 61
PLATFORM          := cva6-fpga
VERSION           := simple
<<<<
bbl loader
! 61, isa, 64, 1, 1, 8, 488, 1000, 994, 1211, 1211, 1211
  result is correct!
! 61, isa, 64, 1, 1, 12, 732, 1000, 988, 2471, 2471, 2471
  result is correct!
! 61, isa, 64, 1, 1, 16, 976, 1000, 985, 4179, 4179, 4179
  result is correct!
! 61, isa, 64, 1, 1, 20, 1220, 1000, 975, 6335, 6335, 6335
  result is correct!
! 61, isa, 64, 1, 1, 24, 1464, 1000, 968, 8939, 8939, 8939
  result is correct!
! 61, isa, 64, 1, 1, 28, 1708, 1000, 958, 11991, 11991, 11991
  result is correct!
! 61, isa, 64, 1, 1, 32, 1952, 1000, 947, 15491, 15491, 15491
  result is correct!
! 61, isa, 64, 1, 1, 36, 2196, 1000, 935, 19439, 19439, 19439
  result is correct!
! 61, isa, 64, 1, 1, 40, 2440, 1000, 918, 23835, 23835, 23835
  result is correct!
! 61, isa, 64, 1, 1, 44, 2684, 1000, 903, 28679, 28679, 28679
  result is correct!
! 61, isa, 64, 1, 1, 48, 2928, 1000, 887, 33971, 33971, 33971
  result is correct!
! 61, isa, 64, 1, 1, 52, 3172, 1000, 866, 39711, 39711, 39711
  result is correct!
! 61, isa, 64, 1, 1, 56, 3416, 1000, 843, 45899, 45899, 45899
  result is correct!
! 61, isa, 64, 1, 1, 60, 3660, 1000, 823, 52535, 52535, 52535
  result is correct!
! 61, isa, 64, 1, 1, 64, 3904, 1000, 788, 59619, 59619, 59619
  result is correct!
