>>>>
====
REPO_HOME         := auto-generated-text
RISCV             := auto-generated-text
MPISE_DESTRUCTIVE := 1
MPISE_STATELESS   := 1
----
ARCH              := rv64
TYPE              := isa
RADIX             := 64
PLATFORM          := cva6-fpga
VERSION           := hybrid
<<<<
bbl loader
! 64, isa, 64, 1, 1, 8, 512, 1000, 982, 790, 790, 790
  result is correct!
! 64, isa, 64, 1, 1, 12, 768, 1000, 977, 1629, 1629, 1629
  result is correct!
! 64, isa, 64, 1, 1, 16, 1024, 1000, 972, 2794, 2794, 2794
  result is correct!
! 64, isa, 64, 1, 1, 20, 1280, 1000, 960, 4240, 4240, 4240
  result is correct!
! 64, isa, 64, 1, 1, 24, 1536, 1000, 948, 6005, 6005, 6005
  result is correct!
! 64, isa, 64, 1, 1, 28, 1792, 1000, 934, 8082, 8082, 8082
  result is correct!
! 64, isa, 64, 1, 1, 32, 2048, 1000, 923, 10471, 10471, 10471
  result is correct!
! 64, isa, 64, 1, 1, 36, 2304, 1000, 909, 13172, 13172, 13172
  result is correct!
! 64, isa, 64, 1, 1, 40, 2560, 1000, 886, 16185, 16185, 16185
  result is correct!
! 64, isa, 64, 1, 1, 44, 2816, 1000, 864, 19510, 19510, 19510
  result is correct!
! 64, isa, 64, 1, 1, 48, 3072, 1000, 840, 23147, 23147, 23147
  result is correct!
! 64, isa, 64, 1, 1, 52, 3328, 1000, 818, 27096, 27096, 27096
  result is correct!
! 64, isa, 64, 1, 1, 56, 3584, 1000, 793, 31357, 31357, 31357
  result is correct!
! 64, isa, 64, 1, 1, 60, 3840, 1000, 765, 35930, 35930, 35930
  result is correct!
! 64, isa, 64, 1, 1, 64, 4096, 1000, 730, 40815, 40815, 40815
  result is correct!
