>>>>
====
REPO_HOME         := auto-generated-text
RISCV             := auto-generated-text
MPISE_DESTRUCTIVE := 1
MPISE_STATELESS   := 1
----
ARCH              := rv64
TYPE              := ise
RADIX             := 60
PLATFORM          := cva6-fpga
VERSION           := simple
<<<<
bbl loader
! 60, ise, 64, 1, 1, 8, 480, 1000, 996, 1007, 1007, 1007
  result is correct!
! 60, ise, 64, 1, 1, 12, 720, 1000, 991, 2019, 2019, 2019
  result is correct!
! 60, ise, 64, 1, 1, 16, 960, 1000, 989, 3383, 3383, 3383
  result is correct!
