>>>>
====
REPO_HOME         := auto-generated-text
RISCV             := auto-generated-text
MPISE_DESTRUCTIVE := 1
MPISE_STATELESS   := 1
----
ARCH              := rv64
TYPE              := ise
RADIX             := 54
PLATFORM          := cva6-fpga
VERSION           := hybrid
<<<<
bbl loader
! 54, ise, 64, 1, 1, 8, 432, 1000, 988, 502, 502, 502
  result is correct!
! 54, ise, 64, 1, 1, 12, 648, 1000, 987, 868, 868, 868
  result is correct!
! 54, ise, 64, 1, 1, 16, 864, 1000, 981, 1328, 1328, 1328
  result is correct!
! 54, ise, 64, 1, 1, 20, 1080, 1000, 978, 1865, 1865, 1865
  result is correct!
! 54, ise, 64, 1, 1, 24, 1296, 1000, 974, 2503, 2503, 2503
  result is correct!
! 54, ise, 64, 1, 1, 28, 1512, 1000, 972, 3237, 3237, 3237
  result is correct!
! 54, ise, 64, 1, 1, 32, 1728, 1000, 963, 4067, 4067, 4067
  result is correct!
! 54, ise, 64, 1, 1, 36, 1944, 1000, 954, 4993, 4993, 4993
  result is correct!
! 54, ise, 64, 1, 1, 40, 2160, 1000, 954, 6015, 6015, 6015
  result is correct!
! 54, ise, 64, 1, 1, 44, 2376, 1000, 945, 7133, 7133, 7133
  result is correct!
! 54, ise, 64, 1, 1, 48, 2592, 1000, 939, 8347, 8347, 8347
  result is correct!
! 54, ise, 64, 1, 1, 52, 2808, 1000, 931, 9657, 9657, 9657
  result is correct!
! 54, ise, 64, 1, 1, 56, 3024, 1000, 919, 11063, 11063, 11063
  result is correct!
! 54, ise, 64, 1, 1, 60, 3240, 1000, 912, 12565, 12565, 12565
  result is correct!
! 54, ise, 64, 1, 1, 64, 3456, 1000, 902, 14163, 14163, 14163
  result is correct!
! 54, ise, 64, 1, 1, 68, 3672, 1000, 887, 15857, 15857, 15857
  result is correct!
! 54, ise, 64, 1, 1, 72, 3888, 1000, 878, 17647, 17647, 17647
  result is correct!
