>>>>
====
REPO_HOME         := auto-generated-text
RISCV             := auto-generated-text
MPISE_DESTRUCTIVE := 1
MPISE_STATELESS   := 1
----
ARCH              := rv64
TYPE              := isa
RADIX             := 62
PLATFORM          := cva6-fpga
VERSION           := simple
<<<<
bbl loader
! 62, isa, 64, 1, 1, 8, 496, 1000, 995, 1211, 1211, 1211
  result is correct!
! 62, isa, 64, 1, 1, 12, 744, 1000, 988, 2471, 2471, 2471
  result is correct!
! 62, isa, 64, 1, 1, 16, 992, 1000, 984, 4179, 4179, 4179
  result is correct!
