>>>>
====
REPO_HOME         := auto-generated-text
RISCV             := auto-generated-text
MPISE_DESTRUCTIVE := 1
MPISE_STATELESS   := 1
----
ARCH              := rv64
TYPE              := ise
RADIX             := 58
PLATFORM          := cva6-fpga
VERSION           := simple
<<<<
bbl loader
! 58, ise, 64, 1, 1, 8, 464, 1000, 995, 1007, 1007, 1007
  result is correct!
! 58, ise, 64, 1, 1, 12, 696, 1000, 993, 2019, 2019, 2019
  result is correct!
! 58, ise, 64, 1, 1, 16, 928, 1000, 988, 3383, 3383, 3383
  result is correct!
! 58, ise, 64, 1, 1, 20, 1160, 1000, 979, 5099, 5099, 5099
  result is correct!
! 58, ise, 64, 1, 1, 24, 1392, 1000, 976, 7167, 7167, 7167
  result is correct!
! 58, ise, 64, 1, 1, 28, 1624, 1000, 968, 9587, 9587, 9587
  result is correct!
! 58, ise, 64, 1, 1, 32, 1856, 1000, 953, 12359, 12359, 12359
  result is correct!
! 58, ise, 64, 1, 1, 36, 2088, 1000, 951, 15483, 15483, 15483
  result is correct!
! 58, ise, 64, 1, 1, 40, 2320, 1000, 936, 18959, 18959, 18959
  result is correct!
! 58, ise, 64, 1, 1, 44, 2552, 1000, 922, 22787, 22787, 22787
  result is correct!
! 58, ise, 64, 1, 1, 48, 2784, 1000, 911, 26967, 26967, 26967
  result is correct!
! 58, ise, 64, 1, 1, 52, 3016, 1000, 893, 31499, 31499, 31499
  result is correct!
! 58, ise, 64, 1, 1, 56, 3248, 1000, 875, 36383, 36383, 36383
  result is correct!
! 58, ise, 64, 1, 1, 60, 3480, 1000, 862, 41619, 41619, 41619
  result is correct!
! 58, ise, 64, 1, 1, 64, 3712, 1000, 847, 47207, 47207, 47207
  result is correct!
