>>>>
====
REPO_HOME         := auto-generated-text
RISCV             := auto-generated-text
MPISE_DESTRUCTIVE := 1
MPISE_STATELESS   := 1
----
ARCH              := rv64
TYPE              := isa
RADIX             := 59
PLATFORM          := cva6-fpga
VERSION           := simple
<<<<
bbl loader
! 59, isa, 64, 1, 1, 8, 472, 1000, 996, 1210, 1210, 1210
  result is correct!
! 59, isa, 64, 1, 1, 12, 708, 1000, 993, 2470, 2470, 2470
  result is correct!
! 59, isa, 64, 1, 1, 16, 944, 1000, 989, 4178, 4178, 4178
  result is correct!
! 59, isa, 64, 1, 1, 20, 1180, 1000, 986, 6334, 6334, 6334
  result is correct!
! 59, isa, 64, 1, 1, 24, 1416, 1000, 974, 8938, 8938, 8938
  result is correct!
! 59, isa, 64, 1, 1, 28, 1652, 1000, 974, 11990, 11990, 11990
  result is correct!
! 59, isa, 64, 1, 1, 32, 1888, 1000, 958, 15490, 15490, 15490
  result is correct!
! 59, isa, 64, 1, 1, 36, 2124, 1000, 951, 19438, 19438, 19438
  result is correct!
! 59, isa, 64, 1, 1, 40, 2360, 1000, 941, 23834, 23834, 23834
  result is correct!
! 59, isa, 64, 1, 1, 44, 2596, 1000, 930, 28678, 28678, 28678
  result is correct!
! 59, isa, 64, 1, 1, 48, 2832, 1000, 918, 33970, 33970, 33970
  result is correct!
! 59, isa, 64, 1, 1, 52, 3068, 1000, 906, 39710, 39710, 39710
  result is correct!
! 59, isa, 64, 1, 1, 56, 3304, 1000, 893, 45898, 45898, 45898
  result is correct!
! 59, isa, 64, 1, 1, 60, 3540, 1000, 880, 52534, 52534, 52534
  result is correct!
! 59, isa, 64, 1, 1, 64, 3776, 1000, 859, 59618, 59618, 59618
  result is correct!
! 59, isa, 64, 1, 1, 68, 4012, 1000, 839, 67150, 67150, 67150
  result is correct!
! 59, isa, 64, 1, 1, 72, 4248, 1000, 826, 75130, 75130, 75130
  result is correct!
