>>>>
====
REPO_HOME         := auto-generated-text
RISCV             := auto-generated-text
MPISE_DESTRUCTIVE := 1
MPISE_STATELESS   := 1
----
ARCH              := rv64
TYPE              := isa
RADIX             := 56
PLATFORM          := cva6-fpga
VERSION           := simple
<<<<
bbl loader
! 56, isa, 64, 1, 1, 8, 448, 1000, 994, 1210, 1210, 1210
  result is correct!
! 56, isa, 64, 1, 1, 12, 672, 1000, 992, 2470, 2470, 2470
  result is correct!
! 56, isa, 64, 1, 1, 16, 896, 1000, 984, 4178, 4178, 4178
  result is correct!
! 56, isa, 64, 1, 1, 20, 1120, 1000, 976, 6334, 6334, 6334
  result is correct!
! 56, isa, 64, 1, 1, 24, 1344, 1000, 971, 8938, 8938, 8938
  result is correct!
! 56, isa, 64, 1, 1, 28, 1568, 1000, 956, 11990, 11990, 11990
  result is correct!
! 56, isa, 64, 1, 1, 32, 1792, 1000, 950, 15490, 15490, 15490
  result is correct!
! 56, isa, 64, 1, 1, 36, 2016, 1000, 939, 19438, 19438, 19438
  result is correct!
! 56, isa, 64, 1, 1, 40, 2240, 1000, 921, 23834, 23834, 23834
  result is correct!
! 56, isa, 64, 1, 1, 44, 2464, 1000, 904, 28678, 28678, 28678
  result is correct!
! 56, isa, 64, 1, 1, 48, 2688, 1000, 884, 33970, 33970, 33970
  result is correct!
! 56, isa, 64, 1, 1, 52, 2912, 1000, 863, 39710, 39710, 39710
  result is correct!
! 56, isa, 64, 1, 1, 56, 3136, 1000, 851, 45898, 45898, 45898
  result is correct!
! 56, isa, 64, 1, 1, 60, 3360, 1000, 827, 52534, 52534, 52534
  result is correct!
! 56, isa, 64, 1, 1, 64, 3584, 1000, 795, 59618, 59618, 59618
  result is correct!
! 56, isa, 64, 1, 1, 68, 3808, 1000, 781, 67150, 67150, 67150
  result is correct!
! 56, isa, 64, 1, 1, 72, 4032, 1000, 755, 75130, 75130, 75130
  result is correct!
