>>>>
====
REPO_HOME         := auto-generated-text
RISCV             := auto-generated-text
MPISE_DESTRUCTIVE := 1
MPISE_STATELESS   := 1
----
ARCH              := rv64
TYPE              := isa
RADIX             := 52
PLATFORM          := cva6-fpga
VERSION           := simple
<<<<
bbl loader
! 52, isa, 64, 1, 1, 8, 416, 1000, 996, 1210, 1210, 1210
  result is correct!
! 52, isa, 64, 1, 1, 12, 624, 1000, 993, 2470, 2470, 2470
  result is correct!
! 52, isa, 64, 1, 1, 16, 832, 1000, 990, 4178, 4178, 4178
  result is correct!
! 52, isa, 64, 1, 1, 20, 1040, 1000, 984, 6334, 6334, 6334
  result is correct!
! 52, isa, 64, 1, 1, 24, 1248, 1000, 976, 8938, 8938, 8938
  result is correct!
! 52, isa, 64, 1, 1, 28, 1456, 1000, 969, 11990, 11990, 11990
  result is correct!
! 52, isa, 64, 1, 1, 32, 1664, 1000, 964, 15490, 15490, 15490
  result is correct!
! 52, isa, 64, 1, 1, 36, 1872, 1000, 957, 19438, 19438, 19438
  result is correct!
! 52, isa, 64, 1, 1, 40, 2080, 1000, 944, 23834, 23834, 23834
  result is correct!
! 52, isa, 64, 1, 1, 44, 2288, 1000, 932, 28678, 28678, 28678
  result is correct!
! 52, isa, 64, 1, 1, 48, 2496, 1000, 917, 33970, 33970, 33970
  result is correct!
! 52, isa, 64, 1, 1, 52, 2704, 1000, 911, 39710, 39710, 39710
  result is correct!
! 52, isa, 64, 1, 1, 56, 2912, 1000, 896, 45898, 45898, 45898
  result is correct!
! 52, isa, 64, 1, 1, 60, 3120, 1000, 875, 52534, 52534, 52534
  result is correct!
! 52, isa, 64, 1, 1, 64, 3328, 1000, 865, 59618, 59618, 59618
  result is correct!
! 52, isa, 64, 1, 1, 68, 3536, 1000, 839, 67150, 67150, 67150
  result is correct!
! 52, isa, 64, 1, 1, 72, 3744, 1000, 831, 75130, 75130, 75130
  result is correct!
