>>>>
====
REPO_HOME         := auto-generated-text
RISCV             := auto-generated-text
MPISE_DESTRUCTIVE := 1
MPISE_STATELESS   := 1
----
ARCH              := rv64
TYPE              := ise
RADIX             := 52
PLATFORM          := cva6-fpga
VERSION           := hybrid
<<<<
bbl loader
! 52, ise, 64, 1, 1, 8, 416, 1000, 987, 502, 502, 502
  result is correct!
! 52, ise, 64, 1, 1, 12, 624, 1000, 984, 868, 868, 868
  result is correct!
! 52, ise, 64, 1, 1, 16, 832, 1000, 981, 1328, 1328, 1328
  result is correct!
! 52, ise, 64, 1, 1, 20, 1040, 1000, 978, 1865, 1865, 1865
  result is correct!
! 52, ise, 64, 1, 1, 24, 1248, 1000, 974, 2503, 2503, 2503
  result is correct!
! 52, ise, 64, 1, 1, 28, 1456, 1000, 969, 3237, 3237, 3237
  result is correct!
! 52, ise, 64, 1, 1, 32, 1664, 1000, 963, 4067, 4067, 4067
  result is correct!
! 52, ise, 64, 1, 1, 36, 1872, 1000, 957, 4993, 4993, 4993
  result is correct!
! 52, ise, 64, 1, 1, 40, 2080, 1000, 953, 6015, 6015, 6015
  result is correct!
! 52, ise, 64, 1, 1, 44, 2288, 1000, 944, 7133, 7133, 7133
  result is correct!
! 52, ise, 64, 1, 1, 48, 2496, 1000, 939, 8347, 8347, 8347
  result is correct!
! 52, ise, 64, 1, 1, 52, 2704, 1000, 928, 9657, 9657, 9657
  result is correct!
! 52, ise, 64, 1, 1, 56, 2912, 1000, 917, 11063, 11063, 11063
  result is correct!
! 52, ise, 64, 1, 1, 60, 3120, 1000, 912, 12565, 12565, 12565
  result is correct!
! 52, ise, 64, 1, 1, 64, 3328, 1000, 898, 14163, 14163, 14163
  result is correct!
! 52, ise, 64, 1, 1, 68, 3536, 1000, 892, 15857, 15857, 15857
  result is correct!
! 52, ise, 64, 1, 1, 72, 3744, 1000, 882, 17647, 17647, 17647
  result is correct!
