>>>>
====
REPO_HOME         := auto-generated-text
RISCV             := auto-generated-text
MPISE_DESTRUCTIVE := 1
MPISE_STATELESS   := 1
----
ARCH              := rv64
TYPE              := ise
RADIX             := 50
PLATFORM          := cva6-fpga
VERSION           := simple
<<<<
bbl loader
! 50, ise, 64, 1, 1, 8, 400, 1000, 997, 1006, 1006, 1006
  result is correct!
! 50, ise, 64, 1, 1, 12, 600, 1000, 994, 2018, 2018, 2018
  result is correct!
! 50, ise, 64, 1, 1, 16, 800, 1000, 989, 3382, 3382, 3382
  result is correct!
! 50, ise, 64, 1, 1, 20, 1000, 1000, 985, 5098, 5098, 5098
  result is correct!
! 50, ise, 64, 1, 1, 24, 1200, 1000, 977, 7166, 7166, 7166
  result is correct!
! 50, ise, 64, 1, 1, 28, 1400, 1000, 961, 9586, 9586, 9586
  result is correct!
! 50, ise, 64, 1, 1, 32, 1600, 1000, 961, 12358, 12358, 12358
  result is correct!
! 50, ise, 64, 1, 1, 36, 1800, 1000, 947, 15482, 15482, 15482
  result is correct!
! 50, ise, 64, 1, 1, 40, 2000, 1000, 936, 18958, 18958, 18958
  result is correct!
! 50, ise, 64, 1, 1, 44, 2200, 1000, 921, 22786, 22786, 22786
  result is correct!
! 50, ise, 64, 1, 1, 48, 2400, 1000, 913, 26966, 26966, 26966
  result is correct!
! 50, ise, 64, 1, 1, 52, 2600, 1000, 894, 31498, 31498, 31498
  result is correct!
! 50, ise, 64, 1, 1, 56, 2800, 1000, 884, 36382, 36382, 36382
  result is correct!
! 50, ise, 64, 1, 1, 60, 3000, 1000, 864, 41618, 41618, 41618
  result is correct!
! 50, ise, 64, 1, 1, 64, 3200, 1000, 852, 47206, 47206, 47206
  result is correct!
! 50, ise, 64, 1, 1, 68, 3400, 1000, 829, 53146, 53146, 53146
  result is correct!
! 50, ise, 64, 1, 1, 72, 3600, 1000, 805, 59438, 59438, 59438
  result is correct!
