>>>>
====
REPO_HOME         := auto-generated-text
RISCV             := auto-generated-text
MPISE_DESTRUCTIVE := 1
MPISE_STATELESS   := 1
----
ARCH              := rv64
TYPE              := ise
RADIX             := 56
PLATFORM          := cva6-fpga
VERSION           := simple
<<<<
bbl loader
! 56, ise, 64, 1, 1, 8, 448, 1000, 996, 1006, 1006, 1006
  result is correct!
! 56, ise, 64, 1, 1, 12, 672, 1000, 989, 2018, 2018, 2018
  result is correct!
! 56, ise, 64, 1, 1, 16, 896, 1000, 987, 3382, 3382, 3382
  result is correct!
! 56, ise, 64, 1, 1, 20, 1120, 1000, 983, 5098, 5098, 5098
  result is correct!
! 56, ise, 64, 1, 1, 24, 1344, 1000, 976, 7166, 7166, 7166
  result is correct!
! 56, ise, 64, 1, 1, 28, 1568, 1000, 964, 9586, 9586, 9586
  result is correct!
! 56, ise, 64, 1, 1, 32, 1792, 1000, 961, 12358, 12358, 12358
  result is correct!
! 56, ise, 64, 1, 1, 36, 2016, 1000, 952, 15482, 15482, 15482
  result is correct!
! 56, ise, 64, 1, 1, 40, 2240, 1000, 940, 18958, 18958, 18958
  result is correct!
! 56, ise, 64, 1, 1, 44, 2464, 1000, 926, 22786, 22786, 22786
  result is correct!
! 56, ise, 64, 1, 1, 48, 2688, 1000, 913, 26966, 26966, 26966
  result is correct!
! 56, ise, 64, 1, 1, 52, 2912, 1000, 896, 31498, 31498, 31498
  result is correct!
! 56, ise, 64, 1, 1, 56, 3136, 1000, 887, 36382, 36382, 36382
  result is correct!
! 56, ise, 64, 1, 1, 60, 3360, 1000, 865, 41618, 41618, 41618
  result is correct!
! 56, ise, 64, 1, 1, 64, 3584, 1000, 844, 47206, 47206, 47206
  result is correct!
! 56, ise, 64, 1, 1, 68, 3808, 1000, 823, 53146, 53146, 53146
  result is correct!
! 56, ise, 64, 1, 1, 72, 4032, 1000, 807, 59438, 59438, 59438
  result is correct!
