>>>>
====
REPO_HOME         := auto-generated-text
RISCV             := auto-generated-text
MPISE_DESTRUCTIVE := 1
MPISE_STATELESS   := 1
----
ARCH              := rv64
TYPE              := isa
RADIX             := 51
PLATFORM          := cva6-fpga
VERSION           := hybrid
<<<<
bbl loader
! 51, isa, 64, 1, 1, 8, 408, 1000, 971, 854, 854, 854
  result is correct!
! 51, isa, 64, 1, 1, 12, 612, 1000, 977, 1641, 1641, 1641
  result is correct!
! 51, isa, 64, 1, 1, 16, 816, 1000, 972, 2682, 2682, 2682
  result is correct!
! 51, isa, 64, 1, 1, 20, 1020, 1000, 962, 3956, 3956, 3956
  result is correct!
! 51, isa, 64, 1, 1, 24, 1224, 1000, 951, 5489, 5489, 5489
  result is correct!
! 51, isa, 64, 1, 1, 28, 1428, 1000, 942, 7276, 7276, 7276
  result is correct!
! 51, isa, 64, 1, 1, 32, 1632, 1000, 932, 9317, 9317, 9317
  result is correct!
! 51, isa, 64, 1, 1, 36, 1836, 1000, 912, 11612, 11612, 11612
  result is correct!
! 51, isa, 64, 1, 1, 40, 2040, 1000, 903, 14161, 14161, 14161
  result is correct!
! 51, isa, 64, 1, 1, 44, 2244, 1000, 883, 16964, 16964, 16964
  result is correct!
! 51, isa, 64, 1, 1, 48, 2448, 1000, 861, 20021, 20021, 20021
  result is correct!
! 51, isa, 64, 1, 1, 52, 2652, 1000, 842, 23332, 23332, 23332
  result is correct!
! 51, isa, 64, 1, 1, 56, 2856, 1000, 816, 26897, 26897, 26897
  result is correct!
! 51, isa, 64, 1, 1, 60, 3060, 1000, 796, 30716, 30716, 30716
  result is correct!
! 51, isa, 64, 1, 1, 64, 3264, 1000, 770, 34789, 34789, 34789
  result is correct!
! 51, isa, 64, 1, 1, 68, 3468, 1000, 743, 39116, 39116, 39116
  result is correct!
! 51, isa, 64, 1, 1, 72, 3672, 1000, 709, 43697, 43697, 43697
  result is correct!
