>>>>
====
REPO_HOME         := auto-generated-text
RISCV             := auto-generated-text
MPISE_DESTRUCTIVE := 1
MPISE_STATELESS   := 0
----
ARCH              := rv64
TYPE              := isa
RADIX             := 50
PLATFORM          := cva6-fpga
VERSION           := simple
<<<<
bbl loader
! 50, isa, 64, 1, 0, 8, 400, 10, 9, 809, 809, 809
  result is correct!
! 50, isa, 64, 1, 0, 12, 600, 10, 8, 1596, 1601, 1596
  result is correct!
! 50, isa, 64, 1, 0, 16, 800, 10, 8, 2640, 2640, 2640
  result is correct!
! 50, isa, 64, 1, 0, 20, 1000, 10, 8, 3914, 3919, 3914
  result is correct!
! 50, isa, 64, 1, 0, 24, 1200, 10, 7, 5447, 5483, 5452
  result is correct!
! 50, isa, 64, 1, 0, 28, 1400, 10, 6, 7234, 7239, 7234
  result is correct!
! 50, isa, 64, 1, 0, 32, 1600, 10, 4, 9275, 9316, 9285
  result is correct!
! 50, isa, 64, 1, 0, 36, 1800, 10, 2, 11570, 11570, 11570
  result is correct!
! 50, isa, 64, 1, 0, 40, 2000, 10, 3, 14158, 14163, 14159
  result is correct!
! 50, isa, 64, 1, 0, 44, 2200, 10, 2, 16958, 16958, 16958
  result is correct!
! 50, isa, 64, 1, 0, 48, 2400, 10, 3, 20137, 20137, 20137
  result is correct!
! 50, isa, 64, 1, 0, 52, 2600, 10, 2, 23779, 23779, 23779
  result is correct!
! 50, isa, 64, 1, 0, 56, 2800, 10, 1, 27427, 27427, 27427
  result is correct!
! 50, isa, 64, 1, 0, 60, 3000, 10, 3, 31285, 31285, 31285
  result is correct!
! 50, isa, 64, 1, 0, 64, 3200, 10, 6, 35358, 35363, 35359
  result is correct!
! 50, isa, 64, 1, 0, 68, 3400, 10, 4, 39686, 39690, 39687
  result is correct!
! 50, isa, 64, 1, 0, 72, 3600, 10, 5, 44348, 44388, 44378
  result is correct!
