>>>>
====
REPO_HOME         := auto-generated-text
RISCV             := auto-generated-text
MPISE_DESTRUCTIVE := 1
MPISE_STATELESS   := 0
----
ARCH              := rv64
TYPE              := isa
RADIX             := 55
PLATFORM          := cva6-fpga
VERSION           := simple
<<<<
bbl loader
! 55, isa, 64, 1, 0, 8, 440, 10, 9, 809, 809, 809
  result is correct!
! 55, isa, 64, 1, 0, 12, 660, 10, 8, 1596, 1601, 1596
  result is correct!
! 55, isa, 64, 1, 0, 16, 880, 10, 8, 2640, 2640, 2640
  result is correct!
! 55, isa, 64, 1, 0, 20, 1100, 10, 8, 3914, 3919, 3914
  result is correct!
! 55, isa, 64, 1, 0, 24, 1320, 10, 7, 5447, 5483, 5452
  result is correct!
! 55, isa, 64, 1, 0, 28, 1540, 10, 6, 7234, 7239, 7234
  result is correct!
! 55, isa, 64, 1, 0, 32, 1760, 10, 4, 9275, 9316, 9285
  result is correct!
! 55, isa, 64, 1, 0, 36, 1980, 10, 2, 11570, 11570, 11570
  result is correct!
! 55, isa, 64, 1, 0, 40, 2200, 10, 3, 14158, 14163, 14159
  result is correct!
! 55, isa, 64, 1, 0, 44, 2420, 10, 2, 16958, 16958, 16958
  result is correct!
! 55, isa, 64, 1, 0, 48, 2640, 10, 3, 20137, 20137, 20137
  result is correct!
! 55, isa, 64, 1, 0, 52, 2860, 10, 2, 23779, 23779, 23779
  result is correct!
! 55, isa, 64, 1, 0, 56, 3080, 10, 1, 27427, 27427, 27427
  result is correct!
! 55, isa, 64, 1, 0, 60, 3300, 10, 3, 31285, 31285, 31285
  result is correct!
! 55, isa, 64, 1, 0, 64, 3520, 10, 6, 35358, 35363, 35359
  result is correct!
! 55, isa, 64, 1, 0, 68, 3740, 10, 4, 39686, 39690, 39687
  result is correct!
! 55, isa, 64, 1, 0, 72, 3960, 10, 5, 44348, 44388, 44378
  result is correct!
