>>>>
====
REPO_HOME         := auto-generated-text
RISCV             := auto-generated-text
MPISE_DESTRUCTIVE := 1
MPISE_STATELESS   := 0
----
ARCH              := rv64
TYPE              := isa
RADIX             := 57
PLATFORM          := cva6-fpga
VERSION           := hybrid
<<<<
bbl loader
! 57, isa, 64, 1, 0, 8, 456, 10, 9, 809, 809, 809
  result is correct!
! 57, isa, 64, 1, 0, 12, 684, 10, 8, 1596, 1601, 1596
  result is correct!
! 57, isa, 64, 1, 0, 16, 912, 10, 8, 2640, 2640, 2640
  result is correct!
! 57, isa, 64, 1, 0, 20, 1140, 10, 8, 3914, 3919, 3914
  result is correct!
! 57, isa, 64, 1, 0, 24, 1368, 10, 7, 5447, 5483, 5452
  result is correct!
! 57, isa, 64, 1, 0, 28, 1596, 10, 6, 7234, 7239, 7234
  result is correct!
! 57, isa, 64, 1, 0, 32, 1824, 10, 4, 9275, 9316, 9285
  result is correct!
! 57, isa, 64, 1, 0, 36, 2052, 10, 2, 11570, 11570, 11570
  result is correct!
! 57, isa, 64, 1, 0, 40, 2280, 10, 3, 14158, 14163, 14159
  result is correct!
! 57, isa, 64, 1, 0, 44, 2508, 10, 2, 16958, 16958, 16958
  result is correct!
! 57, isa, 64, 1, 0, 48, 2736, 10, 3, 20137, 20137, 20137
  result is correct!
! 57, isa, 64, 1, 0, 52, 2964, 10, 2, 23779, 23779, 23779
  result is correct!
! 57, isa, 64, 1, 0, 56, 3192, 10, 1, 27427, 27427, 27427
  result is correct!
! 57, isa, 64, 1, 0, 60, 3420, 10, 3, 31285, 31285, 31285
  result is correct!
! 57, isa, 64, 1, 0, 64, 3648, 10, 6, 35358, 35363, 35359
  result is correct!
! 57, isa, 64, 1, 0, 68, 3876, 10, 4, 39686, 39690, 39687
  result is correct!
! 57, isa, 64, 1, 0, 72, 4104, 10, 5, 44348, 44388, 44378
  result is correct!
