>>>>
====
REPO_HOME         := auto-generated-text
RISCV             := auto-generated-text
MPISE_DESTRUCTIVE := 1
MPISE_STATELESS   := 0
----
ARCH              := rv64
TYPE              := ise
RADIX             := 57
PLATFORM          := cva6-fpga
VERSION           := simple
<<<<
bbl loader
! 57, ise, 64, 1, 0, 8, 456, 10, 9, 444, 444, 444
  result is correct!
! 57, ise, 64, 1, 0, 12, 684, 10, 9, 816, 816, 816
  result is correct!
! 57, ise, 64, 1, 0, 16, 912, 10, 9, 1276, 1276, 1276
  result is correct!
! 57, ise, 64, 1, 0, 20, 1140, 10, 8, 1813, 1819, 1813
  result is correct!
! 57, ise, 64, 1, 0, 24, 1368, 10, 8, 2451, 2457, 2451
  result is correct!
! 57, ise, 64, 1, 0, 28, 1596, 10, 7, 3185, 3185, 3185
  result is correct!
! 57, ise, 64, 1, 0, 32, 1824, 10, 8, 4015, 4021, 4015
  result is correct!
! 57, ise, 64, 1, 0, 36, 2052, 10, 6, 4941, 4947, 4942
  result is correct!
! 57, ise, 64, 1, 0, 40, 2280, 10, 6, 5966, 5966, 5966
  result is correct!
! 57, ise, 64, 1, 0, 44, 2508, 10, 6, 7081, 7087, 7082
  result is correct!
! 57, ise, 64, 1, 0, 48, 2736, 10, 5, 8295, 8336, 8303
  result is correct!
! 57, ise, 64, 1, 0, 52, 2964, 10, 3, 9605, 9605, 9605
  result is correct!
! 57, ise, 64, 1, 0, 56, 3192, 10, 3, 11011, 11052, 11024
  result is correct!
! 57, ise, 64, 1, 0, 60, 3420, 10, 4, 12513, 12560, 12545
  result is correct!
! 57, ise, 64, 1, 0, 64, 3648, 10, 2, 14152, 14152, 14152
  result is correct!
! 57, ise, 64, 1, 0, 68, 3876, 10, 5, 15852, 15947, 15928
  result is correct!
! 57, ise, 64, 1, 0, 72, 4104, 10, 5, 17636, 17827, 17736
  result is correct!
