>>>>
====
REPO_HOME         := auto-generated-text
RISCV             := auto-generated-text
MPISE_DESTRUCTIVE := 1
MPISE_STATELESS   := 0
----
ARCH              := rv64
TYPE              := isa
RADIX             := 61
PLATFORM          := cva6-fpga
VERSION           := simple
<<<<
bbl loader
! 61, isa, 64, 1, 0, 8, 488, 10, 8, 811, 811, 811
  result is correct!
! 61, isa, 64, 1, 0, 12, 732, 10, 8, 1597, 1600, 1597
  result is correct!
! 61, isa, 64, 1, 0, 16, 976, 10, 8, 2637, 2637, 2637
  result is correct!
! 61, isa, 64, 1, 0, 20, 1220, 10, 8, 3916, 3919, 3916
  result is correct!
! 61, isa, 64, 1, 0, 24, 1464, 10, 7, 5449, 5483, 5453
  result is correct!
! 61, isa, 64, 1, 0, 28, 1708, 10, 6, 7236, 7239, 7236
  result is correct!
! 61, isa, 64, 1, 0, 32, 1952, 10, 4, 9277, 9316, 9286
  result is correct!
! 61, isa, 64, 1, 0, 36, 2196, 10, 2, 11572, 11572, 11572
  result is correct!
! 61, isa, 64, 1, 0, 40, 2440, 10, 3, 14158, 14163, 14159
  result is correct!
! 61, isa, 64, 1, 0, 44, 2684, 10, 2, 16958, 16958, 16958
  result is correct!
! 61, isa, 64, 1, 0, 48, 2928, 10, 3, 20137, 20137, 20137
  result is correct!
! 61, isa, 64, 1, 0, 52, 3172, 10, 2, 23778, 23778, 23778
  result is correct!
! 61, isa, 64, 1, 0, 56, 3416, 10, 1, 27421, 27421, 27421
  result is correct!
! 61, isa, 64, 1, 0, 60, 3660, 10, 3, 31282, 31283, 31282
  result is correct!
! 61, isa, 64, 1, 0, 64, 3904, 10, 6, 35355, 35361, 35357
  result is correct!
