=============================================================
test_nop - nop_routine
=============================================================

-------------------- Cycles --------------------

! @  13 13 13 13 13 13 13 13 13 13

---------------- Instructions ----------------

! @  25 25 25 25 25 25 25 25 25 25

----------------------------------------------

=============================================================
test_gfp_arith - gfp add
=============================================================

-------------------- Cycles --------------------

! @  93 101 93 93 93 93 93 93 93 93

---------------- Instructions ----------------

! @  93 93 93 93 93 93 93 93 93 93

----------------------------------------------

=============================================================
test_gfp_arith - gfp sub
=============================================================

-------------------- Cycles --------------------

! @  111 109 109 109 109 109 109 109 109 109

---------------- Instructions ----------------

! @  113 113 113 113 113 113 113 113 113 113

----------------------------------------------

=============================================================
test_gfp_arith - gfp mul
=============================================================

-------------------- Cycles --------------------

! @  494 492 492 492 492 492 492 492 492 492

---------------- Instructions ----------------

! @  417 417 417 417 417 417 417 417 417 417

----------------------------------------------

=============================================================
test_gfp_arith - gfp mul32
=============================================================

-------------------- Cycles --------------------

! @  97 98 98 98 98 98 98 98 98 98

---------------- Instructions ----------------

! @  93 93 93 93 93 93 93 93 93 93

----------------------------------------------

=============================================================
test_gfp_arith - gfp sqr
=============================================================

-------------------- Cycles --------------------

! @  396 395 395 395 395 395 395 395 395 395

---------------- Instructions ----------------

! @  342 342 342 342 342 342 342 342 342 342

----------------------------------------------

=============================================================
test_gfp_arith - gfp inv
=============================================================

-------------------- Cycles --------------------

! @  104956 105420 104959 105433 104955 105425 104954 105628 104951 105643

---------------- Instructions ----------------

! @  85624 85624 85624 85624 85624 85624 85624 85624 85624 85624

----------------------------------------------

=============================================================
test_curve_arith - mon_ladder_step
=============================================================

-------------------- Cycles --------------------

! @  4751 4750 4750 5134 5241 4750 4750 4750 4750 4750

---------------- Instructions ----------------

! @  3992 3992 3992 3992 3992 3992 3992 3992 3992 3992

----------------------------------------------

=============================================================
test_mon_varbase_mul - mon_varbase_mul
=============================================================

-------------------- Cycles --------------------

! @  1396513 1397321 1396559 1397265 1396661 1397268 1396386 1397331 1396355 1397224

---------------- Instructions ----------------

! @  1134145 1134145 1134145 1134145 1134145 1134145 1134145 1134145 1134145 1134145

----------------------------------------------
