>>>>
====
REPO_HOME         := auto-generated-text
RISCV             := auto-generated-text
MPISE_DESTRUCTIVE := 1
MPISE_STATELESS   := 0
----
ARCH              := rv64
TYPE              := ise
RADIX             := 58
PLATFORM          := cva6-fpga
VERSION           := simple
<<<<
bbl loader
! 58, ise, 64, 1, 0, 8, 464, 10, 9, 1006, 1006, 1006
  result is correct!
! 58, ise, 64, 1, 0, 12, 696, 10, 7, 2018, 2018, 2018
  result is correct!
! 58, ise, 64, 1, 0, 16, 928, 10, 7, 3382, 3382, 3382
  result is correct!
! 58, ise, 64, 1, 0, 20, 1160, 10, 5, 5098, 5098, 5098
  result is correct!
! 58, ise, 64, 1, 0, 24, 1392, 10, 5, 7166, 7166, 7166
  result is correct!
! 58, ise, 64, 1, 0, 28, 1624, 10, 7, 9586, 9596, 9589
  result is correct!
! 58, ise, 64, 1, 0, 32, 1856, 10, 6, 12358, 12382, 12368
  result is correct!
! 58, ise, 64, 1, 0, 36, 2088, 10, 5, 15486, 15506, 15490
  result is correct!
! 58, ise, 64, 1, 0, 40, 2320, 10, 4, 18962, 18976, 18972
  result is correct!
! 58, ise, 64, 1, 0, 44, 2552, 10, 2, 23093, 23094, 23093
  result is correct!
! 58, ise, 64, 1, 0, 48, 2784, 10, 1, 27285, 27285, 27285
  result is correct!
! 58, ise, 64, 1, 0, 52, 3016, 10, 4, 31820, 31821, 31820
  result is correct!
! 58, ise, 64, 1, 0, 56, 3248, 10, 6, 36705, 36711, 36706
  result is correct!
! 58, ise, 64, 1, 0, 60, 3480, 10, 6, 41938, 41957, 41946
  result is correct!
! 58, ise, 64, 1, 0, 64, 3712, 10, 4, 47528, 47543, 47535
  result is correct!
