>>>>
====
REPO_HOME         := auto-generated-text
RISCV             := auto-generated-text
MPISE_DESTRUCTIVE := 1
MPISE_STATELESS   := 0
----
ARCH              := rv64
TYPE              := ise
RADIX             := 59
PLATFORM          := cva6-fpga
VERSION           := simple
<<<<
bbl loader
! 59, ise, 64, 1, 0, 8, 472, 10, 9, 1006, 1006, 1006
  result is correct!
! 59, ise, 64, 1, 0, 12, 708, 10, 7, 2018, 2018, 2018
  result is correct!
! 59, ise, 64, 1, 0, 16, 944, 10, 7, 3382, 3382, 3382
  result is correct!
! 59, ise, 64, 1, 0, 20, 1180, 10, 5, 5098, 5098, 5098
  result is correct!
! 59, ise, 64, 1, 0, 24, 1416, 10, 5, 7166, 7166, 7166
  result is correct!
! 59, ise, 64, 1, 0, 28, 1652, 10, 7, 9586, 9596, 9589
  result is correct!
! 59, ise, 64, 1, 0, 32, 1888, 10, 6, 12358, 12382, 12368
  result is correct!
