>>>>
====
REPO_HOME         := auto-generated-text
RISCV             := auto-generated-text
MPISE_DESTRUCTIVE := 1
MPISE_STATELESS   := 0
----
ARCH              := rv64
TYPE              := ise
RADIX             := 50
PLATFORM          := cva6-fpga
VERSION           := simple
<<<<
bbl loader
! 50, ise, 64, 1, 0, 8, 400, 10, 9, 1006, 1006, 1006
  result is correct!
! 50, ise, 64, 1, 0, 12, 600, 10, 7, 2019, 2019, 2019
  result is correct!
! 50, ise, 64, 1, 0, 16, 800, 10, 7, 3383, 3383, 3383
  result is correct!
! 50, ise, 64, 1, 0, 20, 1000, 10, 5, 5099, 5099, 5099
  result is correct!
! 50, ise, 64, 1, 0, 24, 1200, 10, 5, 7167, 7167, 7167
  result is correct!
! 50, ise, 64, 1, 0, 28, 1400, 10, 7, 9587, 9598, 9590
  result is correct!
! 50, ise, 64, 1, 0, 32, 1600, 10, 6, 12359, 12384, 12370
  result is correct!
! 50, ise, 64, 1, 0, 36, 1800, 10, 5, 15488, 15508, 15492
  result is correct!
! 50, ise, 64, 1, 0, 40, 2000, 10, 4, 18964, 18978, 18974
  result is correct!
! 50, ise, 64, 1, 0, 44, 2200, 10, 2, 23093, 23095, 23094
  result is correct!
! 50, ise, 64, 1, 0, 48, 2400, 10, 2, 27287, 27287, 27287
  result is correct!
! 50, ise, 64, 1, 0, 52, 2600, 10, 2, 31819, 31819, 31819
  result is correct!
! 50, ise, 64, 1, 0, 56, 2800, 10, 6, 36703, 36710, 36707
  result is correct!
! 50, ise, 64, 1, 0, 60, 3000, 10, 6, 41942, 41958, 41948
  result is correct!
! 50, ise, 64, 1, 0, 64, 3200, 10, 4, 47531, 47546, 47537
  result is correct!
! 50, ise, 64, 1, 0, 68, 3400, 10, 1, 53767, 53767, 53767
  result is correct!
! 50, ise, 64, 1, 0, 72, 3600, 10, 1, 60061, 60061, 60061
  result is correct!
