>>>>
====
REPO_HOME         := auto-generated-text
RISCV             := auto-generated-text
MPISE_DESTRUCTIVE := 1
MPISE_STATELESS   := 0
----
ARCH              := rv64
TYPE              := ise
RADIX             := 64
PLATFORM          := cva6-fpga
VERSION           := simple
<<<<
bbl loader
! 64, ise, 64, 1, 0, 8, 512, 10, 9, 1122, 1122, 1122
  result is correct!
! 64, ise, 64, 1, 0, 12, 768, 10, 8, 2290, 2294, 2290
  result is correct!
! 64, ise, 64, 1, 0, 16, 1024, 10, 9, 3874, 3878, 3874
  result is correct!
! 64, ise, 64, 1, 0, 20, 1280, 10, 8, 5874, 5878, 5875
  result is correct!
! 64, ise, 64, 1, 0, 24, 1536, 10, 7, 8290, 8309, 8296
  result is correct!
! 64, ise, 64, 1, 0, 28, 1792, 10, 6, 11122, 11141, 11132
  result is correct!
! 64, ise, 64, 1, 0, 32, 2048, 10, 5, 14374, 14389, 14377
  result is correct!
! 64, ise, 64, 1, 0, 36, 2304, 10, 4, 18038, 18058, 18046
  result is correct!
! 64, ise, 64, 1, 0, 40, 2560, 10, 3, 22133, 22133, 22133
  result is correct!
! 64, ise, 64, 1, 0, 44, 2816, 10, 2, 26922, 26923, 26922
  result is correct!
! 64, ise, 64, 1, 0, 48, 3072, 10, 6, 31837, 31838, 31837
  result is correct!
! 64, ise, 64, 1, 0, 52, 3328, 10, 5, 37165, 37167, 37166
  result is correct!
! 64, ise, 64, 1, 0, 56, 3584, 10, 6, 42906, 42930, 42919
  result is correct!
! 64, ise, 64, 1, 0, 60, 3840, 10, 4, 49070, 49085, 49077
  result is correct!
! 64, ise, 64, 1, 0, 64, 4096, 10, 1, 55941, 55941, 55941
  result is correct!
