>>>>
====
REPO_HOME         := auto-generated-text
RISCV             := auto-generated-text
MPISE_DESTRUCTIVE := 1
MPISE_STATELESS   := 0
----
ARCH              := rv64
TYPE              := ise
RADIX             := 60
PLATFORM          := cva6-fpga
VERSION           := simple
<<<<
bbl loader
! 60, ise, 64, 1, 0, 8, 480, 10, 9, 1006, 1006, 1006
  result is correct!
! 60, ise, 64, 1, 0, 12, 720, 10, 9, 2018, 2021, 2018
  result is correct!
! 60, ise, 64, 1, 0, 16, 960, 10, 9, 3382, 3385, 3382
  result is correct!
