>>>>
====
REPO_HOME         := auto-generated-text
RISCV             := auto-generated-text
MPISE_DESTRUCTIVE := 1
MPISE_STATELESS   := 0
----
ARCH              := rv64
TYPE              := ise
RADIX             := 56
PLATFORM          := cva6-fpga
VERSION           := simple
<<<<
bbl loader
! 56, ise, 64, 1, 0, 8, 448, 10, 9, 1006, 1006, 1006
  result is correct!
! 56, ise, 64, 1, 0, 12, 672, 10, 7, 2019, 2019, 2019
  result is correct!
! 56, ise, 64, 1, 0, 16, 896, 10, 7, 3383, 3383, 3383
  result is correct!
! 56, ise, 64, 1, 0, 20, 1120, 10, 5, 5099, 5099, 5099
  result is correct!
! 56, ise, 64, 1, 0, 24, 1344, 10, 5, 7167, 7167, 7167
  result is correct!
! 56, ise, 64, 1, 0, 28, 1568, 10, 7, 9587, 9598, 9590
  result is correct!
! 56, ise, 64, 1, 0, 32, 1792, 10, 6, 12359, 12384, 12370
  result is correct!
! 56, ise, 64, 1, 0, 36, 2016, 10, 5, 15488, 15508, 15492
  result is correct!
! 56, ise, 64, 1, 0, 40, 2240, 10, 4, 18964, 18978, 18974
  result is correct!
! 56, ise, 64, 1, 0, 44, 2464, 10, 2, 23093, 23097, 23095
  result is correct!
! 56, ise, 64, 1, 0, 48, 2688, 10, 2, 27285, 27288, 27286
  result is correct!
! 56, ise, 64, 1, 0, 52, 2912, 10, 2, 31820, 31821, 31820
  result is correct!
! 56, ise, 64, 1, 0, 56, 3136, 10, 5, 36703, 36707, 36705
  result is correct!
! 56, ise, 64, 1, 0, 60, 3360, 10, 6, 41941, 41958, 41947
  result is correct!
! 56, ise, 64, 1, 0, 64, 3584, 10, 4, 47527, 47546, 47536
  result is correct!
! 56, ise, 64, 1, 0, 68, 3808, 10, 1, 53767, 53767, 53767
  result is correct!
! 56, ise, 64, 1, 0, 72, 4032, 10, 2, 60063, 60063, 60063
  result is correct!
