>>>>
====
REPO_HOME         := auto-generated-text
RISCV             := auto-generated-text
MPISE_DESTRUCTIVE := 1
MPISE_STATELESS   := 0
----
ARCH              := rv64
TYPE              := ise
RADIX             := 56
PLATFORM          := cva6-fpga
VERSION           := hybrid
<<<<
bbl loader
! 56, ise, 64, 1, 0, 8, 448, 10, 9, 444, 444, 444
  result is correct!
! 56, ise, 64, 1, 0, 12, 672, 10, 9, 816, 816, 816
  result is correct!
! 56, ise, 64, 1, 0, 16, 896, 10, 9, 1276, 1276, 1276
  result is correct!
! 56, ise, 64, 1, 0, 20, 1120, 10, 8, 1813, 1819, 1813
  result is correct!
! 56, ise, 64, 1, 0, 24, 1344, 10, 8, 2451, 2457, 2451
  result is correct!
! 56, ise, 64, 1, 0, 28, 1568, 10, 7, 3185, 3185, 3185
  result is correct!
