>>>>
====
REPO_HOME         := auto-generated-text
RISCV             := auto-generated-text
MPISE_DESTRUCTIVE := 1
MPISE_STATELESS   := 0
----
ARCH              := rv64
TYPE              := ise
RADIX             := 53
PLATFORM          := cva6-fpga
VERSION           := simple
<<<<
bbl loader
! 53, ise, 64, 1, 0, 8, 424, 10, 9, 1006, 1006, 1006
  result is correct!
! 53, ise, 64, 1, 0, 12, 636, 10, 7, 2019, 2019, 2019
  result is correct!
! 53, ise, 64, 1, 0, 16, 848, 10, 7, 3383, 3383, 3383
  result is correct!
! 53, ise, 64, 1, 0, 20, 1060, 10, 5, 5099, 5099, 5099
  result is correct!
! 53, ise, 64, 1, 0, 24, 1272, 10, 5, 7167, 7167, 7167
  result is correct!
! 53, ise, 64, 1, 0, 28, 1484, 10, 7, 9587, 9598, 9590
  result is correct!
! 53, ise, 64, 1, 0, 32, 1696, 10, 6, 12359, 12384, 12370
  result is correct!
! 53, ise, 64, 1, 0, 36, 1908, 10, 5, 15488, 15508, 15492
  result is correct!
! 53, ise, 64, 1, 0, 40, 2120, 10, 4, 18964, 18978, 18974
  result is correct!
! 53, ise, 64, 1, 0, 44, 2332, 10, 2, 23093, 23095, 23094
  result is correct!
! 53, ise, 64, 1, 0, 48, 2544, 10, 2, 27287, 27287, 27287
  result is correct!
! 53, ise, 64, 1, 0, 52, 2756, 10, 2, 31819, 31819, 31819
  result is correct!
! 53, ise, 64, 1, 0, 56, 2968, 10, 6, 36703, 36710, 36707
  result is correct!
! 53, ise, 64, 1, 0, 60, 3180, 10, 6, 41942, 41958, 41948
  result is correct!
! 53, ise, 64, 1, 0, 64, 3392, 10, 4, 47531, 47546, 47537
  result is correct!
! 53, ise, 64, 1, 0, 68, 3604, 10, 1, 53767, 53767, 53767
  result is correct!
! 53, ise, 64, 1, 0, 72, 3816, 10, 1, 60061, 60061, 60061
  result is correct!
