>>>>
====
REPO_HOME         := auto-generated-text
RISCV             := auto-generated-text
MPISE_DESTRUCTIVE := 1
MPISE_STATELESS   := 0
----
ARCH              := rv64
TYPE              := ise
RADIX             := 55
PLATFORM          := cva6-fpga
VERSION           := simple
<<<<
bbl loader
! 55, ise, 64, 1, 0, 8, 440, 10, 9, 1006, 1006, 1006
  result is correct!
! 55, ise, 64, 1, 0, 12, 660, 10, 7, 2019, 2019, 2019
  result is correct!
! 55, ise, 64, 1, 0, 16, 880, 10, 7, 3383, 3383, 3383
  result is correct!
! 55, ise, 64, 1, 0, 20, 1100, 10, 5, 5099, 5099, 5099
  result is correct!
! 55, ise, 64, 1, 0, 24, 1320, 10, 5, 7167, 7167, 7167
  result is correct!
! 55, ise, 64, 1, 0, 28, 1540, 10, 7, 9587, 9598, 9590
  result is correct!
! 55, ise, 64, 1, 0, 32, 1760, 10, 6, 12359, 12384, 12370
  result is correct!
! 55, ise, 64, 1, 0, 36, 1980, 10, 5, 15488, 15508, 15492
  result is correct!
! 55, ise, 64, 1, 0, 40, 2200, 10, 4, 18964, 18978, 18974
  result is correct!
! 55, ise, 64, 1, 0, 44, 2420, 10, 2, 23093, 23095, 23094
  result is correct!
! 55, ise, 64, 1, 0, 48, 2640, 10, 2, 27287, 27287, 27287
  result is correct!
! 55, ise, 64, 1, 0, 52, 2860, 10, 2, 31819, 31819, 31819
  result is correct!
! 55, ise, 64, 1, 0, 56, 3080, 10, 6, 36703, 36710, 36707
  result is correct!
! 55, ise, 64, 1, 0, 60, 3300, 10, 6, 41942, 41958, 41948
  result is correct!
! 55, ise, 64, 1, 0, 64, 3520, 10, 4, 47531, 47546, 47537
  result is correct!
! 55, ise, 64, 1, 0, 68, 3740, 10, 1, 53767, 53767, 53767
  result is correct!
! 55, ise, 64, 1, 0, 72, 3960, 10, 1, 60061, 60061, 60061
  result is correct!
