>>>>
====
REPO_HOME         := auto-generated-text
RISCV             := auto-generated-text
MPISE_DESTRUCTIVE := 1
MPISE_STATELESS   := 0
----
ARCH              := rv64
TYPE              := isa
RADIX             := 51
PLATFORM          := cva6-fpga
VERSION           := simple
<<<<
bbl loader
! 51, isa, 64, 1, 0, 8, 408, 10, 9, 1211, 1211, 1211
  result is correct!
! 51, isa, 64, 1, 0, 12, 612, 10, 8, 2471, 2476, 2471
  result is correct!
! 51, isa, 64, 1, 0, 16, 816, 10, 9, 4179, 4184, 4180
  result is correct!
! 51, isa, 64, 1, 0, 20, 1020, 10, 6, 6335, 6345, 6336
  result is correct!
! 51, isa, 64, 1, 0, 24, 1224, 10, 7, 8939, 8966, 8944
  result is correct!
! 51, isa, 64, 1, 0, 28, 1428, 10, 6, 11991, 12018, 12000
  result is correct!
! 51, isa, 64, 1, 0, 32, 1632, 10, 5, 15496, 15518, 15500
  result is correct!
! 51, isa, 64, 1, 0, 36, 1836, 10, 3, 19461, 19461, 19461
  result is correct!
! 51, isa, 64, 1, 0, 40, 2040, 10, 2, 24150, 24151, 24150
  result is correct!
! 51, isa, 64, 1, 0, 44, 2244, 10, 2, 29008, 29008, 29008
  result is correct!
! 51, isa, 64, 1, 0, 48, 2448, 10, 7, 34302, 34308, 34305
  result is correct!
! 51, isa, 64, 1, 0, 52, 2652, 10, 7, 40040, 40069, 40055
  result is correct!
! 51, isa, 64, 1, 0, 56, 2856, 10, 5, 46230, 46253, 46242
  result is correct!
! 51, isa, 64, 1, 0, 60, 3060, 10, 1, 53170, 53170, 53170
  result is correct!
! 51, isa, 64, 1, 0, 64, 3264, 10, 2, 60264, 60265, 60264
  result is correct!
! 51, isa, 64, 1, 0, 68, 3468, 10, 7, 67796, 67805, 67799
  result is correct!
! 51, isa, 64, 1, 0, 72, 3672, 10, 5, 75776, 75785, 75780
  result is correct!
