>>>>
====
REPO_HOME         := auto-generated-text
RISCV             := auto-generated-text
MPISE_DESTRUCTIVE := 0
MPISE_STATELESS   := 0
----
ARCH              := rv32
TYPE              := isa
RADIX             := 24
PLATFORM          := cva6-fpga
VERSION           := simple
<<<<
bbl loader
! 24, isa, 32, 0, 0, 8, 192, 10, 9, 828, 828, 828
  result is correct!
! 24, isa, 32, 0, 0, 12, 288, 10, 2, 1616, 1616, 1616
  result is correct!
! 24, isa, 32, 0, 0, 16, 384, 10, 8, 2652, 2660, 2655
  result is correct!
! 24, isa, 32, 0, 0, 20, 480, 10, 3, 3927, 3927, 3927
  result is correct!
! 24, isa, 32, 0, 0, 24, 576, 10, 6, 5460, 5468, 5462
  result is correct!
! 24, isa, 32, 0, 0, 28, 672, 10, 3, 7247, 7247, 7247
  result is correct!
! 24, isa, 32, 0, 0, 32, 768, 10, 4, 9288, 9325, 9299
  result is correct!
! 24, isa, 32, 0, 0, 36, 864, 10, 4, 11583, 11615, 11596
  result is correct!
! 24, isa, 32, 0, 0, 40, 960, 10, 3, 14154, 14164, 14159
  result is correct!
! 24, isa, 32, 0, 0, 44, 1056, 10, 2, 16957, 16967, 16962
  result is correct!
! 24, isa, 32, 0, 0, 48, 1152, 10, 3, 20120, 20128, 20122
  result is correct!
! 24, isa, 32, 0, 0, 52, 1248, 10, 2, 23757, 23759, 23758
  result is correct!
! 24, isa, 32, 0, 0, 56, 1344, 10, 2, 27422, 27429, 27425
  result is correct!
! 24, isa, 32, 0, 0, 60, 1440, 10, 4, 31258, 31260, 31259
  result is correct!
! 24, isa, 32, 0, 0, 64, 1536, 10, 6, 35320, 35337, 35329
  result is correct!
! 24, isa, 32, 0, 0, 68, 1632, 10, 7, 39648, 39773, 39703
  result is correct!
! 24, isa, 32, 0, 0, 72, 1728, 10, 5, 44229, 44356, 44323
  result is correct!
