>>>>
====
REPO_HOME         := auto-generated-text
RISCV             := auto-generated-text
MPISE_DESTRUCTIVE := 0
MPISE_STATELESS   := 0
----
ARCH              := rv32
TYPE              := ise
RADIX             := 32
PLATFORM          := cva6-fpga
VERSION           := simple
<<<<
bbl loader
! 32, ise, 32, 0, 0, 8, 256, 10, 9, 508, 508, 508
  result is correct!
! 32, ise, 32, 0, 0, 12, 384, 10, 7, 1038, 1038, 1038
  result is correct!
! 32, ise, 32, 0, 0, 16, 512, 10, 6, 1762, 1762, 1762
  result is correct!
! 32, ise, 32, 0, 0, 20, 640, 10, 8, 2645, 2645, 2645
  result is correct!
! 32, ise, 32, 0, 0, 24, 768, 10, 6, 3718, 3718, 3718
  result is correct!
! 32, ise, 32, 0, 0, 28, 896, 10, 6, 4977, 4983, 4978
  result is correct!
! 32, ise, 32, 0, 0, 32, 1024, 10, 5, 6422, 6427, 6423
  result is correct!
! 32, ise, 32, 0, 0, 36, 1152, 10, 7, 8053, 8139, 8079
  result is correct!
! 32, ise, 32, 0, 0, 40, 1280, 10, 4, 9870, 9876, 9871
  result is correct!
! 32, ise, 32, 0, 0, 44, 1408, 10, 2, 11877, 11878, 11877
  result is correct!
! 32, ise, 32, 0, 0, 48, 1536, 10, 5, 14086, 14143, 14131
  result is correct!
! 32, ise, 32, 0, 0, 52, 1664, 10, 2, 16461, 16461, 16461
  result is correct!
! 32, ise, 32, 0, 0, 56, 1792, 10, 4, 19017, 19084, 19064
  result is correct!
! 32, ise, 32, 0, 0, 60, 1920, 10, 3, 21826, 21831, 21829
  result is correct!
! 32, ise, 32, 0, 0, 64, 2048, 10, 1, 25060, 25060, 25060
  result is correct!
