====
REPO_HOME         := /home/gk24545/Documents/software/Github/mpise-releases/v22052025
RISCV             := /home/gk24545/Documents/software/Github/mpise-releases/v22052025/build/riscv-spike
MPISE_DESTRUCTIVE := 1
MPISE_STATELESS   := 0
----
ARCH              := rv64
TYPE              := isa
RADIX             := 56
PLATFORM          := spike
VERSION           := simple
<<<<
bbl loader
! 56, isa, 64, 1, 0, 8, 448, 971, 971, 971
  result is correct!
! 56, isa, 64, 1, 0, 12, 672, 2027, 2027, 2027
  result is correct!
! 56, isa, 64, 1, 0, 16, 896, 3467, 3467, 3467
  result is correct!
! 56, isa, 64, 1, 0, 20, 1120, 5291, 5291, 5291
  result is correct!
! 56, isa, 64, 1, 0, 24, 1344, 7499, 7499, 7499
  result is correct!
! 56, isa, 64, 1, 0, 28, 1568, 10091, 10091, 10091
  result is correct!
! 56, isa, 64, 1, 0, 32, 1792, 13067, 13067, 13067
  result is correct!
! 56, isa, 64, 1, 0, 36, 2016, 16427, 16427, 16427
  result is correct!
! 56, isa, 64, 1, 0, 40, 2240, 20171, 20171, 20171
  result is correct!
! 56, isa, 64, 1, 0, 44, 2464, 24299, 24299, 24299
  result is correct!
! 56, isa, 64, 1, 0, 48, 2688, 28811, 28811, 28811
  result is correct!
! 56, isa, 64, 1, 0, 52, 2912, 33707, 33707, 33707
  result is correct!
! 56, isa, 64, 1, 0, 56, 3136, 38987, 38987, 38987
  result is correct!
! 56, isa, 64, 1, 0, 60, 3360, 44651, 44651, 44651
  result is correct!
! 56, isa, 64, 1, 0, 64, 3584, 50699, 50699, 50699
  result is correct!
! 56, isa, 64, 1, 0, 68, 3808, 57131, 57131, 57131
  result is correct!
! 56, isa, 64, 1, 0, 72, 4032, 63947, 63947, 63947
  result is correct!
>>>>
