====
REPO_HOME         := /home/gk24545/Documents/software/Github/mpise-releases/v22052025
RISCV             := /home/gk24545/Documents/software/Github/mpise-releases/v22052025/build/riscv-spike
MPISE_DESTRUCTIVE := 1
MPISE_STATELESS   := 0
----
ARCH              := rv64
TYPE              := isa
RADIX             := 58
PLATFORM          := spike
VERSION           := hybrid
<<<<
bbl loader
! 58, isa, 64, 1, 0, 8, 464, 722, 722, 722
  result is correct!
! 58, isa, 64, 1, 0, 12, 696, 1388, 1388, 1388
  result is correct!
! 58, isa, 64, 1, 0, 16, 928, 2270, 2270, 2270
  result is correct!
! 58, isa, 64, 1, 0, 20, 1160, 3368, 3368, 3368
  result is correct!
! 58, isa, 64, 1, 0, 24, 1392, 4682, 4682, 4682
  result is correct!
! 58, isa, 64, 1, 0, 28, 1624, 6212, 6212, 6212
  result is correct!
! 58, isa, 64, 1, 0, 32, 1856, 7958, 7958, 7958
  result is correct!
! 58, isa, 64, 1, 0, 36, 2088, 9920, 9920, 9920
  result is correct!
! 58, isa, 64, 1, 0, 40, 2320, 12098, 12098, 12098
  result is correct!
! 58, isa, 64, 1, 0, 44, 2552, 14492, 14492, 14492
  result is correct!
! 58, isa, 64, 1, 0, 48, 2784, 17102, 17102, 17102
  result is correct!
! 58, isa, 64, 1, 0, 52, 3016, 19928, 19928, 19928
  result is correct!
! 58, isa, 64, 1, 0, 56, 3248, 22970, 22970, 22970
  result is correct!
! 58, isa, 64, 1, 0, 60, 3480, 26228, 26228, 26228
  result is correct!
! 58, isa, 64, 1, 0, 64, 3712, 29702, 29702, 29702
  result is correct!
! 58, isa, 64, 1, 0, 68, 3944, 33392, 33392, 33392
  result is correct!
! 58, isa, 64, 1, 0, 72, 4176, 37298, 37298, 37298
  result is correct!
>>>>
