====
REPO_HOME         := /home/gk24545/Documents/software/Github/mpise-releases/v22052025
RISCV             := /home/gk24545/Documents/software/Github/mpise-releases/v22052025/build/riscv-spike
MPISE_DESTRUCTIVE := 1
MPISE_STATELESS   := 0
----
ARCH              := rv64
TYPE              := ise
RADIX             := 50
PLATFORM          := spike
VERSION           := simple
<<<<
bbl loader
! 50, ise, 64, 1, 0, 8, 400, 701, 701, 701
  result is correct!
! 50, ise, 64, 1, 0, 12, 600, 1429, 1429, 1429
  result is correct!
! 50, ise, 64, 1, 0, 16, 800, 2413, 2413, 2413
  result is correct!
! 50, ise, 64, 1, 0, 20, 1000, 3653, 3653, 3653
  result is correct!
! 50, ise, 64, 1, 0, 24, 1200, 5149, 5149, 5149
  result is correct!
! 50, ise, 64, 1, 0, 28, 1400, 6901, 6901, 6901
  result is correct!
! 50, ise, 64, 1, 0, 32, 1600, 8909, 8909, 8909
  result is correct!
! 50, ise, 64, 1, 0, 36, 1800, 11173, 11173, 11173
  result is correct!
! 50, ise, 64, 1, 0, 40, 2000, 13693, 13693, 13693
  result is correct!
! 50, ise, 64, 1, 0, 44, 2200, 16469, 16469, 16469
  result is correct!
! 50, ise, 64, 1, 0, 48, 2400, 19501, 19501, 19501
  result is correct!
! 50, ise, 64, 1, 0, 52, 2600, 22789, 22789, 22789
  result is correct!
! 50, ise, 64, 1, 0, 56, 2800, 26333, 26333, 26333
  result is correct!
! 50, ise, 64, 1, 0, 60, 3000, 30133, 30133, 30133
  result is correct!
! 50, ise, 64, 1, 0, 64, 3200, 34189, 34189, 34189
  result is correct!
! 50, ise, 64, 1, 0, 68, 3400, 38501, 38501, 38501
  result is correct!
! 50, ise, 64, 1, 0, 72, 3600, 43069, 43069, 43069
  result is correct!
>>>>
