====
REPO_HOME         := /home/gk24545/Documents/software/Github/mpise-releases/v22052025
RISCV             := /home/gk24545/Documents/software/Github/mpise-releases/v22052025/build/riscv-spike
MPISE_DESTRUCTIVE := 1
MPISE_STATELESS   := 0
----
ARCH              := rv64
TYPE              := isa
RADIX             := 60
PLATFORM          := spike
VERSION           := simple
<<<<
bbl loader
! 60, isa, 64, 1, 0, 8, 480, 971, 971, 971
  result is correct!
! 60, isa, 64, 1, 0, 12, 720, 2027, 2027, 2027
  result is correct!
! 60, isa, 64, 1, 0, 16, 960, 3467, 3467, 3467
  result is correct!
! 60, isa, 64, 1, 0, 20, 1200, 5291, 5291, 5291
  result is correct!
! 60, isa, 64, 1, 0, 24, 1440, 7499, 7499, 7499
  result is correct!
! 60, isa, 64, 1, 0, 28, 1680, 10091, 10091, 10091
  result is correct!
! 60, isa, 64, 1, 0, 32, 1920, 13067, 13067, 13067
  result is correct!
! 60, isa, 64, 1, 0, 36, 2160, 16427, 16427, 16427
  result is correct!
! 60, isa, 64, 1, 0, 40, 2400, 20171, 20171, 20171
  result is correct!
! 60, isa, 64, 1, 0, 44, 2640, 24299, 24299, 24299
  result is correct!
! 60, isa, 64, 1, 0, 48, 2880, 28811, 28811, 28811
  result is correct!
! 60, isa, 64, 1, 0, 52, 3120, 33707, 33707, 33707
  result is correct!
! 60, isa, 64, 1, 0, 56, 3360, 38987, 38987, 38987
  result is correct!
! 60, isa, 64, 1, 0, 60, 3600, 44651, 44651, 44651
  result is correct!
! 60, isa, 64, 1, 0, 64, 3840, 50699, 50699, 50699
  result is correct!
! 60, isa, 64, 1, 0, 68, 4080, 57131, 57131, 57131
  result is correct!
! 60, isa, 64, 1, 0, 72, 4320, 63947, 63947, 63947
  result is correct!
>>>>
