====
REPO_HOME         := /home/gk24545/Documents/software/Github/mpise-releases/v22052025
RISCV             := /home/gk24545/Documents/software/Github/mpise-releases/v22052025/build/riscv-spike
MPISE_DESTRUCTIVE := 1
MPISE_STATELESS   := 0
----
ARCH              := rv64
TYPE              := isa
RADIX             := 54
PLATFORM          := spike
VERSION           := simple
<<<<
bbl loader
! 54, isa, 64, 1, 0, 8, 432, 971, 971, 971
  result is correct!
! 54, isa, 64, 1, 0, 12, 648, 2027, 2027, 2027
  result is correct!
! 54, isa, 64, 1, 0, 16, 864, 3467, 3467, 3467
  result is correct!
! 54, isa, 64, 1, 0, 20, 1080, 5291, 5291, 5291
  result is correct!
! 54, isa, 64, 1, 0, 24, 1296, 7499, 7499, 7499
  result is correct!
! 54, isa, 64, 1, 0, 28, 1512, 10091, 10091, 10091
  result is correct!
! 54, isa, 64, 1, 0, 32, 1728, 13067, 13067, 13067
  result is correct!
! 54, isa, 64, 1, 0, 36, 1944, 16427, 16427, 16427
  result is correct!
! 54, isa, 64, 1, 0, 40, 2160, 20171, 20171, 20171
  result is correct!
! 54, isa, 64, 1, 0, 44, 2376, 24299, 24299, 24299
  result is correct!
! 54, isa, 64, 1, 0, 48, 2592, 28811, 28811, 28811
  result is correct!
! 54, isa, 64, 1, 0, 52, 2808, 33707, 33707, 33707
  result is correct!
! 54, isa, 64, 1, 0, 56, 3024, 38987, 38987, 38987
  result is correct!
! 54, isa, 64, 1, 0, 60, 3240, 44651, 44651, 44651
  result is correct!
! 54, isa, 64, 1, 0, 64, 3456, 50699, 50699, 50699
  result is correct!
! 54, isa, 64, 1, 0, 68, 3672, 57131, 57131, 57131
  result is correct!
! 54, isa, 64, 1, 0, 72, 3888, 63947, 63947, 63947
  result is correct!
>>>>
