====
REPO_HOME         := /home/gk24545/Documents/software/Github/mpise-releases/v22052025
RISCV             := /home/gk24545/Documents/software/Github/mpise-releases/v22052025/build/riscv-spike
MPISE_DESTRUCTIVE := 1
MPISE_STATELESS   := 0
----
ARCH              := rv64
TYPE              := isa
RADIX             := 50
PLATFORM          := spike
VERSION           := hybrid
<<<<
bbl loader
! 50, isa, 64, 1, 0, 8, 400, 722, 722, 722
  result is correct!
! 50, isa, 64, 1, 0, 12, 600, 1388, 1388, 1388
  result is correct!
! 50, isa, 64, 1, 0, 16, 800, 2270, 2270, 2270
  result is correct!
! 50, isa, 64, 1, 0, 20, 1000, 3368, 3368, 3368
  result is correct!
! 50, isa, 64, 1, 0, 24, 1200, 4682, 4682, 4682
  result is correct!
! 50, isa, 64, 1, 0, 28, 1400, 6212, 6212, 6212
  result is correct!
! 50, isa, 64, 1, 0, 32, 1600, 7958, 7958, 7958
  result is correct!
! 50, isa, 64, 1, 0, 36, 1800, 9920, 9920, 9920
  result is correct!
! 50, isa, 64, 1, 0, 40, 2000, 12098, 12098, 12098
  result is correct!
! 50, isa, 64, 1, 0, 44, 2200, 14492, 14492, 14492
  result is correct!
! 50, isa, 64, 1, 0, 48, 2400, 17102, 17102, 17102
  result is correct!
! 50, isa, 64, 1, 0, 52, 2600, 19928, 19928, 19928
  result is correct!
! 50, isa, 64, 1, 0, 56, 2800, 22970, 22970, 22970
  result is correct!
! 50, isa, 64, 1, 0, 60, 3000, 26228, 26228, 26228
  result is correct!
! 50, isa, 64, 1, 0, 64, 3200, 29702, 29702, 29702
  result is correct!
! 50, isa, 64, 1, 0, 68, 3400, 33392, 33392, 33392
  result is correct!
! 50, isa, 64, 1, 0, 72, 3600, 37298, 37298, 37298
  result is correct!
>>>>
