====
REPO_HOME         := /home/gk24545/Documents/software/Github/mpise-releases/v22052025
RISCV             := /home/gk24545/Documents/software/Github/mpise-releases/v22052025/build/riscv-spike
MPISE_DESTRUCTIVE := 1
MPISE_STATELESS   := 0
----
ARCH              := rv64
TYPE              := ise
RADIX             := 55
PLATFORM          := spike
VERSION           := hybrid
<<<<
bbl loader
! 55, ise, 64, 1, 0, 8, 440, 417, 417, 417
  result is correct!
! 55, ise, 64, 1, 0, 12, 660, 737, 737, 737
  result is correct!
! 55, ise, 64, 1, 0, 16, 880, 1145, 1145, 1145
  result is correct!
! 55, ise, 64, 1, 0, 20, 1100, 1641, 1641, 1641
  result is correct!
! 55, ise, 64, 1, 0, 24, 1320, 2225, 2225, 2225
  result is correct!
! 55, ise, 64, 1, 0, 28, 1540, 2897, 2897, 2897
  result is correct!
! 55, ise, 64, 1, 0, 32, 1760, 3657, 3657, 3657
  result is correct!
! 55, ise, 64, 1, 0, 36, 1980, 4505, 4505, 4505
  result is correct!
! 55, ise, 64, 1, 0, 40, 2200, 5441, 5441, 5441
  result is correct!
! 55, ise, 64, 1, 0, 44, 2420, 6465, 6465, 6465
  result is correct!
! 55, ise, 64, 1, 0, 48, 2640, 7577, 7577, 7577
  result is correct!
! 55, ise, 64, 1, 0, 52, 2860, 8777, 8777, 8777
  result is correct!
! 55, ise, 64, 1, 0, 56, 3080, 10065, 10065, 10065
  result is correct!
! 55, ise, 64, 1, 0, 60, 3300, 11441, 11441, 11441
  result is correct!
! 55, ise, 64, 1, 0, 64, 3520, 12905, 12905, 12905
  result is correct!
! 55, ise, 64, 1, 0, 68, 3740, 14457, 14457, 14457
  result is correct!
! 55, ise, 64, 1, 0, 72, 3960, 16097, 16097, 16097
  result is correct!
>>>>
