>>>>
====
REPO_HOME         := auto-generated-text
RISCV             := auto-generated-text
MPISE_DESTRUCTIVE := 1
MPISE_STATELESS   := 0
----
ARCH              := rv64
TYPE              := ise
RADIX             := 58
PLATFORM          := cva6-fpga
VERSION           := hybrid
<<<<
bbl loader
! 58, ise, 64, 1, 0, 8, 464, 1000, 988, 499, 499, 499
  result is correct!
! 58, ise, 64, 1, 0, 12, 696, 1000, 988, 865, 865, 865
  result is correct!
! 58, ise, 64, 1, 0, 16, 928, 1000, 3, 1316, 1317, 1316
  result is correct!
! 58, ise, 64, 1, 0, 20, 1160, 1000, 982, 1862, 1862, 1862
  result is correct!
! 58, ise, 64, 1, 0, 24, 1392, 1000, 978, 2500, 2500, 2500
  result is correct!
! 58, ise, 64, 1, 0, 28, 1624, 1000, 975, 3234, 3234, 3234
  result is correct!
! 58, ise, 64, 1, 0, 32, 1856, 1000, 970, 4064, 4064, 4064
  result is correct!
! 58, ise, 64, 1, 0, 36, 2088, 1000, 968, 4990, 4990, 4990
  result is correct!
! 58, ise, 64, 1, 0, 40, 2320, 1000, 964, 6012, 6012, 6012
  result is correct!
! 58, ise, 64, 1, 0, 44, 2552, 1000, 957, 7130, 7130, 7130
  result is correct!
! 58, ise, 64, 1, 0, 48, 2784, 1000, 956, 8344, 8344, 8344
  result is correct!
! 58, ise, 64, 1, 0, 52, 3016, 1000, 947, 9654, 9654, 9654
  result is correct!
! 58, ise, 64, 1, 0, 56, 3248, 1000, 943, 11060, 11060, 11060
  result is correct!
! 58, ise, 64, 1, 0, 60, 3480, 1000, 936, 12562, 12562, 12562
  result is correct!
! 58, ise, 64, 1, 0, 64, 3712, 1000, 926, 14160, 14160, 14160
  result is correct!
