>>>>
====
REPO_HOME         := auto-generated-text
RISCV             := auto-generated-text
MPISE_DESTRUCTIVE := 1
MPISE_STATELESS   := 0
----
ARCH              := rv64
TYPE              := ise
RADIX             := 64
PLATFORM          := cva6-fpga
VERSION           := hybrid
<<<<
bbl loader
! 64, ise, 64, 1, 0, 8, 512, 1000, 989, 581, 581, 581
  result is correct!
! 64, ise, 64, 1, 0, 12, 768, 1000, 981, 1189, 1189, 1189
  result is correct!
! 64, ise, 64, 1, 0, 16, 1024, 1000, 980, 2000, 2000, 2000
  result is correct!
! 64, ise, 64, 1, 0, 20, 1280, 1000, 974, 3021, 3021, 3021
  result is correct!
! 64, ise, 64, 1, 0, 24, 1536, 1000, 965, 4258, 4258, 4258
  result is correct!
! 64, ise, 64, 1, 0, 28, 1792, 1000, 953, 5711, 5711, 5711
  result is correct!
! 64, ise, 64, 1, 0, 32, 2048, 1000, 948, 7380, 7380, 7380
  result is correct!
! 64, ise, 64, 1, 0, 36, 2304, 1000, 935, 9265, 9265, 9265
  result is correct!
! 64, ise, 64, 1, 0, 40, 2560, 1000, 913, 11366, 11366, 11366
  result is correct!
! 64, ise, 64, 1, 0, 44, 2816, 1000, 905, 13683, 13683, 13683
  result is correct!
! 64, ise, 64, 1, 0, 48, 3072, 1000, 887, 16216, 16216, 16216
  result is correct!
! 64, ise, 64, 1, 0, 52, 3328, 1000, 864, 18965, 18965, 18965
  result is correct!
! 64, ise, 64, 1, 0, 56, 3584, 1000, 848, 21930, 21930, 21930
  result is correct!
! 64, ise, 64, 1, 0, 60, 3840, 1000, 829, 25111, 25111, 25111
  result is correct!
! 64, ise, 64, 1, 0, 64, 4096, 1000, 806, 28508, 28508, 28508
  result is correct!
