>>>>
====
REPO_HOME         := auto-generated-text
RISCV             := auto-generated-text
MPISE_DESTRUCTIVE := 1
MPISE_STATELESS   := 0
----
ARCH              := rv64
TYPE              := isa
RADIX             := 57
PLATFORM          := cva6-fpga
VERSION           := hybrid
<<<<
bbl loader
! 57, isa, 64, 1, 0, 8, 456, 1000, 986, 854, 854, 854
  result is correct!
! 57, isa, 64, 1, 0, 12, 684, 1000, 980, 1641, 1641, 1641
  result is correct!
! 57, isa, 64, 1, 0, 16, 912, 1000, 972, 2682, 2682, 2682
  result is correct!
! 57, isa, 64, 1, 0, 20, 1140, 1000, 964, 3956, 3956, 3956
  result is correct!
! 57, isa, 64, 1, 0, 24, 1368, 1000, 956, 5489, 5489, 5489
  result is correct!
! 57, isa, 64, 1, 0, 28, 1596, 1000, 945, 7276, 7276, 7276
  result is correct!
! 57, isa, 64, 1, 0, 32, 1824, 1000, 929, 9317, 9317, 9317
  result is correct!
! 57, isa, 64, 1, 0, 36, 2052, 1000, 904, 11612, 11612, 11612
  result is correct!
! 57, isa, 64, 1, 0, 40, 2280, 1000, 901, 14161, 14161, 14161
  result is correct!
! 57, isa, 64, 1, 0, 44, 2508, 1000, 883, 16964, 16964, 16964
  result is correct!
! 57, isa, 64, 1, 0, 48, 2736, 1000, 864, 20021, 20021, 20021
  result is correct!
! 57, isa, 64, 1, 0, 52, 2964, 1000, 841, 23332, 23332, 23332
  result is correct!
! 57, isa, 64, 1, 0, 56, 3192, 1000, 816, 26897, 26897, 26897
  result is correct!
! 57, isa, 64, 1, 0, 60, 3420, 1000, 793, 30716, 30716, 30716
  result is correct!
! 57, isa, 64, 1, 0, 64, 3648, 1000, 771, 34789, 34789, 34789
  result is correct!
! 57, isa, 64, 1, 0, 68, 3876, 1000, 740, 39116, 39116, 39116
  result is correct!
! 57, isa, 64, 1, 0, 72, 4104, 1000, 713, 43697, 43697, 43697
  result is correct!
