>>>>
====
REPO_HOME         := auto-generated-text
RISCV             := auto-generated-text
MPISE_DESTRUCTIVE := 1
MPISE_STATELESS   := 0
----
ARCH              := rv64
TYPE              := isa
RADIX             := 56
PLATFORM          := cva6-fpga
VERSION           := simple
<<<<
bbl loader
! 56, isa, 64, 1, 0, 8, 448, 1000, 995, 1210, 1210, 1210
  result is correct!
! 56, isa, 64, 1, 0, 12, 672, 1000, 991, 2470, 2470, 2470
  result is correct!
! 56, isa, 64, 1, 0, 16, 896, 1000, 987, 4178, 4178, 4178
  result is correct!
! 56, isa, 64, 1, 0, 20, 1120, 1000, 979, 6334, 6334, 6334
  result is correct!
! 56, isa, 64, 1, 0, 24, 1344, 1000, 967, 8938, 8938, 8938
  result is correct!
! 56, isa, 64, 1, 0, 28, 1568, 1000, 949, 11990, 11990, 11990
  result is correct!
! 56, isa, 64, 1, 0, 32, 1792, 1000, 947, 15490, 15490, 15490
  result is correct!
! 56, isa, 64, 1, 0, 36, 2016, 1000, 930, 19438, 19438, 19438
  result is correct!
! 56, isa, 64, 1, 0, 40, 2240, 1000, 920, 23834, 23834, 23834
  result is correct!
! 56, isa, 64, 1, 0, 44, 2464, 1000, 901, 28678, 28678, 28678
  result is correct!
! 56, isa, 64, 1, 0, 48, 2688, 1000, 882, 33970, 33970, 33970
  result is correct!
! 56, isa, 64, 1, 0, 52, 2912, 1000, 866, 39710, 39710, 39710
  result is correct!
! 56, isa, 64, 1, 0, 56, 3136, 1000, 849, 45898, 45898, 45898
  result is correct!
! 56, isa, 64, 1, 0, 60, 3360, 1000, 827, 52534, 52534, 52534
  result is correct!
! 56, isa, 64, 1, 0, 64, 3584, 1000, 795, 59618, 59618, 59618
  result is correct!
! 56, isa, 64, 1, 0, 68, 3808, 1000, 780, 67150, 67150, 67150
  result is correct!
! 56, isa, 64, 1, 0, 72, 4032, 1000, 758, 75130, 75130, 75130
  result is correct!
