>>>>
====
REPO_HOME         := auto-generated-text
RISCV             := auto-generated-text
MPISE_DESTRUCTIVE := 1
MPISE_STATELESS   := 0
----
ARCH              := rv64
TYPE              := isa
RADIX             := 58
PLATFORM          := cva6-fpga
VERSION           := hybrid
<<<<
bbl loader
! 58, isa, 64, 1, 0, 8, 464, 1000, 983, 854, 854, 854
  result is correct!
! 58, isa, 64, 1, 0, 12, 696, 1000, 980, 1641, 1641, 1641
  result is correct!
! 58, isa, 64, 1, 0, 16, 928, 1000, 974, 2682, 2682, 2682
  result is correct!
! 58, isa, 64, 1, 0, 20, 1160, 1000, 967, 3956, 3956, 3956
  result is correct!
! 58, isa, 64, 1, 0, 24, 1392, 1000, 958, 5489, 5489, 5489
  result is correct!
! 58, isa, 64, 1, 0, 28, 1624, 1000, 942, 7276, 7276, 7276
  result is correct!
! 58, isa, 64, 1, 0, 32, 1856, 1000, 933, 9317, 9317, 9317
  result is correct!
! 58, isa, 64, 1, 0, 36, 2088, 1000, 914, 11612, 11612, 11612
  result is correct!
! 58, isa, 64, 1, 0, 40, 2320, 1000, 898, 14161, 14161, 14161
  result is correct!
! 58, isa, 64, 1, 0, 44, 2552, 1000, 876, 16964, 16964, 16964
  result is correct!
! 58, isa, 64, 1, 0, 48, 2784, 1000, 862, 20021, 20021, 20021
  result is correct!
! 58, isa, 64, 1, 0, 52, 3016, 1000, 842, 23332, 23332, 23332
  result is correct!
! 58, isa, 64, 1, 0, 56, 3248, 1000, 816, 26897, 26897, 26897
  result is correct!
! 58, isa, 64, 1, 0, 60, 3480, 1000, 793, 30716, 30716, 30716
  result is correct!
! 58, isa, 64, 1, 0, 64, 3712, 1000, 770, 34789, 34789, 34789
  result is correct!
! 58, isa, 64, 1, 0, 68, 3944, 1000, 743, 39116, 39116, 39116
  result is correct!
! 58, isa, 64, 1, 0, 72, 4176, 1000, 713, 43697, 43697, 43697
  result is correct!
