>>>>
====
REPO_HOME         := auto-generated-text
RISCV             := auto-generated-text
MPISE_DESTRUCTIVE := 1
MPISE_STATELESS   := 0
----
ARCH              := rv64
TYPE              := isa
RADIX             := 59
PLATFORM          := cva6-fpga
VERSION           := simple
<<<<
bbl loader
! 59, isa, 64, 1, 0, 8, 472, 1000, 997, 1210, 1210, 1210
  result is correct!
! 59, isa, 64, 1, 0, 12, 708, 1000, 993, 2470, 2470, 2470
  result is correct!
! 59, isa, 64, 1, 0, 16, 944, 1000, 986, 4178, 4178, 4178
  result is correct!
! 59, isa, 64, 1, 0, 20, 1180, 1000, 982, 6334, 6334, 6334
  result is correct!
! 59, isa, 64, 1, 0, 24, 1416, 1000, 980, 8938, 8938, 8938
  result is correct!
! 59, isa, 64, 1, 0, 28, 1652, 1000, 968, 11990, 11990, 11990
  result is correct!
! 59, isa, 64, 1, 0, 32, 1888, 1000, 965, 15490, 15490, 15490
  result is correct!
! 59, isa, 64, 1, 0, 36, 2124, 1000, 955, 19438, 19438, 19438
  result is correct!
! 59, isa, 64, 1, 0, 40, 2360, 1000, 947, 23834, 23834, 23834
  result is correct!
! 59, isa, 64, 1, 0, 44, 2596, 1000, 937, 28678, 28678, 28678
  result is correct!
! 59, isa, 64, 1, 0, 48, 2832, 1000, 918, 33970, 33970, 33970
  result is correct!
! 59, isa, 64, 1, 0, 52, 3068, 1000, 907, 39710, 39710, 39710
  result is correct!
! 59, isa, 64, 1, 0, 56, 3304, 1000, 894, 45898, 45898, 45898
  result is correct!
! 59, isa, 64, 1, 0, 60, 3540, 1000, 877, 52534, 52534, 52534
  result is correct!
! 59, isa, 64, 1, 0, 64, 3776, 1000, 863, 59618, 59618, 59618
  result is correct!
! 59, isa, 64, 1, 0, 68, 4012, 1000, 846, 67150, 67150, 67150
  result is correct!
! 59, isa, 64, 1, 0, 72, 4248, 1000, 824, 75130, 75130, 75130
  result is correct!
