>>>>
====
REPO_HOME         := auto-generated-text
RISCV             := auto-generated-text
MPISE_DESTRUCTIVE := 1
MPISE_STATELESS   := 0
----
ARCH              := rv64
TYPE              := isa
RADIX             := 58
PLATFORM          := cva6-fpga
VERSION           := simple
<<<<
bbl loader
! 58, isa, 64, 1, 0, 8, 464, 1000, 994, 1210, 1210, 1210
  result is correct!
! 58, isa, 64, 1, 0, 12, 696, 1000, 990, 2470, 2470, 2470
  result is correct!
! 58, isa, 64, 1, 0, 16, 928, 1000, 990, 4178, 4178, 4178
  result is correct!
! 58, isa, 64, 1, 0, 20, 1160, 1000, 985, 6334, 6334, 6334
  result is correct!
! 58, isa, 64, 1, 0, 24, 1392, 1000, 978, 8938, 8938, 8938
  result is correct!
! 58, isa, 64, 1, 0, 28, 1624, 1000, 970, 11990, 11990, 11990
  result is correct!
! 58, isa, 64, 1, 0, 32, 1856, 1000, 966, 15490, 15490, 15490
  result is correct!
! 58, isa, 64, 1, 0, 36, 2088, 1000, 954, 19438, 19438, 19438
  result is correct!
! 58, isa, 64, 1, 0, 40, 2320, 1000, 945, 23834, 23834, 23834
  result is correct!
! 58, isa, 64, 1, 0, 44, 2552, 1000, 933, 28678, 28678, 28678
  result is correct!
! 58, isa, 64, 1, 0, 48, 2784, 1000, 920, 33970, 33970, 33970
  result is correct!
! 58, isa, 64, 1, 0, 52, 3016, 1000, 910, 39710, 39710, 39710
  result is correct!
! 58, isa, 64, 1, 0, 56, 3248, 1000, 890, 45898, 45898, 45898
  result is correct!
! 58, isa, 64, 1, 0, 60, 3480, 1000, 878, 52534, 52534, 52534
  result is correct!
! 58, isa, 64, 1, 0, 64, 3712, 1000, 866, 59618, 59618, 59618
  result is correct!
! 58, isa, 64, 1, 0, 68, 3944, 1000, 849, 67150, 67150, 67150
  result is correct!
! 58, isa, 64, 1, 0, 72, 4176, 1000, 827, 75130, 75130, 75130
  result is correct!
