>>>>
====
REPO_HOME         := auto-generated-text
RISCV             := auto-generated-text
MPISE_DESTRUCTIVE := 1
MPISE_STATELESS   := 0
----
ARCH              := rv64
TYPE              := ise
RADIX             := 50
PLATFORM          := cva6-fpga
VERSION           := hybrid
<<<<
bbl loader
! 50, ise, 64, 1, 0, 8, 400, 1000, 988, 502, 502, 502
  result is correct!
! 50, ise, 64, 1, 0, 12, 600, 1000, 985, 868, 868, 868
  result is correct!
! 50, ise, 64, 1, 0, 16, 800, 1000, 986, 1328, 1328, 1328
  result is correct!
! 50, ise, 64, 1, 0, 20, 1000, 1000, 974, 1865, 1865, 1865
  result is correct!
! 50, ise, 64, 1, 0, 24, 1200, 1000, 972, 2503, 2503, 2503
  result is correct!
! 50, ise, 64, 1, 0, 28, 1400, 1000, 970, 3237, 3237, 3237
  result is correct!
! 50, ise, 64, 1, 0, 32, 1600, 1000, 966, 4067, 4067, 4067
  result is correct!
! 50, ise, 64, 1, 0, 36, 1800, 1000, 962, 4993, 4993, 4993
  result is correct!
! 50, ise, 64, 1, 0, 40, 2000, 1000, 954, 6015, 6015, 6015
  result is correct!
! 50, ise, 64, 1, 0, 44, 2200, 1000, 944, 7133, 7133, 7133
  result is correct!
! 50, ise, 64, 1, 0, 48, 2400, 1000, 941, 8347, 8347, 8347
  result is correct!
! 50, ise, 64, 1, 0, 52, 2600, 1000, 932, 9657, 9657, 9657
  result is correct!
! 50, ise, 64, 1, 0, 56, 2800, 1000, 923, 11063, 11063, 11063
  result is correct!
! 50, ise, 64, 1, 0, 60, 3000, 1000, 912, 12565, 12565, 12565
  result is correct!
! 50, ise, 64, 1, 0, 64, 3200, 1000, 905, 14163, 14163, 14163
  result is correct!
! 50, ise, 64, 1, 0, 68, 3400, 1000, 885, 15857, 15857, 15857
  result is correct!
! 50, ise, 64, 1, 0, 72, 3600, 1000, 881, 17647, 17647, 17647
  result is correct!
