>>>>
====
REPO_HOME         := auto-generated-text
RISCV             := auto-generated-text
MPISE_DESTRUCTIVE := 1
MPISE_STATELESS   := 0
----
ARCH              := rv64
TYPE              := isa
RADIX             := 52
PLATFORM          := cva6-fpga
VERSION           := simple
<<<<
bbl loader
! 52, isa, 64, 1, 0, 8, 416, 1000, 996, 1210, 1210, 1210
  result is correct!
! 52, isa, 64, 1, 0, 12, 624, 1000, 993, 2470, 2470, 2470
  result is correct!
! 52, isa, 64, 1, 0, 16, 832, 1000, 989, 4178, 4178, 4178
  result is correct!
! 52, isa, 64, 1, 0, 20, 1040, 1000, 985, 6334, 6334, 6334
  result is correct!
! 52, isa, 64, 1, 0, 24, 1248, 1000, 976, 8938, 8938, 8938
  result is correct!
! 52, isa, 64, 1, 0, 28, 1456, 1000, 973, 11990, 11990, 11990
  result is correct!
! 52, isa, 64, 1, 0, 32, 1664, 1000, 964, 15490, 15490, 15490
  result is correct!
! 52, isa, 64, 1, 0, 36, 1872, 1000, 956, 19438, 19438, 19438
  result is correct!
! 52, isa, 64, 1, 0, 40, 2080, 1000, 946, 23834, 23834, 23834
  result is correct!
! 52, isa, 64, 1, 0, 44, 2288, 1000, 932, 28678, 28678, 28678
  result is correct!
! 52, isa, 64, 1, 0, 48, 2496, 1000, 920, 33970, 33970, 33970
  result is correct!
! 52, isa, 64, 1, 0, 52, 2704, 1000, 912, 39710, 39710, 39710
  result is correct!
! 52, isa, 64, 1, 0, 56, 2912, 1000, 891, 45898, 45898, 45898
  result is correct!
! 52, isa, 64, 1, 0, 60, 3120, 1000, 875, 52534, 52534, 52534
  result is correct!
! 52, isa, 64, 1, 0, 64, 3328, 1000, 861, 59618, 59618, 59618
  result is correct!
! 52, isa, 64, 1, 0, 68, 3536, 1000, 841, 67150, 67150, 67150
  result is correct!
! 52, isa, 64, 1, 0, 72, 3744, 1000, 822, 75130, 75130, 75130
  result is correct!
