>>>>
====
REPO_HOME         := auto-generated-text
RISCV             := auto-generated-text
MPISE_DESTRUCTIVE := 1
MPISE_STATELESS   := 0
----
ARCH              := rv64
TYPE              := isa
RADIX             := 60
PLATFORM          := cva6-fpga
VERSION           := simple
<<<<
bbl loader
! 60, isa, 64, 1, 0, 8, 480, 1000, 996, 1210, 1210, 1210
  result is correct!
! 60, isa, 64, 1, 0, 12, 720, 1000, 990, 2470, 2470, 2470
  result is correct!
! 60, isa, 64, 1, 0, 16, 960, 1000, 985, 4178, 4178, 4178
  result is correct!
! 60, isa, 64, 1, 0, 20, 1200, 1000, 981, 6334, 6334, 6334
  result is correct!
! 60, isa, 64, 1, 0, 24, 1440, 1000, 968, 8938, 8938, 8938
  result is correct!
! 60, isa, 64, 1, 0, 28, 1680, 1000, 963, 11990, 11990, 11990
  result is correct!
! 60, isa, 64, 1, 0, 32, 1920, 1000, 949, 15490, 15490, 15490
  result is correct!
! 60, isa, 64, 1, 0, 36, 2160, 1000, 933, 19438, 19438, 19438
  result is correct!
! 60, isa, 64, 1, 0, 40, 2400, 1000, 919, 23834, 23834, 23834
  result is correct!
! 60, isa, 64, 1, 0, 44, 2640, 1000, 904, 28678, 28678, 28678
  result is correct!
! 60, isa, 64, 1, 0, 48, 2880, 1000, 887, 33970, 33970, 33970
  result is correct!
! 60, isa, 64, 1, 0, 52, 3120, 1000, 869, 39710, 39710, 39710
  result is correct!
! 60, isa, 64, 1, 0, 56, 3360, 1000, 850, 45898, 45898, 45898
  result is correct!
! 60, isa, 64, 1, 0, 60, 3600, 1000, 831, 52534, 52534, 52534
  result is correct!
! 60, isa, 64, 1, 0, 64, 3840, 1000, 811, 59618, 59618, 59618
  result is correct!
! 60, isa, 64, 1, 0, 68, 4080, 1000, 777, 67150, 67150, 67150
  result is correct!
! 60, isa, 64, 1, 0, 72, 4320, 1000, 757, 75130, 75130, 75130
  result is correct!
