>>>>
====
REPO_HOME         := auto-generated-text
RISCV             := auto-generated-text
MPISE_DESTRUCTIVE := 1
MPISE_STATELESS   := 0
----
ARCH              := rv64
TYPE              := isa
RADIX             := 54
PLATFORM          := cva6-fpga
VERSION           := simple
<<<<
bbl loader
! 54, isa, 64, 1, 0, 8, 432, 1000, 997, 1210, 1210, 1210
  result is correct!
! 54, isa, 64, 1, 0, 12, 648, 1000, 993, 2470, 2470, 2470
  result is correct!
! 54, isa, 64, 1, 0, 16, 864, 1000, 991, 4178, 4178, 4178
  result is correct!
! 54, isa, 64, 1, 0, 20, 1080, 1000, 980, 6334, 6334, 6334
  result is correct!
! 54, isa, 64, 1, 0, 24, 1296, 1000, 979, 8938, 8938, 8938
  result is correct!
! 54, isa, 64, 1, 0, 28, 1512, 1000, 965, 11990, 11990, 11990
  result is correct!
! 54, isa, 64, 1, 0, 32, 1728, 1000, 965, 15490, 15490, 15490
  result is correct!
! 54, isa, 64, 1, 0, 36, 1944, 1000, 956, 19438, 19438, 19438
  result is correct!
! 54, isa, 64, 1, 0, 40, 2160, 1000, 941, 23834, 23834, 23834
  result is correct!
! 54, isa, 64, 1, 0, 44, 2376, 1000, 936, 28678, 28678, 28678
  result is correct!
! 54, isa, 64, 1, 0, 48, 2592, 1000, 923, 33970, 33970, 33970
  result is correct!
! 54, isa, 64, 1, 0, 52, 2808, 1000, 910, 39710, 39710, 39710
  result is correct!
! 54, isa, 64, 1, 0, 56, 3024, 1000, 895, 45898, 45898, 45898
  result is correct!
! 54, isa, 64, 1, 0, 60, 3240, 1000, 875, 52534, 52534, 52534
  result is correct!
! 54, isa, 64, 1, 0, 64, 3456, 1000, 859, 59618, 59618, 59618
  result is correct!
! 54, isa, 64, 1, 0, 68, 3672, 1000, 844, 67150, 67150, 67150
  result is correct!
! 54, isa, 64, 1, 0, 72, 3888, 1000, 822, 75130, 75130, 75130
  result is correct!
