>>>>
====
REPO_HOME         := auto-generated-text
RISCV             := auto-generated-text
MPISE_DESTRUCTIVE := 1
MPISE_STATELESS   := 0
----
ARCH              := rv64
TYPE              := isa
RADIX             := 61
PLATFORM          := cva6-fpga
VERSION           := hybrid
<<<<
bbl loader
! 61, isa, 64, 1, 0, 8, 488, 1000, 987, 852, 852, 852
  result is correct!
! 61, isa, 64, 1, 0, 12, 732, 1000, 981, 1639, 1639, 1639
  result is correct!
! 61, isa, 64, 1, 0, 16, 976, 1000, 975, 2675, 2675, 2675
  result is correct!
! 61, isa, 64, 1, 0, 20, 1220, 1000, 969, 3954, 3954, 3954
  result is correct!
! 61, isa, 64, 1, 0, 24, 1464, 1000, 963, 5487, 5487, 5487
  result is correct!
! 61, isa, 64, 1, 0, 28, 1708, 1000, 949, 7274, 7274, 7274
  result is correct!
! 61, isa, 64, 1, 0, 32, 1952, 1000, 940, 9315, 9315, 9315
  result is correct!
! 61, isa, 64, 1, 0, 36, 2196, 1000, 931, 11610, 11610, 11610
  result is correct!
! 61, isa, 64, 1, 0, 40, 2440, 1000, 925, 14159, 14159, 14159
  result is correct!
! 61, isa, 64, 1, 0, 44, 2684, 1000, 912, 16962, 16962, 16962
  result is correct!
! 61, isa, 64, 1, 0, 48, 2928, 1000, 898, 20019, 20019, 20019
  result is correct!
! 61, isa, 64, 1, 0, 52, 3172, 1000, 888, 23330, 23330, 23330
  result is correct!
! 61, isa, 64, 1, 0, 56, 3416, 1000, 875, 26895, 26895, 26895
  result is correct!
! 61, isa, 64, 1, 0, 60, 3660, 1000, 854, 30714, 30714, 30714
  result is correct!
! 61, isa, 64, 1, 0, 64, 3904, 1000, 834, 34787, 34787, 34787
  result is correct!
