>>>>
====
REPO_HOME         := auto-generated-text
RISCV             := auto-generated-text
MPISE_DESTRUCTIVE := 1
MPISE_STATELESS   := 0
----
ARCH              := rv64
TYPE              := ise
RADIX             := 55
PLATFORM          := cva6-fpga
VERSION           := simple
<<<<
bbl loader
! 55, ise, 64, 1, 0, 8, 440, 1000, 996, 1006, 1006, 1006
  result is correct!
! 55, ise, 64, 1, 0, 12, 660, 1000, 992, 2018, 2018, 2018
  result is correct!
! 55, ise, 64, 1, 0, 16, 880, 1000, 987, 3382, 3382, 3382
  result is correct!
! 55, ise, 64, 1, 0, 20, 1100, 1000, 980, 5098, 5098, 5098
  result is correct!
! 55, ise, 64, 1, 0, 24, 1320, 1000, 976, 7166, 7166, 7166
  result is correct!
! 55, ise, 64, 1, 0, 28, 1540, 1000, 977, 9586, 9586, 9586
  result is correct!
! 55, ise, 64, 1, 0, 32, 1760, 1000, 957, 12358, 12358, 12358
  result is correct!
! 55, ise, 64, 1, 0, 36, 1980, 1000, 945, 15482, 15482, 15482
  result is correct!
! 55, ise, 64, 1, 0, 40, 2200, 1000, 936, 18958, 18958, 18958
  result is correct!
! 55, ise, 64, 1, 0, 44, 2420, 1000, 929, 22786, 22786, 22786
  result is correct!
! 55, ise, 64, 1, 0, 48, 2640, 1000, 915, 26966, 26966, 26966
  result is correct!
! 55, ise, 64, 1, 0, 52, 2860, 1000, 899, 31498, 31498, 31498
  result is correct!
! 55, ise, 64, 1, 0, 56, 3080, 1000, 883, 36382, 36382, 36382
  result is correct!
! 55, ise, 64, 1, 0, 60, 3300, 1000, 859, 41618, 41618, 41618
  result is correct!
! 55, ise, 64, 1, 0, 64, 3520, 1000, 848, 47206, 47206, 47206
  result is correct!
! 55, ise, 64, 1, 0, 68, 3740, 1000, 837, 53146, 53146, 53146
  result is correct!
! 55, ise, 64, 1, 0, 72, 3960, 1000, 807, 59438, 59438, 59438
  result is correct!
