>>>>
====
REPO_HOME         := auto-generated-text
RISCV             := auto-generated-text
MPISE_DESTRUCTIVE := 1
MPISE_STATELESS   := 0
----
ARCH              := rv64
TYPE              := ise
RADIX             := 56
PLATFORM          := cva6-fpga
VERSION           := hybrid
<<<<
bbl loader
! 56, ise, 64, 1, 0, 8, 448, 1000, 988, 502, 502, 502
  result is correct!
! 56, ise, 64, 1, 0, 12, 672, 1000, 985, 868, 868, 868
  result is correct!
! 56, ise, 64, 1, 0, 16, 896, 1000, 984, 1328, 1328, 1328
  result is correct!
! 56, ise, 64, 1, 0, 20, 1120, 1000, 980, 1865, 1865, 1865
  result is correct!
! 56, ise, 64, 1, 0, 24, 1344, 1000, 973, 2503, 2503, 2503
  result is correct!
! 56, ise, 64, 1, 0, 28, 1568, 1000, 966, 3237, 3237, 3237
  result is correct!
! 56, ise, 64, 1, 0, 32, 1792, 1000, 961, 4067, 4067, 4067
  result is correct!
! 56, ise, 64, 1, 0, 36, 2016, 1000, 959, 4993, 4993, 4993
  result is correct!
! 56, ise, 64, 1, 0, 40, 2240, 1000, 952, 6015, 6015, 6015
  result is correct!
! 56, ise, 64, 1, 0, 44, 2464, 1000, 945, 7133, 7133, 7133
  result is correct!
! 56, ise, 64, 1, 0, 48, 2688, 1000, 936, 8347, 8347, 8347
  result is correct!
! 56, ise, 64, 1, 0, 52, 2912, 1000, 932, 9657, 9657, 9657
  result is correct!
! 56, ise, 64, 1, 0, 56, 3136, 1000, 922, 11063, 11063, 11063
  result is correct!
! 56, ise, 64, 1, 0, 60, 3360, 1000, 910, 12565, 12565, 12565
  result is correct!
! 56, ise, 64, 1, 0, 64, 3584, 1000, 899, 14163, 14163, 14163
  result is correct!
! 56, ise, 64, 1, 0, 68, 3808, 1000, 890, 15857, 15857, 15857
  result is correct!
! 56, ise, 64, 1, 0, 72, 4032, 1000, 877, 17647, 17647, 17647
  result is correct!
