>>>>
====
REPO_HOME         := auto-generated-text
RISCV             := auto-generated-text
MPISE_DESTRUCTIVE := 1
MPISE_STATELESS   := 0
----
ARCH              := rv64
TYPE              := ise
RADIX             := 53
PLATFORM          := cva6-fpga
VERSION           := simple
<<<<
bbl loader
! 53, ise, 64, 1, 0, 8, 424, 1000, 997, 1006, 1006, 1006
  result is correct!
! 53, ise, 64, 1, 0, 12, 636, 1000, 993, 2018, 2018, 2018
  result is correct!
! 53, ise, 64, 1, 0, 16, 848, 1000, 988, 3382, 3382, 3382
  result is correct!
! 53, ise, 64, 1, 0, 20, 1060, 1000, 982, 5098, 5098, 5098
  result is correct!
! 53, ise, 64, 1, 0, 24, 1272, 1000, 972, 7166, 7166, 7166
  result is correct!
! 53, ise, 64, 1, 0, 28, 1484, 1000, 969, 9586, 9586, 9586
  result is correct!
! 53, ise, 64, 1, 0, 32, 1696, 1000, 958, 12358, 12358, 12358
  result is correct!
! 53, ise, 64, 1, 0, 36, 1908, 1000, 957, 15482, 15482, 15482
  result is correct!
! 53, ise, 64, 1, 0, 40, 2120, 1000, 941, 18958, 18958, 18958
  result is correct!
! 53, ise, 64, 1, 0, 44, 2332, 1000, 934, 22786, 22786, 22786
  result is correct!
! 53, ise, 64, 1, 0, 48, 2544, 1000, 906, 26966, 26966, 26966
  result is correct!
! 53, ise, 64, 1, 0, 52, 2756, 1000, 901, 31498, 31498, 31498
  result is correct!
! 53, ise, 64, 1, 0, 56, 2968, 1000, 880, 36382, 36382, 36382
  result is correct!
! 53, ise, 64, 1, 0, 60, 3180, 1000, 867, 41618, 41618, 41618
  result is correct!
! 53, ise, 64, 1, 0, 64, 3392, 1000, 846, 47206, 47206, 47206
  result is correct!
! 53, ise, 64, 1, 0, 68, 3604, 1000, 827, 53146, 53146, 53146
  result is correct!
! 53, ise, 64, 1, 0, 72, 3816, 1000, 810, 59438, 59438, 59438
  result is correct!
