>>>>
====
REPO_HOME         := auto-generated-text
RISCV             := auto-generated-text
MPISE_DESTRUCTIVE := 1
MPISE_STATELESS   := 0
----
ARCH              := rv64
TYPE              := isa
RADIX             := 60
PLATFORM          := cva6-fpga
VERSION           := hybrid
<<<<
bbl loader
! 60, isa, 64, 1, 0, 8, 480, 1000, 984, 854, 854, 854
  result is correct!
! 60, isa, 64, 1, 0, 12, 720, 1000, 978, 1641, 1641, 1641
  result is correct!
! 60, isa, 64, 1, 0, 16, 960, 1000, 891, 2682, 2682, 2682
  result is correct!
! 60, isa, 64, 1, 0, 20, 1200, 1000, 963, 3956, 3956, 3956
  result is correct!
! 60, isa, 64, 1, 0, 24, 1440, 1000, 955, 5489, 5489, 5489
  result is correct!
! 60, isa, 64, 1, 0, 28, 1680, 1000, 944, 7276, 7276, 7276
  result is correct!
! 60, isa, 64, 1, 0, 32, 1920, 1000, 923, 9317, 9317, 9317
  result is correct!
! 60, isa, 64, 1, 0, 36, 2160, 1000, 915, 11612, 11612, 11612
  result is correct!
! 60, isa, 64, 1, 0, 40, 2400, 1000, 898, 14161, 14161, 14161
  result is correct!
! 60, isa, 64, 1, 0, 44, 2640, 1000, 887, 16964, 16964, 16964
  result is correct!
! 60, isa, 64, 1, 0, 48, 2880, 1000, 868, 20021, 20021, 20021
  result is correct!
! 60, isa, 64, 1, 0, 52, 3120, 1000, 843, 23332, 23332, 23332
  result is correct!
! 60, isa, 64, 1, 0, 56, 3360, 1000, 823, 26897, 26897, 26897
  result is correct!
! 60, isa, 64, 1, 0, 60, 3600, 1000, 786, 30716, 30716, 30716
  result is correct!
! 60, isa, 64, 1, 0, 64, 3840, 1000, 766, 34789, 34789, 34789
  result is correct!
! 60, isa, 64, 1, 0, 68, 4080, 1000, 740, 39116, 39116, 39116
  result is correct!
! 60, isa, 64, 1, 0, 72, 4320, 1000, 713, 43697, 43697, 43697
  result is correct!
