>>>>
====
REPO_HOME         := auto-generated-text
RISCV             := auto-generated-text
MPISE_DESTRUCTIVE := 1
MPISE_STATELESS   := 0
----
ARCH              := rv64
TYPE              := isa
RADIX             := 56
PLATFORM          := cva6-fpga
VERSION           := hybrid
<<<<
bbl loader
! 56, isa, 64, 1, 0, 8, 448, 1000, 984, 854, 854, 854
  result is correct!
! 56, isa, 64, 1, 0, 12, 672, 1000, 980, 1641, 1641, 1641
  result is correct!
! 56, isa, 64, 1, 0, 16, 896, 1000, 971, 2682, 2682, 2682
  result is correct!
! 56, isa, 64, 1, 0, 20, 1120, 1000, 966, 3956, 3956, 3956
  result is correct!
! 56, isa, 64, 1, 0, 24, 1344, 1000, 951, 5489, 5489, 5489
  result is correct!
! 56, isa, 64, 1, 0, 28, 1568, 1000, 944, 7276, 7276, 7276
  result is correct!
! 56, isa, 64, 1, 0, 32, 1792, 1000, 937, 9317, 9317, 9317
  result is correct!
! 56, isa, 64, 1, 0, 36, 2016, 1000, 915, 11612, 11612, 11612
  result is correct!
! 56, isa, 64, 1, 0, 40, 2240, 1000, 899, 14161, 14161, 14161
  result is correct!
! 56, isa, 64, 1, 0, 44, 2464, 1000, 883, 16964, 16964, 16964
  result is correct!
! 56, isa, 64, 1, 0, 48, 2688, 1000, 860, 20021, 20021, 20021
  result is correct!
! 56, isa, 64, 1, 0, 52, 2912, 1000, 841, 23332, 23332, 23332
  result is correct!
! 56, isa, 64, 1, 0, 56, 3136, 1000, 818, 26897, 26897, 26897
  result is correct!
! 56, isa, 64, 1, 0, 60, 3360, 1000, 797, 30716, 30716, 30716
  result is correct!
! 56, isa, 64, 1, 0, 64, 3584, 1000, 764, 34789, 34789, 34789
  result is correct!
! 56, isa, 64, 1, 0, 68, 3808, 1000, 743, 39116, 39116, 39116
  result is correct!
! 56, isa, 64, 1, 0, 72, 4032, 1000, 717, 43697, 43697, 43697
  result is correct!
