>>>>
====
REPO_HOME         := auto-generated-text
RISCV             := auto-generated-text
MPISE_DESTRUCTIVE := 1
MPISE_STATELESS   := 0
----
ARCH              := rv64
TYPE              := isa
RADIX             := 55
PLATFORM          := cva6-fpga
VERSION           := simple
<<<<
bbl loader
! 55, isa, 64, 1, 0, 8, 440, 1000, 995, 1210, 1210, 1210
  result is correct!
! 55, isa, 64, 1, 0, 12, 660, 1000, 992, 2470, 2470, 2470
  result is correct!
! 55, isa, 64, 1, 0, 16, 880, 1000, 988, 4178, 4178, 4178
  result is correct!
! 55, isa, 64, 1, 0, 20, 1100, 1000, 983, 6334, 6334, 6334
  result is correct!
! 55, isa, 64, 1, 0, 24, 1320, 1000, 979, 8938, 8938, 8938
  result is correct!
! 55, isa, 64, 1, 0, 28, 1540, 1000, 973, 11990, 11990, 11990
  result is correct!
! 55, isa, 64, 1, 0, 32, 1760, 1000, 965, 15490, 15490, 15490
  result is correct!
! 55, isa, 64, 1, 0, 36, 1980, 1000, 952, 19438, 19438, 19438
  result is correct!
! 55, isa, 64, 1, 0, 40, 2200, 1000, 944, 23834, 23834, 23834
  result is correct!
! 55, isa, 64, 1, 0, 44, 2420, 1000, 931, 28678, 28678, 28678
  result is correct!
! 55, isa, 64, 1, 0, 48, 2640, 1000, 925, 33970, 33970, 33970
  result is correct!
! 55, isa, 64, 1, 0, 52, 2860, 1000, 908, 39710, 39710, 39710
  result is correct!
! 55, isa, 64, 1, 0, 56, 3080, 1000, 896, 45898, 45898, 45898
  result is correct!
! 55, isa, 64, 1, 0, 60, 3300, 1000, 878, 52534, 52534, 52534
  result is correct!
! 55, isa, 64, 1, 0, 64, 3520, 1000, 864, 59618, 59618, 59618
  result is correct!
! 55, isa, 64, 1, 0, 68, 3740, 1000, 849, 67150, 67150, 67150
  result is correct!
! 55, isa, 64, 1, 0, 72, 3960, 1000, 830, 75130, 75130, 75130
  result is correct!
