>>>>
====
REPO_HOME         := auto-generated-text
RISCV             := auto-generated-text
MPISE_DESTRUCTIVE := 1
MPISE_STATELESS   := 0
----
ARCH              := rv64
TYPE              := ise
RADIX             := 57
PLATFORM          := cva6-fpga
VERSION           := simple
<<<<
bbl loader
! 57, ise, 64, 1, 0, 8, 456, 1000, 995, 1006, 1006, 1006
  result is correct!
! 57, ise, 64, 1, 0, 12, 684, 1000, 992, 2018, 2018, 2018
  result is correct!
! 57, ise, 64, 1, 0, 16, 912, 1000, 986, 3382, 3382, 3382
  result is correct!
! 57, ise, 64, 1, 0, 20, 1140, 1000, 983, 5098, 5098, 5098
  result is correct!
! 57, ise, 64, 1, 0, 24, 1368, 1000, 974, 7166, 7166, 7166
  result is correct!
! 57, ise, 64, 1, 0, 28, 1596, 1000, 975, 9586, 9586, 9586
  result is correct!
! 57, ise, 64, 1, 0, 32, 1824, 1000, 958, 12358, 12358, 12358
  result is correct!
! 57, ise, 64, 1, 0, 36, 2052, 1000, 945, 15482, 15482, 15482
  result is correct!
! 57, ise, 64, 1, 0, 40, 2280, 1000, 936, 18958, 18958, 18958
  result is correct!
! 57, ise, 64, 1, 0, 44, 2508, 1000, 925, 22786, 22786, 22786
  result is correct!
! 57, ise, 64, 1, 0, 48, 2736, 1000, 913, 26966, 26966, 26966
  result is correct!
! 57, ise, 64, 1, 0, 52, 2964, 1000, 899, 31498, 31498, 31498
  result is correct!
! 57, ise, 64, 1, 0, 56, 3192, 1000, 885, 36382, 36382, 36382
  result is correct!
! 57, ise, 64, 1, 0, 60, 3420, 1000, 867, 41618, 41618, 41618
  result is correct!
! 57, ise, 64, 1, 0, 64, 3648, 1000, 847, 47206, 47206, 47206
  result is correct!
! 57, ise, 64, 1, 0, 68, 3876, 1000, 830, 53146, 53146, 53146
  result is correct!
! 57, ise, 64, 1, 0, 72, 4104, 1000, 809, 59438, 59438, 59438
  result is correct!
