>>>>
====
REPO_HOME         := auto-generated-text
RISCV             := auto-generated-text
MPISE_DESTRUCTIVE := 1
MPISE_STATELESS   := 0
----
ARCH              := rv64
TYPE              := isa
RADIX             := 62
PLATFORM          := cva6-fpga
VERSION           := hybrid
<<<<
bbl loader
! 62, isa, 64, 1, 0, 8, 496, 1000, 985, 852, 852, 852
  result is correct!
! 62, isa, 64, 1, 0, 12, 744, 1000, 983, 1639, 1639, 1639
  result is correct!
! 62, isa, 64, 1, 0, 16, 992, 1000, 981, 2680, 2680, 2680
  result is correct!
