>>>>
====
REPO_HOME         := auto-generated-text
RISCV             := auto-generated-text
MPISE_DESTRUCTIVE := 1
MPISE_STATELESS   := 0
----
ARCH              := rv64
TYPE              := isa
RADIX             := 53
PLATFORM          := cva6-fpga
VERSION           := simple
<<<<
bbl loader
! 53, isa, 64, 1, 0, 8, 424, 1000, 997, 1210, 1210, 1210
  result is correct!
! 53, isa, 64, 1, 0, 12, 636, 1000, 994, 2470, 2470, 2470
  result is correct!
! 53, isa, 64, 1, 0, 16, 848, 1000, 985, 4178, 4178, 4178
  result is correct!
! 53, isa, 64, 1, 0, 20, 1060, 1000, 985, 6334, 6334, 6334
  result is correct!
! 53, isa, 64, 1, 0, 24, 1272, 1000, 977, 8938, 8938, 8938
  result is correct!
! 53, isa, 64, 1, 0, 28, 1484, 1000, 965, 11990, 11990, 11990
  result is correct!
! 53, isa, 64, 1, 0, 32, 1696, 1000, 966, 15490, 15490, 15490
  result is correct!
! 53, isa, 64, 1, 0, 36, 1908, 1000, 954, 19438, 19438, 19438
  result is correct!
! 53, isa, 64, 1, 0, 40, 2120, 1000, 946, 23834, 23834, 23834
  result is correct!
! 53, isa, 64, 1, 0, 44, 2332, 1000, 933, 28678, 28678, 28678
  result is correct!
! 53, isa, 64, 1, 0, 48, 2544, 1000, 920, 33970, 33970, 33970
  result is correct!
! 53, isa, 64, 1, 0, 52, 2756, 1000, 907, 39710, 39710, 39710
  result is correct!
! 53, isa, 64, 1, 0, 56, 2968, 1000, 892, 45898, 45898, 45898
  result is correct!
! 53, isa, 64, 1, 0, 60, 3180, 1000, 885, 52534, 52534, 52534
  result is correct!
! 53, isa, 64, 1, 0, 64, 3392, 1000, 861, 59618, 59618, 59618
  result is correct!
! 53, isa, 64, 1, 0, 68, 3604, 1000, 843, 67150, 67150, 67150
  result is correct!
! 53, isa, 64, 1, 0, 72, 3816, 1000, 826, 75130, 75130, 75130
  result is correct!
