>>>>
====
REPO_HOME         := auto-generated-text
RISCV             := auto-generated-text
MPISE_DESTRUCTIVE := 1
MPISE_STATELESS   := 0
----
ARCH              := rv64
TYPE              := ise
RADIX             := 57
PLATFORM          := cva6-fpga
VERSION           := hybrid
<<<<
bbl loader
! 57, ise, 64, 1, 0, 8, 456, 1000, 988, 502, 502, 502
  result is correct!
! 57, ise, 64, 1, 0, 12, 684, 1000, 985, 868, 868, 868
  result is correct!
! 57, ise, 64, 1, 0, 16, 912, 1000, 982, 1328, 1328, 1328
  result is correct!
! 57, ise, 64, 1, 0, 20, 1140, 1000, 979, 1865, 1865, 1865
  result is correct!
! 57, ise, 64, 1, 0, 24, 1368, 1000, 976, 2503, 2503, 2503
  result is correct!
! 57, ise, 64, 1, 0, 28, 1596, 1000, 970, 3237, 3237, 3237
  result is correct!
! 57, ise, 64, 1, 0, 32, 1824, 1000, 964, 4067, 4067, 4067
  result is correct!
! 57, ise, 64, 1, 0, 36, 2052, 1000, 961, 4993, 4993, 4993
  result is correct!
! 57, ise, 64, 1, 0, 40, 2280, 1000, 950, 6015, 6015, 6015
  result is correct!
! 57, ise, 64, 1, 0, 44, 2508, 1000, 950, 7133, 7133, 7133
  result is correct!
! 57, ise, 64, 1, 0, 48, 2736, 1000, 936, 8347, 8347, 8347
  result is correct!
! 57, ise, 64, 1, 0, 52, 2964, 1000, 926, 9657, 9657, 9657
  result is correct!
! 57, ise, 64, 1, 0, 56, 3192, 1000, 924, 11063, 11063, 11063
  result is correct!
! 57, ise, 64, 1, 0, 60, 3420, 1000, 904, 12565, 12565, 12565
  result is correct!
! 57, ise, 64, 1, 0, 64, 3648, 1000, 900, 14163, 14163, 14163
  result is correct!
! 57, ise, 64, 1, 0, 68, 3876, 1000, 892, 15857, 15857, 15857
  result is correct!
! 57, ise, 64, 1, 0, 72, 4104, 1000, 874, 17647, 17647, 17647
  result is correct!
