>>>>
====
REPO_HOME         := auto-generated-text
RISCV             := auto-generated-text
MPISE_DESTRUCTIVE := 1
MPISE_STATELESS   := 0
----
ARCH              := rv64
TYPE              := ise
RADIX             := 56
PLATFORM          := cva6-fpga
VERSION           := simple
<<<<
bbl loader
! 56, ise, 64, 1, 0, 8, 448, 1000, 996, 1006, 1006, 1006
  result is correct!
! 56, ise, 64, 1, 0, 12, 672, 1000, 992, 2018, 2018, 2018
  result is correct!
! 56, ise, 64, 1, 0, 16, 896, 1000, 988, 3382, 3382, 3382
  result is correct!
! 56, ise, 64, 1, 0, 20, 1120, 1000, 983, 5098, 5098, 5098
  result is correct!
! 56, ise, 64, 1, 0, 24, 1344, 1000, 975, 7166, 7166, 7166
  result is correct!
! 56, ise, 64, 1, 0, 28, 1568, 1000, 971, 9586, 9586, 9586
  result is correct!
! 56, ise, 64, 1, 0, 32, 1792, 1000, 960, 12358, 12358, 12358
  result is correct!
! 56, ise, 64, 1, 0, 36, 2016, 1000, 947, 15482, 15482, 15482
  result is correct!
! 56, ise, 64, 1, 0, 40, 2240, 1000, 931, 18958, 18958, 18958
  result is correct!
! 56, ise, 64, 1, 0, 44, 2464, 1000, 923, 22786, 22786, 22786
  result is correct!
! 56, ise, 64, 1, 0, 48, 2688, 1000, 911, 26966, 26966, 26966
  result is correct!
! 56, ise, 64, 1, 0, 52, 2912, 1000, 896, 31498, 31498, 31498
  result is correct!
! 56, ise, 64, 1, 0, 56, 3136, 1000, 882, 36382, 36382, 36382
  result is correct!
! 56, ise, 64, 1, 0, 60, 3360, 1000, 864, 41618, 41618, 41618
  result is correct!
! 56, ise, 64, 1, 0, 64, 3584, 1000, 846, 47206, 47206, 47206
  result is correct!
! 56, ise, 64, 1, 0, 68, 3808, 1000, 829, 53146, 53146, 53146
  result is correct!
! 56, ise, 64, 1, 0, 72, 4032, 1000, 805, 59438, 59438, 59438
  result is correct!
