>>>>
====
REPO_HOME         := auto-generated-text
RISCV             := auto-generated-text
MPISE_DESTRUCTIVE := 1
MPISE_STATELESS   := 0
----
ARCH              := rv64
TYPE              := isa
RADIX             := 55
PLATFORM          := cva6-fpga
VERSION           := hybrid
<<<<
bbl loader
! 55, isa, 64, 1, 0, 8, 440, 1000, 986, 854, 854, 854
  result is correct!
! 55, isa, 64, 1, 0, 12, 660, 1000, 980, 1641, 1641, 1641
  result is correct!
! 55, isa, 64, 1, 0, 16, 880, 1000, 977, 2682, 2682, 2682
  result is correct!
! 55, isa, 64, 1, 0, 20, 1100, 1000, 966, 3956, 3956, 3956
  result is correct!
! 55, isa, 64, 1, 0, 24, 1320, 1000, 957, 5489, 5489, 5489
  result is correct!
! 55, isa, 64, 1, 0, 28, 1540, 1000, 946, 7276, 7276, 7276
  result is correct!
! 55, isa, 64, 1, 0, 32, 1760, 1000, 934, 9317, 9317, 9317
  result is correct!
! 55, isa, 64, 1, 0, 36, 1980, 1000, 917, 11612, 11612, 11612
  result is correct!
! 55, isa, 64, 1, 0, 40, 2200, 1000, 899, 14161, 14161, 14161
  result is correct!
! 55, isa, 64, 1, 0, 44, 2420, 1000, 881, 16964, 16964, 16964
  result is correct!
! 55, isa, 64, 1, 0, 48, 2640, 1000, 865, 20021, 20021, 20021
  result is correct!
! 55, isa, 64, 1, 0, 52, 2860, 1000, 842, 23332, 23332, 23332
  result is correct!
! 55, isa, 64, 1, 0, 56, 3080, 1000, 821, 26897, 26897, 26897
  result is correct!
! 55, isa, 64, 1, 0, 60, 3300, 1000, 798, 30716, 30716, 30716
  result is correct!
! 55, isa, 64, 1, 0, 64, 3520, 1000, 766, 34789, 34789, 34789
  result is correct!
! 55, isa, 64, 1, 0, 68, 3740, 1000, 747, 39116, 39116, 39116
  result is correct!
! 55, isa, 64, 1, 0, 72, 3960, 1000, 709, 43697, 43697, 43697
  result is correct!
