>>>>
====
REPO_HOME         := auto-generated-text
RISCV             := auto-generated-text
MPISE_DESTRUCTIVE := 1
MPISE_STATELESS   := 0
----
ARCH              := rv64
TYPE              := isa
RADIX             := 52
PLATFORM          := cva6-fpga
VERSION           := hybrid
<<<<
bbl loader
! 52, isa, 64, 1, 0, 8, 416, 1000, 985, 854, 854, 854
  result is correct!
! 52, isa, 64, 1, 0, 12, 624, 1000, 981, 1641, 1641, 1641
  result is correct!
! 52, isa, 64, 1, 0, 16, 832, 1000, 975, 2682, 2682, 2682
  result is correct!
! 52, isa, 64, 1, 0, 20, 1040, 1000, 967, 3956, 3956, 3956
  result is correct!
! 52, isa, 64, 1, 0, 24, 1248, 1000, 959, 5489, 5489, 5489
  result is correct!
! 52, isa, 64, 1, 0, 28, 1456, 1000, 941, 7276, 7276, 7276
  result is correct!
! 52, isa, 64, 1, 0, 32, 1664, 1000, 933, 9317, 9317, 9317
  result is correct!
! 52, isa, 64, 1, 0, 36, 1872, 1000, 916, 11612, 11612, 11612
  result is correct!
! 52, isa, 64, 1, 0, 40, 2080, 1000, 900, 14161, 14161, 14161
  result is correct!
! 52, isa, 64, 1, 0, 44, 2288, 1000, 880, 16964, 16964, 16964
  result is correct!
! 52, isa, 64, 1, 0, 48, 2496, 1000, 861, 20021, 20021, 20021
  result is correct!
! 52, isa, 64, 1, 0, 52, 2704, 1000, 842, 23332, 23332, 23332
  result is correct!
! 52, isa, 64, 1, 0, 56, 2912, 1000, 819, 26897, 26897, 26897
  result is correct!
! 52, isa, 64, 1, 0, 60, 3120, 1000, 792, 30716, 30716, 30716
  result is correct!
! 52, isa, 64, 1, 0, 64, 3328, 1000, 772, 34789, 34789, 34789
  result is correct!
! 52, isa, 64, 1, 0, 68, 3536, 1000, 740, 39116, 39116, 39116
  result is correct!
! 52, isa, 64, 1, 0, 72, 3744, 1000, 712, 43697, 43697, 43697
  result is correct!
