>>>>
====
REPO_HOME         := auto-generated-text
RISCV             := auto-generated-text
MPISE_DESTRUCTIVE := 1
MPISE_STATELESS   := 0
----
ARCH              := rv64
TYPE              := isa
RADIX             := 50
PLATFORM          := cva6-fpga
VERSION           := simple
<<<<
bbl loader
! 50, isa, 64, 1, 0, 8, 400, 1000, 995, 1210, 1210, 1210
  result is correct!
! 50, isa, 64, 1, 0, 12, 600, 1000, 993, 2470, 2470, 2470
  result is correct!
! 50, isa, 64, 1, 0, 16, 800, 1000, 990, 4178, 4178, 4178
  result is correct!
! 50, isa, 64, 1, 0, 20, 1000, 1000, 984, 6334, 6334, 6334
  result is correct!
! 50, isa, 64, 1, 0, 24, 1200, 1000, 968, 8938, 8938, 8938
  result is correct!
! 50, isa, 64, 1, 0, 28, 1400, 1000, 969, 11990, 11990, 11990
  result is correct!
! 50, isa, 64, 1, 0, 32, 1600, 1000, 958, 15490, 15490, 15490
  result is correct!
! 50, isa, 64, 1, 0, 36, 1800, 1000, 955, 19438, 19438, 19438
  result is correct!
! 50, isa, 64, 1, 0, 40, 2000, 1000, 943, 23834, 23834, 23834
  result is correct!
! 50, isa, 64, 1, 0, 44, 2200, 1000, 932, 28678, 28678, 28678
  result is correct!
! 50, isa, 64, 1, 0, 48, 2400, 1000, 917, 33970, 33970, 33970
  result is correct!
! 50, isa, 64, 1, 0, 52, 2600, 1000, 908, 39710, 39710, 39710
  result is correct!
! 50, isa, 64, 1, 0, 56, 2800, 1000, 889, 45898, 45898, 45898
  result is correct!
! 50, isa, 64, 1, 0, 60, 3000, 1000, 880, 52534, 52534, 52534
  result is correct!
! 50, isa, 64, 1, 0, 64, 3200, 1000, 870, 59618, 59618, 59618
  result is correct!
! 50, isa, 64, 1, 0, 68, 3400, 1000, 844, 67150, 67150, 67150
  result is correct!
! 50, isa, 64, 1, 0, 72, 3600, 1000, 828, 75130, 75130, 75130
  result is correct!
