>>>>
====
REPO_HOME         := auto-generated-text
RISCV             := auto-generated-text
MPISE_DESTRUCTIVE := 1
MPISE_STATELESS   := 0
----
ARCH              := rv64
TYPE              := isa
RADIX             := 64
PLATFORM          := cva6-fpga
VERSION           := hybrid
<<<<
bbl loader
! 64, isa, 64, 1, 0, 8, 512, 1000, 982, 790, 790, 790
  result is correct!
! 64, isa, 64, 1, 0, 12, 768, 1000, 979, 1629, 1629, 1629
  result is correct!
! 64, isa, 64, 1, 0, 16, 1024, 1000, 968, 2794, 2794, 2794
  result is correct!
! 64, isa, 64, 1, 0, 20, 1280, 1000, 963, 4240, 4240, 4240
  result is correct!
! 64, isa, 64, 1, 0, 24, 1536, 1000, 953, 6005, 6005, 6005
  result is correct!
! 64, isa, 64, 1, 0, 28, 1792, 1000, 936, 8082, 8082, 8082
  result is correct!
! 64, isa, 64, 1, 0, 32, 2048, 1000, 927, 10471, 10471, 10471
  result is correct!
! 64, isa, 64, 1, 0, 36, 2304, 1000, 900, 13172, 13172, 13172
  result is correct!
! 64, isa, 64, 1, 0, 40, 2560, 1000, 885, 16185, 16185, 16185
  result is correct!
! 64, isa, 64, 1, 0, 44, 2816, 1000, 864, 19510, 19510, 19510
  result is correct!
! 64, isa, 64, 1, 0, 48, 3072, 1000, 840, 23147, 23147, 23147
  result is correct!
! 64, isa, 64, 1, 0, 52, 3328, 1000, 816, 27096, 27096, 27096
  result is correct!
! 64, isa, 64, 1, 0, 56, 3584, 1000, 795, 31357, 31357, 31357
  result is correct!
! 64, isa, 64, 1, 0, 60, 3840, 1000, 756, 35930, 35930, 35930
  result is correct!
! 64, isa, 64, 1, 0, 64, 4096, 1000, 728, 40815, 40815, 40815
  result is correct!
