>>>>
====
REPO_HOME         := auto-generated-text
RISCV             := auto-generated-text
MPISE_DESTRUCTIVE := 1
MPISE_STATELESS   := 0
----
ARCH              := rv64
TYPE              := isa
RADIX             := 53
PLATFORM          := cva6-fpga
VERSION           := hybrid
<<<<
bbl loader
! 53, isa, 64, 1, 0, 8, 424, 1000, 984, 854, 854, 854
  result is correct!
! 53, isa, 64, 1, 0, 12, 636, 1000, 974, 1641, 1641, 1641
  result is correct!
! 53, isa, 64, 1, 0, 16, 848, 1000, 971, 2682, 2682, 2682
  result is correct!
! 53, isa, 64, 1, 0, 20, 1060, 1000, 969, 3956, 3956, 3956
  result is correct!
! 53, isa, 64, 1, 0, 24, 1272, 1000, 954, 5489, 5489, 5489
  result is correct!
! 53, isa, 64, 1, 0, 28, 1484, 1000, 946, 7276, 7276, 7276
  result is correct!
! 53, isa, 64, 1, 0, 32, 1696, 1000, 931, 9317, 9317, 9317
  result is correct!
! 53, isa, 64, 1, 0, 36, 1908, 1000, 916, 11612, 11612, 11612
  result is correct!
! 53, isa, 64, 1, 0, 40, 2120, 1000, 901, 14161, 14161, 14161
  result is correct!
! 53, isa, 64, 1, 0, 44, 2332, 1000, 884, 16964, 16964, 16964
  result is correct!
! 53, isa, 64, 1, 0, 48, 2544, 1000, 864, 20021, 20021, 20021
  result is correct!
! 53, isa, 64, 1, 0, 52, 2756, 1000, 841, 23332, 23332, 23332
  result is correct!
! 53, isa, 64, 1, 0, 56, 2968, 1000, 821, 26897, 26897, 26897
  result is correct!
! 53, isa, 64, 1, 0, 60, 3180, 1000, 792, 30716, 30716, 30716
  result is correct!
! 53, isa, 64, 1, 0, 64, 3392, 1000, 767, 34789, 34789, 34789
  result is correct!
! 53, isa, 64, 1, 0, 68, 3604, 1000, 740, 39116, 39116, 39116
  result is correct!
! 53, isa, 64, 1, 0, 72, 3816, 1000, 713, 43697, 43697, 43697
  result is correct!
