>>>>
====
REPO_HOME         := auto-generated-text
RISCV             := auto-generated-text
MPISE_DESTRUCTIVE := 1
MPISE_STATELESS   := 0
----
ARCH              := rv64
TYPE              := ise
RADIX             := 51
PLATFORM          := cva6-fpga
VERSION           := simple
<<<<
bbl loader
! 51, ise, 64, 1, 0, 8, 408, 1000, 993, 1006, 1006, 1006
  result is correct!
! 51, ise, 64, 1, 0, 12, 612, 1000, 991, 2018, 2018, 2018
  result is correct!
! 51, ise, 64, 1, 0, 16, 816, 1000, 988, 3382, 3382, 3382
  result is correct!
! 51, ise, 64, 1, 0, 20, 1020, 1000, 984, 5098, 5098, 5098
  result is correct!
! 51, ise, 64, 1, 0, 24, 1224, 1000, 975, 7166, 7166, 7166
  result is correct!
! 51, ise, 64, 1, 0, 28, 1428, 1000, 979, 9586, 9586, 9586
  result is correct!
! 51, ise, 64, 1, 0, 32, 1632, 1000, 959, 12358, 12358, 12358
  result is correct!
! 51, ise, 64, 1, 0, 36, 1836, 1000, 957, 15482, 15482, 15482
  result is correct!
! 51, ise, 64, 1, 0, 40, 2040, 1000, 938, 18958, 18958, 18958
  result is correct!
! 51, ise, 64, 1, 0, 44, 2244, 1000, 914, 22786, 22786, 22786
  result is correct!
! 51, ise, 64, 1, 0, 48, 2448, 1000, 912, 26966, 26966, 26966
  result is correct!
! 51, ise, 64, 1, 0, 52, 2652, 1000, 898, 31498, 31498, 31498
  result is correct!
! 51, ise, 64, 1, 0, 56, 2856, 1000, 883, 36382, 36382, 36382
  result is correct!
! 51, ise, 64, 1, 0, 60, 3060, 1000, 866, 41618, 41618, 41618
  result is correct!
! 51, ise, 64, 1, 0, 64, 3264, 1000, 847, 47206, 47206, 47206
  result is correct!
! 51, ise, 64, 1, 0, 68, 3468, 1000, 819, 53146, 53146, 53146
  result is correct!
! 51, ise, 64, 1, 0, 72, 3672, 1000, 808, 59438, 59438, 59438
  result is correct!
