>>>>
====
REPO_HOME         := auto-generated-text
RISCV             := auto-generated-text
MPISE_DESTRUCTIVE := 1
MPISE_STATELESS   := 0
----
ARCH              := rv64
TYPE              := ise
RADIX             := 54
PLATFORM          := cva6-fpga
VERSION           := hybrid
<<<<
bbl loader
! 54, ise, 64, 1, 0, 8, 432, 1000, 988, 502, 502, 502
  result is correct!
! 54, ise, 64, 1, 0, 12, 648, 1000, 985, 868, 868, 868
  result is correct!
! 54, ise, 64, 1, 0, 16, 864, 1000, 982, 1328, 1328, 1328
  result is correct!
! 54, ise, 64, 1, 0, 20, 1080, 1000, 979, 1865, 1865, 1865
  result is correct!
! 54, ise, 64, 1, 0, 24, 1296, 1000, 977, 2503, 2503, 2503
  result is correct!
! 54, ise, 64, 1, 0, 28, 1512, 1000, 970, 3237, 3237, 3237
  result is correct!
! 54, ise, 64, 1, 0, 32, 1728, 1000, 966, 4067, 4067, 4067
  result is correct!
! 54, ise, 64, 1, 0, 36, 1944, 1000, 954, 4993, 4993, 4993
  result is correct!
! 54, ise, 64, 1, 0, 40, 2160, 1000, 953, 6015, 6015, 6015
  result is correct!
! 54, ise, 64, 1, 0, 44, 2376, 1000, 947, 7133, 7133, 7133
  result is correct!
! 54, ise, 64, 1, 0, 48, 2592, 1000, 938, 8347, 8347, 8347
  result is correct!
! 54, ise, 64, 1, 0, 52, 2808, 1000, 931, 9657, 9657, 9657
  result is correct!
! 54, ise, 64, 1, 0, 56, 3024, 1000, 919, 11063, 11063, 11063
  result is correct!
! 54, ise, 64, 1, 0, 60, 3240, 1000, 907, 12565, 12565, 12565
  result is correct!
! 54, ise, 64, 1, 0, 64, 3456, 1000, 903, 14163, 14163, 14163
  result is correct!
! 54, ise, 64, 1, 0, 68, 3672, 1000, 892, 15857, 15857, 15857
  result is correct!
! 54, ise, 64, 1, 0, 72, 3888, 1000, 876, 17647, 17647, 17647
  result is correct!
