>>>>
====
REPO_HOME         := auto-generated-text
RISCV             := auto-generated-text
MPISE_DESTRUCTIVE := 1
MPISE_STATELESS   := 0
----
ARCH              := rv64
TYPE              := ise
RADIX             := 55
PLATFORM          := cva6-fpga
VERSION           := hybrid
<<<<
bbl loader
! 55, ise, 64, 1, 0, 8, 440, 1000, 989, 502, 502, 502
  result is correct!
! 55, ise, 64, 1, 0, 12, 660, 1000, 988, 868, 868, 868
  result is correct!
! 55, ise, 64, 1, 0, 16, 880, 1000, 777, 1328, 1328, 1328
  result is correct!
! 55, ise, 64, 1, 0, 20, 1100, 1000, 975, 1865, 1865, 1865
  result is correct!
! 55, ise, 64, 1, 0, 24, 1320, 1000, 973, 2503, 2503, 2503
  result is correct!
! 55, ise, 64, 1, 0, 28, 1540, 1000, 971, 3237, 3237, 3237
  result is correct!
! 55, ise, 64, 1, 0, 32, 1760, 1000, 962, 4067, 4067, 4067
  result is correct!
! 55, ise, 64, 1, 0, 36, 1980, 1000, 956, 4993, 4993, 4993
  result is correct!
! 55, ise, 64, 1, 0, 40, 2200, 1000, 954, 6015, 6015, 6015
  result is correct!
! 55, ise, 64, 1, 0, 44, 2420, 1000, 945, 7133, 7133, 7133
  result is correct!
! 55, ise, 64, 1, 0, 48, 2640, 1000, 937, 8347, 8347, 8347
  result is correct!
! 55, ise, 64, 1, 0, 52, 2860, 1000, 931, 9657, 9657, 9657
  result is correct!
! 55, ise, 64, 1, 0, 56, 3080, 1000, 922, 11063, 11063, 11063
  result is correct!
! 55, ise, 64, 1, 0, 60, 3300, 1000, 912, 12565, 12565, 12565
  result is correct!
! 55, ise, 64, 1, 0, 64, 3520, 1000, 903, 14163, 14163, 14163
  result is correct!
! 55, ise, 64, 1, 0, 68, 3740, 1000, 886, 15857, 15857, 15857
  result is correct!
! 55, ise, 64, 1, 0, 72, 3960, 1000, 881, 17647, 17647, 17647
  result is correct!
