>>>>
====
REPO_HOME         := auto-generated-text
RISCV             := auto-generated-text
MPISE_DESTRUCTIVE := 1
MPISE_STATELESS   := 0
----
ARCH              := rv64
TYPE              := ise
RADIX             := 64
PLATFORM          := cva6-fpga
VERSION           := simple
<<<<
bbl loader
! 64, ise, 64, 1, 0, 8, 512, 1000, 995, 1121, 1121, 1121
  result is correct!
! 64, ise, 64, 1, 0, 12, 768, 1000, 992, 2290, 2290, 2290
  result is correct!
! 64, ise, 64, 1, 0, 16, 1024, 1000, 986, 3874, 3874, 3874
  result is correct!
! 64, ise, 64, 1, 0, 20, 1280, 1000, 979, 5874, 5874, 5874
  result is correct!
! 64, ise, 64, 1, 0, 24, 1536, 1000, 977, 8290, 8290, 8290
  result is correct!
! 64, ise, 64, 1, 0, 28, 1792, 1000, 962, 11122, 11122, 11122
  result is correct!
! 64, ise, 64, 1, 0, 32, 2048, 1000, 956, 14370, 14370, 14370
  result is correct!
! 64, ise, 64, 1, 0, 36, 2304, 1000, 945, 18034, 18034, 18034
  result is correct!
! 64, ise, 64, 1, 0, 40, 2560, 1000, 929, 22114, 22114, 22114
  result is correct!
! 64, ise, 64, 1, 0, 44, 2816, 1000, 917, 26610, 26610, 26610
  result is correct!
! 64, ise, 64, 1, 0, 48, 3072, 1000, 901, 31522, 31522, 31522
  result is correct!
! 64, ise, 64, 1, 0, 52, 3328, 1000, 877, 36850, 36850, 36850
  result is correct!
! 64, ise, 64, 1, 0, 56, 3584, 1000, 862, 42594, 42594, 42594
  result is correct!
! 64, ise, 64, 1, 0, 60, 3840, 1000, 847, 48754, 48754, 48754
  result is correct!
! 64, ise, 64, 1, 0, 64, 4096, 1000, 827, 55330, 55330, 55330
  result is correct!
