>>>>
====
REPO_HOME         := auto-generated-text
RISCV             := auto-generated-text
MPISE_DESTRUCTIVE := 1
MPISE_STATELESS   := 0
----
ARCH              := rv64
TYPE              := ise
RADIX             := 52
PLATFORM          := cva6-fpga
VERSION           := hybrid
<<<<
bbl loader
! 52, ise, 64, 1, 0, 8, 416, 1000, 988, 502, 502, 502
  result is correct!
! 52, ise, 64, 1, 0, 12, 624, 1000, 984, 868, 868, 868
  result is correct!
! 52, ise, 64, 1, 0, 16, 832, 1000, 982, 1328, 1328, 1328
  result is correct!
! 52, ise, 64, 1, 0, 20, 1040, 1000, 980, 1865, 1865, 1865
  result is correct!
! 52, ise, 64, 1, 0, 24, 1248, 1000, 976, 2503, 2503, 2503
  result is correct!
! 52, ise, 64, 1, 0, 28, 1456, 1000, 970, 3237, 3237, 3237
  result is correct!
! 52, ise, 64, 1, 0, 32, 1664, 1000, 970, 4067, 4067, 4067
  result is correct!
! 52, ise, 64, 1, 0, 36, 1872, 1000, 960, 4993, 4993, 4993
  result is correct!
! 52, ise, 64, 1, 0, 40, 2080, 1000, 948, 6015, 6015, 6015
  result is correct!
! 52, ise, 64, 1, 0, 44, 2288, 1000, 947, 7133, 7133, 7133
  result is correct!
! 52, ise, 64, 1, 0, 48, 2496, 1000, 935, 8347, 8347, 8347
  result is correct!
! 52, ise, 64, 1, 0, 52, 2704, 1000, 925, 9657, 9657, 9657
  result is correct!
! 52, ise, 64, 1, 0, 56, 2912, 1000, 920, 11063, 11063, 11063
  result is correct!
! 52, ise, 64, 1, 0, 60, 3120, 1000, 906, 12565, 12565, 12565
  result is correct!
! 52, ise, 64, 1, 0, 64, 3328, 1000, 900, 14163, 14163, 14163
  result is correct!
! 52, ise, 64, 1, 0, 68, 3536, 1000, 888, 15857, 15857, 15857
  result is correct!
! 52, ise, 64, 1, 0, 72, 3744, 1000, 876, 17647, 17647, 17647
  result is correct!
