>>>>
====
REPO_HOME         := auto-generated-text
RISCV             := auto-generated-text
MPISE_DESTRUCTIVE := 1
MPISE_STATELESS   := 0
----
ARCH              := rv64
TYPE              := isa
RADIX             := 57
PLATFORM          := cva6-fpga
VERSION           := simple
<<<<
bbl loader
! 57, isa, 64, 1, 0, 8, 456, 1000, 994, 1210, 1210, 1210
  result is correct!
! 57, isa, 64, 1, 0, 12, 684, 1000, 993, 2470, 2470, 2470
  result is correct!
! 57, isa, 64, 1, 0, 16, 912, 1000, 990, 4178, 4178, 4178
  result is correct!
! 57, isa, 64, 1, 0, 20, 1140, 1000, 986, 6334, 6334, 6334
  result is correct!
! 57, isa, 64, 1, 0, 24, 1368, 1000, 977, 8938, 8938, 8938
  result is correct!
! 57, isa, 64, 1, 0, 28, 1596, 1000, 975, 11990, 11990, 11990
  result is correct!
! 57, isa, 64, 1, 0, 32, 1824, 1000, 962, 15490, 15490, 15490
  result is correct!
! 57, isa, 64, 1, 0, 36, 2052, 1000, 956, 19438, 19438, 19438
  result is correct!
! 57, isa, 64, 1, 0, 40, 2280, 1000, 946, 23834, 23834, 23834
  result is correct!
! 57, isa, 64, 1, 0, 44, 2508, 1000, 930, 28678, 28678, 28678
  result is correct!
! 57, isa, 64, 1, 0, 48, 2736, 1000, 920, 33970, 33970, 33970
  result is correct!
! 57, isa, 64, 1, 0, 52, 2964, 1000, 908, 39710, 39710, 39710
  result is correct!
! 57, isa, 64, 1, 0, 56, 3192, 1000, 896, 45898, 45898, 45898
  result is correct!
! 57, isa, 64, 1, 0, 60, 3420, 1000, 878, 52534, 52534, 52534
  result is correct!
! 57, isa, 64, 1, 0, 64, 3648, 1000, 863, 59618, 59618, 59618
  result is correct!
! 57, isa, 64, 1, 0, 68, 3876, 1000, 840, 67150, 67150, 67150
  result is correct!
! 57, isa, 64, 1, 0, 72, 4104, 1000, 819, 75130, 75130, 75130
  result is correct!
