>>>>
====
REPO_HOME         := auto-generated-text
RISCV             := auto-generated-text
MPISE_DESTRUCTIVE := 1
MPISE_STATELESS   := 0
----
ARCH              := rv64
TYPE              := ise
RADIX             := 52
PLATFORM          := cva6-fpga
VERSION           := simple
<<<<
bbl loader
! 52, ise, 64, 1, 0, 8, 416, 1000, 997, 1006, 1006, 1006
  result is correct!
! 52, ise, 64, 1, 0, 12, 624, 1000, 989, 2018, 2018, 2018
  result is correct!
! 52, ise, 64, 1, 0, 16, 832, 1000, 988, 3382, 3382, 3382
  result is correct!
! 52, ise, 64, 1, 0, 20, 1040, 1000, 981, 5098, 5098, 5098
  result is correct!
! 52, ise, 64, 1, 0, 24, 1248, 1000, 977, 7166, 7166, 7166
  result is correct!
! 52, ise, 64, 1, 0, 28, 1456, 1000, 979, 9586, 9586, 9586
  result is correct!
! 52, ise, 64, 1, 0, 32, 1664, 1000, 964, 12358, 12358, 12358
  result is correct!
! 52, ise, 64, 1, 0, 36, 1872, 1000, 948, 15482, 15482, 15482
  result is correct!
! 52, ise, 64, 1, 0, 40, 2080, 1000, 940, 18958, 18958, 18958
  result is correct!
! 52, ise, 64, 1, 0, 44, 2288, 1000, 924, 22786, 22786, 22786
  result is correct!
! 52, ise, 64, 1, 0, 48, 2496, 1000, 912, 26966, 26966, 26966
  result is correct!
! 52, ise, 64, 1, 0, 52, 2704, 1000, 899, 31498, 31498, 31498
  result is correct!
! 52, ise, 64, 1, 0, 56, 2912, 1000, 883, 36382, 36382, 36382
  result is correct!
! 52, ise, 64, 1, 0, 60, 3120, 1000, 869, 41618, 41618, 41618
  result is correct!
! 52, ise, 64, 1, 0, 64, 3328, 1000, 851, 47206, 47206, 47206
  result is correct!
! 52, ise, 64, 1, 0, 68, 3536, 1000, 833, 53146, 53146, 53146
  result is correct!
! 52, ise, 64, 1, 0, 72, 3744, 1000, 812, 59438, 59438, 59438
  result is correct!
