>>>>
====
REPO_HOME         := auto-generated-text
RISCV             := auto-generated-text
MPISE_DESTRUCTIVE := 1
MPISE_STATELESS   := 0
----
ARCH              := rv64
TYPE              := isa
RADIX             := 51
PLATFORM          := cva6-fpga
VERSION           := simple
<<<<
bbl loader
! 51, isa, 64, 1, 0, 8, 408, 1000, 995, 1210, 1210, 1210
  result is correct!
! 51, isa, 64, 1, 0, 12, 612, 1000, 994, 2470, 2470, 2470
  result is correct!
! 51, isa, 64, 1, 0, 16, 816, 1000, 989, 4178, 4178, 4178
  result is correct!
! 51, isa, 64, 1, 0, 20, 1020, 1000, 986, 6334, 6334, 6334
  result is correct!
! 51, isa, 64, 1, 0, 24, 1224, 1000, 978, 8938, 8938, 8938
  result is correct!
! 51, isa, 64, 1, 0, 28, 1428, 1000, 972, 11990, 11990, 11990
  result is correct!
! 51, isa, 64, 1, 0, 32, 1632, 1000, 957, 15490, 15490, 15490
  result is correct!
! 51, isa, 64, 1, 0, 36, 1836, 1000, 958, 19438, 19438, 19438
  result is correct!
! 51, isa, 64, 1, 0, 40, 2040, 1000, 949, 23834, 23834, 23834
  result is correct!
! 51, isa, 64, 1, 0, 44, 2244, 1000, 929, 28678, 28678, 28678
  result is correct!
! 51, isa, 64, 1, 0, 48, 2448, 1000, 920, 33970, 33970, 33970
  result is correct!
! 51, isa, 64, 1, 0, 52, 2652, 1000, 911, 39710, 39710, 39710
  result is correct!
! 51, isa, 64, 1, 0, 56, 2856, 1000, 893, 45898, 45898, 45898
  result is correct!
! 51, isa, 64, 1, 0, 60, 3060, 1000, 878, 52534, 52534, 52534
  result is correct!
! 51, isa, 64, 1, 0, 64, 3264, 1000, 859, 59618, 59618, 59618
  result is correct!
! 51, isa, 64, 1, 0, 68, 3468, 1000, 839, 67150, 67150, 67150
  result is correct!
! 51, isa, 64, 1, 0, 72, 3672, 1000, 819, 75130, 75130, 75130
  result is correct!
