>>>>
====
REPO_HOME         := auto-generated-text
RISCV             := auto-generated-text
MPISE_DESTRUCTIVE := 1
MPISE_STATELESS   := 0
----
ARCH              := rv64
TYPE              := isa
RADIX             := 51
PLATFORM          := cva6-fpga
VERSION           := hybrid
<<<<
bbl loader
! 51, isa, 64, 1, 0, 8, 408, 1000, 984, 854, 854, 854
  result is correct!
! 51, isa, 64, 1, 0, 12, 612, 1000, 977, 1641, 1641, 1641
  result is correct!
! 51, isa, 64, 1, 0, 16, 816, 1000, 972, 2682, 2682, 2682
  result is correct!
! 51, isa, 64, 1, 0, 20, 1020, 1000, 966, 3956, 3956, 3956
  result is correct!
! 51, isa, 64, 1, 0, 24, 1224, 1000, 956, 5489, 5489, 5489
  result is correct!
! 51, isa, 64, 1, 0, 28, 1428, 1000, 944, 7276, 7276, 7276
  result is correct!
! 51, isa, 64, 1, 0, 32, 1632, 1000, 931, 9317, 9317, 9317
  result is correct!
! 51, isa, 64, 1, 0, 36, 1836, 1000, 913, 11612, 11612, 11612
  result is correct!
! 51, isa, 64, 1, 0, 40, 2040, 1000, 901, 14161, 14161, 14161
  result is correct!
! 51, isa, 64, 1, 0, 44, 2244, 1000, 882, 16964, 16964, 16964
  result is correct!
! 51, isa, 64, 1, 0, 48, 2448, 1000, 862, 20021, 20021, 20021
  result is correct!
! 51, isa, 64, 1, 0, 52, 2652, 1000, 844, 23332, 23332, 23332
  result is correct!
! 51, isa, 64, 1, 0, 56, 2856, 1000, 818, 26897, 26897, 26897
  result is correct!
! 51, isa, 64, 1, 0, 60, 3060, 1000, 794, 30716, 30716, 30716
  result is correct!
! 51, isa, 64, 1, 0, 64, 3264, 1000, 771, 34789, 34789, 34789
  result is correct!
! 51, isa, 64, 1, 0, 68, 3468, 1000, 741, 39116, 39116, 39116
  result is correct!
! 51, isa, 64, 1, 0, 72, 3672, 1000, 711, 43697, 43697, 43697
  result is correct!
