>>>>
====
REPO_HOME         := auto-generated-text
RISCV             := auto-generated-text
MPISE_DESTRUCTIVE := 1
MPISE_STATELESS   := 0
----
ARCH              := rv64
TYPE              := isa
RADIX             := 54
PLATFORM          := cva6-fpga
VERSION           := hybrid
<<<<
bbl loader
! 54, isa, 64, 1, 0, 8, 432, 1000, 986, 854, 854, 854
  result is correct!
! 54, isa, 64, 1, 0, 12, 648, 1000, 978, 1641, 1641, 1641
  result is correct!
! 54, isa, 64, 1, 0, 16, 864, 1000, 972, 2682, 2682, 2682
  result is correct!
! 54, isa, 64, 1, 0, 20, 1080, 1000, 967, 3956, 3956, 3956
  result is correct!
! 54, isa, 64, 1, 0, 24, 1296, 1000, 957, 5489, 5489, 5489
  result is correct!
! 54, isa, 64, 1, 0, 28, 1512, 1000, 944, 7276, 7276, 7276
  result is correct!
! 54, isa, 64, 1, 0, 32, 1728, 1000, 928, 9317, 9317, 9317
  result is correct!
! 54, isa, 64, 1, 0, 36, 1944, 1000, 919, 11612, 11612, 11612
  result is correct!
! 54, isa, 64, 1, 0, 40, 2160, 1000, 895, 14161, 14161, 14161
  result is correct!
! 54, isa, 64, 1, 0, 44, 2376, 1000, 882, 16964, 16964, 16964
  result is correct!
! 54, isa, 64, 1, 0, 48, 2592, 1000, 864, 20021, 20021, 20021
  result is correct!
! 54, isa, 64, 1, 0, 52, 2808, 1000, 845, 23332, 23332, 23332
  result is correct!
! 54, isa, 64, 1, 0, 56, 3024, 1000, 823, 26897, 26897, 26897
  result is correct!
! 54, isa, 64, 1, 0, 60, 3240, 1000, 797, 30716, 30716, 30716
  result is correct!
! 54, isa, 64, 1, 0, 64, 3456, 1000, 764, 34789, 34789, 34789
  result is correct!
! 54, isa, 64, 1, 0, 68, 3672, 1000, 743, 39116, 39116, 39116
  result is correct!
! 54, isa, 64, 1, 0, 72, 3888, 1000, 716, 43697, 43697, 43697
  result is correct!
