>>>>
====
REPO_HOME         := auto-generated-text
RISCV             := auto-generated-text
MPISE_DESTRUCTIVE := 1
MPISE_STATELESS   := 0
----
ARCH              := rv64
TYPE              := ise
RADIX             := 51
PLATFORM          := cva6-fpga
VERSION           := hybrid
<<<<
bbl loader
! 51, ise, 64, 1, 0, 8, 408, 1000, 988, 502, 502, 502
  result is correct!
! 51, ise, 64, 1, 0, 12, 612, 1000, 985, 868, 868, 868
  result is correct!
! 51, ise, 64, 1, 0, 16, 816, 1000, 983, 1328, 1328, 1328
  result is correct!
! 51, ise, 64, 1, 0, 20, 1020, 1000, 980, 1865, 1865, 1865
  result is correct!
! 51, ise, 64, 1, 0, 24, 1224, 1000, 974, 2503, 2503, 2503
  result is correct!
! 51, ise, 64, 1, 0, 28, 1428, 1000, 970, 3237, 3237, 3237
  result is correct!
! 51, ise, 64, 1, 0, 32, 1632, 1000, 964, 4067, 4067, 4067
  result is correct!
! 51, ise, 64, 1, 0, 36, 1836, 1000, 961, 4993, 4993, 4993
  result is correct!
! 51, ise, 64, 1, 0, 40, 2040, 1000, 956, 6015, 6015, 6015
  result is correct!
! 51, ise, 64, 1, 0, 44, 2244, 1000, 948, 7133, 7133, 7133
  result is correct!
! 51, ise, 64, 1, 0, 48, 2448, 1000, 933, 8347, 8347, 8347
  result is correct!
! 51, ise, 64, 1, 0, 52, 2652, 1000, 929, 9657, 9657, 9657
  result is correct!
! 51, ise, 64, 1, 0, 56, 2856, 1000, 922, 11063, 11063, 11063
  result is correct!
! 51, ise, 64, 1, 0, 60, 3060, 1000, 913, 12565, 12565, 12565
  result is correct!
! 51, ise, 64, 1, 0, 64, 3264, 1000, 895, 14163, 14163, 14163
  result is correct!
! 51, ise, 64, 1, 0, 68, 3468, 1000, 892, 15857, 15857, 15857
  result is correct!
! 51, ise, 64, 1, 0, 72, 3672, 1000, 883, 17647, 17647, 17647
  result is correct!
