=============================================================
test_nop - nop_routine
=============================================================

-------------------- Cycles --------------------

! @  13 13 13 13 13 13 13 13 13 13

---------------- Instructions ----------------

! @  25 25 25 25 25 25 25 25 25 25

----------------------------------------------

=============================================================
test_gfp_arith - gfp add
=============================================================

-------------------- Cycles --------------------

! @  93 101 93 93 93 93 93 93 93 93

---------------- Instructions ----------------

! @  93 93 93 93 93 93 93 93 93 93

----------------------------------------------

=============================================================
test_gfp_arith - gfp sub
=============================================================

-------------------- Cycles --------------------

! @  111 107 107 107 107 107 107 107 107 107

---------------- Instructions ----------------

! @  113 113 113 113 113 113 113 113 113 113

----------------------------------------------

=============================================================
test_gfp_arith - gfp mul
=============================================================

-------------------- Cycles --------------------

! @  412 410 410 410 410 410 410 410 410 410

---------------- Instructions ----------------

! @  346 346 346 346 346 346 346 346 346 346

----------------------------------------------

=============================================================
test_gfp_arith - gfp mul32
=============================================================

-------------------- Cycles --------------------

! @  82 83 83 83 83 83 83 83 83 83

---------------- Instructions ----------------

! @  85 85 85 85 85 85 85 85 85 85

----------------------------------------------

=============================================================
test_gfp_arith - gfp sqr
=============================================================

-------------------- Cycles --------------------

! @  351 350 350 350 350 350 350 350 350 350

---------------- Instructions ----------------

! @  300 300 300 300 300 300 300 300 300 300

----------------------------------------------

=============================================================
test_gfp_arith - gfp inv
=============================================================

-------------------- Cycles --------------------

! @  92825 92797 92807 92806 92510 92526 92799 92806 93562 92795

---------------- Instructions ----------------

! @  74175 74175 74175 74175 74175 74175 74175 74175 74175 74175

----------------------------------------------

=============================================================
test_curve_arith - mon_ladder_step
=============================================================

-------------------- Cycles --------------------

! @  4122 4121 4121 4121 4897 4301 4121 4121 4121 4121

---------------- Instructions ----------------

! @  3461 3461 3461 3461 3461 3461 3461 3461 3461 3461

----------------------------------------------

=============================================================
test_mon_varbase_mul - mon_varbase_mul
=============================================================

-------------------- Cycles --------------------

! @  1222725 1221831 1222776 1222825 1222576 1221514 1222824 1222766 1221833 1222357

---------------- Instructions ----------------

! @  987220 987220 987220 987220 987220 987220 987220 987220 987220 987220

----------------------------------------------
