=============================================================
test_nop - nop_routine
=============================================================

-------------------- Cycles --------------------

! @  7 7 7 7 7 7 7 7 7 7

---------------- Instructions ----------------

! @  13 13 13 13 13 13 13 13 13 13

----------------------------------------------

=============================================================
test_gfp_arith - gfp add
=============================================================

-------------------- Cycles --------------------

! @  51 45 45 45 45 45 45 45 45 45

---------------- Instructions ----------------

! @  51 51 51 51 51 51 51 51 51 51

----------------------------------------------

=============================================================
test_gfp_arith - gfp sub
=============================================================

-------------------- Cycles --------------------

! @  61 57 57 57 57 57 57 57 57 57

---------------- Instructions ----------------

! @  63 63 63 63 63 63 63 63 63 63

----------------------------------------------

=============================================================
test_gfp_arith - gfp mul
=============================================================

-------------------- Cycles --------------------

! @  118 115 115 115 115 115 115 115 115 115

---------------- Instructions ----------------

! @  108 108 108 108 108 108 108 108 108 108

----------------------------------------------

=============================================================
test_gfp_arith - gfp mul32
=============================================================

-------------------- Cycles --------------------

! @  41 38 38 38 38 38 38 38 38 38

---------------- Instructions ----------------

! @  41 41 41 41 41 41 41 41 41 41

----------------------------------------------

=============================================================
test_gfp_arith - gfp sqr
=============================================================

-------------------- Cycles --------------------

! @  112 108 108 108 108 108 108 108 108 108

---------------- Instructions ----------------

! @  104 104 104 104 104 104 104 104 104 104

----------------------------------------------

=============================================================
test_gfp_arith - gfp inv
=============================================================

-------------------- Cycles --------------------

! @  28693 28686 28688 28687 28684 28686 28687 28686 28673 28674

---------------- Instructions ----------------

! @  24941 24941 24941 24941 24941 24941 24941 24941 24941 24941

----------------------------------------------

=============================================================
test_curve_arith - mon_ladder_step
=============================================================

-------------------- Cycles --------------------

! @  1402 1397 1397 1397 1397 1397 1397 1397 1397 1397

---------------- Instructions ----------------

! @  1279 1279 1279 1279 1279 1279 1279 1279 1279 1279

----------------------------------------------

=============================================================
test_mon_varbase_mul - mon_varbase_mul
=============================================================

-------------------- Cycles --------------------

! @  414616 414638 414627 413964 414630 414615 414654 414627 413937 414641

---------------- Instructions ----------------

! @  368236 368236 368236 368236 368236 368236 368236 368236 368236 368236

----------------------------------------------
