=============================================================
test_nop - nop_routine
=============================================================

-------------------- Cycles --------------------

! @  6 6 6 6 6 6 6 6 6 6

---------------- Instructions ----------------

! @  13 13 13 13 13 13 13 13 13 13

----------------------------------------------

=============================================================
test_gfp_arith - gfp add
=============================================================

-------------------- Cycles --------------------

! @  44 40 40 40 40 40 40 40 40 40

---------------- Instructions ----------------

! @  37 37 37 37 37 37 37 37 37 37

----------------------------------------------

=============================================================
test_gfp_arith - gfp sub
=============================================================

-------------------- Cycles --------------------

! @  48 44 44 44 44 44 44 44 44 44

---------------- Instructions ----------------

! @  46 46 46 46 46 46 46 46 46 46

----------------------------------------------

=============================================================
test_gfp_arith - gfp mul
=============================================================

-------------------- Cycles --------------------

! @  128 125 125 125 125 125 125 125 125 125

---------------- Instructions ----------------

! @  107 107 107 107 107 107 107 107 107 107

----------------------------------------------

=============================================================
test_gfp_arith - gfp mul32
=============================================================

-------------------- Cycles --------------------

! @  52 49 49 49 49 49 49 49 49 49

---------------- Instructions ----------------

! @  44 44 44 44 44 44 44 44 44 44

----------------------------------------------

=============================================================
test_gfp_arith - gfp sqr
=============================================================

-------------------- Cycles --------------------

! @  89 84 84 84 84 84 84 84 84 84

---------------- Instructions ----------------

! @  79 79 79 79 79 79 79 79 79 79

----------------------------------------------

=============================================================
test_gfp_arith - gfp inv
=============================================================

-------------------- Cycles --------------------

! @  22661 22645 22212 22652 22659 22648 22212 22654 22658 22653

---------------- Instructions ----------------

! @  18580 18580 18580 18580 18580 18580 18580 18580 18580 18580

----------------------------------------------

=============================================================
test_curve_arith - mon_ladder_step
=============================================================

-------------------- Cycles --------------------

! @  1295 1291 1291 1291 1291 1291 1291 1291 1291 1291

---------------- Instructions ----------------

! @  1053 1053 1053 1053 1053 1053 1053 1053 1053 1053

----------------------------------------------

=============================================================
test_mon_varbase_mul - mon_varbase_mul
=============================================================

-------------------- Cycles --------------------

! @  383844 383862 383415 383667 383860 383835 383848 383414 383669 383827

---------------- Instructions ----------------

! @  308620 308620 308620 308620 308620 308620 308620 308620 308620 308620

----------------------------------------------
