>>>>
====
REPO_HOME         := auto-generated-text
RISCV             := auto-generated-text
MPISE_DESTRUCTIVE := 0
MPISE_STATELESS   := 0
----
ARCH              := rv32
TYPE              := ise
RADIX             := 23
PLATFORM          := cva6-verilator
VERSION           := hybrid
<<<<
bbl loader
! 23, ise, 32, 0, 0, 8, 184, 10, 10, 467, 471, 467
  result is correct!
! 23, ise, 32, 0, 0, 12, 276, 10, 10, 836, 846, 837
  result is correct!
! 23, ise, 32, 0, 0, 16, 368, 10, 10, 1299, 1309, 1300
  result is correct!
! 23, ise, 32, 0, 0, 20, 460, 10, 10, 1838, 2343, 1891
  result is correct!
! 23, ise, 32, 0, 0, 24, 552, 10, 10, 2477, 2888, 2530
  result is correct!
! 23, ise, 32, 0, 0, 28, 644, 10, 10, 3212, 3735, 3265
  result is correct!
! 23, ise, 32, 0, 0, 32, 736, 10, 10, 4043, 4550, 4097
  result is correct!
! 23, ise, 32, 0, 0, 36, 828, 10, 10, 4970, 5380, 5074
  result is correct!
! 23, ise, 32, 0, 0, 40, 920, 10, 10, 5993, 6499, 6107
  result is correct!
! 23, ise, 32, 0, 0, 44, 1012, 10, 10, 7112, 7621, 7219
  result is correct!
! 23, ise, 32, 0, 0, 48, 1104, 10, 10, 8327, 8842, 8485
  result is correct!
! 23, ise, 32, 0, 0, 52, 1196, 10, 10, 9638, 10147, 9801
  result is correct!
! 23, ise, 32, 0, 0, 56, 1288, 10, 10, 11045, 11553, 11255
  result is correct!
! 23, ise, 32, 0, 0, 60, 1380, 10, 10, 12548, 13069, 12760
  result is correct!
! 23, ise, 32, 0, 0, 64, 1472, 10, 10, 14170, 14665, 14411
  result is correct!
! 23, ise, 32, 0, 0, 68, 1564, 10, 10, 15865, 16349, 16107
  result is correct!
! 23, ise, 32, 0, 0, 72, 1656, 10, 10, 17743, 18143, 17949
  result is correct!
