>>>>
====
REPO_HOME         := auto-generated-text
RISCV             := auto-generated-text
MPISE_DESTRUCTIVE := 0
MPISE_STATELESS   := 0
----
ARCH              := rv32
TYPE              := ise
RADIX             := 27
PLATFORM          := cva6-verilator
VERSION           := hybrid
<<<<
bbl loader
! 27, ise, 32, 0, 0, 8, 216, 10, 10, 466, 470, 466
  result is correct!
! 27, ise, 32, 0, 0, 12, 324, 10, 10, 836, 848, 837
  result is correct!
! 27, ise, 32, 0, 0, 16, 432, 10, 10, 1299, 1311, 1300
  result is correct!
! 27, ise, 32, 0, 0, 20, 540, 10, 10, 1838, 2349, 1892
  result is correct!
! 27, ise, 32, 0, 0, 24, 648, 10, 10, 2477, 2903, 2531
  result is correct!
! 27, ise, 32, 0, 0, 28, 756, 10, 10, 3212, 3743, 3266
  result is correct!
! 27, ise, 32, 0, 0, 32, 864, 10, 10, 4043, 4553, 4097
  result is correct!
