>>>>
====
REPO_HOME         := auto-generated-text
RISCV             := auto-generated-text
MPISE_DESTRUCTIVE := 0
MPISE_STATELESS   := 0
----
ARCH              := rv32
TYPE              := isa
RADIX             := 25
PLATFORM          := cva6-verilator
VERSION           := hybrid
<<<<
bbl loader
! 25, isa, 32, 0, 0, 8, 200, 10, 10, 828, 836, 828
  result is correct!
! 25, isa, 32, 0, 0, 12, 300, 10, 10, 1619, 2150, 1676
  result is correct!
! 25, isa, 32, 0, 0, 16, 400, 10, 10, 2662, 3103, 2718
  result is correct!
! 25, isa, 32, 0, 0, 20, 500, 10, 10, 3937, 4372, 3993
  result is correct!
! 25, isa, 32, 0, 0, 24, 600, 10, 10, 5470, 5910, 5583
  result is correct!
! 25, isa, 32, 0, 0, 28, 700, 10, 10, 7257, 7807, 7371
  result is correct!
! 25, isa, 32, 0, 0, 32, 800, 10, 10, 9298, 9733, 9469
  result is correct!
! 25, isa, 32, 0, 0, 36, 900, 10, 10, 11593, 12147, 11819
  result is correct!
! 25, isa, 32, 0, 0, 40, 1000, 10, 10, 14164, 14697, 14426
  result is correct!
! 25, isa, 32, 0, 0, 44, 1100, 10, 10, 16967, 17497, 17283
  result is correct!
! 25, isa, 32, 0, 0, 48, 1200, 10, 10, 20130, 20557, 20397
  result is correct!
! 25, isa, 32, 0, 0, 52, 1300, 10, 10, 23441, 23884, 23766
  result is correct!
! 25, isa, 32, 0, 0, 56, 1400, 10, 10, 27006, 27450, 27390
  result is correct!
! 25, isa, 32, 0, 0, 60, 1500, 10, 10, 31267, 31374, 31279
  result is correct!
! 25, isa, 32, 0, 0, 64, 1600, 10, 10, 35330, 35732, 35436
  result is correct!
! 25, isa, 32, 0, 0, 68, 1700, 10, 10, 39657, 40052, 39811
  result is correct!
! 25, isa, 32, 0, 0, 72, 1800, 10, 10, 44239, 44637, 44482
  result is correct!
