>>>>
====
REPO_HOME         := auto-generated-text
RISCV             := auto-generated-text
MPISE_DESTRUCTIVE := 0
MPISE_STATELESS   := 0
----
ARCH              := rv32
TYPE              := ise
RADIX             := 26
PLATFORM          := cva6-verilator
VERSION           := hybrid
<<<<
bbl loader
! 26, ise, 32, 0, 0, 8, 208, 10, 10, 466, 470, 466
  result is correct!
! 26, ise, 32, 0, 0, 12, 312, 10, 10, 836, 848, 837
  result is correct!
! 26, ise, 32, 0, 0, 16, 416, 10, 10, 1299, 1311, 1300
  result is correct!
! 26, ise, 32, 0, 0, 20, 520, 10, 10, 1838, 2349, 1892
  result is correct!
! 26, ise, 32, 0, 0, 24, 624, 10, 10, 2477, 2903, 2531
  result is correct!
! 26, ise, 32, 0, 0, 28, 728, 10, 10, 3212, 3743, 3266
  result is correct!
! 26, ise, 32, 0, 0, 32, 832, 10, 10, 4043, 4553, 4097
  result is correct!
! 26, ise, 32, 0, 0, 36, 936, 10, 10, 4970, 5383, 5076
  result is correct!
! 26, ise, 32, 0, 0, 40, 1040, 10, 10, 5993, 6503, 6109
  result is correct!
! 26, ise, 32, 0, 0, 44, 1144, 10, 10, 7112, 7625, 7220
  result is correct!
! 26, ise, 32, 0, 0, 48, 1248, 10, 10, 8327, 8846, 8487
  result is correct!
! 26, ise, 32, 0, 0, 52, 1352, 10, 10, 9638, 10149, 9802
  result is correct!
! 26, ise, 32, 0, 0, 56, 1456, 10, 10, 11045, 11556, 11258
  result is correct!
! 26, ise, 32, 0, 0, 60, 1560, 10, 10, 12548, 13059, 12763
  result is correct!
! 26, ise, 32, 0, 0, 64, 1664, 10, 10, 14173, 14667, 14414
  result is correct!
