>>>>
====
REPO_HOME         := auto-generated-text
RISCV             := auto-generated-text
MPISE_DESTRUCTIVE := 0
MPISE_STATELESS   := 0
----
ARCH              := rv32
TYPE              := ise
RADIX             := 21
PLATFORM          := cva6-verilator
VERSION           := hybrid
<<<<
bbl loader
! 21, ise, 32, 0, 0, 8, 168, 10, 10, 467, 471, 467
  result is correct!
! 21, ise, 32, 0, 0, 12, 252, 10, 10, 836, 846, 837
  result is correct!
! 21, ise, 32, 0, 0, 16, 336, 10, 10, 1299, 1309, 1300
  result is correct!
! 21, ise, 32, 0, 0, 20, 420, 10, 10, 1838, 2343, 1891
  result is correct!
! 21, ise, 32, 0, 0, 24, 504, 10, 10, 2477, 2888, 2530
  result is correct!
! 21, ise, 32, 0, 0, 28, 588, 10, 10, 3212, 3735, 3265
  result is correct!
! 21, ise, 32, 0, 0, 32, 672, 10, 10, 4043, 4550, 4097
  result is correct!
! 21, ise, 32, 0, 0, 36, 756, 10, 10, 4970, 5380, 5074
  result is correct!
! 21, ise, 32, 0, 0, 40, 840, 10, 10, 5993, 6499, 6107
  result is correct!
! 21, ise, 32, 0, 0, 44, 924, 10, 10, 7112, 7621, 7219
  result is correct!
! 21, ise, 32, 0, 0, 48, 1008, 10, 10, 8327, 8842, 8485
  result is correct!
! 21, ise, 32, 0, 0, 52, 1092, 10, 10, 9638, 10147, 9801
  result is correct!
! 21, ise, 32, 0, 0, 56, 1176, 10, 10, 11045, 11552, 11255
  result is correct!
! 21, ise, 32, 0, 0, 60, 1260, 10, 10, 12548, 13069, 12760
  result is correct!
! 21, ise, 32, 0, 0, 64, 1344, 10, 10, 14170, 14665, 14411
  result is correct!
! 21, ise, 32, 0, 0, 68, 1428, 10, 10, 15865, 16349, 16107
  result is correct!
! 21, ise, 32, 0, 0, 72, 1512, 10, 10, 17743, 18143, 17949
  result is correct!
