>>>>
====
REPO_HOME         := auto-generated-text
RISCV             := auto-generated-text
MPISE_DESTRUCTIVE := 0
MPISE_STATELESS   := 0
----
ARCH              := rv32
TYPE              := isa
RADIX             := 30
PLATFORM          := cva6-verilator
VERSION           := simple
<<<<
bbl loader
! 30, isa, 32, 0, 0, 8, 240, 10, 10, 1219, 1224, 1219
  result is correct!
! 30, isa, 32, 0, 0, 12, 360, 10, 10, 2479, 2784, 2511
  result is correct!
! 30, isa, 32, 0, 0, 16, 480, 10, 10, 4187, 4493, 4219
  result is correct!
