>>>>
====
REPO_HOME         := auto-generated-text
RISCV             := auto-generated-text
MPISE_DESTRUCTIVE := 0
MPISE_STATELESS   := 0
----
ARCH              := rv32
TYPE              := isa
RADIX             := 22
PLATFORM          := cva6-verilator
VERSION           := simple
<<<<
bbl loader
! 22, isa, 32, 0, 0, 8, 176, 10, 10, 1219, 1227, 1219
  result is correct!
! 22, isa, 32, 0, 0, 12, 264, 10, 10, 2479, 2788, 2512
  result is correct!
! 22, isa, 32, 0, 0, 16, 352, 10, 10, 4187, 4497, 4220
  result is correct!
! 22, isa, 32, 0, 0, 20, 440, 10, 10, 6343, 6655, 6410
  result is correct!
! 22, isa, 32, 0, 0, 24, 528, 10, 10, 8947, 9280, 9048
  result is correct!
! 22, isa, 32, 0, 0, 28, 616, 10, 10, 11999, 12332, 12133
  result is correct!
! 22, isa, 32, 0, 0, 32, 704, 10, 10, 15505, 15831, 15669
  result is correct!
! 22, isa, 32, 0, 0, 36, 792, 10, 10, 19468, 19780, 19680
  result is correct!
! 22, isa, 32, 0, 0, 40, 880, 10, 10, 23864, 24182, 24111
  result is correct!
! 22, isa, 32, 0, 0, 44, 968, 10, 10, 29011, 29029, 29022
  result is correct!
! 22, isa, 32, 0, 0, 48, 1056, 10, 10, 34309, 34604, 34347
  result is correct!
! 22, isa, 32, 0, 0, 52, 1144, 10, 10, 40052, 40351, 40149
  result is correct!
! 22, isa, 32, 0, 0, 56, 1232, 10, 10, 46237, 46556, 46398
  result is correct!
! 22, isa, 32, 0, 0, 60, 1320, 10, 10, 52876, 53195, 53127
  result is correct!
! 22, isa, 32, 0, 0, 64, 1408, 10, 10, 60271, 60279, 60274
  result is correct!
! 22, isa, 32, 0, 0, 68, 1496, 10, 10, 67804, 68099, 67893
  result is correct!
! 22, isa, 32, 0, 0, 72, 1584, 10, 10, 75784, 76080, 75932
  result is correct!
