>>>>
====
REPO_HOME         := auto-generated-text
RISCV             := auto-generated-text
MPISE_DESTRUCTIVE := 0
MPISE_STATELESS   := 0
----
ARCH              := rv32
TYPE              := ise
RADIX             := 28
PLATFORM          := cva6-verilator
VERSION           := hybrid
<<<<
bbl loader
! 28, ise, 32, 0, 0, 8, 224, 10, 10, 467, 473, 467
  result is correct!
! 28, ise, 32, 0, 0, 12, 336, 10, 10, 836, 850, 837
  result is correct!
! 28, ise, 32, 0, 0, 16, 448, 10, 10, 1299, 1313, 1300
  result is correct!
