>>>>
====
REPO_HOME         := auto-generated-text
RISCV             := auto-generated-text
MPISE_DESTRUCTIVE := 0
MPISE_STATELESS   := 0
----
ARCH              := rv32
TYPE              := ise
RADIX             := 27
PLATFORM          := cva6-verilator
VERSION           := simple
<<<<
bbl loader
! 27, ise, 32, 0, 0, 8, 216, 10, 10, 1020, 1027, 1020
  result is correct!
! 27, ise, 32, 0, 0, 12, 324, 10, 10, 2036, 2357, 2070
  result is correct!
! 27, ise, 32, 0, 0, 16, 432, 10, 10, 3404, 3722, 3437
  result is correct!
! 27, ise, 32, 0, 0, 20, 540, 10, 10, 5124, 5446, 5190
  result is correct!
! 27, ise, 32, 0, 0, 24, 648, 10, 10, 7196, 7518, 7262
  result is correct!
! 27, ise, 32, 0, 0, 28, 756, 10, 10, 9620, 9942, 9719
  result is correct!
! 27, ise, 32, 0, 0, 32, 864, 10, 10, 12396, 12718, 12528
  result is correct!
