>>>>
====
REPO_HOME         := auto-generated-text
RISCV             := auto-generated-text
MPISE_DESTRUCTIVE := 0
MPISE_STATELESS   := 0
----
ARCH              := rv32
TYPE              := ise
RADIX             := 23
PLATFORM          := cva6-verilator
VERSION           := simple
<<<<
bbl loader
! 23, ise, 32, 0, 0, 8, 184, 10, 10, 1020, 1024, 1020
  result is correct!
! 23, ise, 32, 0, 0, 12, 276, 10, 10, 2036, 2355, 2069
  result is correct!
! 23, ise, 32, 0, 0, 16, 368, 10, 10, 3404, 3721, 3436
  result is correct!
! 23, ise, 32, 0, 0, 20, 460, 10, 10, 5124, 5442, 5188
  result is correct!
! 23, ise, 32, 0, 0, 24, 552, 10, 10, 7196, 7515, 7261
  result is correct!
! 23, ise, 32, 0, 0, 28, 644, 10, 10, 9620, 9940, 9717
  result is correct!
! 23, ise, 32, 0, 0, 32, 736, 10, 10, 12396, 12713, 12525
  result is correct!
! 23, ise, 32, 0, 0, 36, 828, 10, 10, 15526, 15843, 15684
  result is correct!
! 23, ise, 32, 0, 0, 40, 920, 10, 10, 19006, 19322, 19195
  result is correct!
! 23, ise, 32, 0, 0, 44, 1012, 10, 10, 22850, 23169, 23091
  result is correct!
! 23, ise, 32, 0, 0, 48, 1104, 10, 10, 27034, 27350, 27307
  result is correct!
! 23, ise, 32, 0, 0, 52, 1196, 10, 10, 31871, 32164, 31904
  result is correct!
! 23, ise, 32, 0, 0, 56, 1288, 10, 10, 36759, 37051, 36823
  result is correct!
! 23, ise, 32, 0, 0, 60, 1380, 10, 10, 42001, 42302, 42124
  result is correct!
! 23, ise, 32, 0, 0, 64, 1472, 10, 10, 47591, 47898, 47775
  result is correct!
! 23, ise, 32, 0, 0, 68, 1564, 10, 10, 53550, 53844, 53781
  result is correct!
! 23, ise, 32, 0, 0, 72, 1656, 10, 10, 60134, 60152, 60137
  result is correct!
