>>>>
====
REPO_HOME         := auto-generated-text
RISCV             := auto-generated-text
MPISE_DESTRUCTIVE := 0
MPISE_STATELESS   := 0
----
ARCH              := rv32
TYPE              := ise
RADIX             := 22
PLATFORM          := cva6-verilator
VERSION           := simple
<<<<
bbl loader
! 22, ise, 32, 0, 0, 8, 176, 10, 10, 1020, 1024, 1020
  result is correct!
! 22, ise, 32, 0, 0, 12, 264, 10, 10, 2036, 2355, 2069
  result is correct!
! 22, ise, 32, 0, 0, 16, 352, 10, 10, 3404, 3721, 3436
  result is correct!
! 22, ise, 32, 0, 0, 20, 440, 10, 10, 5124, 5442, 5188
  result is correct!
! 22, ise, 32, 0, 0, 24, 528, 10, 10, 7196, 7515, 7261
  result is correct!
! 22, ise, 32, 0, 0, 28, 616, 10, 10, 9620, 9940, 9717
  result is correct!
! 22, ise, 32, 0, 0, 32, 704, 10, 10, 12396, 12713, 12525
  result is correct!
! 22, ise, 32, 0, 0, 36, 792, 10, 10, 15526, 15843, 15684
  result is correct!
! 22, ise, 32, 0, 0, 40, 880, 10, 10, 19006, 19322, 19195
  result is correct!
! 22, ise, 32, 0, 0, 44, 968, 10, 10, 22850, 23169, 23091
  result is correct!
! 22, ise, 32, 0, 0, 48, 1056, 10, 10, 27034, 27350, 27307
  result is correct!
! 22, ise, 32, 0, 0, 52, 1144, 10, 10, 31871, 32164, 31904
  result is correct!
! 22, ise, 32, 0, 0, 56, 1232, 10, 10, 36759, 37051, 36823
  result is correct!
! 22, ise, 32, 0, 0, 60, 1320, 10, 10, 42001, 42302, 42124
  result is correct!
! 22, ise, 32, 0, 0, 64, 1408, 10, 10, 47591, 47898, 47775
  result is correct!
! 22, ise, 32, 0, 0, 68, 1496, 10, 10, 53550, 53844, 53781
  result is correct!
! 22, ise, 32, 0, 0, 72, 1584, 10, 10, 60134, 60152, 60137
  result is correct!
