! 20, ise, 32, 1, 0, 8, 160, 10, 10, 461, 474, 465
  result is correct!
! 20, ise, 32, 1, 0, 12, 240, 10, 10, 834, 849, 836
  result is correct!
! 20, ise, 32, 1, 0, 16, 320, 10, 10, 1297, 1312, 1299
  result is correct!
! 20, ise, 32, 1, 0, 20, 400, 10, 10, 1836, 2341, 1890
  result is correct!
! 20, ise, 32, 1, 0, 24, 480, 10, 10, 2475, 2882, 2528
  result is correct!
! 20, ise, 32, 1, 0, 28, 560, 10, 10, 3210, 3711, 3263
  result is correct!
! 20, ise, 32, 1, 0, 32, 640, 10, 10, 4041, 4544, 4095
  result is correct!
! 20, ise, 32, 1, 0, 36, 720, 10, 10, 4968, 5379, 5073
  result is correct!
! 20, ise, 32, 1, 0, 40, 800, 10, 10, 5991, 6496, 6106
  result is correct!
! 20, ise, 32, 1, 0, 44, 880, 10, 10, 7110, 7623, 7218
  result is correct!
! 20, ise, 32, 1, 0, 48, 960, 10, 10, 8325, 8848, 8486
  result is correct!
! 20, ise, 32, 1, 0, 52, 1040, 10, 10, 9636, 10149, 9800
  result is correct!
! 20, ise, 32, 1, 0, 56, 1120, 10, 10, 11043, 11554, 11254
  result is correct!
! 20, ise, 32, 1, 0, 60, 1200, 10, 10, 12546, 13059, 12760
  result is correct!
! 20, ise, 32, 1, 0, 64, 1280, 10, 10, 14167, 14667, 14409
  result is correct!
! 20, ise, 32, 1, 0, 68, 1360, 10, 10, 15881, 16349, 16105
  result is correct!
! 20, ise, 32, 1, 0, 72, 1440, 10, 10, 17740, 18144, 17947
  result is correct!

--------------------Threshold debug data--------------------
! 20, ise, 32, 1, 0, 8, 160, 10

! @  474 461 465 470 464 464 464 464 464 464
! 20, ise, 32, 1, 0, 12, 240, 10

! @  849 834 840 834 834 834 834 834 834 834
! 20, ise, 32, 1, 0, 16, 320, 10

! @  1312 1297 1303 1297 1297 1297 1297 1297 1297 1297
! 20, ise, 32, 1, 0, 20, 400, 10

! @  1851 1836 1842 1836 1836 2341 1858 1836 1836 1836
! 20, ise, 32, 1, 0, 24, 480, 10

! @  2490 2882 2584 2475 2481 2475 2475 2475 2475 2475
! 20, ise, 32, 1, 0, 28, 560, 10

! @  3225 3210 3216 3210 3210 3210 3210 3210 3711 3227
! 20, ise, 32, 1, 0, 32, 640, 10

! @  4056 4041 4047 4041 4544 4063 4041 4041 4041 4041
! 20, ise, 32, 1, 0, 36, 720, 10

! @  4983 5377 5077 4968 4974 4968 4968 5379 5077 4968
! 20, ise, 32, 1, 0, 40, 800, 10

! @  6119 5991 5997 5991 6399 6100 5991 5991 5991 6496
! 20, ise, 32, 1, 0, 44, 880, 10

! @  7125 7110 7623 7132 7110 7110 7618 7132 7110 7110
! 20, ise, 32, 1, 0, 48, 960, 10

! @  8848 8347 8331 8331 8832 8347 8325 8741 8434 8325
! 20, ise, 32, 1, 0, 52, 1040, 10

! @  9677 9636 10149 9658 9636 10146 9658 9636 10146 9658
! 20, ise, 32, 1, 0, 56, 1120, 10

! @  11467 11152 11049 11554 11065 11453 11152 11043 11460 11152
! 20, ise, 32, 1, 0, 60, 1200, 10

! @  12587 12958 12655 12546 13059 12568 13053 12568 12957 12655
! 20, ise, 32, 1, 0, 64, 1280, 10

! @  14667 14167 14660 14167 14651 14167 14553 14254 14554 14254
! 20, ise, 32, 1, 0, 68, 1360, 10

! @  15881 16349 16272 15949 16250 15949 16250 15949 16313 15891
! 20, ise, 32, 1, 0, 72, 1440, 10

! @  17759 18043 17740 18144 18064 17740 18043 17740 18138 18062
