! 26, ise, 32, 1, 0, 8, 208, 10, 10, 466, 470, 466
  result is correct!
! 26, ise, 32, 1, 0, 12, 312, 10, 10, 836, 848, 837
  result is correct!
! 26, ise, 32, 1, 0, 16, 416, 10, 10, 1299, 1311, 1300
  result is correct!
! 26, ise, 32, 1, 0, 20, 520, 10, 10, 1838, 2349, 1892
  result is correct!
! 26, ise, 32, 1, 0, 24, 624, 10, 10, 2477, 2903, 2531
  result is correct!
! 26, ise, 32, 1, 0, 28, 728, 10, 10, 3212, 3743, 3266
  result is correct!
! 26, ise, 32, 1, 0, 32, 832, 10, 10, 4043, 4553, 4097
  result is correct!
! 26, ise, 32, 1, 0, 36, 936, 10, 10, 4970, 5383, 5076
  result is correct!
! 26, ise, 32, 1, 0, 40, 1040, 10, 10, 5993, 6503, 6109
  result is correct!
! 26, ise, 32, 1, 0, 44, 1144, 10, 10, 7112, 7625, 7220
  result is correct!
! 26, ise, 32, 1, 0, 48, 1248, 10, 10, 8327, 8846, 8487
  result is correct!
! 26, ise, 32, 1, 0, 52, 1352, 10, 10, 9638, 10149, 9802
  result is correct!
! 26, ise, 32, 1, 0, 56, 1456, 10, 10, 11045, 11556, 11258
  result is correct!
! 26, ise, 32, 1, 0, 60, 1560, 10, 10, 12548, 13059, 12763
  result is correct!
! 26, ise, 32, 1, 0, 64, 1664, 10, 10, 14173, 14667, 14414
  result is correct!

--------------------Threshold debug data--------------------
! 26, ise, 32, 1, 0, 8, 208, 10

! @  470 466 466 466 466 466 466 466 466 466
! 26, ise, 32, 1, 0, 12, 312, 10

! @  848 836 836 836 836 836 836 836 836 836
! 26, ise, 32, 1, 0, 16, 416, 10

! @  1311 1299 1299 1299 1299 1299 1299 1299 1299 1299
! 26, ise, 32, 1, 0, 20, 520, 10

! @  1850 1838 1838 1838 1838 2349 1864 1838 1838 1838
! 26, ise, 32, 1, 0, 24, 624, 10

! @  2489 2903 2579 2477 2477 2477 2477 2477 2477 2477
! 26, ise, 32, 1, 0, 28, 728, 10

! @  3224 3212 3212 3212 3212 3212 3212 3212 3743 3212
! 26, ise, 32, 1, 0, 32, 832, 10

! @  4055 4043 4043 4043 4553 4069 4043 4043 4043 4043
! 26, ise, 32, 1, 0, 36, 936, 10

! @  4982 5383 5083 4970 4970 4970 4970 5380 5083 4970
! 26, ise, 32, 1, 0, 40, 1040, 10

! @  6118 5993 5993 5993 6405 6106 5993 5993 5993 6503
! 26, ise, 32, 1, 0, 44, 1144, 10

! @  7124 7112 7625 7138 7112 7112 7622 7138 7112 7112
! 26, ise, 32, 1, 0, 48, 1248, 10

! @  8846 8353 8327 8327 8836 8353 8327 8740 8440 8327
! 26, ise, 32, 1, 0, 52, 1352, 10

! @  9676 9638 10148 9664 9638 10149 9664 9638 10148 9664
! 26, ise, 32, 1, 0, 56, 1456, 10

! @  11470 11158 11045 11556 11071 11460 11158 11045 11459 11158
! 26, ise, 32, 1, 0, 60, 1560, 10

! @  12586 12961 12661 12548 13057 12564 13059 12574 12961 12661
! 26, ise, 32, 1, 0, 64, 1664, 10

! @  14667 14173 14657 14173 14656 14173 14562 14260 14560 14260
