! 32, ise, 32, 1, 0, 8, 256, 10, 10, 568, 582, 569
  result is correct!
! 32, ise, 32, 1, 0, 12, 384, 10, 10, 1172, 1178, 1172
  result is correct!
! 32, ise, 32, 1, 0, 16, 512, 10, 10, 2002, 2436, 2047
  result is correct!
! 32, ise, 32, 1, 0, 20, 640, 10, 10, 3020, 3457, 3066
  result is correct!
! 32, ise, 32, 1, 0, 24, 768, 10, 10, 4258, 4616, 4302
  result is correct!
! 32, ise, 32, 1, 0, 28, 896, 10, 10, 5712, 6156, 5803
  result is correct!
! 32, ise, 32, 1, 0, 32, 1024, 10, 10, 7382, 7744, 7507
  result is correct!
! 32, ise, 32, 1, 0, 36, 1152, 10, 10, 9268, 9630, 9404
  result is correct!
! 32, ise, 32, 1, 0, 40, 1280, 10, 10, 11370, 11813, 11551
  result is correct!
! 32, ise, 32, 1, 0, 44, 1408, 10, 10, 13692, 14129, 13914
  result is correct!
! 32, ise, 32, 1, 0, 48, 1536, 10, 10, 16241, 16663, 16487
  result is correct!
! 32, ise, 32, 1, 0, 52, 1664, 10, 10, 18991, 19413, 19245
  result is correct!
! 32, ise, 32, 1, 0, 56, 1792, 10, 10, 22022, 22394, 22257
  result is correct!
! 32, ise, 32, 1, 0, 60, 1920, 10, 10, 25204, 25576, 25518
  result is correct!
! 32, ise, 32, 1, 0, 64, 2048, 10, 10, 28894, 28979, 28963
  result is correct!

--------------------Threshold debug data--------------------
! 32, ise, 32, 1, 0, 8, 256, 10

! @  582 568 568 568 568 568 568 568 568 568
! 32, ise, 32, 1, 0, 12, 384, 10

! @  1178 1172 1172 1172 1172 1172 1172 1172 1172 1172
! 32, ise, 32, 1, 0, 16, 512, 10

! @  2008 2002 2002 2002 2436 2017 2002 2002 2002 2002
! 32, ise, 32, 1, 0, 20, 640, 10

! @  3044 3020 3020 3020 3020 3020 3020 3020 3020 3457
! 32, ise, 32, 1, 0, 24, 768, 10

! @  4264 4258 4258 4616 4342 4258 4258 4258 4258 4258
! 32, ise, 32, 1, 0, 28, 896, 10

! @  6156 5727 5712 5712 5712 6149 5727 5712 5712 5712
! 32, ise, 32, 1, 0, 32, 1024, 10

! @  7388 7741 7466 7382 7382 7743 7466 7382 7382 7744
! 32, ise, 32, 1, 0, 36, 1152, 10

! @  9292 9268 9629 9352 9268 9630 9352 9268 9558 9424
! 32, ise, 32, 1, 0, 40, 1280, 10

! @  11813 11385 11731 11454 11370 11808 11385 11370 11811 11389
! 32, ise, 32, 1, 0, 44, 1408, 10

! @  14056 13772 14053 13772 13692 14128 13707 14129 13707 14129
! 32, ise, 32, 1, 0, 48, 1536, 10

! @  16607 16306 16586 16306 16662 16241 16663 16241 16663 16602
! 32, ise, 32, 1, 0, 52, 1664, 10

! @  19356 19056 19413 19353 19056 19412 18991 19413 19351 19056
! 32, ise, 32, 1, 0, 56, 1792, 10

! @  22324 22022 22380 22394 22318 22022 22379 22394 22317 22022
! 32, ise, 32, 1, 0, 60, 1920, 10

! @  25506 25566 25563 25204 25561 25576 25576 25501 25565 25564
! 32, ise, 32, 1, 0, 64, 2048, 10

! @  28979 28974 28976 28974 28976 28973 28894 28963 28964 28964
