! 21, ise, 32, 1, 0, 8, 168, 10, 10, 467, 471, 467
  result is correct!
! 21, ise, 32, 1, 0, 12, 252, 10, 10, 836, 846, 837
  result is correct!
! 21, ise, 32, 1, 0, 16, 336, 10, 10, 1299, 1309, 1300
  result is correct!
! 21, ise, 32, 1, 0, 20, 420, 10, 10, 1838, 2343, 1891
  result is correct!
! 21, ise, 32, 1, 0, 24, 504, 10, 10, 2477, 2888, 2530
  result is correct!
! 21, ise, 32, 1, 0, 28, 588, 10, 10, 3212, 3735, 3265
  result is correct!
! 21, ise, 32, 1, 0, 32, 672, 10, 10, 4043, 4550, 4097
  result is correct!
! 21, ise, 32, 1, 0, 36, 756, 10, 10, 4970, 5380, 5074
  result is correct!
! 21, ise, 32, 1, 0, 40, 840, 10, 10, 5993, 6499, 6107
  result is correct!
! 21, ise, 32, 1, 0, 44, 924, 10, 10, 7112, 7621, 7219
  result is correct!
! 21, ise, 32, 1, 0, 48, 1008, 10, 10, 8327, 8842, 8485
  result is correct!
! 21, ise, 32, 1, 0, 52, 1092, 10, 10, 9638, 10147, 9801
  result is correct!
! 21, ise, 32, 1, 0, 56, 1176, 10, 10, 11045, 11552, 11255
  result is correct!
! 21, ise, 32, 1, 0, 60, 1260, 10, 10, 12548, 13069, 12760
  result is correct!
! 21, ise, 32, 1, 0, 64, 1344, 10, 10, 14170, 14665, 14411
  result is correct!
! 21, ise, 32, 1, 0, 68, 1428, 10, 10, 15865, 16349, 16107
  result is correct!
! 21, ise, 32, 1, 0, 72, 1512, 10, 10, 17743, 18143, 17949
  result is correct!

--------------------Threshold debug data--------------------
! 21, ise, 32, 1, 0, 8, 168, 10

! @  471 467 467 467 467 467 467 467 467 467
! 21, ise, 32, 1, 0, 12, 252, 10

! @  846 836 836 836 836 836 836 836 836 836
! 21, ise, 32, 1, 0, 16, 336, 10

! @  1309 1299 1299 1299 1299 1299 1299 1299 1299 1299
! 21, ise, 32, 1, 0, 20, 420, 10

! @  1848 1838 1838 1838 1838 2343 1861 1838 1838 1838
! 21, ise, 32, 1, 0, 24, 504, 10

! @  2487 2888 2587 2477 2477 2477 2477 2477 2477 2477
! 21, ise, 32, 1, 0, 28, 588, 10

! @  3222 3212 3212 3212 3212 3212 3212 3212 3735 3214
! 21, ise, 32, 1, 0, 32, 672, 10

! @  4053 4043 4043 4043 4550 4066 4043 4043 4043 4043
! 21, ise, 32, 1, 0, 36, 756, 10

! @  4980 5380 5080 4970 4970 4970 4970 5377 5080 4970
! 21, ise, 32, 1, 0, 40, 840, 10

! @  6116 5993 5993 5993 6402 6103 5993 5993 5993 6499
! 21, ise, 32, 1, 0, 44, 924, 10

! @  7122 7112 7620 7135 7112 7112 7621 7135 7112 7112
! 21, ise, 32, 1, 0, 48, 1008, 10

! @  8842 8350 8327 8327 8830 8350 8327 8737 8437 8327
! 21, ise, 32, 1, 0, 52, 1092, 10

! @  9674 9638 10147 9661 9638 10146 9661 9638 10146 9661
! 21, ise, 32, 1, 0, 56, 1176, 10

! @  11466 11155 11045 11552 11068 11457 11155 11045 11454 11155
! 21, ise, 32, 1, 0, 60, 1260, 10

! @  12584 12957 12658 12548 13069 12550 13056 12571 12957 12658
! 21, ise, 32, 1, 0, 64, 1344, 10

! @  14665 14170 14655 14170 14653 14170 14561 14257 14557 14257
! 21, ise, 32, 1, 0, 68, 1428, 10

! @  15878 16348 16276 15952 16253 15952 16253 15952 16349 15865
! 21, ise, 32, 1, 0, 72, 1512, 10

! @  17756 18043 17743 18143 18070 17743 18043 17743 18140 18066
