! 24, ise, 32, 1, 0, 8, 192, 10, 10, 467, 471, 467
  result is correct!
! 24, ise, 32, 1, 0, 12, 288, 10, 10, 836, 846, 837
  result is correct!
! 24, ise, 32, 1, 0, 16, 384, 10, 10, 1299, 1309, 1300
  result is correct!
! 24, ise, 32, 1, 0, 20, 480, 10, 10, 1838, 2344, 1891
  result is correct!
! 24, ise, 32, 1, 0, 24, 576, 10, 10, 2477, 2888, 2530
  result is correct!
! 24, ise, 32, 1, 0, 28, 672, 10, 10, 3212, 3718, 3264
  result is correct!
! 24, ise, 32, 1, 0, 32, 768, 10, 10, 4043, 4547, 4096
  result is correct!
! 24, ise, 32, 1, 0, 36, 864, 10, 10, 4970, 5380, 5075
  result is correct!
! 24, ise, 32, 1, 0, 40, 960, 10, 10, 5993, 6501, 6108
  result is correct!
! 24, ise, 32, 1, 0, 44, 1056, 10, 10, 7112, 7620, 7219
  result is correct!
! 24, ise, 32, 1, 0, 48, 1152, 10, 10, 8327, 8842, 8485
  result is correct!
! 24, ise, 32, 1, 0, 52, 1248, 10, 10, 9638, 10148, 9800
  result is correct!
! 24, ise, 32, 1, 0, 56, 1344, 10, 10, 11045, 11554, 11255
  result is correct!
! 24, ise, 32, 1, 0, 60, 1440, 10, 10, 12548, 13059, 12760
  result is correct!
! 24, ise, 32, 1, 0, 64, 1536, 10, 10, 14170, 14663, 14411
  result is correct!
! 24, ise, 32, 1, 0, 68, 1632, 10, 10, 15865, 16349, 16107
  result is correct!
! 24, ise, 32, 1, 0, 72, 1728, 10, 10, 17743, 18141, 17948
  result is correct!

--------------------Threshold debug data--------------------
! 24, ise, 32, 1, 0, 8, 192, 10

! @  471 467 467 467 467 467 467 467 467 467
! 24, ise, 32, 1, 0, 12, 288, 10

! @  846 836 836 836 836 836 836 836 836 836
! 24, ise, 32, 1, 0, 16, 384, 10

! @  1309 1299 1299 1299 1299 1299 1299 1299 1299 1299
! 24, ise, 32, 1, 0, 20, 480, 10

! @  1848 1838 1838 1838 1838 2344 1861 1838 1838 1838
! 24, ise, 32, 1, 0, 24, 576, 10

! @  2487 2888 2587 2477 2477 2477 2477 2477 2477 2477
! 24, ise, 32, 1, 0, 28, 672, 10

! @  3222 3212 3212 3212 3212 3212 3212 3212 3718 3225
! 24, ise, 32, 1, 0, 32, 768, 10

! @  4053 4043 4043 4043 4547 4066 4043 4043 4043 4043
! 24, ise, 32, 1, 0, 36, 864, 10

! @  4980 5380 5080 4970 4970 4970 4970 5380 5080 4970
! 24, ise, 32, 1, 0, 40, 960, 10

! @  6116 5993 5993 5993 6404 6103 5993 5993 5993 6501
! 24, ise, 32, 1, 0, 44, 1056, 10

! @  7122 7112 7620 7135 7112 7112 7620 7135 7112 7112
! 24, ise, 32, 1, 0, 48, 1152, 10

! @  8842 8350 8327 8327 8826 8350 8327 8737 8437 8327
! 24, ise, 32, 1, 0, 52, 1248, 10

! @  9674 9638 10144 9661 9638 10148 9661 9638 10146 9661
! 24, ise, 32, 1, 0, 56, 1344, 10

! @  11467 11155 11045 11554 11068 11456 11155 11045 11457 11155
! 24, ise, 32, 1, 0, 60, 1440, 10

! @  12584 12959 12658 12548 13059 12556 13056 12571 12955 12658
! 24, ise, 32, 1, 0, 64, 1536, 10

! @  14663 14170 14656 14170 14655 14170 14558 14257 14558 14257
! 24, ise, 32, 1, 0, 68, 1632, 10

! @  15878 16349 16273 15952 16253 15952 16250 15952 16348 15865
! 24, ise, 32, 1, 0, 72, 1728, 10

! @  17756 18042 17743 18140 18067 17743 18042 17743 18141 18067
