=============================================================
test_nop - nop_routine
=============================================================

-------------------- Cycles --------------------

! @  7 7 7 7 7 7 7 7 7 7

---------------- Instructions ----------------

! @  13 13 13 13 13 13 13 13 13 13

----------------------------------------------

=============================================================
test_gfp_arith - gfp add
=============================================================

-------------------- Cycles --------------------

! @  51 45 45 45 45 45 45 45 45 45

---------------- Instructions ----------------

! @  51 51 51 51 51 51 51 51 51 51

----------------------------------------------

=============================================================
test_gfp_arith - gfp sub
=============================================================

-------------------- Cycles --------------------

! @  62 57 57 57 57 57 57 57 57 57

---------------- Instructions ----------------

! @  63 63 63 63 63 63 63 63 63 63

----------------------------------------------

=============================================================
test_gfp_arith - gfp mul
=============================================================

-------------------- Cycles --------------------

! @  144 141 141 141 141 141 141 141 141 141

---------------- Instructions ----------------

! @  127 127 127 127 127 127 127 127 127 127

----------------------------------------------

=============================================================
test_gfp_arith - gfp mul32
=============================================================

-------------------- Cycles --------------------

! @  45 43 43 43 43 43 43 43 43 43

---------------- Instructions ----------------

! @  44 44 44 44 44 44 44 44 44 44

----------------------------------------------

=============================================================
test_gfp_arith - gfp sqr
=============================================================

-------------------- Cycles --------------------

! @  125 123 123 123 123 123 123 123 123 123

---------------- Instructions ----------------

! @  116 116 116 116 116 116 116 116 116 116

----------------------------------------------

=============================================================
test_gfp_arith - gfp inv
=============================================================

-------------------- Cycles --------------------

! @  32733 32727 32726 32725 32730 32733 32733 32733 33144 32722

---------------- Instructions ----------------

! @  28198 28198 28198 28198 28198 28198 28198 28198 28198 28198

----------------------------------------------

=============================================================
test_curve_arith - mon_ladder_step
=============================================================

-------------------- Cycles --------------------

! @  1597 1592 1592 1592 1592 1592 1592 1592 1592 1592

---------------- Instructions ----------------

! @  1425 1425 1425 1425 1425 1425 1425 1425 1425 1425

----------------------------------------------

=============================================================
test_mon_varbase_mul - mon_varbase_mul
=============================================================

-------------------- Cycles --------------------

! @  468835 469441 469462 468807 469484 469258 468837 469449 468790 469436

---------------- Instructions ----------------

! @  408742 408742 408742 408742 408742 408742 408742 408742 408742 408742

----------------------------------------------
