=============================================================
test_nop - nop_routine
=============================================================

-------------------- Cycles --------------------

! @  12 6 6 6 6 6 6 6 6 6

---------------- Instructions ----------------

! @  13 13 13 13 13 13 13 13 13 13

----------------------------------------------

=============================================================
test_gfp_arith - gfp add
=============================================================

-------------------- Cycles --------------------

! @  44 40 40 40 40 40 40 40 40 40

---------------- Instructions ----------------

! @  37 37 37 37 37 37 37 37 37 37

----------------------------------------------

=============================================================
test_gfp_arith - gfp sub
=============================================================

-------------------- Cycles --------------------

! @  48 44 44 44 44 44 44 44 44 44

---------------- Instructions ----------------

! @  46 46 46 46 46 46 46 46 46 46

----------------------------------------------

=============================================================
test_gfp_arith - gfp mul
=============================================================

-------------------- Cycles --------------------

! @  253 245 245 245 245 245 245 245 245 245

---------------- Instructions ----------------

! @  225 225 225 225 225 225 225 225 225 225

----------------------------------------------

=============================================================
test_gfp_arith - gfp mul32
=============================================================

-------------------- Cycles --------------------

! @  91 83 83 83 83 83 83 83 83 83

---------------- Instructions ----------------

! @  78 78 78 78 78 78 78 78 78 78

----------------------------------------------

=============================================================
test_gfp_arith - gfp sqr
=============================================================

-------------------- Cycles --------------------

! @  172 167 167 167 167 167 167 167 167 167

---------------- Instructions ----------------

! @  161 161 161 161 161 161 161 161 161 161

----------------------------------------------

=============================================================
test_gfp_arith - gfp inv
=============================================================

-------------------- Cycles --------------------

! @  45028 45546 45022 45547 45024 45535 45024 45543 45033 45545

---------------- Instructions ----------------

! @  40706 40706 40706 40706 40706 40706 40706 40706 40706 40706

----------------------------------------------

=============================================================
test_curve_arith - mon_ladder_step
=============================================================

-------------------- Cycles --------------------

! @  2265 2253 2253 2253 2253 2253 2253 2253 2253 2253

---------------- Instructions ----------------

! @  2005 2005 2005 2005 2005 2005 2005 2005 2005 2005

----------------------------------------------

=============================================================
test_mon_varbase_mul - mon_varbase_mul
=============================================================

-------------------- Cycles --------------------

! @  660063 660071 660169 660250 660269 660255 660262 660268 660264 660257

---------------- Instructions ----------------

! @  573624 573624 573624 573624 573624 573624 573624 573624 573624 573624

----------------------------------------------
