Usage (for mon_varbase_mul and test_scott): ./cva6_x25519_rv32_isa_full.elf <an_integer> <another_integer>
Setting num_iters = 1000 , num_warmup_iters = 100

=============================================================
test_nop - nop_routine
=============================================================

-------------------- Cycles --------------------

! @  44 13 13 13 13 13 13 13 13 13 13 13 13 13 13 13 13 13 13 13 13 13 13 13 13 13 13 13 13 13 13 13 13 13 13 13 13 13 13 13 13 13 13 13 13 13 13 13 13 13 13 13 13 13 13 13 13 13 13 13 13 13 13 13 13 13 13 13 13 13 13 13 13 13 13 13 13 13 13 13 13 13 13 13 13 13 13 13 13 13 13 13 13 13 13 13 13 13 13 13

---------------- Instructions ----------------

! @  25 25 25 25 25 25 25 25 25 25 25 25 25 25 25 25 25 25 25 25 25 25 25 25 25 25 25 25 25 25 25 25 25 25 25 25 25 25 25 25 25 25 25 25 25 25 25 25 25 25 25 25 25 25 25 25 25 25 25 25 25 25 25 25 25 25 25 25 25 25 25 25 25 25 25 25 25 25 25 25 25 25 25 25 25 25 25 25 25 25 25 25 25 25 25 25 25 25 25 25

----------------------------------------------

=============================================================
test_gfp_arith - gfp mul
=============================================================

-------------------- Cycles --------------------

! @  765 722 722 747 722 747 722 747 722 747 722 747 722 747 722 747 722 747 722 747 722 747 722 747 722 747 722 747 722 747 722 749 722 748 722 747 722 747 722 747 722 747 722 747 722 747 722 747 722 747 722 747 722 747 722 747 722 750 722 748 722 747 722 747 722 747 722 747 722 747 722 747 722 747 722 747 722 747 722 747 722 750 722 748 722 747 722 747 722 747 722 747 722 747 722 747 722 747 722 747

---------------- Instructions ----------------

! @  615 615 615 615 615 615 615 615 615 615 615 615 615 615 615 615 615 615 615 615 615 615 615 615 615 615 615 615 615 615 615 615 615 615 615 615 615 615 615 615 615 615 615 615 615 615 615 615 615 615 615 615 615 615 615 615 615 615 615 615 615 615 615 615 615 615 615 615 615 615 615 615 615 615 615 615 615 615 615 615 615 615 615 615 615 615 615 615 615 615 615 615 615 615 615 615 615 615 615 615

----------------------------------------------

=============================================================
test_gfp_arith - gfp sqr
=============================================================

-------------------- Cycles --------------------

! @  564 645 539 565 539 565 539 565 539 565 539 565 539 565 539 565 539 565 539 565 539 565 539 565 539 565 539 565 539 565 539 565 539 565 539 565 539 565 539 565 539 565 539 565 539 565 539 565 539 565 539 565 539 565 539 565 539 565 539 565 539 565 539 565 539 565 539 565 539 565 539 565 539 565 539 565 539 565 539 565 539 565 539 565 539 565 539 565 539 565 539 565 539 565 539 565 539 565 539 565

---------------- Instructions ----------------

! @  467 467 467 467 467 467 467 467 467 467 467 467 467 467 467 467 467 467 467 467 467 467 467 467 467 467 467 467 467 467 467 467 467 467 467 467 467 467 467 467 467 467 467 467 467 467 467 467 467 467 467 467 467 467 467 467 467 467 467 467 467 467 467 467 467 467 467 467 467 467 467 467 467 467 467 467 467 467 467 467 467 467 467 467 467 467 467 467 467 467 467 467 467 467 467 467 467 467 467 467

----------------------------------------------

=============================================================
test_gfp_arith - gfp inv
=============================================================

-------------------- Cycles --------------------

! @  210689 210585 277762 209269 208871 209111 208537 208869 209413 209301 209073 208962 209480 208758 208993 208921 276559 208581 208519 208603 209150 209686 208985 208860 208399 208564 208947 208338 376708 212653 209736 209239 209697 209320 276003 208715 208791 208476 209400 209382 208846 209696 208693 209108 209010 208795 209246 208809 275603 208781 208889 208510 209286 208472 207758 209145 209198 208181 209030 209369 208036 209302 209212 275860 211217 209850 208565 208625 210168 209082 208744 209034 409576 211590 210287 209672 276307 208906 208709 209359 209538 209360 209049 209021 208809 209277 1004993 226256 340168 214749 210931 209937 209552 209255 209839 275687 208907 209701 208807 209406

---------------- Instructions ----------------

! @  130957 130957 142362 130957 130957 130957 130957 130957 130957 130957 130957 130957 130957 130957 130957 130957 142362 130957 130957 130957 130957 130957 130957 130957 130957 130957 130957 130957 152060 130957 130957 130957 130957 130957 142362 130957 130957 130957 130957 130957 130957 130957 130957 130957 130957 130957 130957 130957 142362 130957 130957 130957 130957 130957 130957 130957 130957 130957 130957 130957 130957 130957 130957 142362 131101 130957 130957 130957 130957 130957 130957 130957 155720 130957 130957 130957 142362 130957 130957 130957 130957 130957 130957 130957 130957 130957 382390 132841 150516 130957 130957 130957 130957 130957 130957 142362 130957 130957 130957 130957

----------------------------------------------

=============================================================
test_gfp_arith - gfp add
=============================================================

-------------------- Cycles --------------------

! @  224 108 100 100 100 100 100 100 100 100 100 100 100 100 100 100 100 100 100 100 100 100 100 100 100 100 100 100 100 100 100 100 100 100 100 100 100 100 100 100 100 100 100 100 100 100 100 100 100 100 100 100 100 100 100 100 100 100 100 100 100 100 100 100 100 100 100 100 100 100 100 100 100 100 100 100 100 100 100 100 100 100 100 100 100 100 100 100 100 100 100 100 100 101 100 100 100 100 100 100

---------------- Instructions ----------------

! @  98 98 98 98 98 98 98 98 98 98 98 98 98 98 98 98 98 98 98 98 98 98 98 98 98 98 98 98 98 98 98 98 98 98 98 98 98 98 98 98 98 98 98 98 98 98 98 98 98 98 98 98 98 98 98 98 98 98 98 98 98 98 98 98 98 98 98 98 98 98 98 98 98 98 98 98 98 98 98 98 98 98 98 98 98 98 98 98 98 98 98 98 98 98 98 98 98 98 98 98

----------------------------------------------

=============================================================
test_gfp_arith - gfp sub
=============================================================

-------------------- Cycles --------------------

! @  138 176 119 112 111 111 111 111 111 111 111 111 111 111 111 111 111 111 111 111 111 111 111 111 111 111 111 111 111 111 111 111 111 111 111 111 111 111 111 111 111 111 111 111 111 111 111 111 111 111 111 111 111 111 111 111 111 111 111 111 111 111 111 111 111 111 111 111 111 111 111 111 111 111 111 111 111 111 111 111 111 111 111 111 111 111 111 111 111 111 111 111 111 111 111 111 111 111 111 111

---------------- Instructions ----------------

! @  118 118 118 118 118 118 118 118 118 118 118 118 118 118 118 118 118 118 118 118 118 118 118 118 118 118 118 118 118 118 118 118 118 118 118 118 118 118 118 118 118 118 118 118 118 118 118 118 118 118 118 118 118 118 118 118 118 118 118 118 118 118 118 118 118 118 118 118 118 118 118 118 118 118 118 118 118 118 118 118 118 118 118 118 118 118 118 118 118 118 118 118 118 118 118 118 118 118 118 118

----------------------------------------------

=============================================================
test_gfp_arith - gfp mul32
=============================================================

-------------------- Cycles --------------------

! @  144 116 116 116 116 116 116 116 116 116 116 116 116 116 116 116 116 116 116 116 116 116 116 116 116 116 116 116 116 116 116 116 116 116 116 116 116 116 116 116 116 116 116 116 116 116 116 116 116 116 116 116 116 116 116 116 116 116 116 116 116 116 116 116 116 116 116 116 116 116 116 116 116 116 116 116 116 116 116 116 116 116 116 116 116 116 116 116 116 116 116 116 116 116 116 116 116 116 116 116

---------------- Instructions ----------------

! @  110 110 110 110 110 110 110 110 110 110 110 110 110 110 110 110 110 110 110 110 110 110 110 110 110 110 110 110 110 110 110 110 110 110 110 110 110 110 110 110 110 110 110 110 110 110 110 110 110 110 110 110 110 110 110 110 110 110 110 110 110 110 110 110 110 110 110 110 110 110 110 110 110 110 110 110 110 110 110 110 110 110 110 110 110 110 110 110 110 110 110 110 110 110 110 110 110 110 110 110

----------------------------------------------

=============================================================
test_curve_arith - mon_ladder_step
=============================================================

-------------------- Cycles --------------------

! @  6573 6574 6556 6576 6556 6576 6556 6576 6556 6576 6556 6577 79405 6582 6556 6576 6556 6576 6556 6576 6556 6576 6556 6576 6556 6576 6556 6576 6556 6576 6556 77499 6664 6570 6556 6576 6556 6578 6556 6578 6556 6576 6556 6591 6556 6576 6556 6576 6556 6576 75794 7091 6556 6576 6556 6576 6556 6581 6556 6576 6556 6576 6556 6577 6556 6576 6556 6576 6556 6576 76009 6667 6556 6576 6556 6576 6556 6576 6556 6576 6556 6576 6556 6576 6556 6576 6556 6576 6556 6576 76405 6738 6556 6576 6556 6576 6556 6576 6556 6576
! @  6556 6576 6556 6576 6556 6588 6556 6576 6556 75810 6744 6571 6556 6576 6556 6576 6556 6576 6556 6576 6556 6577 6556 6576 6556 6576 6556 6576 6556 75493 6660 6570 6556 6577 6556 6576 6556 6576 6556 6576 6556 6576 6556 6577 6556 6576 6556 6576 6556 75498 6749 6570 6556 6576 6556 6576 6556 6576 6556 6576 6556 6576 6556 6576 6556 6576 6556 6576 74602 7274 6577 6576 6556 6576 6556 6576 6556 6578 6556 6576 6556 6576 6556 6576 6556 6576 6556 6577 74816 6860 6556 6576 6556 6576 6556 6576 6556 6576 6556 6578

---------------- Instructions ----------------

! @  5539 5539 5539 5539 5539 5539 5539 5539 5539 5539 5539 5539 16941 5539 5539 5539 5539 5539 5539 5539 5539 5539 5539 5539 5539 5539 5539 5539 5539 5539 5539 16941 5539 5539 5539 5539 5539 5539 5539 5539 5539 5539 5539 5539 5539 5539 5539 5539 5539 5539 16941 5539 5539 5539 5539 5539 5539 5539 5539 5539 5539 5539 5539 5539 5539 5539 5539 5539 5539 5539 16941 5539 5539 5539 5539 5539 5539 5539 5539 5539 5539 5539 5539 5539 5539 5539 5539 5539 5539 5539 16941 5539 5539 5539 5539 5539 5539 5539 5539 5539
! @  5539 5539 5539 5539 5539 5539 5539 5539 5539 16941 5539 5539 5539 5539 5539 5539 5539 5539 5539 5539 5539 5539 5539 5539 5539 5539 5539 5539 5539 16941 5539 5539 5539 5539 5539 5539 5539 5539 5539 5539 5539 5539 5539 5539 5539 5539 5539 5539 5539 16941 5539 5539 5539 5539 5539 5539 5539 5539 5539 5539 5539 5539 5539 5539 5539 5539 5539 5539 16941 5539 5539 5539 5539 5539 5539 5539 5539 5539 5539 5539 5539 5539 5539 5539 5539 5539 5539 5539 16941 5539 5539 5539 5539 5539 5539 5539 5539 5539 5539 5539

----------------------------------------------

=============================================================
ecdh correctness test
=============================================================
x25519: (alice <---> bob: rfc7748 test vectors)
- private keys:
  alice: 2A2CB91DA5FB77B12A99C0EB872F4CDF4566B25172C1163C7DA518730A6D0777
  bob  : EBE088FF278B2F1CFDB6182629B13B6FE60E80838B7FE1794B8A4A627E08AB5D
- public keys:
  alice: 6A4E9BAA8EA9A4EBF41A38260D3ABF0D5AF73EB4DC7D8B7454A7308909F02085
  bob  : 4F2B886F147EFCAD4D67785BC843833F3735E4ECC2615BD3B4C17D7B7DDB9EDE
- shared secrets:
  alice: 4217161E3C9BF076339ED147C9217EE0250F3580F43B8E72E12DCEA45B9D5D4A
  bob  : 4217161E3C9BF076339ED147C9217EE0250F3580F43B8E72E12DCEA45B9D5D4A
- results:[32m equal [0m
-------------------------------------------------------------
x25519: (carol <---> dave: random test vectors)
- private keys:
  carol: 593C88AA59876667470F7256DE31BF0187E11C7CDFBDF654FBE2FB4B6B817EC6
  dave : 363F1F8F99D95F8E761AE3CC987902DA5B65AE372F55543CD8A185D27B1356EA
- public keys:
  carol: 49335110A9BFAEE04B26E014C5B66C4F5332DD0449DB319E5CDA941E713B2A9D
  dave : 11286328E598CBF797EBDFC76708EA606825C43B99A8DB056015F0A03BC63CB1
- shared secrets:
  carol: 7EB837D18E3DF1CA004EA8BA446BE7E3EE56731E1641EF0A0A0FC3B12784468E
  dave : 7EB837D18E3DF1CA004EA8BA446BE7E3EE56731E1641EF0A0A0FC3B12784468E
- results:[32m equal [0m

=============================================================
test_mon_varbase_mul - mon_varbase_mul
=============================================================

-------------------- Cycles --------------------

! @  2839844 3002911 2907475 3017872 2842527 2839068 2909953 3663599 2986803 3005535 2840699 2906972 2842035 2839375 3371271 2839522 2843331 2839402 3005075 2840314 3090317 2841311 2840488 2995773 2909425 3801505 2922606 2916141 2835177 2839754 2990835 3365890 2842810 2907574 2838724 3002571 2841422 3083292 2840565 2840659 2840921 2910775 3807228 2843905 3007550 2912211 2840942 2843789 3364893 2843382 2907818 2843210 3003236 3015745 2843912 2910678 2842862 2844240 2910749 3808087 2840738 3006471 2842742 2913242 2843399 3366324 2842010 2839684 2914284 3051813 3185726 2988744 2945764 2841788 2838825 2908410 3801771 2841008 3004027 2840036 2910395 2837996 3288165 2845639 2843199 2911268 2841728 3182107 2840221 2839864 2994275 2906172 2839915 3801926 2993378 3000198 2842075 2838337 2907752 2841234
! @  3366887 2841474 2842886 2909335 3067023 2907880 2838812 2837829 2905807 2843963 3641425 3001311 3007660 2909866 2841552 2840308 2840543 3370559 2907301 2841828 2842385 3183442 2840223 2912678 2842021 2841157 2910896 2838904 3807838 2842468 3003767 2910246 2840243 2837530 3369849 2842181 3076430 3022346 3011531 2839736 3003045 2841413 2910301 2838094 2838755 3804857 2910168 3006214 2841149 2841142 2909274 3296689 2910456 2841145 3013187 3001677 2843316 2994849 2911439 2840807 2839257 2909301 3805981 2840826 3008548 2838724 3083719 2841054 3362281 2841782 2841861 3014543 2990905 2922622 2840692 2839811 2906002 2840486 2840633 3806339 2908275 3004215 2844401 2840213 2908508 3104252 3097915 2845836 3015540 2839976 3003488 2912519 2841312 2841568 2907845 2841498 3659842 2985876 3003941 2910804
! @  2841552 2841061 2906911 3299580 3018286 2911793 2840396 3005526 2840089 2910343 2837739 2840141 2910450 2839346 3803089 2842599 3008786 2909338 2839396 2840631 3371637 3013156 2913508 2838590 3161230 2841237 2843171 2908251 2840012 2840212 2836875 3805092 2910056 3006275 2841679 2841509 2909256 3367375 3018955 2840747 2840769 3002145 2912205 2841559 2839872 2908736 2839748 2838963 3806404 2906104 3000079 2838875 2839415 2841152 3363538 3020355 2909652 2840753 2839682 3005603 2906398 2840437 2838725 2910608 2843199 3798119 2846459 3010249 2910085 2841749 2841452 2911152 3389847 2837774 2839922 2842568 3005365 2910248 2867511 2907004 2842666 2840394 3793374 3001217 3004726 2912999 2840820 2840362 2909552 3323288 2910038 2838878 3000269 3002135 2837230 2908097 2840852 2839315 2905876 2837217
! @  3795262 2838079 3007622 2837645 2909683 3011136 3371777 2839805 2842111 2910955 3000977 2841076 2840348 2904507 2836595 2841296 2837599 3803885 2911678 3004088 2838250 2837403 3085264 3432725 2839478 2840824 2907007 2997856 2842402 2839602 2906418 2840720 2839322 2907080 3802015 2841270 3004152 2844479 2839809 3022068 3276318 2925711 2837849 2842813 2904356 3000830 2988937 2844899 2842414 2840875 2911001 3673750 2964004 3007945 2840064 2911333 3014966 2838604 3369350 2997948 2839242 2906897 3002811 2840656 2840804 2909021 2840063 2841726 2840945 3802438 3000286 2914754 2843752 3016853 2908045 3296945 2905442 2840559 2838236 3005988 2906268 2838692 2839234 2841148 2908562 2842002 3803594 2839980 3005865 3084085 3015326 2839686 3368472 2839752 2839065 2910277 3002440 2842558 2839895 2909083
! @  2840898 2839371 2908234 3799868 2840595 3004076 3021457 2843581 2910112 3295793 2910418 2837070 2839019 2994088 2921071 2842555 2838022 2909658 2841853 2840318 3821910 2913745 3008206 3018277 2837040 2905590 3444169 2844242 2908084 2840528 2842132 3007417 2907962 2840906 2838696 2843201 2908490 3672796 2969381 3010157 3014789 2905640 2837616 2837854 3369635 2839515 2910130 2841111 3004371 2838982 2906993 2838598 2838341 2841886 2910284 3805820 3061866 2918661 2839130 2839569 2906777 3298042 2907546 2840829 2841533 3005710 2908871 2841604 2840833 2908930 2840810 2839155 3805370 3016335 3005253 2908828 2838137 2839133 3368382 2841985 2907980 2842609 3002982 2842181 2905238 3019031 2839426 2840375 2913153 3805910 3022081 3004349 2838828 2998771 2908615 3295215 2908877 2840443 2839241 2838838
! @  3002162 2907691 2839387 2841925 2909484 2837614 3801372 3024233 3005562 2905728 2839650 2839452 3179611 3023522 2908090 2841885 2840740 3002553 2843831 2909235 2840745 2840161 2909693 3666273 3149552 3001107 2839475 2836596 2912768 2840482 3369428 2840992 2841098 2908891 3005595 2841878 2841164 2910415 2840842 2838341 2912097 3830132 2841099 3006649 2910181 2839602 2836517 3371251 2842694 2907869 2841518 3006193 2844418 2911979 2841703 2840333 2912297 2846418 3837560 2906365 3085287 2918517 2841112 2839458 3372312 2841047 2909321 2843355 2998555 2846049 2911787 2841125 2839895 3117989 3015869 3884124 2906830 3008554 2839448 2836861 2910111 3298369 2912045 2839363 2841450 2909968 3003150 2838441 2839646 2909786 2840674 3016924 3803832 2841941 3005575 2908023 2838662 2838728 3329152 3025225
! @  2838647 2906812 2838587 3008345 2838889 2908097 2841538 2841297 3019725 3746321 2965377 3004372 2838402 2842327 2909408 2840652 3362238 2844400 2837827 2907394 3008327 2839008 2837712 2907993 2842747 3015178 2839020 3804302 3155762 2844893 2910525 2839677 2838317 3367045 2840155 2907615 2840478 3005338 2840320 2905059 2842003 2843048 3014767 2906381 3825773 2836215 3005448 2838828 2910678 2838493 3364871 2837489 2838400 2907159 3001932 2842611 2835878 2905439 3015619 2843225 2839172 3802903 2913405 3007431 2839981 2840660 2910184 3289498 2912031 2838407 2837815 2907446 3008420 2841030 3015016 3019637 2908171 2837478 3800962 2840242 3004276 2837815 2909290 2841137 2841952 3367008 2836600 2909844 2837359 3004104 2840102 2911294 3016679 2840545 2840790 3904432 2893471 3003570 2842100 2840188
! @  2841554 2908241 3301011 2910192 2840950 2840732 3005365 2908882 2842387 3016683 2908118 2839689 2838692 3809390 2987375 2922449 2839775 2842665 2840570 3369052 2910629 2841774 2841328 3005251 2906520 3018874 2843132 2838555 2910197 2837820 3805702 2841335 3004942 2908728 2839652 2840328 3369369 2842037 2911706 2842709 2998079 2846548 3020294 2908464 2843200 2838832 2910842 3802457 2842085 3002885 2838149 2910342 2840160 3358855 2846352 2841555 2909994 2840444 3005926 3015014 3366962 2844196 2997434 2907587 3800652 2842667 3004252 2843026 2907323 2838025 3283277 2920692 2842354 2909392 2841231 3008700 3015997 2839319 2910535 2841391 2841535 3794880 2917717 3005591 2844163 2842499 2910168 2842827 3370144 2842370 2838775 2909711 3179903 2841966 2867592 2908854 2842494 2838839 3703702 2999104
! @  3004049 2842170 2839578 2908846 2840788 3368623 2843084 2841183 2907549 3070960 2840922 2911855 2840745 2838529 2912735 2839325 3804398 2839274 3006804 2908302 2839656 2842852 3369044 2843174 2907544 2840363 3133191 2919811 2908614 2996929 2841707 2837165 2907805 3804324 2842272 3006919 2837869 2908567 2840278 3370915 2841441 2841304 2907856 3101444 2918351 2837470 2842462 2910005 2840465 2839538 3949888 2844302 3006134 2911142 2841228 2842422 3181532 3023649 2910269 2841497 3015700 3005500 2838183 2911576 2841241 2838273 2910781 3678136 2966874 3006659 2841975 2910362 2839150 2841331 3369348 2839609 3086161 2837899 3006381 2841130 2907942 2842492 2840369 2839818 2907535 3804554 2996238 2845232 2839488 2907608 2840795 3368859 2839605 2845588 3079011 3001168 2993519 3020564 2841002 2837609
! @  2906851 2839135 3805941 2839011 3004205 2909587 2840678 2838894 3369754 2841844 3020328 2910800 3003224 2843059 2841034 2991389 2910738 2838938 2839344 3806501 2911278 3001560 2841205 2840444 2905681 3296646 2911282 3189125 2844455 3006311 2840297 2905808 2840557 2839020 2839071 2909692 3803958 2842576 3006991 2910895 2838435 2840997 3359243 3025828 2841635 2907624 2840188 3007768 2841272 2912749 2840794 2839568 2905949 3799805 2841681 3003934 2839599 2907744 2840005 2841098 3374585 3014375 2841424 2991924 3014055 2908217 2839313 2839319 2906952 2840684 3639356 2997873 2997429 2909643 2836430 2836308 2840020 3548175 2839497 2906074 2839208 3006162 2840794 2907547 2839832 2843038 2840456 2908937 3809750 2840183 3007011 2904565 2836937 2840274 3398965 2841822 2910482 2837852 3006273 2839982

---------------- Instructions ----------------

! @  1722426 1743598 1733831 1744477 1722426 1722426 1733831 1975743 1742230 1743813 1722426 1733831 1722426 1722426 1790608 1722426 1722426 1722426 1743821 1722426 1756117 1722426 1722426 1744289 1733786 1995111 1732366 1733786 1722452 1722384 1739987 1790305 1722384 1733786 1722384 1743553 1722528 1755895 1722384 1722384 1722384 1733793 1995359 1722468 1743858 1733876 1722468 1722468 1790414 1722468 1733876 1722468 1743866 1744740 1722468 1733876 1722468 1722468 1733876 1995225 1722468 1743606 1722468 1733876 1722468 1790407 1722468 1722468 1733876 1750068 1766102 1739979 1735937 1722426 1722426 1733831 1995302 1722426 1743815 1722426 1733831 1722426 1778960 1722426 1722426 1733831 1722426 1766082 1722426 1722426 1744251 1733786 1722384 1994859 1739934 1743518 1722384 1722384 1733786 1722384
! @  1790559 1722384 1722384 1733930 1752826 1733786 1722384 1722384 1733786 1722384 1973805 1743831 1743831 1733796 1722426 1722426 1722426 1790365 1733831 1722426 1722570 1765356 1722426 1733831 1722426 1722426 1733831 1722426 1994916 1722426 1743563 1733831 1722426 1722426 1790610 1722426 1755188 1744685 1743854 1722426 1744181 1722426 1733831 1722426 1722426 1995168 1733831 1743902 1722426 1722426 1733831 1779292 1733831 1722426 1743851 1743658 1722426 1744254 1733786 1722384 1722384 1733786 1995245 1722384 1743857 1722384 1755843 1722384 1790646 1722384 1722528 1744293 1743894 1733786 1722384 1722384 1733786 1722384 1722384 1995111 1733786 1743857 1722384 1722384 1733786 1755994 1756836 1722570 1744355 1722426 1743658 1733831 1722426 1722426 1733831 1722426 1975811 1741985 1743902 1733831
! @  1722426 1722426 1733831 1779047 1744734 1733831 1722426 1743926 1722426 1733831 1722426 1722426 1733831 1722426 1995168 1722426 1743650 1733831 1722426 1722426 1790697 1744203 1733831 1722426 1765741 1722384 1722384 1733786 1722384 1722384 1722384 1995245 1733786 1743857 1722384 1722384 1733786 1790401 1744158 1722384 1722384 1743894 1733786 1722384 1722384 1733786 1722384 1722384 1994859 1733786 1743605 1722384 1722384 1722384 1790790 1743990 1733786 1722384 1722421 1743910 1733831 1722426 1722426 1733831 1722426 1995168 1722426 1743902 1733831 1722426 1722426 1733975 1792994 1722426 1722426 1722426 1743687 1733831 1725336 1733831 1722494 1722426 1991412 1744114 1743902 1733831 1722426 1722426 1733975 1781843 1733831 1722426 1744227 1743865 1722384 1733786 1722384 1722384 1733786 1722384
! @  1995111 1722384 1743857 1722384 1733786 1744160 1790370 1722384 1722384 1733786 1743642 1722384 1722384 1733786 1722384 1722384 1722384 1995245 1733786 1743857 1722384 1722384 1755562 1796545 1722384 1722384 1733786 1743865 1722384 1722384 1733814 1722426 1722426 1733831 1995168 1722426 1743650 1722426 1733831 1744205 1779061 1733831 1722426 1722426 1733831 1743930 1740032 1722426 1722426 1722426 1733831 1977627 1740101 1743902 1722426 1733975 1743799 1722426 1790473 1744233 1722384 1733786 1743865 1722384 1722452 1733786 1722384 1722384 1722384 1994859 1743605 1733786 1722528 1744023 1733786 1779265 1733786 1722384 1722384 1743894 1733786 1722384 1722384 1722384 1733786 1722384 1995245 1722384 1743857 1755458 1743890 1722384 1790422 1722384 1722384 1733786 1743865 1722384 1722384 1733786
! @  1722384 1722384 1733802 1994916 1722426 1743650 1744186 1722426 1733831 1779295 1733831 1722426 1722426 1743939 1733831 1722426 1722426 1733831 1722426 1722426 1997441 1733831 1743902 1744244 1722426 1733831 1801105 1722384 1733786 1722384 1722384 1743613 1733786 1722384 1722384 1722384 1733786 1977573 1740056 1744001 1744055 1733786 1722384 1722384 1790646 1722384 1733786 1722384 1743962 1722384 1733786 1722384 1722384 1722384 1733786 1995111 1752559 1733786 1722384 1722384 1733786 1778982 1733786 1722384 1722384 1743603 1733786 1722384 1722384 1733786 1722384 1722384 1995245 1744182 1743863 1733831 1722426 1722426 1790442 1722426 1733831 1722426 1743916 1722426 1733831 1744974 1722426 1722426 1733831 1994916 1744687 1743640 1722426 1744257 1733786 1778982 1733786 1722384 1722384 1722384
! @  1743855 1733786 1722384 1722384 1733786 1722384 1995245 1744642 1743847 1733786 1722384 1722384 1767733 1745042 1733786 1722384 1722384 1743884 1722384 1733786 1722384 1722384 1733786 1975581 1763878 1743595 1722384 1722384 1733786 1722384 1790636 1722384 1722391 1733847 1743855 1722384 1722384 1733786 1722384 1722384 1733930 1998224 1722384 1743847 1733786 1722384 1722392 1790493 1722468 1733876 1722468 1743722 1722468 1733876 1722468 1722468 1733876 1722612 1998717 1733876 1754408 1733831 1722426 1722426 1790687 1722426 1733831 1722426 1743900 1722426 1733831 1722426 1722426 1761455 1744642 2001610 1733786 1743847 1722384 1722384 1733786 1778982 1733786 1722384 1722384 1733786 1743632 1722384 1722384 1733786 1722384 1744642 1995245 1722384 1743847 1733786 1722384 1722384 1785283 1745042
! @  1722384 1733786 1722384 1743855 1722384 1733786 1722384 1722384 1744642 1988975 1739922 1743595 1722384 1722384 1733786 1722384 1790391 1722445 1722385 1733831 1743920 1722426 1722426 1733831 1722570 1743962 1722426 1995302 1765690 1722384 1733786 1722384 1722384 1790391 1722384 1733786 1722384 1743855 1722384 1733786 1722384 1722528 1743910 1733786 1998198 1722384 1743595 1722384 1733786 1722384 1790636 1722384 1722384 1733786 1743884 1722384 1722384 1733786 1743804 1722384 1722384 1995245 1733786 1743847 1722384 1722384 1733786 1778989 1733786 1722384 1722384 1733786 1743855 1722384 1743482 1744429 1733786 1722384 1994859 1722384 1743595 1722384 1733786 1722384 1722384 1790636 1722384 1733786 1722384 1743884 1722384 1733820 1744726 1722426 1722426 2010879 1728562 1743892 1722426 1722426
! @  1722433 1733892 1779282 1733831 1722426 1722426 1743648 1733831 1722570 1744582 1733831 1722426 1722426 1995302 1743892 1733831 1722426 1722426 1722426 1790687 1733831 1722426 1722426 1743929 1733831 1744760 1722426 1722426 1733831 1722426 1995168 1722426 1743892 1733831 1722426 1722426 1790435 1722426 1733831 1722426 1743648 1722426 1744717 1733831 1722426 1722426 1733831 1995302 1722426 1743892 1722426 1733831 1722426 1790442 1722426 1722426 1733831 1722426 1743918 1744674 1784399 1722426 1744248 1733817 1995168 1722426 1743559 1722426 1733831 1722426 1778949 1733831 1722426 1733831 1722426 1743963 1744051 1722426 1733831 1722426 1722426 1995302 1733831 1743811 1722433 1722487 1733831 1722426 1790361 1722426 1722426 1733831 1765610 1722426 1725330 1733831 1722426 1722426 1985012 1743735
! @  1743559 1722426 1722426 1733831 1722426 1790606 1722426 1722426 1733831 1752494 1722426 1733831 1722426 1722426 1733831 1722426 1995168 1722426 1743811 1733831 1722426 1722426 1790361 1722426 1733831 1722426 1763803 1728574 1733831 1744254 1722384 1722384 1733786 1995490 1722384 1743798 1722426 1733831 1722426 1790606 1722426 1722426 1733831 1753933 1733831 1722426 1722426 1733831 1722426 1722426 2013002 1722426 1743811 1733831 1722426 1722426 1767448 1745332 1733831 1722570 1743801 1743596 1722426 1733831 1722426 1722426 1733831 1977627 1740108 1743872 1722426 1733831 1722426 1722426 1790361 1722426 1755267 1722426 1743819 1722426 1733831 1722426 1722426 1722426 1733831 1995168 1743559 1722426 1722426 1733831 1722426 1790354 1722426 1722570 1755358 1743587 1744260 1743834 1722384 1722384
! @  1733786 1722384 1995245 1722384 1743766 1733786 1722384 1722406 1790361 1722426 1744125 1733831 1743819 1722426 1722426 1739979 1733831 1722426 1722426 1994916 1733831 1743559 1722426 1722426 1733831 1779201 1733975 1765534 1722426 1743848 1722426 1733831 1722426 1722426 1722426 1733831 1995302 1722426 1743811 1733831 1722426 1722426 1790361 1744234 1722426 1733831 1722426 1743819 1722426 1733831 1722426 1722426 1733838 1994977 1722426 1743559 1722426 1733831 1722426 1722426 1790750 1744090 1722426 1744266 1743803 1733786 1722384 1722384 1733786 1722384 1973805 1743690 1743766 1733786 1722384 1722384 1722384 1812336 1722384 1733808 1722426 1743567 1722426 1733831 1722426 1722426 1722426 1733831 1995302 1722426 1743811 1733831 1722426 1722426 1793078 1722426 1733831 1722426 1743848 1722426

----------------------------------------------
