Usage (for mon_varbase_mul and test_scott): ./cva6_x25519_rv64_ise_full.elf <an_integer> <another_integer>
Setting num_iters = 1000 , num_warmup_iters = 100

=============================================================
test_nop - nop_routine
=============================================================

-------------------- Cycles --------------------

! @  35 7 7 7 7 7 7 7 7 7 7 7 7 7 7 7 7 7 7 7 7 7 7 7 7 7 7 7 7 7 7 7 7 7 7 7 7 7 7 7 7 7 7 7 7 7 7 7 7 7 7 7 7 7 7 7 7 7 7 7 7 7 7 7 7 7 7 7 7 7 7 7 7 7 7 7 7 7 7 7 7 7 7 7 7 7 7 7 7 7 7 7 7 7 7 7 7 7 7 7

---------------- Instructions ----------------

! @  13 13 13 13 13 13 13 13 13 13 13 13 13 13 13 13 13 13 13 13 13 13 13 13 13 13 13 13 13 13 13 13 13 13 13 13 13 13 13 13 13 13 13 13 13 13 13 13 13 13 13 13 13 13 13 13 13 13 13 13 13 13 13 13 13 13 13 13 13 13 13 13 13 13 13 13 13 13 13 13 13 13 13 13 13 13 13 13 13 13 13 13 13 13 13 13 13 13 13 13

----------------------------------------------

=============================================================
test_gfp_arith - gfp mul
=============================================================

-------------------- Cycles --------------------

! @  159 132 132 132 132 132 132 132 132 132 132 132 132 132 132 132 132 132 132 132 132 132 132 132 132 132 132 132 132 132 132 132 132 132 132 132 132 132 132 132 132 132 132 132 132 132 132 132 132 132 132 132 132 132 132 132 132 132 132 132 132 132 132 132 132 132 132 132 132 132 132 132 132 132 132 132 132 132 132 132 132 132 132 132 132 132 132 132 132 132 132 132 132 132 132 132 132 132 132 132

---------------- Instructions ----------------

! @  118 118 118 118 118 118 118 118 118 118 118 118 118 118 118 118 118 118 118 118 118 118 118 118 118 118 118 118 118 118 118 118 118 118 118 118 118 118 118 118 118 118 118 118 118 118 118 118 118 118 118 118 118 118 118 118 118 118 118 118 118 118 118 118 118 118 118 118 118 118 118 118 118 118 118 118 118 118 118 118 118 118 118 118 118 118 118 118 118 118 118 118 118 118 118 118 118 118 118 118

----------------------------------------------

=============================================================
test_gfp_arith - gfp sqr
=============================================================

-------------------- Cycles --------------------

! @  158 131 131 131 131 131 131 131 131 131 131 131 131 131 131 131 131 131 131 131 131 131 131 131 131 131 131 131 131 131 131 131 131 131 131 131 131 131 131 131 131 131 131 131 131 131 131 131 131 131 131 131 131 131 131 131 131 131 131 131 131 131 131 131 131 131 131 131 131 131 131 131 131 131 131 131 131 131 131 131 131 131 131 131 131 131 131 131 131 131 131 131 131 131 131 131 131 131 131 131

---------------- Instructions ----------------

! @  118 118 118 118 118 118 118 118 118 118 118 118 118 118 118 118 118 118 118 118 118 118 118 118 118 118 118 118 118 118 118 118 118 118 118 118 118 118 118 118 118 118 118 118 118 118 118 118 118 118 118 118 118 118 118 118 118 118 118 118 118 118 118 118 118 118 118 118 118 118 118 118 118 118 118 118 118 118 118 118 118 118 118 118 118 118 118 118 118 118 118 118 118 118 118 118 118 118 118 118

----------------------------------------------

=============================================================
test_gfp_arith - gfp inv
=============================================================

-------------------- Cycles --------------------

! @  34417 34307 34281 34281 34281 34281 34281 34281 34281 34281 34281 112277 34748 34281 34281 34281 34281 34281 34281 34281 34281 34281 34281 34281 63484 34362 34281 34281 34281 34281 34281 34281 34281 34281 34281 34281 34281 56493 34354 34281 34281 34281 34281 34281 34281 34281 34281 34281 34281 34281 34281 55066 34329 34281 34281 34281 34281 34281 34281 34281 34281 34281 34281 34281 34281 54595 34329 34281 34281 34281 34281 34281 34281 34281 34281 34281 34281 34281 34281 54519 34304 34281 34281 34281 34281 34281 34281 34281 34281 34281 34281 34281 34281 54438 34331 34281 34281 34281 34281 34281

---------------- Instructions ----------------

! @  28607 28607 28607 28607 28607 28607 28607 28607 28607 28607 28607 42015 28607 28607 28607 28607 28607 28607 28607 28607 28607 28607 28607 28607 33512 28607 28607 28607 28607 28607 28607 28607 28607 28607 28607 28607 28607 33512 28607 28607 28607 28607 28607 28607 28607 28607 28607 28607 28607 28607 28607 33512 28607 28607 28607 28607 28607 28607 28607 28607 28607 28607 28607 28607 28607 33512 28607 28607 28607 28607 28607 28607 28607 28607 28607 28607 28607 28607 28607 33512 28607 28607 28607 28607 28607 28607 28607 28607 28607 28607 28607 28607 28607 33512 28607 28607 28607 28607 28607 28607

----------------------------------------------

=============================================================
test_gfp_arith - gfp add
=============================================================

-------------------- Cycles --------------------

! @  79 53 53 53 53 53 53 53 53 53 53 53 53 53 53 53 53 53 53 53 53 53 53 53 53 53 53 53 53 53 53 53 53 53 53 53 53 53 53 53 53 53 53 53 53 53 53 53 53 53 53 53 53 53 53 53 53 53 53 53 53 53 53 53 53 53 53 53 53 53 53 53 53 53 53 53 53 53 53 53 53 53 53 53 53 53 53 53 53 53 53 53 53 53 53 53 53 53 53 53

---------------- Instructions ----------------

! @  59 59 59 59 59 59 59 59 59 59 59 59 59 59 59 59 59 59 59 59 59 59 59 59 59 59 59 59 59 59 59 59 59 59 59 59 59 59 59 59 59 59 59 59 59 59 59 59 59 59 59 59 59 59 59 59 59 59 59 59 59 59 59 59 59 59 59 59 59 59 59 59 59 59 59 59 59 59 59 59 59 59 59 59 59 59 59 59 59 59 59 59 59 59 59 59 59 59 59 59

----------------------------------------------

=============================================================
test_gfp_arith - gfp sub
=============================================================

-------------------- Cycles --------------------

! @  84 58 58 58 58 58 58 58 58 58 58 58 58 58 58 58 58 58 58 58 58 58 58 58 58 58 58 58 58 58 58 58 58 58 58 58 58 58 58 58 58 58 58 58 58 58 58 58 58 58 58 58 58 58 58 58 58 58 58 58 58 58 58 58 58 58 58 58 58 58 58 58 58 58 58 58 58 58 58 58 58 58 58 58 58 58 58 58 58 58 58 58 58 58 58 58 58 58 58 58

---------------- Instructions ----------------

! @  64 64 64 64 64 64 64 64 64 64 64 64 64 64 64 64 64 64 64 64 64 64 64 64 64 64 64 64 64 64 64 64 64 64 64 64 64 64 64 64 64 64 64 64 64 64 64 64 64 64 64 64 64 64 64 64 64 64 64 64 64 64 64 64 64 64 64 64 64 64 64 64 64 64 64 64 64 64 64 64 64 64 64 64 64 64 64 64 64 64 64 64 64 64 64 64 64 64 64 64

----------------------------------------------

=============================================================
test_gfp_arith - gfp mul32
=============================================================

-------------------- Cycles --------------------

! @  75 45 45 45 45 45 45 45 45 45 45 45 45 45 45 45 45 45 45 45 45 45 45 45 45 45 45 45 48 45 45 45 45 45 45 45 45 45 45 45 45 45 45 45 45 45 50 45 45 45 45 45 45 45 45 45 45 45 45 45 45 45 45 45 50 45 45 45 45 45 45 45 45 45 45 45 45 45 45 45 45 45 50 45 45 45 45 45 45 45 45 45 45 45 45 45 45 45 45 45

---------------- Instructions ----------------

! @  46 46 46 46 46 46 46 46 46 46 46 46 46 46 46 46 46 46 46 46 46 46 46 46 46 46 46 46 46 46 46 46 46 46 46 46 46 46 46 46 46 46 46 46 46 46 46 46 46 46 46 46 46 46 46 46 46 46 46 46 46 46 46 46 46 46 46 46 46 46 46 46 46 46 46 46 46 46 46 46 46 46 46 46 46 46 46 46 46 46 46 46 46 46 46 46 46 46 46 46

----------------------------------------------

=============================================================
test_curve_arith - mon_ladder_step
=============================================================

-------------------- Cycles --------------------

! @  1638 1612 1648 1648 1648 1648 1648 1648 1648 1648 1648 1648 1648 1648 1648 1648 1648 1648 1648 1648 1648 1648 1648 1648 1648 1648 1648 1648 1648 1648 1648 1648 1648 1648 1648 1648 1648 1648 1648 1648 1648 1648 1648 1648 1648 1648 1648 1648 1648 1648 1648 1648 1648 1648 1648 1648 1648 1648 1648 1648 1648 1648 1648 1648 1648 1648 1648 1648 1648 1648 1648 1648 1648 1648 1648 1648 1648 1648 1648 1648 1648 1648 1648 1648 1648 1648 1648 1648 1648 1648 1648 1648 1648 1648 1648 1648 1648 1648 1648 1648
! @  1648 1648 1648 1648 1648 1648 1648 1648 1648 1648 1648 1648 1648 1639 1648 1648 1648 1648 1648 1648 1648 1648 1648 1648 1648 1648 1648 1648 1648 1648 1648 1648 1648 1648 1648 1648 1648 1648 1648 1648 1648 1648 1648 1648 1648 1648 1648 1648 1648 1648 1648 1648 1648 1648 1648 1648 1648 1648 1648 1648 1648 1639 1648 1648 1648 1648 1648 1648 1648 1648 1648 1648 1648 1648 1648 1648 1648 1648 1648 1648 1648 1648 1648 1648 1648 1648 1648 1648 1648 1648 1648 1648 1648 1648 1648 1648 1648 1648 1648 1648

---------------- Instructions ----------------

! @  1426 1426 1426 1426 1426 1426 1426 1426 1426 1426 1426 1426 1426 1426 1426 1426 1426 1426 1426 1426 1426 1426 1426 1426 1426 1426 1426 1426 1426 1426 1426 1426 1426 1426 1426 1426 1426 1426 1426 1426 1426 1426 1426 1426 1426 1426 1426 1426 1426 1426 1426 1426 1426 1426 1426 1426 1426 1426 1426 1426 1426 1426 1426 1426 1426 1426 1426 1426 1426 1426 1426 1426 1426 1426 1426 1426 1426 1426 1426 1426 1426 1426 1426 1426 1426 1426 1426 1426 1426 1426 1426 1426 1426 1426 1426 1426 1426 1426 1426 1426
! @  1426 1426 1426 1426 1426 1426 1426 1426 1426 1426 1426 1426 1426 1426 1426 1426 1426 1426 1426 1426 1426 1426 1426 1426 1426 1426 1426 1426 1426 1426 1426 1426 1426 1426 1426 1426 1426 1426 1426 1426 1426 1426 1426 1426 1426 1426 1426 1426 1426 1426 1426 1426 1426 1426 1426 1426 1426 1426 1426 1426 1426 1426 1426 1426 1426 1426 1426 1426 1426 1426 1426 1426 1426 1426 1426 1426 1426 1426 1426 1426 1426 1426 1426 1426 1426 1426 1426 1426 1426 1426 1426 1426 1426 1426 1426 1426 1426 1426 1426 1426

----------------------------------------------

=============================================================
ecdh correctness test
=============================================================
x25519: (alice <---> bob: rfc7748 test vectors)
- private keys:
  alice: 2A2CB91DA5FB77B12A99C0EB872F4CDF4566B25172C1163C7DA518730A6D0777
  bob  : EBE088FF278B2F1CFDB6182629B13B6FE60E80838B7FE1794B8A4A627E08AB5D
- public keys:
  alice: 6A4E9BAA8EA9A4EBF41A38260D3ABF0D5AF73EB4DC7D8B7454A7308909F02085
  bob  : 4F2B886F147EFCAD4D67785BC843833F3735E4ECC2615BD3B4C17D7B7DDB9EDE
- shared secrets:
  alice: 4217161E3C9BF076339ED147C9217EE0250F3580F43B8E72E12DCEA45B9D5D4A
  bob  : 4217161E3C9BF076339ED147C9217EE0250F3580F43B8E72E12DCEA45B9D5D4A
- results:[32m equal [0m
-------------------------------------------------------------
x25519: (carol <---> dave: random test vectors)
- private keys:
  carol: 593C88AA59876667470F7256DE31BF0187E11C7CDFBDF654FBE2FB4B6B817EC6
  dave : 363F1F8F99D95F8E761AE3CC987902DA5B65AE372F55543CD8A185D27B1356EA
- public keys:
  carol: 49335110A9BFAEE04B26E014C5B66C4F5332DD0449DB319E5CDA941E713B2A9D
  dave : 11286328E598CBF797EBDFC76708EA606825C43B99A8DB056015F0A03BC63CB1
- shared secrets:
  carol: 7EB837D18E3DF1CA004EA8BA446BE7E3EE56731E1641EF0A0A0FC3B12784468E
  dave : 7EB837D18E3DF1CA004EA8BA446BE7E3EE56731E1641EF0A0A0FC3B12784468E
- results:[32m equal [0m

=============================================================
test_mon_varbase_mul - mon_varbase_mul
=============================================================

-------------------- Cycles --------------------

! @  541791 541674 541793 541941 541700 562979 541496 541570 541679 542000 541784 541763 541648 541718 541645 541726 1398580 555122 561868 567679 542065 541689 665200 552874 545031 542903 542409 562835 541913 541843 542075 541923 541952 541889 541805 542093 541817 541883 562458 541920 541676 541924 541925 541668 541952 541783 541680 541870 542868 542036 562429 541905 541683 541719 541907 541668 541904 541802 542273 589938 573519 542460 542441 542023 541818 542077 541799 541970 542048 541658 541736 562626 541669 541720 541837 541647 541672 542051 541763 541675 541817 541901 541578 562376 541787 541819 541726 541491 541930 541762 541701 541866 541903 541884 562382 541847 541881 541983 541950 541354
! @  541821 541775 541752 541912 541720 542012 562184 541789 541924 541886 1411859 562181 545422 543186 542305 542094 666355 576579 543169 542447 542289 542019 541910 541808 541424 541844 541684 541482 562570 541892 541834 542000 541695 541666 541693 541803 541937 541647 542455 563232 541685 541989 541526 541809 541968 583186 550290 544535 543022 563394 541654 541749 541852 541934 541811 541944 541880 542030 541972 542010 541703 562104 541969 541951 541683 542125 541787 541833 541637 541904 542191 541894 562770 541827 541715 542176 541619 541920 541996 541864 541835 541825 541881 541662 562414 541619 541652 541770 541563 541817 541719 541938 541741 541541 541808 562649 541638 541706 541616 542032
! @  541807 541982 542068 541545 1412547 562693 546017 543460 542621 684192 554268 545622 543351 542532 542533 541934 541926 562247 541726 541826 541843 541615 541891 541861 541893 541733 541846 541752 563779 541633 541859 541882 541683 541791 541760 541516 541932 541768 541836 609749 544570 543265 542295 542162 541861 541825 541966 541850 542023 541943 562411 541767 541431 541683 542032 541682 542070 541835 541667 541848 541740 562578 541563 541558 541817 541749 541769 541883 541883 541829 541591 541781 541821 562327 541769 541777 542115 541734 541841 542054 541648 541714 541858 541593 562157 541593 541674 541731 541712 541782 541693 541633 541515 541767 541957 541810 562586 1384040 555241 590131
! @  546209 543552 541919 664966 552917 544851 564150 541926 542003 541811 542046 541810 541742 541838 541653 541588 541905 541925 563743 541606 541941 541773 541892 542128 541940 582416 549528 544751 564259 542154 541899 541706 579583 549605 544614 542951 542913 541858 562939 541776 541721 541842 541696 541810 541759 541752 541799 541848 541819 562276 541914 541536 541619 541749 541846 541756 541529 541581 542009 541371 541965 562422 541479 541838 541612 541843 541641 541650 541775 541880 541480 541373 562460 541240 541705 541297 542089 541579 541905 541791 541930 541737 542072 541819 562284 541738 541915 541664 541571 541709 541745 1411430 561641 545860 543193 542629 541883 696054 545783 543155
! @  542603 542150 542190 541755 541891 541844 562433 542943 541860 542120 541795 542258 541848 541885 541772 541845 541820 562202 582913 549481 544665 543265 542400 541970 542256 542114 541867 562532 541501 541646 541787 541735 541728 541681 541732 541700 542107 541891 541841 562289 541642 541755 541750 541739 542093 541355 541866 541833 541754 542062 562330 541563 541761 541689 541421 541632 541896 541862 541786 541882 542110 541796 562263 541674 541790 542008 541747 541743 541835 541748 541744 541706 541965 562213 541703 541770 541923 541624 541739 541795 541870 541695 542061 542034 541637 1416801 551329 584411 542570 541766 665692 552614 545419 542984 542362 563358 541747 542658 541951 542008
! @  541725 541496 541916 541825 541880 610375 545553 543020 542591 542220 542360 541953 541872 541806 541938 542065 562776 542341 541843 541842 541736 541740 541634 541840 541857 542272 541448 541776 562138 541788 541959 541719 541773 541460 541795 542004 541860 542019 541821 562745 541457 541839 541983 541568 541955 541672 541808 541704 541902 541746 541661 562099 541599 541790 541732 541932 542008 541574 541843 542220 541893 541790 562305 541570 541776 541706 541819 541905 541770 542027 541721 541907 541832 541895 562161 542054 541832 541842 1409116 562694 545759 543067 542287 541876 665094 576486 543547 543779 542480 541961 542122 541773 541553 541812 541712 541709 562315 541860 583081 549847
! @  544427 543129 542692 542084 541872 541720 562951 541798 541770 541607 541853 541344 541898 541808 541826 541729 541628 562259 541589 541760 541745 541558 541976 541897 541620 541977 541582 541807 541815 562690 541684 542040 541573 541501 541844 541843 541898 541750 541702 541737 562302 541688 541681 541817 541915 541862 541884 541605 541909 541818 541875 541716 562292 541743 541838 541620 541749 541654 541928 542129 541650 541854 541981 562301 541409 542155 541831 541782 541710 541963 541942 541689 1466816 563659 546494 543402 563424 669472 552734 545351 543209 542464 542277 542494 603298 550674 544624 543017 542304 542025 542115 541866 541952 541697 561922 541559 541626 541982 541697 541724
! @  541762 542012 541738 541744 541587 562216 541662 541888 541527 541976 541712 541198 541853 541540 541943 541584 541637 562391 541693 541676 541686 542056 541808 541861 541934 541772 541634 541508 562256 541585 541653 541495 541610 541749 541635 541709 541989 541798 541949 541698 562574 541717 541619 541834 541522 541911 542093 541941 541855 541684 541861 562214 541514 541459 541587 541737 541999 541660 542061 541706 542128 541915 541488 562577 541764 1384447 583957 561505 545288 542965 542374 665616 552712 567670 542935 542462 541948 541629 583286 550667 544196 542867 542142 563268 542075 541846 541681 541832 541511 542084 541535 541449 541713 541743 562163 541349 541949 541686 541908 542058
! @  541595 541939 541577 541764 542026 541983 562438 541610 541708 541992 541618 541852 541697 541965 541527 541778 541847 562431 542001 541584 541620 541884 541891 541438 541981 541711 541772 541825 542135 562389 541861 541871 541820 541804 541974 541606 541722 541500 542015 541678 562784 541664 541920 541695 541810 541669 541523 541921 541481 541789 541848 541831 562504 541698 541468 541980 541901 542079 541590 1408651 561427 545682 543055 542221 542046 704298 546676 543636 542843 541556 542115 542044 541880 542057 562413 541782 541825 541864 541905 541889 542054 541767 541637 542205 541682 562452 541761 541966 542035 542023 541616 541868 541621 541974 541830 541865 562578 541682 541783 542067
! @  541908 541490 541762 541706 542034 541867 542044 541948 562906 542067 541939 541910 541545 541773 541821 541706 541914 541834 541827 562660 541623 541820 541831 541820 541879 541805 541890 541878 541485 541983 541808 562849 541703 541638 542210 541766 541449 541791 542206 541818 541639 541748 562125 541611 541919 541742 542085 541706 541755 542795 542414 542068 542092 1418880 551450 561033 567420 541804 672044 553117 545327 543650 542653 542077 562383 541840 542025 541840 541799 541813 542091 542101 541746 542124 541626 562660 542024 541795 541769 542053 541591 541631 541907 541822 541505 541925 541699 562512 541679 541977 541799 542011 541788 541817 541750 542045 541719 541877 562841 541720

---------------- Instructions ----------------

! @  414302 414302 414302 414302 414302 419207 414302 414302 414302 414302 414302 414302 414302 414302 414302 414302 626624 415657 417848 419207 414302 414302 435232 414302 414302 414302 414302 419207 414302 414302 414302 414302 414302 414302 414302 414302 414302 414302 419207 414302 414302 414302 414302 414302 414302 414302 414302 414302 414382 414311 419207 414302 414302 414302 414302 414302 414302 414302 414343 422566 419207 414302 414302 414302 414302 414302 414302 414302 414302 414302 414302 419207 414302 414302 414302 414302 414302 414302 414302 414302 414302 414302 414302 419207 414302 414302 414302 414302 414302 414302 414302 414302 414302 414302 419207 414302 414302 414302 414302 414302
! @  414302 414302 414302 414302 414302 414302 419207 414302 414302 414302 627978 417927 414302 414302 414302 414302 435067 419207 414302 414302 414302 414302 414302 414302 414302 414302 414302 414302 419207 414302 414302 414302 414302 414302 414302 414302 414302 414302 414382 419207 414302 414302 414302 414302 414302 420744 414302 414302 414302 419207 414302 414302 414302 414302 414302 414302 414302 414302 414302 414302 414302 419207 414302 414302 414302 414302 414302 414302 414302 414302 414302 414302 419207 414302 414302 414302 414302 414302 414302 414302 414302 414302 414302 414302 419207 414302 414302 414302 414302 414302 414302 414302 414302 414302 414302 419207 414302 414302 414302 414302
! @  414302 414302 414302 414302 628271 417704 414302 414302 414302 440059 414302 414302 414302 414302 414302 414302 414302 419207 414302 414302 414302 414302 414302 414302 414302 414302 414302 414302 419287 414302 414302 414302 414302 414302 414302 414302 414302 414302 414302 425650 414302 414302 414302 414302 414302 414302 414302 414302 414302 414302 419207 414302 414302 414302 414302 414302 414302 414302 414302 414302 414302 419207 414302 414302 414302 414302 414302 414302 414302 414302 414302 414302 414302 419207 414302 414302 414302 414302 414302 414302 414302 414302 414302 414302 419207 414302 414302 414302 414302 414302 414302 414302 414302 414302 414302 414302 419207 621722 415801 424108
! @  414302 414302 414302 435216 414302 414302 419207 414302 414302 414302 414302 414302 414302 414302 414302 414302 414302 414302 419287 414302 414302 414302 414302 414302 414302 420661 414302 414302 419207 414302 414302 414302 420349 414302 414302 414302 414302 414302 419207 414302 414302 414302 414302 414302 414302 414302 414302 414302 414302 419207 414302 414302 414302 414302 414302 414302 414302 414302 414302 414302 414302 419207 414302 414302 414302 414302 414302 414302 414302 414302 414302 414302 419207 414302 414302 414302 414302 414302 414302 414302 414302 414302 414302 414302 419207 414302 414302 414302 414302 414302 414302 627994 417704 414302 414302 414302 414302 440114 414302 414302
! @  414302 414302 414302 414302 414302 414302 419207 414382 414302 414302 414302 414302 414302 414302 414302 414302 414302 419207 420830 414302 414302 414302 414302 414302 414302 414302 414302 419207 414302 414302 414302 414302 414302 414302 414302 414302 414302 414302 414302 419207 414302 414302 414302 414302 414302 414302 414302 414302 414302 414302 419207 414302 414302 414302 414302 414302 414302 414302 414302 414302 414302 414302 419207 414302 414302 414302 414302 414302 414302 414302 414302 414302 414302 419207 414302 414302 414302 414302 414302 414302 414302 414302 414302 414302 414302 627980 415801 422609 414302 414302 435144 414302 414302 414302 414302 419207 414302 414382 414302 414311
! @  414302 414302 414302 414302 414302 425528 414302 414302 414343 414302 414302 414302 414302 414302 414302 414302 419207 414302 414302 414302 414302 414302 414302 414302 414302 414302 414302 414302 419207 414302 414302 414302 414302 414302 414302 414302 414302 414302 414302 419207 414302 414302 414302 414302 414302 414302 414302 414302 414302 414302 414302 419207 414302 414302 414302 414302 414302 414302 414302 414302 414302 414302 419207 414302 414302 414302 414302 414302 414302 414302 414302 414302 414302 414302 419207 414302 414302 414302 627979 417848 414302 414302 414302 414302 435145 419207 414302 414382 414302 414302 414302 414302 414302 414302 414302 414302 419207 414302 420611 414302
! @  414302 414302 414302 414302 414302 414302 419207 414302 414302 414302 414302 414302 414302 414302 414302 414302 414302 419207 414302 414302 414302 414302 414302 414302 414302 414302 414302 414302 414302 419207 414302 414302 414302 414302 414302 414302 414302 414302 414302 414302 419207 414302 414302 414302 414302 414302 414302 414302 414302 414302 414302 414302 419207 414302 414302 414302 414302 414302 414302 414302 414302 414302 414302 419207 414302 414302 414302 414302 414302 414302 414302 414302 635176 417724 414302 414302 419207 435165 414302 414302 414302 414302 414302 414302 425738 414302 414302 414302 414302 414302 414302 414302 414302 414302 419207 414302 414302 414302 414302 414302
! @  414302 414302 414302 414302 414302 419207 414302 414302 414302 414302 414302 414302 414302 414302 414302 414302 414302 419207 414302 414302 414302 414302 414302 414302 414302 414302 414302 414302 419207 414302 414302 414302 414302 414302 414302 414302 414302 414302 414302 414302 419207 414302 414302 414302 414302 414302 414302 414302 414302 414302 414302 419207 414302 414302 414302 414302 414302 414302 414302 414302 414302 414302 414302 419207 414302 621867 422061 417928 414302 414302 414302 435071 414302 419207 414302 414302 414302 414302 420869 414302 414302 414302 414302 419207 414302 414302 414302 414302 414302 414302 414302 414302 414302 414302 419207 414302 414302 414302 414302 414302
! @  414302 414302 414302 414302 414302 414302 419207 414302 414302 414302 414302 414302 414302 414302 414302 414302 414302 419207 414302 414302 414302 414302 414302 414302 414302 414302 414302 414302 414302 419207 414302 414302 414302 414302 414302 414302 414302 414302 414302 414302 419207 414302 414302 414302 414302 414302 414302 414302 414302 414302 414302 414302 419207 414302 414302 414302 414302 414302 414302 628058 417704 414302 414302 414302 414302 441720 414302 414302 414302 414302 414302 414302 414302 414302 419207 414302 414302 414302 414302 414302 414302 414302 414302 414302 414302 419207 414302 414302 414302 414302 414302 414302 414302 414302 414302 414302 419207 414302 414302 414302
! @  414302 414302 414302 414302 414302 414302 414302 414302 419207 414302 414302 414302 414302 414302 414302 414302 414302 414302 414302 419207 414302 414302 414302 414302 414302 414302 414302 414302 414302 414302 414302 419207 414302 414302 414302 414302 414302 414302 414302 414302 414302 414302 419207 414302 414302 414302 414302 414302 414302 414382 414302 414302 414311 627981 415657 417724 419207 414302 436816 414343 414302 414302 414302 414302 419207 414302 414302 414302 414302 414302 414302 414302 414302 414302 414302 419207 414302 414302 414302 414302 414302 414302 414302 414302 414302 414302 414302 419207 414302 414302 414302 414302 414302 414302 414302 414302 414302 414302 419207 414302

----------------------------------------------
