Usage (for mon_varbase_mul): ./cva6_x25519_rv32_isa_reduced.elf <an_integer> <another_integer>
Setting num_iters = 1000 , num_warmup_iters = 100

=============================================================
test_nop - nop_routine
=============================================================

-------------------- Cycles --------------------

! @  35 13 13 13 13 13 13 13 13 13 13 13 13 13 13 13 13 13 13 13 13 13 13 13 13 13 13 13 13 13 13 13 13 13 13 13 13 13 13 13 13 13 13 13 13 13 13 13 13 13 13 13 13 13 13 13 13 13 13 13 13 13 13 13 13 13 13 13 13 13 13 13 13 13 13 13 13 13 13 13 13 13 13 13 13 13 13 13 13 13 13 13 13 13 13 13 13 13 13 13

---------------- Instructions ----------------

! @  25 25 25 25 25 25 25 25 25 25 25 25 25 25 25 25 25 25 25 25 25 25 25 25 25 25 25 25 25 25 25 25 25 25 25 25 25 25 25 25 25 25 25 25 25 25 25 25 25 25 25 25 25 25 25 25 25 25 25 25 25 25 25 25 25 25 25 25 25 25 25 25 25 25 25 25 25 25 25 25 25 25 25 25 25 25 25 25 25 25 25 25 25 25 25 25 25 25 25 25

----------------------------------------------

=============================================================
test_gfp_arith - gfp mul
=============================================================

-------------------- Cycles --------------------

! @  812 804 816 791 816 791 816 791 816 791 816 791 825 791 816 791 825 791 816 791 816 791 816 791 816 791 816 791 817 791 816 791 816 791 816 791 816 791 816 791 816 791 831 791 816 791 825 791 816 791 816 791 816 791 816 791 816 791 817 791 816 791 816 791 816 75171 2729 791 816 791 816 791 816 791 816 791 816 791 816 791 816 791 816 791 831 791 816 791 816 791 816 791 816 791 818 791 816 791 816 791

---------------- Instructions ----------------

! @  690 690 690 690 690 690 690 690 690 690 690 690 690 690 690 690 690 690 690 690 690 690 690 690 690 690 690 690 690 690 690 690 690 690 690 690 690 690 690 690 690 690 690 690 690 690 690 690 690 690 690 690 690 690 690 690 690 690 690 690 690 690 690 690 690 12095 690 690 690 690 690 690 690 690 690 690 690 690 690 690 690 690 690 690 690 690 690 690 690 690 690 690 690 690 690 690 690 690 690 690

----------------------------------------------

=============================================================
test_gfp_arith - gfp sqr
=============================================================

-------------------- Cycles --------------------

! @  600 601 578 559 584 559 584 559 584 559 584 559 584 559 584 559 584 559 584 559 584 559 584 559 585 559 584 559 584 559 585 559 584 559 584 559 584 559 585 559 584 559 584 559 584 559 584 559 584 559 584 559 584 559 584 559 584 559 590 559 586 559 584 559 584 559 585 559 584 559 584 559 584 559 585 559 584 559 584 559 584 559 584 559 584 75615 1440 559 584 559 584 559 584 559 584 559 584 559 584 559

---------------- Instructions ----------------

! @  510 510 510 510 510 510 510 510 510 510 510 510 510 510 510 510 510 510 510 510 510 510 510 510 510 510 510 510 510 510 510 510 510 510 510 510 510 510 510 510 510 510 510 510 510 510 510 510 510 510 510 510 510 510 510 510 510 510 510 510 510 510 510 510 510 510 510 510 510 510 510 510 510 510 510 510 510 510 510 510 510 510 510 510 510 11915 510 510 510 510 510 510 510 510 510 510 510 510 510 510

----------------------------------------------

=============================================================
test_gfp_arith - gfp inv
=============================================================

-------------------- Cycles --------------------

! @  216159 215609 215711 215013 282704 216148 215804 215321 215800 214898 215762 215178 215684 217566 215747 215239 215468 215311 216356 216061 215771 282435 215110 215273 215870 216652 215592 215063 215823 283786 217228 215964 407767 218567 216696 216206 215866 215824 281697 216018 215184 215923 215891 215381 215840 215509 559294 390617 218496 215762 216811 283533 215107 215435 215261 215590 215738 215420 215008 280591 216505 215355 215544 215353 216537 215107 215547 215957 281890 215572 216035 215311 215448 215854 214750 215348 281598 215909 215829 215173 216040 216091 215506 215345 216147 282094 215396 215463 215818 215628 215470 214498 215777 282424 215402 215830 214824 216634 215751 215948

---------------- Instructions ----------------

! @  142704 142704 142704 142704 154109 142704 142704 142704 142704 142704 142704 142704 142704 142704 142704 142704 142704 142704 142704 142704 142704 154109 142704 142704 142704 142704 142704 142704 142704 154109 142848 142704 166748 142704 142704 142704 142704 142704 154109 142704 142704 142704 142704 142704 142704 142704 188466 165610 142704 142704 142704 154109 142704 142704 142704 142704 142704 142704 142704 154109 142704 142704 142704 142704 142704 142704 142704 142704 154109 142704 142704 142704 142704 142704 142704 142704 154109 142704 142704 142704 142704 142704 142704 142704 142704 154109 142704 142704 142704 142704 142704 142704 142704 154109 142704 142704 142704 142704 142704 142704

----------------------------------------------

=============================================================
test_gfp_arith - gfp add
=============================================================

-------------------- Cycles --------------------

! @  109 89 89 89 89 89 89 89 89 89 89 89 89 89 89 89 89 89 89 89 89 89 89 89 89 89 89 89 89 89 89 89 89 89 89 89 89 89 89 89 89 89 89 89 89 89 89 89 89 89 89 89 89 89 89 89 89 89 89 89 89 89 89 89 89 89 89 89 89 89 89 89 89 89 89 89 89 89 89 89 89 89 89 89 89 89 89 89 89 89 89 89 89 89 89 89 89 89 90 89

---------------- Instructions ----------------

! @  96 96 96 96 96 96 96 96 96 96 96 96 96 96 96 96 96 96 96 96 96 96 96 96 96 96 96 96 96 96 96 96 96 96 96 96 96 96 96 96 96 96 96 96 96 96 96 96 96 96 96 96 96 96 96 96 96 96 96 96 96 96 96 96 96 96 96 96 96 96 96 96 96 96 96 96 96 96 96 96 96 96 96 96 96 96 96 96 96 96 96 96 96 96 96 96 96 96 96 96

----------------------------------------------

=============================================================
test_gfp_arith - gfp sub
=============================================================

-------------------- Cycles --------------------

! @  114 94 94 94 96 94 96 94 96 94 94 94 96 94 96 94 94 94 96 94 96 94 94 94 96 94 96 94 94 94 96 94 96 94 96 94 96 94 96 94 96 94 96 94 96 94 96 94 96 94 96 94 96 94 96 94 96 94 96 94 96 94 96 94 96 94 96 94 96 94 96 94 96 94 96 94 96 94 96 94 96 94 96 94 96 94 96 94 96 94 96 94 96 94 96 94 96 94 96 94

---------------- Instructions ----------------

! @  101 101 101 101 101 101 101 101 101 101 101 101 101 101 101 101 101 101 101 101 101 101 101 101 101 101 101 101 101 101 101 101 101 101 101 101 101 101 101 101 101 101 101 101 101 101 101 101 101 101 101 101 101 101 101 101 101 101 101 101 101 101 101 101 101 101 101 101 101 101 101 101 101 101 101 101 101 101 101 101 101 101 101 101 101 101 101 101 101 101 101 101 101 101 101 101 101 101 101 101

----------------------------------------------

=============================================================
test_gfp_arith - gfp mul32
=============================================================

-------------------- Cycles --------------------

! @  164 144 144 144 144 144 144 144 144 144 144 144 144 144 144 144 144 144 144 144 144 144 144 144 144 144 144 144 144 144 144 144 144 144 144 144 144 144 144 144 144 144 144 144 144 144 144 144 144 144 144 144 144 144 144 144 144 144 144 144 144 144 144 144 144 144 144 144 144 144 144 144 144 144 144 144 144 144 144 144 144 144 144 144 144 144 144 144 144 144 144 144 144 144 144 144 144 144 144 144

---------------- Instructions ----------------

! @  134 134 134 134 134 134 134 134 134 134 134 134 134 134 134 134 134 134 134 134 134 134 134 134 134 134 134 134 134 134 134 134 134 134 134 134 134 134 134 134 134 134 134 134 134 134 134 134 134 134 134 134 134 134 134 134 134 134 134 134 134 134 134 134 134 134 134 134 134 134 134 134 134 134 134 134 134 134 134 134 134 134 134 134 134 134 134 134 134 134 134 134 134 134 134 134 134 134 134 134

----------------------------------------------

=============================================================
test_curve_arith - mon_ladder_step
=============================================================

-------------------- Cycles --------------------

! @  6971 6903 6918 6903 6924 80041 8698 6903 6924 6903 6924 6903 6924 6903 6924 6903 6924 6903 6924 6903 6924 6903 6924 76905 7835 6925 6924 6903 6926 6903 6924 6903 6924 6903 6924 6903 6924 6903 6924 6903 6924 6903 76522 7003 6918 6903 6924 6903 6924 6903 6924 6903 6925 6903 6924 6903 6924 6903 6936 6903 74692 8669 6953 6903 6924 6903 6924 6903 6924 6903 6924 6903 6924 6903 6924 6903 6924 6903 6924 76434 7247 6903 6924 6903 6925 6903 6925 6903 6924 6903 6924 6903 6924 6903 6924 6903 6924 6903 76700 7118
! @  6918 6903 6924 6903 6924 6903 6933 6903 6924 6903 6924 6903 6924 6903 6924 6903 74322 8248 6918 6903 6925 6903 6924 6903 6924 6903 6924 6903 6927 6903 6924 6903 6924 6903 6924 76224 7457 6903 6924 6903 6924 6903 6924 6903 6924 6903 6926 6903 6925 6903 6924 6903 6924 6903 76599 7079 6918 6903 6924 6903 6924 6903 6924 6903 6925 6903 6924 6903 6924 6903 6924 6903 74012 9627 7009 6903 6924 6903 6925 6903 6925 6903 6924 6903 6924 6903 6924 6903 6924 6903 6924 76554 7068 6903 6924 6903 6966 6903 6924 6903

---------------- Instructions ----------------

! @  6034 6034 6034 6034 6034 17439 6034 6034 6034 6034 6034 6034 6034 6034 6034 6034 6034 6034 6034 6034 6034 6034 6034 17439 6034 6034 6034 6034 6034 6034 6034 6034 6034 6034 6034 6034 6034 6034 6034 6034 6034 6034 17439 6034 6034 6034 6034 6034 6034 6034 6034 6034 6034 6034 6034 6034 6034 6034 6034 6034 17439 6034 6034 6034 6034 6034 6034 6034 6034 6034 6034 6034 6034 6034 6034 6034 6034 6034 6034 17439 6034 6034 6034 6034 6034 6034 6034 6034 6034 6034 6034 6034 6034 6034 6034 6034 6034 6034 17439 6034
! @  6034 6034 6034 6034 6034 6034 6034 6034 6034 6034 6034 6034 6034 6034 6034 6034 17439 6034 6034 6034 6034 6034 6034 6034 6034 6034 6034 6034 6034 6034 6034 6034 6034 6034 6034 17439 6034 6034 6034 6034 6034 6034 6034 6034 6034 6034 6034 6034 6034 6034 6034 6034 6034 6034 17439 6034 6034 6034 6034 6034 6034 6034 6034 6034 6034 6034 6034 6034 6034 6034 6034 6034 17439 6034 6034 6034 6034 6034 6034 6034 6034 6034 6034 6034 6034 6034 6034 6034 6034 6034 6034 17439 6034 6034 6034 6034 6034 6034 6034 6034

----------------------------------------------

=============================================================
ecdh correctness test
=============================================================
x25519: (alice <---> bob: rfc7748 test vectors)
- private keys:
  alice: 2A2CB91DA5FB77B12A99C0EB872F4CDF4566B25172C1163C7DA518730A6D0777
  bob  : EBE088FF278B2F1CFDB6182629B13B6FE60E80838B7FE1794B8A4A627E08AB5D
- public keys:
  alice: 6A4E9BAA8EA9A4EBF41A38260D3ABF0D5AF73EB4DC7D8B7454A7308909F02085
  bob  : 4F2B886F147EFCAD4D67785BC843833F3735E4ECC2615BD3B4C17D7B7DDB9EDE
- shared secrets:
  alice: 4217161E3C9BF076339ED147C9217EE0250F3580F43B8E72E12DCEA45B9D5D4A
  bob  : 4217161E3C9BF076339ED147C9217EE0250F3580F43B8E72E12DCEA45B9D5D4A
- results:[32m equal [0m
-------------------------------------------------------------
x25519: (carol <---> dave: random test vectors)
- private keys:
  carol: 593C88AA59876667470F7256DE31BF0187E11C7CDFBDF654FBE2FB4B6B817EC6
  dave : 363F1F8F99D95F8E761AE3CC987902DA5B65AE372F55543CD8A185D27B1356EA
- public keys:
  carol: 49335110A9BFAEE04B26E014C5B66C4F5332DD0449DB319E5CDA941E713B2A9D
  dave : 11286328E598CBF797EBDFC76708EA606825C43B99A8DB056015F0A03BC63CB1
- shared secrets:
  carol: 7EB837D18E3DF1CA004EA8BA446BE7E3EE56731E1641EF0A0A0FC3B12784468E
  dave : 7EB837D18E3DF1CA004EA8BA446BE7E3EE56731E1641EF0A0A0FC3B12784468E
- results:[32m equal [0m

=============================================================
test_mon_varbase_mul - mon_varbase_mul
=============================================================

-------------------- Cycles --------------------

! @  3023517 3022545 3194057 3022703 3090237 3026608 3022563 3026292 3984001 3026229 3325919 3025068 3024393 3024424 3555081 3026829 3027381 3092380 3185386 3024908 3021861 3025908 3024676 3024236 3984293 3097022 3250927 3027555 3025842 3186047 3552952 3026390 3026642 3023708 3189916 3091451 3198473 3024963 3028492 3025401 3928786 3086953 3368724 3025817 3026623 3093339 3478423 3026678 3094492 3028524 3190588 3027653 3023710 3023114 3090786 3024029 3026662 4164575 3187222 3025080 3022352 3028401 3022733 3557813 3191864 3031367 3023874 3190820 3025984 3089365 3024532 3025902 3022939 4165590 3027309 3191631 3026490 3097708 3022046 3481888 3088348 3021840 3027460 3191686 3024437 3027406 3024385 3096189 3025237 4159180 3028702 3189859 3181796 3024079 3025022 3548844 3023260 3025266 3023815 3190376
! @  3025844 3023111 3088834 3019851 3021817 4016983 3024752 3188457 3026916 3024882 3092215 3483766 3027359 3089725 3024354 3192197 3024039 3026693 3027082 3092770 3025757 4024981 3167843 3189775 3024500 3024822 3022920 3544618 3028663 3025810 3027288 3183564 3094949 3026336 3022686 3025730 3024066 3203359 3992349 3184209 3031470 3092950 3023886 3027594 3555728 3026002 3025083 3024247 3193127 3024864 3203445 3087440 3029738 3197928 3989775 3113297 3187237 3091844 3022497 3024597 3551503 3024108 3026924 3024095 3192472 3025921 3025286 3089138 3196256 3029239 3990887 3024288 3188005 3023525 3023475 3026069 3554514 3027160 3027096 3026481 3190422 3027749 3027970 3025742 3203820 3096415 3917677 3094864 3191428 3023630 3029200 3027150 3557810 3025940 3025359 3024682 3190713 3094824 3027534 3030092
! @  3207992 3243773 3932495 3149461 3118520 3095472 3023183 3024180 3549311 3024767 3025619 3024364 3190994 3027654 3024646 3087923 3198044 3024840 3026499 4051276 3190107 3095484 3020505 3022646 3025065 3550371 3025370 3025429 3028410 3189781 3024283 3096180 3197245 3023113 3020589 3988126 3024696 3191464 3022723 3024464 3090595 3485916 3025366 3091333 3025673 3189639 3025306 3240750 3026105 3094393 3026121 3992541 3024869 3191965 3023276 3024600 3025359 3553447 3026635 3026502 3093376 3190257 3027800 3204477 3026363 3026593 3027158 3987445 3094228 3123664 3091684 3028263 3024839 3551502 3026385 3201256 3025587 3190355 3027083 3320492 3027536 3023469 3186106 3859410 3152199 3190634 3023891 3022343 3090415 3480624 3029398 3095974 3025254 3184233 3028784 3202662 3024343 3028698 3022452 3086423
! @  3913689 3186042 3092464 3122467 3095817 3291623 3281633 3025514 3025702 3024602 3193895 3199970 3022637 3026757 3092574 3024067 3995124 3024541 3190976 3024709 3027511 3022955 3552996 3024801 3023885 3090199 3297534 3094865 3026255 3026495 3026244 3023609 3990063 3026450 3190178 3091532 3025424 3025550 3551605 3025795 3026080 3025026 3359870 3026103 3025485 3183462 3024667 3090826 3918691 3094617 3188158 3022253 3021703 3026235 3554333 3027393 3027760 3025438 3321193 3023499 3025993 3024000 3092411 3022100 3845201 3169574 3186581 3022555 3024068 3025435 3544919 3032473 3023840 3027293 3363111 3024912 3089761 3025716 3023538 3022506 3022799 3992250 3183296 3031577 3091917 3023154 3024056 3544926 3027963 3030985 3204895 3192453 3025381 3025868 3090582 3024946 3027043 3989978 3024697 3187306
! @  3027417 3025658 3023237 3551681 3025043 3093522 3196645 3126092 3090098 3182165 3025242 3021848 3024185 3989964 3026832 3195059 3026472 3021855 3088100 3486176 3025393 3186174 3105784 3189125 3023920 3022541 3024905 3023531 3087464 3913149 3102970 3190009 3026276 3024206 3025263 3553595 3025044 3202085 3025157 3188372 3024481 3150407 3024723 3026216 3026566 3891757 3179996 3121653 3090637 3024912 3025913 3364120 3209816 3203931 3024244 3183340 3028046 3025969 3092626 3025002 3029759 3027751 3986575 3027780 3194221 3025201 3094401 3026751 3485635 3272938 3026803 3023458 3279185 3089881 3023766 3027980 3025799 3024867 3988617 3093802 3120139 3090816 3025286 3025951 3556433 3198670 3024759 3024797 3188639 3025059 3024579 3092054 3024229 3024331 3989358 3026537 3191156 3024250 3025573 3094335
! @  3652652 3029226 3025982 3091484 3186898 3023524 3025303 3024028 3026739 3020930 3925907 3082859 3190336 3091338 3197603 3025995 3578819 3027466 3021424 3025804 3193558 3027900 3094467 3027649 3024088 3026475 3024619 3988095 3188004 3027234 3094697 3027637 3029122 3578789 3027189 3183725 3024028 3190056 3027123 3026029 3093077 3024941 3023767 4012427 3023534 3188321 3025261 3092638 3201769 3485312 3022625 3088301 3021189 3191211 3024284 3024999 3021632 3023664 3093226 3983407 3027142 3185723 3025990 3026892 3205592 3556734 3025513 3025539 3024320 3189006 3025826 3090299 3024256 3024764 3022582 3984350 3025651 3187262 3027018 3094038 3129485 3549709 3024545 3023373 3089040 3186046 3022252 3026861 3021955 3024861 3023022 3888801 3115099 3186132 3096206 3028250 3202790 3466735 3182572 3029489
! @  3090673 3113478 3097271 3023930 3024498 3024087 3022139 3091884 3989273 3106975 3103276 3028470 3202359 3024431 3551588 3024305 3021873 3022163 3191714 3025323 3092671 3022699 3024092 3023572 3991154 3024538 3192620 3206903 3026977 3092232 3483294 3024534 3090568 3022753 3188442 3024535 3204148 3027329 3022675 3024219 3990957 3094103 3118577 3268864 3026382 3025033 3481038 3088836 3024557 3022359 3191591 3025899 3022883 3091951 3025590 3028353 3863044 3149388 3194600 3208673 3025293 3026609 3713697 3025054 3027055 3023529 3189891 3024786 3090599 3024902 3025627 3025008 3025357 3988193 3195704 3206053 3308425 3025889 3475276 3098994 3023258 3023989 3190985 3029324 3022202 3092747 3025574 3022281 3024141 3986603 3245416 3092768 3023969 3023747 3022111 3553604 3026453 3022380 3025995 3190063
! @  3024841 3090281 3025552 3028499 3025155 3989773 3206878 3192126 3024023 3024170 3090957 3482657 3026462 3026051 3026889 3192113 3025730 3022977 3026653 3092824 3022547 3982069 3198993 3193873 3024963 3180267 3026796 3484941 3091244 3023796 3024295 3190734 3026829 3025521 3092088 3023930 3025909 3861213 3326504 3193905 3024376 3024110 3022649 3555327 3024475 3026078 3096222 3187428 3024121 3026170 3024280 3027522 3025791 3087846 4183726 3122735 3092203 3025882 3023894 3367572 3208424 3025838 3027630 3025210 3194213 3094016 4090416 3024482 3090794 3856927 3212170 3193666 3025350 3088353 3028678 3478670 3095587 3026770 3027548 3187318 3029871 3194243 3031023 3025609 3093107 3027776 4027969 3187718 3189362 3023362 3023987 3025279 3553916 3024893 3092350 3025825 3189115 3026216 3026671 3024451
! @  3023251 3205319 3988408 3090935 3115811 3092731 3026071 3027521 3554740 3026548 3027548 3023752 3195880 3024801 3092902 3023024 3027410 3202371 3990811 3025321 3192368 3026227 3026275 3091174 3489164 3091647 3025641 3024558 3196339 3025976 3022980 3024220 3091192 3202748 3987943 3024982 3190303 3024856 3028184 3023563 3554602 3024246 3023092 3026171 3190452 3097032 3026244 3024183 3027586 3202519 3824169 3345315 3192767 3030031 3026543 3093906 3473940 3029471 3091768 3024139 3186890 3027532 3023694 3027863 3030617 3267078 3024561 3987693 3117410 3097929 3028068 3028054 3023134 3556364 3029258 3025317 3090491 3122053 3089321 3027491 3205307 3026510 3025231 3991570 3028811 3189116 3095414 3024095 3025047 3548334 3022540 3024874 3026045 3192692 3024964 3024947 3271753 3024046 3022352 3990178
! @  3029910 3189981 3024333 3025783 3092586 3485201 3023646 3092144 3023234 3186903 3026383 3024745 3205336 3024611 3024266 4139713 3026546 3189418 3027515 3024146 3090592 3487925 3093573 3022021 3026656 3189743 3025914 3056803 3204859 3088627 3023750 3824749 3184567 3192308 3026284 3025394 3022936 3367586 3207629 3026039 3092907 3110401 3108030 3027260 3203616 3026087 3026803 3093415 3916385 3173123 3102868 3023738 3027043 3027534 3557756 3025726 3024547 3024347 3193963 3205756 3090997 3024627 3024005 3024497 3991818 3023249 3196714 3026665 3088753 3028121 3487433 3094745 3027793 3025455 3191737 3195057 3033201 3028798 3180811 3094559 3918589 3093387 3189043 3022765 3024287 3025567 3554267 3027417 3024800 3022090 3191866 3202559 3199040 3025060 3089327 3024719 3981820 3027024 3190482 3024739

---------------- Instructions ----------------

! @  1876456 1876456 1897849 1876463 1887922 1876456 1876456 1876456 2149332 1876456 1917913 1876456 1876456 1876456 1944391 1876456 1876456 1887861 1897878 1876456 1876456 1876456 1876456 1876456 2148946 1888005 1906403 1876456 1876456 1898263 1944582 1876411 1876411 1876411 1897801 1887813 1897925 1876411 1876411 1876411 2143002 1882725 1919460 1876456 1876456 1887861 1932986 1876456 1887861 1876456 1897626 1876456 1876456 1876456 1887861 1876456 1876456 2171252 1897841 1876456 1876456 1876456 1876456 1944636 1898029 1876456 1876456 1897849 1876456 1887861 1876456 1876456 1876456 2170969 1876456 1897841 1876456 1887861 1876456 1932979 1887861 1876456 1876463 1897687 1876456 1876456 1876456 1887861 1876456 2171103 1876456 1897841 1898269 1876411 1876411 1944337 1876411 1876411 1876411 1897801
! @  1876411 1876411 1887813 1876411 1876411 2152326 1876411 1897541 1876411 1876445 1887861 1932979 1876456 1887861 1876456 1897869 1876456 1876456 1876456 1887861 1876456 2151553 1896015 1897841 1876456 1876456 1876456 1944391 1876456 1876456 1876456 1897849 1887861 1876456 1876456 1876456 1876456 1898001 2148946 1897589 1876456 1887861 1876456 1876456 1944636 1876456 1876456 1876456 1897878 1876456 1898327 1887861 1876600 1898199 2149332 1886920 1897793 1887813 1876411 1876411 1944337 1876418 1876472 1876411 1897801 1876411 1876411 1887813 1898295 1876411 2149265 1876411 1897541 1876411 1876411 1876411 1944582 1876490 1876501 1876501 1897926 1876501 1876501 1876501 1898391 1887909 2137850 1887909 1897889 1876501 1876501 1876501 1944690 1876501 1876501 1876501 1897645 1887909 1876501 1876501
! @  1898391 1904092 2143062 1894131 1886436 1887861 1876456 1876456 1944636 1876456 1876456 1876456 1897878 1876456 1876456 1888005 1898199 1876456 1876456 2156780 1897793 1887813 1876411 1876411 1876411 1944330 1876411 1876411 1876411 1897549 1876411 1887957 1898151 1876411 1876411 2149272 1876411 1897793 1876411 1876411 1887820 1932996 1876411 1887813 1876411 1897856 1876456 1900262 1876456 1887861 1876456 2149198 1876456 1897589 1876456 1876456 1876456 1944384 1876456 1876456 1887861 1897849 1876456 1898148 1876456 1876456 1876456 2149332 1887861 1886436 1887861 1876456 1876456 1944391 1876456 1897846 1876456 1897880 1876456 1918238 1876456 1876456 1898272 2131348 1893949 1897545 1876411 1876411 1887813 1933184 1876411 1887813 1876411 1897805 1876555 1897680 1876411 1876411 1876411 1887813
! @  2137736 1897797 1887813 1886575 1887813 1910182 1910570 1876411 1876411 1876411 1897726 1897825 1876411 1876448 1887861 1876456 2149577 1876456 1897845 1876463 1876517 1876456 1944640 1876456 1876456 1887861 1908009 1887861 1876456 1876456 1876456 1876456 2149198 1876456 1897845 1887861 1876456 1876456 1944388 1876456 1876456 1876456 1919443 1876456 1876456 1898284 1876411 1887813 2137870 1887813 1897797 1876411 1876411 1876411 1944341 1876411 1876411 1876411 1917815 1876411 1876411 1876411 1887813 1876411 2129716 1895833 1897548 1876411 1876411 1876411 1944334 1876411 1876411 1876411 1919629 1876411 1887813 1876411 1876411 1876411 1876411 2149318 1897845 1876456 1887861 1876456 1876456 1944395 1876456 1876600 1898116 1897856 1876456 1876456 1887861 1876456 1876456 2148946 1876456 1897661
! @  1876456 1876456 1876456 1944640 1876456 1888005 1898116 1886477 1887860 1898252 1876411 1876411 1876411 2149272 1876411 1897797 1876411 1876411 1887813 1932939 1876411 1898212 1887813 1897805 1876411 1876411 1876411 1876411 1887813 2137863 1887813 1897545 1876411 1876411 1876411 1944586 1876411 1898222 1876411 1897836 1876411 1895229 1876411 1876411 1876411 2139234 1897717 1886893 1887811 1876456 1876456 1922232 1899362 1898341 1876456 1898099 1876456 1876456 1887861 1876456 1876456 1876456 2149332 1876456 1898343 1876456 1887861 1876456 1933733 1909494 1876456 1876456 1908785 1887813 1876411 1876411 1876411 1876411 2149151 1887874 1886893 1887813 1876411 1876411 1944976 1897897 1876411 1876411 1898051 1876411 1876411 1887813 1876411 1876411 2149272 1876411 1898295 1876411 1876411 1887813
! @  1955036 1876411 1876411 1887813 1898319 1876411 1876411 1876411 1876411 1876411 2142750 1882547 1898043 1887813 1897921 1876411 1947764 1876456 1876456 1876456 1898351 1876456 1887861 1876456 1876456 1876456 1876456 2149332 1898343 1876456 1887861 1876456 1876600 1947421 1876456 1898281 1876411 1898332 1876411 1876411 1887813 1876411 1876411 2151712 1876411 1898043 1876411 1887813 1898187 1933658 1876411 1887813 1876411 1898303 1876411 1876411 1876411 1876424 1887873 2149138 1876411 1898295 1876411 1876411 1898187 1945084 1876411 1876411 1876411 1898080 1876411 1887813 1876411 1876411 1876411 2149517 1876411 1898295 1876411 1887957 1886641 1945084 1876411 1876411 1887813 1898343 1876456 1876456 1876456 1876456 1876456 2139294 1886360 1898343 1887861 1876600 1898091 1933481 1898299 1876411
! @  1887813 1886678 1887813 1876411 1876411 1876411 1876411 1887813 2149272 1886893 1887813 1876555 1898060 1876411 1944839 1876411 1876411 1876411 1898303 1876411 1887813 1876411 1876411 1876411 2149138 1876411 1898295 1898180 1876411 1887813 1933430 1876411 1887813 1876411 1898323 1876411 1898536 1876478 1876411 1876411 2149272 1887813 1886893 1909666 1876411 1876411 1933437 1887813 1876411 1876411 1898303 1876411 1876411 1887892 1876501 1876501 2131462 1894045 1898139 1898108 1876501 1876501 1967035 1876456 1876456 1876456 1898380 1876456 1887861 1876456 1876456 1876456 1876456 2149332 1898487 1898168 1915455 1876411 1933437 1887813 1876411 1876411 1898303 1876411 1876411 1887813 1876411 1876411 1876411 2148886 1907055 1887813 1876411 1876411 1876411 1945084 1876411 1876411 1876411 1898332
! @  1876411 1887813 1876411 1876411 1876411 2149138 1898264 1898295 1876411 1876411 1887813 1933682 1876411 1876411 1876411 1898051 1876478 1876411 1876411 1887813 1876411 2149318 1898312 1898343 1876456 1898303 1876456 1933733 1887861 1876456 1876456 1898380 1876456 1876456 1887861 1876456 1876456 2131657 1915674 1898333 1876456 1876456 1876456 1944876 1876456 1876456 1887861 1898089 1876456 1876456 1876456 1876456 1876456 1887861 2173246 1886928 1887861 1876456 1876456 1922222 1899117 1876456 1876456 1876456 1898357 1887861 2002026 1876456 1887861 2131008 1899798 1898081 1876456 1887861 1876456 1933723 1887861 1876456 1876456 1898341 1876456 1897809 1876456 1876456 1887861 1876600 2154294 1898333 1898291 1876456 1876456 1876456 1944883 1876456 1887868 1876516 1898370 1876456 1876456 1876456
! @  1876456 1898229 2148922 1887861 1886676 1887861 1876456 1876456 1945128 1876456 1876456 1876456 1898341 1876456 1887861 1876456 1876456 1898229 2149198 1876456 1898333 1876456 1876456 1887861 1933723 1887861 1876456 1876456 1898118 1876456 1876456 1876456 1887861 1898229 2149577 1876456 1898333 1876456 1876456 1876456 1945128 1876456 1876456 1876456 1898341 1887861 1876456 1876456 1876600 1898085 2127889 1919599 1898285 1876411 1876411 1887813 1933437 1876456 1887861 1876456 1898118 1876456 1876456 1876456 1876600 1909490 1876456 2149332 1886928 1887861 1876456 1876456 1876456 1944883 1876523 1876456 1887861 1886936 1887861 1876456 1898229 1876456 1876456 2149198 1876456 1898081 1887861 1876456 1876456 1944876 1876456 1876456 1876456 1898361 1876456 1876456 1909624 1876456 1876456 2149332
! @  1876456 1898333 1876456 1876456 1887861 1933478 1876456 1887861 1876456 1898341 1876456 1876456 1898212 1876456 1876456 2170747 1876411 1898033 1876411 1876411 1887813 1933672 1887813 1876411 1876424 1898370 1876456 1879328 1898333 1887861 1876456 2127889 1897899 1898333 1876456 1876456 1876456 1922222 1899117 1876456 1887861 1886936 1887861 1876600 1898350 1876456 1876456 1887861 2137541 1898333 1887861 1876456 1876456 1876463 1945188 1876456 1876456 1876456 1898370 1898464 1887861 1876456 1876456 1876456 2149198 1876456 1898333 1876456 1887861 1876456 1933723 1887861 1876456 1876456 1898089 1898129 1876456 1876456 1898284 1887813 2137870 1887813 1898285 1876411 1876411 1876411 1945074 1876411 1876411 1876411 1898322 1898083 1897880 1876456 1887861 1876456 2149198 1876456 1898333 1876456

----------------------------------------------
