Usage (for mon_varbase_mul and test_scott): ./cva6_x25519_rv64_isa_full.elf <an_integer> <another_integer>
Setting num_iters = 1000 , num_warmup_iters = 100

=============================================================
test_nop - nop_routine
=============================================================

-------------------- Cycles --------------------

! @  9 7 7 7 7 7 7 7 7 7 7 7 7 7 7 7 7 7 7 7 7 7 7 7 7 7 7 7 7 7 7 7 7 7 7 7 7 7 7 7 7 7 7 7 7 7 7 7 7 7 7 7 7 7 7 7 7 7 7 7 7 7 7 7 7 7 7 7 7 7 7 7 7 7 7 7 7 7 7 7 7 7 7 7 7 7 7 7 7 7 7 7 7 7 7 7 7 7 7 7

---------------- Instructions ----------------

! @  13 13 13 13 13 13 13 13 13 13 13 13 13 13 13 13 13 13 13 13 13 13 13 13 13 13 13 13 13 13 13 13 13 13 13 13 13 13 13 13 13 13 13 13 13 13 13 13 13 13 13 13 13 13 13 13 13 13 13 13 13 13 13 13 13 13 13 13 13 13 13 13 13 13 13 13 13 13 13 13 13 13 13 13 13 13 13 13 13 13 13 13 13 13 13 13 13 13 13 13

----------------------------------------------

=============================================================
test_gfp_arith - gfp mul
=============================================================

-------------------- Cycles --------------------

! @  231 203 203 203 203 203 203 203 203 203 203 203 203 203 203 203 203 203 203 203 203 203 203 203 203 203 203 203 203 203 203 203 203 203 203 203 203 203 203 203 203 203 203 203 203 203 203 203 203 203 203 203 203 203 203 203 203 203 203 203 203 203 203 203 203 203 203 203 203 203 203 203 203 203 203 203 203 203 203 203 203 203 203 203 203 203 203 203 203 203 203 203 203 203 203 203 203 203 203 203

---------------- Instructions ----------------

! @  189 189 189 189 189 189 189 189 189 189 189 189 189 189 189 189 189 189 189 189 189 189 189 189 189 189 189 189 189 189 189 189 189 189 189 189 189 189 189 189 189 189 189 189 189 189 189 189 189 189 189 189 189 189 189 189 189 189 189 189 189 189 189 189 189 189 189 189 189 189 189 189 189 189 189 189 189 189 189 189 189 189 189 189 189 189 189 189 189 189 189 189 189 189 189 189 189 189 189 189

----------------------------------------------

=============================================================
test_gfp_arith - gfp sqr
=============================================================

-------------------- Cycles --------------------

! @  206 179 179 179 179 179 179 179 179 179 179 179 179 179 179 179 179 179 179 179 179 179 179 179 179 179 179 179 179 179 179 179 179 179 179 179 179 179 179 179 179 179 179 179 179 179 179 179 179 179 179 179 179 179 179 179 179 179 179 179 179 179 179 179 179 179 179 179 179 179 179 179 179 179 179 179 179 179 179 179 179 179 179 179 179 179 179 179 179 179 179 179 179 179 179 179 179 179 179 179

---------------- Instructions ----------------

! @  173 173 173 173 173 173 173 173 173 173 173 173 173 173 173 173 173 173 173 173 173 173 173 173 173 173 173 173 173 173 173 173 173 173 173 173 173 173 173 173 173 173 173 173 173 173 173 173 173 173 173 173 173 173 173 173 173 173 173 173 173 173 173 173 173 173 173 173 173 173 173 173 173 173 173 173 173 173 173 173 173 173 173 173 173 173 173 173 173 173 173 173 173 173 173 173 173 173 173 173

----------------------------------------------

=============================================================
test_gfp_arith - gfp inv
=============================================================

-------------------- Cycles --------------------

! @  47219 47147 47147 47147 71156 47251 47147 47147 47147 47147 47147 47147 47147 47147 68921 47174 47147 47147 47147 47147 47147 47147 47147 47147 68918 47223 47147 47147 47147 47147 47147 47147 47147 47147 68540 47182 47147 47147 47147 47147 47147 47147 47147 47147 47147 68331 47147 47147 47147 47147 47147 47147 47147 47147 47147 68504 47158 47147 47147 47147 47147 47147 47147 47147 47147 69665 47174 47147 47147 47147 47147 47147 47147 47147 47147 68640 47223 47147 47147 47147 47147 47147 47147 47147 47147 68343 47220 47147 47147 47147 47147 47147 47147 47147 47147 68268 47174 47147 47147 47147

---------------- Instructions ----------------

! @  43358 43358 43358 43358 48263 43358 43358 43358 43358 43358 43358 43358 43358 43358 48263 43358 43358 43358 43358 43358 43358 43358 43358 43358 48263 43358 43358 43358 43358 43358 43358 43358 43358 43358 48263 43358 43358 43358 43358 43358 43358 43358 43358 43358 43358 48263 43358 43358 43358 43358 43358 43358 43358 43358 43358 48263 43358 43358 43358 43358 43358 43358 43358 43358 43358 48343 43358 43358 43358 43358 43358 43358 43358 43358 43358 48263 43358 43358 43358 43358 43358 43358 43358 43358 43358 48263 43358 43358 43358 43358 43358 43358 43358 43358 43358 48263 43358 43358 43358 43358

----------------------------------------------

=============================================================
test_gfp_arith - gfp add
=============================================================

-------------------- Cycles --------------------

! @  83 54 54 54 54 54 54 54 54 54 54 54 54 54 54 54 54 54 54 54 54 54 54 54 54 54 54 54 54 54 54 54 54 54 54 54 54 54 54 54 54 54 54 54 54 54 54 54 54 54 54 54 54 54 54 54 54 54 54 54 54 54 54 54 54 54 54 54 54 54 54 54 54 54 54 54 54 54 54 54 54 54 54 54 54 54 54 54 54 54 54 54 54 54 54 54 54 54 54 54

---------------- Instructions ----------------

! @  60 60 60 60 60 60 60 60 60 60 60 60 60 60 60 60 60 60 60 60 60 60 60 60 60 60 60 60 60 60 60 60 60 60 60 60 60 60 60 60 60 60 60 60 60 60 60 60 60 60 60 60 60 60 60 60 60 60 60 60 60 60 60 60 60 60 60 60 60 60 60 60 60 60 60 60 60 60 60 60 60 60 60 60 60 60 60 60 60 60 60 60 60 60 60 60 60 60 60 60

----------------------------------------------

=============================================================
test_gfp_arith - gfp sub
=============================================================

-------------------- Cycles --------------------

! @  85 59 59 59 59 59 59 59 59 59 59 59 59 59 59 59 59 59 59 59 59 59 59 59 59 59 59 59 59 59 59 59 59 59 59 59 59 59 59 59 59 59 59 59 59 59 59 59 59 59 59 59 59 59 59 59 59 59 59 59 59 59 59 59 59 59 59 59 59 59 59 59 59 59 59 59 59 59 59 59 59 59 59 59 59 59 59 59 59 59 59 59 59 59 59 59 59 59 59 59

---------------- Instructions ----------------

! @  65 65 65 65 65 65 65 65 65 65 65 65 65 65 65 65 65 65 65 65 65 65 65 65 65 65 65 65 65 65 65 65 65 65 65 65 65 65 65 65 65 65 65 65 65 65 65 65 65 65 65 65 65 65 65 65 65 65 65 65 65 65 65 65 65 65 65 65 65 65 65 65 65 65 65 65 65 65 65 65 65 65 65 65 65 65 65 65 65 65 65 65 65 65 65 65 65 65 65 65

----------------------------------------------

=============================================================
test_gfp_arith - gfp mul32
=============================================================

-------------------- Cycles --------------------

! @  80 53 53 53 53 53 53 53 53 53 53 53 53 53 53 53 53 53 53 53 53 53 53 53 53 53 53 53 53 53 53 53 53 53 53 53 53 53 53 53 53 53 53 53 53 53 53 53 53 53 53 53 53 53 53 53 53 53 53 53 53 53 53 53 53 53 53 53 53 53 53 53 53 53 53 53 53 53 53 53 53 53 53 53 53 53 53 53 53 53 53 53 53 53 53 53 53 53 53 53

---------------- Instructions ----------------

! @  56 56 56 56 56 56 56 56 56 56 56 56 56 56 56 56 56 56 56 56 56 56 56 56 56 56 56 56 56 56 56 56 56 56 56 56 56 56 56 56 56 56 56 56 56 56 56 56 56 56 56 56 56 56 56 56 56 56 56 56 56 56 56 56 56 56 56 56 56 56 56 56 56 56 56 56 56 56 56 56 56 56 56 56 56 56 56 56 56 56 56 56 56 56 56 56 56 56 56 56

----------------------------------------------

=============================================================
test_curve_arith - mon_ladder_step
=============================================================

-------------------- Cycles --------------------

! @  2232 2176 2187 2206 2206 2206 2206 2206 2206 2206 2206 2206 2206 2206 2206 2206 2206 2206 2206 2206 2206 2206 2206 2206 2206 2206 2206 2206 2206 2206 2206 2206 2206 2206 2206 2206 2206 2206 2206 2206 2206 2206 2206 2206 2206 2206 2206 2206 2206 2206 2206 2206 2206 2206 2206 2206 2206 2206 2206 2206 2206 2206 2206 2206 2206 2206 2206 2206 2206 2206 2206 2206 2206 2206 2206 2206 2206 2206 2206 2206 2206 2206 2206 2206 2206 2206 2206 2206 2206 2206 2206 2206 2206 2206 2206 2206 2206 2206 2206 2206
! @  2206 2206 2206 2206 2206 2206 2206 2206 2206 2206 2206 2206 2206 2197 2206 2206 2206 2206 2206 2206 2206 2206 2206 2206 2206 2206 2206 2206 2206 2206 2206 2206 2206 2206 2206 2206 2206 2206 2206 2206 2206 2206 2206 2206 2206 2206 2206 2206 2206 2206 2206 2206 2206 2206 2206 2206 2206 2206 2206 2206 2206 2197 2206 2206 2206 2206 2206 2206 2206 2206 2206 2206 2206 2206 2206 2206 2206 2206 2206 2206 2206 2206 2206 2206 2206 2206 2206 2206 2206 88779 2288 2187 2206 2206 2206 2206 2206 2206 2206 2206

---------------- Instructions ----------------

! @  2019 2019 2019 2019 2019 2019 2019 2019 2019 2019 2019 2019 2019 2019 2019 2019 2019 2019 2019 2019 2019 2019 2019 2019 2019 2019 2019 2019 2019 2019 2019 2019 2019 2019 2019 2019 2019 2019 2019 2019 2019 2019 2019 2019 2019 2019 2019 2019 2019 2019 2019 2019 2019 2019 2019 2019 2019 2019 2019 2019 2019 2019 2019 2019 2019 2019 2019 2019 2019 2019 2019 2019 2019 2019 2019 2019 2019 2019 2019 2019 2019 2019 2019 2019 2019 2019 2019 2019 2019 2019 2019 2019 2019 2019 2019 2019 2019 2019 2019 2019
! @  2019 2019 2019 2019 2019 2019 2019 2019 2019 2019 2019 2019 2019 2019 2019 2019 2019 2019 2019 2019 2019 2019 2019 2019 2019 2019 2019 2019 2019 2019 2019 2019 2019 2019 2019 2019 2019 2019 2019 2019 2019 2019 2019 2019 2019 2019 2019 2019 2019 2019 2019 2019 2019 2019 2019 2019 2019 2019 2019 2019 2019 2019 2019 2019 2019 2019 2019 2019 2019 2019 2019 2019 2019 2019 2019 2019 2019 2019 2019 2019 2019 2019 2019 2019 2019 2019 2019 2019 2019 15457 2019 2019 2019 2019 2019 2019 2019 2019 2019 2019

----------------------------------------------

=============================================================
ecdh correctness test
=============================================================
x25519: (alice <---> bob: rfc7748 test vectors)
- private keys:
  alice: 2A2CB91DA5FB77B12A99C0EB872F4CDF4566B25172C1163C7DA518730A6D0777
  bob  : EBE088FF278B2F1CFDB6182629B13B6FE60E80838B7FE1794B8A4A627E08AB5D
- public keys:
  alice: 6A4E9BAA8EA9A4EBF41A38260D3ABF0D5AF73EB4DC7D8B7454A7308909F02085
  bob  : 4F2B886F147EFCAD4D67785BC843833F3735E4ECC2615BD3B4C17D7B7DDB9EDE
- shared secrets:
  alice: 4217161E3C9BF076339ED147C9217EE0250F3580F43B8E72E12DCEA45B9D5D4A
  bob  : 4217161E3C9BF076339ED147C9217EE0250F3580F43B8E72E12DCEA45B9D5D4A
- results:[32m equal [0m
-------------------------------------------------------------
x25519: (carol <---> dave: random test vectors)
- private keys:
  carol: 593C88AA59876667470F7256DE31BF0187E11C7CDFBDF654FBE2FB4B6B817EC6
  dave : 363F1F8F99D95F8E761AE3CC987902DA5B65AE372F55543CD8A185D27B1356EA
- public keys:
  carol: 49335110A9BFAEE04B26E014C5B66C4F5332DD0449DB319E5CDA941E713B2A9D
  dave : 11286328E598CBF797EBDFC76708EA606825C43B99A8DB056015F0A03BC63CB1
- shared secrets:
  carol: 7EB837D18E3DF1CA004EA8BA446BE7E3EE56731E1641EF0A0A0FC3B12784468E
  dave : 7EB837D18E3DF1CA004EA8BA446BE7E3EE56731E1641EF0A0A0FC3B12784468E
- results:[32m equal [0m

=============================================================
test_mon_varbase_mul - mon_varbase_mul
=============================================================

-------------------- Cycles --------------------

! @  699020 720479 698982 699058 720229 698921 721190 699130 720364 699059 699036 720414 698848 719907 698833 698847 720912 699087 720401 699218 720455 698826 699669 720542 698690 720539 698661 698731 778248 702395 721429 698760 720805 699335 699007 721209 698823 720314 698955 1567958 745044 700106 721247 824010 733594 700344 721444 699318 699161 720392 698918 720612 698777 698880 720437 699017 720988 699195 720679 699007 698818 720748 699096 720382 698875 698828 720683 699068 720579 698668 720827 698989 698958 720395 699087 720562 699044 698822 720537 698929 720621 698978 720607 698782 698509 720318 699057 720748 699082 698671 720050 700237 720497 698998 698813 720808 698938 720628 698744 762643
! @  708146 723716 698813 699495 721183 699234 720527 699392 699184 720443 698922 1574150 746222 700438 721153 824076 734343 700007 721371 699226 720778 698971 699040 720804 698967 720090 698725 698996 720182 699070 720791 699212 720764 699094 698855 720115 699156 720547 698971 699144 720097 698838 720236 699245 720577 698762 699011 720184 699007 720535 698834 698954 720465 698798 720381 699385 721269 698531 699008 720503 699976 721532 698787 699430 720543 699180 771888 701370 721708 699073 698640 720517 698811 720542 698595 720511 698857 698765 720232 698541 720769 698754 699116 1608005 703114 700286 720813 854077 702718 700045 720595 699304 720623 698805 699195 720214 699175 720391 698750 720662
! @  698752 698851 720718 698842 720708 699412 698825 720849 699103 720802 698815 720991 699123 698958 720380 698726 720523 698880 699150 720656 698651 720594 698602 720920 699074 698766 720233 699122 720260 700150 699293 720406 699141 720965 698716 721041 698835 698800 769209 701757 721943 699434 721040 698898 698634 721261 698925 720374 699090 699166 720176 699025 720530 698507 1562239 742997 719179 726186 699398 855350 702410 722032 699208 699110 720578 698730 721068 698995 720478 699013 699127 720396 698549 721046 698960 699021 720209 698654 720275 698904 698414 720703 698953 720825 699189 720919 699187 698993 720655 699038 720481 699345 699073 720114 699138 720549 699417 719972 699890 699232
! @  720085 698864 720752 699078 769807 701202 699900 721683 699350 721466 698691 721051 698922 698758 720041 699007 720656 699135 699171 720262 699167 720615 698984 720795 699093 699140 1561611 742809 719442 724886 699325 856505 702589 722055 699505 720607 699043 698952 720439 698888 720184 698727 720671 698920 699116 720328 699054 720604 698932 699333 720482 699038 720547 699077 720398 699300 699028 720433 699134 720795 698810 698731 720574 698864 720669 698511 698814 721630 698947 720443 699044 720985 698969 698957 719952 698897 770892 701468 721486 699442 698762 720420 699148 721130 698753 720849 698758 699166 720357 699143 720768 699329 698715 720588 699131 720644 699366 720862 1573441 720672
! @  725995 699375 699269 855556 725434 699628 698845 720385 739799 731094 699941 721198 698772 698556 720467 699240 720745 698912 698881 720748 699118 720886 698888 720646 698817 699220 720460 699093 720513 699071 699024 720468 698992 720225 699380 720735 700105 698922 720378 699218 720828 698965 767065 701610 699737 721321 698594 720623 699300 698799 720497 699142 720580 698752 720890 698916 698799 720089 699035 720953 698988 698951 720326 699473 720514 699047 720766 698876 698755 720257 1570651 719700 725371 699190 845692 709362 724067 699465 721136 699573 699059 720356 699212 720671 699011 720629 699153 699098 720739 698914 720871 699066 698967 720090 699357 720825 698840 720881 698962 698850
! @  720571 699191 720222 699223 698668 721760 699225 721212 698799 720907 698710 698801 720697 698734 770864 701761 721994 699410 698788 720585 698978 720351 699214 698632 720730 698949 720576 699278 720667 699045 698874 720745 698937 720218 699179 699341 720455 699361 720866 698959 721173 699257 1569816 745890 700610 699360 844366 734088 699737 699553 720994 699207 720582 699114 698782 720497 699341 720293 699008 721002 698943 698951 720392 698920 720389 699011 698602 720512 699273 720732 699104 720761 699147 698934 721672 699313 720975 698947 698226 720684 741608 730694 699823 720990 699034 698413 720867 698992 720667 698776 720495 698962 698826 720744 698851 720390 698973 699091 720697 698624
! @  720739 699122 720633 698893 698781 720211 699128 720573 699273 698582 720570 698774 720377 698786 1573797 747059 700857 721250 823907 735503 700385 721801 699113 698563 720102 699278 720534 698646 699175 720709 699137 720179 698949 721212 699085 698723 721099 699009 720504 699143 698986 720335 698804 721503 699020 721087 698760 698668 720555 698514 720783 699032 770081 702112 700093 721496 699254 720213 698855 699084 720434 698742 720585 699067 720318 698648 699053 720998 699057 720848 698923 698804 720428 698966 759989 706201 723935 699504 699195 721069 698613 720424 698941 720513 699083 698920 1607587 719399 702921 722195 855355 701997 700029 721460 699336 720608 699224 698599 720790 698861
! @  720533 699125 720463 698726 699022 720727 699024 720885 699011 698629 720347 699159 722086 699482 720784 698529 699284 720519 741801 731140 700003 721211 698511 698947 720166 698979 720524 699094 699099 720982 699041 720302 698827 720237 699037 699214 720446 699092 720277 698942 698851 720680 698776 720611 699122 720651 698591 698732 720780 698781 721303 699058 698802 720529 698960 720167 698825 1563570 744305 719584 725769 699238 855370 702737 722453 699265 698670 720989 699292 720828 699184 699020 720419 699023 720977 698841 720521 699108 699223 720333 699178 720864 699497 699066 720404 699080 720518 698780 720874 698610 741395 731824 699781 721722 699083 720758 699120 699106 720876 698883
! @  720477 699189 720401 699025 699036 720571 699032 720507 698992 698838 720663 698698 720887 698906 699278 720826 698998 720423 699133 720537 699176 699149 720366 699120 720632 698783 698926 720313 699011 1564594 743799 719759 725418 699745 856652 702996 722112 699002 720733 698739 698833 720758 698998 720433 699187 720857 698644 699066 720547 699065 721384 699077 698903 720201 698975 721043 741291 730429 700016 699696 720828 698875 720264 698679 720605 698918 698682 720869 698856 720542 698972 699037 720688 698916 720843 698783 720864 698732 699037 720657 698988 720476 699233 698921 720098 698813 720081 699032 720613 698919 699119 720294 699017 720026 698989 698930 731727 700372 721208 699069
! @  720581 1575719 709670 744284 700517 699108 854578 725206 699622 699384 721140 699202 720383 699264 699118 721047 699108 720681 698958 721899 699148 698991 720235 699334 720939 699225 698717 720263 741684 730960 700042 721466 699327 721029 698906 698629 720461 699091 720574 699183 698713 719985 699260 720673 698919 698987 720216 699116 720872 699064 720519 698903 699143 720449 698821 720375 699251 699000 720853 699062 720305 698949 720902 698824 698681 720914 699037 721528 698812 698730 720857 698989 720197 1571649 720617 725534 699423 843010 710757 724696 699598 720529 698662 799170 701329 700000 721207 699049 721512 699335 698888 720705 699022 721183 742420 730920 699807 721161 699189 699188

---------------- Instructions ----------------

! @  580339 585244 580339 580339 585244 580339 585244 580339 585244 580339 580339 585244 580339 585244 580339 580339 585244 580339 585244 580339 585244 580339 580419 585244 580339 585244 580339 580339 593424 580339 585244 580339 585244 580339 580339 585244 580339 585244 580339 794017 588646 580339 585244 601430 585244 580339 585244 580339 580339 585244 580339 585244 580339 580339 585244 580339 585244 580339 585244 580339 580339 585244 580339 585244 580339 580339 585244 580339 585244 580339 585244 580339 580339 585244 580339 585244 580339 580339 585244 580339 585244 580339 585244 580339 580339 585244 580339 585244 580339 580339 585244 580419 585244 580339 580339 585244 580339 585244 580339 591536
! @  580339 585244 580339 580339 585244 580339 585244 580339 580339 585244 580339 794018 588790 580339 585244 601365 585244 580339 585244 580339 585244 580339 580339 585244 580339 585244 580339 580339 585244 580339 585244 580339 585244 580339 580339 585244 580339 585244 580339 580339 585244 580339 585244 580339 585244 580339 580339 585244 580339 585244 580339 580339 585244 580339 585244 580339 585259 580339 580339 585244 580419 585244 580339 580380 585244 580339 591599 580339 585244 580339 580339 585244 580339 585244 580339 585244 580339 580339 585244 580339 585244 580339 580339 802545 580339 580339 585244 606288 580339 580339 585244 580339 585244 580339 580339 585244 580339 585244 580339 585244
! @  580339 580339 585244 580339 585244 580339 580339 585244 580339 585244 580339 585244 580339 580339 585244 580339 585244 580339 580339 585244 580339 585244 580339 585244 580339 580339 585244 580339 585244 580419 580339 585244 580339 585244 580339 585244 580339 580339 591375 580339 585244 580339 585244 580339 580339 585244 580339 585244 580339 580339 585244 580339 585244 580339 792807 587954 583741 585244 580339 606196 580339 585244 580339 580339 585244 580339 585244 580339 585244 580339 580339 585244 580339 585244 580339 580339 585244 580339 585244 580339 580339 585244 580339 585244 580339 585244 580339 580339 585244 580339 585244 580339 580339 585244 580339 585244 580339 585244 580419 580339
! @  585244 580339 585244 580339 591817 580339 580339 585244 580339 585244 580339 585244 580339 580339 585244 580339 585244 580339 580339 585244 580339 585244 580339 585244 580339 580339 792802 588098 583885 585244 580339 606097 580339 585244 580339 585244 580339 580339 585244 580339 585244 580339 585244 580339 580339 585244 580339 585244 580339 580339 585244 580339 585244 580339 585244 580339 580339 585244 580339 585244 580339 580339 585244 580339 585244 580339 580339 585324 580339 585244 580339 585244 580339 580339 585244 580339 591598 580339 585244 580339 580339 585244 580339 585244 580339 585244 580339 580339 585244 580339 585244 580339 580339 585244 580339 585244 580339 585244 794018 583741
! @  585244 580339 580339 606245 585244 580339 580339 585244 586373 585244 580339 585244 580339 580339 585244 580339 585244 580339 580339 585244 580339 585244 580339 585244 580339 580339 585244 580339 585244 580339 580339 585244 580339 585244 580339 585244 580419 580339 585244 580339 585244 580339 591606 580339 580339 585244 580339 585244 580339 580339 585244 580339 585244 580339 585244 580339 580339 585244 580339 585244 580339 580339 585244 580339 585244 580339 585244 580339 580339 585244 794017 583741 585244 580339 606317 580339 585244 580339 585244 580339 580339 585244 580339 585244 580339 585244 580339 580339 585244 580339 585244 580339 580339 585244 580339 585244 580339 585244 580339 580339
! @  585244 580339 585253 580339 580339 585324 580339 585244 580339 585285 580339 580339 585244 580339 591517 580339 585244 580339 580339 585244 580339 585244 580339 580339 585244 580339 585244 580339 585244 580339 580339 585244 580339 585244 580339 580339 585244 580339 585244 580339 585244 580339 794033 588790 580339 580339 606091 585244 580339 580339 585244 580339 585244 580339 580339 585244 580339 585244 580339 585244 580339 580339 585244 580339 585244 580339 580339 585244 580339 585244 580339 585244 580339 580339 585324 580339 585244 580339 580339 585244 586780 585244 580339 585244 580339 580339 585244 580339 585244 580339 585244 580339 580339 585244 580339 585244 580339 580339 585244 580339
! @  585244 580339 585244 580339 580339 585244 580339 585244 580339 580339 585244 580339 585244 580339 794019 588869 580339 585244 601192 585244 580339 585244 580339 580339 585244 580339 585244 580339 580339 585244 580339 585244 580339 585244 580339 580339 585244 580339 585244 580339 580339 585244 580339 585324 580339 585244 580339 580339 585244 580339 585244 580339 591499 580339 580339 585244 580339 585244 580339 580339 585244 580339 585244 580339 585244 580339 580339 585244 580339 585244 580339 580339 585244 580339 591291 580339 585244 580339 580339 585244 580339 585244 580339 585244 580339 580339 800562 583741 580339 585244 606005 580339 580339 585244 580339 585244 580339 580339 585244 580339
! @  585244 580339 585244 580339 580339 585244 580339 585244 580339 580339 585244 580339 585324 580339 585244 580339 580339 585244 586711 585244 580339 585244 580339 580339 585244 580339 585244 580339 580339 585244 580339 585244 580339 585244 580339 580339 585244 580339 585244 580339 580339 585244 580339 585244 580339 585244 580339 580339 585244 580339 585244 580339 580339 585244 580339 585244 580339 792658 588098 583885 585244 580339 606169 580339 585244 580339 580339 585244 580339 585244 580339 580339 585244 580339 585244 580339 585244 580339 580339 585244 580339 585324 580339 580339 585244 580339 585244 580339 585244 580339 586782 585244 580339 585244 580339 585244 580339 580339 585244 580339
! @  585244 580339 585244 580339 580339 585244 580339 585244 580339 580339 585244 580339 585244 580339 580339 585244 580339 585244 580339 585244 580339 580339 585244 580339 585244 580339 580339 585244 580339 792663 587954 583964 585244 580339 606239 580339 585244 580339 585244 580339 580339 585244 580339 585244 580339 585244 580339 580339 585253 580339 585324 580339 580339 585244 580339 585285 586704 585244 580339 580339 585244 580339 585244 580339 585244 580339 580339 585244 580339 585244 580339 580339 585244 580339 585244 580339 585244 580339 580339 585244 580339 585244 580339 580339 585244 580339 585244 580339 585244 580339 580339 585244 580339 585244 580339 580339 586346 580339 585244 580339
! @  585244 794017 581838 588646 580339 580339 606090 585244 580339 580339 585244 580339 585244 580339 580339 585244 580339 585244 580339 585324 580339 580339 585244 580339 585244 580339 580339 585244 586800 585244 580339 585244 580339 585244 580339 580339 585244 580339 585244 580339 580339 585244 580339 585244 580339 580339 585244 580339 585244 580339 585244 580339 580339 585244 580339 585244 580339 580339 585244 580339 585244 580339 585244 580339 580339 585244 580339 585244 580339 580339 585244 580339 585244 794020 583885 585244 580339 606274 580339 585244 580339 585244 580339 595332 580339 580339 585244 580339 585324 580339 580339 585244 580339 585244 586914 585244 580339 585244 580339 580339

----------------------------------------------
