Usage (for mon_varbase_mul): ./cva6_x25519_rv32_ise_reduced.elf <an_integer> <another_integer>
Setting num_iters = 1000 , num_warmup_iters = 100

=============================================================
test_nop - nop_routine
=============================================================

-------------------- Cycles --------------------

! @  35 13 13 13 13 13 13 13 13 13 13 13 13 13 13 13 13 13 13 13 13 13 13 13 13 13 13 13 13 13 13 13 13 13 13 13 13 13 13 13 13 13 13 13 13 13 13 13 13 13 13 13 13 13 13 13 13 13 13 13 13 13 13 13 13 13 13 13 13 13 13 13 13 13 13 13 13 13 13 13 13 13 13 13 13 13 13 13 13 13 13 13 13 13 13 13 13 13 13 13

---------------- Instructions ----------------

! @  25 25 25 25 25 25 25 25 25 25 25 25 25 25 25 25 25 25 25 25 25 25 25 25 25 25 25 25 25 25 25 25 25 25 25 25 25 25 25 25 25 25 25 25 25 25 25 25 25 25 25 25 25 25 25 25 25 25 25 25 25 25 25 25 25 25 25 25 25 25 25 25 25 25 25 25 25 25 25 25 25 25 25 25 25 25 25 25 25 25 25 25 25 25 25 25 25 25 25 25

----------------------------------------------

=============================================================
test_gfp_arith - gfp mul
=============================================================

-------------------- Cycles --------------------

! @  434 426 438 413 438 413 438 413 438 413 438 413 438 413 438 413 440 413 438 413 445 413 438 413 438 413 438 413 438 413 438 413 438 413 438 413 438 413 438 413 438 413 438 413 438 413 438 413 438 413 438 413 438 413 440 413 438 413 439 413 438 413 438 413 451 413 438 413 439 413 438 413 438 413 438 413 438 413 438 413 438 413 438 413 439 413 438 413 438 413 438 413 438 413 438 413 438 413 439 413

---------------- Instructions ----------------

! @  379 379 379 379 379 379 379 379 379 379 379 379 379 379 379 379 379 379 379 379 379 379 379 379 379 379 379 379 379 379 379 379 379 379 379 379 379 379 379 379 379 379 379 379 379 379 379 379 379 379 379 379 379 379 379 379 379 379 379 379 379 379 379 379 379 379 379 379 379 379 379 379 379 379 379 379 379 379 379 379 379 379 379 379 379 379 379 379 379 379 379 379 379 379 379 379 379 379 379 379

----------------------------------------------

=============================================================
test_gfp_arith - gfp sqr
=============================================================

-------------------- Cycles --------------------

! @  399 379 406 379 404 379 405 379 415 379 404 379 404 379 404 379 404 379 404 379 404 379 404 379 404 379 404 379 404 379 405 379 404 379 404 379 410 379 405 379 404 379 404 379 404 379 404 379 404 379 405 379 404 379 404 379 404 379 404 379 404 379 404 379 415 379 404 379 404 379 404 379 404 379 404 379 404 379 404 379 404 379 404 379 404 379 405 379 404 379 404 379 410 379 405 379 404 379 404 379

---------------- Instructions ----------------

! @  344 344 344 344 344 344 344 344 344 344 344 344 344 344 344 344 344 344 344 344 344 344 344 344 344 344 344 344 344 344 344 344 344 344 344 344 344 344 344 344 344 344 344 344 344 344 344 344 344 344 344 344 344 344 344 344 344 344 344 344 344 344 344 344 344 344 344 344 344 344 344 344 344 344 344 344 344 344 344 344 344 344 344 344 344 344 344 344 344 344 344 344 344 344 344 344 344 344 344 344

----------------------------------------------

=============================================================
test_gfp_arith - gfp inv
=============================================================

-------------------- Cycles --------------------

! @  163404 352532 166411 98126 164374 164425 163709 97876 163372 164206 97753 162964 163067 163785 98039 163168 163176 163434 97948 163403 163577 97875 162709 163560 163447 98107 163573 163270 163565 98067 162748 163266 98001 163365 163104 163775 98326 162580 163214 163192 98023 162587 163348 97913 163152 162992 163343 97979 162789 163323 162707 98005 162829 164060 97913 163607 163073 163409 97907 162881 163524 162869 97903 162510 163447 97718 163397 162465 163335 97991 163057 162584 163116 98026 162637 163496 97862 163518 162742 163848 98076 163240 163499 164067 98051 162679 163483 97912 164353 163130 163617 97944 163804 163058 163348 97927 162881 163313 162823 98233

---------------- Instructions ----------------

! @  97119 121038 97119 85714 97119 97119 97119 85714 97119 97119 85714 97119 97119 97119 85714 97119 97119 97119 85714 97119 97119 85714 97119 97119 97119 85714 97119 97119 97119 85714 97119 97119 85714 97119 97119 97119 85714 97119 97119 97119 85714 97119 97119 85714 97119 97119 97119 85714 97119 97119 97119 85714 97119 97119 85714 97119 97119 97119 85714 97119 97119 97119 85714 97119 97119 85714 97119 97119 97119 85714 97119 97119 97119 85714 97119 97119 85714 97119 97119 97119 85714 97119 97119 97119 85714 97119 97119 85714 97119 97119 97119 85714 97119 97119 97119 85714 97119 97119 97119 85714

----------------------------------------------

=============================================================
test_gfp_arith - gfp add
=============================================================

-------------------- Cycles --------------------

! @  109 89 89 89 90 89 89 89 89 89 89 89 89 89 89 89 89 89 90 89 89 89 89 89 89 89 91 89 89 89 89 89 89 89 89 89 89 89 89 89 89 89 89 89 89 89 89 89 89 89 89 89 89 89 89 89 89 89 89 89 89 89 89 89 89 89 89 89 90 89 89 89 89 89 89 89 89 89 89 89 89 89 89 89 89 89 90 89 89 89 89 89 89 89 89 89 89 89 89 89

---------------- Instructions ----------------

! @  96 96 96 96 96 96 96 96 96 96 96 96 96 96 96 96 96 96 96 96 96 96 96 96 96 96 96 96 96 96 96 96 96 96 96 96 96 96 96 96 96 96 96 96 96 96 96 96 96 96 96 96 96 96 96 96 96 96 96 96 96 96 96 96 96 96 96 96 96 96 96 96 96 96 96 96 96 96 96 96 96 96 96 96 96 96 96 96 96 96 96 96 96 96 96 96 96 96 96 96

----------------------------------------------

=============================================================
test_gfp_arith - gfp sub
=============================================================

-------------------- Cycles --------------------

! @  114 94 94 94 97 94 97 94 97 94 97 94 97 94 97 94 97 94 97 94 97 94 97 94 97 94 97 94 97 94 97 94 97 94 97 94 97 94 95 94 97 94 97 94 97 94 97 94 94 94 97 94 97 94 97 94 97 94 94 94 97 94 97 94 97 94 97 94 98 94 97 94 97 94 97 94 97 94 97 94 97 94 97 94 97 94 97 94 97 94 97 94 97 94 97 94 97 94 97 94

---------------- Instructions ----------------

! @  101 101 101 101 101 101 101 101 101 101 101 101 101 101 101 101 101 101 101 101 101 101 101 101 101 101 101 101 101 101 101 101 101 101 101 101 101 101 101 101 101 101 101 101 101 101 101 101 101 101 101 101 101 101 101 101 101 101 101 101 101 101 101 101 101 101 101 101 101 101 101 101 101 101 101 101 101 101 101 101 101 101 101 101 101 101 101 101 101 101 101 101 101 101 101 101 101 101 101 101

----------------------------------------------

=============================================================
test_gfp_arith - gfp mul32
=============================================================

-------------------- Cycles --------------------

! @  135 107 107 107 107 107 107 107 107 107 107 107 107 107 107 107 107 107 107 107 108 107 107 107 107 107 107 107 107 107 107 107 107 107 110 107 107 107 107 107 107 107 107 107 107 107 107 107 107 107 107 107 107 107 107 107 107 107 107 107 107 107 108 107 107 107 107 107 107 107 107 107 107 107 107 107 107 107 107 107 107 107 108 107 107 107 107 107 107 107 107 107 107 107 107 107 107 107 107 107

---------------- Instructions ----------------

! @  98 98 98 98 98 98 98 98 98 98 98 98 98 98 98 98 98 98 98 98 98 98 98 98 98 98 98 98 98 98 98 98 98 98 98 98 98 98 98 98 98 98 98 98 98 98 98 98 98 98 98 98 98 98 98 98 98 98 98 98 98 98 98 98 98 98 98 98 98 98 98 98 98 98 98 98 98 98 98 98 98 98 98 98 98 98 98 98 98 98 98 98 98 98 98 98 98 98 98 98

----------------------------------------------

=============================================================
test_curve_arith - mon_ladder_step
=============================================================

-------------------- Cycles --------------------

! @  4276 4267 4273 4258 4281 4258 4286 4258 4279 4258 4281 4258 4279 4258 4279 4258 4279 4258 4279 7828 4291 4258 4279 4258 4279 4258 4279 4258 4279 4258 4279 4258 4279 4258 4279 4258 4293 4258 4279 4258 4279 4258 4279 4258 4280 4258 4279 4258 4279 72875 4449 4258 4279 4258 4279 4258 4279 4258 4279 4258 4279 4258 4279 4258 4279 4258 4281 4258 4279 4258 4281 4258 4279 4258 4279 4258 4279 4258 4279 72744 4415 4258 4279 4258 4283 4258 4279 4258 4281 4258 4279 4258 4279 4258 4279 4258 4279 4258 4279 4258
! @  4281 4258 4279 4258 4279 4258 4279 4258 4279 71632 4882 4300 4281 4258 4279 4258 4291 4258 4279 4258 4281 4258 4279 4258 4279 4258 4279 4258 4279 4258 4279 4258 4279 4258 4279 4258 4281 4258 4279 4258 71915 4492 4341 4258 4279 4258 4279 4258 4281 4258 4279 4258 4279 4258 4279 4258 4279 4258 4279 4258 4279 4258 4279 4258 4281 4258 4279 4258 4280 4258 71507 4784 4296 4258 4279 4258 4290 4258 4279 4258 4279 4258 4279 4258 4280 4258 4279 4258 4279 4258 4279 4258 4280 4258 4279 4258 4258 4258 4279 4258

---------------- Instructions ----------------

! @  3779 3779 3779 3779 3779 3779 3779 3779 3779 3779 3779 3779 3779 3779 3779 3779 3779 3779 3779 3779 3779 3779 3779 3779 3779 3779 3779 3779 3779 3779 3779 3779 3779 3779 3779 3779 3779 3779 3779 3779 3779 3779 3779 3779 3779 3779 3779 3779 3779 15184 3779 3779 3779 3779 3779 3779 3779 3779 3779 3779 3779 3779 3779 3779 3779 3779 3779 3779 3779 3779 3779 3779 3779 3779 3779 3779 3779 3779 3779 15184 3779 3779 3779 3779 3779 3779 3779 3779 3779 3779 3779 3779 3779 3779 3779 3779 3779 3779 3779 3779
! @  3779 3779 3779 3779 3779 3779 3779 3779 3779 15184 3779 3779 3779 3779 3779 3779 3779 3779 3779 3779 3779 3779 3779 3779 3779 3779 3779 3779 3779 3779 3779 3779 3779 3779 3779 3779 3779 3779 3779 3779 15184 3779 3779 3779 3779 3779 3779 3779 3779 3779 3779 3779 3779 3779 3779 3779 3779 3779 3779 3779 3779 3779 3779 3779 3779 3779 3779 3779 3779 3779 15184 3779 3779 3779 3779 3779 3779 3779 3779 3779 3779 3779 3779 3779 3779 3779 3779 3779 3779 3779 3779 3779 3779 3779 3779 3779 3779 3779 3779 3779

----------------------------------------------

=============================================================
ecdh correctness test
=============================================================
x25519: (alice <---> bob: rfc7748 test vectors)
- private keys:
  alice: 2A2CB91DA5FB77B12A99C0EB872F4CDF4566B25172C1163C7DA518730A6D0777
  bob  : EBE088FF278B2F1CFDB6182629B13B6FE60E80838B7FE1794B8A4A627E08AB5D
- public keys:
  alice: 6A4E9BAA8EA9A4EBF41A38260D3ABF0D5AF73EB4DC7D8B7454A7308909F02085
  bob  : 4F2B886F147EFCAD4D67785BC843833F3735E4ECC2615BD3B4C17D7B7DDB9EDE
- shared secrets:
  alice: 4217161E3C9BF076339ED147C9217EE0250F3580F43B8E72E12DCEA45B9D5D4A
  bob  : 4217161E3C9BF076339ED147C9217EE0250F3580F43B8E72E12DCEA45B9D5D4A
- results:[32m equal [0m
-------------------------------------------------------------
x25519: (carol <---> dave: random test vectors)
- private keys:
  carol: 593C88AA59876667470F7256DE31BF0187E11C7CDFBDF654FBE2FB4B6B817EC6
  dave : 363F1F8F99D95F8E761AE3CC987902DA5B65AE372F55543CD8A185D27B1356EA
- public keys:
  carol: 49335110A9BFAEE04B26E014C5B66C4F5332DD0449DB319E5CDA941E713B2A9D
  dave : 11286328E598CBF797EBDFC76708EA606825C43B99A8DB056015F0A03BC63CB1
- shared secrets:
  carol: 7EB837D18E3DF1CA004EA8BA446BE7E3EE56731E1641EF0A0A0FC3B12784468E
  dave : 7EB837D18E3DF1CA004EA8BA446BE7E3EE56731E1641EF0A0A0FC3B12784468E
- results:[32m equal [0m

=============================================================
test_mon_varbase_mul - mon_varbase_mul
=============================================================

-------------------- Cycles --------------------

! @  1859651 1859226 2382628 1929025 1860101 1928916 2039347 1860361 2088777 1862746 1930046 1858150 1861897 1928261 1856485 1927979 1859015 1928624 2661074 2020208 1929705 2021284 1861443 1927088 1860557 1927152 1862124 1928194 2380632 1861788 1858986 1931899 2032243 1931399 2016002 1863794 2013011 1930799 1860940 1927632 1858609 1928615 1860580 1931064 2662434 2016390 1927365 2023646 1864886 1929432 1859915 1928692 1860458 1926522 2377831 1862398 1861561 2104347 1860876 1926914 2014938 1865058 1929494 1858597 2033539 1927788 1863470 1927267 1862017 1928555 2653644 2016046 1929604 2020412 1862804 1929884 1862742 1929228 1862727 1929691 2385321 1860552 2038063 1932054 1860278 1929380 2017671 1867272 1932990 1860579 1931148 1861233 1929264 1858484 1930171 1863685 2734250 2018958 1862186 2020056
! @  1934224 1863287 1928763 1860881 1927844 1863219 2383957 2025310 1941857 1861484 2141189 1864243 2087258 1860847 1927570 1860265 1861554 1929007 1861037 1930538 1861072 1928141 2663036 2019284 1929577 2020297 1931116 1861996 1861632 1926997 1860164 1927381 2384834 2033266 1866464 1929368 1862167 1926320 2178715 1860811 1930762 1861177 1930107 1860991 1858615 1928240 1860105 1928940 2669166 2089526 1856967 2020953 1931883 1860403 1928672 1858743 1859681 1927368 2385235 2036979 1927397 1860945 1862671 1929788 2020048 1934797 1860454 1927171 1860998 1860979 1927135 1860068 1928640 1858244 2727360 2020577 1860500 2020482 1930669 1861305 1926223 1861751 1926172 1859041 2406807 1929354 1862275 1927696 1860556 1930039 1859740 2022767 1929095 1861468 1926845 1859656 1929155 1859998 1861777 1929088
! @  1861660 2886932 1861478 1860009 2089614 1861059 1928761 1861299 1859906 2100310 2381535 1860515 1927900 1861398 1861540 1925781 1862339 2093205 1861468 1862314 1963373 1927885 1859044 1929350 1860437 1925759 1862462 2822827 1931480 1860618 2022506 1930652 1860953 1926580 1859456 2033363 2386073 1933497 1860009 2034568 2083533 1860601 1859090 2089833 1859523 1928742 1859913 1859232 1928020 1861407 1930327 1860295 1929015 2821001 1861995 2085789 1861872 1860218 1927068 1859252 2096016 1866095 2381654 1862305 1930981 1858546 1927259 1859945 1928167 2025463 1862262 1928225 1861922 1927857 1856945 1929362 1860639 1928222 1861607 2817635 1929236 1860303 2023661 1925938 1861415 2106329 2033917 1857506 2383334 1930125 1859555 1859117 1928254 1861827 1927440 2022036 1860567 1927982 1863335 1927871
! @  1861268 1928774 1860193 1932426 1861802 2819916 1928813 1859658 2025496 1929124 1861014 2105746 1861234 1929955 2380348 1862596 1860718 1929905 1860964 1928388 1862262 2023609 1926433 1861536 1929352 1863329 1928249 1859385 1931614 1861074 1929243 2822159 1859734 1926291 2024578 1862587 1934945 2032275 1930736 1860454 2379153 2017987 1929127 1860815 1860506 1927664 1859506 2090250 1860710 1859947 1928822 1858129 1928000 1856957 1930241 1860602 1929913 2822523 1859787 1927002 2022860 1861881 2101794 1861544 1928152 1857713 2381282 1863236 1928416 1859047 1930526 1860640 1929565 2023483 1863102 1927029 1858172 1928896 1859401 1927523 1858500 1859714 1926292 2817432 1926975 1857888 2020008 2034771 1931663 1861639 1928347 1859439 2374264 1933433 1859642 1861911 1927653 1860403 1929800 2023318
! @  1861446 1927227 1862585 1929364 1860601 1927386 1860612 1930869 1859988 2824948 1929706 1857965 2026546 2104769 1860342 1930339 1861394 1929706 2301959 1943329 1859988 1929084 1860884 1929565 1857775 2021703 1930136 1859061 1926995 1860293 1930654 1859675 1930959 1860791 1928183 2820651 1859789 1930006 2026497 2032604 1929632 1859715 1928962 2016558 2305204 1938069 1860054 1928466 1861066 1926484 1858961 2024198 1928243 1860314 1927831 1858527 1928444 1860738 1929908 1860650 1925338 2819312 1860814 1933654 2081155 1929161 1859733 1929119 1859026 1925806 2123625 2116164 1858860 1928230 1861451 1930000 1859008 2023446 1929251 1857706 1927304 1858849 1929184 1861493 1927126 1858616 1860728 2887492 1861843 2038401 2090550 1858279 1861002 1927163 1863011 1927501 1857262 2382980 1928976 1860638
! @  1858895 1929768 1859917 2092380 1861342 1928941 1860435 1858995 1929065 1858609 1927393 1857513 1929522 2812020 2036889 1933416 2023169 1862249 1927789 1858269 1931376 1860257 1928411 2312909 1928475 1860749 1929229 1859170 1929258 2021445 1860172 1927167 2057069 1933107 1860185 1929857 1859875 1928773 1860575 2813515 2037659 1931777 2026026 1926716 1860747 2017106 1930772 1859345 2190919 2049362 1931399 1861049 1928280 1860652 1929508 2027661 1862652 1928037 1859483 1926922 1859517 1927948 1860338 1929452 1858985 2979771 1865204 1928825 2023820 1861577 1931718 1860974 1926968 1860333 1928680 2385687 1860500 1930873 1859180 1930143 1860700 2025650 1930685 1861382 1926646 1859911 1926708 1860928 1861778 1928476 1861334 2908963 1866713 1930702 2024728 1860692 1930854 1860829 1928659 1861576
! @  1929073 2384328 1862366 1862472 1927066 1862516 1929736 2024497 1929248 1861150 1862410 1929767 1860957 1926612 1861034 1926795 2027817 2813276 1935662 1860406 2022894 1931278 1861544 2032031 1931233 1861789 1929460 2383756 1860728 1928554 1859281 1925960 1860608 2025422 1930504 1859590 1928905 1860357 1859743 1926872 1861212 1927705 2030582 2815867 1935500 1859338 2180579 1928517 1862524 1860481 1925835 1861344 1927406 2382941 1859435 1925986 1861062 1861143 1927141 2023725 1931514 1859646 1925938 1860649 1860395 1925370 1860308 1932765 2032929 2834193 1939000 1860179 2024220 1928081 1860317 1925621 1859856 1927846 1859380 2383320 1927591 1860665 1860658 1928154 1863878 2090218 1862334 1929187 1859036 1860270 1926818 1861284 1930767 2034206 1928923 2694240 1983083 1929552 2027193 1860314
! @  1930320 1860278 1927129 1859539 1927379 2314604 1928515 1860838 1928473 1857696 1928268 2022262 1862401 1927678 1858991 1930881 1859951 1929106 2038161 1859766 1929119 2677832 2001934 1928072 2023308 1930646 1860749 1927845 1860173 1860696 1928624 2382194 1860285 1930536 1860582 1929151 1862909 2021103 1931965 1862397 1931163 1861642 1927602 1863027 2033217 1927776 1858756 2751056 2159320 1860059 2021835 1931520 1862479 1926136 1860003 1923708 1862036 2383696 1862201 1927144 1856735 1929967 1862833 2018377 1934263 1859408 1926449 1858682 1927305 2036697 1860142 1929862 1861962 2742456 2002936 1861566 2022804 1928644 1859411 1926791 1862388 1930855 1858592 2385523 1929981 1862682 1927653 1861055 1859894 2084020 1865550 1927141 1859837 1860607 2096665 1863398 1929711 1859035 1928157 2658590
! @  2015513 1929311 2018193 1862332 1929686 1858048 1927675 1861053 1862050 2384520 1929988 1861507 1927989 1860353 1928076 1860496 2029203 1930070 1859456 1930313 2036200 1860789 1928517 1861280 1928789 1860241 2812743 1930367 2020418 1931492 1857722 1861263 1929013 1861422 1927335 2385550 1860429 1929622 1860909 1931549 1862295 1931173 2026681 1861631 1930984 1864454 2035750 1933462 1860743 1927131 2018495 2655581 2096540 1861861 2019133 1932472 1860753 1928545 1859905 1929592 1859852 2384534 1863167 1928440 1861679 1928805 1861108 1928501 2024840 1862159 1931868 2034680 1929908 1861085 2142189 1862711 1926093 2662188 2019987 1928859 2024963 1862772 1930635 1862364 1926381 1859909 1929501 2381648 1863221 1859894 1925471 1861968 1928386 1859435 2023565 1928999 2036509 2036695 1862406 1860077
! @  1929173 1860248 1927280 2656972 2016782 1929002 2021598 1861974 1926486 1860598 1930350 1859525 1926816 2380148 1859832 1926876 1862417 1861506 1923398 1860976 2090310 2040597 1858815 1930731 1858539 1930260 1858944 1928081 1860344 1861231 2886565 1861088 2020675 1930316 1860899 1928461 1857581 1928608 1859183 2381967 1861437 1928315 1858908 1929931 1859256 1928148 2025157 2036495 1933069 1860155 1861718 1862886 2015975 1931123 1861451 1858559 2886841 1860195 2020816 1933805 1862823 1930285 1858388 1928582 1861403 2382092 1861886 1927779 1861177 1927356 1860216 1928610 2197641 1862593 1928866 1861846 1929921 1863045 1860027 1926949 1862654 1925623 2817012 1861286 2083420 1864735 1928339 1862336 1861573 1927577 1863276 2380579 1933120 1860566 1927364 1858659 1928496 1863549 2152765 1859669

---------------- Instructions ----------------

! @  1187105 1187105 1255044 1198510 1187105 1198510 1208880 1187105 1219684 1187105 1198510 1187105 1187105 1198510 1187105 1198510 1187105 1198510 1438538 1208793 1198510 1208494 1187105 1198510 1187105 1198510 1187105 1198510 1255289 1187105 1187105 1198654 1208484 1198510 1208502 1187105 1208980 1198480 1187078 1198480 1187078 1198480 1187078 1198480 1438499 1208384 1198480 1208471 1187138 1198480 1187078 1198480 1187078 1198480 1255001 1187078 1187078 1220010 1187078 1198480 1208249 1187078 1198480 1187078 1209630 1198480 1187078 1198480 1187078 1198480 1438499 1208518 1198480 1208464 1187116 1198540 1187132 1198540 1187132 1198540 1255080 1187132 1209166 1198540 1187132 1198540 1208532 1187132 1198540 1187132 1198540 1187132 1198540 1187132 1198540 1187132 1449985 1208444 1187132 1208524
! @  1198540 1187132 1198540 1187132 1198540 1187132 1255073 1209166 1198540 1187132 1226419 1187105 1219675 1187105 1198510 1187105 1187105 1198510 1187105 1198510 1187105 1198510 1438538 1208548 1198510 1208494 1198510 1187105 1187105 1198510 1187105 1198510 1255044 1209378 1187105 1198510 1187105 1198510 1230321 1187078 1198480 1187078 1198480 1187078 1187078 1198480 1187078 1198480 1438247 1219786 1187078 1208212 1198480 1187078 1198480 1187078 1187078 1198480 1255397 1209180 1198480 1187078 1187078 1198480 1208501 1198480 1187078 1198480 1187078 1187078 1198480 1187078 1198480 1187078 1449908 1208578 1187078 1208464 1198480 1187078 1198480 1187078 1198480 1187088 1258233 1198510 1187105 1198510 1187105 1198510 1187105 1208502 1198510 1187105 1198510 1187105 1198510 1187105 1187105 1198510
! @  1187105 1471000 1187105 1187105 1219899 1187105 1198510 1187105 1187105 1220783 1255265 1187105 1198510 1187105 1187105 1198510 1187105 1219938 1187105 1187105 1200618 1198510 1187105 1198510 1187105 1198510 1187105 1459847 1198510 1187105 1208980 1198510 1187105 1198510 1187105 1208780 1255751 1198510 1187105 1208891 1220321 1187078 1187078 1220108 1187078 1198480 1187078 1187078 1198480 1187078 1198480 1187078 1198480 1459939 1187078 1220352 1187078 1187078 1198480 1187078 1220745 1187078 1255739 1187078 1198480 1187078 1198480 1187078 1198480 1208987 1187078 1198480 1187078 1198480 1187078 1198480 1187078 1198480 1187078 1459805 1198480 1187078 1208950 1198480 1187078 1219974 1209233 1187078 1255487 1198480 1187078 1187078 1198490 1187105 1198510 1208736 1187105 1198510 1187105 1198510
! @  1187105 1198517 1187105 1198570 1187105 1459981 1198510 1187105 1208980 1198510 1187105 1220853 1187105 1198510 1255530 1187105 1187105 1198510 1187105 1198510 1187105 1209004 1198510 1187105 1198510 1187105 1198510 1187105 1198510 1187105 1198510 1459847 1187105 1198510 1208240 1187105 1198654 1208503 1198510 1187105 1255035 1208933 1198480 1187078 1187078 1198480 1187078 1219872 1187078 1187078 1198480 1187078 1198480 1187078 1198480 1187078 1198480 1459939 1187078 1198480 1208462 1187222 1219858 1187078 1198480 1187078 1255006 1187078 1198480 1187078 1198480 1187078 1198480 1208499 1187078 1198480 1187078 1198480 1187078 1198480 1187078 1187078 1198480 1459553 1198480 1187078 1208210 1208600 1198480 1187078 1198480 1187078 1255251 1198480 1187078 1187078 1198480 1187078 1198480 1208470
! @  1187078 1198478 1187105 1198510 1187105 1198510 1187105 1198510 1187105 1459981 1198510 1187105 1208636 1220143 1187105 1198510 1187105 1198510 1243882 1198510 1187105 1198510 1187105 1198510 1187105 1208277 1198510 1187105 1198510 1187112 1198570 1187105 1198510 1187105 1198510 1459974 1187105 1198510 1208636 1208738 1198510 1187105 1198510 1208930 1243849 1198480 1187078 1198480 1187078 1198480 1187078 1208470 1198480 1187078 1198480 1187078 1198480 1187078 1198480 1187078 1198480 1459805 1187078 1198624 1216999 1198480 1187078 1198480 1187078 1198480 1220595 1221482 1187078 1198480 1187078 1198480 1187078 1208247 1198480 1187078 1198480 1187078 1198480 1187078 1198480 1187078 1187078 1471341 1187078 1208852 1219864 1187078 1187078 1198480 1187078 1198480 1187078 1255006 1198480 1187078
! @  1187078 1198480 1187078 1219872 1187078 1198480 1187078 1187078 1198480 1187078 1198480 1187091 1198510 1459847 1208875 1198510 1208492 1187105 1198510 1187105 1198510 1187105 1198510 1243630 1198510 1187105 1198510 1187105 1198510 1208161 1187105 1198510 1214766 1198510 1187105 1198510 1187105 1198510 1187105 1460125 1209238 1198510 1208985 1198510 1187105 1208921 1198480 1187078 1232739 1209835 1198480 1187078 1198480 1187078 1198480 1208963 1187085 1198540 1187078 1198480 1187078 1198480 1187078 1198480 1187078 1481785 1187078 1198480 1208703 1187078 1198480 1187078 1198480 1187078 1198480 1255741 1187078 1198480 1187078 1198480 1187078 1208989 1198480 1187078 1198480 1187078 1198480 1187078 1187078 1198480 1187078 1474021 1187078 1198480 1208952 1187078 1198480 1187078 1198480 1187078
! @  1198480 1255496 1187078 1187078 1198480 1187078 1198480 1208960 1198480 1187078 1187078 1198480 1187078 1198480 1187078 1198480 1208752 1459529 1198480 1187078 1208719 1198510 1187105 1209173 1198510 1187105 1198510 1255777 1187105 1198510 1187105 1198510 1187105 1209019 1198510 1187105 1198510 1187105 1187105 1198510 1187105 1198510 1208535 1459823 1198510 1187105 1230816 1198480 1187078 1187078 1198480 1187078 1198480 1255741 1187078 1198480 1187078 1187078 1198480 1208708 1198480 1187078 1198480 1187078 1187078 1198480 1187078 1198624 1208606 1462968 1198480 1187078 1208952 1198480 1187078 1198480 1187078 1198480 1187078 1255741 1198480 1187078 1187078 1198487 1187138 1220391 1187078 1198480 1187078 1187078 1198480 1187078 1198624 1209255 1198480 1442267 1204616 1198480 1208952 1187078
! @  1198480 1187078 1198480 1187078 1198480 1244087 1198480 1187078 1198480 1187078 1198480 1208708 1187078 1198480 1187078 1198480 1187078 1198480 1209399 1187078 1198480 1440383 1206634 1198480 1208952 1198480 1187078 1198480 1187078 1187085 1198510 1255532 1187105 1198510 1187105 1198510 1187105 1209006 1198510 1187105 1198510 1187105 1198510 1187249 1208736 1198510 1187105 1451827 1228358 1187078 1208212 1198480 1187078 1198480 1187078 1198480 1187078 1255001 1187078 1198480 1187078 1198480 1187078 1208472 1198480 1187078 1198480 1187078 1198480 1208850 1187078 1198480 1187078 1451785 1206634 1187078 1208464 1198480 1187078 1198480 1187078 1198480 1187078 1255008 1198480 1187078 1198480 1187078 1187078 1219903 1187078 1198480 1187078 1187078 1220000 1187078 1198480 1187078 1198480 1438247
! @  1208384 1198480 1208212 1187078 1198480 1187078 1198480 1187078 1187078 1255253 1198487 1187138 1198480 1187078 1198480 1187078 1208472 1198480 1187078 1198624 1208454 1187078 1198480 1187078 1198480 1187078 1459805 1198480 1208464 1198480 1187078 1187078 1198480 1187078 1198480 1255008 1187078 1198480 1187085 1198540 1187132 1198540 1208309 1187132 1198540 1187276 1208766 1198540 1187132 1198540 1209002 1438452 1220284 1187105 1208494 1198510 1187105 1198510 1187105 1198510 1187105 1255289 1187105 1198510 1187105 1198510 1187105 1198510 1208502 1187105 1198654 1208753 1198510 1187105 1226362 1187078 1198480 1438499 1208384 1198480 1208464 1187078 1198480 1187078 1198480 1187078 1198480 1255001 1187078 1187078 1198480 1187078 1198480 1187078 1208249 1198480 1208830 1221035 1187078 1187078
! @  1198480 1187078 1198480 1438499 1208518 1198480 1208464 1187078 1198480 1187078 1198480 1187078 1198480 1255008 1187078 1198480 1187078 1187078 1198480 1187078 1219874 1209384 1187078 1198480 1187078 1198480 1187078 1198480 1187078 1187078 1471207 1187078 1208464 1198480 1187078 1198480 1187078 1198487 1187078 1255061 1187078 1198480 1187078 1198480 1187078 1198480 1208636 1209231 1198510 1187105 1187105 1187105 1208952 1198510 1187105 1187105 1471386 1187105 1208494 1198510 1187105 1198510 1187105 1198510 1187105 1255044 1187105 1198510 1187105 1198510 1187105 1198510 1230801 1187105 1198510 1187105 1198510 1187105 1187105 1198510 1187105 1198510 1459595 1187105 1219647 1187105 1198510 1187105 1187105 1198510 1187105 1255289 1198510 1187105 1198510 1187105 1198510 1187249 1228990 1187105

----------------------------------------------
