Usage (for mon_varbase_mul): ./cva6_x25519_rv64_ise_reduced.elf <an_integer> <another_integer>
Setting num_iters = 1000 , num_warmup_iters = 100

=============================================================
test_nop - nop_routine
=============================================================

-------------------- Cycles --------------------

! @  35 7 7 7 7 7 7 7 7 7 7 7 7 7 7 7 7 7 7 7 7 7 7 7 7 7 7 7 7 7 7 7 7 7 7 7 7 7 7 7 7 7 7 7 7 7 7 7 7 7 7 7 7 7 7 7 7 7 7 7 7 7 7 7 7 7 7 7 7 7 7 7 7 7 7 7 7 7 7 7 7 7 7 7 7 7 7 7 7 7 7 7 7 7 7 7 7 7 7 7

---------------- Instructions ----------------

! @  13 13 13 13 13 13 13 13 13 13 13 13 13 13 13 13 13 13 13 13 13 13 13 13 13 13 13 13 13 13 13 13 13 13 13 13 13 13 13 13 13 13 13 13 13 13 13 13 13 13 13 13 13 13 13 13 13 13 13 13 13 13 13 13 13 13 13 13 13 13 13 13 13 13 13 13 13 13 13 13 13 13 13 13 13 13 13 13 13 13 13 13 13 13 13 13 13 13 13 13

----------------------------------------------

=============================================================
test_gfp_arith - gfp mul
=============================================================

-------------------- Cycles --------------------

! @  155 125 125 125 125 125 125 125 125 125 125 125 125 125 125 125 125 125 125 125 125 125 125 125 125 125 125 125 125 125 125 125 125 125 125 125 125 125 125 125 125 125 125 125 125 125 125 125 125 125 125 125 125 125 125 125 125 125 125 125 125 125 125 125 125 125 125 125 125 125 125 125 125 125 125 125 125 125 125 125 125 125 125 125 125 125 125 125 125 125 125 125 125 125 125 125 125 125 125 125

---------------- Instructions ----------------

! @  107 107 107 107 107 107 107 107 107 107 107 107 107 107 107 107 107 107 107 107 107 107 107 107 107 107 107 107 107 107 107 107 107 107 107 107 107 107 107 107 107 107 107 107 107 107 107 107 107 107 107 107 107 107 107 107 107 107 107 107 107 107 107 107 107 107 107 107 107 107 107 107 107 107 107 107 107 107 107 107 107 107 107 107 107 107 107 107 107 107 107 107 107 107 107 107 107 107 107 107

----------------------------------------------

=============================================================
test_gfp_arith - gfp sqr
=============================================================

-------------------- Cycles --------------------

! @  116 84 84 84 84 84 84 84 84 84 84 84 84 84 84 84 84 84 84 84 84 84 84 84 84 84 84 84 84 84 84 84 84 84 84 84 84 84 84 84 84 84 84 84 84 84 84 84 84 84 84 84 84 84 84 84 84 84 84 84 84 84 84 84 84 84 84 84 84 84 84 84 84 84 84 84 84 84 84 84 84 84 84 84 84 84 84 84 84 84 84 84 84 84 84 84 84 84 84 84

---------------- Instructions ----------------

! @  79 79 79 79 79 79 79 79 79 79 79 79 79 79 79 79 79 79 79 79 79 79 79 79 79 79 79 79 79 79 79 79 79 79 79 79 79 79 79 79 79 79 79 79 79 79 79 79 79 79 79 79 79 79 79 79 79 79 79 79 79 79 79 79 79 79 79 79 79 79 79 79 79 79 79 79 79 79 79 79 79 79 79 79 79 79 79 79 79 79 79 79 79 79 79 79 79 79 79 79

----------------------------------------------

=============================================================
test_gfp_arith - gfp inv
=============================================================

-------------------- Cycles --------------------

! @  22197 22170 22170 22170 22170 22170 22170 22170 22170 22170 22170 47069 22303 22170 22170 22170 22170 22170 22170 22170 22170 22170 22170 22170 22170 22170 22170 22170 22170 22170 22170 22170 44526 22297 22170 22170 22170 22170 22170 22170 22170 22170 22170 22170 22170 22170 22170 22170 22170 22170 22170 22170 22170 43901 22244 22170 22170 22170 22170 22170 22170 22170 22170 22170 22170 22170 22170 22170 22170 22170 22170 22170 22170 22170 22170 43417 22188 22170 22170 22170 22170 22170 22170 22170 22170 22170 22170 22170 22170 22170 22170 22170 22170 22170 22170 22170 22170 43443 22170 22170

---------------- Instructions ----------------

! @  18580 18580 18580 18580 18580 18580 18580 18580 18580 18580 18580 23485 18580 18580 18580 18580 18580 18580 18580 18580 18580 18580 18580 18580 18580 18580 18580 18580 18580 18580 18580 18580 23485 18580 18580 18580 18580 18580 18580 18580 18580 18580 18580 18580 18580 18580 18580 18580 18580 18580 18580 18580 18580 23485 18580 18580 18580 18580 18580 18580 18580 18580 18580 18580 18580 18580 18580 18580 18580 18580 18580 18580 18580 18580 18580 23485 18580 18580 18580 18580 18580 18580 18580 18580 18580 18580 18580 18580 18580 18580 18580 18580 18580 18580 18580 18580 18580 23485 18580 18580

----------------------------------------------

=============================================================
test_gfp_arith - gfp add
=============================================================

-------------------- Cycles --------------------

! @  73 70 41 41 44 57 57 57 71 59 57 57 57 73 57 57 57 73 57 57 57 57 71 59 57 57 57 73 57 57 57 73 57 57 57 57 71 59 57 57 57 73 57 57 57 73 57 57 57 57 71 59 57 57 57 73 57 57 57 73 57 57 57 57 71 59 57 57 57 73 57 57 57 73 57 57 57 57 71 59 57 57 57 73 57 57 57 73 57 57 57 57 71 59 57 57 57 73 57 57

---------------- Instructions ----------------

! @  37 37 37 37 37 37 37 37 37 37 37 37 37 37 37 37 37 37 37 37 37 37 37 37 37 37 37 37 37 37 37 37 37 37 37 37 37 37 37 37 37 37 37 37 37 37 37 37 37 37 37 37 37 37 37 37 37 37 37 37 37 37 37 37 37 37 37 37 37 37 37 37 37 37 37 37 37 37 37 37 37 37 37 37 37 37 37 37 37 37 37 37 37 37 37 37 37 37 37 37

----------------------------------------------

=============================================================
test_gfp_arith - gfp sub
=============================================================

-------------------- Cycles --------------------

! @  76 44 44 44 44 51 56 69 75 44 49 56 56 72 56 56 56 56 69 59 56 56 56 56 72 56 56 56 56 69 59 56 56 56 56 72 56 56 56 56 69 59 56 56 56 56 72 56 56 56 56 69 59 56 56 56 56 72 56 56 56 56 69 59 56 56 56 56 72 56 56 56 56 69 59 56 56 56 56 72 56 56 56 56 69 59 56 56 56 56 72 56 56 56 56 69 59 56 56 56

---------------- Instructions ----------------

! @  46 46 46 46 46 46 46 46 46 46 46 46 46 46 46 46 46 46 46 46 46 46 46 46 46 46 46 46 46 46 46 46 46 46 46 46 46 46 46 46 46 46 46 46 46 46 46 46 46 46 46 46 46 46 46 46 46 46 46 46 46 46 46 46 46 46 46 46 46 46 46 46 46 46 46 46 46 46 46 46 46 46 46 46 46 46 46 46 46 46 46 46 46 46 46 46 46 46 46 46

----------------------------------------------

=============================================================
test_gfp_arith - gfp mul32
=============================================================

-------------------- Cycles --------------------

! @  81 49 49 49 49 49 49 52 57 57 57 57 73 57 57 57 57 72 58 57 57 57 57 73 57 57 57 57 72 58 57 61 50 55 73 57 57 57 57 72 58 57 57 57 57 73 57 57 57 57 72 58 57 57 57 57 73 57 57 57 57 72 58 57 57 57 57 73 57 57 57 57 72 58 57 57 57 57 73 57 57 57 57 72 58 57 57 57 57 73 57 57 57 57 72 58 57 57 57 57

---------------- Instructions ----------------

! @  44 44 44 44 44 44 44 44 44 44 44 44 44 44 44 44 44 44 44 44 44 44 44 44 44 44 44 44 44 44 44 44 44 44 44 44 44 44 44 44 44 44 44 44 44 44 44 44 44 44 44 44 44 44 44 44 44 44 44 44 44 44 44 44 44 44 44 44 44 44 44 44 44 44 44 44 44 44 44 44 44 44 44 44 44 44 44 44 44 44 44 44 44 44 44 44 44 44 44 44

----------------------------------------------

=============================================================
test_curve_arith - mon_ladder_step
=============================================================

-------------------- Cycles --------------------

! @  1589 1577 1605 1605 1605 1605 1605 1605 1605 1605 1605 1605 1605 1605 1605 1605 1605 1605 1605 30428 1606 1589 1589 1589 1589 1589 1589 1589 1589 1589 1589 1589 1589 1589 1589 1589 1589 1589 1589 1589 1589 1589 1589 1589 1589 1589 1589 1589 1589 1589 1589 1589 1589 1589 1589 1589 1589 1589 1589 1589 1589 1589 1589 1589 1589 1589 1589 1589 1589 1589 1589 1589 1589 1589 1589 1589 1589 1589 1589 1589 1589 1589 1589 1589 1589 1589 1589 1589 1589 1589 1589 1589 1589 1589 1589 1589 1589 1589 1589 1589
! @  1589 1589 1589 1589 1589 1589 1589 1589 1589 1589 1589 1589 1581 1589 1589 1589 1589 1589 1589 1589 1589 1589 1589 1589 1589 1589 1589 1589 1589 1589 1589 1589 1589 1589 1589 1589 1589 1589 1589 1589 1589 1589 1589 1589 1589 1589 1589 1589 1589 1589 1589 1589 1589 1589 1589 1589 1589 1589 1589 1589 1581 1589 1589 1589 1589 1589 1589 1589 1589 1589 1589 1589 1589 1589 1589 1589 1589 1589 1589 1589 1589 1589 1589 1589 1589 1589 1589 1589 1589 1589 1589 1589 1589 1589 1589 1589 1589 1589 1589 1589

---------------- Instructions ----------------

! @  1053 1053 1053 1053 1053 1053 1053 1053 1053 1053 1053 1053 1053 1053 1053 1053 1053 1053 1053 5958 1053 1053 1053 1053 1053 1053 1053 1053 1053 1053 1053 1053 1053 1053 1053 1053 1053 1053 1053 1053 1053 1053 1053 1053 1053 1053 1053 1053 1053 1053 1053 1053 1053 1053 1053 1053 1053 1053 1053 1053 1053 1053 1053 1053 1053 1053 1053 1053 1053 1053 1053 1053 1053 1053 1053 1053 1053 1053 1053 1053 1053 1053 1053 1053 1053 1053 1053 1053 1053 1053 1053 1053 1053 1053 1053 1053 1053 1053 1053 1053
! @  1053 1053 1053 1053 1053 1053 1053 1053 1053 1053 1053 1053 1053 1053 1053 1053 1053 1053 1053 1053 1053 1053 1053 1053 1053 1053 1053 1053 1053 1053 1053 1053 1053 1053 1053 1053 1053 1053 1053 1053 1053 1053 1053 1053 1053 1053 1053 1053 1053 1053 1053 1053 1053 1053 1053 1053 1053 1053 1053 1053 1053 1053 1053 1053 1053 1053 1053 1053 1053 1053 1053 1053 1053 1053 1053 1053 1053 1053 1053 1053 1053 1053 1053 1053 1053 1053 1053 1053 1053 1053 1053 1053 1053 1053 1053 1053 1053 1053 1053 1053

----------------------------------------------

=============================================================
ecdh correctness test
=============================================================
x25519: (alice <---> bob: rfc7748 test vectors)
- private keys:
  alice: 2A2CB91DA5FB77B12A99C0EB872F4CDF4566B25172C1163C7DA518730A6D0777
  bob  : EBE088FF278B2F1CFDB6182629B13B6FE60E80838B7FE1794B8A4A627E08AB5D
- public keys:
  alice: 6A4E9BAA8EA9A4EBF41A38260D3ABF0D5AF73EB4DC7D8B7454A7308909F02085
  bob  : 4F2B886F147EFCAD4D67785BC843833F3735E4ECC2615BD3B4C17D7B7DDB9EDE
- shared secrets:
  alice: 4217161E3C9BF076339ED147C9217EE0250F3580F43B8E72E12DCEA45B9D5D4A
  bob  : 4217161E3C9BF076339ED147C9217EE0250F3580F43B8E72E12DCEA45B9D5D4A
- results:[32m equal [0m
-------------------------------------------------------------
x25519: (carol <---> dave: random test vectors)
- private keys:
  carol: 593C88AA59876667470F7256DE31BF0187E11C7CDFBDF654FBE2FB4B6B817EC6
  dave : 363F1F8F99D95F8E761AE3CC987902DA5B65AE372F55543CD8A185D27B1356EA
- public keys:
  carol: 49335110A9BFAEE04B26E014C5B66C4F5332DD0449DB319E5CDA941E713B2A9D
  dave : 11286328E598CBF797EBDFC76708EA606825C43B99A8DB056015F0A03BC63CB1
- shared secrets:
  carol: 7EB837D18E3DF1CA004EA8BA446BE7E3EE56731E1641EF0A0A0FC3B12784468E
  dave : 7EB837D18E3DF1CA004EA8BA446BE7E3EE56731E1641EF0A0A0FC3B12784468E
- results:[32m equal [0m

=============================================================
test_mon_varbase_mul - mon_varbase_mul
=============================================================

-------------------- Cycles --------------------

! @  531383 531235 531215 531188 531321 531572 552946 1369762 544257 586284 534679 532132 531617 655989 542421 534577 532452 531949 531923 531181 552933 531510 531249 531175 531113 531169 531295 531565 531284 531634 531207 531467 531215 531248 531463 553096 531011 530949 531177 531134 531093 531257 530956 531092 531265 531133 531016 531322 531283 530921 553055 531126 530755 531304 531073 530990 531010 530906 531039 531772 531182 531281 531234 531349 531456 531263 553077 531199 531529 531084 531557 531266 531190 531228 530962 531204 531142 531178 531328 531310 531094 552555 531020 531076 531424 531407 531057 531197 532159 531199 531760 531260 531214 531106 531566 531324 603290 534651 532478 532138
! @  531836 531411 531329 1406716 541148 550240 534645 532097 531724 686615 535640 532302 532130 531576 531387 531385 531250 531450 531216 531141 531460 531560 531564 553103 531469 531561 531245 531386 531085 531227 531092 531476 531244 531566 531788 530790 531447 531171 531117 553036 531346 531112 531121 531351 531244 531134 531280 531445 531532 531353 530892 531348 530949 531120 552643 531092 531133 531357 531208 531189 531144 531370 531707 531283 531480 531354 531601 531422 531679 553134 531430 530878 531064 531297 531328 531170 531506 531307 531765 531214 532371 531221 531397 531295 531249 552932 531509 530924 531454 530902 531230 573228 539391 533778 532369 531705 531525 531531 1394294 544668
! @  540330 574752 532400 531326 654092 542190 534527 532875 531848 531743 531834 531493 552802 531144 531443 531465 531260 531629 530937 530998 531491 531012 531200 531173 531176 530760 531490 552611 531424 531390 531081 531090 530999 531416 531165 531412 531103 531060 531442 531016 530863 531443 601592 534513 532935 531819 531617 531522 531220 531129 531273 530831 531210 531311 531635 531400 552725 531211 530925 531305 531415 531026 531532 530795 531136 531040 531197 531267 531309 531285 531361 554001 531463 531260 531515 531317 531032 531074 531247 570623 539396 533506 531772 531998 531926 553524 531340 531002 531451 531448 530877 531824 531339 531030 1407495 540761 551049 534968 532547 531725
! @  687050 535128 532639 531660 531533 531242 531148 531238 531269 531624 531419 531386 531113 531137 552824 531483 531233 531117 531366 531262 531068 530842 531206 531521 530992 531291 531285 531179 531192 552365 531602 531132 531277 531421 531469 531269 530955 531211 531284 531248 531505 531331 531145 531502 553260 531315 531017 530809 531477 531419 531086 531546 531163 531246 531384 531410 531106 531075 531297 531183 552904 531441 531088 532218 531811 531353 531113 531078 531576 531059 531387 531657 531599 531319 530985 601927 534439 532633 532233 531897 531396 531439 531458 531444 531261 531181 530971 531357 552622 1369125 544290 551826 557749 532178 531283 655528 542918 534981 533042 531887
! @  531468 531275 552766 531061 531217 531154 531033 531025 531434 531282 531074 531366 531252 531184 531252 531172 531076 530999 552364 531624 530968 531506 531293 530871 531329 531446 531125 531349 531395 531181 531065 531582 531471 553214 531566 531523 531033 531548 531246 531374 531185 531405 531533 531397 531228 530906 531094 531227 552836 531165 531131 531351 531018 531659 530839 532241 531415 531490 530967 531186 531391 531227 531610 601353 534765 532872 531932 531443 531312 531075 531431 531307 530853 531132 530833 530996 531266 552940 531215 531190 531238 531175 531061 530816 531295 1397555 553378 535466 532944 531701 531155 654737 566384 533047 531619 531232 531572 531585 531201 531318
! @  531356 531016 530905 531334 531268 531334 531030 552842 531324 531142 531158 530863 531067 531301 531165 531151 531325 531307 531138 531600 530976 531159 552626 531349 531205 531445 531340 531032 531124 531283 531143 531316 531257 531327 531523 531169 531271 552851 531269 531284 531287 531024 531025 531044 531275 531127 531177 532668 531960 531685 531172 531205 531521 552904 531204 531411 531018 531287 572258 539699 533684 532415 531790 531654 531359 531492 553155 531386 531447 531078 531523 531336 530985 531281 531377 531202 530806 531345 531424 531542 531301 1403512 552693 535035 533256 554205 654329 542344 534597 532918 531737 531621 531478 531073 606535 534690 532191 531782 531391 531437
! @  531602 530965 531211 531193 531073 531176 531445 531239 531250 553148 531219 531319 531067 531354 531221 531108 531098 531490 530995 531044 531200 530878 531264 531259 552594 531512 530961 531441 531149 531034 531160 531461 531097 531284 530902 531318 531181 530952 531247 554052 531314 531009 531167 531241 531336 531334 571583 539588 533666 532064 531707 531564 531215 592341 539203 533783 532108 531603 531639 531357 531136 531408 531079 531042 531009 531568 531108 552556 531129 531246 531306 531239 531177 531282 531325 531222 1407969 541894 550642 534249 532554 531682 686846 535588 532999 532172 531741 531251 531533 531480 531441 531168 531479 531409 530944 531031 552996 531378 531292 531045
! @  530948 531367 530934 531524 531100 531465 531133 531548 531199 531012 531007 553063 531098 531405 531092 531360 531434 531598 531325 531236 531164 531362 531365 531409 531441 531195 552969 531246 531494 531178 532406 531323 531059 531389 531558 531503 531156 531401 531336 531512 531040 593658 540550 534236 533024 531384 531406 531362 531414 531579 531533 530881 531211 531351 531286 551924 531334 531375 531210 531169 531398 531704 531367 531155 530990 531486 531235 530879 531200 531202 552632 1369963 544697 551149 557326 532038 531328 656434 542441 534120 532359 531702 531388 531523 552605 531534 531236 531023 531248 531577 531258 531281 530881 531106 531104 531183 531035 531163 531125 553060
! @  531238 531627 531309 531424 531410 531028 531214 531311 531415 531210 530900 531029 531530 530891 531339 552708 531337 531378 531144 530717 531318 531036 532421 531675 531595 531333 530982 531432 531384 531350 600640 534884 532664 532051 531548 531481 531511 531081 531500 530805 531491 531046 531232 531295 553018 531396 531142 531294 531140 531055 531370 531348 531353 530927 530955 531372 531290 531239 531448 552870 531267 531146 530997 531076 531364 531057 531180 1398107 552072 535579 533196 531727 531625 655468 566849 532974 532289 531674 531463 531549 531736 531334 531327 531512 531431 531071 531105 531690 552889 531140 531302 531122 531265 531264 531021 530887 531207 531175 531262 531217
! @  531455 531286 531444 531350 553079 531188 531294 531482 531629 531145 531551 531456 531301 531422 532412 531618 531203 531090 531512 552911 531403 531172 531459 531178 531022 573067 539460 534045 532029 531387 531564 531134 552762 531185 531365 530891 531286 531305 530969 531447 531151 531267 531222 531153 530872 531180 531191 531014 552797 531055 531141 530932 531179 531118 530915 531258 531133 531418 531462 531474 531236 531266 531328 1400604 552594 535491 554165 531357 655043 542703 534324 532189 531419 531259 531514 531182 531292 552560 531384 531325 531101 531314 531189 531103 531290 531482 530975 531016 531598 531039 531278 531356 553001 531327 531145 531425 530895 531026 530875 531217

---------------- Instructions ----------------

! @  313525 313525 313525 313525 313525 313525 318430 521403 314880 323043 313525 313525 313525 334546 313525 313525 313525 313525 313525 313525 318430 313525 313525 313525 313525 313525 313525 313525 313525 313525 313525 313525 313525 313525 313525 318430 313525 313525 313525 313525 313525 313525 313525 313525 313525 313525 313525 313525 313525 313525 318430 313525 313525 313525 313525 313525 313525 313525 313525 313525 313525 313525 313525 313525 313525 313525 318430 313525 313525 313525 313525 313525 313525 313525 313525 313525 313525 313525 313525 313525 313525 318430 313525 313525 313525 313525 313525 313525 313605 313525 313525 313525 313525 313525 313525 313525 324787 313525 313525 313525
! @  313525 313525 313525 527351 314880 316927 313525 313525 313525 339407 313525 313525 313525 313525 313525 313525 313525 313525 313525 313525 313525 313525 313525 318430 313525 313525 313525 313525 313525 313525 313525 313525 313525 313525 313525 313525 313525 313525 313525 318430 313525 313525 313525 313525 313525 313525 313525 313525 313525 313525 313525 313525 313525 313525 318430 313525 313525 313525 313525 313525 313525 313525 313525 313525 313525 313525 313525 313525 313525 318430 313525 313525 313525 313525 313525 313525 313525 313525 313525 313525 313605 313525 313525 313525 313525 318430 313525 313525 313525 313525 313525 319877 313525 313525 313525 313525 313525 313525 525847 315024
! @  314880 321976 313525 313525 334379 313525 313525 313525 313525 313525 313525 313525 318430 313525 313525 313525 313525 313525 313525 313525 313525 313525 313525 313525 313525 313525 313525 318430 313525 313525 313525 313525 313525 313525 313525 313525 313525 313525 313525 313525 313525 313525 324686 313525 313525 313525 313525 313525 313525 313525 313525 313525 313525 313525 313525 313525 318430 313525 313525 313525 313525 313525 313525 313525 313525 313525 313525 313525 313525 313525 313525 318510 313525 313525 313525 313534 313525 313525 313525 319801 313525 313525 313525 313525 313525 318471 313525 313525 313525 313525 313525 313525 313525 313525 527201 314880 317150 313525 313525 313525
! @  339442 313525 313525 313525 313525 313525 313525 313525 313525 313525 313525 313525 313525 313525 318430 313525 313525 313525 313525 313525 313525 313525 313525 313525 313525 313525 313525 313525 313525 318430 313525 313525 313525 313525 313525 313525 313525 313525 313525 313525 313525 313525 313525 313525 318430 313525 313525 313525 313525 313525 313525 313525 313525 313525 313525 313525 313525 313525 313525 313525 318430 313525 313525 313605 313525 313525 313525 313525 313525 313525 313525 313525 313525 313525 313525 324703 313525 313525 313525 313525 313525 313525 313525 313525 313525 313525 313525 313525 318430 520942 314880 317071 318430 313525 313525 334459 313525 313525 313525 313525
! @  313525 313525 318430 313525 313525 313525 313525 313525 313525 313525 313525 313525 313525 313525 313525 313525 313525 313525 318430 313525 313525 313525 313525 313525 313525 313525 313525 313525 313525 313525 313525 313525 313525 318430 313525 313525 313525 313525 313525 313525 313525 313525 313525 313525 313525 313525 313525 313525 318430 313525 313525 313525 313525 313525 313525 313605 313525 313525 313525 313525 313525 313525 313525 324871 313525 313525 313525 313525 313525 313525 313525 313525 313525 313525 313525 313525 313525 318430 313525 313525 313525 313525 313525 313525 313525 527203 317071 313525 313525 313525 313525 334460 318430 313525 313525 313525 313525 313525 313525 313525
! @  313525 313525 313525 313525 313525 313525 313525 318430 313525 313525 313525 313525 313525 313525 313525 313525 313525 313525 313525 313525 313525 313525 318430 313525 313525 313525 313525 313525 313525 313525 313525 313525 313525 313525 313525 313525 313525 318430 313525 313525 313525 313525 313525 313525 313525 313525 313525 313605 313525 313525 313525 313525 313525 318430 313525 313525 313525 313525 319660 313525 313525 313525 313525 313525 313525 313525 318430 313525 313525 313525 313525 313525 313525 313525 313525 313525 313525 313525 313525 313525 313525 527208 317150 313525 313525 318430 334379 313525 313525 313525 313525 313525 313525 313525 325281 313525 313525 313525 313525 313525
! @  313525 313525 313525 313525 313525 313525 313525 313525 313525 318430 313525 313525 313525 313525 313525 313525 313525 313525 313525 313525 313525 313525 313525 313525 318430 313525 313525 313525 313525 313525 313525 313525 313525 313525 313525 313525 313525 313525 313525 318510 313525 313525 313525 313525 313525 313525 319969 313525 313525 313525 313525 313525 313525 324845 313525 313525 313525 313525 313525 313525 313525 313525 313525 313525 313525 313525 313525 318430 313525 313525 313525 313525 313525 313525 313525 313525 527489 314880 317071 313525 313525 313525 339373 313525 313525 313525 313525 313525 313525 313525 313525 313525 313525 313525 313525 313525 318430 313525 313525 313525
! @  313525 313525 313525 313525 313525 313525 313525 313525 313525 313525 313525 318430 313525 313525 313525 313525 313525 313525 313525 313525 313525 313525 313525 313525 313525 313525 318430 313525 313525 313525 313605 313525 313525 313525 313525 313534 313525 313525 313525 313525 313525 324782 313525 313525 313566 313525 313525 313525 313525 313525 313525 313525 313525 313525 313525 318430 313525 313525 313525 313525 313525 313525 313525 313525 313525 313525 313525 313525 313525 313525 318430 520959 315024 316927 318430 313525 313525 334430 313525 313525 313525 313525 313525 313525 318430 313525 313525 313525 313525 313525 313525 313525 313525 313525 313525 313525 313525 313525 313525 318430
! @  313525 313525 313525 313525 313525 313525 313525 313525 313525 313525 313525 313525 313525 313525 313525 318430 313525 313525 313525 313525 313525 313525 313605 313525 313525 313525 313525 313525 313525 313525 324721 313525 313525 313525 313525 313525 313525 313525 313525 313525 313525 313525 313525 313525 318430 313525 313525 313525 313525 313525 313525 313525 313525 313525 313525 313525 313525 313525 313525 318430 313525 313525 313525 313525 313525 313525 313525 527203 316927 313525 313525 313525 313525 334615 318430 313525 313525 313525 313525 313525 313525 313525 313525 313525 313525 313525 313525 313525 318430 313525 313525 313525 313525 313525 313525 313525 313525 313525 313525 313525
! @  313525 313525 313525 313525 318430 313525 313525 313525 313525 313525 313525 313525 313525 313525 313605 313525 313525 313525 313525 318430 313525 313525 313525 313525 313525 319980 313525 313525 313525 313525 313525 313525 318430 313525 313525 313525 313525 313525 313525 313525 313525 313525 313525 313525 313525 313525 313525 313525 318430 313525 313525 313525 313525 313525 313525 313525 313525 313525 313525 313525 313525 313525 313525 527204 317071 313525 318430 313525 334550 313525 313525 313525 313525 313525 313525 313525 313525 318430 313525 313525 313525 313525 313525 313525 313525 313525 313525 313525 313525 313525 313525 313525 318430 313525 313525 313525 313525 313525 313525 313525

----------------------------------------------
