Usage (for mon_varbase_mul and test_scott): ./cva6_x25519_rv32_ise_full.elf <an_integer> <another_integer>
Setting num_iters = 1000 , num_warmup_iters = 100

=============================================================
test_nop - nop_routine
=============================================================

-------------------- Cycles --------------------

! @  44 13 13 13 13 13 13 13 13 13 13 13 13 13 13 13 13 13 13 13 13 13 13 13 13 13 13 13 13 13 13 13 13 13 13 13 13 13 13 13 13 13 13 13 13 13 13 13 13 13 13 13 13 13 13 13 13 13 13 13 13 13 13 13 13 13 13 13 13 13 13 13 13 13 13 13 13 13 13 13 13 13 13 13 13 13 13 13 13 13 13 13 13 13 13 13 13 13 13 13

---------------- Instructions ----------------

! @  25 25 25 25 25 25 25 25 25 25 25 25 25 25 25 25 25 25 25 25 25 25 25 25 25 25 25 25 25 25 25 25 25 25 25 25 25 25 25 25 25 25 25 25 25 25 25 25 25 25 25 25 25 25 25 25 25 25 25 25 25 25 25 25 25 25 25 25 25 25 25 25 25 25 25 25 25 25 25 25 25 25 25 25 25 25 25 25 25 25 25 25 25 25 25 25 25 25 25 25

----------------------------------------------

=============================================================
test_gfp_arith - gfp mul
=============================================================

-------------------- Cycles --------------------

! @  487 436 436 462 436 461 436 461 436 461 436 461 436 461 436 461 436 461 436 461 436 461 436 461 436 461 74574 1646 436 461 436 461 436 463 436 461 436 461 436 468 436 461 436 461 436 468 436 461 436 461 436 468 436 461 436 461 436 468 436 461 436 461 436 468 436 461 436 461 436 468 436 461 436 461 436 468 436 461 436 461 436 468 436 461 436 461 436 468 436 461 436 461 436 468 436 461 436 461 436 468

---------------- Instructions ----------------

! @  344 344 344 344 344 344 344 344 344 344 344 344 344 344 344 344 344 344 344 344 344 344 344 344 344 344 11749 344 344 344 344 344 344 344 344 344 344 344 344 344 344 344 344 344 344 344 344 344 344 344 344 344 344 344 344 344 344 344 344 344 344 344 344 344 344 344 344 344 344 344 344 344 344 344 344 344 344 344 344 344 344 344 344 344 344 344 344 344 344 344 344 344 344 344 344 344 344 344 344 344

----------------------------------------------

=============================================================
test_gfp_arith - gfp sqr
=============================================================

-------------------- Cycles --------------------

! @  377 358 358 384 358 385 358 384 358 384 358 384 358 384 358 384 358 384 358 386 358 384 358 384 358 384 358 384 358 384 358 386 358 387 358 384 358 384 358 384 358 385 358 384 358 384 358 384 358 390 358 384 358 384 358 384 358 386 358 384 358 384 358 384 358 390 358 384 358 384 358 384 358 386 358 384 358 384 358 384 358 390 358 384 358 384 358 384 358 386 358 384 358 384 358 384 358 390 358 384

---------------- Instructions ----------------

! @  298 298 298 298 298 298 298 298 298 298 298 298 298 298 298 298 298 298 298 298 298 298 298 298 298 298 298 298 298 298 298 298 298 298 298 298 298 298 298 298 298 298 298 298 298 298 298 298 298 298 298 298 298 298 298 298 298 298 298 298 298 298 298 298 298 298 298 298 298 298 298 298 298 298 298 298 298 298 298 298 298 298 298 298 298 298 298 298 298 298 298 298 298 298 298 298 298 298 298 298

----------------------------------------------

=============================================================
test_gfp_arith - gfp inv
=============================================================

-------------------- Cycles --------------------

! @  157537 157273 93009 156533 157431 93074 157927 157085 92965 157168 157417 92966 157488 157383 156158 94500 157020 157407 93080 157140 157711 93019 157438 157310 93028 156799 157167 92988 157050 156773 92978 157371 156842 157786 93046 157023 157415 93037 157054 156901 93027 156996 157481 92996 157558 157743 92937 157028 156933 157517 93021 157404 157550 93086 157580 157297 93033 157064 157753 92962 156982 157454 92945 157573 157823 156722 93778 157070 156970 93134 159850 157675 93066 350248 160804 93025 157623 158318 92948 157477 157672 92917 157620 422019 166616 330217 93188 159966 158722 93058 158587 157287 93002 157282 157136 92963 157097 157637 157668 93012

---------------- Instructions ----------------

! @  85050 85050 73645 85050 85050 73645 85050 85050 73645 85050 85050 73645 85050 85050 85050 73645 85050 85050 73645 85050 85050 73645 85050 85050 73645 85050 85050 73645 85050 85050 73645 85050 85050 85050 73645 85050 85050 73645 85050 85050 73645 85050 85050 73645 85050 85050 73645 85050 85050 85050 73645 85050 85050 73645 85050 85050 73645 85050 85050 73645 85050 85050 73645 85050 85050 85050 73645 85050 85050 73645 85194 85050 73645 109586 85050 73645 85050 85050 73645 85050 85050 73645 85050 118544 85149 107956 73645 85050 85050 73645 85050 85050 73645 85050 85050 73645 85050 85050 85050 73645

----------------------------------------------

=============================================================
test_gfp_arith - gfp add
=============================================================

-------------------- Cycles --------------------

! @  147 94 94 95 94 95 94 95 94 95 94 95 94 95 94 95 94 95 94 95 94 94 94 94 94 94 94 95 94 95 94 95 94 95 94 95 94 95 94 95 94 95 94 95 94 95 94 95 94 95 94 94 94 95 94 95 94 95 94 95 94 95 94 95 94 95 94 95 94 95 94 95 94 95 94 95 94 95 94 95 94 96 94 95 94 95 94 94 94 94 94 94 94 95 94 95 94 95 94 95

---------------- Instructions ----------------

! @  93 93 93 93 93 93 93 93 93 93 93 93 93 93 93 93 93 93 93 93 93 93 93 93 93 93 93 93 93 93 93 93 93 93 93 93 93 93 93 93 93 93 93 93 93 93 93 93 93 93 93 93 93 93 93 93 93 93 93 93 93 93 93 93 93 93 93 93 93 93 93 93 93 93 93 93 93 93 93 93 93 93 93 93 93 93 93 93 93 93 93 93 93 93 93 93 93 93 93 93

----------------------------------------------

=============================================================
test_gfp_arith - gfp sub
=============================================================

-------------------- Cycles --------------------

! @  135 106 106 106 106 107 106 107 106 107 106 107 106 107 106 107 106 107 106 107 106 107 106 107 106 107 106 107 106 106 106 107 106 108 106 107 106 107 106 107 106 107 106 107 106 107 106 107 106 107 106 107 106 107 106 107 106 107 106 107 106 107 106 107 106 107 106 107 106 106 106 107 495 107 106 107 106 107 106 107 106 107 106 107 106 107 106 106 106 107 106 107 106 107 106 107 106 107 106 107

---------------- Instructions ----------------

! @  113 113 113 113 113 113 113 113 113 113 113 113 113 113 113 113 113 113 113 113 113 113 113 113 113 113 113 113 113 113 113 113 113 113 113 113 113 113 113 113 113 113 113 113 113 113 113 113 113 113 113 113 113 113 113 113 113 113 113 113 113 113 113 113 113 113 113 113 113 113 113 113 113 113 113 113 113 113 113 113 113 113 113 113 113 113 113 113 113 113 113 113 113 113 113 113 113 113 113 113

----------------------------------------------

=============================================================
test_gfp_arith - gfp mul32
=============================================================

-------------------- Cycles --------------------

! @  132 86 86 86 86 86 86 86 86 86 86 86 86 86 86 86 86 86 86 88 86 86 86 86 86 86 86 86 86 86 86 86 86 86 86 87 86 86 86 86 86 86 86 87 86 86 86 86 86 86 86 88 86 86 86 86 86 86 86 86 86 86 86 86 86 86 86 86 86 86 86 86 86 86 86 86 86 86 86 86 86 86 86 86 86 86 86 86 86 86 86 86 86 86 86 86 86 86 86 86

---------------- Instructions ----------------

! @  85 85 85 85 85 85 85 85 85 85 85 85 85 85 85 85 85 85 85 85 85 85 85 85 85 85 85 85 85 85 85 85 85 85 85 85 85 85 85 85 85 85 85 85 85 85 85 85 85 85 85 85 85 85 85 85 85 85 85 85 85 85 85 85 85 85 85 85 85 85 85 85 85 85 85 85 85 85 85 85 85 85 85 85 85 85 85 85 85 85 85 85 85 85 85 85 85 85 85 85

----------------------------------------------

=============================================================
test_curve_arith - mon_ladder_step
=============================================================

-------------------- Cycles --------------------

! @  4376 4433 4346 4375 80546 5008 4346 4367 4346 4367 4346 4367 4346 4367 4346 4367 4346 4367 4346 4367 4346 4367 4346 4367 4346 4367 4346 4368 4346 4367 4346 4367 73352 4607 4366 4367 4346 4367 4346 4367 4346 4375 4346 4367 4346 4368 4346 4367 4346 4375 4346 4367 4346 4367 4346 4367 4346 4367 4346 4369 4346 4367 71239 4428 4346 4367 4346 4367 4346 4367 4346 4367 4346 4367 4346 4367 4346 4367 4346 4367 4346 4367 4346 4367 4346 4367 4346 4367 4346 4367 4346 4367 71348 4433 4346 4367 4346 4367 4346 4367
! @  4346 4367 4346 4367 4346 4367 4346 4367 4346 4367 4346 4367 4346 4367 4346 4367 4346 4367 4346 4367 4346 4367 70444 4490 4346 4367 4346 4367 4346 4367 4346 4367 4346 4373 4346 4367 4346 4367 4346 4367 4346 4367 4346 4369 4346 4367 4346 4367 4346 4367 4346 4367 70097 4564 4346 4367 4346 4367 4346 4367 4346 4367 4346 4368 4346 4368 4346 4367 4346 4367 4346 4367 4346 4367 4346 4367 4346 4368 4346 4367 4346 4367 4346 6813 4418 4361 4346 4367 4346 4368 4346 4367 4346 4367 4346 4367 4346 4367 4346 4367

---------------- Instructions ----------------

! @  3443 3443 3443 3443 14848 3443 3443 3443 3443 3443 3443 3443 3443 3443 3443 3443 3443 3443 3443 3443 3443 3443 3443 3443 3443 3443 3443 3443 3443 3443 3443 3443 14848 3443 3443 3443 3443 3443 3443 3443 3443 3443 3443 3443 3443 3443 3443 3443 3443 3443 3443 3443 3443 3443 3443 3443 3443 3443 3443 3443 3443 3443 14848 3443 3443 3443 3443 3443 3443 3443 3443 3443 3443 3443 3443 3443 3443 3443 3443 3443 3443 3443 3443 3443 3443 3443 3443 3443 3443 3443 3443 3443 14848 3443 3443 3443 3443 3443 3443 3443
! @  3443 3443 3443 3443 3443 3443 3443 3443 3443 3443 3443 3443 3443 3443 3443 3443 3443 3443 3443 3443 3443 3443 14848 3443 3443 3443 3443 3443 3443 3443 3443 3443 3443 3443 3443 3443 3443 3443 3443 3443 3443 3443 3443 3443 3443 3443 3443 3443 3443 3443 3443 3443 14848 3443 3443 3443 3443 3443 3443 3443 3443 3443 3443 3443 3443 3443 3443 3443 3443 3443 3443 3443 3443 3443 3443 3443 3443 3443 3443 3443 3443 3443 3443 14848 3443 3443 3443 3443 3443 3443 3443 3443 3443 3443 3443 3443 3443 3443 3443 3443

----------------------------------------------

=============================================================
ecdh correctness test
=============================================================
x25519: (alice <---> bob: rfc7748 test vectors)
- private keys:
  alice: 2A2CB91DA5FB77B12A99C0EB872F4CDF4566B25172C1163C7DA518730A6D0777
  bob  : EBE088FF278B2F1CFDB6182629B13B6FE60E80838B7FE1794B8A4A627E08AB5D
- public keys:
  alice: 6A4E9BAA8EA9A4EBF41A38260D3ABF0D5AF73EB4DC7D8B7454A7308909F02085
  bob  : 4F2B886F147EFCAD4D67785BC843833F3735E4ECC2615BD3B4C17D7B7DDB9EDE
- shared secrets:
  alice: 4217161E3C9BF076339ED147C9217EE0250F3580F43B8E72E12DCEA45B9D5D4A
  bob  : 4217161E3C9BF076339ED147C9217EE0250F3580F43B8E72E12DCEA45B9D5D4A
- results:[32m equal [0m
-------------------------------------------------------------
x25519: (carol <---> dave: random test vectors)
- private keys:
  carol: 593C88AA59876667470F7256DE31BF0187E11C7CDFBDF654FBE2FB4B6B817EC6
  dave : 363F1F8F99D95F8E761AE3CC987902DA5B65AE372F55543CD8A185D27B1356EA
- public keys:
  carol: 49335110A9BFAEE04B26E014C5B66C4F5332DD0449DB319E5CDA941E713B2A9D
  dave : 11286328E598CBF797EBDFC76708EA606825C43B99A8DB056015F0A03BC63CB1
- shared secrets:
  carol: 7EB837D18E3DF1CA004EA8BA446BE7E3EE56731E1641EF0A0A0FC3B12784468E
  dave : 7EB837D18E3DF1CA004EA8BA446BE7E3EE56731E1641EF0A0A0FC3B12784468E
- results:[32m equal [0m

=============================================================
test_mon_varbase_mul - mon_varbase_mul
=============================================================

-------------------- Cycles --------------------

! @  1845221 1848111 1910928 1848490 1914644 1846930 1848638 2730103 1988832 1847143 2006776 1848688 1914060 1850402 2020691 1912474 1848056 2372311 2004774 1846492 1913468 1845222 1846376 1996670 1927946 1847096 1849309 1950040 1849081 1912978 1850503 1915188 1846836 1848145 2807395 1915167 1847549 2007003 1850343 2091184 1846384 1846680 1912855 2302592 1918071 1847133 1914672 1847121 1847848 1911737 2012217 1848343 1848678 1914494 1847810 1914270 1849831 1847973 1910314 1847450 2809550 1849579 1912589 2010445 1851412 2021717 1913879 1847623 1848822 1913050 2372126 1847805 1846690 1913930 1843655 1848108 2008375 1914268 1847083 1914049 1847661 1845396 1913261 1845589 1848019 1915042 2666631 1991470 1847823 2076437 2025282 1849562 1846449 1913434 1846779 1913519 2306312 1914726 1849388 2018224
! @  1914997 1846216 2006397 1855313 1912105 1848500 1847368 1914835 1845962 1846335 1914364 1846478 1913121 2802810 1850494 1846356 2184625 1915537 1847389 1845665 1913487 2005086 2304373 1915600 1848549 1916005 1848529 1844989 1915208 2009493 1848506 1848149 1911199 1848359 1845771 1913640 1845939 1843990 1913748 2807462 1849700 1918588 2073719 1915215 1846745 2020181 1847494 1915483 2186138 2028970 1846044 1914368 1847269 1848553 1911923 2012603 1846923 1913560 1845140 1846725 1910979 1848186 1847807 1911934 1847507 2795309 1855835 2087591 2009859 1849333 1847613 1914827 1844339 1846266 1914401 2373175 1850604 1847771 1912443 1847035 1847114 2004927 1919345 1846184 1849593 1913107 1846878 1912310 1847006 1845315 1915629 1846957 2810779 2023976 2005527 1918335 1847812 1848019 1913898 1846798
! @  1847453 2368156 1915815 1847264 1847468 1913116 1845834 1847894 2012776 1914438 1845372 1917233 1846738 1848673 1915518 1844476 1848612 1912116 2807025 2020153 1847010 2010407 1912832 1850387 2003920 1848338 1912277 2187130 2029259 1847020 1912056 1845270 1843857 1914311 2011427 1846360 1848788 1913585 1847391 1847116 1848623 1847231 1914528 1846941 2800402 2024246 1845899 2077804 1849596 1846575 1913400 1846396 1847196 1913126 2304582 1912817 1847512 1913277 1847546 1845220 2003044 1918093 1845912 1848514 1914778 1845972 1848221 1914180 1847823 1912927 1853194 2827894 1847507 1995188 1925754 1845136 1913388 1847433 1846355 1914947 2298718 1918797 1847102 1849612 1845039 1846957 1914783 2011901 1847934 1848254 1913228 1845598 1848174 1912703 1846408 1848477 2088618 2805510 1847443 1847799
! @  2009682 1913582 1847545 1915163 1847210 1848740 1912779 2303236 1913913 1847665 1849520 1848098 1848140 2009949 1913894 1848281 1846872 1914448 1847857 1846921 1911221 1846942 2007910 2765546 1972621 1847326 2161112 1850445 1912615 1847834 1849762 1913896 1846279 2369221 1848321 1847005 1912283 1848641 1915869 2002165 1852957 1846100 1912257 1875405 1915080 1847329 1846171 1915846 2019635 1848460 2807138 1913699 2000955 1854039 1848032 1914345 1847116 1847708 1912700 2367986 1849928 1846941 1914541 1847533 1847340 1913560 2011079 1846515 1846656 1848872 1846151 1912303 1845717 2020745 1852651 1915573 2802938 1847918 1914287 2010825 1847056 1847945 1912998 1846463 1850036 1910950 2368982 1846542 1848819 1913477 1849294 1847016 2008651 1913476 1847202 1845970 2096939 1849825 1847897 2088396
! @  1848721 1849458 2796449 1922722 1848274 2008482 1916097 1843396 1845081 1915593 1847449 1847397 2371301 1847992 1915125 1845262 1912955 1848706 2005417 1850990 1914704 1849208 1848759 1913239 1848638 2022399 1917033 1848328 1846616 2961821 1849733 2004401 1918145 1846294 1913832 1846512 1847023 1913231 2303830 1919648 1846660 1911467 1847366 1846964 1914047 2009637 1846862 1846860 1913520 1846379 1852443 2088056 1847169 1848020 1912280 2812007 1847960 1912397 2014141 1846955 1847539 1914273 1845883 1847437 2180238 2101521 1847625 1847149 1913677 1845218 1845607 2011663 1914809 1847405 1846655 1911203 2024513 1848472 1915192 1845755 1848725 2798369 1924012 1847876 2013627 1915078 1848062 2015756 1852318 1847241 1846935 2369414 1848150 1912869 1847802 1847136 1914618 2005466 1851840 1913876
! @  1846585 1853969 2019251 1911955 1846706 1846316 1914221 2645062 2005812 1913394 2007914 1851872 1847575 1911198 1846681 1846616 1912701 2371023 1847997 1849117 1914701 1847222 1846770 1911603 2009604 1846479 1916433 1848955 2020660 1847606 1913252 1847209 1996775 1853637 2898980 1847468 1847047 2075244 1847599 1847466 1911453 1848384 1848195 2189353 2027712 1912638 1845695 1846893 1913785 1847023 2008679 1913947 1846948 2022570 1847683 1914747 1845371 1913633 1848491 1847575 2805518 1917510 1848592 2010961 1915017 1847359 1846830 1914802 1848882 1848021 2370332 1848508 1913829 1847604 1915577 1845294 2008727 1850006 1917871 2017057 1847203 1917368 1846567 1847172 1912711 1848948 2651319 2003738 1914732 2007494 1852782 1911175 1848249 1848762 1912067 1846434 2368352 1848116 1845976 1912506
! @  1846510 1913054 1846596 2010929 2023296 1913298 1848112 1847011 1911361 1847863 1847479 1913759 1844179 2810865 1846564 1914736 2011087 1848545 1914994 1848977 1847941 1914594 2187272 2031149 1847472 1914313 1849172 1846998 1915067 2010404 1852126 2021140 1913990 1846699 1846278 1999954 1915855 1848208 1847238 2797417 1916810 1845983 2011285 1912714 1846794 1846533 1914717 1848147 1846755 2368863 1847486 1914472 1845690 1845588 1850164 2012432 2022036 1848899 1912727 2021857 1847517 1913089 1846801 1845137 1913975 2664782 1986943 1915909 2010981 1848426 1845880 1914811 1846326 1847514 1914105 2372334 1848519 1847086 1912698 1848100 1846867 1917773 2071463 1911245 1846774 1846712 1911165 1847261 1847746 1913047 1850374 1846255 2878879 1846802 1847907 2011578 1915929 1846973 1846656 1913969
! @  1849617 2190149 2029210 1915388 1847787 1847167 1912887 2022984 2012668 1846233 1914587 1845692 1847056 1913063 1845975 1848896 1914032 1846884 2797358 1917620 1847933 2012560 1850323 1915724 1849221 1849238 1913694 1848680 2371950 1849676 1913583 1849034 1847806 2082165 2015762 1848325 1850216 1915764 2006008 1848599 1915736 1848782 1848426 1913364 2669802 1988690 1845813 2076871 1845640 1848274 1914284 1849910 1846164 1913151 2307576 1916322 1846541 1915369 1849875 2211317 2005090 1851000 1914600 1847093 1916756 1847325 1847466 1912117 1846783 1847165 1913749 2809446 1847506 1847526 2073247 1847112 1849045 1911868 1846995 1845242 2366381 1851891 1910273 1846448 2023834 1915446 1844050 2011167 1849126 1911564 1848914 1913965 1846302 1848559 1911704 1848526 1847682 2809388 1916415 1848445
! @  2007183 1914888 1846241 1847816 1914296 1847406 1847678 2372014 1847816 1915779 2022591 1849065 1912166 2008520 1847324 1914247 1847193 1845816 1914235 1846679 1848737 1912939 1844200 2664677 1984751 1914733 2005943 1849916 1847783 1911775 1847734 1915013 1848746 2373220 1848511 1854003 2020625 1847839 1846184 1993552 1926134 2003834 1847812 1913542 1848002 1846920 1912761 1847866 1847344 1916025 2803325 1848160 1847509 2011410 1912082 1848060 1913966 1846131 1846960 2360108 1853772 1916753 2019300 1845141 1915312 1845833 2006855 1845174 1912097 1848250 1847242 1911930 1844463 1851205 1914293 1847094 2830881 1915158 1848168 2008394 1916246 1848394 1848803 1911791 1847471 1846385 2371284 2022333 1914422 1846433 1848007 1913519 2010126 1848300 1914913 1845414 1847545 1913649 1847802 1846251
! @  1912192 1849535 2748309 1904187 1913951 2012014 1850006 1913282 1847764 1845553 1913169 1847310 2366477 2017806 1848335 1914262 1849250 1847956 1995502 1925435 1848595 1915138 2050062 1849463 1910798 1846745 1848192 1914111 1848463 2806075 1849840 1998178 1928323 1848467 1912343 1848782 1846670 1912842 2303517 2087866 1848720 1846896 1914042 2002949 1849752 2009991 1914529 1847466 1849906 1912733 1847629 1848282 1913305 1847825 1851816 2873621 1847432 1847180 2012211 1912510 1849789 1847054 1912742 1846573 1851625 2391469 1913773 1849163 1914572 1846700 1846700 2009713 1915045 1847581 1846296 1911808 1849484 1847260 1912567 1849321 1847399 2750614 1974275 1847861 2009614 1914337 1847718 1848256 1911587 1848095 2019896 2373306 1849226 1914488 1845644 1918363 1847890 2007119 1854188 1914135

---------------- Instructions ----------------

! @  1084743 1084743 1096148 1084743 1096148 1084743 1084743 1349465 1104168 1084743 1106130 1084743 1096148 1084887 1106381 1096148 1084743 1152680 1106565 1084716 1096118 1084716 1084716 1105887 1096118 1084716 1084716 1098225 1084716 1096118 1084716 1096118 1084716 1084716 1357822 1096118 1084716 1106588 1084860 1117736 1084716 1084716 1096118 1141975 1096118 1084716 1096118 1084716 1084716 1096118 1106596 1084716 1084723 1096179 1084716 1096118 1084716 1084723 1096148 1084743 1357485 1084743 1096148 1106618 1084887 1106364 1096148 1084743 1084743 1096148 1153161 1084743 1084743 1096148 1084743 1084743 1106403 1096148 1084743 1096148 1084743 1084743 1096148 1084743 1084743 1096148 1338060 1104302 1084743 1118023 1106420 1084743 1084743 1096148 1084743 1096148 1141763 1096148 1084743 1106278
! @  1096148 1084743 1106626 1084743 1096148 1084743 1084743 1096148 1084743 1084743 1096148 1084743 1096148 1357485 1084743 1084743 1128137 1096148 1084743 1084743 1096148 1106562 1141723 1096118 1084716 1096118 1084716 1084716 1096118 1106364 1084716 1084716 1096118 1084716 1084716 1096118 1084716 1084716 1096118 1357577 1084716 1096262 1115021 1096118 1084716 1106281 1084716 1096118 1130474 1107374 1084716 1096118 1084716 1084716 1096118 1106596 1084716 1096118 1084716 1084716 1096118 1084716 1084716 1096118 1084716 1357191 1084716 1117931 1106366 1084743 1084743 1096148 1084743 1084743 1096148 1153413 1084743 1084743 1096148 1084743 1084743 1106662 1096209 1084743 1084743 1096148 1084743 1096148 1084743 1084743 1096148 1084743 1357619 1106549 1106618 1096148 1084743 1084743 1096148 1084743
! @  1084743 1153168 1096148 1084743 1084743 1096148 1084743 1084743 1106626 1096148 1084743 1096148 1084743 1084743 1096148 1084743 1084743 1096148 1357377 1106153 1084743 1106366 1096148 1084742 1106557 1084716 1096118 1130474 1107619 1084716 1096118 1084716 1084716 1096118 1106625 1084716 1084716 1096118 1084716 1084716 1084716 1084716 1096118 1084716 1357587 1106333 1084716 1117990 1084716 1084716 1096118 1084716 1084716 1096118 1141975 1096118 1084716 1096118 1084716 1084716 1106344 1096118 1084716 1084716 1096118 1084716 1084716 1096118 1084716 1096118 1084860 1360172 1084716 1106588 1096118 1084716 1096118 1084716 1084732 1096148 1142008 1096148 1084743 1084743 1084743 1084743 1096148 1106655 1084743 1084743 1096148 1084743 1084743 1096148 1084743 1084743 1117954 1357461 1084743 1084743
! @  1106618 1096148 1084743 1096148 1084743 1084743 1096148 1141756 1096148 1084750 1084743 1084743 1084743 1106374 1096148 1084743 1084743 1096148 1084743 1084743 1096148 1084743 1106542 1351325 1102418 1084743 1128455 1084716 1096118 1084716 1084716 1096118 1084716 1153132 1084716 1084716 1096118 1084716 1096118 1106612 1084716 1084716 1096118 1087465 1096118 1084716 1084716 1096262 1106338 1084716 1357443 1096118 1105848 1084716 1084716 1096118 1084716 1084716 1096118 1152637 1084716 1084716 1096118 1084716 1084716 1096118 1106108 1084716 1084716 1084716 1084716 1096118 1084716 1106482 1084716 1096118 1357577 1084716 1096118 1106100 1084716 1084716 1096118 1084716 1084716 1096118 1152644 1084716 1084720 1096148 1084743 1084743 1106169 1096148 1084743 1084743 1120628 1084743 1084743 1117665
! @  1084743 1084743 1357233 1096148 1084743 1106403 1096148 1084743 1084743 1096148 1084743 1084743 1153450 1084743 1096148 1084743 1096148 1084743 1106663 1084743 1096148 1084743 1084743 1096148 1084887 1106368 1096148 1084743 1084743 1379316 1084716 1106625 1096118 1084716 1096118 1084716 1084716 1096118 1141774 1096179 1084716 1096118 1084716 1084716 1096118 1106410 1084716 1084716 1096118 1084716 1084860 1117655 1084716 1084716 1096118 1357822 1084716 1096118 1106625 1084716 1084716 1096118 1084716 1084716 1130412 1119120 1084716 1084716 1096118 1084716 1084716 1106633 1096118 1084716 1084716 1096118 1106390 1084716 1096118 1084716 1084716 1357443 1096118 1084716 1106625 1096118 1084716 1106271 1084716 1084716 1084716 1153162 1084716 1096118 1084716 1084716 1096118 1106410 1084716 1096143
! @  1084743 1084887 1106283 1096148 1084743 1084743 1096148 1336176 1106186 1096148 1106655 1084743 1084743 1096148 1084743 1084743 1096148 1153205 1084743 1084743 1096148 1084743 1084743 1096148 1106663 1084743 1096148 1084887 1106276 1084743 1096148 1084743 1106580 1084716 1371426 1084716 1084716 1118027 1084716 1084716 1096118 1084716 1084716 1130259 1107619 1096118 1084716 1084716 1096118 1084716 1106292 1096118 1084716 1106553 1084716 1096118 1084716 1096118 1084716 1084716 1357577 1096118 1084716 1106628 1096118 1084716 1084716 1096125 1084777 1084716 1153169 1084716 1096118 1084716 1096118 1084716 1106633 1084716 1096262 1106366 1084716 1096118 1084716 1084716 1096118 1084716 1335885 1106022 1096118 1106373 1084716 1096118 1084716 1084716 1096118 1084716 1153414 1084716 1084716 1096118
! @  1084716 1096118 1084716 1106662 1106519 1096118 1084716 1084716 1096118 1084723 1084743 1096148 1084743 1357619 1084743 1096148 1106655 1084743 1096148 1084743 1084743 1096148 1130544 1107404 1084743 1096148 1084743 1084743 1096148 1106663 1084887 1106405 1096148 1084743 1084743 1106577 1096118 1084716 1084716 1357191 1096118 1084716 1106373 1096118 1084716 1084716 1096118 1084716 1084716 1153414 1084716 1096118 1084716 1096118 1084716 1106806 1106116 1084716 1096118 1107315 1084716 1096118 1084716 1084716 1096118 1338021 1104138 1096118 1106628 1084716 1084716 1096118 1084716 1084716 1096118 1153414 1084716 1084716 1096118 1084716 1084716 1096262 1115851 1096118 1084716 1084716 1096118 1084716 1084716 1096118 1084716 1084716 1368979 1084716 1084716 1106632 1096179 1084716 1084716 1096118
! @  1084716 1130511 1107619 1096118 1084716 1084716 1096118 1106792 1106662 1084716 1096118 1084716 1084716 1096118 1084716 1084716 1096118 1084716 1357443 1096131 1084770 1106646 1084770 1096178 1084770 1084770 1096178 1084770 1153195 1084770 1096178 1084770 1084770 1118473 1106402 1084770 1084770 1096178 1106631 1084743 1096148 1084743 1084743 1096148 1338060 1104302 1084743 1118021 1084743 1084743 1096148 1084743 1084743 1096148 1141761 1096148 1084743 1096148 1084887 1133362 1106610 1084716 1096118 1084716 1096118 1084716 1084716 1096118 1084716 1084716 1096118 1357443 1084716 1084716 1117248 1084716 1084716 1096118 1084716 1084716 1152635 1084716 1096118 1084716 1106474 1096118 1084716 1106106 1084716 1096118 1084716 1096118 1084716 1084716 1096118 1084716 1084716 1357577 1096118 1084716
! @  1106098 1096118 1084716 1084716 1096118 1084716 1084716 1152642 1084716 1096118 1106491 1084716 1096118 1106135 1084716 1096118 1084716 1084716 1096118 1084716 1084716 1096118 1084716 1337769 1104145 1096179 1105846 1084716 1084716 1096118 1084732 1096148 1084743 1152923 1084743 1084887 1106377 1084743 1084743 1106136 1096147 1106557 1084716 1096118 1084716 1084716 1096118 1084716 1084716 1096118 1357577 1084716 1084716 1106098 1096118 1084716 1096118 1084716 1084716 1152642 1084716 1096262 1106323 1084716 1096118 1084716 1105883 1084716 1096118 1084716 1084716 1096118 1084716 1084716 1096118 1084716 1359924 1096118 1084716 1105737 1096118 1084716 1084716 1096118 1084716 1084716 1152887 1106395 1096118 1084716 1084716 1096118 1106109 1084716 1096118 1084716 1084716 1096118 1084716 1084716
! @  1096118 1084716 1351307 1090852 1096118 1106101 1084716 1096118 1084716 1084716 1096118 1084716 1152779 1106220 1084716 1096118 1084716 1084716 1105885 1096118 1084716 1096118 1114390 1084716 1096118 1084716 1084716 1096118 1084716 1357577 1084716 1106586 1096118 1084716 1096118 1084716 1084716 1096118 1141872 1117508 1084729 1084743 1096148 1106590 1084743 1106627 1096148 1084743 1084743 1096148 1084743 1084743 1096148 1084750 1084804 1368890 1084743 1084743 1106616 1096148 1084743 1084743 1096148 1084743 1084887 1155744 1096148 1084743 1096148 1084743 1084743 1106392 1096148 1084743 1084743 1096148 1084743 1084743 1096148 1084743 1084743 1351349 1102418 1084743 1106616 1096148 1084743 1084743 1096148 1084743 1106295 1153142 1084743 1096148 1084743 1096148 1084743 1106624 1084743 1096148

----------------------------------------------
