! 52, isa, 64, 0, 1, 8, 416, 10, 10, 1211, 1216, 1211
  result is correct!
! 52, isa, 64, 0, 1, 12, 624, 10, 10, 2471, 2782, 2504
  result is correct!
! 52, isa, 64, 0, 1, 16, 832, 10, 10, 4179, 4509, 4213
  result is correct!
! 52, isa, 64, 0, 1, 20, 1040, 10, 10, 6335, 6646, 6402
  result is correct!
! 52, isa, 64, 0, 1, 24, 1248, 10, 10, 8939, 9269, 9039
  result is correct!
! 52, isa, 64, 0, 1, 28, 1456, 10, 10, 11991, 12320, 12124
  result is correct!
! 52, isa, 64, 0, 1, 32, 1664, 10, 10, 15496, 15823, 15661
  result is correct!
! 52, isa, 64, 0, 1, 36, 1872, 10, 10, 19461, 19770, 19671
  result is correct!
! 52, isa, 64, 0, 1, 40, 2080, 10, 10, 23857, 24170, 24102
  result is correct!
! 52, isa, 64, 0, 1, 44, 2288, 10, 10, 28995, 29020, 29010
  result is correct!
! 52, isa, 64, 0, 1, 48, 2496, 10, 10, 34302, 34603, 34339
  result is correct!
! 52, isa, 64, 0, 1, 52, 2704, 10, 10, 40040, 40343, 40141
  result is correct!
! 52, isa, 64, 0, 1, 56, 2912, 10, 10, 46230, 46552, 46392
  result is correct!
! 52, isa, 64, 0, 1, 60, 3120, 10, 10, 52867, 53190, 53119
  result is correct!
! 52, isa, 64, 0, 1, 64, 3328, 10, 10, 60262, 60272, 60266
  result is correct!
! 52, isa, 64, 0, 1, 68, 3536, 10, 10, 67796, 68094, 67887
  result is correct!
! 52, isa, 64, 0, 1, 72, 3744, 10, 10, 75776, 76075, 75926
  result is correct!

--------------------Threshold debug data--------------------
! 52, isa, 64, 0, 1, 8, 416, 10

! @  1216 1211 1211 1211 1211 1211 1211 1211 1211 1211
! 52, isa, 64, 0, 1, 12, 624, 10

! @  2476 2782 2493 2471 2471 2471 2471 2471 2471 2471
! 52, isa, 64, 0, 1, 16, 832, 10

! @  4184 4179 4179 4179 4509 4184 4179 4179 4179 4179
! 52, isa, 64, 0, 1, 20, 1040, 10

! @  6345 6335 6335 6643 6357 6335 6335 6335 6646 6357
! 52, isa, 64, 0, 1, 24, 1248, 10

! @  8966 8939 8939 9269 8944 8939 9265 8948 8939 9250
! 52, isa, 64, 0, 1, 28, 1456, 10

! @  12018 11991 12320 11996 12300 12013 11991 12319 11996 12301
! 52, isa, 64, 0, 1, 32, 1664, 10

! @  15518 15823 15496 15822 15496 15823 15496 15821 15496 15822
! 52, isa, 64, 0, 1, 36, 1872, 10

! @  19759 19461 19770 19754 19461 19769 19754 19461 19769 19755
! 52, isa, 64, 0, 1, 40, 2080, 10

! @  23862 24165 24170 24151 24166 23857 24165 24168 24150 24167
! 52, isa, 64, 0, 1, 44, 2288, 10

! @  29020 29015 29015 29015 29012 29010 28995 29008 29008 29011
! 52, isa, 64, 0, 1, 48, 2496, 10

! @  34328 34308 34306 34603 34302 34303 34303 34324 34307 34307
! 52, isa, 64, 0, 1, 52, 2704, 10

! @  40069 40343 40040 40064 40342 40042 40065 40341 40043 40064
! 52, isa, 64, 0, 1, 56, 2912, 10

! @  46552 46231 46548 46230 46549 46248 46533 46251 46527 46253
! 52, isa, 64, 0, 1, 60, 3120, 10

! @  53190 53183 53181 52867 53180 53183 53182 52881 53170 53182
! 52, isa, 64, 0, 1, 64, 3328, 10

! @  60272 60267 60264 60267 60268 60267 60269 60265 60262 60267
! 52, isa, 64, 0, 1, 68, 3536, 10

! @  67805 68091 67799 67796 67799 68094 67799 67800 68094 67800
! 52, isa, 64, 0, 1, 72, 3744, 10

! @  75785 76073 75779 76070 75780 76074 76075 75780 76075 75776
