! 55, ise, 64, 0, 1, 8, 440, 10, 10, 1006, 1011, 1006
  result is correct!
! 55, ise, 64, 0, 1, 12, 660, 10, 10, 2018, 2336, 2050
  result is correct!
! 55, ise, 64, 0, 1, 16, 880, 10, 10, 3382, 3702, 3415
  result is correct!
! 55, ise, 64, 0, 1, 20, 1100, 10, 10, 5098, 5418, 5163
  result is correct!
! 55, ise, 64, 0, 1, 24, 1320, 10, 10, 7166, 7484, 7231
  result is correct!
! 55, ise, 64, 0, 1, 28, 1540, 10, 10, 9586, 9903, 9683
  result is correct!
! 55, ise, 64, 0, 1, 32, 1760, 10, 10, 12358, 12676, 12488
  result is correct!
! 55, ise, 64, 0, 1, 36, 1980, 10, 10, 15487, 15802, 15645
  result is correct!
! 55, ise, 64, 0, 1, 40, 2200, 10, 10, 18963, 19278, 19152
  result is correct!
! 55, ise, 64, 0, 1, 44, 2420, 10, 10, 22805, 23113, 23044
  result is correct!
! 55, ise, 64, 0, 1, 48, 2640, 10, 10, 26985, 27295, 27258
  result is correct!
! 55, ise, 64, 0, 1, 52, 2860, 10, 10, 31819, 32111, 31850
  result is correct!
! 55, ise, 64, 0, 1, 56, 3080, 10, 10, 36703, 36996, 36766
  result is correct!
! 55, ise, 64, 0, 1, 60, 3300, 10, 10, 41938, 42247, 42062
  result is correct!
! 55, ise, 64, 0, 1, 64, 3520, 10, 10, 47529, 47834, 47711
  result is correct!
! 55, ise, 64, 0, 1, 68, 3740, 10, 10, 53466, 53776, 53710
  result is correct!
! 55, ise, 64, 0, 1, 72, 3960, 10, 10, 60061, 60071, 60065
  result is correct!

--------------------Threshold debug data--------------------
! 55, ise, 64, 0, 1, 8, 440, 10

! @  1011 1006 1006 1006 1006 1006 1006 1006 1006 1006
! 55, ise, 64, 0, 1, 12, 660, 10

! @  2023 2018 2018 2018 2336 2023 2018 2018 2018 2018
! 55, ise, 64, 0, 1, 16, 880, 10

! @  3387 3382 3382 3382 3382 3382 3382 3702 3387 3382
! 55, ise, 64, 0, 1, 20, 1100, 10

! @  5103 5415 5103 5098 5098 5098 5098 5418 5103 5098
! 55, ise, 64, 0, 1, 24, 1320, 10

! @  7171 7166 7484 7171 7166 7166 7484 7171 7166 7166
! 55, ise, 64, 0, 1, 28, 1540, 10

! @  9596 9586 9902 9591 9586 9903 9591 9586 9903 9591
! 55, ise, 64, 0, 1, 32, 1760, 10

! @  12382 12663 12377 12358 12676 12363 12659 12377 12358 12674
! 55, ise, 64, 0, 1, 36, 1980, 10

! @  15506 15800 15487 15802 15487 15800 15487 15802 15487 15801
! 55, ise, 64, 0, 1, 40, 2200, 10

! @  19270 18977 19278 18963 19275 19268 18977 19276 19264 18977
! 55, ise, 64, 0, 1, 44, 2420, 10

! @  23113 23095 23105 22805 23104 23096 23109 22805 23106 23107
! 55, ise, 64, 0, 1, 48, 2640, 10

! @  27295 26985 27286 27291 27291 27291 27291 27275 27289 27289
! 55, ise, 64, 0, 1, 52, 2860, 10

! @  31828 31823 31819 31821 31822 32111 31821 31821 31822 31821
! 55, ise, 64, 0, 1, 56, 3080, 10

! @  36710 36720 36703 36996 36706 36721 36707 36996 36703 36704
! 55, ise, 64, 0, 1, 60, 3300, 10

! @  41947 41953 42230 41942 42247 41939 41956 42229 41938 42244
! 55, ise, 64, 0, 1, 64, 3520, 10

! @  47823 47834 47529 47832 47540 47818 47832 47529 47831 47544
! 55, ise, 64, 0, 1, 68, 3740, 10

! @  53761 53775 53772 53772 53469 53776 53771 53774 53771 53466
! 55, ise, 64, 0, 1, 72, 3960, 10

! @  60071 60064 60066 60065 60067 60066 60061 60065 60067 60062
