! 64, ise, 64, 0, 1, 8, 512, 10, 10, 1123, 1125, 1123
  result is correct!
! 64, ise, 64, 0, 1, 12, 768, 10, 10, 2291, 2588, 2322
  result is correct!
! 64, ise, 64, 0, 1, 16, 1024, 10, 10, 3875, 4196, 3907
  result is correct!
! 64, ise, 64, 0, 1, 20, 1280, 10, 10, 5875, 6210, 5941
  result is correct!
! 64, ise, 64, 0, 1, 24, 1536, 10, 10, 8291, 8614, 8386
  result is correct!
! 64, ise, 64, 0, 1, 28, 1792, 10, 10, 11123, 11445, 11250
  result is correct!
! 64, ise, 64, 0, 1, 32, 2048, 10, 10, 14374, 14693, 14531
  result is correct!
! 64, ise, 64, 0, 1, 36, 2304, 10, 10, 18038, 18374, 18230
  result is correct!
! 64, ise, 64, 0, 1, 40, 2560, 10, 10, 22132, 22457, 22343
  result is correct!
! 64, ise, 64, 0, 1, 44, 2816, 10, 10, 26628, 26965, 26904
  result is correct!
! 64, ise, 64, 0, 1, 48, 3072, 10, 10, 31839, 32164, 31881
  result is correct!
! 64, ise, 64, 0, 1, 52, 3328, 10, 10, 37168, 37490, 37240
  result is correct!
! 64, ise, 64, 0, 1, 56, 3584, 10, 10, 42909, 43251, 43050
  result is correct!
! 64, ise, 64, 0, 1, 60, 3840, 10, 10, 49070, 49407, 49268
  result is correct!
! 64, ise, 64, 0, 1, 64, 4096, 10, 10, 55661, 55992, 55942
  result is correct!

--------------------Threshold debug data--------------------
! 64, ise, 64, 0, 1, 8, 512, 10

! @  1125 1123 1123 1123 1123 1123 1123 1123 1123 1123
! 64, ise, 64, 0, 1, 12, 768, 10

! @  2293 2291 2588 2308 2291 2291 2291 2291 2291 2291
! 64, ise, 64, 0, 1, 16, 1024, 10

! @  3877 3875 3875 3875 3875 4196 3878 3875 3875 3875
! 64, ise, 64, 0, 1, 20, 1280, 10

! @  6210 5875 5875 5875 5875 6204 5878 5875 5875 5875
! 64, ise, 64, 0, 1, 24, 1536, 10

! @  8590 8308 8291 8291 8614 8294 8291 8588 8308 8291
! 64, ise, 64, 0, 1, 28, 1792, 10

! @  11426 11140 11123 11445 11126 11420 11140 11123 11422 11140
! 64, ise, 64, 0, 1, 32, 2048, 10

! @  14693 14374 14691 14374 14688 14374 14687 14374 14672 14388
! 64, ise, 64, 0, 1, 36, 2304, 10

! @  18056 18350 18038 18368 18337 18052 18353 18038 18374 18337
! 64, ise, 64, 0, 1, 40, 2560, 10

! @  22422 22132 22457 22437 22419 22132 22456 22434 22418 22132
! 64, ise, 64, 0, 1, 44, 2816, 10

! @  26965 26948 26939 26935 26930 26911 26929 26928 26928 26628
! 64, ise, 64, 0, 1, 48, 3072, 10

! @  31853 31853 31857 31862 31864 32164 31840 31840 31839 31840
! 64, ise, 64, 0, 1, 52, 3328, 10

! @  37186 37184 37490 37168 37183 37182 37484 37169 37181 37178
! 64, ise, 64, 0, 1, 56, 3584, 10

! @  42934 43230 42909 43234 42912 42939 43251 42933 43234 42925
! 64, ise, 64, 0, 1, 60, 3840, 10

! @  49386 49070 49402 49381 49072 49396 49089 49407 49392 49089
! 64, ise, 64, 0, 1, 64, 4096, 10

! @  55981 55965 55959 55959 55661 55990 55992 55980 55969 55967
