! 59, ise, 64, 0, 1, 8, 472, 10, 10, 1006, 1009, 1006
  result is correct!
! 59, ise, 64, 0, 1, 12, 708, 10, 10, 2018, 2336, 2050
  result is correct!
! 59, ise, 64, 0, 1, 16, 944, 10, 10, 3382, 3701, 3414
  result is correct!
! 59, ise, 64, 0, 1, 20, 1180, 10, 10, 5098, 5417, 5162
  result is correct!
! 59, ise, 64, 0, 1, 24, 1416, 10, 10, 7166, 7486, 7230
  result is correct!
! 59, ise, 64, 0, 1, 28, 1652, 10, 10, 9586, 9907, 9683
  result is correct!
! 59, ise, 64, 0, 1, 32, 1888, 10, 10, 12358, 12679, 12488
  result is correct!

--------------------Threshold debug data--------------------
! 59, ise, 64, 0, 1, 8, 472, 10

! @  1009 1006 1006 1006 1006 1006 1006 1006 1006 1006
! 59, ise, 64, 0, 1, 12, 708, 10

! @  2021 2018 2018 2018 2336 2021 2018 2018 2018 2018
! 59, ise, 64, 0, 1, 16, 944, 10

! @  3385 3382 3382 3382 3382 3382 3382 3701 3385 3382
! 59, ise, 64, 0, 1, 20, 1180, 10

! @  5101 5417 5101 5098 5098 5098 5098 5417 5101 5098
! 59, ise, 64, 0, 1, 24, 1416, 10

! @  7169 7166 7486 7169 7166 7166 7483 7169 7166 7166
! 59, ise, 64, 0, 1, 28, 1652, 10

! @  9594 9586 9905 9589 9586 9907 9589 9586 9904 9589
! 59, ise, 64, 0, 1, 32, 1888, 10

! @  12380 12662 12375 12358 12677 12361 12661 12375 12358 12679
