! 32, ise, 32, 0, 1, 8, 256, 10, 10, 508, 518, 509
  result is correct!
! 32, ise, 32, 0, 1, 12, 384, 10, 10, 1043, 1052, 1043
  result is correct!
! 32, ise, 32, 0, 1, 16, 512, 10, 10, 1762, 2187, 1806
  result is correct!
! 32, ise, 32, 0, 1, 20, 640, 10, 10, 2645, 3009, 2689
  result is correct!
! 32, ise, 32, 0, 1, 24, 768, 10, 10, 3718, 4072, 3762
  result is correct!
! 32, ise, 32, 0, 1, 28, 896, 10, 10, 4977, 5332, 5064
  result is correct!
! 32, ise, 32, 0, 1, 32, 1024, 10, 10, 6422, 6850, 6512
  result is correct!
! 32, ise, 32, 0, 1, 36, 1152, 10, 10, 8053, 8481, 8185
  result is correct!
! 32, ise, 32, 0, 1, 40, 1280, 10, 10, 9870, 10225, 10001
  result is correct!
! 32, ise, 32, 0, 1, 44, 1408, 10, 10, 11873, 12301, 12050
  result is correct!
! 32, ise, 32, 0, 1, 48, 1536, 10, 10, 14081, 14499, 14283
  result is correct!
! 32, ise, 32, 0, 1, 52, 1664, 10, 10, 16456, 16869, 16696
  result is correct!
! 32, ise, 32, 0, 1, 56, 1792, 10, 10, 19017, 19430, 19266
  result is correct!
! 32, ise, 32, 0, 1, 60, 1920, 10, 10, 21826, 22181, 22055
  result is correct!
! 32, ise, 32, 0, 1, 64, 2048, 10, 10, 24759, 25125, 25038
  result is correct!

--------------------Threshold debug data--------------------
! 32, ise, 32, 0, 1, 8, 256, 10

! @  518 508 508 508 508 508 508 508 508 508
! 32, ise, 32, 0, 1, 12, 384, 10

! @  1052 1043 1043 1043 1043 1043 1043 1043 1043 1043
! 32, ise, 32, 0, 1, 16, 512, 10

! @  1771 1762 1762 1762 1762 1762 2187 1777 1762 1762
! 32, ise, 32, 0, 1, 20, 640, 10

! @  3009 2726 2645 2645 2645 2645 2645 2645 2645 2645
! 32, ise, 32, 0, 1, 24, 768, 10

! @  3727 3718 3718 3718 3718 4072 3799 3718 3718 3718
! 32, ise, 32, 0, 1, 28, 896, 10

! @  4986 5332 5058 4977 4977 4977 4977 5328 5058 4977
! 32, ise, 32, 0, 1, 32, 1024, 10

! @  6449 6422 6422 6778 6503 6422 6422 6422 6850 6437
! 32, ise, 32, 0, 1, 36, 1152, 10

! @  8417 8134 8053 8053 8410 8134 8053 8053 8481 8068
! 32, ise, 32, 0, 1, 40, 1280, 10

! @  9879 10225 9951 9870 10224 9951 9870 10225 9951 9870
! 32, ise, 32, 0, 1, 44, 1408, 10

! @  11962 11873 12301 11888 12228 11954 11873 12301 11892 12232
! 32, ise, 32, 0, 1, 48, 1536, 10

! @  14499 14081 14423 14143 14421 14143 14422 14143 14421 14143
! 32, ise, 32, 0, 1, 52, 1664, 10

! @  16802 16518 16868 16456 16869 16456 16869 16811 16518 16798
! 32, ise, 32, 0, 1, 56, 1792, 10

! @  19381 19079 19430 19372 19079 19429 19017 19430 19369 19079
! 32, ise, 32, 0, 1, 60, 1920, 10

! @  22127 21826 22177 22119 22181 21826 22177 22118 22181 21826
! 32, ise, 32, 0, 1, 64, 2048, 10

! @  25119 25114 24759 25110 25125 25124 25053 25113 24759 25108
