! 26, ise, 32, 0, 1, 8, 208, 10, 10, 467, 473, 467
  result is correct!
! 26, ise, 32, 0, 1, 12, 312, 10, 10, 836, 850, 837
  result is correct!
! 26, ise, 32, 0, 1, 16, 416, 10, 10, 1299, 1313, 1300
  result is correct!
! 26, ise, 32, 0, 1, 20, 520, 10, 10, 1838, 2344, 1892
  result is correct!
! 26, ise, 32, 0, 1, 24, 624, 10, 10, 2477, 2898, 2530
  result is correct!
! 26, ise, 32, 0, 1, 28, 728, 10, 10, 3212, 3734, 3265
  result is correct!
! 26, ise, 32, 0, 1, 32, 832, 10, 10, 4043, 4546, 4097
  result is correct!
! 26, ise, 32, 0, 1, 36, 936, 10, 10, 4970, 5382, 5075
  result is correct!
! 26, ise, 32, 0, 1, 40, 1040, 10, 10, 5993, 6499, 6108
  result is correct!
! 26, ise, 32, 0, 1, 44, 1144, 10, 10, 7112, 7620, 7219
  result is correct!
! 26, ise, 32, 0, 1, 48, 1248, 10, 10, 8327, 8847, 8485
  result is correct!
! 26, ise, 32, 0, 1, 52, 1352, 10, 10, 9638, 10146, 9801
  result is correct!
! 26, ise, 32, 0, 1, 56, 1456, 10, 10, 11045, 11553, 11255
  result is correct!
! 26, ise, 32, 0, 1, 60, 1560, 10, 10, 12548, 13057, 12761
  result is correct!
! 26, ise, 32, 0, 1, 64, 1664, 10, 10, 14170, 14667, 14411
  result is correct!

--------------------Threshold debug data--------------------
! 26, ise, 32, 0, 1, 8, 208, 10

! @  473 467 467 467 467 467 467 467 467 467
! 26, ise, 32, 0, 1, 12, 312, 10

! @  850 836 836 836 836 836 836 836 836 836
! 26, ise, 32, 0, 1, 16, 416, 10

! @  1313 1299 1299 1299 1299 1299 1299 1299 1299 1299
! 26, ise, 32, 0, 1, 20, 520, 10

! @  1852 1838 1838 1838 1838 2344 1861 1838 1838 1838
! 26, ise, 32, 0, 1, 24, 624, 10

! @  2491 2898 2577 2477 2477 2477 2477 2477 2477 2477
! 26, ise, 32, 0, 1, 28, 728, 10

! @  3226 3212 3212 3212 3212 3212 3212 3212 3734 3214
! 26, ise, 32, 0, 1, 32, 832, 10

! @  4057 4043 4043 4043 4546 4066 4043 4043 4043 4043
! 26, ise, 32, 0, 1, 36, 936, 10

! @  4984 5380 5080 4970 4970 4970 4970 5382 5080 4970
! 26, ise, 32, 0, 1, 40, 1040, 10

! @  6120 5993 5993 5993 6404 6103 5993 5993 5993 6499
! 26, ise, 32, 0, 1, 44, 1144, 10

! @  7126 7112 7619 7135 7112 7112 7620 7135 7112 7112
! 26, ise, 32, 0, 1, 48, 1248, 10

! @  8847 8350 8327 8327 8830 8350 8327 8736 8437 8327
! 26, ise, 32, 0, 1, 52, 1352, 10

! @  9678 9638 10146 9661 9638 10146 9661 9638 10146 9661
! 26, ise, 32, 0, 1, 56, 1456, 10

! @  11469 11155 11045 11553 11068 11454 11155 11045 11455 11155
! 26, ise, 32, 0, 1, 60, 1560, 10

! @  12588 12958 12658 12548 13045 12571 13057 12571 12957 12658
! 26, ise, 32, 0, 1, 64, 1664, 10

! @  14667 14170 14654 14170 14652 14170 14558 14257 14558 14257
