>>>>
====
REPO_HOME         := auto-generated-text
RISCV             := auto-generated-text
MPISE_DESTRUCTIVE := 0
MPISE_STATELESS   := 0
----
ARCH              := rv32
TYPE              := ise
RADIX             := 21
PLATFORM          := cva6-fpga
VERSION           := simple
<<<<
bbl loader
! 21, ise, 32, 0, 0, 8, 168, 10, 9, 1020, 1020, 1020
  result is correct!
! 21, ise, 32, 0, 0, 12, 252, 10, 8, 2036, 2038, 2036
  result is correct!
! 21, ise, 32, 0, 0, 16, 336, 10, 8, 3404, 3406, 3404
  result is correct!
! 21, ise, 32, 0, 0, 20, 420, 10, 7, 5124, 5126, 5124
  result is correct!
! 21, ise, 32, 0, 0, 24, 504, 10, 7, 7196, 7198, 7196
  result is correct!
! 21, ise, 32, 0, 0, 28, 588, 10, 7, 9620, 9635, 9623
  result is correct!
! 21, ise, 32, 0, 0, 32, 672, 10, 6, 12396, 12423, 12405
  result is correct!
! 21, ise, 32, 0, 0, 36, 756, 10, 5, 15526, 15544, 15529
  result is correct!
! 21, ise, 32, 0, 0, 40, 840, 10, 4, 19006, 19018, 19015
  result is correct!
! 21, ise, 32, 0, 0, 44, 924, 10, 2, 23141, 23141, 23141
  result is correct!
! 21, ise, 32, 0, 0, 48, 1008, 10, 1, 27335, 27335, 27335
  result is correct!
! 21, ise, 32, 0, 0, 52, 1092, 10, 3, 31871, 31873, 31872
  result is correct!
! 21, ise, 32, 0, 0, 56, 1176, 10, 3, 36759, 36761, 36760
  result is correct!
! 21, ise, 32, 0, 0, 60, 1260, 10, 6, 42001, 42017, 42011
  result is correct!
! 21, ise, 32, 0, 0, 64, 1344, 10, 4, 47591, 47608, 47598
  result is correct!
! 21, ise, 32, 0, 0, 68, 1428, 10, 1, 53829, 53829, 53829
  result is correct!
! 21, ise, 32, 0, 0, 72, 1512, 10, 5, 60134, 60135, 60134
  result is correct!
