>>>>
====
REPO_HOME         := auto-generated-text
RISCV             := auto-generated-text
MPISE_DESTRUCTIVE := 0
MPISE_STATELESS   := 0
----
ARCH              := rv32
TYPE              := ise
RADIX             := 20
PLATFORM          := cva6-fpga
VERSION           := simple
<<<<
bbl loader
! 20, ise, 32, 0, 0, 8, 160, 10, 8, 1019, 1019, 1019
  result is correct!
! 20, ise, 32, 0, 0, 12, 240, 10, 8, 2035, 2036, 2035
  result is correct!
! 20, ise, 32, 0, 0, 16, 320, 10, 8, 3403, 3404, 3403
  result is correct!
! 20, ise, 32, 0, 0, 20, 400, 10, 7, 5123, 5124, 5123
  result is correct!
! 20, ise, 32, 0, 0, 24, 480, 10, 7, 7195, 7196, 7195
  result is correct!
! 20, ise, 32, 0, 0, 28, 560, 10, 7, 9619, 9639, 9622
  result is correct!
! 20, ise, 32, 0, 0, 32, 640, 10, 6, 12395, 12427, 12404
  result is correct!
! 20, ise, 32, 0, 0, 36, 720, 10, 5, 15524, 15555, 15530
  result is correct!
! 20, ise, 32, 0, 0, 40, 800, 10, 4, 19004, 19016, 19013
  result is correct!
! 20, ise, 32, 0, 0, 44, 880, 10, 2, 23136, 23139, 23137
  result is correct!
! 20, ise, 32, 0, 0, 48, 960, 10, 1, 27332, 27332, 27332
  result is correct!
! 20, ise, 32, 0, 0, 52, 1040, 10, 3, 31868, 31870, 31868
  result is correct!
! 20, ise, 32, 0, 0, 56, 1120, 10, 5, 36754, 36761, 36757
  result is correct!
! 20, ise, 32, 0, 0, 60, 1200, 10, 6, 41997, 42018, 42008
  result is correct!
! 20, ise, 32, 0, 0, 64, 1280, 10, 4, 47588, 47606, 47597
  result is correct!
! 20, ise, 32, 0, 0, 68, 1360, 10, 1, 53825, 53825, 53825
  result is correct!
! 20, ise, 32, 0, 0, 72, 1440, 10, 2, 60131, 60131, 60131
  result is correct!
