>>>>
====
REPO_HOME         := auto-generated-text
RISCV             := auto-generated-text
MPISE_DESTRUCTIVE := 0
MPISE_STATELESS   := 0
----
ARCH              := rv32
TYPE              := isa
RADIX             := 28
PLATFORM          := cva6-fpga
VERSION           := simple
<<<<
bbl loader
! 28, isa, 32, 0, 0, 8, 224, 10, 9, 1227, 1227, 1227
  result is correct!
! 28, isa, 32, 0, 0, 12, 336, 10, 8, 2491, 2498, 2491
  result is correct!
! 28, isa, 32, 0, 0, 16, 448, 10, 8, 4203, 4210, 4203
  result is correct!
! 28, isa, 32, 0, 0, 20, 560, 10, 5, 6363, 6363, 6363
  result is correct!
! 28, isa, 32, 0, 0, 24, 672, 10, 7, 8971, 8997, 8976
  result is correct!
! 28, isa, 32, 0, 0, 28, 784, 10, 6, 12027, 12053, 12037
  result is correct!
! 28, isa, 32, 0, 0, 32, 896, 10, 5, 15538, 15543, 15539
  result is correct!
! 28, isa, 32, 0, 0, 36, 1008, 10, 3, 19504, 19504, 19504
  result is correct!
! 28, isa, 32, 0, 0, 40, 1120, 10, 2, 24192, 24194, 24193
  result is correct!
! 28, isa, 32, 0, 0, 44, 1232, 10, 4, 29055, 29056, 29055
  result is correct!
! 28, isa, 32, 0, 0, 48, 1344, 10, 7, 34349, 34356, 34352
  result is correct!
! 28, isa, 32, 0, 0, 52, 1456, 10, 7, 40093, 40120, 40105
  result is correct!
! 28, isa, 32, 0, 0, 56, 1568, 10, 4, 46287, 46305, 46296
  result is correct!
! 28, isa, 32, 0, 0, 60, 1680, 10, 1, 53220, 53220, 53220
  result is correct!
! 28, isa, 32, 0, 0, 64, 1792, 10, 5, 60323, 60324, 60323
  result is correct!
! 28, isa, 32, 0, 0, 68, 1904, 10, 7, 67858, 67865, 67859
  result is correct!
! 28, isa, 32, 0, 0, 72, 2016, 10, 5, 75839, 75849, 75843
  result is correct!
