>>>>
====
REPO_HOME         := auto-generated-text
RISCV             := auto-generated-text
MPISE_DESTRUCTIVE := 0
MPISE_STATELESS   := 0
----
ARCH              := rv32
TYPE              := ise
RADIX             := 32
PLATFORM          := cva6-fpga
VERSION           := simple
<<<<
bbl loader
! 32, ise, 32, 0, 0, 8, 256, 10, 9, 1130, 1130, 1130
  result is correct!
! 32, ise, 32, 0, 0, 12, 384, 10, 8, 2298, 2302, 2298
  result is correct!
! 32, ise, 32, 0, 0, 16, 512, 10, 8, 3882, 3884, 3882
  result is correct!
! 32, ise, 32, 0, 0, 20, 640, 10, 6, 5882, 5882, 5882
  result is correct!
! 32, ise, 32, 0, 0, 24, 768, 10, 7, 8298, 8314, 8302
  result is correct!
! 32, ise, 32, 0, 0, 28, 896, 10, 6, 11130, 11146, 11138
  result is correct!
! 32, ise, 32, 0, 0, 32, 1024, 10, 5, 14380, 14380, 14380
  result is correct!
! 32, ise, 32, 0, 0, 36, 1152, 10, 4, 18044, 18063, 18052
  result is correct!
! 32, ise, 32, 0, 0, 40, 1280, 10, 3, 22138, 22138, 22138
  result is correct!
! 32, ise, 32, 0, 0, 44, 1408, 10, 5, 26920, 26938, 26932
  result is correct!
! 32, ise, 32, 0, 0, 48, 1536, 10, 4, 31846, 31847, 31846
  result is correct!
! 32, ise, 32, 0, 0, 52, 1664, 10, 4, 37190, 37193, 37191
  result is correct!
! 32, ise, 32, 0, 0, 56, 1792, 10, 7, 42916, 42993, 42942
  result is correct!
! 32, ise, 32, 0, 0, 60, 1920, 10, 4, 49079, 49101, 49089
  result is correct!
! 32, ise, 32, 0, 0, 64, 2048, 10, 4, 55967, 55977, 55973
  result is correct!
