>>>>
====
REPO_HOME         := auto-generated-text
RISCV             := auto-generated-text
MPISE_DESTRUCTIVE := 0
MPISE_STATELESS   := 0
----
ARCH              := rv32
TYPE              := isa
RADIX             := 32
PLATFORM          := cva6-fpga
VERSION           := simple
<<<<
bbl loader
! 32, isa, 32, 0, 0, 8, 256, 10, 8, 1318, 1318, 1318
  result is correct!
! 32, isa, 32, 0, 0, 12, 384, 10, 8, 2726, 2726, 2726
  result is correct!
! 32, isa, 32, 0, 0, 16, 512, 10, 6, 4646, 4654, 4647
  result is correct!
! 32, isa, 32, 0, 0, 20, 640, 10, 7, 7078, 7086, 7079
  result is correct!
! 32, isa, 32, 0, 0, 24, 768, 10, 7, 10022, 10043, 10032
  result is correct!
! 32, isa, 32, 0, 0, 28, 896, 10, 5, 13478, 13499, 13487
  result is correct!
! 32, isa, 32, 0, 0, 32, 1024, 10, 4, 17467, 17467, 17467
  result is correct!
! 32, isa, 32, 0, 0, 36, 1152, 10, 3, 21947, 21947, 21947
  result is correct!
! 32, isa, 32, 0, 0, 40, 1280, 10, 2, 27229, 27231, 27230
  result is correct!
! 32, isa, 32, 0, 0, 44, 1408, 10, 4, 32745, 32746, 32745
  result is correct!
! 32, isa, 32, 0, 0, 48, 1536, 10, 7, 38761, 38781, 38770
  result is correct!
! 32, isa, 32, 0, 0, 52, 1664, 10, 5, 45292, 45309, 45303
  result is correct!
! 32, isa, 32, 0, 0, 56, 1792, 10, 4, 52635, 52637, 52635
  result is correct!
! 32, isa, 32, 0, 0, 60, 1920, 10, 4, 60187, 60187, 60187
  result is correct!
! 32, isa, 32, 0, 0, 64, 2048, 10, 7, 68251, 68254, 68253
  result is correct!
