>>>>
====
REPO_HOME         := auto-generated-text
RISCV             := auto-generated-text
MPISE_DESTRUCTIVE := 0
MPISE_STATELESS   := 0
----
ARCH              := rv32
TYPE              := ise
RADIX             := 24
PLATFORM          := cva6-fpga
VERSION           := simple
<<<<
bbl loader
! 24, ise, 32, 0, 0, 8, 192, 10, 9, 1020, 1020, 1020
  result is correct!
! 24, ise, 32, 0, 0, 12, 288, 10, 8, 2036, 2038, 2036
  result is correct!
! 24, ise, 32, 0, 0, 16, 384, 10, 8, 3404, 3406, 3404
  result is correct!
! 24, ise, 32, 0, 0, 20, 480, 10, 7, 5124, 5126, 5124
  result is correct!
! 24, ise, 32, 0, 0, 24, 576, 10, 7, 7196, 7198, 7196
  result is correct!
! 24, ise, 32, 0, 0, 28, 672, 10, 7, 9620, 9635, 9623
  result is correct!
! 24, ise, 32, 0, 0, 32, 768, 10, 6, 12396, 12423, 12405
  result is correct!
! 24, ise, 32, 0, 0, 36, 864, 10, 5, 15526, 15546, 15530
  result is correct!
! 24, ise, 32, 0, 0, 40, 960, 10, 4, 19006, 19018, 19015
  result is correct!
! 24, ise, 32, 0, 0, 44, 1056, 10, 2, 23139, 23141, 23140
  result is correct!
! 24, ise, 32, 0, 0, 48, 1152, 10, 1, 27335, 27335, 27335
  result is correct!
! 24, ise, 32, 0, 0, 52, 1248, 10, 4, 31871, 31873, 31872
  result is correct!
! 24, ise, 32, 0, 0, 56, 1344, 10, 5, 36759, 36763, 36761
  result is correct!
! 24, ise, 32, 0, 0, 60, 1440, 10, 6, 42001, 42017, 42011
  result is correct!
! 24, ise, 32, 0, 0, 64, 1536, 10, 4, 47591, 47609, 47599
  result is correct!
! 24, ise, 32, 0, 0, 68, 1632, 10, 1, 53826, 53826, 53826
  result is correct!
! 24, ise, 32, 0, 0, 72, 1728, 10, 3, 60134, 60134, 60134
  result is correct!
