>>>>
====
REPO_HOME         := auto-generated-text
RISCV             := auto-generated-text
MPISE_DESTRUCTIVE := 0
MPISE_STATELESS   := 0
----
ARCH              := rv32
TYPE              := isa
RADIX             := 24
PLATFORM          := cva6-fpga
VERSION           := simple
<<<<
bbl loader
! 24, isa, 32, 0, 0, 8, 192, 10, 9, 1227, 1227, 1227
  result is correct!
! 24, isa, 32, 0, 0, 12, 288, 10, 8, 2491, 2498, 2491
  result is correct!
! 24, isa, 32, 0, 0, 16, 384, 10, 8, 4203, 4210, 4203
  result is correct!
! 24, isa, 32, 0, 0, 20, 480, 10, 5, 6363, 6363, 6363
  result is correct!
! 24, isa, 32, 0, 0, 24, 576, 10, 7, 8971, 8997, 8976
  result is correct!
! 24, isa, 32, 0, 0, 28, 672, 10, 6, 12027, 12053, 12037
  result is correct!
! 24, isa, 32, 0, 0, 32, 768, 10, 5, 15538, 15543, 15539
  result is correct!
! 24, isa, 32, 0, 0, 36, 864, 10, 3, 19504, 19504, 19504
  result is correct!
! 24, isa, 32, 0, 0, 40, 960, 10, 2, 24192, 24194, 24193
  result is correct!
! 24, isa, 32, 0, 0, 44, 1056, 10, 2, 29054, 29055, 29054
  result is correct!
! 24, isa, 32, 0, 0, 48, 1152, 10, 7, 34349, 34356, 34352
  result is correct!
! 24, isa, 32, 0, 0, 52, 1248, 10, 7, 40093, 40120, 40105
  result is correct!
! 24, isa, 32, 0, 0, 56, 1344, 10, 4, 46287, 46305, 46296
  result is correct!
! 24, isa, 32, 0, 0, 60, 1440, 10, 1, 53220, 53220, 53220
  result is correct!
! 24, isa, 32, 0, 0, 64, 1536, 10, 5, 60323, 60324, 60323
  result is correct!
! 24, isa, 32, 0, 0, 68, 1632, 10, 7, 67858, 67865, 67859
  result is correct!
! 24, isa, 32, 0, 0, 72, 1728, 10, 5, 75839, 75849, 75843
  result is correct!
