>>>>
====
REPO_HOME         := auto-generated-text
RISCV             := auto-generated-text
MPISE_DESTRUCTIVE := 0
MPISE_STATELESS   := 0
----
ARCH              := rv32
TYPE              := isa
RADIX             := 30
PLATFORM          := cva6-fpga
VERSION           := simple
<<<<
bbl loader
! 30, isa, 32, 0, 0, 8, 240, 10, 9, 1219, 1219, 1219
  result is correct!
! 30, isa, 32, 0, 0, 12, 360, 10, 8, 2479, 2483, 2479
  result is correct!
! 30, isa, 32, 0, 0, 16, 480, 10, 8, 4187, 4191, 4187
  result is correct!
