>>>>
====
REPO_HOME         := auto-generated-text
RISCV             := auto-generated-text
MPISE_DESTRUCTIVE := 0
MPISE_STATELESS   := 0
----
ARCH              := rv32
TYPE              := ise
RADIX             := 25
PLATFORM          := cva6-fpga
VERSION           := hybrid
<<<<
bbl loader
! 25, ise, 32, 0, 0, 8, 200, 10, 9, 467, 467, 467
  result is correct!
! 25, ise, 32, 0, 0, 12, 300, 10, 9, 836, 836, 836
  result is correct!
! 25, ise, 32, 0, 0, 16, 400, 10, 9, 1299, 1299, 1299
  result is correct!
! 25, ise, 32, 0, 0, 20, 500, 10, 8, 1838, 1848, 1839
  result is correct!
! 25, ise, 32, 0, 0, 24, 600, 10, 8, 2477, 2487, 2478
  result is correct!
! 25, ise, 32, 0, 0, 28, 700, 10, 8, 3212, 3214, 3212
  result is correct!
! 25, ise, 32, 0, 0, 32, 800, 10, 8, 4043, 4053, 4044
  result is correct!
! 25, ise, 32, 0, 0, 36, 900, 10, 6, 4970, 4980, 4971
  result is correct!
! 25, ise, 32, 0, 0, 40, 1000, 10, 6, 5993, 5993, 5993
  result is correct!
! 25, ise, 32, 0, 0, 44, 1100, 10, 6, 7112, 7122, 7113
  result is correct!
! 25, ise, 32, 0, 0, 48, 1200, 10, 7, 8327, 8437, 8349
  result is correct!
! 25, ise, 32, 0, 0, 52, 1300, 10, 7, 9638, 9674, 9653
  result is correct!
! 25, ise, 32, 0, 0, 56, 1400, 10, 3, 11045, 11068, 11052
  result is correct!
! 25, ise, 32, 0, 0, 60, 1500, 10, 4, 12548, 12584, 12563
  result is correct!
! 25, ise, 32, 0, 0, 64, 1600, 10, 3, 14170, 14170, 14170
  result is correct!
! 25, ise, 32, 0, 0, 68, 1700, 10, 2, 15865, 15878, 15871
  result is correct!
! 25, ise, 32, 0, 0, 72, 1800, 10, 4, 17743, 17756, 17746
  result is correct!
