! 29, isa, 32, 0, 1, 8, 232, 1218, 62603, 1766
  result is correct!
! 29, isa, 32, 0, 1, 12, 348, 2478, 63817, 3515
  result is correct!
! 29, isa, 32, 0, 1, 16, 464, 4186, 143285, 6168
  result is correct!
! 29, isa, 32, 0, 1, 20, 580, 6342, 149127, 9318
  result is correct!
! 29, isa, 32, 0, 1, 24, 696, 8946, 302922, 13113
  result is correct!
! 29, isa, 32, 0, 1, 28, 812, 11998, 155554, 17503
  result is correct!
! 29, isa, 32, 0, 1, 32, 928, 15498, 341305, 22932
  result is correct!
! 29, isa, 32, 0, 1, 36, 1044, 19446, 345384, 28891
  result is correct!
! 29, isa, 32, 0, 1, 40, 1160, 23842, 174650, 34764
  result is correct!
! 29, isa, 32, 0, 1, 44, 1276, 28686, 352178, 42400
  result is correct!
! 29, isa, 32, 0, 1, 48, 1392, 33978, 360237, 50371
  result is correct!
! 29, isa, 32, 0, 1, 52, 1508, 39718, 364176, 58505
  result is correct!
! 29, isa, 32, 0, 1, 56, 1624, 45906, 370262, 67507
  result is correct!
! 29, isa, 32, 0, 1, 60, 1740, 52542, 378555, 78148
  result is correct!
! 29, isa, 32, 0, 1, 64, 1856, 59626, 386002, 87824
  result is correct!
