! 24, ise, 32, 0, 1, 8, 192, 477, 62995, 726
  result is correct!
! 24, ise, 32, 0, 1, 12, 288, 836, 66841, 1216
  result is correct!
! 24, ise, 32, 0, 1, 16, 384, 1299, 64134, 1858
  result is correct!
! 24, ise, 32, 0, 1, 20, 480, 1838, 64693, 2710
  result is correct!
! 24, ise, 32, 0, 1, 24, 576, 2477, 146843, 3758
  result is correct!
! 24, ise, 32, 0, 1, 28, 672, 3212, 66119, 4710
  result is correct!
! 24, ise, 32, 0, 1, 32, 768, 4043, 67114, 5922
  result is correct!
! 24, ise, 32, 0, 1, 36, 864, 4970, 174141, 7479
  result is correct!
! 24, ise, 32, 0, 1, 40, 960, 5993, 152637, 8914
  result is correct!
! 24, ise, 32, 0, 1, 44, 1056, 7112, 335279, 10716
  result is correct!
! 24, ise, 32, 0, 1, 48, 1152, 8327, 151722, 12268
  result is correct!
! 24, ise, 32, 0, 1, 52, 1248, 9638, 336505, 14669
  result is correct!
! 24, ise, 32, 0, 1, 56, 1344, 11045, 155482, 16319
  result is correct!
! 24, ise, 32, 0, 1, 60, 1440, 12548, 76693, 18370
  result is correct!
! 24, ise, 32, 0, 1, 64, 1536, 14147, 168330, 21002
  result is correct!
! 24, ise, 32, 0, 1, 68, 1632, 15842, 341569, 24135
  result is correct!
! 24, ise, 32, 0, 1, 72, 1728, 17633, 343362, 26512
  result is correct!
