! 20, isa, 32, 0, 1, 8, 160, 1226, 62578, 1711
  result is correct!
! 20, isa, 32, 0, 1, 12, 240, 2490, 145582, 3738
  result is correct!
! 20, isa, 32, 0, 1, 16, 320, 4202, 182085, 6221
  result is correct!
! 20, isa, 32, 0, 1, 20, 400, 6362, 149230, 9254
  result is correct!
! 20, isa, 32, 0, 1, 24, 480, 8970, 151226, 13089
  result is correct!
! 20, isa, 32, 0, 1, 28, 560, 12026, 338916, 17791
  result is correct!
! 20, isa, 32, 0, 1, 32, 640, 15530, 156396, 22628
  result is correct!
! 20, isa, 32, 0, 1, 36, 720, 19482, 344384, 28724
  result is correct!
! 20, isa, 32, 0, 1, 40, 800, 23882, 348011, 35259
  result is correct!
! 20, isa, 32, 0, 1, 44, 880, 28730, 355589, 42151
  result is correct!
! 20, isa, 32, 0, 1, 48, 960, 34026, 359183, 50079
  result is correct!
! 20, isa, 32, 0, 1, 52, 1040, 39770, 364923, 58520
  result is correct!
! 20, isa, 32, 0, 1, 56, 1120, 45962, 371699, 68167
  result is correct!
! 20, isa, 32, 0, 1, 60, 1200, 52602, 377782, 77929
  result is correct!
! 20, isa, 32, 0, 1, 64, 1280, 59690, 384027, 88117
  result is correct!
! 20, isa, 32, 0, 1, 68, 1360, 67226, 393120, 99363
  result is correct!
! 20, isa, 32, 0, 1, 72, 1440, 75210, 401656, 111199
  result is correct!
