! 25, isa, 32, 0, 1, 8, 200, 837, 181365, 1402
  result is correct!
! 25, isa, 32, 0, 1, 12, 300, 1622, 64722, 2378
  result is correct!
! 25, isa, 32, 0, 1, 16, 400, 2671, 149609, 4028
  result is correct!
! 25, isa, 32, 0, 1, 20, 500, 3946, 67690, 5776
  result is correct!
! 25, isa, 32, 0, 1, 24, 600, 5479, 151913, 8043
  result is correct!
! 25, isa, 32, 0, 1, 28, 700, 7266, 152162, 10720
  result is correct!
! 25, isa, 32, 0, 1, 32, 800, 9307, 171763, 13895
  result is correct!
! 25, isa, 32, 0, 1, 36, 900, 11602, 156560, 17038
  result is correct!
! 25, isa, 32, 0, 1, 40, 1000, 14151, 169719, 21189
  result is correct!
! 25, isa, 32, 0, 1, 44, 1100, 16954, 171695, 25186
  result is correct!
! 25, isa, 32, 0, 1, 48, 1200, 20011, 163265, 29536
  result is correct!
! 25, isa, 32, 0, 1, 52, 1300, 23322, 352283, 35249
  result is correct!
! 25, isa, 32, 0, 1, 56, 1400, 26887, 181578, 40149
  result is correct!
! 25, isa, 32, 0, 1, 60, 1500, 30706, 360274, 46132
  result is correct!
! 25, isa, 32, 0, 1, 64, 1600, 34779, 363470, 52044
  result is correct!
! 25, isa, 32, 0, 1, 68, 1700, 39106, 368836, 59013
  result is correct!
! 25, isa, 32, 0, 1, 72, 1800, 43687, 373963, 65417
  result is correct!
