! 24, isa, 32, 0, 1, 8, 192, 838, 64226, 1216
  result is correct!
! 24, isa, 32, 0, 1, 12, 288, 1623, 145776, 2477
  result is correct!
! 24, isa, 32, 0, 1, 16, 384, 2672, 66323, 3867
  result is correct!
! 24, isa, 32, 0, 1, 20, 480, 3947, 184923, 5979
  result is correct!
! 24, isa, 32, 0, 1, 24, 576, 5480, 69227, 8007
  result is correct!
! 24, isa, 32, 0, 1, 28, 672, 7267, 154524, 10720
  result is correct!
! 24, isa, 32, 0, 1, 32, 768, 9308, 155030, 13845
  result is correct!
! 24, isa, 32, 0, 1, 36, 864, 11603, 166154, 17170
  result is correct!
! 24, isa, 32, 0, 1, 40, 960, 14152, 159943, 20926
  result is correct!
! 24, isa, 32, 0, 1, 44, 1056, 16955, 345921, 25521
  result is correct!
! 24, isa, 32, 0, 1, 48, 1152, 20012, 172354, 29723
  result is correct!
! 24, isa, 32, 0, 1, 52, 1248, 23323, 177037, 34759
  result is correct!
! 24, isa, 32, 0, 1, 56, 1344, 26888, 355966, 40333
  result is correct!
! 24, isa, 32, 0, 1, 60, 1440, 30707, 367095, 46150
  result is correct!
! 24, isa, 32, 0, 1, 64, 1536, 34780, 364756, 52143
  result is correct!
! 24, isa, 32, 0, 1, 68, 1632, 39107, 368254, 59073
  result is correct!
! 24, isa, 32, 0, 1, 72, 1728, 43688, 372222, 66046
  result is correct!
