! 26, ise, 32, 0, 1, 8, 208, 1019, 62891, 1506
  result is correct!
! 26, ise, 32, 0, 1, 12, 312, 2035, 196501, 3163
  result is correct!
! 26, ise, 32, 0, 1, 16, 416, 3403, 65291, 4925
  result is correct!
! 26, ise, 32, 0, 1, 20, 520, 5123, 148029, 7478
  result is correct!
! 26, ise, 32, 0, 1, 24, 624, 7195, 69432, 10380
  result is correct!
! 26, ise, 32, 0, 1, 28, 728, 9619, 334690, 14520
  result is correct!
! 26, ise, 32, 0, 1, 32, 832, 12395, 164450, 18337
  result is correct!
! 26, ise, 32, 0, 1, 36, 936, 15523, 293370, 22690
  result is correct!
! 26, ise, 32, 0, 1, 40, 1040, 19003, 171927, 27933
  result is correct!
! 26, ise, 32, 0, 1, 44, 1144, 22835, 345972, 33873
  result is correct!
! 26, ise, 32, 0, 1, 48, 1248, 27019, 179684, 39475
  result is correct!
! 26, ise, 32, 0, 1, 52, 1352, 31555, 356671, 46423
  result is correct!
! 26, ise, 32, 0, 1, 56, 1456, 36443, 363492, 53858
  result is correct!
! 26, ise, 32, 0, 1, 60, 1560, 41683, 366659, 61837
  result is correct!
! 26, ise, 32, 0, 1, 64, 1664, 47275, 374084, 69640
  result is correct!
