! 23, isa, 32, 0, 1, 8, 184, 1226, 143900, 1928
  result is correct!
! 23, isa, 32, 0, 1, 12, 276, 2490, 180355, 3839
  result is correct!
! 23, isa, 32, 0, 1, 16, 368, 4202, 65731, 6025
  result is correct!
! 23, isa, 32, 0, 1, 20, 460, 6362, 67935, 9158
  result is correct!
! 23, isa, 32, 0, 1, 24, 552, 8970, 175800, 13113
  result is correct!
! 23, isa, 32, 0, 1, 28, 644, 12026, 337294, 17789
  result is correct!
! 23, isa, 32, 0, 1, 32, 736, 15530, 340584, 22917
  result is correct!
! 23, isa, 32, 0, 1, 36, 828, 19482, 343624, 29060
  result is correct!
! 23, isa, 32, 0, 1, 40, 920, 23882, 349335, 35261
  result is correct!
! 23, isa, 32, 0, 1, 44, 1012, 28730, 353780, 42383
  result is correct!
! 23, isa, 32, 0, 1, 48, 1104, 34026, 359379, 50175
  result is correct!
! 23, isa, 32, 0, 1, 52, 1196, 39770, 376618, 58259
  result is correct!
! 23, isa, 32, 0, 1, 56, 1288, 45962, 372193, 68250
  result is correct!
! 23, isa, 32, 0, 1, 60, 1380, 52602, 378142, 78009
  result is correct!
! 23, isa, 32, 0, 1, 64, 1472, 59690, 386454, 88089
  result is correct!
! 23, isa, 32, 0, 1, 68, 1564, 67226, 393461, 99575
  result is correct!
! 23, isa, 32, 0, 1, 72, 1656, 75210, 401501, 111044
  result is correct!
