! 23, ise, 32, 0, 1, 8, 184, 475, 62890, 663
  result is correct!
! 23, ise, 32, 0, 1, 12, 276, 845, 64036, 1282
  result is correct!
! 23, ise, 32, 0, 1, 16, 368, 1308, 63897, 1929
  result is correct!
! 23, ise, 32, 0, 1, 20, 460, 1847, 181390, 2919
  result is correct!
! 23, ise, 32, 0, 1, 24, 552, 2486, 69032, 3684
  result is correct!
! 23, ise, 32, 0, 1, 28, 644, 3221, 66321, 4722
  result is correct!
! 23, ise, 32, 0, 1, 32, 736, 4052, 147692, 6012
  result is correct!
! 23, ise, 32, 0, 1, 36, 828, 4979, 68258, 7240
  result is correct!
! 23, ise, 32, 0, 1, 40, 920, 6002, 151135, 9017
  result is correct!
! 23, ise, 32, 0, 1, 44, 1012, 7121, 152254, 10492
  result is correct!
! 23, ise, 32, 0, 1, 48, 1104, 8336, 337589, 12968
  result is correct!
! 23, ise, 32, 0, 1, 52, 1196, 9647, 152413, 14222
  result is correct!
! 23, ise, 32, 0, 1, 56, 1288, 11054, 155686, 16331
  result is correct!
! 23, ise, 32, 0, 1, 60, 1380, 12557, 338365, 19164
  result is correct!
! 23, ise, 32, 0, 1, 64, 1472, 14156, 341256, 21718
  result is correct!
! 23, ise, 32, 0, 1, 68, 1564, 15851, 169299, 23422
  result is correct!
! 23, ise, 32, 0, 1, 72, 1656, 17642, 170618, 26173
  result is correct!
