! 25, isa, 32, 0, 1, 8, 200, 1226, 62710, 1771
  result is correct!
! 25, isa, 32, 0, 1, 12, 300, 2490, 327160, 4229
  result is correct!
! 25, isa, 32, 0, 1, 16, 400, 4202, 65466, 6021
  result is correct!
! 25, isa, 32, 0, 1, 20, 500, 6362, 67990, 9164
  result is correct!
! 25, isa, 32, 0, 1, 24, 600, 8970, 337107, 13817
  result is correct!
! 25, isa, 32, 0, 1, 28, 700, 12026, 155485, 17430
  result is correct!
! 25, isa, 32, 0, 1, 32, 800, 15530, 179184, 22647
  result is correct!
! 25, isa, 32, 0, 1, 36, 900, 19482, 160753, 28257
  result is correct!
! 25, isa, 32, 0, 1, 40, 1000, 23882, 358132, 35535
  result is correct!
! 25, isa, 32, 0, 1, 44, 1100, 28730, 181772, 41965
  result is correct!
! 25, isa, 32, 0, 1, 48, 1200, 34026, 359016, 50229
  result is correct!
! 25, isa, 32, 0, 1, 52, 1300, 39770, 364403, 58542
  result is correct!
! 25, isa, 32, 0, 1, 56, 1400, 45962, 372270, 67768
  result is correct!
! 25, isa, 32, 0, 1, 60, 1500, 52602, 375947, 77659
  result is correct!
! 25, isa, 32, 0, 1, 64, 1600, 59690, 385000, 88278
  result is correct!
! 25, isa, 32, 0, 1, 68, 1700, 67226, 393677, 99253
  result is correct!
! 25, isa, 32, 0, 1, 72, 1800, 75210, 400062, 111217
  result is correct!
