! 22, ise, 32, 0, 1, 8, 176, 475, 63263, 662
  result is correct!
! 22, ise, 32, 0, 1, 12, 264, 845, 63737, 1220
  result is correct!
! 22, ise, 32, 0, 1, 16, 352, 1308, 63763, 1867
  result is correct!
! 22, ise, 32, 0, 1, 20, 440, 1847, 64941, 2659
  result is correct!
! 22, ise, 32, 0, 1, 24, 528, 2486, 195821, 3825
  result is correct!
! 22, ise, 32, 0, 1, 28, 616, 3221, 332070, 5018
  result is correct!
! 22, ise, 32, 0, 1, 32, 704, 4052, 147795, 6028
  result is correct!
! 22, ise, 32, 0, 1, 36, 792, 4979, 68362, 7296
  result is correct!
! 22, ise, 32, 0, 1, 40, 880, 6002, 174660, 8989
  result is correct!
! 22, ise, 32, 0, 1, 44, 968, 7121, 152578, 10558
  result is correct!
! 22, ise, 32, 0, 1, 48, 1056, 8336, 161579, 12514
  result is correct!
! 22, ise, 32, 0, 1, 52, 1144, 9647, 154460, 14289
  result is correct!
! 22, ise, 32, 0, 1, 56, 1232, 11054, 337996, 16887
  result is correct!
! 22, ise, 32, 0, 1, 60, 1320, 12557, 166423, 18709
  result is correct!
! 22, ise, 32, 0, 1, 64, 1408, 14156, 160527, 20914
  result is correct!
! 22, ise, 32, 0, 1, 68, 1496, 15851, 161200, 23380
  result is correct!
! 22, ise, 32, 0, 1, 72, 1584, 17642, 163332, 26008
  result is correct!
