! 20, isa, 32, 0, 1, 8, 160, 837, 63961, 1215
  result is correct!
! 20, isa, 32, 0, 1, 12, 240, 1622, 65457, 2318
  result is correct!
! 20, isa, 32, 0, 1, 16, 320, 2671, 185614, 4130
  result is correct!
! 20, isa, 32, 0, 1, 20, 400, 3946, 67521, 5776
  result is correct!
! 20, isa, 32, 0, 1, 24, 480, 5479, 69199, 8074
  result is correct!
! 20, isa, 32, 0, 1, 28, 560, 7266, 178913, 10970
  result is correct!
! 20, isa, 32, 0, 1, 32, 640, 9307, 155042, 13714
  result is correct!
! 20, isa, 32, 0, 1, 36, 720, 11602, 341882, 17528
  result is correct!
! 20, isa, 32, 0, 1, 40, 800, 14151, 159340, 20883
  result is correct!
! 20, isa, 32, 0, 1, 44, 880, 16954, 169929, 25254
  result is correct!
! 20, isa, 32, 0, 1, 48, 960, 20011, 349147, 30168
  result is correct!
! 20, isa, 32, 0, 1, 52, 1040, 23322, 352724, 34929
  result is correct!
! 20, isa, 32, 0, 1, 56, 1120, 26887, 357219, 40491
  result is correct!
! 20, isa, 32, 0, 1, 60, 1200, 30706, 185841, 45683
  result is correct!
! 20, isa, 32, 0, 1, 64, 1280, 34779, 365363, 52335
  result is correct!
! 20, isa, 32, 0, 1, 68, 1360, 39106, 367897, 58730
  result is correct!
! 20, isa, 32, 0, 1, 72, 1440, 43687, 374404, 65876
  result is correct!
