! 21, ise, 32, 0, 1, 8, 168, 1023, 177869, 1637
  result is correct!
! 21, ise, 32, 0, 1, 12, 252, 2039, 63533, 2952
  result is correct!
! 21, ise, 32, 0, 1, 16, 336, 3407, 145125, 5027
  result is correct!
! 21, ise, 32, 0, 1, 20, 420, 5127, 331623, 7647
  result is correct!
! 21, ise, 32, 0, 1, 24, 504, 7199, 181946, 10639
  result is correct!
! 21, ise, 32, 0, 1, 28, 588, 9623, 71910, 13911
  result is correct!
! 21, ise, 32, 0, 1, 32, 672, 12399, 154207, 18067
  result is correct!
! 21, ise, 32, 0, 1, 36, 756, 15527, 168626, 22728
  result is correct!
! 21, ise, 32, 0, 1, 40, 840, 19007, 170382, 28066
  result is correct!
! 21, ise, 32, 0, 1, 44, 924, 22839, 349865, 33352
  result is correct!
! 21, ise, 32, 0, 1, 48, 1008, 27023, 352746, 39945
  result is correct!
! 21, ise, 32, 0, 1, 52, 1092, 31559, 358840, 46557
  result is correct!
! 21, ise, 32, 0, 1, 56, 1176, 36447, 361631, 53621
  result is correct!
! 21, ise, 32, 0, 1, 60, 1260, 41687, 366116, 61250
  result is correct!
! 21, ise, 32, 0, 1, 64, 1344, 47279, 383109, 69472
  result is correct!
! 21, ise, 32, 0, 1, 68, 1428, 53223, 378515, 78350
  result is correct!
! 21, ise, 32, 0, 1, 72, 1512, 59519, 394193, 88144
  result is correct!
