! 23, ise, 32, 0, 1, 8, 184, 1023, 62014, 1508
  result is correct!
! 23, ise, 32, 0, 1, 12, 276, 2039, 63348, 2952
  result is correct!
! 23, ise, 32, 0, 1, 16, 368, 3407, 65205, 4933
  result is correct!
! 23, ise, 32, 0, 1, 20, 460, 5127, 181515, 7521
  result is correct!
! 23, ise, 32, 0, 1, 24, 552, 7199, 151057, 10536
  result is correct!
! 23, ise, 32, 0, 1, 28, 644, 9623, 153427, 13999
  result is correct!
! 23, ise, 32, 0, 1, 32, 736, 12399, 74344, 17912
  result is correct!
! 23, ise, 32, 0, 1, 36, 828, 15527, 158953, 22495
  result is correct!
! 23, ise, 32, 0, 1, 40, 920, 19007, 160498, 27644
  result is correct!
! 23, ise, 32, 0, 1, 44, 1012, 22839, 175269, 33430
  result is correct!
! 23, ise, 32, 0, 1, 48, 1104, 27023, 353803, 39983
  result is correct!
! 23, ise, 32, 0, 1, 52, 1196, 31559, 359286, 46511
  result is correct!
! 23, ise, 32, 0, 1, 56, 1288, 36447, 362746, 53634
  result is correct!
! 23, ise, 32, 0, 1, 60, 1380, 41687, 366109, 61728
  result is correct!
! 23, ise, 32, 0, 1, 64, 1472, 47279, 372753, 69730
  result is correct!
! 23, ise, 32, 0, 1, 68, 1564, 53223, 378945, 78487
  result is correct!
! 23, ise, 32, 0, 1, 72, 1656, 59519, 385824, 88453
  result is correct!
