! 26, isa, 32, 0, 1, 8, 208, 837, 63723, 1151
  result is correct!
! 26, isa, 32, 0, 1, 12, 312, 1622, 66027, 2378
  result is correct!
! 26, isa, 32, 0, 1, 16, 416, 2671, 66732, 3934
  result is correct!
! 26, isa, 32, 0, 1, 20, 520, 3946, 181741, 5975
  result is correct!
! 26, isa, 32, 0, 1, 24, 624, 5479, 69486, 8008
  result is correct!
! 26, isa, 32, 0, 1, 28, 728, 7266, 334751, 11145
  result is correct!
! 26, isa, 32, 0, 1, 32, 832, 9307, 73386, 13623
  result is correct!
! 26, isa, 32, 0, 1, 36, 936, 11602, 341356, 17789
  result is correct!
! 26, isa, 32, 0, 1, 40, 1040, 14151, 340937, 21224
  result is correct!
! 26, isa, 32, 0, 1, 44, 1144, 16954, 345342, 25560
  result is correct!
! 26, isa, 32, 0, 1, 48, 1248, 20011, 345718, 30245
  result is correct!
! 26, isa, 32, 0, 1, 52, 1352, 23322, 302987, 34723
  result is correct!
! 26, isa, 32, 0, 1, 56, 1456, 26887, 355926, 40613
  result is correct!
! 26, isa, 32, 0, 1, 60, 1560, 30706, 359089, 45968
  result is correct!
! 26, isa, 32, 0, 1, 64, 1664, 34779, 361891, 52300
  result is correct!
! 26, isa, 32, 0, 1, 68, 1768, 39106, 376180, 58473
  result is correct!
! 26, isa, 32, 0, 1, 72, 1872, 43687, 373569, 65979
  result is correct!
