! 24, ise, 32, 0, 1, 8, 192, 1020, 71286, 1462
  result is correct!
! 24, ise, 32, 0, 1, 12, 288, 2036, 63461, 2889
  result is correct!
! 24, ise, 32, 0, 1, 16, 384, 3404, 327501, 5376
  result is correct!
! 24, ise, 32, 0, 1, 20, 480, 5124, 66769, 7322
  result is correct!
! 24, ise, 32, 0, 1, 24, 576, 7196, 151473, 10413
  result is correct!
! 24, ise, 32, 0, 1, 28, 672, 9620, 176184, 14190
  result is correct!
! 24, ise, 32, 0, 1, 32, 768, 12396, 338123, 18527
  result is correct!
! 24, ise, 32, 0, 1, 36, 864, 15524, 158390, 22559
  result is correct!
! 24, ise, 32, 0, 1, 40, 960, 19004, 345880, 28259
  result is correct!
! 24, ise, 32, 0, 1, 44, 1056, 22836, 349532, 33960
  result is correct!
! 24, ise, 32, 0, 1, 48, 1152, 27020, 170522, 39445
  result is correct!
! 24, ise, 32, 0, 1, 52, 1248, 31556, 358053, 46562
  result is correct!
! 24, ise, 32, 0, 1, 56, 1344, 36444, 360964, 53890
  result is correct!
! 24, ise, 32, 0, 1, 60, 1440, 41684, 366375, 61418
  result is correct!
! 24, ise, 32, 0, 1, 64, 1536, 47276, 374067, 69922
  result is correct!
! 24, ise, 32, 0, 1, 68, 1632, 53220, 380963, 79238
  result is correct!
! 24, ise, 32, 0, 1, 72, 1728, 59516, 385089, 88092
  result is correct!
