! 21, isa, 32, 0, 1, 8, 168, 837, 330942, 1663
  result is correct!
! 21, isa, 32, 0, 1, 12, 252, 1622, 64952, 2380
  result is correct!
! 21, isa, 32, 0, 1, 16, 336, 2671, 66222, 3936
  result is correct!
! 21, isa, 32, 0, 1, 20, 420, 3946, 67724, 5657
  result is correct!
! 21, isa, 32, 0, 1, 24, 504, 5479, 187381, 8311
  result is correct!
! 21, isa, 32, 0, 1, 28, 588, 7266, 151983, 10940
  result is correct!
! 21, isa, 32, 0, 1, 32, 672, 9307, 310341, 13937
  result is correct!
! 21, isa, 32, 0, 1, 36, 756, 11602, 157431, 17121
  result is correct!
! 21, isa, 32, 0, 1, 40, 840, 14151, 344060, 21480
  result is correct!
! 21, isa, 32, 0, 1, 44, 924, 16954, 345786, 25555
  result is correct!
! 21, isa, 32, 0, 1, 48, 1008, 20011, 349035, 30121
  result is correct!
! 21, isa, 32, 0, 1, 52, 1092, 23322, 179029, 34664
  result is correct!
! 21, isa, 32, 0, 1, 56, 1176, 26887, 357448, 40291
  result is correct!
! 21, isa, 32, 0, 1, 60, 1260, 30706, 360532, 46148
  result is correct!
! 21, isa, 32, 0, 1, 64, 1344, 34779, 363251, 52260
  result is correct!
! 21, isa, 32, 0, 1, 68, 1428, 39106, 377697, 58676
  result is correct!
! 21, isa, 32, 0, 1, 72, 1512, 43687, 374033, 66263
  result is correct!
