! 21, ise, 32, 0, 1, 8, 168, 475, 64175, 725
  result is correct!
! 21, ise, 32, 0, 1, 12, 252, 845, 330059, 1670
  result is correct!
! 21, ise, 32, 0, 1, 16, 336, 1308, 63570, 1868
  result is correct!
! 21, ise, 32, 0, 1, 20, 420, 1847, 148908, 2821
  result is correct!
! 21, ise, 32, 0, 1, 24, 504, 2486, 65458, 3609
  result is correct!
! 21, ise, 32, 0, 1, 28, 588, 3221, 183367, 4799
  result is correct!
! 21, ise, 32, 0, 1, 32, 672, 4052, 149459, 5966
  result is correct!
! 21, ise, 32, 0, 1, 36, 756, 4979, 332069, 7626
  result is correct!
! 21, ise, 32, 0, 1, 40, 840, 6002, 200850, 8906
  result is correct!
! 21, ise, 32, 0, 1, 44, 924, 7121, 151964, 10518
  result is correct!
! 21, ise, 32, 0, 1, 48, 1008, 8336, 154797, 12347
  result is correct!
! 21, ise, 32, 0, 1, 52, 1092, 9647, 154436, 14223
  result is correct!
! 21, ise, 32, 0, 1, 56, 1176, 11054, 164758, 16287
  result is correct!
! 21, ise, 32, 0, 1, 60, 1260, 12557, 342933, 18998
  result is correct!
! 21, ise, 32, 0, 1, 64, 1344, 14156, 340752, 21267
  result is correct!
! 21, ise, 32, 0, 1, 68, 1428, 15851, 342878, 23999
  result is correct!
! 21, ise, 32, 0, 1, 72, 1512, 17642, 345407, 26457
  result is correct!
