! 26, isa, 32, 0, 1, 8, 208, 1226, 62053, 1711
  result is correct!
! 26, isa, 32, 0, 1, 12, 312, 2490, 63639, 3583
  result is correct!
! 26, isa, 32, 0, 1, 16, 416, 4202, 146248, 6107
  result is correct!
! 26, isa, 32, 0, 1, 20, 520, 6362, 341285, 9774
  result is correct!
! 26, isa, 32, 0, 1, 24, 624, 8970, 71152, 12934
  result is correct!
! 26, isa, 32, 0, 1, 28, 728, 12026, 335027, 18087
  result is correct!
! 26, isa, 32, 0, 1, 32, 832, 15530, 341198, 23056
  result is correct!
! 26, isa, 32, 0, 1, 36, 936, 19482, 343325, 28832
  result is correct!
! 26, isa, 32, 0, 1, 40, 1040, 23882, 348647, 35094
  result is correct!
! 26, isa, 32, 0, 1, 44, 1144, 28730, 354442, 42360
  result is correct!
! 26, isa, 32, 0, 1, 48, 1248, 34026, 359046, 50084
  result is correct!
! 26, isa, 32, 0, 1, 52, 1352, 39770, 362111, 58257
  result is correct!
! 26, isa, 32, 0, 1, 56, 1456, 45962, 371821, 68116
  result is correct!
! 26, isa, 32, 0, 1, 60, 1560, 52602, 378805, 77632
  result is correct!
! 26, isa, 32, 0, 1, 64, 1664, 59690, 385343, 88321
  result is correct!
! 26, isa, 32, 0, 1, 68, 1768, 67226, 393414, 99261
  result is correct!
! 26, isa, 32, 0, 1, 72, 1872, 75211, 399799, 110825
  result is correct!
