! 23, isa, 32, 0, 1, 8, 184, 837, 64306, 1277
  result is correct!
! 23, isa, 32, 0, 1, 12, 276, 1622, 65121, 2377
  result is correct!
! 23, isa, 32, 0, 1, 16, 368, 2671, 331101, 4380
  result is correct!
! 23, isa, 32, 0, 1, 20, 460, 3946, 148972, 5877
  result is correct!
! 23, isa, 32, 0, 1, 24, 552, 5479, 69124, 8007
  result is correct!
! 23, isa, 32, 0, 1, 28, 644, 7266, 71030, 10624
  result is correct!
! 23, isa, 32, 0, 1, 32, 736, 9307, 73278, 13551
  result is correct!
! 23, isa, 32, 0, 1, 36, 828, 11602, 341678, 17623
  result is correct!
! 23, isa, 32, 0, 1, 40, 920, 14151, 344939, 21383
  result is correct!
! 23, isa, 32, 0, 1, 44, 1012, 16954, 346256, 25643
  result is correct!
! 23, isa, 32, 0, 1, 48, 1104, 20011, 348698, 30160
  result is correct!
! 23, isa, 32, 0, 1, 52, 1196, 23322, 353049, 35043
  result is correct!
! 23, isa, 32, 0, 1, 56, 1288, 26887, 354414, 40427
  result is correct!
! 23, isa, 32, 0, 1, 60, 1380, 30706, 185574, 45943
  result is correct!
! 23, isa, 32, 0, 1, 64, 1472, 34779, 362511, 52335
  result is correct!
! 23, isa, 32, 0, 1, 68, 1564, 39106, 365311, 58759
  result is correct!
! 23, isa, 32, 0, 1, 72, 1656, 43687, 369583, 65551
  result is correct!
