! 32, isa, 32, 0, 1, 8, 256, 1318, 62855, 1927
  result is correct!
! 32, isa, 32, 0, 1, 12, 384, 2726, 64106, 3941
  result is correct!
! 32, isa, 32, 0, 1, 16, 512, 4646, 66042, 6711
  result is correct!
! 32, isa, 32, 0, 1, 20, 640, 7078, 331369, 10628
  result is correct!
! 32, isa, 32, 0, 1, 24, 768, 10022, 72067, 14414
  result is correct!
! 32, isa, 32, 0, 1, 28, 896, 13478, 156248, 19506
  result is correct!
! 32, isa, 32, 0, 1, 32, 1024, 17446, 341869, 25917
  result is correct!
! 32, isa, 32, 0, 1, 36, 1152, 21926, 165179, 31938
  result is correct!
! 32, isa, 32, 0, 1, 40, 1280, 26918, 352615, 39669
  result is correct!
! 32, isa, 32, 0, 1, 44, 1408, 32422, 357081, 47595
  result is correct!
! 32, isa, 32, 0, 1, 48, 1536, 38438, 364195, 56600
  result is correct!
! 32, isa, 32, 0, 1, 52, 1664, 44966, 368317, 66081
  result is correct!
! 32, isa, 32, 0, 1, 56, 1792, 52006, 376623, 76580
  result is correct!
! 32, isa, 32, 0, 1, 60, 1920, 59558, 385465, 87960
  result is correct!
! 32, isa, 32, 0, 1, 64, 2048, 67625, 393950, 100051
  result is correct!
