for i in *.log ; do echo "-----------------Showing $i-----------------" ; cat 
$i ; done
-----------------Showing intmul-rv32_isa_20_hybrid.log-----------------
! 20, isa, 32, 0, 1, 8, 160, 837, 63961, 1215
  result is correct!
! 20, isa, 32, 0, 1, 12, 240, 1622, 65457, 2318
  result is correct!
! 20, isa, 32, 0, 1, 16, 320, 2671, 185614, 4130
  result is correct!
! 20, isa, 32, 0, 1, 20, 400, 3946, 67521, 5776
  result is correct!
! 20, isa, 32, 0, 1, 24, 480, 5479, 69199, 8074
  result is correct!
! 20, isa, 32, 0, 1, 28, 560, 7266, 178913, 10970
  result is correct!
! 20, isa, 32, 0, 1, 32, 640, 9307, 155042, 13714
  result is correct!
! 20, isa, 32, 0, 1, 36, 720, 11602, 341882, 17528
  result is correct!
! 20, isa, 32, 0, 1, 40, 800, 14151, 159340, 20883
  result is correct!
! 20, isa, 32, 0, 1, 44, 880, 16954, 169929, 25254
  result is correct!
! 20, isa, 32, 0, 1, 48, 960, 20011, 349147, 30168
  result is correct!
! 20, isa, 32, 0, 1, 52, 1040, 23322, 352724, 34929
  result is correct!
! 20, isa, 32, 0, 1, 56, 1120, 26887, 357219, 40491
  result is correct!
! 20, isa, 32, 0, 1, 60, 1200, 30706, 185841, 45683
  result is correct!
! 20, isa, 32, 0, 1, 64, 1280, 34779, 365363, 52335
  result is correct!
! 20, isa, 32, 0, 1, 68, 1360, 39106, 367897, 58730
  result is correct!
! 20, isa, 32, 0, 1, 72, 1440, 43687, 374404, 65876
  result is correct!
-----------------Showing intmul-rv32_isa_20_simple.log-----------------
! 20, isa, 32, 0, 1, 8, 160, 1226, 62578, 1711
  result is correct!
! 20, isa, 32, 0, 1, 12, 240, 2490, 145582, 3738
  result is correct!
! 20, isa, 32, 0, 1, 16, 320, 4202, 182085, 6221
  result is correct!
! 20, isa, 32, 0, 1, 20, 400, 6362, 149230, 9254
  result is correct!
! 20, isa, 32, 0, 1, 24, 480, 8970, 151226, 13089
  result is correct!
! 20, isa, 32, 0, 1, 28, 560, 12026, 338916, 17791
  result is correct!
! 20, isa, 32, 0, 1, 32, 640, 15530, 156396, 22628
  result is correct!
! 20, isa, 32, 0, 1, 36, 720, 19482, 344384, 28724
  result is correct!
! 20, isa, 32, 0, 1, 40, 800, 23882, 348011, 35259
  result is correct!
! 20, isa, 32, 0, 1, 44, 880, 28730, 355589, 42151
  result is correct!
! 20, isa, 32, 0, 1, 48, 960, 34026, 359183, 50079
  result is correct!
! 20, isa, 32, 0, 1, 52, 1040, 39770, 364923, 58520
  result is correct!
! 20, isa, 32, 0, 1, 56, 1120, 45962, 371699, 68167
  result is correct!
! 20, isa, 32, 0, 1, 60, 1200, 52602, 377782, 77929
  result is correct!
! 20, isa, 32, 0, 1, 64, 1280, 59690, 384027, 88117
  result is correct!
! 20, isa, 32, 0, 1, 68, 1360, 67226, 393120, 99363
  result is correct!
! 20, isa, 32, 0, 1, 72, 1440, 75210, 401656, 111199
  result is correct!
-----------------Showing intmul-rv32_isa_21_hybrid.log-----------------
! 21, isa, 32, 0, 1, 8, 168, 837, 330942, 1663
  result is correct!
! 21, isa, 32, 0, 1, 12, 252, 1622, 64952, 2380
  result is correct!
! 21, isa, 32, 0, 1, 16, 336, 2671, 66222, 3936
  result is correct!
! 21, isa, 32, 0, 1, 20, 420, 3946, 67724, 5657
  result is correct!
! 21, isa, 32, 0, 1, 24, 504, 5479, 187381, 8311
  result is correct!
! 21, isa, 32, 0, 1, 28, 588, 7266, 151983, 10940
  result is correct!
! 21, isa, 32, 0, 1, 32, 672, 9307, 310341, 13937
  result is correct!
! 21, isa, 32, 0, 1, 36, 756, 11602, 157431, 17121
  result is correct!
! 21, isa, 32, 0, 1, 40, 840, 14151, 344060, 21480
  result is correct!
! 21, isa, 32, 0, 1, 44, 924, 16954, 345786, 25555
  result is correct!
! 21, isa, 32, 0, 1, 48, 1008, 20011, 349035, 30121
  result is correct!
! 21, isa, 32, 0, 1, 52, 1092, 23322, 179029, 34664
  result is correct!
! 21, isa, 32, 0, 1, 56, 1176, 26887, 357448, 40291
  result is correct!
! 21, isa, 32, 0, 1, 60, 1260, 30706, 360532, 46148
  result is correct!
! 21, isa, 32, 0, 1, 64, 1344, 34779, 363251, 52260
  result is correct!
! 21, isa, 32, 0, 1, 68, 1428, 39106, 377697, 58676
  result is correct!
! 21, isa, 32, 0, 1, 72, 1512, 43687, 374033, 66263
  result is correct!
-----------------Showing intmul-rv32_isa_21_simple.log-----------------
! 21, isa, 32, 0, 1, 8, 168, 1226, 62448, 1773
  result is correct!
! 21, isa, 32, 0, 1, 12, 252, 2490, 63961, 3523
  result is correct!
! 21, isa, 32, 0, 1, 16, 336, 4202, 65660, 6085
  result is correct!
! 21, isa, 32, 0, 1, 20, 420, 6362, 146782, 9256
  result is correct!
! 21, isa, 32, 0, 1, 24, 504, 8970, 149906, 13028
  result is correct!
! 21, isa, 32, 0, 1, 28, 588, 12026, 175399, 17556
  result is correct!
! 21, isa, 32, 0, 1, 32, 672, 15530, 338837, 23094
  result is correct!
! 21, isa, 32, 0, 1, 36, 756, 19482, 345645, 28836
  result is correct!
! 21, isa, 32, 0, 1, 40, 840, 23882, 302224, 34680
  result is correct!
! 21, isa, 32, 0, 1, 44, 924, 28730, 354971, 42381
  result is correct!
! 21, isa, 32, 0, 1, 48, 1008, 34026, 357720, 50040
  result is correct!
! 21, isa, 32, 0, 1, 52, 1092, 39770, 364693, 58679
  result is correct!
! 21, isa, 32, 0, 1, 56, 1176, 45962, 386024, 67384
  result is correct!
! 21, isa, 32, 0, 1, 60, 1260, 52602, 378260, 77725
  result is correct!
! 21, isa, 32, 0, 1, 64, 1344, 59690, 383862, 87769
  result is correct!
! 21, isa, 32, 0, 1, 68, 1428, 67226, 393337, 99413
  result is correct!
! 21, isa, 32, 0, 1, 72, 1512, 75210, 401661, 111588
  result is correct!
-----------------Showing intmul-rv32_isa_22_hybrid.log-----------------
! 22, isa, 32, 0, 1, 8, 176, 837, 64105, 1214
  result is correct!
! 22, isa, 32, 0, 1, 12, 264, 1622, 64932, 2378
  result is correct!
! 22, isa, 32, 0, 1, 16, 352, 2671, 182423, 4064
  result is correct!
! 22, isa, 32, 0, 1, 20, 440, 3946, 69836, 5782
  result is correct!
! 22, isa, 32, 0, 1, 24, 528, 5479, 151292, 8168
  result is correct!
! 22, isa, 32, 0, 1, 28, 616, 7266, 176105, 10813
  result is correct!
! 22, isa, 32, 0, 1, 32, 704, 9307, 339143, 14373
  result is correct!
! 22, isa, 32, 0, 1, 36, 792, 11602, 167124, 17335
  result is correct!
! 22, isa, 32, 0, 1, 40, 880, 14151, 159233, 20926
  result is correct!
! 22, isa, 32, 0, 1, 44, 968, 16954, 298413, 25080
  result is correct!
! 22, isa, 32, 0, 1, 48, 1056, 20011, 300894, 29770
  result is correct!
! 22, isa, 32, 0, 1, 52, 1144, 23322, 351859, 35259
  result is correct!
! 22, isa, 32, 0, 1, 56, 1232, 26887, 179787, 40057
  result is correct!
! 22, isa, 32, 0, 1, 60, 1320, 30706, 359163, 46227
  result is correct!
! 22, isa, 32, 0, 1, 64, 1408, 34779, 365111, 52336
  result is correct!
! 22, isa, 32, 0, 1, 68, 1496, 39106, 366641, 58674
  result is correct!
! 22, isa, 32, 0, 1, 72, 1584, 43687, 373534, 65560
  result is correct!
-----------------Showing intmul-rv32_isa_22_simple.log-----------------
! 22, isa, 32, 0, 1, 8, 176, 1226, 62463, 1772
  result is correct!
! 22, isa, 32, 0, 1, 12, 264, 2490, 64238, 3525
  result is correct!
! 22, isa, 32, 0, 1, 16, 352, 4202, 146486, 6187
  result is correct!
! 22, isa, 32, 0, 1, 20, 440, 6362, 68038, 9163
  result is correct!
! 22, isa, 32, 0, 1, 24, 528, 8970, 335866, 13383
  result is correct!
! 22, isa, 32, 0, 1, 28, 616, 12026, 153790, 17368
  result is correct!
! 22, isa, 32, 0, 1, 32, 704, 15530, 166070, 22709
  result is correct!
! 22, isa, 32, 0, 1, 36, 792, 19482, 171072, 28523
  result is correct!
! 22, isa, 32, 0, 1, 40, 880, 23882, 348786, 35243
  result is correct!
! 22, isa, 32, 0, 1, 44, 968, 28730, 181444, 41939
  result is correct!
! 22, isa, 32, 0, 1, 48, 1056, 34026, 358905, 49993
  result is correct!
! 22, isa, 32, 0, 1, 52, 1144, 39770, 365846, 58999
  result is correct!
! 22, isa, 32, 0, 1, 56, 1232, 45962, 369677, 67515
  result is correct!
! 22, isa, 32, 0, 1, 60, 1320, 52602, 386808, 77063
  result is correct!
! 22, isa, 32, 0, 1, 64, 1408, 59690, 385390, 88359
  result is correct!
! 22, isa, 32, 0, 1, 68, 1496, 67226, 392910, 99303
  result is correct!
! 22, isa, 32, 0, 1, 72, 1584, 75210, 400995, 110979
  result is correct!
-----------------Showing intmul-rv32_isa_23_hybrid.log-----------------
! 23, isa, 32, 0, 1, 8, 184, 837, 64306, 1277
  result is correct!
! 23, isa, 32, 0, 1, 12, 276, 1622, 65121, 2377
  result is correct!
! 23, isa, 32, 0, 1, 16, 368, 2671, 331101, 4380
  result is correct!
! 23, isa, 32, 0, 1, 20, 460, 3946, 148972, 5877
  result is correct!
! 23, isa, 32, 0, 1, 24, 552, 5479, 69124, 8007
  result is correct!
! 23, isa, 32, 0, 1, 28, 644, 7266, 71030, 10624
  result is correct!
! 23, isa, 32, 0, 1, 32, 736, 9307, 73278, 13551
  result is correct!
! 23, isa, 32, 0, 1, 36, 828, 11602, 341678, 17623
  result is correct!
! 23, isa, 32, 0, 1, 40, 920, 14151, 344939, 21383
  result is correct!
! 23, isa, 32, 0, 1, 44, 1012, 16954, 346256, 25643
  result is correct!
! 23, isa, 32, 0, 1, 48, 1104, 20011, 348698, 30160
  result is correct!
! 23, isa, 32, 0, 1, 52, 1196, 23322, 353049, 35043
  result is correct!
! 23, isa, 32, 0, 1, 56, 1288, 26887, 354414, 40427
  result is correct!
! 23, isa, 32, 0, 1, 60, 1380, 30706, 185574, 45943
  result is correct!
! 23, isa, 32, 0, 1, 64, 1472, 34779, 362511, 52335
  result is correct!
! 23, isa, 32, 0, 1, 68, 1564, 39106, 365311, 58759
  result is correct!
! 23, isa, 32, 0, 1, 72, 1656, 43687, 369583, 65551
  result is correct!
-----------------Showing intmul-rv32_isa_23_simple.log-----------------
! 23, isa, 32, 0, 1, 8, 184, 1226, 143900, 1928
  result is correct!
! 23, isa, 32, 0, 1, 12, 276, 2490, 180355, 3839
  result is correct!
! 23, isa, 32, 0, 1, 16, 368, 4202, 65731, 6025
  result is correct!
! 23, isa, 32, 0, 1, 20, 460, 6362, 67935, 9158
  result is correct!
! 23, isa, 32, 0, 1, 24, 552, 8970, 175800, 13113
  result is correct!
! 23, isa, 32, 0, 1, 28, 644, 12026, 337294, 17789
  result is correct!
! 23, isa, 32, 0, 1, 32, 736, 15530, 340584, 22917
  result is correct!
! 23, isa, 32, 0, 1, 36, 828, 19482, 343624, 29060
  result is correct!
! 23, isa, 32, 0, 1, 40, 920, 23882, 349335, 35261
  result is correct!
! 23, isa, 32, 0, 1, 44, 1012, 28730, 353780, 42383
  result is correct!
! 23, isa, 32, 0, 1, 48, 1104, 34026, 359379, 50175
  result is correct!
! 23, isa, 32, 0, 1, 52, 1196, 39770, 376618, 58259
  result is correct!
! 23, isa, 32, 0, 1, 56, 1288, 45962, 372193, 68250
  result is correct!
! 23, isa, 32, 0, 1, 60, 1380, 52602, 378142, 78009
  result is correct!
! 23, isa, 32, 0, 1, 64, 1472, 59690, 386454, 88089
  result is correct!
! 23, isa, 32, 0, 1, 68, 1564, 67226, 393461, 99575
  result is correct!
! 23, isa, 32, 0, 1, 72, 1656, 75210, 401501, 111044
  result is correct!
-----------------Showing intmul-rv32_isa_24_hybrid.log-----------------
! 24, isa, 32, 0, 1, 8, 192, 838, 64226, 1216
  result is correct!
! 24, isa, 32, 0, 1, 12, 288, 1623, 145776, 2477
  result is correct!
! 24, isa, 32, 0, 1, 16, 384, 2672, 66323, 3867
  result is correct!
! 24, isa, 32, 0, 1, 20, 480, 3947, 184923, 5979
  result is correct!
! 24, isa, 32, 0, 1, 24, 576, 5480, 69227, 8007
  result is correct!
! 24, isa, 32, 0, 1, 28, 672, 7267, 154524, 10720
  result is correct!
! 24, isa, 32, 0, 1, 32, 768, 9308, 155030, 13845
  result is correct!
! 24, isa, 32, 0, 1, 36, 864, 11603, 166154, 17170
  result is correct!
! 24, isa, 32, 0, 1, 40, 960, 14152, 159943, 20926
  result is correct!
! 24, isa, 32, 0, 1, 44, 1056, 16955, 345921, 25521
  result is correct!
! 24, isa, 32, 0, 1, 48, 1152, 20012, 172354, 29723
  result is correct!
! 24, isa, 32, 0, 1, 52, 1248, 23323, 177037, 34759
  result is correct!
! 24, isa, 32, 0, 1, 56, 1344, 26888, 355966, 40333
  result is correct!
! 24, isa, 32, 0, 1, 60, 1440, 30707, 367095, 46150
  result is correct!
! 24, isa, 32, 0, 1, 64, 1536, 34780, 364756, 52143
  result is correct!
! 24, isa, 32, 0, 1, 68, 1632, 39107, 368254, 59073
  result is correct!
! 24, isa, 32, 0, 1, 72, 1728, 43688, 372222, 66046
  result is correct!
-----------------Showing intmul-rv32_isa_24_simple.log-----------------
! 24, isa, 32, 0, 1, 8, 192, 1220, 62678, 1706
  result is correct!
! 24, isa, 32, 0, 1, 12, 288, 2480, 145050, 3730
  result is correct!
! 24, isa, 32, 0, 1, 16, 384, 4188, 65659, 6074
  result is correct!
! 24, isa, 32, 0, 1, 20, 480, 6344, 184505, 9581
  result is correct!
! 24, isa, 32, 0, 1, 24, 576, 8948, 152216, 12950
  result is correct!
! 24, isa, 32, 0, 1, 28, 672, 12000, 74842, 17317
  result is correct!
! 24, isa, 32, 0, 1, 32, 768, 15500, 343156, 23130
  result is correct!
! 24, isa, 32, 0, 1, 36, 864, 19448, 346468, 28863
  result is correct!
! 24, isa, 32, 0, 1, 40, 960, 23844, 175577, 34656
  result is correct!
! 24, isa, 32, 0, 1, 44, 1056, 28688, 363106, 42086
  result is correct!
! 24, isa, 32, 0, 1, 48, 1152, 33980, 358636, 50131
  result is correct!
! 24, isa, 32, 0, 1, 52, 1248, 39720, 364842, 58477
  result is correct!
! 24, isa, 32, 0, 1, 56, 1344, 45908, 370460, 67477
  result is correct!
! 24, isa, 32, 0, 1, 60, 1440, 52544, 378981, 77641
  result is correct!
! 24, isa, 32, 0, 1, 64, 1536, 59628, 621141, 88755
  result is correct!
! 24, isa, 32, 0, 1, 68, 1632, 67160, 392920, 99439
  result is correct!
! 24, isa, 32, 0, 1, 72, 1728, 75140, 472119, 110999
  result is correct!
-----------------Showing intmul-rv32_isa_25_hybrid.log-----------------
! 25, isa, 32, 0, 1, 8, 200, 837, 181365, 1402
  result is correct!
! 25, isa, 32, 0, 1, 12, 300, 1622, 64722, 2378
  result is correct!
! 25, isa, 32, 0, 1, 16, 400, 2671, 149609, 4028
  result is correct!
! 25, isa, 32, 0, 1, 20, 500, 3946, 67690, 5776
  result is correct!
! 25, isa, 32, 0, 1, 24, 600, 5479, 151913, 8043
  result is correct!
! 25, isa, 32, 0, 1, 28, 700, 7266, 152162, 10720
  result is correct!
! 25, isa, 32, 0, 1, 32, 800, 9307, 171763, 13895
  result is correct!
! 25, isa, 32, 0, 1, 36, 900, 11602, 156560, 17038
  result is correct!
! 25, isa, 32, 0, 1, 40, 1000, 14151, 169719, 21189
  result is correct!
! 25, isa, 32, 0, 1, 44, 1100, 16954, 171695, 25186
  result is correct!
! 25, isa, 32, 0, 1, 48, 1200, 20011, 163265, 29536
  result is correct!
! 25, isa, 32, 0, 1, 52, 1300, 23322, 352283, 35249
  result is correct!
! 25, isa, 32, 0, 1, 56, 1400, 26887, 181578, 40149
  result is correct!
! 25, isa, 32, 0, 1, 60, 1500, 30706, 360274, 46132
  result is correct!
! 25, isa, 32, 0, 1, 64, 1600, 34779, 363470, 52044
  result is correct!
! 25, isa, 32, 0, 1, 68, 1700, 39106, 368836, 59013
  result is correct!
! 25, isa, 32, 0, 1, 72, 1800, 43687, 373963, 65417
  result is correct!
-----------------Showing intmul-rv32_isa_25_simple.log-----------------
! 25, isa, 32, 0, 1, 8, 200, 1226, 62710, 1771
  result is correct!
! 25, isa, 32, 0, 1, 12, 300, 2490, 327160, 4229
  result is correct!
! 25, isa, 32, 0, 1, 16, 400, 4202, 65466, 6021
  result is correct!
! 25, isa, 32, 0, 1, 20, 500, 6362, 67990, 9164
  result is correct!
! 25, isa, 32, 0, 1, 24, 600, 8970, 337107, 13817
  result is correct!
! 25, isa, 32, 0, 1, 28, 700, 12026, 155485, 17430
  result is correct!
! 25, isa, 32, 0, 1, 32, 800, 15530, 179184, 22647
  result is correct!
! 25, isa, 32, 0, 1, 36, 900, 19482, 160753, 28257
  result is correct!
! 25, isa, 32, 0, 1, 40, 1000, 23882, 358132, 35535
  result is correct!
! 25, isa, 32, 0, 1, 44, 1100, 28730, 181772, 41965
  result is correct!
! 25, isa, 32, 0, 1, 48, 1200, 34026, 359016, 50229
  result is correct!
! 25, isa, 32, 0, 1, 52, 1300, 39770, 364403, 58542
  result is correct!
! 25, isa, 32, 0, 1, 56, 1400, 45962, 372270, 67768
  result is correct!
! 25, isa, 32, 0, 1, 60, 1500, 52602, 375947, 77659
  result is correct!
! 25, isa, 32, 0, 1, 64, 1600, 59690, 385000, 88278
  result is correct!
! 25, isa, 32, 0, 1, 68, 1700, 67226, 393677, 99253
  result is correct!
! 25, isa, 32, 0, 1, 72, 1800, 75210, 400062, 111217
  result is correct!
-----------------Showing intmul-rv32_isa_26_hybrid.log-----------------
! 26, isa, 32, 0, 1, 8, 208, 837, 63723, 1151
  result is correct!
! 26, isa, 32, 0, 1, 12, 312, 1622, 66027, 2378
  result is correct!
! 26, isa, 32, 0, 1, 16, 416, 2671, 66732, 3934
  result is correct!
! 26, isa, 32, 0, 1, 20, 520, 3946, 181741, 5975
  result is correct!
! 26, isa, 32, 0, 1, 24, 624, 5479, 69486, 8008
  result is correct!
! 26, isa, 32, 0, 1, 28, 728, 7266, 334751, 11145
  result is correct!
! 26, isa, 32, 0, 1, 32, 832, 9307, 73386, 13623
  result is correct!
! 26, isa, 32, 0, 1, 36, 936, 11602, 341356, 17789
  result is correct!
! 26, isa, 32, 0, 1, 40, 1040, 14151, 340937, 21224
  result is correct!
! 26, isa, 32, 0, 1, 44, 1144, 16954, 345342, 25560
  result is correct!
! 26, isa, 32, 0, 1, 48, 1248, 20011, 345718, 30245
  result is correct!
! 26, isa, 32, 0, 1, 52, 1352, 23322, 302987, 34723
  result is correct!
! 26, isa, 32, 0, 1, 56, 1456, 26887, 355926, 40613
  result is correct!
! 26, isa, 32, 0, 1, 60, 1560, 30706, 359089, 45968
  result is correct!
! 26, isa, 32, 0, 1, 64, 1664, 34779, 361891, 52300
  result is correct!
! 26, isa, 32, 0, 1, 68, 1768, 39106, 376180, 58473
  result is correct!
! 26, isa, 32, 0, 1, 72, 1872, 43687, 373569, 65979
  result is correct!
-----------------Showing intmul-rv32_isa_26_simple.log-----------------
! 26, isa, 32, 0, 1, 8, 208, 1226, 62053, 1711
  result is correct!
! 26, isa, 32, 0, 1, 12, 312, 2490, 63639, 3583
  result is correct!
! 26, isa, 32, 0, 1, 16, 416, 4202, 146248, 6107
  result is correct!
! 26, isa, 32, 0, 1, 20, 520, 6362, 341285, 9774
  result is correct!
! 26, isa, 32, 0, 1, 24, 624, 8970, 71152, 12934
  result is correct!
! 26, isa, 32, 0, 1, 28, 728, 12026, 335027, 18087
  result is correct!
! 26, isa, 32, 0, 1, 32, 832, 15530, 341198, 23056
  result is correct!
! 26, isa, 32, 0, 1, 36, 936, 19482, 343325, 28832
  result is correct!
! 26, isa, 32, 0, 1, 40, 1040, 23882, 348647, 35094
  result is correct!
! 26, isa, 32, 0, 1, 44, 1144, 28730, 354442, 42360
  result is correct!
! 26, isa, 32, 0, 1, 48, 1248, 34026, 359046, 50084
  result is correct!
! 26, isa, 32, 0, 1, 52, 1352, 39770, 362111, 58257
  result is correct!
! 26, isa, 32, 0, 1, 56, 1456, 45962, 371821, 68116
  result is correct!
! 26, isa, 32, 0, 1, 60, 1560, 52602, 378805, 77632
  result is correct!
! 26, isa, 32, 0, 1, 64, 1664, 59690, 385343, 88321
  result is correct!
! 26, isa, 32, 0, 1, 68, 1768, 67226, 393414, 99261
  result is correct!
! 26, isa, 32, 0, 1, 72, 1872, 75211, 399799, 110825
  result is correct!
-----------------Showing intmul-rv32_isa_27_hybrid.log-----------------
! 27, isa, 32, 0, 1, 8, 216, 837, 65926, 1281
  result is correct!
! 27, isa, 32, 0, 1, 12, 324, 1622, 64864, 2378
  result is correct!
! 27, isa, 32, 0, 1, 16, 432, 2671, 144361, 4026
  result is correct!
! 27, isa, 32, 0, 1, 20, 540, 3946, 149395, 5876
  result is correct!
! 27, isa, 32, 0, 1, 24, 648, 5479, 335690, 8524
  result is correct!
! 27, isa, 32, 0, 1, 28, 756, 7266, 71475, 10687
  result is correct!
! 27, isa, 32, 0, 1, 32, 864, 9307, 336080, 14129
  result is correct!
! 27, isa, 32, 0, 1, 36, 972, 11602, 157331, 17151
  result is correct!
! 27, isa, 32, 0, 1, 40, 1080, 14151, 168670, 21098
  result is correct!
! 27, isa, 32, 0, 1, 44, 1188, 16954, 171832, 25340
  result is correct!
! 27, isa, 32, 0, 1, 48, 1296, 20011, 174969, 29880
  result is correct!
! 27, isa, 32, 0, 1, 52, 1404, 23322, 350471, 35098
  result is correct!
! 27, isa, 32, 0, 1, 56, 1512, 26887, 354972, 40300
  result is correct!
! 27, isa, 32, 0, 1, 60, 1620, 30706, 369201, 45977
  result is correct!
! 27, isa, 32, 0, 1, 64, 1728, 34779, 363824, 52304
  result is correct!
! 27, isa, 32, 0, 1, 68, 1836, 39106, 365149, 58719
  result is correct!
! 27, isa, 32, 0, 1, 72, 1944, 43687, 371673, 65691
  result is correct!
-----------------Showing intmul-rv32_isa_27_simple.log-----------------
! 27, isa, 32, 0, 1, 8, 216, 1226, 62465, 1772
  result is correct!
! 27, isa, 32, 0, 1, 12, 324, 2490, 97358, 3568
  result is correct!
! 27, isa, 32, 0, 1, 16, 432, 4202, 328134, 6536
  result is correct!
! 27, isa, 32, 0, 1, 20, 540, 6362, 67739, 9227
  result is correct!
! 27, isa, 32, 0, 1, 24, 648, 8970, 174991, 13218
  result is correct!
! 27, isa, 32, 0, 1, 28, 756, 12026, 74076, 17340
  result is correct!
! 27, isa, 32, 0, 1, 32, 864, 15530, 158251, 22464
  result is correct!
! 27, isa, 32, 0, 1, 36, 972, 19482, 210019, 28413
  result is correct!
! 27, isa, 32, 0, 1, 40, 1080, 23882, 347723, 35162
  result is correct!
! 27, isa, 32, 0, 1, 44, 1188, 28730, 354355, 42369
  result is correct!
! 27, isa, 32, 0, 1, 48, 1296, 34026, 358643, 50076
  result is correct!
! 27, isa, 32, 0, 1, 52, 1404, 39770, 366236, 58363
  result is correct!
! 27, isa, 32, 0, 1, 56, 1512, 45962, 380858, 67556
  result is correct!
! 27, isa, 32, 0, 1, 60, 1620, 52602, 377736, 77433
  result is correct!
! 27, isa, 32, 0, 1, 64, 1728, 59690, 384859, 88101
  result is correct!
! 27, isa, 32, 0, 1, 68, 1836, 67226, 393500, 98736
  result is correct!
! 27, isa, 32, 0, 1, 72, 1944, 75210, 401461, 111265
  result is correct!
-----------------Showing intmul-rv32_isa_28_hybrid.log-----------------
! 28, isa, 32, 0, 1, 8, 224, 838, 63540, 1215
  result is correct!
! 28, isa, 32, 0, 1, 12, 336, 1623, 64694, 2379
  result is correct!
! 28, isa, 32, 0, 1, 16, 448, 2672, 66399, 3932
  result is correct!
! 28, isa, 32, 0, 1, 20, 560, 3947, 333231, 6290
  result is correct!
! 28, isa, 32, 0, 1, 24, 672, 5480, 147830, 8166
  result is correct!
! 28, isa, 32, 0, 1, 28, 784, 7267, 151610, 10878
  result is correct!
! 28, isa, 32, 0, 1, 32, 896, 9308, 154774, 13793
  result is correct!
! 28, isa, 32, 0, 1, 36, 1008, 11603, 339850, 17525
  result is correct!
! 28, isa, 32, 0, 1, 40, 1120, 14152, 159072, 20930
  result is correct!
! 28, isa, 32, 0, 1, 44, 1232, 16955, 286701, 25168
  result is correct!
! 28, isa, 32, 0, 1, 48, 1344, 20012, 357235, 30187
  result is correct!
! 28, isa, 32, 0, 1, 52, 1456, 23323, 351557, 35023
  result is correct!
! 28, isa, 32, 0, 1, 56, 1568, 26888, 352289, 40247
  result is correct!
! 28, isa, 32, 0, 1, 60, 1680, 30707, 360239, 45896
  result is correct!
! 28, isa, 32, 0, 1, 64, 1792, 34780, 363256, 52325
  result is correct!
! 28, isa, 32, 0, 1, 68, 1904, 39107, 366916, 58902
  result is correct!
! 28, isa, 32, 0, 1, 72, 2016, 43688, 372379, 65779
  result is correct!
-----------------Showing intmul-rv32_isa_28_simple.log-----------------
! 28, isa, 32, 0, 1, 8, 224, 1220, 326408, 2276
  result is correct!
! 28, isa, 32, 0, 1, 12, 336, 2480, 64336, 3576
  result is correct!
! 28, isa, 32, 0, 1, 16, 448, 4188, 65864, 6017
  result is correct!
! 28, isa, 32, 0, 1, 20, 560, 6344, 319125, 9418
  result is correct!
! 28, isa, 32, 0, 1, 24, 672, 8948, 151114, 13014
  result is correct!
! 28, isa, 32, 0, 1, 28, 784, 12000, 180981, 17546
  result is correct!
! 28, isa, 32, 0, 1, 32, 896, 15500, 167049, 22781
  result is correct!
! 28, isa, 32, 0, 1, 36, 1008, 19448, 347428, 28571
  result is correct!
! 28, isa, 32, 0, 1, 40, 1120, 23844, 349674, 35024
  result is correct!
! 28, isa, 32, 0, 1, 44, 1232, 28688, 353225, 42351
  result is correct!
! 28, isa, 32, 0, 1, 48, 1344, 33980, 186631, 49574
  result is correct!
! 28, isa, 32, 0, 1, 52, 1456, 39720, 366137, 58725
  result is correct!
! 28, isa, 32, 0, 1, 56, 1568, 45908, 372768, 67763
  result is correct!
! 28, isa, 32, 0, 1, 60, 1680, 52544, 375029, 77361
  result is correct!
! 28, isa, 32, 0, 1, 64, 1792, 59628, 384599, 88107
  result is correct!
! 28, isa, 32, 0, 1, 68, 1904, 67160, 392715, 99137
  result is correct!
! 28, isa, 32, 0, 1, 72, 2016, 75140, 399666, 110965
  result is correct!
-----------------Showing intmul-rv32_isa_29_hybrid.log-----------------
! 29, isa, 32, 0, 1, 8, 232, 836, 64242, 1213
  result is correct!
! 29, isa, 32, 0, 1, 12, 348, 1621, 340198, 2947
  result is correct!
! 29, isa, 32, 0, 1, 16, 464, 2670, 148336, 4029
  result is correct!
! 29, isa, 32, 0, 1, 20, 580, 3945, 67659, 5715
  result is correct!
! 29, isa, 32, 0, 1, 24, 696, 5478, 150784, 8198
  result is correct!
! 29, isa, 32, 0, 1, 28, 812, 7265, 350956, 11496
  result is correct!
! 29, isa, 32, 0, 1, 32, 928, 9306, 154585, 13722
  result is correct!
! 29, isa, 32, 0, 1, 36, 1044, 11601, 156885, 17173
  result is correct!
! 29, isa, 32, 0, 1, 40, 1160, 14150, 341968, 21558
  result is correct!
! 29, isa, 32, 0, 1, 44, 1276, 16953, 344999, 25587
  result is correct!
! 29, isa, 32, 0, 1, 48, 1392, 20010, 349209, 30283
  result is correct!
! 29, isa, 32, 0, 1, 52, 1508, 23321, 170141, 34577
  result is correct!
! 29, isa, 32, 0, 1, 56, 1624, 26886, 352860, 40513
  result is correct!
! 29, isa, 32, 0, 1, 60, 1740, 30705, 358601, 45991
  result is correct!
! 29, isa, 32, 0, 1, 64, 1856, 34778, 365551, 52281
  result is correct!
-----------------Showing intmul-rv32_isa_29_simple.log-----------------
! 29, isa, 32, 0, 1, 8, 232, 1218, 62603, 1766
  result is correct!
! 29, isa, 32, 0, 1, 12, 348, 2478, 63817, 3515
  result is correct!
! 29, isa, 32, 0, 1, 16, 464, 4186, 143285, 6168
  result is correct!
! 29, isa, 32, 0, 1, 20, 580, 6342, 149127, 9318
  result is correct!
! 29, isa, 32, 0, 1, 24, 696, 8946, 302922, 13113
  result is correct!
! 29, isa, 32, 0, 1, 28, 812, 11998, 155554, 17503
  result is correct!
! 29, isa, 32, 0, 1, 32, 928, 15498, 341305, 22932
  result is correct!
! 29, isa, 32, 0, 1, 36, 1044, 19446, 345384, 28891
  result is correct!
! 29, isa, 32, 0, 1, 40, 1160, 23842, 174650, 34764
  result is correct!
! 29, isa, 32, 0, 1, 44, 1276, 28686, 352178, 42400
  result is correct!
! 29, isa, 32, 0, 1, 48, 1392, 33978, 360237, 50371
  result is correct!
! 29, isa, 32, 0, 1, 52, 1508, 39718, 364176, 58505
  result is correct!
! 29, isa, 32, 0, 1, 56, 1624, 45906, 370262, 67507
  result is correct!
! 29, isa, 32, 0, 1, 60, 1740, 52542, 378555, 78148
  result is correct!
! 29, isa, 32, 0, 1, 64, 1856, 59626, 386002, 87824
  result is correct!
-----------------Showing intmul-rv32_isa_30_hybrid.log-----------------
! 30, isa, 32, 0, 1, 8, 240, 837, 145815, 1378
  result is correct!
! 30, isa, 32, 0, 1, 12, 360, 1622, 65209, 2379
  result is correct!
! 30, isa, 32, 0, 1, 16, 480, 2671, 66564, 3936
  result is correct!
-----------------Showing intmul-rv32_isa_30_simple.log-----------------
! 30, isa, 32, 0, 1, 8, 240, 1226, 63024, 1775
  result is correct!
! 30, isa, 32, 0, 1, 12, 360, 2490, 64031, 3650
  result is correct!
! 30, isa, 32, 0, 1, 16, 480, 4202, 395923, 7989
  result is correct!
-----------------Showing intmul-rv32_isa_32_hybrid.log-----------------
! 32, isa, 32, 0, 1, 8, 256, 757, 63744, 1071
  result is correct!
! 32, isa, 32, 0, 1, 12, 384, 1604, 64570, 2356
  result is correct!
! 32, isa, 32, 0, 1, 16, 512, 2757, 146371, 4171
  result is correct!
! 32, isa, 32, 0, 1, 20, 640, 4209, 67978, 6099
  result is correct!
! 32, isa, 32, 0, 1, 24, 768, 5973, 150562, 8844
  result is correct!
! 32, isa, 32, 0, 1, 28, 896, 8049, 154638, 11932
  result is correct!
! 32, isa, 32, 0, 1, 32, 1024, 10437, 179281, 15676
  result is correct!
! 32, isa, 32, 0, 1, 36, 1152, 13137, 340300, 20369
  result is correct!
! 32, isa, 32, 0, 1, 40, 1280, 16149, 428423, 31539
  result is correct!
! 32, isa, 32, 0, 1, 44, 1408, 19473, 491154, 32208
  result is correct!
! 32, isa, 32, 0, 1, 48, 1536, 23109, 353087, 34238
  result is correct!
! 32, isa, 32, 0, 1, 52, 1664, 27057, 363400, 40379
  result is correct!
! 32, isa, 32, 0, 1, 56, 1792, 31317, 359299, 47114
  result is correct!
! 32, isa, 32, 0, 1, 60, 1920, 35889, 363513, 53857
  result is correct!
! 32, isa, 32, 0, 1, 64, 2048, 40785, 367716, 61422
  result is correct!
-----------------Showing intmul-rv32_isa_32_simple.log-----------------
! 32, isa, 32, 0, 1, 8, 256, 1318, 62855, 1927
  result is correct!
! 32, isa, 32, 0, 1, 12, 384, 2726, 64106, 3941
  result is correct!
! 32, isa, 32, 0, 1, 16, 512, 4646, 66042, 6711
  result is correct!
! 32, isa, 32, 0, 1, 20, 640, 7078, 331369, 10628
  result is correct!
! 32, isa, 32, 0, 1, 24, 768, 10022, 72067, 14414
  result is correct!
! 32, isa, 32, 0, 1, 28, 896, 13478, 156248, 19506
  result is correct!
! 32, isa, 32, 0, 1, 32, 1024, 17446, 341869, 25917
  result is correct!
! 32, isa, 32, 0, 1, 36, 1152, 21926, 165179, 31938
  result is correct!
! 32, isa, 32, 0, 1, 40, 1280, 26918, 352615, 39669
  result is correct!
! 32, isa, 32, 0, 1, 44, 1408, 32422, 357081, 47595
  result is correct!
! 32, isa, 32, 0, 1, 48, 1536, 38438, 364195, 56600
  result is correct!
! 32, isa, 32, 0, 1, 52, 1664, 44966, 368317, 66081
  result is correct!
! 32, isa, 32, 0, 1, 56, 1792, 52006, 376623, 76580
  result is correct!
! 32, isa, 32, 0, 1, 60, 1920, 59558, 385465, 87960
  result is correct!
! 32, isa, 32, 0, 1, 64, 2048, 67625, 393950, 100051
  result is correct!
-----------------Showing intmul-rv32_ise_20_hybrid.log-----------------
! 20, ise, 32, 0, 1, 8, 160, 475, 63135, 662
  result is correct!
! 20, ise, 32, 0, 1, 12, 240, 845, 63219, 1221
  result is correct!
! 20, ise, 32, 0, 1, 16, 320, 1308, 64074, 1932
  result is correct!
! 20, ise, 32, 0, 1, 20, 400, 1847, 64724, 2660
  result is correct!
! 20, ise, 32, 0, 1, 24, 480, 2486, 65757, 3613
  result is correct!
! 20, ise, 32, 0, 1, 28, 560, 3221, 69648, 4734
  result is correct!
! 20, ise, 32, 0, 1, 32, 640, 4052, 182627, 6076
  result is correct!
! 20, ise, 32, 0, 1, 36, 720, 4979, 68485, 7302
  result is correct!
! 20, ise, 32, 0, 1, 40, 800, 6002, 69463, 8649
  result is correct!
! 20, ise, 32, 0, 1, 44, 880, 7121, 174683, 10521
  result is correct!
! 20, ise, 32, 0, 1, 48, 960, 8336, 154249, 12376
  result is correct!
! 20, ise, 32, 0, 1, 52, 1040, 9647, 163438, 14386
  result is correct!
! 20, ise, 32, 0, 1, 56, 1120, 11054, 339788, 16694
  result is correct!
! 20, ise, 32, 0, 1, 60, 1200, 12557, 156486, 18537
  result is correct!
! 20, ise, 32, 0, 1, 64, 1280, 14156, 157214, 20837
  result is correct!
! 20, ise, 32, 0, 1, 68, 1360, 15851, 159987, 23313
  result is correct!
! 20, ise, 32, 0, 1, 72, 1440, 17642, 162691, 26100
  result is correct!
-----------------Showing intmul-rv32_ise_20_simple.log-----------------
! 20, ise, 32, 0, 1, 8, 160, 1023, 62501, 1452
  result is correct!
! 20, ise, 32, 0, 1, 12, 240, 2039, 327884, 3401
  result is correct!
! 20, ise, 32, 0, 1, 16, 320, 3407, 146406, 5092
  result is correct!
! 20, ise, 32, 0, 1, 20, 400, 5127, 66788, 7449
  result is correct!
! 20, ise, 32, 0, 1, 24, 480, 7199, 69070, 10374
  result is correct!
! 20, ise, 32, 0, 1, 28, 560, 9623, 71537, 13907
  result is correct!
! 20, ise, 32, 0, 1, 32, 640, 12399, 336637, 18631
  result is correct!
! 20, ise, 32, 0, 1, 36, 720, 15527, 341843, 23025
  result is correct!
! 20, ise, 32, 0, 1, 40, 800, 19007, 355340, 28056
  result is correct!
! 20, ise, 32, 0, 1, 44, 880, 22839, 347106, 33938
  result is correct!
! 20, ise, 32, 0, 1, 48, 960, 27023, 352788, 39978
  result is correct!
! 20, ise, 32, 0, 1, 52, 1040, 31559, 193690, 46286
  result is correct!
! 20, ise, 32, 0, 1, 56, 1120, 36447, 361527, 54263
  result is correct!
! 20, ise, 32, 0, 1, 60, 1200, 41687, 367715, 61314
  result is correct!
! 20, ise, 32, 0, 1, 64, 1280, 47279, 373383, 70158
  result is correct!
! 20, ise, 32, 0, 1, 68, 1360, 53223, 378795, 78815
  result is correct!
! 20, ise, 32, 0, 1, 72, 1440, 59519, 384312, 88258
  result is correct!
-----------------Showing intmul-rv32_ise_21_hybrid.log-----------------
! 21, ise, 32, 0, 1, 8, 168, 475, 64175, 725
  result is correct!
! 21, ise, 32, 0, 1, 12, 252, 845, 330059, 1670
  result is correct!
! 21, ise, 32, 0, 1, 16, 336, 1308, 63570, 1868
  result is correct!
! 21, ise, 32, 0, 1, 20, 420, 1847, 148908, 2821
  result is correct!
! 21, ise, 32, 0, 1, 24, 504, 2486, 65458, 3609
  result is correct!
! 21, ise, 32, 0, 1, 28, 588, 3221, 183367, 4799
  result is correct!
! 21, ise, 32, 0, 1, 32, 672, 4052, 149459, 5966
  result is correct!
! 21, ise, 32, 0, 1, 36, 756, 4979, 332069, 7626
  result is correct!
! 21, ise, 32, 0, 1, 40, 840, 6002, 200850, 8906
  result is correct!
! 21, ise, 32, 0, 1, 44, 924, 7121, 151964, 10518
  result is correct!
! 21, ise, 32, 0, 1, 48, 1008, 8336, 154797, 12347
  result is correct!
! 21, ise, 32, 0, 1, 52, 1092, 9647, 154436, 14223
  result is correct!
! 21, ise, 32, 0, 1, 56, 1176, 11054, 164758, 16287
  result is correct!
! 21, ise, 32, 0, 1, 60, 1260, 12557, 342933, 18998
  result is correct!
! 21, ise, 32, 0, 1, 64, 1344, 14156, 340752, 21267
  result is correct!
! 21, ise, 32, 0, 1, 68, 1428, 15851, 342878, 23999
  result is correct!
! 21, ise, 32, 0, 1, 72, 1512, 17642, 345407, 26457
  result is correct!
-----------------Showing intmul-rv32_ise_21_simple.log-----------------
! 21, ise, 32, 0, 1, 8, 168, 1023, 177869, 1637
  result is correct!
! 21, ise, 32, 0, 1, 12, 252, 2039, 63533, 2952
  result is correct!
! 21, ise, 32, 0, 1, 16, 336, 3407, 145125, 5027
  result is correct!
! 21, ise, 32, 0, 1, 20, 420, 5127, 331623, 7647
  result is correct!
! 21, ise, 32, 0, 1, 24, 504, 7199, 181946, 10639
  result is correct!
! 21, ise, 32, 0, 1, 28, 588, 9623, 71910, 13911
  result is correct!
! 21, ise, 32, 0, 1, 32, 672, 12399, 154207, 18067
  result is correct!
! 21, ise, 32, 0, 1, 36, 756, 15527, 168626, 22728
  result is correct!
! 21, ise, 32, 0, 1, 40, 840, 19007, 170382, 28066
  result is correct!
! 21, ise, 32, 0, 1, 44, 924, 22839, 349865, 33352
  result is correct!
! 21, ise, 32, 0, 1, 48, 1008, 27023, 352746, 39945
  result is correct!
! 21, ise, 32, 0, 1, 52, 1092, 31559, 358840, 46557
  result is correct!
! 21, ise, 32, 0, 1, 56, 1176, 36447, 361631, 53621
  result is correct!
! 21, ise, 32, 0, 1, 60, 1260, 41687, 366116, 61250
  result is correct!
! 21, ise, 32, 0, 1, 64, 1344, 47279, 383109, 69472
  result is correct!
! 21, ise, 32, 0, 1, 68, 1428, 53223, 378515, 78350
  result is correct!
! 21, ise, 32, 0, 1, 72, 1512, 59519, 394193, 88144
  result is correct!
-----------------Showing intmul-rv32_ise_22_hybrid.log-----------------
! 22, ise, 32, 0, 1, 8, 176, 475, 63263, 662
  result is correct!
! 22, ise, 32, 0, 1, 12, 264, 845, 63737, 1220
  result is correct!
! 22, ise, 32, 0, 1, 16, 352, 1308, 63763, 1867
  result is correct!
! 22, ise, 32, 0, 1, 20, 440, 1847, 64941, 2659
  result is correct!
! 22, ise, 32, 0, 1, 24, 528, 2486, 195821, 3825
  result is correct!
! 22, ise, 32, 0, 1, 28, 616, 3221, 332070, 5018
  result is correct!
! 22, ise, 32, 0, 1, 32, 704, 4052, 147795, 6028
  result is correct!
! 22, ise, 32, 0, 1, 36, 792, 4979, 68362, 7296
  result is correct!
! 22, ise, 32, 0, 1, 40, 880, 6002, 174660, 8989
  result is correct!
! 22, ise, 32, 0, 1, 44, 968, 7121, 152578, 10558
  result is correct!
! 22, ise, 32, 0, 1, 48, 1056, 8336, 161579, 12514
  result is correct!
! 22, ise, 32, 0, 1, 52, 1144, 9647, 154460, 14289
  result is correct!
! 22, ise, 32, 0, 1, 56, 1232, 11054, 337996, 16887
  result is correct!
! 22, ise, 32, 0, 1, 60, 1320, 12557, 166423, 18709
  result is correct!
! 22, ise, 32, 0, 1, 64, 1408, 14156, 160527, 20914
  result is correct!
! 22, ise, 32, 0, 1, 68, 1496, 15851, 161200, 23380
  result is correct!
! 22, ise, 32, 0, 1, 72, 1584, 17642, 163332, 26008
  result is correct!
-----------------Showing intmul-rv32_ise_22_simple.log-----------------
! 22, ise, 32, 0, 1, 8, 176, 1023, 63075, 1512
  result is correct!
! 22, ise, 32, 0, 1, 12, 264, 2039, 63943, 2954
  result is correct!
! 22, ise, 32, 0, 1, 16, 352, 3407, 65094, 4874
  result is correct!
! 22, ise, 32, 0, 1, 20, 440, 5127, 66756, 7326
  result is correct!
! 22, ise, 32, 0, 1, 24, 528, 7199, 149322, 10627
  result is correct!
! 22, ise, 32, 0, 1, 28, 616, 9623, 153524, 14064
  result is correct!
! 22, ise, 32, 0, 1, 32, 704, 12399, 338619, 18370
  result is correct!
! 22, ise, 32, 0, 1, 36, 792, 15527, 342636, 23013
  result is correct!
! 22, ise, 32, 0, 1, 40, 880, 19007, 342773, 28110
  result is correct!
! 22, ise, 32, 0, 1, 44, 968, 22839, 347991, 33665
  result is correct!
! 22, ise, 32, 0, 1, 48, 1056, 27023, 352452, 39825
  result is correct!
! 22, ise, 32, 0, 1, 52, 1144, 31559, 358256, 46662
  result is correct!
! 22, ise, 32, 0, 1, 56, 1232, 36447, 362494, 53582
  result is correct!
! 22, ise, 32, 0, 1, 60, 1320, 41687, 366494, 61798
  result is correct!
! 22, ise, 32, 0, 1, 64, 1408, 47279, 373496, 69934
  result is correct!
! 22, ise, 32, 0, 1, 68, 1496, 53223, 380018, 79046
  result is correct!
! 22, ise, 32, 0, 1, 72, 1584, 59519, 386115, 88304
  result is correct!
-----------------Showing intmul-rv32_ise_23_hybrid.log-----------------
! 23, ise, 32, 0, 1, 8, 184, 475, 62890, 663
  result is correct!
! 23, ise, 32, 0, 1, 12, 276, 845, 64036, 1282
  result is correct!
! 23, ise, 32, 0, 1, 16, 368, 1308, 63897, 1929
  result is correct!
! 23, ise, 32, 0, 1, 20, 460, 1847, 181390, 2919
  result is correct!
! 23, ise, 32, 0, 1, 24, 552, 2486, 69032, 3684
  result is correct!
! 23, ise, 32, 0, 1, 28, 644, 3221, 66321, 4722
  result is correct!
! 23, ise, 32, 0, 1, 32, 736, 4052, 147692, 6012
  result is correct!
! 23, ise, 32, 0, 1, 36, 828, 4979, 68258, 7240
  result is correct!
! 23, ise, 32, 0, 1, 40, 920, 6002, 151135, 9017
  result is correct!
! 23, ise, 32, 0, 1, 44, 1012, 7121, 152254, 10492
  result is correct!
! 23, ise, 32, 0, 1, 48, 1104, 8336, 337589, 12968
  result is correct!
! 23, ise, 32, 0, 1, 52, 1196, 9647, 152413, 14222
  result is correct!
! 23, ise, 32, 0, 1, 56, 1288, 11054, 155686, 16331
  result is correct!
! 23, ise, 32, 0, 1, 60, 1380, 12557, 338365, 19164
  result is correct!
! 23, ise, 32, 0, 1, 64, 1472, 14156, 341256, 21718
  result is correct!
! 23, ise, 32, 0, 1, 68, 1564, 15851, 169299, 23422
  result is correct!
! 23, ise, 32, 0, 1, 72, 1656, 17642, 170618, 26173
  result is correct!
-----------------Showing intmul-rv32_ise_23_simple.log-----------------
! 23, ise, 32, 0, 1, 8, 184, 1023, 62014, 1508
  result is correct!
! 23, ise, 32, 0, 1, 12, 276, 2039, 63348, 2952
  result is correct!
! 23, ise, 32, 0, 1, 16, 368, 3407, 65205, 4933
  result is correct!
! 23, ise, 32, 0, 1, 20, 460, 5127, 181515, 7521
  result is correct!
! 23, ise, 32, 0, 1, 24, 552, 7199, 151057, 10536
  result is correct!
! 23, ise, 32, 0, 1, 28, 644, 9623, 153427, 13999
  result is correct!
! 23, ise, 32, 0, 1, 32, 736, 12399, 74344, 17912
  result is correct!
! 23, ise, 32, 0, 1, 36, 828, 15527, 158953, 22495
  result is correct!
! 23, ise, 32, 0, 1, 40, 920, 19007, 160498, 27644
  result is correct!
! 23, ise, 32, 0, 1, 44, 1012, 22839, 175269, 33430
  result is correct!
! 23, ise, 32, 0, 1, 48, 1104, 27023, 353803, 39983
  result is correct!
! 23, ise, 32, 0, 1, 52, 1196, 31559, 359286, 46511
  result is correct!
! 23, ise, 32, 0, 1, 56, 1288, 36447, 362746, 53634
  result is correct!
! 23, ise, 32, 0, 1, 60, 1380, 41687, 366109, 61728
  result is correct!
! 23, ise, 32, 0, 1, 64, 1472, 47279, 372753, 69730
  result is correct!
! 23, ise, 32, 0, 1, 68, 1564, 53223, 378945, 78487
  result is correct!
! 23, ise, 32, 0, 1, 72, 1656, 59519, 385824, 88453
  result is correct!
-----------------Showing intmul-rv32_ise_24_hybrid.log-----------------
! 24, ise, 32, 0, 1, 8, 192, 477, 62995, 726
  result is correct!
! 24, ise, 32, 0, 1, 12, 288, 836, 66841, 1216
  result is correct!
! 24, ise, 32, 0, 1, 16, 384, 1299, 64134, 1858
  result is correct!
! 24, ise, 32, 0, 1, 20, 480, 1838, 64693, 2710
  result is correct!
! 24, ise, 32, 0, 1, 24, 576, 2477, 146843, 3758
  result is correct!
! 24, ise, 32, 0, 1, 28, 672, 3212, 66119, 4710
  result is correct!
! 24, ise, 32, 0, 1, 32, 768, 4043, 67114, 5922
  result is correct!
! 24, ise, 32, 0, 1, 36, 864, 4970, 174141, 7479
  result is correct!
! 24, ise, 32, 0, 1, 40, 960, 5993, 152637, 8914
  result is correct!
! 24, ise, 32, 0, 1, 44, 1056, 7112, 335279, 10716
  result is correct!
! 24, ise, 32, 0, 1, 48, 1152, 8327, 151722, 12268
  result is correct!
! 24, ise, 32, 0, 1, 52, 1248, 9638, 336505, 14669
  result is correct!
! 24, ise, 32, 0, 1, 56, 1344, 11045, 155482, 16319
  result is correct!
! 24, ise, 32, 0, 1, 60, 1440, 12548, 76693, 18370
  result is correct!
! 24, ise, 32, 0, 1, 64, 1536, 14147, 168330, 21002
  result is correct!
! 24, ise, 32, 0, 1, 68, 1632, 15842, 341569, 24135
  result is correct!
! 24, ise, 32, 0, 1, 72, 1728, 17633, 343362, 26512
  result is correct!
-----------------Showing intmul-rv32_ise_24_simple.log-----------------
! 24, ise, 32, 0, 1, 8, 192, 1020, 71286, 1462
  result is correct!
! 24, ise, 32, 0, 1, 12, 288, 2036, 63461, 2889
  result is correct!
! 24, ise, 32, 0, 1, 16, 384, 3404, 327501, 5376
  result is correct!
! 24, ise, 32, 0, 1, 20, 480, 5124, 66769, 7322
  result is correct!
! 24, ise, 32, 0, 1, 24, 576, 7196, 151473, 10413
  result is correct!
! 24, ise, 32, 0, 1, 28, 672, 9620, 176184, 14190
  result is correct!
! 24, ise, 32, 0, 1, 32, 768, 12396, 338123, 18527
  result is correct!
! 24, ise, 32, 0, 1, 36, 864, 15524, 158390, 22559
  result is correct!
! 24, ise, 32, 0, 1, 40, 960, 19004, 345880, 28259
  result is correct!
! 24, ise, 32, 0, 1, 44, 1056, 22836, 349532, 33960
  result is correct!
! 24, ise, 32, 0, 1, 48, 1152, 27020, 170522, 39445
  result is correct!
! 24, ise, 32, 0, 1, 52, 1248, 31556, 358053, 46562
  result is correct!
! 24, ise, 32, 0, 1, 56, 1344, 36444, 360964, 53890
  result is correct!
! 24, ise, 32, 0, 1, 60, 1440, 41684, 366375, 61418
  result is correct!
! 24, ise, 32, 0, 1, 64, 1536, 47276, 374067, 69922
  result is correct!
! 24, ise, 32, 0, 1, 68, 1632, 53220, 380963, 79238
  result is correct!
! 24, ise, 32, 0, 1, 72, 1728, 59516, 385089, 88092
  result is correct!
-----------------Showing intmul-rv32_ise_25_hybrid.log-----------------
! 25, ise, 32, 0, 1, 8, 200, 475, 64081, 725
  result is correct!
! 25, ise, 32, 0, 1, 12, 300, 845, 63675, 1281
  result is correct!
! 25, ise, 32, 0, 1, 16, 400, 1308, 63675, 1931
  result is correct!
! 25, ise, 32, 0, 1, 20, 500, 1847, 327142, 3170
  result is correct!
! 25, ise, 32, 0, 1, 24, 600, 2486, 65545, 3611
  result is correct!
! 25, ise, 32, 0, 1, 28, 700, 3221, 66328, 4722
  result is correct!
! 25, ise, 32, 0, 1, 32, 800, 4052, 67760, 5931
  result is correct!
! 25, ise, 32, 0, 1, 36, 900, 4979, 68364, 7237
  result is correct!
! 25, ise, 32, 0, 1, 40, 1000, 6002, 150536, 8926
  result is correct!
! 25, ise, 32, 0, 1, 44, 1100, 7121, 175510, 10576
  result is correct!
! 25, ise, 32, 0, 1, 48, 1200, 8336, 334572, 12633
  result is correct!
! 25, ise, 32, 0, 1, 52, 1300, 9647, 163493, 14398
  result is correct!
! 25, ise, 32, 0, 1, 56, 1400, 11054, 154877, 16336
  result is correct!
! 25, ise, 32, 0, 1, 60, 1500, 12557, 339042, 19066
  result is correct!
! 25, ise, 32, 0, 1, 64, 1600, 14156, 158232, 20912
  result is correct!
! 25, ise, 32, 0, 1, 68, 1700, 15851, 170280, 23518
  result is correct!
! 25, ise, 32, 0, 1, 72, 1800, 17642, 169924, 26337
  result is correct!
-----------------Showing intmul-rv32_ise_25_simple.log-----------------
! 25, ise, 32, 0, 1, 8, 200, 1023, 62260, 1510
  result is correct!
! 25, ise, 32, 0, 1, 12, 300, 2039, 63319, 2952
  result is correct!
! 25, ise, 32, 0, 1, 16, 400, 3407, 180994, 5126
  result is correct!
! 25, ise, 32, 0, 1, 20, 500, 5127, 148673, 7540
  result is correct!
! 25, ise, 32, 0, 1, 24, 600, 7199, 180569, 10732
  result is correct!
! 25, ise, 32, 0, 1, 28, 700, 9623, 152561, 14004
  result is correct!
! 25, ise, 32, 0, 1, 32, 800, 12399, 163780, 18180
  result is correct!
! 25, ise, 32, 0, 1, 36, 900, 15527, 341085, 23342
  result is correct!
! 25, ise, 32, 0, 1, 40, 1000, 19007, 346435, 28277
  result is correct!
! 25, ise, 32, 0, 1, 44, 1100, 22839, 174021, 33418
  result is correct!
! 25, ise, 32, 0, 1, 48, 1200, 27023, 352928, 39981
  result is correct!
! 25, ise, 32, 0, 1, 52, 1300, 31559, 356689, 46288
  result is correct!
! 25, ise, 32, 0, 1, 56, 1400, 36447, 361180, 53544
  result is correct!
! 25, ise, 32, 0, 1, 60, 1500, 41687, 366385, 61391
  result is correct!
! 25, ise, 32, 0, 1, 64, 1600, 47279, 372328, 70068
  result is correct!
! 25, ise, 32, 0, 1, 68, 1700, 53223, 395041, 79009
  result is correct!
! 25, ise, 32, 0, 1, 72, 1800, 59519, 384642, 87594
  result is correct!
-----------------Showing intmul-rv32_ise_26_hybrid.log-----------------
! 26, ise, 32, 0, 1, 8, 208, 475, 65909, 728
  result is correct!
! 26, ise, 32, 0, 1, 12, 312, 844, 63592, 1280
  result is correct!
! 26, ise, 32, 0, 1, 16, 416, 1307, 63905, 1928
  result is correct!
! 26, ise, 32, 0, 1, 20, 520, 1846, 64850, 2720
  result is correct!
! 26, ise, 32, 0, 1, 24, 624, 2485, 65616, 3672
  result is correct!
! 26, ise, 32, 0, 1, 28, 728, 3220, 68732, 4661
  result is correct!
! 26, ise, 32, 0, 1, 32, 832, 4051, 332988, 6384
  result is correct!
! 26, ise, 32, 0, 1, 36, 936, 4978, 150434, 7395
  result is correct!
! 26, ise, 32, 0, 1, 40, 1040, 6001, 69900, 8763
  result is correct!
! 26, ise, 32, 0, 1, 44, 1144, 7120, 332540, 10840
  result is correct!
! 26, ise, 32, 0, 1, 48, 1248, 8335, 72063, 12173
  result is correct!
! 26, ise, 32, 0, 1, 52, 1352, 9646, 337226, 14579
  result is correct!
! 26, ise, 32, 0, 1, 56, 1456, 11053, 153884, 16206
  result is correct!
! 26, ise, 32, 0, 1, 60, 1560, 12556, 157376, 18530
  result is correct!
! 26, ise, 32, 0, 1, 64, 1664, 14155, 340979, 21351
  result is correct!
-----------------Showing intmul-rv32_ise_26_simple.log-----------------
! 26, ise, 32, 0, 1, 8, 208, 1019, 62891, 1506
  result is correct!
! 26, ise, 32, 0, 1, 12, 312, 2035, 196501, 3163
  result is correct!
! 26, ise, 32, 0, 1, 16, 416, 3403, 65291, 4925
  result is correct!
! 26, ise, 32, 0, 1, 20, 520, 5123, 148029, 7478
  result is correct!
! 26, ise, 32, 0, 1, 24, 624, 7195, 69432, 10380
  result is correct!
! 26, ise, 32, 0, 1, 28, 728, 9619, 334690, 14520
  result is correct!
! 26, ise, 32, 0, 1, 32, 832, 12395, 164450, 18337
  result is correct!
! 26, ise, 32, 0, 1, 36, 936, 15523, 293370, 22690
  result is correct!
! 26, ise, 32, 0, 1, 40, 1040, 19003, 171927, 27933
  result is correct!
! 26, ise, 32, 0, 1, 44, 1144, 22835, 345972, 33873
  result is correct!
! 26, ise, 32, 0, 1, 48, 1248, 27019, 179684, 39475
  result is correct!
! 26, ise, 32, 0, 1, 52, 1352, 31555, 356671, 46423
  result is correct!
! 26, ise, 32, 0, 1, 56, 1456, 36443, 363492, 53858
  result is correct!
! 26, ise, 32, 0, 1, 60, 1560, 41683, 366659, 61837
  result is correct!
! 26, ise, 32, 0, 1, 64, 1664, 47275, 374084, 69640
  result is correct!
-----------------Showing intmul-rv32_ise_27_hybrid.log-----------------
! 27, ise, 32, 0, 1, 8, 216, 475, 63035, 724
  result is correct!
! 27, ise, 32, 0, 1, 12, 324, 844, 147119, 1377
  result is correct!
! 27, ise, 32, 0, 1, 16, 432, 1307, 154144, 2102
  result is correct!
! 27, ise, 32, 0, 1, 20, 540, 1846, 75102, 2679
  result is correct!
! 27, ise, 32, 0, 1, 24, 648, 2485, 65211, 3609
  result is correct!
! 27, ise, 32, 0, 1, 28, 756, 3220, 147539, 4822
  result is correct!
! 27, ise, 32, 0, 1, 32, 864, 4051, 67220, 5804
  result is correct!
-----------------Showing intmul-rv32_ise_27_simple.log-----------------
! 27, ise, 32, 0, 1, 8, 216, 1019, 63351, 1507
  result is correct!
! 27, ise, 32, 0, 1, 12, 324, 2035, 181342, 3148
  result is correct!
! 27, ise, 32, 0, 1, 16, 432, 3403, 144587, 4961
  result is correct!
! 27, ise, 32, 0, 1, 20, 540, 5123, 66837, 7319
  result is correct!
! 27, ise, 32, 0, 1, 24, 648, 7195, 150195, 10538
  result is correct!
! 27, ise, 32, 0, 1, 28, 756, 9619, 153277, 14001
  result is correct!
! 27, ise, 32, 0, 1, 32, 864, 12395, 275886, 18177
  result is correct!
-----------------Showing intmul-rv32_ise_28_hybrid.log-----------------
! 28, ise, 32, 0, 1, 8, 224, 477, 63474, 725
  result is correct!
! 28, ise, 32, 0, 1, 12, 336, 846, 63040, 1160
  result is correct!
! 28, ise, 32, 0, 1, 16, 448, 1309, 63928, 1931
  result is correct!
-----------------Showing intmul-rv32_ise_28_simple.log-----------------
! 28, ise, 32, 0, 1, 8, 224, 1020, 144404, 1595
  result is correct!
! 28, ise, 32, 0, 1, 12, 336, 2036, 63362, 2946
  result is correct!
! 28, ise, 32, 0, 1, 16, 448, 3404, 65237, 4871
  result is correct!
-----------------Showing intmul-rv32_ise_29_hybrid.log-----------------
! 29, ise, 32, 0, 1, 8, 232, 480, 63811, 729
  result is correct!
-----------------Showing intmul-rv32_ise_29_simple.log-----------------
! 29, ise, 32, 0, 1, 8, 232, 1017, 160344, 1620
  result is correct!
-----------------Showing intmul-rv32_ise_32_hybrid.log-----------------
! 32, ise, 32, 0, 1, 8, 256, 500, 63162, 750
  result is correct!
! 32, ise, 32, 0, 1, 12, 384, 1029, 64228, 1468
  result is correct!
! 32, ise, 32, 0, 1, 16, 512, 1754, 141845, 2722
  result is correct!
! 32, ise, 32, 0, 1, 20, 640, 2637, 65556, 3825
  result is correct!
! 32, ise, 32, 0, 1, 24, 768, 3710, 67041, 5465
  result is correct!
! 32, ise, 32, 0, 1, 28, 896, 4969, 332155, 7747
  result is correct!
! 32, ise, 32, 0, 1, 32, 1024, 6414, 70141, 9369
  result is correct!
! 32, ise, 32, 0, 1, 36, 1152, 8045, 72233, 11699
  result is correct!
! 32, ise, 32, 0, 1, 40, 1280, 9862, 74089, 14404
  result is correct!
! 32, ise, 32, 0, 1, 44, 1408, 11865, 340329, 18153
  result is correct!
! 32, ise, 32, 0, 1, 48, 1536, 14054, 342727, 21126
  result is correct!
! 32, ise, 32, 0, 1, 52, 1664, 16429, 344200, 24704
  result is correct!
! 32, ise, 32, 0, 1, 56, 1792, 18990, 345543, 28597
  result is correct!
! 32, ise, 32, 0, 1, 60, 1920, 21737, 347514, 32559
  result is correct!
! 32, ise, 32, 0, 1, 64, 2048, 24682, 179549, 36777
  result is correct!
-----------------Showing intmul-rv32_ise_32_simple.log-----------------
! 32, ise, 32, 0, 1, 8, 256, 1123, 62316, 1666
  result is correct!
! 32, ise, 32, 0, 1, 12, 384, 2291, 63574, 3318
  result is correct!
! 32, ise, 32, 0, 1, 16, 512, 3875, 65362, 5571
  result is correct!
! 32, ise, 32, 0, 1, 20, 640, 5875, 149820, 8515
  result is correct!
! 32, ise, 32, 0, 1, 24, 768, 8291, 152536, 12025
  result is correct!
! 32, ise, 32, 0, 1, 28, 896, 11123, 176962, 16269
  result is correct!
! 32, ise, 32, 0, 1, 32, 1024, 14371, 157492, 20858
  result is correct!
! 32, ise, 32, 0, 1, 36, 1152, 18035, 159569, 26055
  result is correct!
! 32, ise, 32, 0, 1, 40, 1280, 22115, 345650, 32549
  result is correct!
! 32, ise, 32, 0, 1, 44, 1408, 26611, 351099, 38908
  result is correct!
! 32, ise, 32, 0, 1, 48, 1536, 31523, 356929, 46365
  result is correct!
! 32, ise, 32, 0, 1, 52, 1664, 36851, 363449, 54102
  result is correct!
! 32, ise, 32, 0, 1, 56, 1792, 42595, 369100, 62843
  result is correct!
! 32, ise, 32, 0, 1, 60, 1920, 48755, 374627, 71927
  result is correct!
! 32, ise, 32, 0, 1, 64, 2048, 55333, 390122, 82109
  result is correct!
# 