! 61, isa, 64, 0, 1, 8, 488, 10, 10, 811, 816, 811
  result is correct!
! 61, isa, 64, 0, 1, 12, 732, 10, 10, 1597, 1999, 1657
  result is correct!
! 61, isa, 64, 0, 1, 16, 976, 10, 10, 2637, 3086, 2697
  result is correct!
! 61, isa, 64, 0, 1, 20, 1220, 10, 10, 3916, 4367, 3977
  result is correct!
! 61, isa, 64, 0, 1, 24, 1464, 10, 10, 5449, 6019, 5570
  result is correct!
! 61, isa, 64, 0, 1, 28, 1708, 10, 10, 7236, 7807, 7357
  result is correct!
! 61, isa, 64, 0, 1, 32, 1952, 10, 10, 9277, 9730, 9463
  result is correct!
! 61, isa, 64, 0, 1, 36, 2196, 10, 10, 11572, 12149, 11815
  result is correct!
! 61, isa, 64, 0, 1, 40, 2440, 10, 10, 14158, 14699, 14426
  result is correct!
! 61, isa, 64, 0, 1, 44, 2684, 10, 10, 16958, 17499, 17284
  result is correct!
! 61, isa, 64, 0, 1, 48, 2928, 10, 10, 20137, 20557, 20402
  result is correct!
! 61, isa, 64, 0, 1, 52, 3172, 10, 10, 23448, 23900, 23777
  result is correct!
! 61, isa, 64, 0, 1, 56, 3416, 10, 10, 27013, 27469, 27403
  result is correct!
! 61, isa, 64, 0, 1, 60, 3660, 10, 10, 31282, 31407, 31296
  result is correct!
! 61, isa, 64, 0, 1, 64, 3904, 10, 10, 35355, 35759, 35461
  result is correct!

--------------------Threshold debug data--------------------
! 61, isa, 64, 0, 1, 8, 488, 10

! @  814 816 811 811 811 811 811 811 811 811
! 61, isa, 64, 0, 1, 12, 732, 10

! @  1600 1597 1597 1597 1597 1597 1597 1999 1798 1597
! 61, isa, 64, 0, 1, 16, 976, 10

! @  3086 2793 2637 2637 2637 2637 2637 2637 2637 2637
! 61, isa, 64, 0, 1, 20, 1220, 10

! @  3919 3916 3916 3916 4367 4072 3916 3916 3916 3916
! 61, isa, 64, 0, 1, 24, 1464, 10

! @  5904 5605 5449 5449 5449 5449 6019 5483 5449 5449
! 61, isa, 64, 0, 1, 28, 1708, 10

! @  7239 7236 7807 7270 7236 7236 7807 7270 7236 7236
! 61, isa, 64, 0, 1, 32, 1952, 10

! @  9316 9277 9728 9433 9277 9730 9433 9277 9728 9433
! 61, isa, 64, 0, 1, 36, 2196, 10

! @  12149 11606 12022 11728 11572 12145 11606 12025 11728 11572
! 61, isa, 64, 0, 1, 40, 2440, 10

! @  14699 14158 14694 14158 14691 14163 14572 14280 14573 14280
! 61, isa, 64, 0, 1, 44, 2684, 10

! @  17491 16958 17499 17411 17080 17376 17080 17498 16958 17497
! 61, isa, 64, 0, 1, 48, 2928, 10

! @  20557 20467 20137 20554 20468 20137 20555 20466 20137 20549
! 61, isa, 64, 0, 1, 52, 3172, 10

! @  23867 23895 23778 23899 23448 23865 23900 23778 23898 23448
! 61, isa, 64, 0, 1, 56, 3416, 10

! @  27469 27013 27421 27465 27464 27464 27464 27462 27347 27465
! 61, isa, 64, 0, 1, 60, 3660, 10

! @  31407 31285 31288 31284 31282 31284 31285 31285 31282 31283
! 61, isa, 64, 0, 1, 64, 3904, 10

! @  35759 35359 35356 35476 35361 35358 35753 35355 35358 35478
