====
REPO_HOME         := /home/gk24545/Documents/software/Github/mpise-releases/v22052025
RISCV             := /home/gk24545/Documents/software/Github/mpise-releases/v22052025/build/riscv-spike
MPISE_DESTRUCTIVE := 0
MPISE_STATELESS   := 1
----
ARCH              := rv32
TYPE              := isa
RADIX             := 24
PLATFORM          := spike
VERSION           := hybrid
<<<<
bbl loader
! 24, isa, 32, 0, 1, 8, 192, 722, 722, 722
  result is correct!
! 24, isa, 32, 0, 1, 12, 288, 1386, 1386, 1386
  result is correct!
! 24, isa, 32, 0, 1, 16, 384, 2266, 2266, 2266
  result is correct!
! 24, isa, 32, 0, 1, 20, 480, 3362, 3362, 3362
  result is correct!
! 24, isa, 32, 0, 1, 24, 576, 4674, 4674, 4674
  result is correct!
! 24, isa, 32, 0, 1, 28, 672, 6202, 6202, 6202
  result is correct!
! 24, isa, 32, 0, 1, 32, 768, 7946, 7946, 7946
  result is correct!
! 24, isa, 32, 0, 1, 36, 864, 9906, 9906, 9906
  result is correct!
! 24, isa, 32, 0, 1, 40, 960, 12082, 12082, 12082
  result is correct!
! 24, isa, 32, 0, 1, 44, 1056, 14474, 14474, 14474
  result is correct!
! 24, isa, 32, 0, 1, 48, 1152, 17082, 17082, 17082
  result is correct!
! 24, isa, 32, 0, 1, 52, 1248, 19906, 19906, 19906
  result is correct!
! 24, isa, 32, 0, 1, 56, 1344, 22946, 22946, 22946
  result is correct!
! 24, isa, 32, 0, 1, 60, 1440, 26202, 26202, 26202
  result is correct!
! 24, isa, 32, 0, 1, 64, 1536, 29674, 29674, 29674
  result is correct!
! 24, isa, 32, 0, 1, 68, 1632, 33362, 33362, 33362
  result is correct!
! 24, isa, 32, 0, 1, 72, 1728, 37266, 37266, 37266
  result is correct!
>>>>
