====
REPO_HOME         := /home/gk24545/Documents/software/Github/mpise-releases/v22052025
RISCV             := /home/gk24545/Documents/software/Github/mpise-releases/v22052025/build/riscv-spike
MPISE_DESTRUCTIVE := 0
MPISE_STATELESS   := 1
----
ARCH              := rv32
TYPE              := isa
RADIX             := 22
PLATFORM          := spike
VERSION           := hybrid
<<<<
bbl loader
! 22, isa, 32, 0, 1, 8, 176, 722, 722, 722
  result is correct!
! 22, isa, 32, 0, 1, 12, 264, 1386, 1386, 1386
  result is correct!
! 22, isa, 32, 0, 1, 16, 352, 2266, 2266, 2266
  result is correct!
! 22, isa, 32, 0, 1, 20, 440, 3362, 3362, 3362
  result is correct!
! 22, isa, 32, 0, 1, 24, 528, 4674, 4674, 4674
  result is correct!
! 22, isa, 32, 0, 1, 28, 616, 6202, 6202, 6202
  result is correct!
! 22, isa, 32, 0, 1, 32, 704, 7946, 7946, 7946
  result is correct!
! 22, isa, 32, 0, 1, 36, 792, 9906, 9906, 9906
  result is correct!
! 22, isa, 32, 0, 1, 40, 880, 12082, 12082, 12082
  result is correct!
! 22, isa, 32, 0, 1, 44, 968, 14474, 14474, 14474
  result is correct!
! 22, isa, 32, 0, 1, 48, 1056, 17082, 17082, 17082
  result is correct!
! 22, isa, 32, 0, 1, 52, 1144, 19906, 19906, 19906
  result is correct!
! 22, isa, 32, 0, 1, 56, 1232, 22946, 22946, 22946
  result is correct!
! 22, isa, 32, 0, 1, 60, 1320, 26202, 26202, 26202
  result is correct!
! 22, isa, 32, 0, 1, 64, 1408, 29674, 29674, 29674
  result is correct!
! 22, isa, 32, 0, 1, 68, 1496, 33362, 33362, 33362
  result is correct!
! 22, isa, 32, 0, 1, 72, 1584, 37266, 37266, 37266
  result is correct!
>>>>
