====
REPO_HOME         := /home/gk24545/Documents/software/Github/mpise-releases/v22052025
RISCV             := /home/gk24545/Documents/software/Github/mpise-releases/v22052025/build/riscv-spike
MPISE_DESTRUCTIVE := 0
MPISE_STATELESS   := 1
----
ARCH              := rv32
TYPE              := isa
RADIX             := 27
PLATFORM          := spike
VERSION           := hybrid
<<<<
bbl loader
! 27, isa, 32, 0, 1, 8, 216, 722, 722, 722
  result is correct!
! 27, isa, 32, 0, 1, 12, 324, 1386, 1386, 1386
  result is correct!
! 27, isa, 32, 0, 1, 16, 432, 2266, 2266, 2266
  result is correct!
! 27, isa, 32, 0, 1, 20, 540, 3362, 3362, 3362
  result is correct!
! 27, isa, 32, 0, 1, 24, 648, 4674, 4674, 4674
  result is correct!
! 27, isa, 32, 0, 1, 28, 756, 6202, 6202, 6202
  result is correct!
! 27, isa, 32, 0, 1, 32, 864, 7946, 7946, 7946
  result is correct!
! 27, isa, 32, 0, 1, 36, 972, 9906, 9906, 9906
  result is correct!
! 27, isa, 32, 0, 1, 40, 1080, 12082, 12082, 12082
  result is correct!
! 27, isa, 32, 0, 1, 44, 1188, 14474, 14474, 14474
  result is correct!
! 27, isa, 32, 0, 1, 48, 1296, 17082, 17082, 17082
  result is correct!
! 27, isa, 32, 0, 1, 52, 1404, 19906, 19906, 19906
  result is correct!
! 27, isa, 32, 0, 1, 56, 1512, 22946, 22946, 22946
  result is correct!
! 27, isa, 32, 0, 1, 60, 1620, 26202, 26202, 26202
  result is correct!
! 27, isa, 32, 0, 1, 64, 1728, 29674, 29674, 29674
  result is correct!
! 27, isa, 32, 0, 1, 68, 1836, 33362, 33362, 33362
  result is correct!
! 27, isa, 32, 0, 1, 72, 1944, 37266, 37266, 37266
  result is correct!
>>>>
