====
REPO_HOME         := /home/gk24545/Documents/software/Github/mpise-releases/v22052025
RISCV             := /home/gk24545/Documents/software/Github/mpise-releases/v22052025/build/riscv-spike
MPISE_DESTRUCTIVE := 0
MPISE_STATELESS   := 1
----
ARCH              := rv32
TYPE              := ise
RADIX             := 32
PLATFORM          := spike
VERSION           := hybrid
<<<<
bbl loader
! 32, ise, 32, 0, 1, 8, 256, 414, 414, 414
  result is correct!
! 32, ise, 32, 0, 1, 12, 384, 832, 832, 832
  result is correct!
! 32, ise, 32, 0, 1, 16, 512, 1402, 1402, 1402
  result is correct!
! 32, ise, 32, 0, 1, 20, 640, 2124, 2124, 2124
  result is correct!
! 32, ise, 32, 0, 1, 24, 768, 2998, 2998, 2998
  result is correct!
! 32, ise, 32, 0, 1, 28, 896, 4024, 4024, 4024
  result is correct!
! 32, ise, 32, 0, 1, 32, 1024, 5202, 5202, 5202
  result is correct!
! 32, ise, 32, 0, 1, 36, 1152, 6532, 6532, 6532
  result is correct!
! 32, ise, 32, 0, 1, 40, 1280, 8014, 8014, 8014
  result is correct!
! 32, ise, 32, 0, 1, 44, 1408, 9648, 9648, 9648
  result is correct!
! 32, ise, 32, 0, 1, 48, 1536, 11434, 11434, 11434
  result is correct!
! 32, ise, 32, 0, 1, 52, 1664, 13372, 13372, 13372
  result is correct!
! 32, ise, 32, 0, 1, 56, 1792, 15462, 15462, 15462
  result is correct!
! 32, ise, 32, 0, 1, 60, 1920, 17704, 17704, 17704
  result is correct!
! 32, ise, 32, 0, 1, 64, 2048, 20098, 20098, 20098
  result is correct!
>>>>
