====
REPO_HOME         := /home/gk24545/Documents/software/Github/mpise-releases/v22052025
RISCV             := /home/gk24545/Documents/software/Github/mpise-releases/v22052025/build/riscv-spike
MPISE_DESTRUCTIVE := 0
MPISE_STATELESS   := 1
----
ARCH              := rv32
TYPE              := isa
RADIX             := 20
PLATFORM          := spike
VERSION           := hybrid
<<<<
bbl loader
! 20, isa, 32, 0, 1, 8, 160, 722, 722, 722
  result is correct!
! 20, isa, 32, 0, 1, 12, 240, 1386, 1386, 1386
  result is correct!
! 20, isa, 32, 0, 1, 16, 320, 2266, 2266, 2266
  result is correct!
! 20, isa, 32, 0, 1, 20, 400, 3362, 3362, 3362
  result is correct!
! 20, isa, 32, 0, 1, 24, 480, 4674, 4674, 4674
  result is correct!
! 20, isa, 32, 0, 1, 28, 560, 6202, 6202, 6202
  result is correct!
! 20, isa, 32, 0, 1, 32, 640, 7946, 7946, 7946
  result is correct!
! 20, isa, 32, 0, 1, 36, 720, 9906, 9906, 9906
  result is correct!
! 20, isa, 32, 0, 1, 40, 800, 12082, 12082, 12082
  result is correct!
! 20, isa, 32, 0, 1, 44, 880, 14474, 14474, 14474
  result is correct!
! 20, isa, 32, 0, 1, 48, 960, 17082, 17082, 17082
  result is correct!
! 20, isa, 32, 0, 1, 52, 1040, 19906, 19906, 19906
  result is correct!
! 20, isa, 32, 0, 1, 56, 1120, 22946, 22946, 22946
  result is correct!
! 20, isa, 32, 0, 1, 60, 1200, 26202, 26202, 26202
  result is correct!
! 20, isa, 32, 0, 1, 64, 1280, 29674, 29674, 29674
  result is correct!
! 20, isa, 32, 0, 1, 68, 1360, 33362, 33362, 33362
  result is correct!
! 20, isa, 32, 0, 1, 72, 1440, 37266, 37266, 37266
  result is correct!
>>>>
