====
REPO_HOME         := /home/gk24545/Documents/software/Github/mpise-releases/v22052025
RISCV             := /home/gk24545/Documents/software/Github/mpise-releases/v22052025/build/riscv-spike
MPISE_DESTRUCTIVE := 0
MPISE_STATELESS   := 1
----
ARCH              := rv32
TYPE              := isa
RADIX             := 24
PLATFORM          := spike
VERSION           := simple
<<<<
bbl loader
! 24, isa, 32, 0, 1, 8, 192, 974, 974, 974
  result is correct!
! 24, isa, 32, 0, 1, 12, 288, 2030, 2030, 2030
  result is correct!
! 24, isa, 32, 0, 1, 16, 384, 3470, 3470, 3470
  result is correct!
! 24, isa, 32, 0, 1, 20, 480, 5294, 5294, 5294
  result is correct!
! 24, isa, 32, 0, 1, 24, 576, 7502, 7502, 7502
  result is correct!
! 24, isa, 32, 0, 1, 28, 672, 10094, 10094, 10094
  result is correct!
! 24, isa, 32, 0, 1, 32, 768, 13070, 13070, 13070
  result is correct!
! 24, isa, 32, 0, 1, 36, 864, 16430, 16430, 16430
  result is correct!
! 24, isa, 32, 0, 1, 40, 960, 20174, 20174, 20174
  result is correct!
! 24, isa, 32, 0, 1, 44, 1056, 24302, 24302, 24302
  result is correct!
! 24, isa, 32, 0, 1, 48, 1152, 28814, 28814, 28814
  result is correct!
! 24, isa, 32, 0, 1, 52, 1248, 33710, 33710, 33710
  result is correct!
! 24, isa, 32, 0, 1, 56, 1344, 38990, 38990, 38990
  result is correct!
! 24, isa, 32, 0, 1, 60, 1440, 44654, 44654, 44654
  result is correct!
! 24, isa, 32, 0, 1, 64, 1536, 50702, 50702, 50702
  result is correct!
! 24, isa, 32, 0, 1, 68, 1632, 57134, 57134, 57134
  result is correct!
! 24, isa, 32, 0, 1, 72, 1728, 63950, 63950, 63950
  result is correct!
>>>>
