====
REPO_HOME         := /home/gk24545/Documents/software/Github/mpise-releases/v22052025
RISCV             := /home/gk24545/Documents/software/Github/mpise-releases/v22052025/build/riscv-spike
MPISE_DESTRUCTIVE := 0
MPISE_STATELESS   := 1
----
ARCH              := rv32
TYPE              := ise
RADIX             := 22
PLATFORM          := spike
VERSION           := simple
<<<<
bbl loader
! 22, ise, 32, 0, 1, 8, 176, 704, 704, 704
  result is correct!
! 22, ise, 32, 0, 1, 12, 264, 1432, 1432, 1432
  result is correct!
! 22, ise, 32, 0, 1, 16, 352, 2416, 2416, 2416
  result is correct!
! 22, ise, 32, 0, 1, 20, 440, 3656, 3656, 3656
  result is correct!
! 22, ise, 32, 0, 1, 24, 528, 5152, 5152, 5152
  result is correct!
! 22, ise, 32, 0, 1, 28, 616, 6904, 6904, 6904
  result is correct!
! 22, ise, 32, 0, 1, 32, 704, 8912, 8912, 8912
  result is correct!
! 22, ise, 32, 0, 1, 36, 792, 11176, 11176, 11176
  result is correct!
! 22, ise, 32, 0, 1, 40, 880, 13696, 13696, 13696
  result is correct!
! 22, ise, 32, 0, 1, 44, 968, 16472, 16472, 16472
  result is correct!
! 22, ise, 32, 0, 1, 48, 1056, 19504, 19504, 19504
  result is correct!
! 22, ise, 32, 0, 1, 52, 1144, 22792, 22792, 22792
  result is correct!
! 22, ise, 32, 0, 1, 56, 1232, 26336, 26336, 26336
  result is correct!
! 22, ise, 32, 0, 1, 60, 1320, 30136, 30136, 30136
  result is correct!
! 22, ise, 32, 0, 1, 64, 1408, 34192, 34192, 34192
  result is correct!
! 22, ise, 32, 0, 1, 68, 1496, 38504, 38504, 38504
  result is correct!
! 22, ise, 32, 0, 1, 72, 1584, 43072, 43072, 43072
  result is correct!
>>>>
