====
REPO_HOME         := /home/gk24545/Documents/software/Github/mpise-releases/v22052025
RISCV             := /home/gk24545/Documents/software/Github/mpise-releases/v22052025/build/riscv-spike
MPISE_DESTRUCTIVE := 0
MPISE_STATELESS   := 1
----
ARCH              := rv32
TYPE              := isa
RADIX             := 32
PLATFORM          := spike
VERSION           := simple
<<<<
bbl loader
! 32, isa, 32, 0, 1, 8, 256, 1070, 1070, 1070
  result is correct!
! 32, isa, 32, 0, 1, 12, 384, 2270, 2270, 2270
  result is correct!
! 32, isa, 32, 0, 1, 16, 512, 3918, 3918, 3918
  result is correct!
! 32, isa, 32, 0, 1, 20, 640, 6014, 6014, 6014
  result is correct!
! 32, isa, 32, 0, 1, 24, 768, 8558, 8558, 8558
  result is correct!
! 32, isa, 32, 0, 1, 28, 896, 11550, 11550, 11550
  result is correct!
! 32, isa, 32, 0, 1, 32, 1024, 14990, 14990, 14990
  result is correct!
! 32, isa, 32, 0, 1, 36, 1152, 18878, 18878, 18878
  result is correct!
! 32, isa, 32, 0, 1, 40, 1280, 23214, 23214, 23214
  result is correct!
! 32, isa, 32, 0, 1, 44, 1408, 27998, 27998, 27998
  result is correct!
! 32, isa, 32, 0, 1, 48, 1536, 33230, 33230, 33230
  result is correct!
! 32, isa, 32, 0, 1, 52, 1664, 38910, 38910, 38910
  result is correct!
! 32, isa, 32, 0, 1, 56, 1792, 45038, 45038, 45038
  result is correct!
! 32, isa, 32, 0, 1, 60, 1920, 51614, 51614, 51614
  result is correct!
! 32, isa, 32, 0, 1, 64, 2048, 58638, 58638, 58638
  result is correct!
>>>>
