>>>>
====
REPO_HOME         := auto-generated-text
RISCV             := auto-generated-text
MPISE_DESTRUCTIVE := 0
MPISE_STATELESS   := 1
----
ARCH              := rv32
TYPE              := isa
RADIX             := 32
PLATFORM          := cva6-verilator
VERSION           := simple
<<<<
bbl loader
! 32, isa, 32, 0, 1, 8, 256, 10, 10, 1318, 1635, 1350
  result is correct!
! 32, isa, 32, 0, 1, 12, 384, 10, 10, 2726, 3039, 2759
  result is correct!
! 32, isa, 32, 0, 1, 16, 512, 10, 10, 4646, 4951, 4711
  result is correct!
! 32, isa, 32, 0, 1, 20, 640, 10, 10, 7078, 7400, 7143
  result is correct!
! 32, isa, 32, 0, 1, 24, 768, 10, 10, 10022, 10327, 10120
  result is correct!
! 32, isa, 32, 0, 1, 28, 896, 10, 10, 13478, 13800, 13638
  result is correct!
! 32, isa, 32, 0, 1, 32, 1024, 10, 10, 17467, 17776, 17641
  result is correct!
! 32, isa, 32, 0, 1, 36, 1152, 10, 10, 21947, 22251, 22154
  result is correct!
! 32, isa, 32, 0, 1, 40, 1280, 10, 10, 26952, 27244, 27210
  result is correct!
! 32, isa, 32, 0, 1, 44, 1408, 10, 10, 32745, 33045, 32778
  result is correct!
! 32, isa, 32, 0, 1, 48, 1536, 10, 10, 38761, 39062, 38856
  result is correct!
! 32, isa, 32, 0, 1, 52, 1664, 10, 10, 45292, 45600, 45446
  result is correct!
! 32, isa, 32, 0, 1, 56, 1792, 10, 10, 52329, 52646, 52576
  result is correct!
! 32, isa, 32, 0, 1, 60, 1920, 10, 10, 60187, 60200, 60190
  result is correct!
! 32, isa, 32, 0, 1, 64, 2048, 10, 10, 68251, 68550, 68341
  result is correct!
