>>>>
====
REPO_HOME         := auto-generated-text
RISCV             := auto-generated-text
MPISE_DESTRUCTIVE := 0
MPISE_STATELESS   := 1
----
ARCH              := rv32
TYPE              := ise
RADIX             := 28
PLATFORM          := cva6-verilator
VERSION           := simple
<<<<
bbl loader
! 28, ise, 32, 0, 1, 8, 224, 10, 10, 1020, 1025, 1020
  result is correct!
! 28, ise, 32, 0, 1, 12, 336, 10, 10, 2036, 2355, 2068
  result is correct!
! 28, ise, 32, 0, 1, 16, 448, 10, 10, 3404, 3721, 3436
  result is correct!
