>>>>
====
REPO_HOME         := auto-generated-text
RISCV             := auto-generated-text
MPISE_DESTRUCTIVE := 0
MPISE_STATELESS   := 1
----
ARCH              := rv32
TYPE              := ise
RADIX             := 32
PLATFORM          := cva6-verilator
VERSION           := hybrid
<<<<
bbl loader
! 32, ise, 32, 0, 1, 8, 256, 10, 10, 508, 518, 509
  result is correct!
! 32, ise, 32, 0, 1, 12, 384, 10, 10, 1043, 1052, 1043
  result is correct!
! 32, ise, 32, 0, 1, 16, 512, 10, 10, 1762, 2187, 1806
  result is correct!
! 32, ise, 32, 0, 1, 20, 640, 10, 10, 2645, 3009, 2689
  result is correct!
! 32, ise, 32, 0, 1, 24, 768, 10, 10, 3718, 4072, 3762
  result is correct!
! 32, ise, 32, 0, 1, 28, 896, 10, 10, 4977, 5332, 5064
  result is correct!
! 32, ise, 32, 0, 1, 32, 1024, 10, 10, 6422, 6850, 6512
  result is correct!
! 32, ise, 32, 0, 1, 36, 1152, 10, 10, 8053, 8481, 8185
  result is correct!
! 32, ise, 32, 0, 1, 40, 1280, 10, 10, 9870, 10225, 10001
  result is correct!
! 32, ise, 32, 0, 1, 44, 1408, 10, 10, 11873, 12301, 12050
  result is correct!
! 32, ise, 32, 0, 1, 48, 1536, 10, 10, 14081, 14499, 14283
  result is correct!
! 32, ise, 32, 0, 1, 52, 1664, 10, 10, 16456, 16869, 16696
  result is correct!
! 32, ise, 32, 0, 1, 56, 1792, 10, 10, 19017, 19430, 19266
  result is correct!
! 32, ise, 32, 0, 1, 60, 1920, 10, 10, 21826, 22181, 22055
  result is correct!
! 32, ise, 32, 0, 1, 64, 2048, 10, 10, 24759, 25125, 25038
  result is correct!
