>>>>
====
REPO_HOME         := auto-generated-text
RISCV             := auto-generated-text
MPISE_DESTRUCTIVE := 0
MPISE_STATELESS   := 1
----
ARCH              := rv32
TYPE              := isa
RADIX             := 28
PLATFORM          := cva6-verilator
VERSION           := hybrid
<<<<
bbl loader
! 28, isa, 32, 0, 1, 8, 224, 10, 10, 828, 836, 828
  result is correct!
! 28, isa, 32, 0, 1, 12, 336, 10, 10, 1616, 2158, 1676
  result is correct!
! 28, isa, 32, 0, 1, 16, 448, 10, 10, 2652, 3099, 2712
  result is correct!
! 28, isa, 32, 0, 1, 20, 560, 10, 10, 3927, 4361, 3988
  result is correct!
! 28, isa, 32, 0, 1, 24, 672, 10, 10, 5460, 5910, 5577
  result is correct!
! 28, isa, 32, 0, 1, 28, 784, 10, 10, 7247, 7802, 7365
  result is correct!
! 28, isa, 32, 0, 1, 32, 896, 10, 10, 9288, 9729, 9462
  result is correct!
! 28, isa, 32, 0, 1, 36, 1008, 10, 10, 11583, 12147, 11813
  result is correct!
! 28, isa, 32, 0, 1, 40, 1120, 10, 10, 14154, 14697, 14420
  result is correct!
! 28, isa, 32, 0, 1, 44, 1232, 10, 10, 16957, 17500, 17277
  result is correct!
! 28, isa, 32, 0, 1, 48, 1344, 10, 10, 20120, 20558, 20391
  result is correct!
! 28, isa, 32, 0, 1, 52, 1456, 10, 10, 23431, 23883, 23760
  result is correct!
! 28, isa, 32, 0, 1, 56, 1568, 10, 10, 27006, 27443, 27381
  result is correct!
! 28, isa, 32, 0, 1, 60, 1680, 10, 10, 31258, 31377, 31275
  result is correct!
! 28, isa, 32, 0, 1, 64, 1792, 10, 10, 35320, 35730, 35429
  result is correct!
! 28, isa, 32, 0, 1, 68, 1904, 10, 10, 39648, 40043, 39804
  result is correct!
! 28, isa, 32, 0, 1, 72, 2016, 10, 10, 44229, 44636, 44477
  result is correct!
