! 23, ise, 32, 1, 0, 8, 184, 1018, 61878, 1507
  result is correct!
! 23, ise, 32, 1, 0, 12, 276, 2034, 63036, 2950
  result is correct!
! 23, ise, 32, 1, 0, 16, 368, 3402, 147110, 5084
  result is correct!
! 23, ise, 32, 1, 0, 20, 460, 5122, 67142, 7261
  result is correct!
! 23, ise, 32, 1, 0, 24, 552, 7194, 182283, 10572
  result is correct!
! 23, ise, 32, 1, 0, 28, 644, 9618, 151068, 14000
  result is correct!
! 23, ise, 32, 1, 0, 32, 736, 12394, 335130, 18364
  result is correct!
! 23, ise, 32, 1, 0, 36, 828, 15522, 341378, 23204
  result is correct!
! 23, ise, 32, 1, 0, 40, 920, 19002, 343119, 28193
  result is correct!
! 23, ise, 32, 1, 0, 44, 1012, 22834, 348160, 33649
  result is correct!
! 23, ise, 32, 1, 0, 48, 1104, 27018, 352469, 39949
  result is correct!
! 23, ise, 32, 1, 0, 52, 1196, 31554, 357580, 46542
  result is correct!
! 23, ise, 32, 1, 0, 56, 1288, 36442, 361243, 53774
  result is correct!
! 23, ise, 32, 1, 0, 60, 1380, 41682, 366740, 61385
  result is correct!
! 23, ise, 32, 1, 0, 64, 1472, 47279, 372561, 69906
  result is correct!
! 23, ise, 32, 1, 0, 68, 1564, 53223, 379152, 78939
  result is correct!
! 23, ise, 32, 1, 0, 72, 1656, 59519, 386592, 88079
  result is correct!
