! 29, isa, 32, 1, 0, 8, 232, 836, 64737, 1215
  result is correct!
! 29, isa, 32, 1, 0, 12, 348, 1621, 65577, 2381
  result is correct!
! 29, isa, 32, 1, 0, 16, 464, 2670, 66617, 3933
  result is correct!
! 29, isa, 32, 1, 0, 20, 580, 3945, 67992, 5777
  result is correct!
! 29, isa, 32, 1, 0, 24, 696, 5478, 193446, 8213
  result is correct!
! 29, isa, 32, 1, 0, 28, 812, 7265, 151808, 10727
  result is correct!
! 29, isa, 32, 1, 0, 32, 928, 9306, 178082, 13972
  result is correct!
! 29, isa, 32, 1, 0, 36, 1044, 11601, 75888, 17004
  result is correct!
! 29, isa, 32, 1, 0, 40, 1160, 14150, 343869, 21268
  result is correct!
! 29, isa, 32, 1, 0, 44, 1276, 16953, 344661, 25424
  result is correct!
! 29, isa, 32, 1, 0, 48, 1392, 20010, 349320, 30090
  result is correct!
! 29, isa, 32, 1, 0, 52, 1508, 23321, 307304, 34656
  result is correct!
! 29, isa, 32, 1, 0, 56, 1624, 26886, 356783, 40319
  result is correct!
! 29, isa, 32, 1, 0, 60, 1740, 30705, 360377, 46218
  result is correct!
! 29, isa, 32, 1, 0, 64, 1856, 34778, 364825, 52390
  result is correct!
