! 20, ise, 32, 1, 0, 8, 160, 1018, 62142, 1508
  result is correct!
! 20, ise, 32, 1, 0, 12, 240, 2034, 143782, 3107
  result is correct!
! 20, ise, 32, 1, 0, 16, 320, 3402, 64768, 4930
  result is correct!
! 20, ise, 32, 1, 0, 20, 400, 5122, 148954, 7692
  result is correct!
! 20, ise, 32, 1, 0, 24, 480, 7194, 68994, 10370
  result is correct!
! 20, ise, 32, 1, 0, 28, 560, 9618, 333827, 14635
  result is correct!
! 20, ise, 32, 1, 0, 32, 640, 12394, 153782, 18069
  result is correct!
! 20, ise, 32, 1, 0, 36, 720, 15522, 158219, 22488
  result is correct!
! 20, ise, 32, 1, 0, 40, 800, 19002, 170292, 27741
  result is correct!
! 20, ise, 32, 1, 0, 44, 880, 22834, 347823, 33986
  result is correct!
! 20, ise, 32, 1, 0, 48, 960, 27018, 351816, 39793
  result is correct!
! 20, ise, 32, 1, 0, 52, 1040, 31554, 356373, 46547
  result is correct!
! 20, ise, 32, 1, 0, 56, 1120, 36442, 362535, 53958
  result is correct!
! 20, ise, 32, 1, 0, 60, 1200, 41682, 367848, 61613
  result is correct!
! 20, ise, 32, 1, 0, 64, 1280, 47274, 371580, 69751
  result is correct!
! 20, ise, 32, 1, 0, 68, 1360, 53218, 380754, 78394
  result is correct!
! 20, ise, 32, 1, 0, 72, 1440, 59519, 384745, 88155
  result is correct!
