! 28, isa, 32, 1, 0, 8, 224, 1220, 145354, 1866
  result is correct!
! 28, isa, 32, 1, 0, 12, 336, 2480, 63784, 3515
  result is correct!
! 28, isa, 32, 1, 0, 16, 448, 4188, 184392, 6218
  result is correct!
! 28, isa, 32, 1, 0, 20, 560, 6344, 67928, 9149
  result is correct!
! 28, isa, 32, 1, 0, 24, 672, 8948, 70877, 12797
  result is correct!
! 28, isa, 32, 1, 0, 28, 784, 12000, 338018, 17928
  result is correct!
! 28, isa, 32, 1, 0, 32, 896, 15500, 338666, 22975
  result is correct!
! 28, isa, 32, 1, 0, 36, 1008, 19448, 345132, 28957
  result is correct!
! 28, isa, 32, 1, 0, 40, 1120, 23844, 346179, 35259
  result is correct!
! 28, isa, 32, 1, 0, 44, 1232, 28688, 351946, 42370
  result is correct!
! 28, isa, 32, 1, 0, 48, 1344, 33980, 359326, 50100
  result is correct!
! 28, isa, 32, 1, 0, 52, 1456, 39720, 365573, 58665
  result is correct!
! 28, isa, 32, 1, 0, 56, 1568, 45908, 372509, 68028
  result is correct!
! 28, isa, 32, 1, 0, 60, 1680, 52544, 379491, 77899
  result is correct!
! 28, isa, 32, 1, 0, 64, 1792, 59628, 385778, 88195
  result is correct!
! 28, isa, 32, 1, 0, 68, 1904, 67160, 402055, 99272
  result is correct!
! 28, isa, 32, 1, 0, 72, 2016, 75140, 401833, 110974
  result is correct!
