! 26, isa, 32, 1, 0, 8, 208, 1226, 62833, 1772
  result is correct!
! 26, isa, 32, 1, 0, 12, 312, 2490, 63881, 3586
  result is correct!
! 26, isa, 32, 1, 0, 16, 416, 4202, 290023, 6329
  result is correct!
! 26, isa, 32, 1, 0, 20, 520, 6362, 333021, 9563
  result is correct!
! 26, isa, 32, 1, 0, 24, 624, 8970, 152347, 13100
  result is correct!
! 26, isa, 32, 1, 0, 28, 728, 12026, 172353, 17683
  result is correct!
! 26, isa, 32, 1, 0, 32, 832, 15530, 340306, 23152
  result is correct!
! 26, isa, 32, 1, 0, 36, 936, 19482, 344388, 28739
  result is correct!
! 26, isa, 32, 1, 0, 40, 1040, 23882, 299443, 34909
  result is correct!
! 26, isa, 32, 1, 0, 44, 1144, 28730, 358439, 42565
  result is correct!
! 26, isa, 32, 1, 0, 48, 1248, 34026, 357889, 50133
  result is correct!
! 26, isa, 32, 1, 0, 52, 1352, 39770, 364337, 58899
  result is correct!
! 26, isa, 32, 1, 0, 56, 1456, 45962, 371682, 67789
  result is correct!
! 26, isa, 32, 1, 0, 60, 1560, 52602, 378496, 78064
  result is correct!
! 26, isa, 32, 1, 0, 64, 1664, 59690, 385905, 87886
  result is correct!
! 26, isa, 32, 1, 0, 68, 1768, 67226, 393052, 99267
  result is correct!
! 26, isa, 32, 1, 0, 72, 1872, 75210, 402004, 111429
  result is correct!
