! 22, isa, 32, 1, 0, 8, 176, 1226, 62708, 1775
  result is correct!
! 22, isa, 32, 1, 0, 12, 264, 2490, 63761, 3583
  result is correct!
! 22, isa, 32, 1, 0, 16, 352, 4202, 147858, 6189
  result is correct!
! 22, isa, 32, 1, 0, 20, 440, 6362, 144583, 9319
  result is correct!
! 22, isa, 32, 1, 0, 24, 528, 8970, 336628, 13395
  result is correct!
! 22, isa, 32, 1, 0, 28, 616, 12026, 291723, 17634
  result is correct!
! 22, isa, 32, 1, 0, 32, 704, 15530, 156698, 22559
  result is correct!
! 22, isa, 32, 1, 0, 36, 792, 19482, 163466, 28290
  result is correct!
! 22, isa, 32, 1, 0, 40, 880, 23882, 349519, 35382
  result is correct!
! 22, isa, 32, 1, 0, 44, 968, 28730, 180335, 41958
  result is correct!
! 22, isa, 32, 1, 0, 48, 1056, 34026, 360287, 50273
  result is correct!
! 22, isa, 32, 1, 0, 52, 1144, 39770, 375426, 59079
  result is correct!
! 22, isa, 32, 1, 0, 56, 1232, 45962, 371758, 67579
  result is correct!
! 22, isa, 32, 1, 0, 60, 1320, 52602, 377037, 77311
  result is correct!
! 22, isa, 32, 1, 0, 64, 1408, 59690, 385369, 88494
  result is correct!
! 22, isa, 32, 1, 0, 68, 1496, 67226, 393979, 99434
  result is correct!
! 22, isa, 32, 1, 0, 72, 1584, 75210, 401798, 111131
  result is correct!
