! 28, isa, 32, 1, 0, 8, 224, 838, 63966, 1154
  result is correct!
! 28, isa, 32, 1, 0, 12, 336, 1623, 65252, 2382
  result is correct!
! 28, isa, 32, 1, 0, 16, 448, 2672, 330871, 4474
  result is correct!
! 28, isa, 32, 1, 0, 20, 560, 3947, 148993, 5939
  result is correct!
! 28, isa, 32, 1, 0, 24, 672, 5480, 159542, 8185
  result is correct!
! 28, isa, 32, 1, 0, 28, 784, 7267, 177067, 10888
  result is correct!
! 28, isa, 32, 1, 0, 32, 896, 9308, 73747, 13689
  result is correct!
! 28, isa, 32, 1, 0, 36, 1008, 11603, 339565, 17736
  result is correct!
! 28, isa, 32, 1, 0, 40, 1120, 14152, 343051, 21574
  result is correct!
! 28, isa, 32, 1, 0, 44, 1232, 16955, 344222, 25712
  result is correct!
! 28, isa, 32, 1, 0, 48, 1344, 20012, 348021, 30433
  result is correct!
! 28, isa, 32, 1, 0, 52, 1456, 23323, 351918, 34939
  result is correct!
! 28, isa, 32, 1, 0, 56, 1568, 26888, 356156, 40516
  result is correct!
! 28, isa, 32, 1, 0, 60, 1680, 30707, 185998, 45868
  result is correct!
! 28, isa, 32, 1, 0, 64, 1792, 34780, 364699, 52248
  result is correct!
! 28, isa, 32, 1, 0, 68, 1904, 39107, 367416, 58488
  result is correct!
! 28, isa, 32, 1, 0, 72, 2016, 43688, 373813, 65716
  result is correct!
