! 20, isa, 32, 1, 0, 8, 160, 1226, 160436, 1949
  result is correct!
! 20, isa, 32, 1, 0, 12, 240, 2490, 146539, 3740
  result is correct!
! 20, isa, 32, 1, 0, 16, 320, 4202, 156372, 6199
  result is correct!
! 20, isa, 32, 1, 0, 20, 400, 6362, 148868, 9325
  result is correct!
! 20, isa, 32, 1, 0, 24, 480, 8970, 151230, 13093
  result is correct!
! 20, isa, 32, 1, 0, 28, 560, 12026, 338106, 17848
  result is correct!
! 20, isa, 32, 1, 0, 32, 640, 15530, 294087, 22605
  result is correct!
! 20, isa, 32, 1, 0, 36, 720, 19482, 345436, 28801
  result is correct!
! 20, isa, 32, 1, 0, 40, 800, 23882, 349323, 35080
  result is correct!
! 20, isa, 32, 1, 0, 44, 880, 28730, 355786, 42290
  result is correct!
! 20, isa, 32, 1, 0, 48, 960, 34026, 359126, 49962
  result is correct!
! 20, isa, 32, 1, 0, 52, 1040, 39770, 364913, 58550
  result is correct!
! 20, isa, 32, 1, 0, 56, 1120, 45962, 370432, 67397
  result is correct!
! 20, isa, 32, 1, 0, 60, 1200, 52602, 378150, 77577
  result is correct!
! 20, isa, 32, 1, 0, 64, 1280, 59690, 394180, 88106
  result is correct!
! 20, isa, 32, 1, 0, 68, 1360, 67226, 394070, 99270
  result is correct!
! 20, isa, 32, 1, 0, 72, 1440, 75210, 401727, 111123
  result is correct!
