! 21, ise, 32, 1, 0, 8, 168, 476, 63041, 726
  result is correct!
! 21, ise, 32, 1, 0, 12, 252, 845, 144671, 1375
  result is correct!
! 21, ise, 32, 1, 0, 16, 336, 1308, 64270, 1806
  result is correct!
! 21, ise, 32, 1, 0, 20, 420, 1847, 65074, 2599
  result is correct!
! 21, ise, 32, 1, 0, 24, 504, 2486, 330584, 3949
  result is correct!
! 21, ise, 32, 1, 0, 28, 588, 3221, 147988, 4884
  result is correct!
! 21, ise, 32, 1, 0, 32, 672, 4052, 189958, 6137
  result is correct!
! 21, ise, 32, 1, 0, 36, 756, 4979, 149741, 7460
  result is correct!
! 21, ise, 32, 1, 0, 40, 840, 6002, 331890, 9279
  result is correct!
! 21, ise, 32, 1, 0, 44, 924, 7121, 173789, 10581
  result is correct!
! 21, ise, 32, 1, 0, 48, 1008, 8336, 72514, 12180
  result is correct!
! 21, ise, 32, 1, 0, 52, 1092, 9647, 163342, 14236
  result is correct!
! 21, ise, 32, 1, 0, 56, 1176, 11054, 338307, 16728
  result is correct!
! 21, ise, 32, 1, 0, 60, 1260, 12557, 155539, 18531
  result is correct!
! 21, ise, 32, 1, 0, 64, 1344, 14156, 158083, 21004
  result is correct!
! 21, ise, 32, 1, 0, 68, 1428, 15851, 168161, 23473
  result is correct!
! 21, ise, 32, 1, 0, 72, 1512, 17642, 170757, 26177
  result is correct!
