! 21, ise, 32, 1, 0, 8, 168, 1018, 326288, 1782
  result is correct!
! 21, ise, 32, 1, 0, 12, 252, 2034, 63715, 2890
  result is correct!
! 21, ise, 32, 1, 0, 16, 336, 3402, 65241, 4932
  result is correct!
! 21, ise, 32, 1, 0, 20, 420, 5122, 66807, 7322
  result is correct!
! 21, ise, 32, 1, 0, 24, 504, 7194, 330716, 10760
  result is correct!
! 21, ise, 32, 1, 0, 28, 588, 9618, 161453, 14157
  result is correct!
! 21, ise, 32, 1, 0, 32, 672, 12394, 337547, 18631
  result is correct!
! 21, ise, 32, 1, 0, 36, 756, 15522, 339938, 23128
  result is correct!
! 21, ise, 32, 1, 0, 40, 840, 19002, 344333, 28193
  result is correct!
! 21, ise, 32, 1, 0, 44, 924, 22834, 347374, 33849
  result is correct!
! 21, ise, 32, 1, 0, 48, 1008, 27018, 353068, 40087
  result is correct!
! 21, ise, 32, 1, 0, 52, 1092, 31554, 357874, 46386
  result is correct!
! 21, ise, 32, 1, 0, 56, 1176, 36442, 361432, 53726
  result is correct!
! 21, ise, 32, 1, 0, 60, 1260, 41682, 368448, 61440
  result is correct!
! 21, ise, 32, 1, 0, 64, 1344, 47274, 372024, 70061
  result is correct!
! 21, ise, 32, 1, 0, 68, 1428, 53218, 378922, 79078
  result is correct!
! 21, ise, 32, 1, 0, 72, 1512, 59519, 385687, 87787
  result is correct!
