! 21, isa, 32, 1, 0, 8, 168, 1226, 65493, 1776
  result is correct!
! 21, isa, 32, 1, 0, 12, 252, 2490, 140811, 3736
  result is correct!
! 21, isa, 32, 1, 0, 16, 336, 4202, 65826, 6027
  result is correct!
! 21, isa, 32, 1, 0, 20, 420, 6362, 330350, 9718
  result is correct!
! 21, isa, 32, 1, 0, 24, 504, 8970, 150712, 13098
  result is correct!
! 21, isa, 32, 1, 0, 28, 588, 12026, 176568, 17633
  result is correct!
! 21, isa, 32, 1, 0, 32, 672, 15530, 341549, 23234
  result is correct!
! 21, isa, 32, 1, 0, 36, 756, 19482, 344418, 28788
  result is correct!
! 21, isa, 32, 1, 0, 40, 840, 23882, 174627, 34809
  result is correct!
! 21, isa, 32, 1, 0, 44, 924, 28730, 353825, 42408
  result is correct!
! 21, isa, 32, 1, 0, 48, 1008, 34026, 360052, 50087
  result is correct!
! 21, isa, 32, 1, 0, 52, 1092, 39770, 364141, 58671
  result is correct!
! 21, isa, 32, 1, 0, 56, 1176, 45962, 373892, 68122
  result is correct!
! 21, isa, 32, 1, 0, 60, 1260, 52602, 388435, 77887
  result is correct!
! 21, isa, 32, 1, 0, 64, 1344, 59690, 385189, 87802
  result is correct!
! 21, isa, 32, 1, 0, 68, 1428, 67226, 394471, 99666
  result is correct!
! 21, isa, 32, 1, 0, 72, 1512, 75210, 401248, 111686
  result is correct!
