! 25, isa, 32, 1, 0, 8, 200, 1226, 62442, 1773
  result is correct!
! 25, isa, 32, 1, 0, 12, 300, 2490, 63858, 3584
  result is correct!
! 25, isa, 32, 1, 0, 16, 400, 4202, 66122, 6096
  result is correct!
! 25, isa, 32, 1, 0, 20, 500, 6362, 148308, 9272
  result is correct!
! 25, isa, 32, 1, 0, 24, 600, 8970, 333819, 13566
  result is correct!
! 25, isa, 32, 1, 0, 28, 700, 12026, 155371, 17471
  result is correct!
! 25, isa, 32, 1, 0, 32, 800, 15530, 172343, 22575
  result is correct!
! 25, isa, 32, 1, 0, 36, 900, 19482, 212849, 28664
  result is correct!
! 25, isa, 32, 1, 0, 40, 1000, 23882, 348578, 35396
  result is correct!
! 25, isa, 32, 1, 0, 44, 1100, 28730, 178295, 41793
  result is correct!
! 25, isa, 32, 1, 0, 48, 1200, 34026, 359380, 50109
  result is correct!
! 25, isa, 32, 1, 0, 52, 1300, 39770, 365435, 58533
  result is correct!
! 25, isa, 32, 1, 0, 56, 1400, 45962, 373057, 68065
  result is correct!
! 25, isa, 32, 1, 0, 60, 1500, 52602, 377860, 77376
  result is correct!
! 25, isa, 32, 1, 0, 64, 1600, 59690, 384561, 88304
  result is correct!
! 25, isa, 32, 1, 0, 68, 1700, 67226, 394508, 99173
  result is correct!
! 25, isa, 32, 1, 0, 72, 1800, 75210, 401528, 110851
  result is correct!
