! 20, ise, 32, 1, 0, 8, 160, 475, 63095, 662
  result is correct!
! 20, ise, 32, 1, 0, 12, 240, 845, 63060, 1096
  result is correct!
! 20, ise, 32, 1, 0, 16, 320, 1308, 141010, 2018
  result is correct!
! 20, ise, 32, 1, 0, 20, 400, 1847, 155300, 2764
  result is correct!
! 20, ise, 32, 1, 0, 24, 480, 2486, 65209, 3671
  result is correct!
! 20, ise, 32, 1, 0, 28, 560, 3221, 66855, 4661
  result is correct!
! 20, ise, 32, 1, 0, 32, 640, 4052, 332969, 6222
  result is correct!
! 20, ise, 32, 1, 0, 36, 720, 4979, 68643, 7113
  result is correct!
! 20, ise, 32, 1, 0, 40, 800, 6002, 152145, 8928
  result is correct!
! 20, ise, 32, 1, 0, 44, 880, 7121, 334607, 11029
  result is correct!
! 20, ise, 32, 1, 0, 48, 960, 8336, 72205, 12177
  result is correct!
! 20, ise, 32, 1, 0, 52, 1040, 9647, 337808, 14692
  result is correct!
! 20, ise, 32, 1, 0, 56, 1120, 11054, 156472, 16335
  result is correct!
! 20, ise, 32, 1, 0, 60, 1200, 12557, 153569, 18538
  result is correct!
! 20, ise, 32, 1, 0, 64, 1280, 14156, 339259, 21462
  result is correct!
! 20, ise, 32, 1, 0, 68, 1360, 15851, 354163, 23849
  result is correct!
! 20, ise, 32, 1, 0, 72, 1440, 17642, 344056, 26627
  result is correct!
