! 24, isa, 32, 1, 0, 8, 192, 1220, 62316, 1766
  result is correct!
! 24, isa, 32, 1, 0, 12, 288, 2480, 64018, 3576
  result is correct!
! 24, isa, 32, 1, 0, 16, 384, 4188, 65640, 5893
  result is correct!
! 24, isa, 32, 1, 0, 20, 480, 6344, 68070, 9152
  result is correct!
! 24, isa, 32, 1, 0, 24, 576, 8948, 151790, 13013
  result is correct!
! 24, isa, 32, 1, 0, 28, 672, 12000, 74189, 17326
  result is correct!
! 24, isa, 32, 1, 0, 32, 768, 15500, 157798, 22522
  result is correct!
! 24, isa, 32, 1, 0, 36, 864, 19448, 163127, 28207
  result is correct!
! 24, isa, 32, 1, 0, 40, 960, 23844, 175788, 34682
  result is correct!
! 24, isa, 32, 1, 0, 44, 1056, 28688, 354146, 42325
  result is correct!
! 24, isa, 32, 1, 0, 48, 1152, 33980, 361406, 50018
  result is correct!
! 24, isa, 32, 1, 0, 52, 1248, 39720, 364273, 58527
  result is correct!
! 24, isa, 32, 1, 0, 56, 1344, 45908, 371431, 67461
  result is correct!
! 24, isa, 32, 1, 0, 60, 1440, 52544, 377568, 77213
  result is correct!
! 24, isa, 32, 1, 0, 64, 1536, 59628, 385044, 88184
  result is correct!
! 24, isa, 32, 1, 0, 68, 1632, 67160, 394032, 99234
  result is correct!
! 24, isa, 32, 1, 0, 72, 1728, 75140, 401068, 111002
  result is correct!
