! 24, ise, 32, 1, 0, 8, 192, 1018, 137928, 1530
  result is correct!
! 24, ise, 32, 1, 0, 12, 288, 2034, 63297, 2829
  result is correct!
! 24, ise, 32, 1, 0, 16, 384, 3402, 64730, 4867
  result is correct!
! 24, ise, 32, 1, 0, 20, 480, 5122, 66786, 7378
  result is correct!
! 24, ise, 32, 1, 0, 24, 576, 7194, 148768, 10462
  result is correct!
! 24, ise, 32, 1, 0, 28, 672, 9618, 151360, 14048
  result is correct!
! 24, ise, 32, 1, 0, 32, 768, 12394, 74426, 17904
  result is correct!
! 24, ise, 32, 1, 0, 36, 864, 15522, 340620, 22991
  result is correct!
! 24, ise, 32, 1, 0, 40, 960, 19002, 341050, 28224
  result is correct!
! 24, ise, 32, 1, 0, 44, 1056, 22834, 299499, 33190
  result is correct!
! 24, ise, 32, 1, 0, 48, 1152, 27018, 350986, 39871
  result is correct!
! 24, ise, 32, 1, 0, 52, 1248, 31554, 356250, 46529
  result is correct!
! 24, ise, 32, 1, 0, 56, 1344, 36442, 363198, 53592
  result is correct!
! 24, ise, 32, 1, 0, 60, 1440, 41682, 365133, 61605
  result is correct!
! 24, ise, 32, 1, 0, 64, 1536, 47274, 374301, 69751
  result is correct!
! 24, ise, 32, 1, 0, 68, 1632, 53223, 378764, 78424
  result is correct!
! 24, ise, 32, 1, 0, 72, 1728, 59519, 382700, 87481
  result is correct!
