! 22, ise, 32, 1, 0, 8, 176, 476, 159582, 907
  result is correct!
! 22, ise, 32, 1, 0, 12, 264, 845, 63346, 1218
  result is correct!
! 22, ise, 32, 1, 0, 16, 352, 1308, 144571, 2020
  result is correct!
! 22, ise, 32, 1, 0, 20, 440, 1847, 64201, 2720
  result is correct!
! 22, ise, 32, 1, 0, 24, 528, 2486, 65260, 3672
  result is correct!
! 22, ise, 32, 1, 0, 28, 616, 3221, 66393, 4720
  result is correct!
! 22, ise, 32, 1, 0, 32, 704, 4052, 67299, 5927
  result is correct!
! 22, ise, 32, 1, 0, 36, 792, 4979, 330568, 7750
  result is correct!
! 22, ise, 32, 1, 0, 40, 880, 6002, 69652, 8768
  result is correct!
! 22, ise, 32, 1, 0, 44, 968, 7121, 148337, 10549
  result is correct!
! 22, ise, 32, 1, 0, 48, 1056, 8336, 74219, 12182
  result is correct!
! 22, ise, 32, 1, 0, 52, 1144, 9647, 73490, 14128
  result is correct!
! 22, ise, 32, 1, 0, 56, 1232, 11054, 163542, 16276
  result is correct!
! 22, ise, 32, 1, 0, 60, 1320, 12557, 340916, 18984
  result is correct!
! 22, ise, 32, 1, 0, 64, 1408, 14156, 342263, 21294
  result is correct!
! 22, ise, 32, 1, 0, 68, 1496, 15851, 343493, 24044
  result is correct!
! 22, ise, 32, 1, 0, 72, 1584, 17642, 345543, 26451
  result is correct!
