! 27, isa, 32, 1, 0, 8, 216, 1226, 62813, 1773
  result is correct!
! 27, isa, 32, 1, 0, 12, 324, 2490, 155937, 3690
  result is correct!
! 27, isa, 32, 1, 0, 16, 432, 4202, 146141, 6190
  result is correct!
! 27, isa, 32, 1, 0, 20, 540, 6362, 68114, 9168
  result is correct!
! 27, isa, 32, 1, 0, 24, 648, 8970, 332861, 13392
  result is correct!
! 27, isa, 32, 1, 0, 28, 756, 12026, 179248, 17692
  result is correct!
! 27, isa, 32, 1, 0, 32, 864, 15530, 167359, 22663
  result is correct!
! 27, isa, 32, 1, 0, 36, 972, 19482, 177486, 28414
  result is correct!
! 27, isa, 32, 1, 0, 40, 1080, 23882, 349558, 35394
  result is correct!
! 27, isa, 32, 1, 0, 44, 1188, 28730, 180382, 42053
  result is correct!
! 27, isa, 32, 1, 0, 48, 1296, 34026, 356814, 50118
  result is correct!
! 27, isa, 32, 1, 0, 52, 1404, 39770, 365149, 59026
  result is correct!
! 27, isa, 32, 1, 0, 56, 1512, 45962, 371472, 67568
  result is correct!
! 27, isa, 32, 1, 0, 60, 1620, 52602, 378691, 77443
  result is correct!
! 27, isa, 32, 1, 0, 64, 1728, 59690, 386290, 88268
  result is correct!
! 27, isa, 32, 1, 0, 68, 1836, 67226, 392816, 99124
  result is correct!
! 27, isa, 32, 1, 0, 72, 1944, 75210, 411716, 111029
  result is correct!
