! 25, ise, 32, 1, 0, 8, 200, 1018, 62271, 1447
  result is correct!
! 25, ise, 32, 1, 0, 12, 300, 2034, 63397, 2951
  result is correct!
! 25, ise, 32, 1, 0, 16, 400, 3402, 64458, 4924
  result is correct!
! 25, ise, 32, 1, 0, 20, 500, 5122, 147629, 7538
  result is correct!
! 25, ise, 32, 1, 0, 24, 600, 7194, 145304, 10459
  result is correct!
! 25, ise, 32, 1, 0, 28, 700, 9618, 334782, 14381
  result is correct!
! 25, ise, 32, 1, 0, 32, 800, 12394, 155483, 18060
  result is correct!
! 25, ise, 32, 1, 0, 36, 900, 15522, 291815, 22606
  result is correct!
! 25, ise, 32, 1, 0, 40, 1000, 19002, 160690, 27561
  result is correct!
! 25, ise, 32, 1, 0, 44, 1100, 22834, 345689, 34014
  result is correct!
! 25, ise, 32, 1, 0, 48, 1200, 27018, 304904, 39504
  result is correct!
! 25, ise, 32, 1, 0, 52, 1300, 31554, 356380, 46453
  result is correct!
! 25, ise, 32, 1, 0, 56, 1400, 36442, 361550, 53637
  result is correct!
! 25, ise, 32, 1, 0, 60, 1500, 41682, 375831, 61957
  result is correct!
! 25, ise, 32, 1, 0, 64, 1600, 47274, 373223, 69384
  result is correct!
! 25, ise, 32, 1, 0, 68, 1700, 53223, 376864, 78466
  result is correct!
! 25, ise, 32, 1, 0, 72, 1800, 59519, 385878, 88082
  result is correct!
