! 26, ise, 32, 1, 0, 8, 208, 1019, 326462, 1892
  result is correct!
! 26, ise, 32, 1, 0, 12, 312, 2035, 145637, 2969
  result is correct!
! 26, ise, 32, 1, 0, 16, 416, 3403, 64899, 4925
  result is correct!
! 26, ise, 32, 1, 0, 20, 520, 5123, 184162, 7457
  result is correct!
! 26, ise, 32, 1, 0, 24, 624, 7195, 333976, 10879
  result is correct!
! 26, ise, 32, 1, 0, 28, 728, 9619, 176725, 14029
  result is correct!
! 26, ise, 32, 1, 0, 32, 832, 12395, 335371, 18456
  result is correct!
! 26, ise, 32, 1, 0, 36, 936, 15523, 341367, 22999
  result is correct!
! 26, ise, 32, 1, 0, 40, 1040, 19003, 343413, 28153
  result is correct!
! 26, ise, 32, 1, 0, 44, 1144, 22835, 349175, 33762
  result is correct!
! 26, ise, 32, 1, 0, 48, 1248, 27019, 351388, 40092
  result is correct!
! 26, ise, 32, 1, 0, 52, 1352, 31555, 356482, 46551
  result is correct!
! 26, ise, 32, 1, 0, 56, 1456, 36443, 361259, 53683
  result is correct!
! 26, ise, 32, 1, 0, 60, 1560, 41683, 367932, 61497
  result is correct!
! 26, ise, 32, 1, 0, 64, 1664, 47275, 375212, 70547
  result is correct!
