! 32, ise, 32, 1, 0, 8, 256, 565, 62877, 752
  result is correct!
! 32, ise, 32, 1, 0, 12, 384, 1171, 64645, 1736
  result is correct!
! 32, ise, 32, 1, 0, 16, 512, 1994, 65195, 2870
  result is correct!
! 32, ise, 32, 1, 0, 20, 640, 3012, 66440, 4329
  result is correct!
! 32, ise, 32, 1, 0, 24, 768, 4250, 149996, 6352
  result is correct!
! 32, ise, 32, 1, 0, 28, 896, 5704, 69244, 8283
  result is correct!
! 32, ise, 32, 1, 0, 32, 1024, 7374, 334316, 11227
  result is correct!
! 32, ise, 32, 1, 0, 36, 1152, 9260, 73217, 13553
  result is correct!
! 32, ise, 32, 1, 0, 40, 1280, 11362, 340073, 17230
  result is correct!
! 32, ise, 32, 1, 0, 44, 1408, 13680, 340187, 20800
  result is correct!
! 32, ise, 32, 1, 0, 48, 1536, 16214, 161189, 23854
  result is correct!
! 32, ise, 32, 1, 0, 52, 1664, 18964, 352805, 28404
  result is correct!
! 32, ise, 32, 1, 0, 56, 1792, 21942, 348125, 32788
  result is correct!
! 32, ise, 32, 1, 0, 60, 1920, 25124, 171420, 37144
  result is correct!
! 32, ise, 32, 1, 0, 64, 2048, 28522, 356504, 42779
  result is correct!
