! 26, ise, 32, 1, 0, 8, 208, 474, 62764, 660
  result is correct!
! 26, ise, 32, 1, 0, 12, 312, 844, 72869, 1227
  result is correct!
! 26, ise, 32, 1, 0, 16, 416, 1307, 63995, 1865
  result is correct!
! 26, ise, 32, 1, 0, 20, 520, 1846, 64591, 2714
  result is correct!
! 26, ise, 32, 1, 0, 24, 624, 2485, 65762, 3609
  result is correct!
! 26, ise, 32, 1, 0, 28, 728, 3220, 148386, 4754
  result is correct!
! 26, ise, 32, 1, 0, 32, 832, 4051, 67185, 5802
  result is correct!
! 26, ise, 32, 1, 0, 36, 936, 4978, 149080, 7457
  result is correct!
! 26, ise, 32, 1, 0, 40, 1040, 6001, 333422, 9369
  result is correct!
! 26, ise, 32, 1, 0, 44, 1144, 7120, 70401, 10327
  result is correct!
! 26, ise, 32, 1, 0, 48, 1248, 8335, 72270, 12171
  result is correct!
! 26, ise, 32, 1, 0, 52, 1352, 9646, 73441, 14121
  result is correct!
! 26, ise, 32, 1, 0, 56, 1456, 11053, 337714, 16772
  result is correct!
! 26, ise, 32, 1, 0, 60, 1560, 12556, 292095, 18707
  result is correct!
! 26, ise, 32, 1, 0, 64, 1664, 14155, 293772, 20959
  result is correct!
