! 26, isa, 32, 1, 0, 8, 208, 837, 64513, 1217
  result is correct!
! 26, isa, 32, 1, 0, 12, 312, 1622, 332998, 2721
  result is correct!
! 26, isa, 32, 1, 0, 16, 416, 2671, 148636, 3972
  result is correct!
! 26, isa, 32, 1, 0, 20, 520, 3946, 145816, 5935
  result is correct!
! 26, isa, 32, 1, 0, 24, 624, 5479, 151662, 8179
  result is correct!
! 26, isa, 32, 1, 0, 28, 728, 7266, 334619, 11088
  result is correct!
! 26, isa, 32, 1, 0, 32, 832, 9307, 154096, 13796
  result is correct!
! 26, isa, 32, 1, 0, 36, 936, 11602, 294254, 17319
  result is correct!
! 26, isa, 32, 1, 0, 40, 1040, 14151, 342410, 21582
  result is correct!
! 26, isa, 32, 1, 0, 44, 1144, 16954, 349631, 25956
  result is correct!
! 26, isa, 32, 1, 0, 48, 1248, 20011, 347043, 30366
  result is correct!
! 26, isa, 32, 1, 0, 52, 1352, 23322, 168349, 34652
  result is correct!
! 26, isa, 32, 1, 0, 56, 1456, 26887, 356563, 40683
  result is correct!
! 26, isa, 32, 1, 0, 60, 1560, 30706, 358086, 46174
  result is correct!
! 26, isa, 32, 1, 0, 64, 1664, 34779, 364767, 52346
  result is correct!
! 26, isa, 32, 1, 0, 68, 1768, 39106, 367391, 58909
  result is correct!
! 26, isa, 32, 1, 0, 72, 1872, 43687, 372866, 66082
  result is correct!
