! 24, isa, 32, 1, 0, 8, 192, 838, 146904, 1309
  result is correct!
! 24, isa, 32, 1, 0, 12, 288, 1623, 65245, 2381
  result is correct!
! 24, isa, 32, 1, 0, 16, 384, 2672, 66983, 3872
  result is correct!
! 24, isa, 32, 1, 0, 20, 480, 3947, 67669, 5719
  result is correct!
! 24, isa, 32, 1, 0, 24, 576, 5480, 69553, 7950
  result is correct!
! 24, isa, 32, 1, 0, 28, 672, 7267, 178778, 10744
  result is correct!
! 24, isa, 32, 1, 0, 32, 768, 9308, 73672, 13694
  result is correct!
! 24, isa, 32, 1, 0, 36, 864, 11603, 167509, 17189
  result is correct!
! 24, isa, 32, 1, 0, 40, 960, 14152, 167700, 21110
  result is correct!
! 24, isa, 32, 1, 0, 44, 1056, 16955, 346756, 25775
  result is correct!
! 24, isa, 32, 1, 0, 48, 1152, 20012, 172554, 29741
  result is correct!
! 24, isa, 32, 1, 0, 52, 1248, 23323, 350942, 35025
  result is correct!
! 24, isa, 32, 1, 0, 56, 1344, 26888, 355114, 40380
  result is correct!
! 24, isa, 32, 1, 0, 60, 1440, 30707, 359960, 46029
  result is correct!
! 24, isa, 32, 1, 0, 64, 1536, 34780, 363278, 52144
  result is correct!
! 24, isa, 32, 1, 0, 68, 1632, 39107, 367042, 58690
  result is correct!
! 24, isa, 32, 1, 0, 72, 1728, 43688, 373096, 65870
  result is correct!
