! 29, isa, 32, 1, 0, 8, 232, 1218, 145595, 1924
  result is correct!
! 29, isa, 32, 1, 0, 12, 348, 2478, 64072, 3575
  result is correct!
! 29, isa, 32, 1, 0, 16, 464, 4186, 331565, 6535
  result is correct!
! 29, isa, 32, 1, 0, 20, 580, 6342, 157387, 9325
  result is correct!
! 29, isa, 32, 1, 0, 24, 696, 8946, 148051, 13083
  result is correct!
! 29, isa, 32, 1, 0, 28, 812, 11998, 177602, 17462
  result is correct!
! 29, isa, 32, 1, 0, 32, 928, 15498, 166367, 22655
  result is correct!
! 29, isa, 32, 1, 0, 36, 1044, 19446, 171556, 28496
  result is correct!
! 29, isa, 32, 1, 0, 40, 1160, 23842, 349751, 35369
  result is correct!
! 29, isa, 32, 1, 0, 44, 1276, 28686, 355173, 42399
  result is correct!
! 29, isa, 32, 1, 0, 48, 1392, 33978, 359926, 50224
  result is correct!
! 29, isa, 32, 1, 0, 52, 1508, 39718, 364857, 58649
  result is correct!
! 29, isa, 32, 1, 0, 56, 1624, 45906, 371473, 67373
  result is correct!
! 29, isa, 32, 1, 0, 60, 1740, 52542, 377958, 77690
  result is correct!
! 29, isa, 32, 1, 0, 64, 1856, 59626, 385577, 88263
  result is correct!
