! 25, isa, 32, 1, 0, 8, 200, 837, 143418, 1366
  result is correct!
! 25, isa, 32, 1, 0, 12, 300, 1622, 65159, 2380
  result is correct!
! 25, isa, 32, 1, 0, 16, 400, 2671, 66731, 3934
  result is correct!
! 25, isa, 32, 1, 0, 20, 500, 3946, 333743, 6229
  result is correct!
! 25, isa, 32, 1, 0, 24, 600, 5479, 188349, 8214
  result is correct!
! 25, isa, 32, 1, 0, 28, 700, 7266, 153928, 10792
  result is correct!
! 25, isa, 32, 1, 0, 32, 800, 9307, 178068, 13984
  result is correct!
! 25, isa, 32, 1, 0, 36, 900, 11602, 77708, 16962
  result is correct!
! 25, isa, 32, 1, 0, 40, 1000, 14151, 159971, 20816
  result is correct!
! 25, isa, 32, 1, 0, 44, 1100, 16954, 161777, 25253
  result is correct!
! 25, isa, 32, 1, 0, 48, 1200, 20011, 350229, 29903
  result is correct!
! 25, isa, 32, 1, 0, 52, 1300, 23322, 352650, 35022
  result is correct!
! 25, isa, 32, 1, 0, 56, 1400, 26887, 173469, 39898
  result is correct!
! 25, isa, 32, 1, 0, 60, 1500, 30706, 360277, 46237
  result is correct!
! 25, isa, 32, 1, 0, 64, 1600, 34779, 363886, 52286
  result is correct!
! 25, isa, 32, 1, 0, 68, 1700, 39106, 378906, 59159
  result is correct!
! 25, isa, 32, 1, 0, 72, 1800, 43687, 372162, 65693
  result is correct!
