! 20, isa, 32, 1, 0, 8, 160, 842, 64622, 1221
  result is correct!
! 20, isa, 32, 1, 0, 12, 240, 1622, 147774, 2539
  result is correct!
! 20, isa, 32, 1, 0, 16, 320, 2671, 66173, 3871
  result is correct!
! 20, isa, 32, 1, 0, 20, 400, 3946, 331556, 6230
  result is correct!
! 20, isa, 32, 1, 0, 24, 480, 5479, 69249, 8007
  result is correct!
! 20, isa, 32, 1, 0, 28, 560, 7266, 152998, 10788
  result is correct!
! 20, isa, 32, 1, 0, 32, 640, 9307, 154797, 13786
  result is correct!
! 20, isa, 32, 1, 0, 36, 720, 11602, 337895, 17688
  result is correct!
! 20, isa, 32, 1, 0, 40, 800, 14151, 295030, 21166
  result is correct!
! 20, isa, 32, 1, 0, 44, 880, 16954, 172157, 25253
  result is correct!
! 20, isa, 32, 1, 0, 48, 960, 20011, 348271, 30261
  result is correct!
! 20, isa, 32, 1, 0, 52, 1040, 23322, 352114, 34929
  result is correct!
! 20, isa, 32, 1, 0, 56, 1120, 26887, 356440, 40348
  result is correct!
! 20, isa, 32, 1, 0, 60, 1200, 30706, 360263, 46028
  result is correct!
! 20, isa, 32, 1, 0, 64, 1280, 34779, 583183, 53045
  result is correct!
! 20, isa, 32, 1, 0, 68, 1360, 39106, 366931, 58729
  result is correct!
! 20, isa, 32, 1, 0, 72, 1440, 43687, 371957, 65873
  result is correct!
