! 23, ise, 32, 1, 0, 8, 184, 476, 63244, 726
  result is correct!
! 23, ise, 32, 1, 0, 12, 276, 845, 62916, 1216
  result is correct!
! 23, ise, 32, 1, 0, 16, 368, 1308, 63573, 1928
  result is correct!
! 23, ise, 32, 1, 0, 20, 460, 1847, 144620, 2816
  result is correct!
! 23, ise, 32, 1, 0, 24, 552, 2486, 65810, 3673
  result is correct!
! 23, ise, 32, 1, 0, 28, 644, 3221, 329345, 5373
  result is correct!
! 23, ise, 32, 1, 0, 32, 736, 4052, 148440, 6092
  result is correct!
! 23, ise, 32, 1, 0, 36, 828, 4979, 68309, 7234
  result is correct!
! 23, ise, 32, 1, 0, 40, 920, 6002, 71579, 8765
  result is correct!
! 23, ise, 32, 1, 0, 44, 1012, 7121, 150913, 10549
  result is correct!
! 23, ise, 32, 1, 0, 48, 1104, 8336, 153009, 12345
  result is correct!
! 23, ise, 32, 1, 0, 52, 1196, 9647, 154469, 14218
  result is correct!
! 23, ise, 32, 1, 0, 56, 1288, 11054, 338741, 16792
  result is correct!
! 23, ise, 32, 1, 0, 60, 1380, 12557, 157417, 18536
  result is correct!
! 23, ise, 32, 1, 0, 64, 1472, 14156, 78396, 20749
  result is correct!
! 23, ise, 32, 1, 0, 68, 1564, 15851, 160348, 23377
  result is correct!
! 23, ise, 32, 1, 0, 72, 1656, 17642, 170596, 26177
  result is correct!
