! 22, ise, 32, 1, 0, 8, 176, 1018, 61967, 1447
  result is correct!
! 22, ise, 32, 1, 0, 12, 264, 2034, 179820, 3086
  result is correct!
! 22, ise, 32, 1, 0, 16, 352, 3402, 146991, 4964
  result is correct!
! 22, ise, 32, 1, 0, 20, 440, 5122, 329839, 8001
  result is correct!
! 22, ise, 32, 1, 0, 24, 528, 7194, 69169, 10371
  result is correct!
! 22, ise, 32, 1, 0, 28, 616, 9618, 336030, 14341
  result is correct!
! 22, ise, 32, 1, 0, 32, 704, 12394, 163995, 18327
  result is correct!
! 22, ise, 32, 1, 0, 36, 792, 15522, 166018, 22563
  result is correct!
! 22, ise, 32, 1, 0, 40, 880, 19002, 296476, 27812
  result is correct!
! 22, ise, 32, 1, 0, 44, 968, 22834, 347061, 33593
  result is correct!
! 22, ise, 32, 1, 0, 48, 1056, 27018, 352977, 39809
  result is correct!
! 22, ise, 32, 1, 0, 52, 1144, 31554, 355661, 46553
  result is correct!
! 22, ise, 32, 1, 0, 56, 1232, 36442, 362932, 53679
  result is correct!
! 22, ise, 32, 1, 0, 60, 1320, 41682, 366488, 61221
  result is correct!
! 22, ise, 32, 1, 0, 64, 1408, 47274, 375420, 69659
  result is correct!
! 22, ise, 32, 1, 0, 68, 1496, 53218, 378334, 78467
  result is correct!
! 22, ise, 32, 1, 0, 72, 1584, 59519, 393670, 88041
  result is correct!
