! 32, isa, 32, 1, 0, 8, 256, 1318, 140114, 1955
  result is correct!
! 32, isa, 32, 1, 0, 12, 384, 2726, 328508, 4391
  result is correct!
! 32, isa, 32, 1, 0, 16, 512, 4646, 66150, 6655
  result is correct!
! 32, isa, 32, 1, 0, 20, 640, 7078, 187826, 10546
  result is correct!
! 32, isa, 32, 1, 0, 24, 768, 10022, 153599, 14574
  result is correct!
! 32, isa, 32, 1, 0, 28, 896, 13478, 336499, 19845
  result is correct!
! 32, isa, 32, 1, 0, 32, 1024, 17446, 342253, 25874
  result is correct!
! 32, isa, 32, 1, 0, 36, 1152, 21926, 348682, 32380
  result is correct!
! 32, isa, 32, 1, 0, 40, 1280, 26918, 306449, 39232
  result is correct!
! 32, isa, 32, 1, 0, 44, 1408, 32422, 356062, 47895
  result is correct!
! 32, isa, 32, 1, 0, 48, 1536, 38438, 364672, 57024
  result is correct!
! 32, isa, 32, 1, 0, 52, 1664, 44966, 368446, 66200
  result is correct!
! 32, isa, 32, 1, 0, 56, 1792, 52009, 376470, 76652
  result is correct!
! 32, isa, 32, 1, 0, 60, 1920, 59561, 386887, 87923
  result is correct!
! 32, isa, 32, 1, 0, 64, 2048, 67625, 394136, 99670
  result is correct!
