for i in *.log ; do echo "-----------------Showing $i-----------------" ; cat 
$i ; done
-----------------Showing intmul-rv32_isa_20_hybrid.log-----------------
! 20, isa, 32, 1, 0, 8, 160, 842, 64622, 1221
  result is correct!
! 20, isa, 32, 1, 0, 12, 240, 1622, 147774, 2539
  result is correct!
! 20, isa, 32, 1, 0, 16, 320, 2671, 66173, 3871
  result is correct!
! 20, isa, 32, 1, 0, 20, 400, 3946, 331556, 6230
  result is correct!
! 20, isa, 32, 1, 0, 24, 480, 5479, 69249, 8007
  result is correct!
! 20, isa, 32, 1, 0, 28, 560, 7266, 152998, 10788
  result is correct!
! 20, isa, 32, 1, 0, 32, 640, 9307, 154797, 13786
  result is correct!
! 20, isa, 32, 1, 0, 36, 720, 11602, 337895, 17688
  result is correct!
! 20, isa, 32, 1, 0, 40, 800, 14151, 295030, 21166
  result is correct!
! 20, isa, 32, 1, 0, 44, 880, 16954, 172157, 25253
  result is correct!
! 20, isa, 32, 1, 0, 48, 960, 20011, 348271, 30261
  result is correct!
! 20, isa, 32, 1, 0, 52, 1040, 23322, 352114, 34929
  result is correct!
! 20, isa, 32, 1, 0, 56, 1120, 26887, 356440, 40348
  result is correct!
! 20, isa, 32, 1, 0, 60, 1200, 30706, 360263, 46028
  result is correct!
! 20, isa, 32, 1, 0, 64, 1280, 34779, 583183, 53045
  result is correct!
! 20, isa, 32, 1, 0, 68, 1360, 39106, 366931, 58729
  result is correct!
! 20, isa, 32, 1, 0, 72, 1440, 43687, 371957, 65873
  result is correct!
-----------------Showing intmul-rv32_isa_20_simple.log-----------------
! 20, isa, 32, 1, 0, 8, 160, 1226, 160436, 1949
  result is correct!
! 20, isa, 32, 1, 0, 12, 240, 2490, 146539, 3740
  result is correct!
! 20, isa, 32, 1, 0, 16, 320, 4202, 156372, 6199
  result is correct!
! 20, isa, 32, 1, 0, 20, 400, 6362, 148868, 9325
  result is correct!
! 20, isa, 32, 1, 0, 24, 480, 8970, 151230, 13093
  result is correct!
! 20, isa, 32, 1, 0, 28, 560, 12026, 338106, 17848
  result is correct!
! 20, isa, 32, 1, 0, 32, 640, 15530, 294087, 22605
  result is correct!
! 20, isa, 32, 1, 0, 36, 720, 19482, 345436, 28801
  result is correct!
! 20, isa, 32, 1, 0, 40, 800, 23882, 349323, 35080
  result is correct!
! 20, isa, 32, 1, 0, 44, 880, 28730, 355786, 42290
  result is correct!
! 20, isa, 32, 1, 0, 48, 960, 34026, 359126, 49962
  result is correct!
! 20, isa, 32, 1, 0, 52, 1040, 39770, 364913, 58550
  result is correct!
! 20, isa, 32, 1, 0, 56, 1120, 45962, 370432, 67397
  result is correct!
! 20, isa, 32, 1, 0, 60, 1200, 52602, 378150, 77577
  result is correct!
! 20, isa, 32, 1, 0, 64, 1280, 59690, 394180, 88106
  result is correct!
! 20, isa, 32, 1, 0, 68, 1360, 67226, 394070, 99270
  result is correct!
! 20, isa, 32, 1, 0, 72, 1440, 75210, 401727, 111123
  result is correct!
-----------------Showing intmul-rv32_isa_21_hybrid.log-----------------
! 21, isa, 32, 1, 0, 8, 168, 837, 64010, 1153
  result is correct!
! 21, isa, 32, 1, 0, 12, 252, 1622, 67818, 2385
  result is correct!
! 21, isa, 32, 1, 0, 16, 336, 2671, 147946, 4034
  result is correct!
! 21, isa, 32, 1, 0, 20, 420, 3946, 67782, 5718
  result is correct!
! 21, isa, 32, 1, 0, 24, 504, 5479, 189637, 8376
  result is correct!
! 21, isa, 32, 1, 0, 28, 588, 7266, 336597, 11184
  result is correct!
! 21, isa, 32, 1, 0, 32, 672, 9307, 177324, 14043
  result is correct!
! 21, isa, 32, 1, 0, 36, 756, 11602, 158225, 17243
  result is correct!
! 21, isa, 32, 1, 0, 40, 840, 14151, 341820, 21395
  result is correct!
! 21, isa, 32, 1, 0, 44, 924, 16954, 346839, 25549
  result is correct!
! 21, isa, 32, 1, 0, 48, 1008, 20011, 347242, 30097
  result is correct!
! 21, isa, 32, 1, 0, 52, 1092, 23322, 179354, 34763
  result is correct!
! 21, isa, 32, 1, 0, 56, 1176, 26887, 355095, 40365
  result is correct!
! 21, isa, 32, 1, 0, 60, 1260, 30706, 359685, 46323
  result is correct!
! 21, isa, 32, 1, 0, 64, 1344, 34779, 361963, 52335
  result is correct!
! 21, isa, 32, 1, 0, 68, 1428, 39106, 365852, 58933
  result is correct!
! 21, isa, 32, 1, 0, 72, 1512, 43687, 372212, 65863
  result is correct!
-----------------Showing intmul-rv32_isa_21_simple.log-----------------
! 21, isa, 32, 1, 0, 8, 168, 1226, 65493, 1776
  result is correct!
! 21, isa, 32, 1, 0, 12, 252, 2490, 140811, 3736
  result is correct!
! 21, isa, 32, 1, 0, 16, 336, 4202, 65826, 6027
  result is correct!
! 21, isa, 32, 1, 0, 20, 420, 6362, 330350, 9718
  result is correct!
! 21, isa, 32, 1, 0, 24, 504, 8970, 150712, 13098
  result is correct!
! 21, isa, 32, 1, 0, 28, 588, 12026, 176568, 17633
  result is correct!
! 21, isa, 32, 1, 0, 32, 672, 15530, 341549, 23234
  result is correct!
! 21, isa, 32, 1, 0, 36, 756, 19482, 344418, 28788
  result is correct!
! 21, isa, 32, 1, 0, 40, 840, 23882, 174627, 34809
  result is correct!
! 21, isa, 32, 1, 0, 44, 924, 28730, 353825, 42408
  result is correct!
! 21, isa, 32, 1, 0, 48, 1008, 34026, 360052, 50087
  result is correct!
! 21, isa, 32, 1, 0, 52, 1092, 39770, 364141, 58671
  result is correct!
! 21, isa, 32, 1, 0, 56, 1176, 45962, 373892, 68122
  result is correct!
! 21, isa, 32, 1, 0, 60, 1260, 52602, 388435, 77887
  result is correct!
! 21, isa, 32, 1, 0, 64, 1344, 59690, 385189, 87802
  result is correct!
! 21, isa, 32, 1, 0, 68, 1428, 67226, 394471, 99666
  result is correct!
! 21, isa, 32, 1, 0, 72, 1512, 75210, 401248, 111686
  result is correct!
-----------------Showing intmul-rv32_isa_22_hybrid.log-----------------
! 22, isa, 32, 1, 0, 8, 176, 837, 63860, 1215
  result is correct!
! 22, isa, 32, 1, 0, 12, 264, 1622, 65383, 2379
  result is correct!
! 22, isa, 32, 1, 0, 16, 352, 2671, 66494, 3869
  result is correct!
! 22, isa, 32, 1, 0, 20, 440, 3946, 67616, 5845
  result is correct!
! 22, isa, 32, 1, 0, 24, 528, 5479, 150266, 8175
  result is correct!
! 22, isa, 32, 1, 0, 28, 616, 7266, 71477, 10628
  result is correct!
! 22, isa, 32, 1, 0, 32, 704, 9307, 336958, 14309
  result is correct!
! 22, isa, 32, 1, 0, 36, 792, 11602, 166774, 17511
  result is correct!
! 22, isa, 32, 1, 0, 40, 880, 14151, 168106, 21113
  result is correct!
! 22, isa, 32, 1, 0, 44, 968, 16954, 171619, 25263
  result is correct!
! 22, isa, 32, 1, 0, 48, 1056, 20011, 174342, 29684
  result is correct!
! 22, isa, 32, 1, 0, 52, 1144, 23322, 352247, 35377
  result is correct!
! 22, isa, 32, 1, 0, 56, 1232, 26887, 308076, 40252
  result is correct!
! 22, isa, 32, 1, 0, 60, 1320, 30706, 360368, 46155
  result is correct!
! 22, isa, 32, 1, 0, 64, 1408, 34779, 365139, 52286
  result is correct!
! 22, isa, 32, 1, 0, 68, 1496, 39106, 369340, 59218
  result is correct!
! 22, isa, 32, 1, 0, 72, 1584, 43687, 370441, 65668
  result is correct!
-----------------Showing intmul-rv32_isa_22_simple.log-----------------
! 22, isa, 32, 1, 0, 8, 176, 1226, 62708, 1775
  result is correct!
! 22, isa, 32, 1, 0, 12, 264, 2490, 63761, 3583
  result is correct!
! 22, isa, 32, 1, 0, 16, 352, 4202, 147858, 6189
  result is correct!
! 22, isa, 32, 1, 0, 20, 440, 6362, 144583, 9319
  result is correct!
! 22, isa, 32, 1, 0, 24, 528, 8970, 336628, 13395
  result is correct!
! 22, isa, 32, 1, 0, 28, 616, 12026, 291723, 17634
  result is correct!
! 22, isa, 32, 1, 0, 32, 704, 15530, 156698, 22559
  result is correct!
! 22, isa, 32, 1, 0, 36, 792, 19482, 163466, 28290
  result is correct!
! 22, isa, 32, 1, 0, 40, 880, 23882, 349519, 35382
  result is correct!
! 22, isa, 32, 1, 0, 44, 968, 28730, 180335, 41958
  result is correct!
! 22, isa, 32, 1, 0, 48, 1056, 34026, 360287, 50273
  result is correct!
! 22, isa, 32, 1, 0, 52, 1144, 39770, 375426, 59079
  result is correct!
! 22, isa, 32, 1, 0, 56, 1232, 45962, 371758, 67579
  result is correct!
! 22, isa, 32, 1, 0, 60, 1320, 52602, 377037, 77311
  result is correct!
! 22, isa, 32, 1, 0, 64, 1408, 59690, 385369, 88494
  result is correct!
! 22, isa, 32, 1, 0, 68, 1496, 67226, 393979, 99434
  result is correct!
! 22, isa, 32, 1, 0, 72, 1584, 75210, 401798, 111131
  result is correct!
-----------------Showing intmul-rv32_isa_23_hybrid.log-----------------
! 23, isa, 32, 1, 0, 8, 184, 837, 63975, 1215
  result is correct!
! 23, isa, 32, 1, 0, 12, 276, 1622, 64904, 2378
  result is correct!
! 23, isa, 32, 1, 0, 16, 368, 2671, 331105, 4450
  result is correct!
! 23, isa, 32, 1, 0, 20, 460, 3946, 150877, 5942
  result is correct!
! 23, isa, 32, 1, 0, 24, 552, 5479, 191833, 8221
  result is correct!
! 23, isa, 32, 1, 0, 28, 644, 7266, 334347, 10904
  result is correct!
! 23, isa, 32, 1, 0, 32, 736, 9307, 176489, 13753
  result is correct!
! 23, isa, 32, 1, 0, 36, 828, 11602, 339842, 17639
  result is correct!
! 23, isa, 32, 1, 0, 40, 920, 14151, 341792, 21617
  result is correct!
! 23, isa, 32, 1, 0, 44, 1012, 16954, 344534, 25487
  result is correct!
! 23, isa, 32, 1, 0, 48, 1104, 20011, 348291, 30114
  result is correct!
! 23, isa, 32, 1, 0, 52, 1196, 23322, 351438, 35276
  result is correct!
! 23, isa, 32, 1, 0, 56, 1288, 26887, 357181, 40361
  result is correct!
! 23, isa, 32, 1, 0, 60, 1380, 30706, 360439, 46052
  result is correct!
! 23, isa, 32, 1, 0, 64, 1472, 34779, 361986, 52249
  result is correct!
! 23, isa, 32, 1, 0, 68, 1564, 39106, 366760, 58783
  result is correct!
! 23, isa, 32, 1, 0, 72, 1656, 43687, 373468, 65522
  result is correct!
-----------------Showing intmul-rv32_isa_23_simple.log-----------------
! 23, isa, 32, 1, 0, 8, 184, 1226, 62610, 1773
  result is correct!
! 23, isa, 32, 1, 0, 12, 276, 2490, 64318, 3585
  result is correct!
! 23, isa, 32, 1, 0, 16, 368, 4202, 65433, 6027
  result is correct!
! 23, isa, 32, 1, 0, 20, 460, 6362, 68535, 9168
  result is correct!
! 23, isa, 32, 1, 0, 24, 552, 8970, 148683, 13095
  result is correct!
! 23, isa, 32, 1, 0, 28, 644, 12026, 335051, 18135
  result is correct!
! 23, isa, 32, 1, 0, 32, 736, 15530, 341096, 23109
  result is correct!
! 23, isa, 32, 1, 0, 36, 828, 19482, 344446, 29145
  result is correct!
! 23, isa, 32, 1, 0, 40, 920, 23882, 351923, 35389
  result is correct!
! 23, isa, 32, 1, 0, 44, 1012, 28730, 354160, 42489
  result is correct!
! 23, isa, 32, 1, 0, 48, 1104, 34026, 359790, 50604
  result is correct!
! 23, isa, 32, 1, 0, 52, 1196, 39770, 364928, 58407
  result is correct!
! 23, isa, 32, 1, 0, 56, 1288, 45962, 371913, 68233
  result is correct!
! 23, isa, 32, 1, 0, 60, 1380, 52602, 378726, 78061
  result is correct!
! 23, isa, 32, 1, 0, 64, 1472, 59690, 386136, 87995
  result is correct!
! 23, isa, 32, 1, 0, 68, 1564, 67226, 392872, 99300
  result is correct!
! 23, isa, 32, 1, 0, 72, 1656, 75210, 400887, 111229
  result is correct!
-----------------Showing intmul-rv32_isa_24_hybrid.log-----------------
! 24, isa, 32, 1, 0, 8, 192, 838, 146904, 1309
  result is correct!
! 24, isa, 32, 1, 0, 12, 288, 1623, 65245, 2381
  result is correct!
! 24, isa, 32, 1, 0, 16, 384, 2672, 66983, 3872
  result is correct!
! 24, isa, 32, 1, 0, 20, 480, 3947, 67669, 5719
  result is correct!
! 24, isa, 32, 1, 0, 24, 576, 5480, 69553, 7950
  result is correct!
! 24, isa, 32, 1, 0, 28, 672, 7267, 178778, 10744
  result is correct!
! 24, isa, 32, 1, 0, 32, 768, 9308, 73672, 13694
  result is correct!
! 24, isa, 32, 1, 0, 36, 864, 11603, 167509, 17189
  result is correct!
! 24, isa, 32, 1, 0, 40, 960, 14152, 167700, 21110
  result is correct!
! 24, isa, 32, 1, 0, 44, 1056, 16955, 346756, 25775
  result is correct!
! 24, isa, 32, 1, 0, 48, 1152, 20012, 172554, 29741
  result is correct!
! 24, isa, 32, 1, 0, 52, 1248, 23323, 350942, 35025
  result is correct!
! 24, isa, 32, 1, 0, 56, 1344, 26888, 355114, 40380
  result is correct!
! 24, isa, 32, 1, 0, 60, 1440, 30707, 359960, 46029
  result is correct!
! 24, isa, 32, 1, 0, 64, 1536, 34780, 363278, 52144
  result is correct!
! 24, isa, 32, 1, 0, 68, 1632, 39107, 367042, 58690
  result is correct!
! 24, isa, 32, 1, 0, 72, 1728, 43688, 373096, 65870
  result is correct!
-----------------Showing intmul-rv32_isa_24_simple.log-----------------
! 24, isa, 32, 1, 0, 8, 192, 1220, 62316, 1766
  result is correct!
! 24, isa, 32, 1, 0, 12, 288, 2480, 64018, 3576
  result is correct!
! 24, isa, 32, 1, 0, 16, 384, 4188, 65640, 5893
  result is correct!
! 24, isa, 32, 1, 0, 20, 480, 6344, 68070, 9152
  result is correct!
! 24, isa, 32, 1, 0, 24, 576, 8948, 151790, 13013
  result is correct!
! 24, isa, 32, 1, 0, 28, 672, 12000, 74189, 17326
  result is correct!
! 24, isa, 32, 1, 0, 32, 768, 15500, 157798, 22522
  result is correct!
! 24, isa, 32, 1, 0, 36, 864, 19448, 163127, 28207
  result is correct!
! 24, isa, 32, 1, 0, 40, 960, 23844, 175788, 34682
  result is correct!
! 24, isa, 32, 1, 0, 44, 1056, 28688, 354146, 42325
  result is correct!
! 24, isa, 32, 1, 0, 48, 1152, 33980, 361406, 50018
  result is correct!
! 24, isa, 32, 1, 0, 52, 1248, 39720, 364273, 58527
  result is correct!
! 24, isa, 32, 1, 0, 56, 1344, 45908, 371431, 67461
  result is correct!
! 24, isa, 32, 1, 0, 60, 1440, 52544, 377568, 77213
  result is correct!
! 24, isa, 32, 1, 0, 64, 1536, 59628, 385044, 88184
  result is correct!
! 24, isa, 32, 1, 0, 68, 1632, 67160, 394032, 99234
  result is correct!
! 24, isa, 32, 1, 0, 72, 1728, 75140, 401068, 111002
  result is correct!
-----------------Showing intmul-rv32_isa_25_hybrid.log-----------------
! 25, isa, 32, 1, 0, 8, 200, 837, 143418, 1366
  result is correct!
! 25, isa, 32, 1, 0, 12, 300, 1622, 65159, 2380
  result is correct!
! 25, isa, 32, 1, 0, 16, 400, 2671, 66731, 3934
  result is correct!
! 25, isa, 32, 1, 0, 20, 500, 3946, 333743, 6229
  result is correct!
! 25, isa, 32, 1, 0, 24, 600, 5479, 188349, 8214
  result is correct!
! 25, isa, 32, 1, 0, 28, 700, 7266, 153928, 10792
  result is correct!
! 25, isa, 32, 1, 0, 32, 800, 9307, 178068, 13984
  result is correct!
! 25, isa, 32, 1, 0, 36, 900, 11602, 77708, 16962
  result is correct!
! 25, isa, 32, 1, 0, 40, 1000, 14151, 159971, 20816
  result is correct!
! 25, isa, 32, 1, 0, 44, 1100, 16954, 161777, 25253
  result is correct!
! 25, isa, 32, 1, 0, 48, 1200, 20011, 350229, 29903
  result is correct!
! 25, isa, 32, 1, 0, 52, 1300, 23322, 352650, 35022
  result is correct!
! 25, isa, 32, 1, 0, 56, 1400, 26887, 173469, 39898
  result is correct!
! 25, isa, 32, 1, 0, 60, 1500, 30706, 360277, 46237
  result is correct!
! 25, isa, 32, 1, 0, 64, 1600, 34779, 363886, 52286
  result is correct!
! 25, isa, 32, 1, 0, 68, 1700, 39106, 378906, 59159
  result is correct!
! 25, isa, 32, 1, 0, 72, 1800, 43687, 372162, 65693
  result is correct!
-----------------Showing intmul-rv32_isa_25_simple.log-----------------
! 25, isa, 32, 1, 0, 8, 200, 1226, 62442, 1773
  result is correct!
! 25, isa, 32, 1, 0, 12, 300, 2490, 63858, 3584
  result is correct!
! 25, isa, 32, 1, 0, 16, 400, 4202, 66122, 6096
  result is correct!
! 25, isa, 32, 1, 0, 20, 500, 6362, 148308, 9272
  result is correct!
! 25, isa, 32, 1, 0, 24, 600, 8970, 333819, 13566
  result is correct!
! 25, isa, 32, 1, 0, 28, 700, 12026, 155371, 17471
  result is correct!
! 25, isa, 32, 1, 0, 32, 800, 15530, 172343, 22575
  result is correct!
! 25, isa, 32, 1, 0, 36, 900, 19482, 212849, 28664
  result is correct!
! 25, isa, 32, 1, 0, 40, 1000, 23882, 348578, 35396
  result is correct!
! 25, isa, 32, 1, 0, 44, 1100, 28730, 178295, 41793
  result is correct!
! 25, isa, 32, 1, 0, 48, 1200, 34026, 359380, 50109
  result is correct!
! 25, isa, 32, 1, 0, 52, 1300, 39770, 365435, 58533
  result is correct!
! 25, isa, 32, 1, 0, 56, 1400, 45962, 373057, 68065
  result is correct!
! 25, isa, 32, 1, 0, 60, 1500, 52602, 377860, 77376
  result is correct!
! 25, isa, 32, 1, 0, 64, 1600, 59690, 384561, 88304
  result is correct!
! 25, isa, 32, 1, 0, 68, 1700, 67226, 394508, 99173
  result is correct!
! 25, isa, 32, 1, 0, 72, 1800, 75210, 401528, 110851
  result is correct!
-----------------Showing intmul-rv32_isa_26_hybrid.log-----------------
! 26, isa, 32, 1, 0, 8, 208, 837, 64513, 1217
  result is correct!
! 26, isa, 32, 1, 0, 12, 312, 1622, 332998, 2721
  result is correct!
! 26, isa, 32, 1, 0, 16, 416, 2671, 148636, 3972
  result is correct!
! 26, isa, 32, 1, 0, 20, 520, 3946, 145816, 5935
  result is correct!
! 26, isa, 32, 1, 0, 24, 624, 5479, 151662, 8179
  result is correct!
! 26, isa, 32, 1, 0, 28, 728, 7266, 334619, 11088
  result is correct!
! 26, isa, 32, 1, 0, 32, 832, 9307, 154096, 13796
  result is correct!
! 26, isa, 32, 1, 0, 36, 936, 11602, 294254, 17319
  result is correct!
! 26, isa, 32, 1, 0, 40, 1040, 14151, 342410, 21582
  result is correct!
! 26, isa, 32, 1, 0, 44, 1144, 16954, 349631, 25956
  result is correct!
! 26, isa, 32, 1, 0, 48, 1248, 20011, 347043, 30366
  result is correct!
! 26, isa, 32, 1, 0, 52, 1352, 23322, 168349, 34652
  result is correct!
! 26, isa, 32, 1, 0, 56, 1456, 26887, 356563, 40683
  result is correct!
! 26, isa, 32, 1, 0, 60, 1560, 30706, 358086, 46174
  result is correct!
! 26, isa, 32, 1, 0, 64, 1664, 34779, 364767, 52346
  result is correct!
! 26, isa, 32, 1, 0, 68, 1768, 39106, 367391, 58909
  result is correct!
! 26, isa, 32, 1, 0, 72, 1872, 43687, 372866, 66082
  result is correct!
-----------------Showing intmul-rv32_isa_26_simple.log-----------------
! 26, isa, 32, 1, 0, 8, 208, 1226, 62833, 1772
  result is correct!
! 26, isa, 32, 1, 0, 12, 312, 2490, 63881, 3586
  result is correct!
! 26, isa, 32, 1, 0, 16, 416, 4202, 290023, 6329
  result is correct!
! 26, isa, 32, 1, 0, 20, 520, 6362, 333021, 9563
  result is correct!
! 26, isa, 32, 1, 0, 24, 624, 8970, 152347, 13100
  result is correct!
! 26, isa, 32, 1, 0, 28, 728, 12026, 172353, 17683
  result is correct!
! 26, isa, 32, 1, 0, 32, 832, 15530, 340306, 23152
  result is correct!
! 26, isa, 32, 1, 0, 36, 936, 19482, 344388, 28739
  result is correct!
! 26, isa, 32, 1, 0, 40, 1040, 23882, 299443, 34909
  result is correct!
! 26, isa, 32, 1, 0, 44, 1144, 28730, 358439, 42565
  result is correct!
! 26, isa, 32, 1, 0, 48, 1248, 34026, 357889, 50133
  result is correct!
! 26, isa, 32, 1, 0, 52, 1352, 39770, 364337, 58899
  result is correct!
! 26, isa, 32, 1, 0, 56, 1456, 45962, 371682, 67789
  result is correct!
! 26, isa, 32, 1, 0, 60, 1560, 52602, 378496, 78064
  result is correct!
! 26, isa, 32, 1, 0, 64, 1664, 59690, 385905, 87886
  result is correct!
! 26, isa, 32, 1, 0, 68, 1768, 67226, 393052, 99267
  result is correct!
! 26, isa, 32, 1, 0, 72, 1872, 75210, 402004, 111429
  result is correct!
-----------------Showing intmul-rv32_isa_27_hybrid.log-----------------
! 27, isa, 32, 1, 0, 8, 216, 837, 65005, 1155
  result is correct!
! 27, isa, 32, 1, 0, 12, 324, 1622, 65393, 2381
  result is correct!
! 27, isa, 32, 1, 0, 16, 432, 2671, 67254, 3941
  result is correct!
! 27, isa, 32, 1, 0, 20, 540, 3946, 68280, 5661
  result is correct!
! 27, isa, 32, 1, 0, 24, 648, 5479, 336091, 8768
  result is correct!
! 27, isa, 32, 1, 0, 28, 756, 7266, 71437, 10701
  result is correct!
! 27, isa, 32, 1, 0, 32, 864, 9307, 338550, 14349
  result is correct!
! 27, isa, 32, 1, 0, 36, 972, 11602, 157685, 17183
  result is correct!
! 27, isa, 32, 1, 0, 40, 1080, 14151, 79014, 20851
  result is correct!
! 27, isa, 32, 1, 0, 44, 1188, 16954, 162542, 24981
  result is correct!
! 27, isa, 32, 1, 0, 48, 1296, 20011, 165293, 29595
  result is correct!
! 27, isa, 32, 1, 0, 52, 1404, 23322, 352650, 35309
  result is correct!
! 27, isa, 32, 1, 0, 56, 1512, 26887, 355023, 40458
  result is correct!
! 27, isa, 32, 1, 0, 60, 1620, 30706, 358359, 46037
  result is correct!
! 27, isa, 32, 1, 0, 64, 1728, 34779, 361204, 52286
  result is correct!
! 27, isa, 32, 1, 0, 68, 1836, 39106, 369162, 58759
  result is correct!
! 27, isa, 32, 1, 0, 72, 1944, 43687, 373219, 65822
  result is correct!
-----------------Showing intmul-rv32_isa_27_simple.log-----------------
! 27, isa, 32, 1, 0, 8, 216, 1226, 62813, 1773
  result is correct!
! 27, isa, 32, 1, 0, 12, 324, 2490, 155937, 3690
  result is correct!
! 27, isa, 32, 1, 0, 16, 432, 4202, 146141, 6190
  result is correct!
! 27, isa, 32, 1, 0, 20, 540, 6362, 68114, 9168
  result is correct!
! 27, isa, 32, 1, 0, 24, 648, 8970, 332861, 13392
  result is correct!
! 27, isa, 32, 1, 0, 28, 756, 12026, 179248, 17692
  result is correct!
! 27, isa, 32, 1, 0, 32, 864, 15530, 167359, 22663
  result is correct!
! 27, isa, 32, 1, 0, 36, 972, 19482, 177486, 28414
  result is correct!
! 27, isa, 32, 1, 0, 40, 1080, 23882, 349558, 35394
  result is correct!
! 27, isa, 32, 1, 0, 44, 1188, 28730, 180382, 42053
  result is correct!
! 27, isa, 32, 1, 0, 48, 1296, 34026, 356814, 50118
  result is correct!
! 27, isa, 32, 1, 0, 52, 1404, 39770, 365149, 59026
  result is correct!
! 27, isa, 32, 1, 0, 56, 1512, 45962, 371472, 67568
  result is correct!
! 27, isa, 32, 1, 0, 60, 1620, 52602, 378691, 77443
  result is correct!
! 27, isa, 32, 1, 0, 64, 1728, 59690, 386290, 88268
  result is correct!
! 27, isa, 32, 1, 0, 68, 1836, 67226, 392816, 99124
  result is correct!
! 27, isa, 32, 1, 0, 72, 1944, 75210, 411716, 111029
  result is correct!
-----------------Showing intmul-rv32_isa_28_hybrid.log-----------------
! 28, isa, 32, 1, 0, 8, 224, 838, 63966, 1154
  result is correct!
! 28, isa, 32, 1, 0, 12, 336, 1623, 65252, 2382
  result is correct!
! 28, isa, 32, 1, 0, 16, 448, 2672, 330871, 4474
  result is correct!
! 28, isa, 32, 1, 0, 20, 560, 3947, 148993, 5939
  result is correct!
! 28, isa, 32, 1, 0, 24, 672, 5480, 159542, 8185
  result is correct!
! 28, isa, 32, 1, 0, 28, 784, 7267, 177067, 10888
  result is correct!
! 28, isa, 32, 1, 0, 32, 896, 9308, 73747, 13689
  result is correct!
! 28, isa, 32, 1, 0, 36, 1008, 11603, 339565, 17736
  result is correct!
! 28, isa, 32, 1, 0, 40, 1120, 14152, 343051, 21574
  result is correct!
! 28, isa, 32, 1, 0, 44, 1232, 16955, 344222, 25712
  result is correct!
! 28, isa, 32, 1, 0, 48, 1344, 20012, 348021, 30433
  result is correct!
! 28, isa, 32, 1, 0, 52, 1456, 23323, 351918, 34939
  result is correct!
! 28, isa, 32, 1, 0, 56, 1568, 26888, 356156, 40516
  result is correct!
! 28, isa, 32, 1, 0, 60, 1680, 30707, 185998, 45868
  result is correct!
! 28, isa, 32, 1, 0, 64, 1792, 34780, 364699, 52248
  result is correct!
! 28, isa, 32, 1, 0, 68, 1904, 39107, 367416, 58488
  result is correct!
! 28, isa, 32, 1, 0, 72, 2016, 43688, 373813, 65716
  result is correct!
-----------------Showing intmul-rv32_isa_28_simple.log-----------------
! 28, isa, 32, 1, 0, 8, 224, 1220, 145354, 1866
  result is correct!
! 28, isa, 32, 1, 0, 12, 336, 2480, 63784, 3515
  result is correct!
! 28, isa, 32, 1, 0, 16, 448, 4188, 184392, 6218
  result is correct!
! 28, isa, 32, 1, 0, 20, 560, 6344, 67928, 9149
  result is correct!
! 28, isa, 32, 1, 0, 24, 672, 8948, 70877, 12797
  result is correct!
! 28, isa, 32, 1, 0, 28, 784, 12000, 338018, 17928
  result is correct!
! 28, isa, 32, 1, 0, 32, 896, 15500, 338666, 22975
  result is correct!
! 28, isa, 32, 1, 0, 36, 1008, 19448, 345132, 28957
  result is correct!
! 28, isa, 32, 1, 0, 40, 1120, 23844, 346179, 35259
  result is correct!
! 28, isa, 32, 1, 0, 44, 1232, 28688, 351946, 42370
  result is correct!
! 28, isa, 32, 1, 0, 48, 1344, 33980, 359326, 50100
  result is correct!
! 28, isa, 32, 1, 0, 52, 1456, 39720, 365573, 58665
  result is correct!
! 28, isa, 32, 1, 0, 56, 1568, 45908, 372509, 68028
  result is correct!
! 28, isa, 32, 1, 0, 60, 1680, 52544, 379491, 77899
  result is correct!
! 28, isa, 32, 1, 0, 64, 1792, 59628, 385778, 88195
  result is correct!
! 28, isa, 32, 1, 0, 68, 1904, 67160, 402055, 99272
  result is correct!
! 28, isa, 32, 1, 0, 72, 2016, 75140, 401833, 110974
  result is correct!
-----------------Showing intmul-rv32_isa_29_hybrid.log-----------------
! 29, isa, 32, 1, 0, 8, 232, 836, 64737, 1215
  result is correct!
! 29, isa, 32, 1, 0, 12, 348, 1621, 65577, 2381
  result is correct!
! 29, isa, 32, 1, 0, 16, 464, 2670, 66617, 3933
  result is correct!
! 29, isa, 32, 1, 0, 20, 580, 3945, 67992, 5777
  result is correct!
! 29, isa, 32, 1, 0, 24, 696, 5478, 193446, 8213
  result is correct!
! 29, isa, 32, 1, 0, 28, 812, 7265, 151808, 10727
  result is correct!
! 29, isa, 32, 1, 0, 32, 928, 9306, 178082, 13972
  result is correct!
! 29, isa, 32, 1, 0, 36, 1044, 11601, 75888, 17004
  result is correct!
! 29, isa, 32, 1, 0, 40, 1160, 14150, 343869, 21268
  result is correct!
! 29, isa, 32, 1, 0, 44, 1276, 16953, 344661, 25424
  result is correct!
! 29, isa, 32, 1, 0, 48, 1392, 20010, 349320, 30090
  result is correct!
! 29, isa, 32, 1, 0, 52, 1508, 23321, 307304, 34656
  result is correct!
! 29, isa, 32, 1, 0, 56, 1624, 26886, 356783, 40319
  result is correct!
! 29, isa, 32, 1, 0, 60, 1740, 30705, 360377, 46218
  result is correct!
! 29, isa, 32, 1, 0, 64, 1856, 34778, 364825, 52390
  result is correct!
-----------------Showing intmul-rv32_isa_29_simple.log-----------------
! 29, isa, 32, 1, 0, 8, 232, 1218, 145595, 1924
  result is correct!
! 29, isa, 32, 1, 0, 12, 348, 2478, 64072, 3575
  result is correct!
! 29, isa, 32, 1, 0, 16, 464, 4186, 331565, 6535
  result is correct!
! 29, isa, 32, 1, 0, 20, 580, 6342, 157387, 9325
  result is correct!
! 29, isa, 32, 1, 0, 24, 696, 8946, 148051, 13083
  result is correct!
! 29, isa, 32, 1, 0, 28, 812, 11998, 177602, 17462
  result is correct!
! 29, isa, 32, 1, 0, 32, 928, 15498, 166367, 22655
  result is correct!
! 29, isa, 32, 1, 0, 36, 1044, 19446, 171556, 28496
  result is correct!
! 29, isa, 32, 1, 0, 40, 1160, 23842, 349751, 35369
  result is correct!
! 29, isa, 32, 1, 0, 44, 1276, 28686, 355173, 42399
  result is correct!
! 29, isa, 32, 1, 0, 48, 1392, 33978, 359926, 50224
  result is correct!
! 29, isa, 32, 1, 0, 52, 1508, 39718, 364857, 58649
  result is correct!
! 29, isa, 32, 1, 0, 56, 1624, 45906, 371473, 67373
  result is correct!
! 29, isa, 32, 1, 0, 60, 1740, 52542, 377958, 77690
  result is correct!
! 29, isa, 32, 1, 0, 64, 1856, 59626, 385577, 88263
  result is correct!
-----------------Showing intmul-rv32_isa_30_hybrid.log-----------------
! 30, isa, 32, 1, 0, 8, 240, 837, 64317, 1216
  result is correct!
! 30, isa, 32, 1, 0, 12, 360, 1622, 65329, 2381
  result is correct!
! 30, isa, 32, 1, 0, 16, 480, 2671, 66569, 3937
  result is correct!
-----------------Showing intmul-rv32_isa_30_simple.log-----------------
! 30, isa, 32, 1, 0, 8, 240, 1226, 62515, 1715
  result is correct!
! 30, isa, 32, 1, 0, 12, 360, 2490, 328705, 4100
  result is correct!
! 30, isa, 32, 1, 0, 16, 480, 4202, 65840, 6036
  result is correct!
-----------------Showing intmul-rv32_isa_32_hybrid.log-----------------
! 32, isa, 32, 1, 0, 8, 256, 757, 63826, 1134
  result is correct!
! 32, isa, 32, 1, 0, 12, 384, 1604, 64362, 2354
  result is correct!
! 32, isa, 32, 1, 0, 16, 512, 2757, 66040, 4012
  result is correct!
! 32, isa, 32, 1, 0, 20, 640, 4209, 333079, 6810
  result is correct!
! 32, isa, 32, 1, 0, 24, 768, 5973, 69706, 8682
  result is correct!
! 32, isa, 32, 1, 0, 28, 896, 8049, 153901, 11928
  result is correct!
! 32, isa, 32, 1, 0, 32, 1024, 10437, 74481, 15242
  result is correct!
! 32, isa, 32, 1, 0, 36, 1152, 13137, 350192, 20072
  result is correct!
! 32, isa, 32, 1, 0, 40, 1280, 16149, 342412, 24366
  result is correct!
! 32, isa, 32, 1, 0, 44, 1408, 19473, 348748, 29350
  result is correct!
! 32, isa, 32, 1, 0, 48, 1536, 23109, 170323, 34275
  result is correct!
! 32, isa, 32, 1, 0, 52, 1664, 27057, 355109, 40612
  result is correct!
! 32, isa, 32, 1, 0, 56, 1792, 31329, 359586, 46800
  result is correct!
! 32, isa, 32, 1, 0, 60, 1920, 35901, 364025, 53720
  result is correct!
! 32, isa, 32, 1, 0, 64, 2048, 40785, 369407, 60937
  result is correct!
-----------------Showing intmul-rv32_isa_32_simple.log-----------------
! 32, isa, 32, 1, 0, 8, 256, 1318, 140114, 1955
  result is correct!
! 32, isa, 32, 1, 0, 12, 384, 2726, 328508, 4391
  result is correct!
! 32, isa, 32, 1, 0, 16, 512, 4646, 66150, 6655
  result is correct!
! 32, isa, 32, 1, 0, 20, 640, 7078, 187826, 10546
  result is correct!
! 32, isa, 32, 1, 0, 24, 768, 10022, 153599, 14574
  result is correct!
! 32, isa, 32, 1, 0, 28, 896, 13478, 336499, 19845
  result is correct!
! 32, isa, 32, 1, 0, 32, 1024, 17446, 342253, 25874
  result is correct!
! 32, isa, 32, 1, 0, 36, 1152, 21926, 348682, 32380
  result is correct!
! 32, isa, 32, 1, 0, 40, 1280, 26918, 306449, 39232
  result is correct!
! 32, isa, 32, 1, 0, 44, 1408, 32422, 356062, 47895
  result is correct!
! 32, isa, 32, 1, 0, 48, 1536, 38438, 364672, 57024
  result is correct!
! 32, isa, 32, 1, 0, 52, 1664, 44966, 368446, 66200
  result is correct!
! 32, isa, 32, 1, 0, 56, 1792, 52009, 376470, 76652
  result is correct!
! 32, isa, 32, 1, 0, 60, 1920, 59561, 386887, 87923
  result is correct!
! 32, isa, 32, 1, 0, 64, 2048, 67625, 394136, 99670
  result is correct!
-----------------Showing intmul-rv32_ise_20_hybrid.log-----------------
! 20, ise, 32, 1, 0, 8, 160, 475, 63095, 662
  result is correct!
! 20, ise, 32, 1, 0, 12, 240, 845, 63060, 1096
  result is correct!
! 20, ise, 32, 1, 0, 16, 320, 1308, 141010, 2018
  result is correct!
! 20, ise, 32, 1, 0, 20, 400, 1847, 155300, 2764
  result is correct!
! 20, ise, 32, 1, 0, 24, 480, 2486, 65209, 3671
  result is correct!
! 20, ise, 32, 1, 0, 28, 560, 3221, 66855, 4661
  result is correct!
! 20, ise, 32, 1, 0, 32, 640, 4052, 332969, 6222
  result is correct!
! 20, ise, 32, 1, 0, 36, 720, 4979, 68643, 7113
  result is correct!
! 20, ise, 32, 1, 0, 40, 800, 6002, 152145, 8928
  result is correct!
! 20, ise, 32, 1, 0, 44, 880, 7121, 334607, 11029
  result is correct!
! 20, ise, 32, 1, 0, 48, 960, 8336, 72205, 12177
  result is correct!
! 20, ise, 32, 1, 0, 52, 1040, 9647, 337808, 14692
  result is correct!
! 20, ise, 32, 1, 0, 56, 1120, 11054, 156472, 16335
  result is correct!
! 20, ise, 32, 1, 0, 60, 1200, 12557, 153569, 18538
  result is correct!
! 20, ise, 32, 1, 0, 64, 1280, 14156, 339259, 21462
  result is correct!
! 20, ise, 32, 1, 0, 68, 1360, 15851, 354163, 23849
  result is correct!
! 20, ise, 32, 1, 0, 72, 1440, 17642, 344056, 26627
  result is correct!
-----------------Showing intmul-rv32_ise_20_simple.log-----------------
! 20, ise, 32, 1, 0, 8, 160, 1018, 62142, 1508
  result is correct!
! 20, ise, 32, 1, 0, 12, 240, 2034, 143782, 3107
  result is correct!
! 20, ise, 32, 1, 0, 16, 320, 3402, 64768, 4930
  result is correct!
! 20, ise, 32, 1, 0, 20, 400, 5122, 148954, 7692
  result is correct!
! 20, ise, 32, 1, 0, 24, 480, 7194, 68994, 10370
  result is correct!
! 20, ise, 32, 1, 0, 28, 560, 9618, 333827, 14635
  result is correct!
! 20, ise, 32, 1, 0, 32, 640, 12394, 153782, 18069
  result is correct!
! 20, ise, 32, 1, 0, 36, 720, 15522, 158219, 22488
  result is correct!
! 20, ise, 32, 1, 0, 40, 800, 19002, 170292, 27741
  result is correct!
! 20, ise, 32, 1, 0, 44, 880, 22834, 347823, 33986
  result is correct!
! 20, ise, 32, 1, 0, 48, 960, 27018, 351816, 39793
  result is correct!
! 20, ise, 32, 1, 0, 52, 1040, 31554, 356373, 46547
  result is correct!
! 20, ise, 32, 1, 0, 56, 1120, 36442, 362535, 53958
  result is correct!
! 20, ise, 32, 1, 0, 60, 1200, 41682, 367848, 61613
  result is correct!
! 20, ise, 32, 1, 0, 64, 1280, 47274, 371580, 69751
  result is correct!
! 20, ise, 32, 1, 0, 68, 1360, 53218, 380754, 78394
  result is correct!
! 20, ise, 32, 1, 0, 72, 1440, 59519, 384745, 88155
  result is correct!
-----------------Showing intmul-rv32_ise_21_hybrid.log-----------------
! 21, ise, 32, 1, 0, 8, 168, 476, 63041, 726
  result is correct!
! 21, ise, 32, 1, 0, 12, 252, 845, 144671, 1375
  result is correct!
! 21, ise, 32, 1, 0, 16, 336, 1308, 64270, 1806
  result is correct!
! 21, ise, 32, 1, 0, 20, 420, 1847, 65074, 2599
  result is correct!
! 21, ise, 32, 1, 0, 24, 504, 2486, 330584, 3949
  result is correct!
! 21, ise, 32, 1, 0, 28, 588, 3221, 147988, 4884
  result is correct!
! 21, ise, 32, 1, 0, 32, 672, 4052, 189958, 6137
  result is correct!
! 21, ise, 32, 1, 0, 36, 756, 4979, 149741, 7460
  result is correct!
! 21, ise, 32, 1, 0, 40, 840, 6002, 331890, 9279
  result is correct!
! 21, ise, 32, 1, 0, 44, 924, 7121, 173789, 10581
  result is correct!
! 21, ise, 32, 1, 0, 48, 1008, 8336, 72514, 12180
  result is correct!
! 21, ise, 32, 1, 0, 52, 1092, 9647, 163342, 14236
  result is correct!
! 21, ise, 32, 1, 0, 56, 1176, 11054, 338307, 16728
  result is correct!
! 21, ise, 32, 1, 0, 60, 1260, 12557, 155539, 18531
  result is correct!
! 21, ise, 32, 1, 0, 64, 1344, 14156, 158083, 21004
  result is correct!
! 21, ise, 32, 1, 0, 68, 1428, 15851, 168161, 23473
  result is correct!
! 21, ise, 32, 1, 0, 72, 1512, 17642, 170757, 26177
  result is correct!
-----------------Showing intmul-rv32_ise_21_simple.log-----------------
! 21, ise, 32, 1, 0, 8, 168, 1018, 326288, 1782
  result is correct!
! 21, ise, 32, 1, 0, 12, 252, 2034, 63715, 2890
  result is correct!
! 21, ise, 32, 1, 0, 16, 336, 3402, 65241, 4932
  result is correct!
! 21, ise, 32, 1, 0, 20, 420, 5122, 66807, 7322
  result is correct!
! 21, ise, 32, 1, 0, 24, 504, 7194, 330716, 10760
  result is correct!
! 21, ise, 32, 1, 0, 28, 588, 9618, 161453, 14157
  result is correct!
! 21, ise, 32, 1, 0, 32, 672, 12394, 337547, 18631
  result is correct!
! 21, ise, 32, 1, 0, 36, 756, 15522, 339938, 23128
  result is correct!
! 21, ise, 32, 1, 0, 40, 840, 19002, 344333, 28193
  result is correct!
! 21, ise, 32, 1, 0, 44, 924, 22834, 347374, 33849
  result is correct!
! 21, ise, 32, 1, 0, 48, 1008, 27018, 353068, 40087
  result is correct!
! 21, ise, 32, 1, 0, 52, 1092, 31554, 357874, 46386
  result is correct!
! 21, ise, 32, 1, 0, 56, 1176, 36442, 361432, 53726
  result is correct!
! 21, ise, 32, 1, 0, 60, 1260, 41682, 368448, 61440
  result is correct!
! 21, ise, 32, 1, 0, 64, 1344, 47274, 372024, 70061
  result is correct!
! 21, ise, 32, 1, 0, 68, 1428, 53218, 378922, 79078
  result is correct!
! 21, ise, 32, 1, 0, 72, 1512, 59519, 385687, 87787
  result is correct!
-----------------Showing intmul-rv32_ise_22_hybrid.log-----------------
! 22, ise, 32, 1, 0, 8, 176, 476, 159582, 907
  result is correct!
! 22, ise, 32, 1, 0, 12, 264, 845, 63346, 1218
  result is correct!
! 22, ise, 32, 1, 0, 16, 352, 1308, 144571, 2020
  result is correct!
! 22, ise, 32, 1, 0, 20, 440, 1847, 64201, 2720
  result is correct!
! 22, ise, 32, 1, 0, 24, 528, 2486, 65260, 3672
  result is correct!
! 22, ise, 32, 1, 0, 28, 616, 3221, 66393, 4720
  result is correct!
! 22, ise, 32, 1, 0, 32, 704, 4052, 67299, 5927
  result is correct!
! 22, ise, 32, 1, 0, 36, 792, 4979, 330568, 7750
  result is correct!
! 22, ise, 32, 1, 0, 40, 880, 6002, 69652, 8768
  result is correct!
! 22, ise, 32, 1, 0, 44, 968, 7121, 148337, 10549
  result is correct!
! 22, ise, 32, 1, 0, 48, 1056, 8336, 74219, 12182
  result is correct!
! 22, ise, 32, 1, 0, 52, 1144, 9647, 73490, 14128
  result is correct!
! 22, ise, 32, 1, 0, 56, 1232, 11054, 163542, 16276
  result is correct!
! 22, ise, 32, 1, 0, 60, 1320, 12557, 340916, 18984
  result is correct!
! 22, ise, 32, 1, 0, 64, 1408, 14156, 342263, 21294
  result is correct!
! 22, ise, 32, 1, 0, 68, 1496, 15851, 343493, 24044
  result is correct!
! 22, ise, 32, 1, 0, 72, 1584, 17642, 345543, 26451
  result is correct!
-----------------Showing intmul-rv32_ise_22_simple.log-----------------
! 22, ise, 32, 1, 0, 8, 176, 1018, 61967, 1447
  result is correct!
! 22, ise, 32, 1, 0, 12, 264, 2034, 179820, 3086
  result is correct!
! 22, ise, 32, 1, 0, 16, 352, 3402, 146991, 4964
  result is correct!
! 22, ise, 32, 1, 0, 20, 440, 5122, 329839, 8001
  result is correct!
! 22, ise, 32, 1, 0, 24, 528, 7194, 69169, 10371
  result is correct!
! 22, ise, 32, 1, 0, 28, 616, 9618, 336030, 14341
  result is correct!
! 22, ise, 32, 1, 0, 32, 704, 12394, 163995, 18327
  result is correct!
! 22, ise, 32, 1, 0, 36, 792, 15522, 166018, 22563
  result is correct!
! 22, ise, 32, 1, 0, 40, 880, 19002, 296476, 27812
  result is correct!
! 22, ise, 32, 1, 0, 44, 968, 22834, 347061, 33593
  result is correct!
! 22, ise, 32, 1, 0, 48, 1056, 27018, 352977, 39809
  result is correct!
! 22, ise, 32, 1, 0, 52, 1144, 31554, 355661, 46553
  result is correct!
! 22, ise, 32, 1, 0, 56, 1232, 36442, 362932, 53679
  result is correct!
! 22, ise, 32, 1, 0, 60, 1320, 41682, 366488, 61221
  result is correct!
! 22, ise, 32, 1, 0, 64, 1408, 47274, 375420, 69659
  result is correct!
! 22, ise, 32, 1, 0, 68, 1496, 53218, 378334, 78467
  result is correct!
! 22, ise, 32, 1, 0, 72, 1584, 59519, 393670, 88041
  result is correct!
-----------------Showing intmul-rv32_ise_23_hybrid.log-----------------
! 23, ise, 32, 1, 0, 8, 184, 476, 63244, 726
  result is correct!
! 23, ise, 32, 1, 0, 12, 276, 845, 62916, 1216
  result is correct!
! 23, ise, 32, 1, 0, 16, 368, 1308, 63573, 1928
  result is correct!
! 23, ise, 32, 1, 0, 20, 460, 1847, 144620, 2816
  result is correct!
! 23, ise, 32, 1, 0, 24, 552, 2486, 65810, 3673
  result is correct!
! 23, ise, 32, 1, 0, 28, 644, 3221, 329345, 5373
  result is correct!
! 23, ise, 32, 1, 0, 32, 736, 4052, 148440, 6092
  result is correct!
! 23, ise, 32, 1, 0, 36, 828, 4979, 68309, 7234
  result is correct!
! 23, ise, 32, 1, 0, 40, 920, 6002, 71579, 8765
  result is correct!
! 23, ise, 32, 1, 0, 44, 1012, 7121, 150913, 10549
  result is correct!
! 23, ise, 32, 1, 0, 48, 1104, 8336, 153009, 12345
  result is correct!
! 23, ise, 32, 1, 0, 52, 1196, 9647, 154469, 14218
  result is correct!
! 23, ise, 32, 1, 0, 56, 1288, 11054, 338741, 16792
  result is correct!
! 23, ise, 32, 1, 0, 60, 1380, 12557, 157417, 18536
  result is correct!
! 23, ise, 32, 1, 0, 64, 1472, 14156, 78396, 20749
  result is correct!
! 23, ise, 32, 1, 0, 68, 1564, 15851, 160348, 23377
  result is correct!
! 23, ise, 32, 1, 0, 72, 1656, 17642, 170596, 26177
  result is correct!
-----------------Showing intmul-rv32_ise_23_simple.log-----------------
! 23, ise, 32, 1, 0, 8, 184, 1018, 61878, 1507
  result is correct!
! 23, ise, 32, 1, 0, 12, 276, 2034, 63036, 2950
  result is correct!
! 23, ise, 32, 1, 0, 16, 368, 3402, 147110, 5084
  result is correct!
! 23, ise, 32, 1, 0, 20, 460, 5122, 67142, 7261
  result is correct!
! 23, ise, 32, 1, 0, 24, 552, 7194, 182283, 10572
  result is correct!
! 23, ise, 32, 1, 0, 28, 644, 9618, 151068, 14000
  result is correct!
! 23, ise, 32, 1, 0, 32, 736, 12394, 335130, 18364
  result is correct!
! 23, ise, 32, 1, 0, 36, 828, 15522, 341378, 23204
  result is correct!
! 23, ise, 32, 1, 0, 40, 920, 19002, 343119, 28193
  result is correct!
! 23, ise, 32, 1, 0, 44, 1012, 22834, 348160, 33649
  result is correct!
! 23, ise, 32, 1, 0, 48, 1104, 27018, 352469, 39949
  result is correct!
! 23, ise, 32, 1, 0, 52, 1196, 31554, 357580, 46542
  result is correct!
! 23, ise, 32, 1, 0, 56, 1288, 36442, 361243, 53774
  result is correct!
! 23, ise, 32, 1, 0, 60, 1380, 41682, 366740, 61385
  result is correct!
! 23, ise, 32, 1, 0, 64, 1472, 47279, 372561, 69906
  result is correct!
! 23, ise, 32, 1, 0, 68, 1564, 53223, 379152, 78939
  result is correct!
! 23, ise, 32, 1, 0, 72, 1656, 59519, 386592, 88079
  result is correct!
-----------------Showing intmul-rv32_ise_24_hybrid.log-----------------
! 24, ise, 32, 1, 0, 8, 192, 476, 62371, 661
  result is correct!
! 24, ise, 32, 1, 0, 12, 288, 845, 63193, 1278
  result is correct!
! 24, ise, 32, 1, 0, 16, 384, 1308, 64020, 1929
  result is correct!
! 24, ise, 32, 1, 0, 20, 480, 1847, 64147, 2596
  result is correct!
! 24, ise, 32, 1, 0, 24, 576, 2486, 184452, 3873
  result is correct!
! 24, ise, 32, 1, 0, 28, 672, 3221, 66492, 4656
  result is correct!
! 24, ise, 32, 1, 0, 32, 768, 4052, 164034, 6038
  result is correct!
! 24, ise, 32, 1, 0, 36, 864, 4979, 68290, 7294
  result is correct!
! 24, ise, 32, 1, 0, 40, 960, 6002, 174610, 9107
  result is correct!
! 24, ise, 32, 1, 0, 44, 1056, 7121, 150689, 10542
  result is correct!
! 24, ise, 32, 1, 0, 48, 1152, 8336, 336648, 12917
  result is correct!
! 24, ise, 32, 1, 0, 52, 1248, 9647, 154523, 14276
  result is correct!
! 24, ise, 32, 1, 0, 56, 1344, 11054, 289995, 16543
  result is correct!
! 24, ise, 32, 1, 0, 60, 1440, 12557, 338126, 19152
  result is correct!
! 24, ise, 32, 1, 0, 64, 1536, 14156, 160588, 20828
  result is correct!
! 24, ise, 32, 1, 0, 68, 1632, 15851, 168702, 23400
  result is correct!
! 24, ise, 32, 1, 0, 72, 1728, 17642, 160601, 25975
  result is correct!
-----------------Showing intmul-rv32_ise_24_simple.log-----------------
! 24, ise, 32, 1, 0, 8, 192, 1018, 137928, 1530
  result is correct!
! 24, ise, 32, 1, 0, 12, 288, 2034, 63297, 2829
  result is correct!
! 24, ise, 32, 1, 0, 16, 384, 3402, 64730, 4867
  result is correct!
! 24, ise, 32, 1, 0, 20, 480, 5122, 66786, 7378
  result is correct!
! 24, ise, 32, 1, 0, 24, 576, 7194, 148768, 10462
  result is correct!
! 24, ise, 32, 1, 0, 28, 672, 9618, 151360, 14048
  result is correct!
! 24, ise, 32, 1, 0, 32, 768, 12394, 74426, 17904
  result is correct!
! 24, ise, 32, 1, 0, 36, 864, 15522, 340620, 22991
  result is correct!
! 24, ise, 32, 1, 0, 40, 960, 19002, 341050, 28224
  result is correct!
! 24, ise, 32, 1, 0, 44, 1056, 22834, 299499, 33190
  result is correct!
! 24, ise, 32, 1, 0, 48, 1152, 27018, 350986, 39871
  result is correct!
! 24, ise, 32, 1, 0, 52, 1248, 31554, 356250, 46529
  result is correct!
! 24, ise, 32, 1, 0, 56, 1344, 36442, 363198, 53592
  result is correct!
! 24, ise, 32, 1, 0, 60, 1440, 41682, 365133, 61605
  result is correct!
! 24, ise, 32, 1, 0, 64, 1536, 47274, 374301, 69751
  result is correct!
! 24, ise, 32, 1, 0, 68, 1632, 53223, 378764, 78424
  result is correct!
! 24, ise, 32, 1, 0, 72, 1728, 59519, 382700, 87481
  result is correct!
-----------------Showing intmul-rv32_ise_25_hybrid.log-----------------
! 25, ise, 32, 1, 0, 8, 200, 476, 63131, 662
  result is correct!
! 25, ise, 32, 1, 0, 12, 300, 845, 63391, 1278
  result is correct!
! 25, ise, 32, 1, 0, 16, 400, 1308, 63991, 1805
  result is correct!
! 25, ise, 32, 1, 0, 20, 500, 1847, 64211, 2654
  result is correct!
! 25, ise, 32, 1, 0, 24, 600, 2486, 65273, 3612
  result is correct!
! 25, ise, 32, 1, 0, 28, 700, 3221, 65887, 4713
  result is correct!
! 25, ise, 32, 1, 0, 32, 800, 4052, 332925, 6377
  result is correct!
! 25, ise, 32, 1, 0, 36, 900, 4979, 68608, 7294
  result is correct!
! 25, ise, 32, 1, 0, 40, 1000, 6002, 149322, 8921
  result is correct!
! 25, ise, 32, 1, 0, 44, 1100, 7121, 334404, 10836
  result is correct!
! 25, ise, 32, 1, 0, 48, 1200, 8336, 159601, 12338
  result is correct!
! 25, ise, 32, 1, 0, 52, 1300, 9647, 337516, 14604
  result is correct!
! 25, ise, 32, 1, 0, 56, 1400, 11054, 154777, 16319
  result is correct!
! 25, ise, 32, 1, 0, 60, 1500, 12557, 168085, 18552
  result is correct!
! 25, ise, 32, 1, 0, 64, 1600, 14156, 340993, 21386
  result is correct!
! 25, ise, 32, 1, 0, 68, 1700, 15851, 342887, 23802
  result is correct!
! 25, ise, 32, 1, 0, 72, 1800, 17642, 345048, 26616
  result is correct!
-----------------Showing intmul-rv32_ise_25_simple.log-----------------
! 25, ise, 32, 1, 0, 8, 200, 1018, 62271, 1447
  result is correct!
! 25, ise, 32, 1, 0, 12, 300, 2034, 63397, 2951
  result is correct!
! 25, ise, 32, 1, 0, 16, 400, 3402, 64458, 4924
  result is correct!
! 25, ise, 32, 1, 0, 20, 500, 5122, 147629, 7538
  result is correct!
! 25, ise, 32, 1, 0, 24, 600, 7194, 145304, 10459
  result is correct!
! 25, ise, 32, 1, 0, 28, 700, 9618, 334782, 14381
  result is correct!
! 25, ise, 32, 1, 0, 32, 800, 12394, 155483, 18060
  result is correct!
! 25, ise, 32, 1, 0, 36, 900, 15522, 291815, 22606
  result is correct!
! 25, ise, 32, 1, 0, 40, 1000, 19002, 160690, 27561
  result is correct!
! 25, ise, 32, 1, 0, 44, 1100, 22834, 345689, 34014
  result is correct!
! 25, ise, 32, 1, 0, 48, 1200, 27018, 304904, 39504
  result is correct!
! 25, ise, 32, 1, 0, 52, 1300, 31554, 356380, 46453
  result is correct!
! 25, ise, 32, 1, 0, 56, 1400, 36442, 361550, 53637
  result is correct!
! 25, ise, 32, 1, 0, 60, 1500, 41682, 375831, 61957
  result is correct!
! 25, ise, 32, 1, 0, 64, 1600, 47274, 373223, 69384
  result is correct!
! 25, ise, 32, 1, 0, 68, 1700, 53223, 376864, 78466
  result is correct!
! 25, ise, 32, 1, 0, 72, 1800, 59519, 385878, 88082
  result is correct!
-----------------Showing intmul-rv32_ise_26_hybrid.log-----------------
! 26, ise, 32, 1, 0, 8, 208, 474, 62764, 660
  result is correct!
! 26, ise, 32, 1, 0, 12, 312, 844, 72869, 1227
  result is correct!
! 26, ise, 32, 1, 0, 16, 416, 1307, 63995, 1865
  result is correct!
! 26, ise, 32, 1, 0, 20, 520, 1846, 64591, 2714
  result is correct!
! 26, ise, 32, 1, 0, 24, 624, 2485, 65762, 3609
  result is correct!
! 26, ise, 32, 1, 0, 28, 728, 3220, 148386, 4754
  result is correct!
! 26, ise, 32, 1, 0, 32, 832, 4051, 67185, 5802
  result is correct!
! 26, ise, 32, 1, 0, 36, 936, 4978, 149080, 7457
  result is correct!
! 26, ise, 32, 1, 0, 40, 1040, 6001, 333422, 9369
  result is correct!
! 26, ise, 32, 1, 0, 44, 1144, 7120, 70401, 10327
  result is correct!
! 26, ise, 32, 1, 0, 48, 1248, 8335, 72270, 12171
  result is correct!
! 26, ise, 32, 1, 0, 52, 1352, 9646, 73441, 14121
  result is correct!
! 26, ise, 32, 1, 0, 56, 1456, 11053, 337714, 16772
  result is correct!
! 26, ise, 32, 1, 0, 60, 1560, 12556, 292095, 18707
  result is correct!
! 26, ise, 32, 1, 0, 64, 1664, 14155, 293772, 20959
  result is correct!
-----------------Showing intmul-rv32_ise_26_simple.log-----------------
! 26, ise, 32, 1, 0, 8, 208, 1019, 326462, 1892
  result is correct!
! 26, ise, 32, 1, 0, 12, 312, 2035, 145637, 2969
  result is correct!
! 26, ise, 32, 1, 0, 16, 416, 3403, 64899, 4925
  result is correct!
! 26, ise, 32, 1, 0, 20, 520, 5123, 184162, 7457
  result is correct!
! 26, ise, 32, 1, 0, 24, 624, 7195, 333976, 10879
  result is correct!
! 26, ise, 32, 1, 0, 28, 728, 9619, 176725, 14029
  result is correct!
! 26, ise, 32, 1, 0, 32, 832, 12395, 335371, 18456
  result is correct!
! 26, ise, 32, 1, 0, 36, 936, 15523, 341367, 22999
  result is correct!
! 26, ise, 32, 1, 0, 40, 1040, 19003, 343413, 28153
  result is correct!
! 26, ise, 32, 1, 0, 44, 1144, 22835, 349175, 33762
  result is correct!
! 26, ise, 32, 1, 0, 48, 1248, 27019, 351388, 40092
  result is correct!
! 26, ise, 32, 1, 0, 52, 1352, 31555, 356482, 46551
  result is correct!
! 26, ise, 32, 1, 0, 56, 1456, 36443, 361259, 53683
  result is correct!
! 26, ise, 32, 1, 0, 60, 1560, 41683, 367932, 61497
  result is correct!
! 26, ise, 32, 1, 0, 64, 1664, 47275, 375212, 70547
  result is correct!
-----------------Showing intmul-rv32_ise_27_hybrid.log-----------------
! 27, ise, 32, 1, 0, 8, 216, 475, 62833, 723
  result is correct!
! 27, ise, 32, 1, 0, 12, 324, 844, 64415, 1279
  result is correct!
! 27, ise, 32, 1, 0, 16, 432, 1307, 63748, 1928
  result is correct!
! 27, ise, 32, 1, 0, 20, 540, 1846, 64581, 2654
  result is correct!
! 27, ise, 32, 1, 0, 24, 648, 2485, 65278, 3543
  result is correct!
! 27, ise, 32, 1, 0, 28, 756, 3220, 163968, 4897
  result is correct!
! 27, ise, 32, 1, 0, 32, 864, 4051, 67808, 5863
  result is correct!
-----------------Showing intmul-rv32_ise_27_simple.log-----------------
! 27, ise, 32, 1, 0, 8, 216, 1019, 62156, 1443
  result is correct!
! 27, ise, 32, 1, 0, 12, 324, 2035, 63310, 2948
  result is correct!
! 27, ise, 32, 1, 0, 16, 432, 3403, 65364, 4865
  result is correct!
! 27, ise, 32, 1, 0, 20, 540, 5123, 182643, 7739
  result is correct!
! 27, ise, 32, 1, 0, 24, 648, 7195, 69073, 10373
  result is correct!
! 27, ise, 32, 1, 0, 28, 756, 9619, 334152, 14694
  result is correct!
! 27, ise, 32, 1, 0, 32, 864, 12395, 155945, 18000
  result is correct!
-----------------Showing intmul-rv32_ise_28_hybrid.log-----------------
! 28, ise, 32, 1, 0, 8, 224, 477, 313879, 917
  result is correct!
! 28, ise, 32, 1, 0, 12, 336, 846, 63464, 1282
  result is correct!
! 28, ise, 32, 1, 0, 16, 448, 1309, 63647, 1930
  result is correct!
-----------------Showing intmul-rv32_ise_28_simple.log-----------------
! 28, ise, 32, 1, 0, 8, 224, 1020, 62417, 1507
  result is correct!
! 28, ise, 32, 1, 0, 12, 336, 2036, 144455, 3108
  result is correct!
! 28, ise, 32, 1, 0, 16, 448, 3404, 65173, 4869
  result is correct!
-----------------Showing intmul-rv32_ise_29_hybrid.log-----------------
! 29, ise, 32, 1, 0, 8, 232, 475, 65642, 727
  result is correct!
-----------------Showing intmul-rv32_ise_29_simple.log-----------------
! 29, ise, 32, 1, 0, 8, 232, 1017, 62389, 1443
  result is correct!
-----------------Showing intmul-rv32_ise_32_hybrid.log-----------------
! 32, ise, 32, 1, 0, 8, 256, 565, 62877, 752
  result is correct!
! 32, ise, 32, 1, 0, 12, 384, 1171, 64645, 1736
  result is correct!
! 32, ise, 32, 1, 0, 16, 512, 1994, 65195, 2870
  result is correct!
! 32, ise, 32, 1, 0, 20, 640, 3012, 66440, 4329
  result is correct!
! 32, ise, 32, 1, 0, 24, 768, 4250, 149996, 6352
  result is correct!
! 32, ise, 32, 1, 0, 28, 896, 5704, 69244, 8283
  result is correct!
! 32, ise, 32, 1, 0, 32, 1024, 7374, 334316, 11227
  result is correct!
! 32, ise, 32, 1, 0, 36, 1152, 9260, 73217, 13553
  result is correct!
! 32, ise, 32, 1, 0, 40, 1280, 11362, 340073, 17230
  result is correct!
! 32, ise, 32, 1, 0, 44, 1408, 13680, 340187, 20800
  result is correct!
! 32, ise, 32, 1, 0, 48, 1536, 16214, 161189, 23854
  result is correct!
! 32, ise, 32, 1, 0, 52, 1664, 18964, 352805, 28404
  result is correct!
! 32, ise, 32, 1, 0, 56, 1792, 21942, 348125, 32788
  result is correct!
! 32, ise, 32, 1, 0, 60, 1920, 25124, 171420, 37144
  result is correct!
! 32, ise, 32, 1, 0, 64, 2048, 28522, 356504, 42779
  result is correct!
-----------------Showing intmul-rv32_ise_32_simple.log-----------------
! 32, ise, 32, 1, 0, 8, 256, 1123, 62483, 1606
  result is correct!
! 32, ise, 32, 1, 0, 12, 384, 2291, 73800, 3336
  result is correct!
! 32, ise, 32, 1, 0, 16, 512, 3875, 146803, 5731
  result is correct!
! 32, ise, 32, 1, 0, 20, 640, 5875, 66930, 8356
  result is correct!
! 32, ise, 32, 1, 0, 24, 768, 8291, 173884, 12060
  result is correct!
! 32, ise, 32, 1, 0, 28, 896, 11123, 72761, 15986
  result is correct!
! 32, ise, 32, 1, 0, 32, 1024, 14371, 157430, 20790
  result is correct!
! 32, ise, 32, 1, 0, 36, 1152, 18035, 343370, 26710
  result is correct!
! 32, ise, 32, 1, 0, 40, 1280, 22115, 301935, 32312
  result is correct!
! 32, ise, 32, 1, 0, 44, 1408, 26611, 351936, 39173
  result is correct!
! 32, ise, 32, 1, 0, 48, 1536, 31523, 357507, 46183
  result is correct!
! 32, ise, 32, 1, 0, 52, 1664, 36851, 362821, 54035
  result is correct!
! 32, ise, 32, 1, 0, 56, 1792, 42597, 366430, 62709
  result is correct!
! 32, ise, 32, 1, 0, 60, 1920, 48757, 375857, 71605
  result is correct!
! 32, ise, 32, 1, 0, 64, 2048, 55333, 379759, 81457
  result is correct!
# 