>>>>
====
REPO_HOME         := auto-generated-text
RISCV             := auto-generated-text
MPISE_DESTRUCTIVE := 1
MPISE_STATELESS   := 1
----
ARCH              := rv32
TYPE              := ise
RADIX             := 20
PLATFORM          := cva6-verilator
VERSION           := hybrid
<<<<
bbl loader
! 20, ise, 32, 1, 1, 8, 160, 10, 10, 461, 473, 465
  result is correct!
! 20, ise, 32, 1, 1, 12, 240, 10, 10, 834, 845, 835
  result is correct!
! 20, ise, 32, 1, 1, 16, 320, 10, 10, 1297, 1308, 1298
  result is correct!
! 20, ise, 32, 1, 1, 20, 400, 10, 10, 1836, 2342, 1889
  result is correct!
! 20, ise, 32, 1, 1, 24, 480, 10, 10, 2475, 2903, 2528
  result is correct!
! 20, ise, 32, 1, 1, 28, 560, 10, 10, 3210, 3737, 3263
  result is correct!
! 20, ise, 32, 1, 1, 32, 640, 10, 10, 4041, 4547, 4094
  result is correct!
! 20, ise, 32, 1, 1, 36, 720, 10, 10, 4968, 5379, 5073
  result is correct!
! 20, ise, 32, 1, 1, 40, 800, 10, 10, 5991, 6498, 6106
  result is correct!
! 20, ise, 32, 1, 1, 44, 880, 10, 10, 7110, 7620, 7217
  result is correct!
! 20, ise, 32, 1, 1, 48, 960, 10, 10, 8325, 8842, 8483
  result is correct!
! 20, ise, 32, 1, 1, 52, 1040, 10, 10, 9636, 10145, 9798
  result is correct!
! 20, ise, 32, 1, 1, 56, 1120, 10, 10, 11043, 11550, 11252
  result is correct!
! 20, ise, 32, 1, 1, 60, 1200, 10, 10, 12546, 13067, 12758
  result is correct!
! 20, ise, 32, 1, 1, 64, 1280, 10, 10, 14167, 14665, 14408
  result is correct!
! 20, ise, 32, 1, 1, 68, 1360, 10, 10, 15862, 16348, 16105
  result is correct!
! 20, ise, 32, 1, 1, 72, 1440, 10, 10, 17740, 18139, 17946
  result is correct!
