>>>>
====
REPO_HOME         := auto-generated-text
RISCV             := auto-generated-text
MPISE_DESTRUCTIVE := 1
MPISE_STATELESS   := 1
----
ARCH              := rv32
TYPE              := ise
RADIX             := 25
PLATFORM          := cva6-verilator
VERSION           := simple
<<<<
bbl loader
! 25, ise, 32, 1, 1, 8, 200, 10, 10, 1020, 1028, 1020
  result is correct!
! 25, ise, 32, 1, 1, 12, 300, 10, 10, 2036, 2359, 2069
  result is correct!
! 25, ise, 32, 1, 1, 16, 400, 10, 10, 3404, 3726, 3437
  result is correct!
! 25, ise, 32, 1, 1, 20, 500, 10, 10, 5124, 5448, 5190
  result is correct!
! 25, ise, 32, 1, 1, 24, 600, 10, 10, 7196, 7519, 7262
  result is correct!
! 25, ise, 32, 1, 1, 28, 700, 10, 10, 9620, 9943, 9719
  result is correct!
! 25, ise, 32, 1, 1, 32, 800, 10, 10, 12396, 12718, 12527
  result is correct!
! 25, ise, 32, 1, 1, 36, 900, 10, 10, 15530, 15847, 15688
  result is correct!
! 25, ise, 32, 1, 1, 40, 1000, 10, 10, 19010, 19326, 19200
  result is correct!
! 25, ise, 32, 1, 1, 44, 1100, 10, 10, 22854, 23170, 23097
  result is correct!
! 25, ise, 32, 1, 1, 48, 1200, 10, 10, 27038, 27351, 27314
  result is correct!
! 25, ise, 32, 1, 1, 52, 1300, 10, 10, 31882, 32173, 31912
  result is correct!
! 25, ise, 32, 1, 1, 56, 1400, 10, 10, 36765, 37060, 36830
  result is correct!
! 25, ise, 32, 1, 1, 60, 1500, 10, 10, 42008, 42308, 42131
  result is correct!
! 25, ise, 32, 1, 1, 64, 1600, 10, 10, 47599, 47905, 47783
  result is correct!
! 25, ise, 32, 1, 1, 68, 1700, 10, 10, 53557, 53848, 53787
  result is correct!
! 25, ise, 32, 1, 1, 72, 1800, 10, 10, 60141, 60152, 60144
  result is correct!
