>>>>
====
REPO_HOME         := auto-generated-text
RISCV             := auto-generated-text
MPISE_DESTRUCTIVE := 1
MPISE_STATELESS   := 1
----
ARCH              := rv32
TYPE              := ise
RADIX             := 24
PLATFORM          := cva6-verilator
VERSION           := hybrid
<<<<
bbl loader
! 24, ise, 32, 1, 1, 8, 192, 10, 10, 467, 475, 467
  result is correct!
! 24, ise, 32, 1, 1, 12, 288, 10, 10, 836, 842, 836
  result is correct!
! 24, ise, 32, 1, 1, 16, 384, 10, 10, 1299, 1305, 1299
  result is correct!
! 24, ise, 32, 1, 1, 20, 480, 10, 10, 1838, 2348, 1892
  result is correct!
! 24, ise, 32, 1, 1, 24, 576, 10, 10, 2477, 2917, 2530
  result is correct!
! 24, ise, 32, 1, 1, 28, 672, 10, 10, 3212, 3466, 3238
  result is correct!
! 24, ise, 32, 1, 1, 32, 768, 10, 10, 4043, 4553, 4097
  result is correct!
! 24, ise, 32, 1, 1, 36, 864, 10, 10, 4970, 5384, 5076
  result is correct!
! 24, ise, 32, 1, 1, 40, 960, 10, 10, 5993, 6502, 6108
  result is correct!
! 24, ise, 32, 1, 1, 44, 1056, 10, 10, 7112, 7623, 7220
  result is correct!
! 24, ise, 32, 1, 1, 48, 1152, 10, 10, 8327, 8844, 8487
  result is correct!
! 24, ise, 32, 1, 1, 52, 1248, 10, 10, 9638, 10150, 9802
  result is correct!
! 24, ise, 32, 1, 1, 56, 1344, 10, 10, 11045, 11555, 11257
  result is correct!
! 24, ise, 32, 1, 1, 60, 1440, 10, 10, 12548, 13075, 12763
  result is correct!
! 24, ise, 32, 1, 1, 64, 1536, 10, 10, 14174, 14665, 14415
  result is correct!
! 24, ise, 32, 1, 1, 68, 1632, 10, 10, 15869, 16355, 16111
  result is correct!
! 24, ise, 32, 1, 1, 72, 1728, 10, 10, 17747, 18146, 17953
  result is correct!
