>>>>
====
REPO_HOME         := auto-generated-text
RISCV             := auto-generated-text
MPISE_DESTRUCTIVE := 1
MPISE_STATELESS   := 1
----
ARCH              := rv32
TYPE              := isa
RADIX             := 21
PLATFORM          := cva6-verilator
VERSION           := simple
<<<<
bbl loader
! 21, isa, 32, 1, 1, 8, 168, 10, 10, 1219, 1227, 1219
  result is correct!
! 21, isa, 32, 1, 1, 12, 252, 10, 10, 2479, 2788, 2512
  result is correct!
! 21, isa, 32, 1, 1, 16, 336, 10, 10, 4187, 4497, 4220
  result is correct!
! 21, isa, 32, 1, 1, 20, 420, 10, 10, 6343, 6655, 6410
  result is correct!
! 21, isa, 32, 1, 1, 24, 504, 10, 10, 8947, 9280, 9048
  result is correct!
! 21, isa, 32, 1, 1, 28, 588, 10, 10, 11999, 12332, 12133
  result is correct!
! 21, isa, 32, 1, 1, 32, 672, 10, 10, 15505, 15831, 15669
  result is correct!
! 21, isa, 32, 1, 1, 36, 756, 10, 10, 19468, 19780, 19680
  result is correct!
! 21, isa, 32, 1, 1, 40, 840, 10, 10, 23864, 24182, 24111
  result is correct!
! 21, isa, 32, 1, 1, 44, 924, 10, 10, 29011, 29029, 29022
  result is correct!
! 21, isa, 32, 1, 1, 48, 1008, 10, 10, 34309, 34604, 34347
  result is correct!
! 21, isa, 32, 1, 1, 52, 1092, 10, 10, 40052, 40351, 40149
  result is correct!
! 21, isa, 32, 1, 1, 56, 1176, 10, 10, 46237, 46556, 46398
  result is correct!
! 21, isa, 32, 1, 1, 60, 1260, 10, 10, 52876, 53195, 53127
  result is correct!
! 21, isa, 32, 1, 1, 64, 1344, 10, 10, 60271, 60279, 60274
  result is correct!
! 21, isa, 32, 1, 1, 68, 1428, 10, 10, 67804, 68099, 67893
  result is correct!
! 21, isa, 32, 1, 1, 72, 1512, 10, 10, 75784, 76080, 75932
  result is correct!
