>>>>
====
REPO_HOME         := auto-generated-text
RISCV             := auto-generated-text
MPISE_DESTRUCTIVE := 1
MPISE_STATELESS   := 1
----
ARCH              := rv32
TYPE              := isa
RADIX             := 24
PLATFORM          := cva6-verilator
VERSION           := simple
<<<<
bbl loader
! 24, isa, 32, 1, 1, 8, 192, 10, 10, 1227, 1235, 1227
  result is correct!
! 24, isa, 32, 1, 1, 12, 288, 10, 10, 2491, 2792, 2523
  result is correct!
! 24, isa, 32, 1, 1, 16, 384, 10, 10, 4203, 4506, 4236
  result is correct!
! 24, isa, 32, 1, 1, 20, 480, 10, 10, 6363, 6682, 6429
  result is correct!
! 24, isa, 32, 1, 1, 24, 576, 10, 10, 8971, 9293, 9069
  result is correct!
! 24, isa, 32, 1, 1, 28, 672, 10, 10, 12027, 12349, 12158
  result is correct!
! 24, isa, 32, 1, 1, 32, 768, 10, 10, 15538, 15854, 15695
  result is correct!
! 24, isa, 32, 1, 1, 36, 864, 10, 10, 19504, 19805, 19709
  result is correct!
! 24, isa, 32, 1, 1, 40, 960, 10, 10, 23904, 24211, 24144
  result is correct!
! 24, isa, 32, 1, 1, 44, 1056, 10, 10, 29042, 29064, 29056
  result is correct!
! 24, isa, 32, 1, 1, 48, 1152, 10, 10, 34349, 34645, 34385
  result is correct!
! 24, isa, 32, 1, 1, 52, 1248, 10, 10, 40093, 40390, 40190
  result is correct!
! 24, isa, 32, 1, 1, 56, 1344, 10, 10, 46287, 46600, 46473
  result is correct!
! 24, isa, 32, 1, 1, 60, 1440, 10, 10, 52927, 53242, 53174
  result is correct!
! 24, isa, 32, 1, 1, 64, 1536, 10, 10, 60319, 60330, 60324
  result is correct!
! 24, isa, 32, 1, 1, 68, 1632, 10, 10, 67858, 68153, 67947
  result is correct!
! 24, isa, 32, 1, 1, 72, 1728, 10, 10, 75839, 76135, 75987
  result is correct!
