>>>>
====
REPO_HOME         := auto-generated-text
RISCV             := auto-generated-text
MPISE_DESTRUCTIVE := 1
MPISE_STATELESS   := 1
----
ARCH              := rv64
TYPE              := isa
RADIX             := 54
PLATFORM          := cva6-verilator
VERSION           := simple
<<<<
bbl loader
! 54, isa, 64, 1, 1, 8, 432, 10, 10, 1211, 1216, 1211
  result is correct!
! 54, isa, 64, 1, 1, 12, 648, 10, 10, 2471, 2782, 2504
  result is correct!
! 54, isa, 64, 1, 1, 16, 864, 10, 10, 4179, 4510, 4213
  result is correct!
! 54, isa, 64, 1, 1, 20, 1080, 10, 10, 6335, 6646, 6402
  result is correct!
! 54, isa, 64, 1, 1, 24, 1296, 10, 10, 8939, 9269, 9039
  result is correct!
! 54, isa, 64, 1, 1, 28, 1512, 10, 10, 11991, 12320, 12124
  result is correct!
! 54, isa, 64, 1, 1, 32, 1728, 10, 10, 15496, 15823, 15661
  result is correct!
! 54, isa, 64, 1, 1, 36, 1944, 10, 10, 19461, 19770, 19671
  result is correct!
! 54, isa, 64, 1, 1, 40, 2160, 10, 10, 23857, 24170, 24102
  result is correct!
! 54, isa, 64, 1, 1, 44, 2376, 10, 10, 28995, 29020, 29010
  result is correct!
! 54, isa, 64, 1, 1, 48, 2592, 10, 10, 34302, 34603, 34339
  result is correct!
! 54, isa, 64, 1, 1, 52, 2808, 10, 10, 40040, 40343, 40141
  result is correct!
! 54, isa, 64, 1, 1, 56, 3024, 10, 10, 46230, 46552, 46392
  result is correct!
! 54, isa, 64, 1, 1, 60, 3240, 10, 10, 52867, 53190, 53119
  result is correct!
! 54, isa, 64, 1, 1, 64, 3456, 10, 10, 60262, 60272, 60266
  result is correct!
! 54, isa, 64, 1, 1, 68, 3672, 10, 10, 67796, 68094, 67887
  result is correct!
! 54, isa, 64, 1, 1, 72, 3888, 10, 10, 75776, 76075, 75926
  result is correct!
