>>>>
====
REPO_HOME         := auto-generated-text
RISCV             := auto-generated-text
MPISE_DESTRUCTIVE := 1
MPISE_STATELESS   := 1
----
ARCH              := rv64
TYPE              := ise
RADIX             := 57
PLATFORM          := cva6-verilator
VERSION           := simple
<<<<
bbl loader
! 57, ise, 64, 1, 1, 8, 456, 10, 10, 1006, 1011, 1006
  result is correct!
! 57, ise, 64, 1, 1, 12, 684, 10, 10, 2018, 2336, 2050
  result is correct!
! 57, ise, 64, 1, 1, 16, 912, 10, 10, 3382, 3702, 3415
  result is correct!
! 57, ise, 64, 1, 1, 20, 1140, 10, 10, 5098, 5418, 5163
  result is correct!
! 57, ise, 64, 1, 1, 24, 1368, 10, 10, 7166, 7484, 7231
  result is correct!
! 57, ise, 64, 1, 1, 28, 1596, 10, 10, 9586, 9903, 9683
  result is correct!
! 57, ise, 64, 1, 1, 32, 1824, 10, 10, 12358, 12676, 12488
  result is correct!
! 57, ise, 64, 1, 1, 36, 2052, 10, 10, 15487, 15802, 15645
  result is correct!
! 57, ise, 64, 1, 1, 40, 2280, 10, 10, 18963, 19278, 19152
  result is correct!
! 57, ise, 64, 1, 1, 44, 2508, 10, 10, 22805, 23113, 23044
  result is correct!
! 57, ise, 64, 1, 1, 48, 2736, 10, 10, 26985, 27295, 27258
  result is correct!
! 57, ise, 64, 1, 1, 52, 2964, 10, 10, 31819, 32111, 31850
  result is correct!
! 57, ise, 64, 1, 1, 56, 3192, 10, 10, 36703, 36996, 36766
  result is correct!
! 57, ise, 64, 1, 1, 60, 3420, 10, 10, 41938, 42247, 42062
  result is correct!
! 57, ise, 64, 1, 1, 64, 3648, 10, 10, 47529, 47834, 47711
  result is correct!
! 57, ise, 64, 1, 1, 68, 3876, 10, 10, 53466, 53776, 53710
  result is correct!
! 57, ise, 64, 1, 1, 72, 4104, 10, 10, 60061, 60071, 60065
  result is correct!
