>>>>
====
REPO_HOME         := auto-generated-text
RISCV             := auto-generated-text
MPISE_DESTRUCTIVE := 1
MPISE_STATELESS   := 1
----
ARCH              := rv64
TYPE              := ise
RADIX             := 50
PLATFORM          := cva6-verilator
VERSION           := simple
<<<<
bbl loader
! 50, ise, 64, 1, 1, 8, 400, 10, 10, 1006, 1011, 1006
  result is correct!
! 50, ise, 64, 1, 1, 12, 600, 10, 10, 2018, 2336, 2050
  result is correct!
! 50, ise, 64, 1, 1, 16, 800, 10, 10, 3382, 3702, 3415
  result is correct!
! 50, ise, 64, 1, 1, 20, 1000, 10, 10, 5098, 5418, 5163
  result is correct!
! 50, ise, 64, 1, 1, 24, 1200, 10, 10, 7166, 7484, 7231
  result is correct!
! 50, ise, 64, 1, 1, 28, 1400, 10, 10, 9586, 9903, 9683
  result is correct!
! 50, ise, 64, 1, 1, 32, 1600, 10, 10, 12358, 12676, 12488
  result is correct!
! 50, ise, 64, 1, 1, 36, 1800, 10, 10, 15487, 15802, 15645
  result is correct!
! 50, ise, 64, 1, 1, 40, 2000, 10, 10, 18963, 19278, 19152
  result is correct!
! 50, ise, 64, 1, 1, 44, 2200, 10, 10, 22805, 23113, 23044
  result is correct!
! 50, ise, 64, 1, 1, 48, 2400, 10, 10, 26985, 27295, 27258
  result is correct!
! 50, ise, 64, 1, 1, 52, 2600, 10, 10, 31819, 32111, 31850
  result is correct!
! 50, ise, 64, 1, 1, 56, 2800, 10, 10, 36703, 36996, 36766
  result is correct!
! 50, ise, 64, 1, 1, 60, 3000, 10, 10, 41938, 42247, 42062
  result is correct!
! 50, ise, 64, 1, 1, 64, 3200, 10, 10, 47529, 47834, 47711
  result is correct!
! 50, ise, 64, 1, 1, 68, 3400, 10, 10, 53466, 53776, 53710
  result is correct!
! 50, ise, 64, 1, 1, 72, 3600, 10, 10, 60061, 60071, 60065
  result is correct!
