>>>>
====
REPO_HOME         := auto-generated-text
RISCV             := auto-generated-text
MPISE_DESTRUCTIVE := 0
MPISE_STATELESS   := 0
----
ARCH              := rv64
TYPE              := ise
RADIX             := 53
PLATFORM          := cva6-verilator
VERSION           := simple
<<<<
bbl loader
! 53, ise, 64, 0, 0, 8, 424, 10, 10, 1006, 1012, 1006
  result is correct!
! 53, ise, 64, 0, 0, 12, 636, 10, 10, 2019, 2334, 2051
  result is correct!
! 53, ise, 64, 0, 0, 16, 848, 10, 10, 3383, 3700, 3415
  result is correct!
! 53, ise, 64, 0, 0, 20, 1060, 10, 10, 5099, 5417, 5163
  result is correct!
! 53, ise, 64, 0, 0, 24, 1272, 10, 10, 7167, 7486, 7232
  result is correct!
! 53, ise, 64, 0, 0, 28, 1484, 10, 10, 9587, 9907, 9685
  result is correct!
! 53, ise, 64, 0, 0, 32, 1696, 10, 10, 12359, 12679, 12489
  result is correct!
! 53, ise, 64, 0, 0, 36, 1908, 10, 10, 15488, 15802, 15646
  result is correct!
! 53, ise, 64, 0, 0, 40, 2120, 10, 10, 18964, 19279, 19154
  result is correct!
! 53, ise, 64, 0, 0, 44, 2332, 10, 10, 22806, 23114, 23045
  result is correct!
! 53, ise, 64, 0, 0, 48, 2544, 10, 10, 26986, 27297, 27258
  result is correct!
! 53, ise, 64, 0, 0, 52, 2756, 10, 10, 31819, 32111, 31850
  result is correct!
! 53, ise, 64, 0, 0, 56, 2968, 10, 10, 36703, 36997, 36767
  result is correct!
! 53, ise, 64, 0, 0, 60, 3180, 10, 10, 41942, 42249, 42065
  result is correct!
! 53, ise, 64, 0, 0, 64, 3392, 10, 10, 47531, 47835, 47713
  result is correct!
! 53, ise, 64, 0, 0, 68, 3604, 10, 10, 53467, 53776, 53712
  result is correct!
! 53, ise, 64, 0, 0, 72, 3816, 10, 10, 60061, 60073, 60066
  result is correct!
