>>>>
====
REPO_HOME         := auto-generated-text
RISCV             := auto-generated-text
MPISE_DESTRUCTIVE := 0
MPISE_STATELESS   := 0
----
ARCH              := rv64
TYPE              := isa
RADIX             := 55
PLATFORM          := cva6-verilator
VERSION           := hybrid
<<<<
bbl loader
! 55, isa, 64, 0, 0, 8, 440, 10, 10, 809, 814, 809
  result is correct!
! 55, isa, 64, 0, 0, 12, 660, 10, 10, 1596, 2009, 1657
  result is correct!
! 55, isa, 64, 0, 0, 16, 880, 10, 10, 2640, 3100, 2701
  result is correct!
! 55, isa, 64, 0, 0, 20, 1100, 10, 10, 3914, 4366, 3975
  result is correct!
! 55, isa, 64, 0, 0, 24, 1320, 10, 10, 5447, 6016, 5569
  result is correct!
! 55, isa, 64, 0, 0, 28, 1540, 10, 10, 7234, 7807, 7356
  result is correct!
! 55, isa, 64, 0, 0, 32, 1760, 10, 10, 9275, 9728, 9462
  result is correct!
! 55, isa, 64, 0, 0, 36, 1980, 10, 10, 11570, 12150, 11815
  result is correct!
! 55, isa, 64, 0, 0, 40, 2200, 10, 10, 14158, 14698, 14426
  result is correct!
! 55, isa, 64, 0, 0, 44, 2420, 10, 10, 16958, 17497, 17285
  result is correct!
! 55, isa, 64, 0, 0, 48, 2640, 10, 10, 20137, 20559, 20403
  result is correct!
! 55, isa, 64, 0, 0, 52, 2860, 10, 10, 23448, 23903, 23779
  result is correct!
! 55, isa, 64, 0, 0, 56, 3080, 10, 10, 27013, 27472, 27405
  result is correct!
! 55, isa, 64, 0, 0, 60, 3300, 10, 10, 31278, 31410, 31298
  result is correct!
! 55, isa, 64, 0, 0, 64, 3520, 10, 10, 35358, 35762, 35463
  result is correct!
! 55, isa, 64, 0, 0, 68, 3740, 10, 10, 39686, 40084, 39842
  result is correct!
! 55, isa, 64, 0, 0, 72, 3960, 10, 10, 44348, 44669, 44521
  result is correct!
