>>>>
====
REPO_HOME         := auto-generated-text
RISCV             := auto-generated-text
MPISE_DESTRUCTIVE := 0
MPISE_STATELESS   := 0
----
ARCH              := rv64
TYPE              := ise
RADIX             := 64
PLATFORM          := cva6-verilator
VERSION           := simple
<<<<
bbl loader
! 64, ise, 64, 0, 0, 8, 512, 10, 10, 1123, 1126, 1123
  result is correct!
! 64, ise, 64, 0, 0, 12, 768, 10, 10, 2291, 2588, 2322
  result is correct!
! 64, ise, 64, 0, 0, 16, 1024, 10, 10, 3875, 4195, 3907
  result is correct!
! 64, ise, 64, 0, 0, 20, 1280, 10, 10, 5875, 6210, 5941
  result is correct!
! 64, ise, 64, 0, 0, 24, 1536, 10, 10, 8291, 8613, 8387
  result is correct!
! 64, ise, 64, 0, 0, 28, 1792, 10, 10, 11123, 11441, 11250
  result is correct!
! 64, ise, 64, 0, 0, 32, 2048, 10, 10, 14375, 14698, 14532
  result is correct!
! 64, ise, 64, 0, 0, 36, 2304, 10, 10, 18039, 18374, 18230
  result is correct!
! 64, ise, 64, 0, 0, 40, 2560, 10, 10, 22133, 22455, 22344
  result is correct!
! 64, ise, 64, 0, 0, 44, 2816, 10, 10, 26629, 26968, 26905
  result is correct!
! 64, ise, 64, 0, 0, 48, 3072, 10, 10, 31840, 32161, 31882
  result is correct!
! 64, ise, 64, 0, 0, 52, 3328, 10, 10, 37168, 37495, 37241
  result is correct!
! 64, ise, 64, 0, 0, 56, 3584, 10, 10, 42913, 43248, 43050
  result is correct!
! 64, ise, 64, 0, 0, 60, 3840, 10, 10, 49073, 49409, 49270
  result is correct!
! 64, ise, 64, 0, 0, 64, 4096, 10, 10, 55666, 55994, 55943
  result is correct!
