>>>>
====
REPO_HOME         := auto-generated-text
RISCV             := auto-generated-text
MPISE_DESTRUCTIVE := 0
MPISE_STATELESS   := 0
----
ARCH              := rv64
TYPE              := isa
RADIX             := 50
PLATFORM          := cva6-verilator
VERSION           := simple
<<<<
bbl loader
! 50, isa, 64, 0, 0, 8, 400, 10, 10, 1211, 1216, 1211
  result is correct!
! 50, isa, 64, 0, 0, 12, 600, 10, 10, 2471, 2782, 2504
  result is correct!
! 50, isa, 64, 0, 0, 16, 800, 10, 10, 4179, 4509, 4213
  result is correct!
! 50, isa, 64, 0, 0, 20, 1000, 10, 10, 6335, 6646, 6402
  result is correct!
! 50, isa, 64, 0, 0, 24, 1200, 10, 10, 8939, 9267, 9039
  result is correct!
! 50, isa, 64, 0, 0, 28, 1400, 10, 10, 11991, 12320, 12124
  result is correct!
! 50, isa, 64, 0, 0, 32, 1600, 10, 10, 15496, 15823, 15661
  result is correct!
! 50, isa, 64, 0, 0, 36, 1800, 10, 10, 19461, 19770, 19671
  result is correct!
! 50, isa, 64, 0, 0, 40, 2000, 10, 10, 23857, 24170, 24102
  result is correct!
! 50, isa, 64, 0, 0, 44, 2200, 10, 10, 28995, 29020, 29010
  result is correct!
! 50, isa, 64, 0, 0, 48, 2400, 10, 10, 34302, 34603, 34339
  result is correct!
! 50, isa, 64, 0, 0, 52, 2600, 10, 10, 40040, 40343, 40141
  result is correct!
! 50, isa, 64, 0, 0, 56, 2800, 10, 10, 46230, 46552, 46392
  result is correct!
! 50, isa, 64, 0, 0, 60, 3000, 10, 10, 52867, 53190, 53119
  result is correct!
! 50, isa, 64, 0, 0, 64, 3200, 10, 10, 60262, 60272, 60266
  result is correct!
! 50, isa, 64, 0, 0, 68, 3400, 10, 10, 67796, 68094, 67887
  result is correct!
! 50, isa, 64, 0, 0, 72, 3600, 10, 10, 75776, 76075, 75926
  result is correct!
