>>>>
====
REPO_HOME         := auto-generated-text
RISCV             := auto-generated-text
MPISE_DESTRUCTIVE := 0
MPISE_STATELESS   := 0
----
ARCH              := rv64
TYPE              := isa
RADIX             := 58
PLATFORM          := cva6-verilator
VERSION           := hybrid
<<<<
bbl loader
! 58, isa, 64, 0, 0, 8, 464, 10, 10, 809, 814, 809
  result is correct!
! 58, isa, 64, 0, 0, 12, 696, 10, 10, 1596, 2009, 1657
  result is correct!
! 58, isa, 64, 0, 0, 16, 928, 10, 10, 2640, 3100, 2701
  result is correct!
! 58, isa, 64, 0, 0, 20, 1160, 10, 10, 3914, 4366, 3975
  result is correct!
! 58, isa, 64, 0, 0, 24, 1392, 10, 10, 5447, 6016, 5569
  result is correct!
! 58, isa, 64, 0, 0, 28, 1624, 10, 10, 7234, 7807, 7356
  result is correct!
! 58, isa, 64, 0, 0, 32, 1856, 10, 10, 9275, 9729, 9462
  result is correct!
! 58, isa, 64, 0, 0, 36, 2088, 10, 10, 11570, 12150, 11815
  result is correct!
! 58, isa, 64, 0, 0, 40, 2320, 10, 10, 14158, 14698, 14426
  result is correct!
! 58, isa, 64, 0, 0, 44, 2552, 10, 10, 16958, 17497, 17285
  result is correct!
! 58, isa, 64, 0, 0, 48, 2784, 10, 10, 20137, 20559, 20403
  result is correct!
! 58, isa, 64, 0, 0, 52, 3016, 10, 10, 23448, 23903, 23779
  result is correct!
! 58, isa, 64, 0, 0, 56, 3248, 10, 10, 27013, 27472, 27405
  result is correct!
! 58, isa, 64, 0, 0, 60, 3480, 10, 10, 31278, 31410, 31298
  result is correct!
! 58, isa, 64, 0, 0, 64, 3712, 10, 10, 35358, 35762, 35463
  result is correct!
! 58, isa, 64, 0, 0, 68, 3944, 10, 10, 39686, 40084, 39842
  result is correct!
! 58, isa, 64, 0, 0, 72, 4176, 10, 10, 44348, 44669, 44521
  result is correct!
