>>>>
====
REPO_HOME         := auto-generated-text
RISCV             := auto-generated-text
MPISE_DESTRUCTIVE := 0
MPISE_STATELESS   := 0
----
ARCH              := rv64
TYPE              := ise
RADIX             := 51
PLATFORM          := cva6-verilator
VERSION           := simple
<<<<
bbl loader
! 51, ise, 64, 0, 0, 8, 408, 10, 10, 1006, 1012, 1006
  result is correct!
! 51, ise, 64, 0, 0, 12, 612, 10, 10, 2019, 2334, 2051
  result is correct!
! 51, ise, 64, 0, 0, 16, 816, 10, 10, 3383, 3700, 3415
  result is correct!
! 51, ise, 64, 0, 0, 20, 1020, 10, 10, 5099, 5417, 5163
  result is correct!
! 51, ise, 64, 0, 0, 24, 1224, 10, 10, 7167, 7487, 7232
  result is correct!
! 51, ise, 64, 0, 0, 28, 1428, 10, 10, 9587, 9907, 9685
  result is correct!
! 51, ise, 64, 0, 0, 32, 1632, 10, 10, 12359, 12679, 12489
  result is correct!
! 51, ise, 64, 0, 0, 36, 1836, 10, 10, 15488, 15802, 15646
  result is correct!
! 51, ise, 64, 0, 0, 40, 2040, 10, 10, 18964, 19279, 19154
  result is correct!
! 51, ise, 64, 0, 0, 44, 2244, 10, 10, 22806, 23114, 23045
  result is correct!
! 51, ise, 64, 0, 0, 48, 2448, 10, 10, 26986, 27297, 27258
  result is correct!
! 51, ise, 64, 0, 0, 52, 2652, 10, 10, 31819, 32111, 31850
  result is correct!
! 51, ise, 64, 0, 0, 56, 2856, 10, 10, 36703, 36997, 36767
  result is correct!
! 51, ise, 64, 0, 0, 60, 3060, 10, 10, 41942, 42249, 42065
  result is correct!
! 51, ise, 64, 0, 0, 64, 3264, 10, 10, 47531, 47835, 47713
  result is correct!
! 51, ise, 64, 0, 0, 68, 3468, 10, 10, 53467, 53776, 53712
  result is correct!
! 51, ise, 64, 0, 0, 72, 3672, 10, 10, 60061, 60073, 60066
  result is correct!
