>>>>
====
REPO_HOME         := auto-generated-text
RISCV             := auto-generated-text
MPISE_DESTRUCTIVE := 0
MPISE_STATELESS   := 0
----
ARCH              := rv64
TYPE              := isa
RADIX             := 50
PLATFORM          := cva6-verilator
VERSION           := hybrid
<<<<
bbl loader
! 50, isa, 64, 0, 0, 8, 400, 10, 10, 809, 814, 809
  result is correct!
! 50, isa, 64, 0, 0, 12, 600, 10, 10, 1596, 2009, 1657
  result is correct!
! 50, isa, 64, 0, 0, 16, 800, 10, 10, 2640, 3099, 2701
  result is correct!
! 50, isa, 64, 0, 0, 20, 1000, 10, 10, 3914, 4368, 3975
  result is correct!
! 50, isa, 64, 0, 0, 24, 1200, 10, 10, 5447, 6021, 5569
  result is correct!
! 50, isa, 64, 0, 0, 28, 1400, 10, 10, 7234, 7807, 7356
  result is correct!
! 50, isa, 64, 0, 0, 32, 1600, 10, 10, 9275, 9728, 9462
  result is correct!
! 50, isa, 64, 0, 0, 36, 1800, 10, 10, 11570, 12150, 11815
  result is correct!
! 50, isa, 64, 0, 0, 40, 2000, 10, 10, 14158, 14698, 14426
  result is correct!
! 50, isa, 64, 0, 0, 44, 2200, 10, 10, 16958, 17499, 17285
  result is correct!
! 50, isa, 64, 0, 0, 48, 2400, 10, 10, 20137, 20559, 20403
  result is correct!
! 50, isa, 64, 0, 0, 52, 2600, 10, 10, 23448, 23903, 23779
  result is correct!
! 50, isa, 64, 0, 0, 56, 2800, 10, 10, 27013, 27472, 27405
  result is correct!
! 50, isa, 64, 0, 0, 60, 3000, 10, 10, 31278, 31410, 31298
  result is correct!
! 50, isa, 64, 0, 0, 64, 3200, 10, 10, 35358, 35762, 35463
  result is correct!
! 50, isa, 64, 0, 0, 68, 3400, 10, 10, 39686, 40084, 39842
  result is correct!
! 50, isa, 64, 0, 0, 72, 3600, 10, 10, 44348, 44669, 44521
  result is correct!
