>>>>
====
REPO_HOME         := auto-generated-text
RISCV             := auto-generated-text
MPISE_DESTRUCTIVE := 0
MPISE_STATELESS   := 0
----
ARCH              := rv64
TYPE              := ise
RADIX             := 58
PLATFORM          := cva6-verilator
VERSION           := simple
<<<<
bbl loader
! 58, ise, 64, 0, 0, 8, 464, 10, 10, 1006, 1010, 1006
  result is correct!
! 58, ise, 64, 0, 0, 12, 696, 10, 10, 2018, 2339, 2051
  result is correct!
! 58, ise, 64, 0, 0, 16, 928, 10, 10, 3382, 3701, 3414
  result is correct!
! 58, ise, 64, 0, 0, 20, 1160, 10, 10, 5098, 5419, 5163
  result is correct!
! 58, ise, 64, 0, 0, 24, 1392, 10, 10, 7166, 7487, 7231
  result is correct!
! 58, ise, 64, 0, 0, 28, 1624, 10, 10, 9586, 9905, 9683
  result is correct!
! 58, ise, 64, 0, 0, 32, 1856, 10, 10, 12358, 12677, 12488
  result is correct!
! 58, ise, 64, 0, 0, 36, 2088, 10, 10, 15486, 15801, 15645
  result is correct!
! 58, ise, 64, 0, 0, 40, 2320, 10, 10, 18962, 19279, 19153
  result is correct!
! 58, ise, 64, 0, 0, 44, 2552, 10, 10, 22804, 23114, 23044
  result is correct!
! 58, ise, 64, 0, 0, 48, 2784, 10, 10, 26984, 27294, 27256
  result is correct!
! 58, ise, 64, 0, 0, 52, 3016, 10, 10, 31818, 32112, 31850
  result is correct!
! 58, ise, 64, 0, 0, 56, 3248, 10, 10, 36705, 36998, 36766
  result is correct!
! 58, ise, 64, 0, 0, 60, 3480, 10, 10, 41938, 42246, 42063
  result is correct!
! 58, ise, 64, 0, 0, 64, 3712, 10, 10, 47528, 47835, 47710
  result is correct!
