>>>>
====
REPO_HOME         := auto-generated-text
RISCV             := auto-generated-text
MPISE_DESTRUCTIVE := 0
MPISE_STATELESS   := 0
----
ARCH              := rv64
TYPE              := ise
RADIX             := 52
PLATFORM          := cva6-verilator
VERSION           := simple
<<<<
bbl loader
! 52, ise, 64, 0, 0, 8, 416, 10, 10, 1006, 1012, 1006
  result is correct!
! 52, ise, 64, 0, 0, 12, 624, 10, 10, 2019, 2334, 2051
  result is correct!
! 52, ise, 64, 0, 0, 16, 832, 10, 10, 3383, 3700, 3415
  result is correct!
! 52, ise, 64, 0, 0, 20, 1040, 10, 10, 5099, 5417, 5163
  result is correct!
! 52, ise, 64, 0, 0, 24, 1248, 10, 10, 7167, 7486, 7232
  result is correct!
! 52, ise, 64, 0, 0, 28, 1456, 10, 10, 9587, 9907, 9685
  result is correct!
! 52, ise, 64, 0, 0, 32, 1664, 10, 10, 12359, 12679, 12489
  result is correct!
! 52, ise, 64, 0, 0, 36, 1872, 10, 10, 15488, 15802, 15646
  result is correct!
! 52, ise, 64, 0, 0, 40, 2080, 10, 10, 18964, 19279, 19154
  result is correct!
! 52, ise, 64, 0, 0, 44, 2288, 10, 10, 22806, 23114, 23045
  result is correct!
! 52, ise, 64, 0, 0, 48, 2496, 10, 10, 26986, 27297, 27258
  result is correct!
! 52, ise, 64, 0, 0, 52, 2704, 10, 10, 31819, 32111, 31850
  result is correct!
! 52, ise, 64, 0, 0, 56, 2912, 10, 10, 36703, 36997, 36767
  result is correct!
! 52, ise, 64, 0, 0, 60, 3120, 10, 10, 41942, 42249, 42065
  result is correct!
! 52, ise, 64, 0, 0, 64, 3328, 10, 10, 47531, 47835, 47713
  result is correct!
! 52, ise, 64, 0, 0, 68, 3536, 10, 10, 53467, 53776, 53712
  result is correct!
! 52, ise, 64, 0, 0, 72, 3744, 10, 10, 60061, 60073, 60066
  result is correct!
