>>>>
====
REPO_HOME         := auto-generated-text
RISCV             := auto-generated-text
MPISE_DESTRUCTIVE := 0
MPISE_STATELESS   := 0
----
ARCH              := rv64
TYPE              := isa
RADIX             := 64
PLATFORM          := cva6-verilator
VERSION           := hybrid
<<<<
bbl loader
! 64, isa, 64, 0, 0, 8, 512, 10, 10, 746, 748, 746
  result is correct!
! 64, isa, 64, 0, 0, 12, 768, 10, 10, 1591, 2095, 1643
  result is correct!
! 64, isa, 64, 0, 0, 16, 1024, 10, 10, 2749, 3259, 2803
  result is correct!
! 64, isa, 64, 0, 0, 20, 1280, 10, 10, 4202, 4602, 4256
  result is correct!
! 64, isa, 64, 0, 0, 24, 1536, 10, 10, 5967, 6368, 6075
  result is correct!
! 64, isa, 64, 0, 0, 28, 1792, 10, 10, 8044, 8556, 8205
  result is correct!
! 64, isa, 64, 0, 0, 32, 2048, 10, 10, 10433, 10944, 10634
  result is correct!
! 64, isa, 64, 0, 0, 36, 2304, 10, 10, 13134, 13646, 13349
  result is correct!
! 64, isa, 64, 0, 0, 40, 2560, 10, 10, 16170, 16661, 16418
  result is correct!
! 64, isa, 64, 0, 0, 44, 2816, 10, 10, 19611, 19985, 19837
  result is correct!
! 64, isa, 64, 0, 0, 48, 3072, 10, 10, 23248, 23644, 23535
  result is correct!
! 64, isa, 64, 0, 0, 52, 3328, 10, 10, 27197, 27602, 27542
  result is correct!
! 64, isa, 64, 0, 0, 56, 3584, 10, 10, 31853, 32236, 31894
  result is correct!
! 64, isa, 64, 0, 0, 60, 3840, 10, 10, 36426, 36807, 36529
  result is correct!
! 64, isa, 64, 0, 0, 64, 4096, 10, 10, 41317, 41801, 41511
  result is correct!
