====
REPO_HOME         := /home/gk24545/Documents/software/Github/mpise-releases/v22052025
RISCV             := /home/gk24545/Documents/software/Github/mpise-releases/v22052025/build/riscv-spike
MPISE_DESTRUCTIVE := 0
MPISE_STATELESS   := 1
----
ARCH              := rv64
TYPE              := isa
RADIX             := 58
PLATFORM          := spike
VERSION           := simple
<<<<
bbl loader
! 58, isa, 64, 0, 1, 8, 464, 971, 971, 971
  result is correct!
! 58, isa, 64, 0, 1, 12, 696, 2027, 2027, 2027
  result is correct!
! 58, isa, 64, 0, 1, 16, 928, 3467, 3467, 3467
  result is correct!
! 58, isa, 64, 0, 1, 20, 1160, 5291, 5291, 5291
  result is correct!
! 58, isa, 64, 0, 1, 24, 1392, 7499, 7499, 7499
  result is correct!
! 58, isa, 64, 0, 1, 28, 1624, 10091, 10091, 10091
  result is correct!
! 58, isa, 64, 0, 1, 32, 1856, 13067, 13067, 13067
  result is correct!
! 58, isa, 64, 0, 1, 36, 2088, 16427, 16427, 16427
  result is correct!
! 58, isa, 64, 0, 1, 40, 2320, 20171, 20171, 20171
  result is correct!
! 58, isa, 64, 0, 1, 44, 2552, 24299, 24299, 24299
  result is correct!
! 58, isa, 64, 0, 1, 48, 2784, 28811, 28811, 28811
  result is correct!
! 58, isa, 64, 0, 1, 52, 3016, 33707, 33707, 33707
  result is correct!
! 58, isa, 64, 0, 1, 56, 3248, 38987, 38987, 38987
  result is correct!
! 58, isa, 64, 0, 1, 60, 3480, 44651, 44651, 44651
  result is correct!
! 58, isa, 64, 0, 1, 64, 3712, 50699, 50699, 50699
  result is correct!
! 58, isa, 64, 0, 1, 68, 3944, 57131, 57131, 57131
  result is correct!
! 58, isa, 64, 0, 1, 72, 4176, 63947, 63947, 63947
  result is correct!
>>>>
