====
REPO_HOME         := /home/gk24545/Documents/software/Github/mpise-releases/v22052025
RISCV             := /home/gk24545/Documents/software/Github/mpise-releases/v22052025/build/riscv-spike
MPISE_DESTRUCTIVE := 0
MPISE_STATELESS   := 1
----
ARCH              := rv64
TYPE              := isa
RADIX             := 56
PLATFORM          := spike
VERSION           := hybrid
<<<<
bbl loader
! 56, isa, 64, 0, 1, 8, 448, 722, 722, 722
  result is correct!
! 56, isa, 64, 0, 1, 12, 672, 1388, 1388, 1388
  result is correct!
! 56, isa, 64, 0, 1, 16, 896, 2270, 2270, 2270
  result is correct!
! 56, isa, 64, 0, 1, 20, 1120, 3368, 3368, 3368
  result is correct!
! 56, isa, 64, 0, 1, 24, 1344, 4682, 4682, 4682
  result is correct!
! 56, isa, 64, 0, 1, 28, 1568, 6212, 6212, 6212
  result is correct!
! 56, isa, 64, 0, 1, 32, 1792, 7958, 7958, 7958
  result is correct!
! 56, isa, 64, 0, 1, 36, 2016, 9920, 9920, 9920
  result is correct!
! 56, isa, 64, 0, 1, 40, 2240, 12098, 12098, 12098
  result is correct!
! 56, isa, 64, 0, 1, 44, 2464, 14492, 14492, 14492
  result is correct!
! 56, isa, 64, 0, 1, 48, 2688, 17102, 17102, 17102
  result is correct!
! 56, isa, 64, 0, 1, 52, 2912, 19928, 19928, 19928
  result is correct!
! 56, isa, 64, 0, 1, 56, 3136, 22970, 22970, 22970
  result is correct!
! 56, isa, 64, 0, 1, 60, 3360, 26228, 26228, 26228
  result is correct!
! 56, isa, 64, 0, 1, 64, 3584, 29702, 29702, 29702
  result is correct!
! 56, isa, 64, 0, 1, 68, 3808, 33392, 33392, 33392
  result is correct!
! 56, isa, 64, 0, 1, 72, 4032, 37298, 37298, 37298
  result is correct!
>>>>
