====
REPO_HOME         := /home/gk24545/Documents/software/Github/mpise-releases/v22052025
RISCV             := /home/gk24545/Documents/software/Github/mpise-releases/v22052025/build/riscv-spike
MPISE_DESTRUCTIVE := 0
MPISE_STATELESS   := 1
----
ARCH              := rv64
TYPE              := ise
RADIX             := 64
PLATFORM          := spike
VERSION           := hybrid
<<<<
bbl loader
! 64, ise, 64, 0, 1, 8, 512, 410, 410, 410
  result is correct!
! 64, ise, 64, 0, 1, 12, 768, 828, 828, 828
  result is correct!
! 64, ise, 64, 0, 1, 16, 1024, 1398, 1398, 1398
  result is correct!
! 64, ise, 64, 0, 1, 20, 1280, 2120, 2120, 2120
  result is correct!
! 64, ise, 64, 0, 1, 24, 1536, 2994, 2994, 2994
  result is correct!
! 64, ise, 64, 0, 1, 28, 1792, 4020, 4020, 4020
  result is correct!
! 64, ise, 64, 0, 1, 32, 2048, 5198, 5198, 5198
  result is correct!
! 64, ise, 64, 0, 1, 36, 2304, 6528, 6528, 6528
  result is correct!
! 64, ise, 64, 0, 1, 40, 2560, 8010, 8010, 8010
  result is correct!
! 64, ise, 64, 0, 1, 44, 2816, 9644, 9644, 9644
  result is correct!
! 64, ise, 64, 0, 1, 48, 3072, 11430, 11430, 11430
  result is correct!
! 64, ise, 64, 0, 1, 52, 3328, 13368, 13368, 13368
  result is correct!
! 64, ise, 64, 0, 1, 56, 3584, 15458, 15458, 15458
  result is correct!
! 64, ise, 64, 0, 1, 60, 3840, 17700, 17700, 17700
  result is correct!
! 64, ise, 64, 0, 1, 64, 4096, 20094, 20094, 20094
  result is correct!
>>>>
