====
REPO_HOME         := /home/gk24545/Documents/software/Github/mpise-releases/v22052025
RISCV             := /home/gk24545/Documents/software/Github/mpise-releases/v22052025/build/riscv-spike
MPISE_DESTRUCTIVE := 0
MPISE_STATELESS   := 1
----
ARCH              := rv64
TYPE              := isa
RADIX             := 55
PLATFORM          := spike
VERSION           := hybrid
<<<<
bbl loader
! 55, isa, 64, 0, 1, 8, 440, 722, 722, 722
  result is correct!
! 55, isa, 64, 0, 1, 12, 660, 1388, 1388, 1388
  result is correct!
! 55, isa, 64, 0, 1, 16, 880, 2270, 2270, 2270
  result is correct!
! 55, isa, 64, 0, 1, 20, 1100, 3368, 3368, 3368
  result is correct!
! 55, isa, 64, 0, 1, 24, 1320, 4682, 4682, 4682
  result is correct!
! 55, isa, 64, 0, 1, 28, 1540, 6212, 6212, 6212
  result is correct!
! 55, isa, 64, 0, 1, 32, 1760, 7958, 7958, 7958
  result is correct!
! 55, isa, 64, 0, 1, 36, 1980, 9920, 9920, 9920
  result is correct!
! 55, isa, 64, 0, 1, 40, 2200, 12098, 12098, 12098
  result is correct!
! 55, isa, 64, 0, 1, 44, 2420, 14492, 14492, 14492
  result is correct!
! 55, isa, 64, 0, 1, 48, 2640, 17102, 17102, 17102
  result is correct!
! 55, isa, 64, 0, 1, 52, 2860, 19928, 19928, 19928
  result is correct!
! 55, isa, 64, 0, 1, 56, 3080, 22970, 22970, 22970
  result is correct!
! 55, isa, 64, 0, 1, 60, 3300, 26228, 26228, 26228
  result is correct!
! 55, isa, 64, 0, 1, 64, 3520, 29702, 29702, 29702
  result is correct!
! 55, isa, 64, 0, 1, 68, 3740, 33392, 33392, 33392
  result is correct!
! 55, isa, 64, 0, 1, 72, 3960, 37298, 37298, 37298
  result is correct!
>>>>
