====
REPO_HOME         := /home/gk24545/Documents/software/Github/mpise-releases/v22052025
RISCV             := /home/gk24545/Documents/software/Github/mpise-releases/v22052025/build/riscv-spike
MPISE_DESTRUCTIVE := 0
MPISE_STATELESS   := 1
----
ARCH              := rv64
TYPE              := isa
RADIX             := 62
PLATFORM          := spike
VERSION           := simple
<<<<
bbl loader
! 62, isa, 64, 0, 1, 8, 496, 971, 971, 971
  result is correct!
! 62, isa, 64, 0, 1, 12, 744, 2027, 2027, 2027
  result is correct!
! 62, isa, 64, 0, 1, 16, 992, 3467, 3467, 3467
  result is correct!
>>>>
