====
REPO_HOME         := /home/gk24545/Documents/software/Github/mpise-releases/v22052025
RISCV             := /home/gk24545/Documents/software/Github/mpise-releases/v22052025/build/riscv-spike
MPISE_DESTRUCTIVE := 0
MPISE_STATELESS   := 1
----
ARCH              := rv64
TYPE              := isa
RADIX             := 54
PLATFORM          := spike
VERSION           := hybrid
<<<<
bbl loader
! 54, isa, 64, 0, 1, 8, 432, 722, 722, 722
  result is correct!
! 54, isa, 64, 0, 1, 12, 648, 1388, 1388, 1388
  result is correct!
! 54, isa, 64, 0, 1, 16, 864, 2270, 2270, 2270
  result is correct!
! 54, isa, 64, 0, 1, 20, 1080, 3368, 3368, 3368
  result is correct!
! 54, isa, 64, 0, 1, 24, 1296, 4682, 4682, 4682
  result is correct!
! 54, isa, 64, 0, 1, 28, 1512, 6212, 6212, 6212
  result is correct!
! 54, isa, 64, 0, 1, 32, 1728, 7958, 7958, 7958
  result is correct!
! 54, isa, 64, 0, 1, 36, 1944, 9920, 9920, 9920
  result is correct!
! 54, isa, 64, 0, 1, 40, 2160, 12098, 12098, 12098
  result is correct!
! 54, isa, 64, 0, 1, 44, 2376, 14492, 14492, 14492
  result is correct!
! 54, isa, 64, 0, 1, 48, 2592, 17102, 17102, 17102
  result is correct!
! 54, isa, 64, 0, 1, 52, 2808, 19928, 19928, 19928
  result is correct!
! 54, isa, 64, 0, 1, 56, 3024, 22970, 22970, 22970
  result is correct!
! 54, isa, 64, 0, 1, 60, 3240, 26228, 26228, 26228
  result is correct!
! 54, isa, 64, 0, 1, 64, 3456, 29702, 29702, 29702
  result is correct!
! 54, isa, 64, 0, 1, 68, 3672, 33392, 33392, 33392
  result is correct!
! 54, isa, 64, 0, 1, 72, 3888, 37298, 37298, 37298
  result is correct!
>>>>
