>>>>
====
REPO_HOME         := auto-generated-text
RISCV             := auto-generated-text
MPISE_DESTRUCTIVE := 1
MPISE_STATELESS   := 0
----
ARCH              := rv32
TYPE              := isa
RADIX             := 27
PLATFORM          := cva6-fpga
VERSION           := hybrid
<<<<
bbl loader
! 27, isa, 32, 1, 0, 8, 216, 10, 9, 828, 828, 828
  result is correct!
! 27, isa, 32, 1, 0, 12, 324, 10, 8, 1619, 1625, 1619
  result is correct!
! 27, isa, 32, 1, 0, 16, 432, 10, 8, 2662, 2662, 2662
  result is correct!
! 27, isa, 32, 1, 0, 20, 540, 10, 8, 3937, 3943, 3937
  result is correct!
! 27, isa, 32, 1, 0, 24, 648, 10, 6, 5470, 5470, 5470
  result is correct!
! 27, isa, 32, 1, 0, 28, 756, 10, 6, 7257, 7263, 7258
  result is correct!
! 27, isa, 32, 1, 0, 32, 864, 10, 4, 9298, 9325, 9304
  result is correct!
! 27, isa, 32, 1, 0, 36, 972, 10, 2, 11593, 11593, 11593
  result is correct!
! 27, isa, 32, 1, 0, 40, 1080, 10, 3, 14164, 14169, 14165
  result is correct!
! 27, isa, 32, 1, 0, 44, 1188, 10, 2, 16967, 16967, 16967
  result is correct!
! 27, isa, 32, 1, 0, 48, 1296, 10, 3, 20130, 20130, 20130
  result is correct!
! 27, isa, 32, 1, 0, 52, 1404, 10, 2, 23768, 23768, 23768
  result is correct!
! 27, isa, 32, 1, 0, 56, 1512, 10, 3, 27430, 27443, 27437
  result is correct!
! 27, isa, 32, 1, 0, 60, 1620, 10, 1, 31267, 31267, 31267
  result is correct!
! 27, isa, 32, 1, 0, 64, 1728, 10, 6, 35330, 35346, 35335
  result is correct!
! 27, isa, 32, 1, 0, 68, 1836, 10, 3, 39657, 39659, 39658
  result is correct!
! 27, isa, 32, 1, 0, 72, 1944, 10, 5, 44239, 44357, 44330
  result is correct!
