>>>>
====
REPO_HOME         := auto-generated-text
RISCV             := auto-generated-text
MPISE_DESTRUCTIVE := 1
MPISE_STATELESS   := 0
----
ARCH              := rv32
TYPE              := ise
RADIX             := 27
PLATFORM          := cva6-fpga
VERSION           := simple
<<<<
bbl loader
! 27, ise, 32, 1, 0, 8, 216, 10, 9, 1020, 1020, 1020
  result is correct!
! 27, ise, 32, 1, 0, 12, 324, 10, 8, 2036, 2041, 2036
  result is correct!
! 27, ise, 32, 1, 0, 16, 432, 10, 8, 3404, 3409, 3404
  result is correct!
! 27, ise, 32, 1, 0, 20, 540, 10, 7, 5124, 5129, 5125
  result is correct!
! 27, ise, 32, 1, 0, 24, 648, 10, 5, 7196, 7196, 7196
  result is correct!
! 27, ise, 32, 1, 0, 28, 756, 10, 7, 9620, 9640, 9625
  result is correct!
! 27, ise, 32, 1, 0, 32, 864, 10, 6, 12396, 12428, 12407
  result is correct!
