>>>>
====
REPO_HOME         := auto-generated-text
RISCV             := auto-generated-text
MPISE_DESTRUCTIVE := 1
MPISE_STATELESS   := 0
----
ARCH              := rv32
TYPE              := ise
RADIX             := 32
PLATFORM          := cva6-fpga
VERSION           := simple
<<<<
bbl loader
! 32, ise, 32, 1, 0, 8, 256, 10, 7, 1129, 1129, 1129
  result is correct!
! 32, ise, 32, 1, 0, 12, 384, 10, 8, 2297, 2301, 2297
  result is correct!
! 32, ise, 32, 1, 0, 16, 512, 10, 8, 3881, 3883, 3881
  result is correct!
! 32, ise, 32, 1, 0, 20, 640, 10, 6, 5881, 5881, 5881
  result is correct!
! 32, ise, 32, 1, 0, 24, 768, 10, 7, 8297, 8314, 8302
  result is correct!
! 32, ise, 32, 1, 0, 28, 896, 10, 6, 11129, 11146, 11137
  result is correct!
! 32, ise, 32, 1, 0, 32, 1024, 10, 5, 14379, 14379, 14379
  result is correct!
! 32, ise, 32, 1, 0, 36, 1152, 10, 4, 18043, 18063, 18051
  result is correct!
! 32, ise, 32, 1, 0, 40, 1280, 10, 3, 22138, 22138, 22138
  result is correct!
! 32, ise, 32, 1, 0, 44, 1408, 10, 3, 26930, 26931, 26930
  result is correct!
! 32, ise, 32, 1, 0, 48, 1536, 10, 6, 31844, 31845, 31844
  result is correct!
! 32, ise, 32, 1, 0, 52, 1664, 10, 5, 37172, 37174, 37172
  result is correct!
! 32, ise, 32, 1, 0, 56, 1792, 10, 6, 42917, 42936, 42926
  result is correct!
! 32, ise, 32, 1, 0, 60, 1920, 10, 2, 49075, 49075, 49075
  result is correct!
! 32, ise, 32, 1, 0, 64, 2048, 10, 2, 55949, 55951, 55950
  result is correct!
