>>>>
====
REPO_HOME         := auto-generated-text
RISCV             := auto-generated-text
MPISE_DESTRUCTIVE := 1
MPISE_STATELESS   := 0
----
ARCH              := rv32
TYPE              := ise
RADIX             := 27
PLATFORM          := cva6-fpga
VERSION           := hybrid
<<<<
bbl loader
! 27, ise, 32, 1, 0, 8, 216, 10, 9, 466, 466, 466
  result is correct!
! 27, ise, 32, 1, 0, 12, 324, 10, 9, 836, 836, 836
  result is correct!
! 27, ise, 32, 1, 0, 16, 432, 10, 9, 1299, 1299, 1299
  result is correct!
! 27, ise, 32, 1, 0, 20, 540, 10, 8, 1838, 1850, 1839
  result is correct!
! 27, ise, 32, 1, 0, 24, 648, 10, 8, 2477, 2489, 2478
  result is correct!
! 27, ise, 32, 1, 0, 28, 756, 10, 8, 3212, 3212, 3212
  result is correct!
! 27, ise, 32, 1, 0, 32, 864, 10, 8, 4043, 4055, 4044
  result is correct!
