>>>>
====
REPO_HOME         := auto-generated-text
RISCV             := auto-generated-text
MPISE_DESTRUCTIVE := 1
MPISE_STATELESS   := 0
----
ARCH              := rv32
TYPE              := ise
RADIX             := 28
PLATFORM          := cva6-fpga
VERSION           := simple
<<<<
bbl loader
! 28, ise, 32, 1, 0, 8, 224, 10, 9, 1020, 1020, 1020
  result is correct!
! 28, ise, 32, 1, 0, 12, 336, 10, 8, 2036, 2038, 2036
  result is correct!
! 28, ise, 32, 1, 0, 16, 448, 10, 8, 3404, 3406, 3404
  result is correct!
