>>>>
====
REPO_HOME         := auto-generated-text
RISCV             := auto-generated-text
MPISE_DESTRUCTIVE := 1
MPISE_STATELESS   := 0
----
ARCH              := rv32
TYPE              := ise
RADIX             := 32
PLATFORM          := cva6-fpga
VERSION           := hybrid
<<<<
bbl loader
! 32, ise, 32, 1, 0, 8, 256, 10, 9, 568, 568, 568
  result is correct!
! 32, ise, 32, 1, 0, 12, 384, 10, 9, 1172, 1172, 1172
  result is correct!
! 32, ise, 32, 1, 0, 16, 512, 10, 8, 2002, 2008, 2002
  result is correct!
! 32, ise, 32, 1, 0, 20, 640, 10, 8, 3020, 3020, 3020
  result is correct!
! 32, ise, 32, 1, 0, 24, 768, 10, 8, 4258, 4264, 4258
  result is correct!
! 32, ise, 32, 1, 0, 28, 896, 10, 8, 5712, 5727, 5715
  result is correct!
! 32, ise, 32, 1, 0, 32, 1024, 10, 5, 7382, 7388, 7383
  result is correct!
! 32, ise, 32, 1, 0, 36, 1152, 10, 7, 9268, 9424, 9317
  result is correct!
! 32, ise, 32, 1, 0, 40, 1280, 10, 6, 11370, 11454, 11392
  result is correct!
! 32, ise, 32, 1, 0, 44, 1408, 10, 3, 13692, 13707, 13702
  result is correct!
! 32, ise, 32, 1, 0, 48, 1536, 10, 2, 16241, 16241, 16241
  result is correct!
! 32, ise, 32, 1, 0, 52, 1664, 10, 4, 18991, 19056, 19039
  result is correct!
! 32, ise, 32, 1, 0, 56, 1792, 10, 3, 22022, 22022, 22022
  result is correct!
! 32, ise, 32, 1, 0, 60, 1920, 10, 2, 25501, 25506, 25503
  result is correct!
! 32, ise, 32, 1, 0, 64, 2048, 10, 3, 28963, 28964, 28963
  result is correct!
