>>>>
====
REPO_HOME         := auto-generated-text
RISCV             := auto-generated-text
MPISE_DESTRUCTIVE := 1
MPISE_STATELESS   := 0
----
ARCH              := rv32
TYPE              := isa
RADIX             := 20
PLATFORM          := cva6-fpga
VERSION           := hybrid
<<<<
bbl loader
! 20, isa, 32, 1, 0, 8, 160, 10, 8, 826, 826, 826
  result is correct!
! 20, isa, 32, 1, 0, 12, 240, 10, 6, 1623, 1628, 1623
  result is correct!
! 20, isa, 32, 1, 0, 16, 320, 10, 4, 2651, 2656, 2654
  result is correct!
! 20, isa, 32, 1, 0, 20, 400, 10, 6, 3930, 3935, 3930
  result is correct!
! 20, isa, 32, 1, 0, 24, 480, 10, 6, 5463, 5473, 5466
  result is correct!
! 20, isa, 32, 1, 0, 28, 560, 10, 3, 7250, 7250, 7250
  result is correct!
! 20, isa, 32, 1, 0, 32, 640, 10, 4, 9291, 9328, 9301
  result is correct!
! 20, isa, 32, 1, 0, 36, 720, 10, 4, 11586, 11608, 11595
  result is correct!
! 20, isa, 32, 1, 0, 40, 800, 10, 3, 14152, 14157, 14155
  result is correct!
! 20, isa, 32, 1, 0, 44, 880, 10, 2, 16955, 16960, 16957
  result is correct!
! 20, isa, 32, 1, 0, 48, 960, 10, 3, 20118, 20128, 20121
  result is correct!
! 20, isa, 32, 1, 0, 52, 1040, 10, 2, 23752, 23753, 23752
  result is correct!
! 20, isa, 32, 1, 0, 56, 1120, 10, 2, 27421, 27422, 27421
  result is correct!
! 20, isa, 32, 1, 0, 60, 1200, 10, 5, 31253, 31255, 31253
  result is correct!
! 20, isa, 32, 1, 0, 64, 1280, 10, 6, 35316, 35332, 35324
  result is correct!
! 20, isa, 32, 1, 0, 68, 1360, 10, 7, 39641, 39769, 39697
  result is correct!
! 20, isa, 32, 1, 0, 72, 1440, 10, 5, 44224, 44345, 44316
  result is correct!
