>>>>
====
REPO_HOME         := auto-generated-text
RISCV             := auto-generated-text
MPISE_DESTRUCTIVE := 1
MPISE_STATELESS   := 0
----
ARCH              := rv32
TYPE              := ise
RADIX             := 25
PLATFORM          := cva6-fpga
VERSION           := simple
<<<<
bbl loader
! 25, ise, 32, 1, 0, 8, 200, 10, 9, 1020, 1020, 1020
  result is correct!
! 25, ise, 32, 1, 0, 12, 300, 10, 8, 2036, 2038, 2036
  result is correct!
! 25, ise, 32, 1, 0, 16, 400, 10, 8, 3404, 3406, 3404
  result is correct!
! 25, ise, 32, 1, 0, 20, 500, 10, 7, 5124, 5126, 5124
  result is correct!
! 25, ise, 32, 1, 0, 24, 600, 10, 7, 7196, 7198, 7196
  result is correct!
! 25, ise, 32, 1, 0, 28, 700, 10, 7, 9620, 9635, 9623
  result is correct!
! 25, ise, 32, 1, 0, 32, 800, 10, 6, 12396, 12423, 12405
  result is correct!
! 25, ise, 32, 1, 0, 36, 900, 10, 5, 15526, 15544, 15529
  result is correct!
! 25, ise, 32, 1, 0, 40, 1000, 10, 4, 19006, 19018, 19015
  result is correct!
! 25, ise, 32, 1, 0, 44, 1100, 10, 2, 23141, 23141, 23141
  result is correct!
! 25, ise, 32, 1, 0, 48, 1200, 10, 1, 27335, 27335, 27335
  result is correct!
! 25, ise, 32, 1, 0, 52, 1300, 10, 3, 31871, 31873, 31872
  result is correct!
! 25, ise, 32, 1, 0, 56, 1400, 10, 3, 36759, 36761, 36760
  result is correct!
! 25, ise, 32, 1, 0, 60, 1500, 10, 6, 42001, 42017, 42011
  result is correct!
! 25, ise, 32, 1, 0, 64, 1600, 10, 4, 47591, 47608, 47598
  result is correct!
! 25, ise, 32, 1, 0, 68, 1700, 10, 1, 53829, 53829, 53829
  result is correct!
! 25, ise, 32, 1, 0, 72, 1800, 10, 5, 60134, 60135, 60134
  result is correct!
