>>>>
====
REPO_HOME         := auto-generated-text
RISCV             := auto-generated-text
MPISE_DESTRUCTIVE := 1
MPISE_STATELESS   := 1
----
ARCH              := rv32
TYPE              := ise
RADIX             := 32
PLATFORM          := cva6-fpga
VERSION           := simple
<<<<
bbl loader
! 32, ise, 32, 1, 1, 8, 256, 10, 9, 568, 568, 568
  result is correct!
! 32, ise, 32, 1, 1, 12, 384, 10, 8, 1184, 1184, 1184
  result is correct!
! 32, ise, 32, 1, 1, 16, 512, 10, 4, 1993, 1993, 1993
  result is correct!
! 32, ise, 32, 1, 1, 20, 640, 10, 8, 3015, 3025, 3016
  result is correct!
! 32, ise, 32, 1, 1, 24, 768, 10, 7, 4253, 4263, 4254
  result is correct!
! 32, ise, 32, 1, 1, 28, 896, 10, 6, 5707, 5707, 5707
  result is correct!
! 32, ise, 32, 1, 1, 32, 1024, 10, 5, 7377, 7398, 7381
  result is correct!
! 32, ise, 32, 1, 1, 36, 1152, 10, 7, 9263, 9428, 9319
  result is correct!
! 32, ise, 32, 1, 1, 40, 1280, 10, 6, 11365, 11449, 11388
  result is correct!
! 32, ise, 32, 1, 1, 44, 1408, 10, 5, 13687, 13777, 13731
  result is correct!
! 32, ise, 32, 1, 1, 48, 1536, 10, 4, 16246, 16311, 16276
  result is correct!
! 32, ise, 32, 1, 1, 52, 1664, 10, 4, 18986, 19061, 19037
  result is correct!
! 32, ise, 32, 1, 1, 56, 1792, 10, 3, 22017, 22027, 22020
  result is correct!
! 32, ise, 32, 1, 1, 60, 1920, 10, 2, 25503, 25513, 25508
  result is correct!
! 32, ise, 32, 1, 1, 64, 2048, 10, 3, 28955, 28956, 28955
  result is correct!
