>>>>
====
REPO_HOME         := auto-generated-text
RISCV             := auto-generated-text
MPISE_DESTRUCTIVE := 1
MPISE_STATELESS   := 1
----
ARCH              := rv32
TYPE              := isa
RADIX             := 32
PLATFORM          := cva6-fpga
VERSION           := simple
<<<<
bbl loader
! 32, isa, 32, 1, 1, 8, 256, 10, 9, 769, 769, 769
  result is correct!
! 32, isa, 32, 1, 1, 12, 384, 10, 8, 1610, 1626, 1612
  result is correct!
! 32, isa, 32, 1, 1, 16, 512, 10, 8, 2770, 2770, 2770
  result is correct!
! 32, isa, 32, 1, 1, 20, 640, 10, 8, 4215, 4231, 4217
  result is correct!
! 32, isa, 32, 1, 1, 24, 768, 10, 6, 5979, 5979, 5979
  result is correct!
! 32, isa, 32, 1, 1, 28, 896, 10, 7, 8055, 8165, 8074
  result is correct!
! 32, isa, 32, 1, 1, 32, 1024, 10, 6, 10443, 10553, 10468
  result is correct!
! 32, isa, 32, 1, 1, 36, 1152, 10, 4, 13143, 13159, 13153
  result is correct!
! 32, isa, 32, 1, 1, 40, 1280, 10, 2, 16167, 16167, 16167
  result is correct!
! 32, isa, 32, 1, 1, 44, 1408, 10, 3, 19589, 19589, 19589
  result is correct!
! 32, isa, 32, 1, 1, 48, 1536, 10, 3, 23512, 23534, 23519
  result is correct!
! 32, isa, 32, 1, 1, 52, 1664, 10, 3, 27552, 27558, 27555
  result is correct!
! 32, isa, 32, 1, 1, 56, 1792, 10, 4, 31815, 31817, 31815
  result is correct!
! 32, isa, 32, 1, 1, 60, 1920, 10, 6, 36387, 36403, 36394
  result is correct!
! 32, isa, 32, 1, 1, 64, 2048, 10, 2, 41271, 41272, 41271
  result is correct!
