>>>>
====
REPO_HOME         := auto-generated-text
RISCV             := auto-generated-text
MPISE_DESTRUCTIVE := 1
MPISE_STATELESS   := 1
----
ARCH              := rv32
TYPE              := isa
RADIX             := 26
PLATFORM          := cva6-fpga
VERSION           := hybrid
<<<<
bbl loader
! 26, isa, 32, 1, 1, 8, 208, 10, 9, 828, 828, 828
  result is correct!
! 26, isa, 32, 1, 1, 12, 312, 10, 8, 1619, 1625, 1619
  result is correct!
! 26, isa, 32, 1, 1, 16, 416, 10, 8, 2662, 2662, 2662
  result is correct!
! 26, isa, 32, 1, 1, 20, 520, 10, 8, 3937, 3943, 3937
  result is correct!
! 26, isa, 32, 1, 1, 24, 624, 10, 6, 5470, 5470, 5470
  result is correct!
! 26, isa, 32, 1, 1, 28, 728, 10, 6, 7257, 7263, 7258
  result is correct!
! 26, isa, 32, 1, 1, 32, 832, 10, 4, 9298, 9325, 9304
  result is correct!
! 26, isa, 32, 1, 1, 36, 936, 10, 2, 11593, 11593, 11593
  result is correct!
! 26, isa, 32, 1, 1, 40, 1040, 10, 3, 14164, 14169, 14165
  result is correct!
! 26, isa, 32, 1, 1, 44, 1144, 10, 2, 16967, 16967, 16967
  result is correct!
! 26, isa, 32, 1, 1, 48, 1248, 10, 3, 20130, 20130, 20130
  result is correct!
! 26, isa, 32, 1, 1, 52, 1352, 10, 2, 23769, 23770, 23769
  result is correct!
! 26, isa, 32, 1, 1, 56, 1456, 10, 3, 27430, 27443, 27437
  result is correct!
! 26, isa, 32, 1, 1, 60, 1560, 10, 1, 31267, 31267, 31267
  result is correct!
! 26, isa, 32, 1, 1, 64, 1664, 10, 6, 35330, 35346, 35335
  result is correct!
! 26, isa, 32, 1, 1, 68, 1768, 10, 3, 39657, 39659, 39658
  result is correct!
! 26, isa, 32, 1, 1, 72, 1872, 10, 5, 44239, 44357, 44330
  result is correct!
