>>>>
====
REPO_HOME         := auto-generated-text
RISCV             := auto-generated-text
MPISE_DESTRUCTIVE := 1
MPISE_STATELESS   := 1
----
ARCH              := rv32
TYPE              := ise
RADIX             := 22
PLATFORM          := cva6-fpga
VERSION           := simple
<<<<
bbl loader
! 22, ise, 32, 1, 1, 8, 176, 10, 9, 467, 467, 467
  result is correct!
! 22, ise, 32, 1, 1, 12, 264, 10, 9, 836, 836, 836
  result is correct!
! 22, ise, 32, 1, 1, 16, 352, 10, 9, 1299, 1299, 1299
  result is correct!
! 22, ise, 32, 1, 1, 20, 440, 10, 8, 1838, 1844, 1838
  result is correct!
! 22, ise, 32, 1, 1, 24, 528, 10, 8, 2477, 2483, 2477
  result is correct!
! 22, ise, 32, 1, 1, 28, 616, 10, 8, 3212, 3212, 3212
  result is correct!
! 22, ise, 32, 1, 1, 32, 704, 10, 8, 4043, 4049, 4043
  result is correct!
! 22, ise, 32, 1, 1, 36, 792, 10, 6, 4970, 4976, 4971
  result is correct!
! 22, ise, 32, 1, 1, 40, 880, 10, 6, 5993, 5993, 5993
  result is correct!
! 22, ise, 32, 1, 1, 44, 968, 10, 6, 7112, 7118, 7113
  result is correct!
! 22, ise, 32, 1, 1, 48, 1056, 10, 7, 8327, 8441, 8351
  result is correct!
! 22, ise, 32, 1, 1, 52, 1144, 10, 7, 9638, 9670, 9654
  result is correct!
! 22, ise, 32, 1, 1, 56, 1232, 10, 3, 11045, 11072, 11054
  result is correct!
! 22, ise, 32, 1, 1, 60, 1320, 10, 2, 12548, 12548, 12548
  result is correct!
! 22, ise, 32, 1, 1, 64, 1408, 10, 3, 14174, 14174, 14174
  result is correct!
! 22, ise, 32, 1, 1, 68, 1496, 10, 2, 15869, 15874, 15871
  result is correct!
! 22, ise, 32, 1, 1, 72, 1584, 10, 4, 17747, 17752, 17748
  result is correct!
