Usage (for mon_varbase_mul and test_scott): ./cva6_x25519_rv32_isa_full.elf <an_integer> <another_integer>
Setting num_iters = 1000 , num_warmup_iters = 100

=============================================================
test_nop - nop_routine
=============================================================

-------------------- Cycles --------------------

! @  45 13 13 13 13 13 13 13 13 13 13 13 13 13 13 13 13 13 13 13 13 13 13 13 13 13 13 13 13 13 13 13 13 13 13 13 13 13 13 13 13 13 13 13 13 13 13 13 13 13 13 13 13 13 13 13 13 13 13 13 13 13 13 13 13 13 13 13 13 13 13 13 13 13 13 13 13 13 13 13 13 13 13 13 13 13 13 13 13 13 13 13 13 13 13 13 13 13 13 13

---------------- Instructions ----------------

! @  25 25 25 25 25 25 25 25 25 25 25 25 25 25 25 25 25 25 25 25 25 25 25 25 25 25 25 25 25 25 25 25 25 25 25 25 25 25 25 25 25 25 25 25 25 25 25 25 25 25 25 25 25 25 25 25 25 25 25 25 25 25 25 25 25 25 25 25 25 25 25 25 25 25 25 25 25 25 25 25 25 25 25 25 25 25 25 25 25 25 25 25 25 25 25 25 25 25 25 25

----------------------------------------------

=============================================================
test_gfp_arith - gfp mul
=============================================================

-------------------- Cycles --------------------

! @  749 724 724 750 724 750 724 750 724 750 724 750 724 753 724 750 724 750 724 750 724 750 724 750 724 751 724 751 724 750 724 751 724 751 724 750 724 750 724 750 724 750 724 750 724 750 724 762 724 750 724 750 724 750 724 750 724 750 724 750 724 750 724 751 724 751 724 750 724 751 724 751 724 750 724 751 724 751 724 750 724 764 724 750 724 750 724 750 724 750 724 750 724 751 724 751 724 750 724 751

---------------- Instructions ----------------

! @  615 615 615 615 615 615 615 615 615 615 615 615 615 615 615 615 615 615 615 615 615 615 615 615 615 615 615 615 615 615 615 615 615 615 615 615 615 615 615 615 615 615 615 615 615 615 615 615 615 615 615 615 615 615 615 615 615 615 615 615 615 615 615 615 615 615 615 615 615 615 615 615 615 615 615 615 615 615 615 615 615 615 615 615 615 615 615 615 615 615 615 615 615 615 615 615 615 615 615 615

----------------------------------------------

=============================================================
test_gfp_arith - gfp sqr
=============================================================

-------------------- Cycles --------------------

! @  630 655 540 567 540 567 540 567 540 567 540 567 540 567 540 567 540 567 540 569 540 567 540 576 540 567 540 567 540 567 540 567 540 567 540 567 540 567 540 567 540 567 540 567 540 567 540 567 540 567 540 567 540 567 540 567 540 567 540 567 540 567 540 581 540 567 540 567 540 569 540 567 540 567 540 567 540 569 540 567 540 567 540 567 540 567 540 567 540 567 540 567 540 567 540 567 540 567 540 567

---------------- Instructions ----------------

! @  467 467 467 467 467 467 467 467 467 467 467 467 467 467 467 467 467 467 467 467 467 467 467 467 467 467 467 467 467 467 467 467 467 467 467 467 467 467 467 467 467 467 467 467 467 467 467 467 467 467 467 467 467 467 467 467 467 467 467 467 467 467 467 467 467 467 467 467 467 467 467 467 467 467 467 467 467 467 467 467 467 467 467 467 467 467 467 467 467 467 467 467 467 467 467 467 467 467 467 467

----------------------------------------------

=============================================================
test_gfp_arith - gfp inv
=============================================================

-------------------- Cycles --------------------

! @  209789 209097 209195 208479 209300 208965 209424 275598 209030 208275 208847 208299 208654 208813 208651 209106 209445 208823 208857 209167 209402 208251 275999 209387 208853 208575 208914 209355 208446 209131 209303 208335 208826 208309 209151 209889 208718 211121 208599 208773 209298 209091 208864 209561 209317 208791 208864 209832 209426 207928 208449 275699 209129 209097 208687 209053 208863 209264 209380 209065 208775 208728 208213 209269 208555 208832 275831 208605 209345 209335 208073 209116 208607 208212 208970 209264 208520 208939 209252 208694 273797 211123 208865 209428 208610 208834 209608 208885 208861 208262 208989 208489 209145 208407 208274 275539 209517 208497 209649 209078

---------------- Instructions ----------------

! @  130954 130954 130954 130954 130954 130954 130954 142356 130954 130954 130954 130954 130954 130954 130954 130954 130954 130954 130954 130954 130954 130954 142356 130954 130954 130954 130954 130954 130954 130954 130954 130954 130954 130954 130954 130954 130954 130954 130954 130954 130954 130954 130954 130954 130954 130954 130954 130954 130954 130954 130954 142356 130954 130954 130954 130954 130954 130954 130954 130954 130954 130954 130954 130954 130954 130954 142356 130954 130954 130954 130954 130954 130954 130954 130954 130954 130954 130954 130954 130954 142356 130954 130954 130954 130954 130954 130954 130954 130954 130954 130954 130954 130954 130954 130954 142356 130954 130954 130954 130954

----------------------------------------------

=============================================================
test_gfp_arith - gfp add
=============================================================

-------------------- Cycles --------------------

! @  176 101 101 101 101 101 101 101 101 101 101 101 101 101 101 101 101 101 101 101 101 101 101 101 101 101 101 101 101 101 101 101 101 101 101 101 101 101 101 101 101 101 101 101 101 101 101 101 101 101 101 101 101 101 101 101 101 101 101 101 101 101 101 101 101 101 101 101 101 101 101 101 101 101 101 101 101 101 101 101 101 101 101 101 101 101 101 101 101 101 101 101 101 101 101 101 101 101 101 101

---------------- Instructions ----------------

! @  98 98 98 98 98 98 98 98 98 98 98 98 98 98 98 98 98 98 98 98 98 98 98 98 98 98 98 98 98 98 98 98 98 98 98 98 98 98 98 98 98 98 98 98 98 98 98 98 98 98 98 98 98 98 98 98 98 98 98 98 98 98 98 98 98 98 98 98 98 98 98 98 98 98 98 98 98 98 98 98 98 98 98 98 98 98 98 98 98 98 98 98 98 98 98 98 98 98 98 98

----------------------------------------------

=============================================================
test_gfp_arith - gfp sub
=============================================================

-------------------- Cycles --------------------

! @  141 113 113 113 113 113 113 113 113 113 113 113 113 113 113 113 113 113 113 113 113 113 113 113 113 113 113 113 113 113 113 113 113 113 113 113 113 113 113 113 113 113 113 113 113 113 113 113 113 113 113 113 113 113 113 113 113 113 113 113 113 113 113 113 113 113 113 113 113 113 113 113 113 114 113 113 113 113 113 113 113 113 113 113 113 113 113 113 113 113 113 113 113 113 113 113 113 113 113 113

---------------- Instructions ----------------

! @  118 118 118 118 118 118 118 118 118 118 118 118 118 118 118 118 118 118 118 118 118 118 118 118 118 118 118 118 118 118 118 118 118 118 118 118 118 118 118 118 118 118 118 118 118 118 118 118 118 118 118 118 118 118 118 118 118 118 118 118 118 118 118 118 118 118 118 118 118 118 118 118 118 118 118 118 118 118 118 118 118 118 118 118 118 118 118 118 118 118 118 118 118 118 118 118 118 118 118 118

----------------------------------------------

=============================================================
test_gfp_arith - gfp mul32
=============================================================

-------------------- Cycles --------------------

! @  143 116 116 116 116 116 116 116 116 116 116 116 116 116 116 116 116 116 116 116 116 116 116 116 116 116 116 116 116 116 116 116 116 116 116 116 116 116 116 116 116 116 116 116 116 116 116 116 116 116 116 116 116 116 116 116 116 116 116 116 116 116 116 116 116 116 116 116 116 116 116 116 116 116 116 116 116 116 116 116 116 116 116 116 116 116 116 116 116 116 116 116 116 116 116 116 116 116 116 116

---------------- Instructions ----------------

! @  110 110 110 110 110 110 110 110 110 110 110 110 110 110 110 110 110 110 110 110 110 110 110 110 110 110 110 110 110 110 110 110 110 110 110 110 110 110 110 110 110 110 110 110 110 110 110 110 110 110 110 110 110 110 110 110 110 110 110 110 110 110 110 110 110 110 110 110 110 110 110 110 110 110 110 110 110 110 110 110 110 110 110 110 110 110 110 110 110 110 110 110 110 110 110 110 110 110 110 110

----------------------------------------------

=============================================================
test_curve_arith - mon_ladder_step
=============================================================

-------------------- Cycles --------------------

! @  6600 6555 6555 6576 6555 6583 6555 77380 8825 6567 6555 6576 6555 6577 6555 6585 6555 6576 6555 6576 6555 6576 6555 6576 6555 6577 6555 77206 6647 6576 6555 6576 6555 6576 6555 6576 6555 6580 6555 6576 6555 6576 6555 6577 6555 6576 75720 6680 6555 6588 6555 6576 6555 6576 6555 6577 6555 6576 6555 6576 6555 6586 6555 6576 6555 6576 76644 6617 6555 6576 6555 6576 6555 6576 6555 6576 6555 6576 6555 6576 6555 6576 6555 6576 6555 76111 7302 6602 6555 6578 6555 6576 6555 6576 6555 6576 6555 6576 6555 6576
! @  6555 6576 6555 6576 6555 76064 6645 6594 6555 6576 6555 6576 6555 6576 6555 6576 6555 6576 6555 6576 6555 6576 6555 6576 6555 75310 6687 6588 6555 6576 6555 6576 6555 6578 6555 6576 6555 6581 6555 6576 6555 6576 6555 6576 74683 7473 6622 6576 6555 6576 6555 6576 6555 6576 6555 6578 6555 6576 6555 6576 6555 6576 6555 6576 74983 6852 6555 6576 6555 6576 6555 6576 6555 6576 6555 6576 6555 6576 6555 6576 6555 6576 6555 6576 75339 6707 6555 6576 6555 6576 6555 6576 6555 6577 6555 6576 6555 6576 6555 6576

---------------- Instructions ----------------

! @  5539 5539 5539 5539 5539 5539 5539 16941 5539 5539 5539 5539 5539 5539 5539 5539 5539 5539 5539 5539 5539 5539 5539 5539 5539 5539 5539 16941 5539 5539 5539 5539 5539 5539 5539 5539 5539 5539 5539 5539 5539 5539 5539 5539 5539 5539 16941 5539 5539 5539 5539 5539 5539 5539 5539 5539 5539 5539 5539 5539 5539 5539 5539 5539 5539 5539 16941 5539 5539 5539 5539 5539 5539 5539 5539 5539 5539 5539 5539 5539 5539 5539 5539 5539 5539 16941 5539 5539 5539 5539 5539 5539 5539 5539 5539 5539 5539 5539 5539 5539
! @  5539 5539 5539 5539 5539 16941 5539 5539 5539 5539 5539 5539 5539 5539 5539 5539 5539 5539 5539 5539 5539 5539 5539 5539 5539 16941 5539 5539 5539 5539 5539 5539 5539 5539 5539 5539 5539 5539 5539 5539 5539 5539 5539 5539 16941 5539 5539 5539 5539 5539 5539 5539 5539 5539 5539 5539 5539 5539 5539 5539 5539 5539 5539 5539 16941 5539 5539 5539 5539 5539 5539 5539 5539 5539 5539 5539 5539 5539 5539 5539 5539 5539 5539 5539 16941 5539 5539 5539 5539 5539 5539 5539 5539 5539 5539 5539 5539 5539 5539 5539

----------------------------------------------

=============================================================
ecdh correctness test
=============================================================
x25519: (alice <---> bob: rfc7748 test vectors)
- private keys:
  alice: 2A2CB91DA5FB77B12A99C0EB872F4CDF4566B25172C1163C7DA518730A6D0777
  bob  : EBE088FF278B2F1CFDB6182629B13B6FE60E80838B7FE1794B8A4A627E08AB5D
- public keys:
  alice: 6A4E9BAA8EA9A4EBF41A38260D3ABF0D5AF73EB4DC7D8B7454A7308909F02085
  bob  : 4F2B886F147EFCAD4D67785BC843833F3735E4ECC2615BD3B4C17D7B7DDB9EDE
- shared secrets:
  alice: 4217161E3C9BF076339ED147C9217EE0250F3580F43B8E72E12DCEA45B9D5D4A
  bob  : 4217161E3C9BF076339ED147C9217EE0250F3580F43B8E72E12DCEA45B9D5D4A
- results:[32m equal [0m
-------------------------------------------------------------
x25519: (carol <---> dave: random test vectors)
- private keys:
  carol: 593C88AA59876667470F7256DE31BF0187E11C7CDFBDF654FBE2FB4B6B817EC6
  dave : 363F1F8F99D95F8E761AE3CC987902DA5B65AE372F55543CD8A185D27B1356EA
- public keys:
  carol: 49335110A9BFAEE04B26E014C5B66C4F5332DD0449DB319E5CDA941E713B2A9D
  dave : 11286328E598CBF797EBDFC76708EA606825C43B99A8DB056015F0A03BC63CB1
- shared secrets:
  carol: 7EB837D18E3DF1CA004EA8BA446BE7E3EE56731E1641EF0A0A0FC3B12784468E
  dave : 7EB837D18E3DF1CA004EA8BA446BE7E3EE56731E1641EF0A0A0FC3B12784468E
- results:[32m equal [0m
