Usage (for mon_varbase_mul): ./cva6_x25519_rv32_isa_reduced.elf <an_integer> <another_integer>
Setting num_iters = 1000 , num_warmup_iters = 100

=============================================================
test_nop - nop_routine
=============================================================

-------------------- Cycles --------------------

! @  35 13 13 13 13 13 13 13 13 13 13 13 13 13 13 13 13 13 13 13 13 13 13 13 13 13 13 13 13 13 13 13 13 13 13 13 13 13 13 13 13 13 13 13 13 13 13 13 13 13 13 13 13 13 13 13 13 13 13 13 13 13 13 13 13 13 13 13 13 13 13 13 13 13 13 13 13 13 13 13 13 13 13 13 13 13 13 13 13 13 13 13 13 13 13 13 13 13 13 13

---------------- Instructions ----------------

! @  25 25 25 25 25 25 25 25 25 25 25 25 25 25 25 25 25 25 25 25 25 25 25 25 25 25 25 25 25 25 25 25 25 25 25 25 25 25 25 25 25 25 25 25 25 25 25 25 25 25 25 25 25 25 25 25 25 25 25 25 25 25 25 25 25 25 25 25 25 25 25 25 25 25 25 25 25 25 25 25 25 25 25 25 25 25 25 25 25 25 25 25 25 25 25 25 25 25 25 25

----------------------------------------------

=============================================================
test_gfp_arith - gfp mul
=============================================================

-------------------- Cycles --------------------

! @  812 791 816 791 816 791 819 791 816 791 831 791 816 791 816 791 816 791 816 791 818 791 816 791 816 791 816 791 816 791 816 791 816 791 816 791 824 791 816 791 831 791 816 791 816 791 816 791 816 791 818 791 816 791 816 791 816 791 816 791 816 791 816 791 816 791 824 791 816 791 831 791 816 791 816 791 816 791 816 791 818 791 816 791 816 791 816 791 816 791 816 791 816 791 816 791 824 791 816 791

---------------- Instructions ----------------

! @  690 690 690 690 690 690 690 690 690 690 690 690 690 690 690 690 690 690 690 690 690 690 690 690 690 690 690 690 690 690 690 690 690 690 690 690 690 690 690 690 690 690 690 690 690 690 690 690 690 690 690 690 690 690 690 690 690 690 690 690 690 690 690 690 690 690 690 690 690 690 690 690 690 690 690 690 690 690 690 690 690 690 690 690 690 690 690 690 690 690 690 690 690 690 690 690 690 690 690 690

----------------------------------------------

=============================================================
test_gfp_arith - gfp sqr
=============================================================

-------------------- Cycles --------------------

! @  579 600 595 559 584 559 584 559 597 559 586 559 584 559 584 559 585 559 584 559 584 559 584 559 585 559 584 559 584 559 584 559 584 559 584 559 584 559 584 559 584 559 584 559 584 559 584 559 584 559 584 559 75361 1353 594 559 584 559 584 559 584 559 584 559 584 559 592 559 585 559 584 559 584 559 584 559 584 559 584 559 584 559 584 559 584 559 584 559 584 559 584 559 584 559 584 559 584 559 584 559

---------------- Instructions ----------------

! @  510 510 510 510 510 510 510 510 510 510 510 510 510 510 510 510 510 510 510 510 510 510 510 510 510 510 510 510 510 510 510 510 510 510 510 510 510 510 510 510 510 510 510 510 510 510 510 510 510 510 510 510 11912 510 510 510 510 510 510 510 510 510 510 510 510 510 510 510 510 510 510 510 510 510 510 510 510 510 510 510 510 510 510 510 510 510 510 510 510 510 510 510 510 510 510 510 510 510 510 510

----------------------------------------------

=============================================================
test_gfp_arith - gfp inv
=============================================================

-------------------- Cycles --------------------

! @  215365 215266 383071 218314 216250 281988 215738 215230 216317 215454 215968 215565 215504 215614 281706 215871 214687 215133 215715 215478 215908 215221 281291 215853 215020 214485 215817 215503 215369 215530 215176 281823 215264 215507 215529 214826 214873 560076 391169 219135 217324 216469 215943 215322 282315 214958 215429 215063 215800 215893 215769 215955 282982 215383 215270 215278 215561 216471 215317 214721 215919 282731 216020 215623 215927 214492 215432 215643 215770 282901 215825 215858 215314 215426 216069 214930 215853 215462 281994 215499 215015 215615 215378 215864 216482 216314 280575 215370 216665 215305 215666 215677 215092 215754 215364 280816 215325 216376 215787 215665

---------------- Instructions ----------------

! @  142701 142701 164327 142701 142701 154103 142701 142701 142701 142701 142701 142701 142701 142701 154103 142701 142701 142701 142701 142701 142701 142701 154103 142701 142701 142701 142701 142701 142701 142701 142701 154110 142701 142701 142701 142701 142701 188457 165665 142701 142701 142701 142701 142701 154103 142701 142701 142701 142701 142701 142701 142701 154103 142701 142701 142701 142701 142701 142701 142701 142701 154103 142701 142701 142701 142701 142701 142701 142701 154103 142701 142701 142701 142701 142701 142701 142701 142701 154103 142701 142701 142701 142701 142701 142701 142701 154103 142701 142701 142701 142701 142701 142701 142701 142701 154103 142701 142701 142701 142701

----------------------------------------------

=============================================================
test_gfp_arith - gfp add
=============================================================

-------------------- Cycles --------------------

! @  109 89 89 89 91 89 89 89 89 89 89 89 89 89 90 89 89 89 89 89 89 89 89 89 89 89 89 89 89 89 90 89 89 89 89 89 89 89 89 89 89 89 89 89 89 89 89 89 89 89 89 89 89 89 89 89 89 89 89 89 89 89 89 89 89 89 89 89 89 89 89 89 89 89 89 89 89 89 89 89 91 89 89 89 89 89 89 89 89 89 89 89 89 89 89 89 89 89 89 89

---------------- Instructions ----------------

! @  96 96 96 96 96 96 96 96 96 96 96 96 96 96 96 96 96 96 96 96 96 96 96 96 96 96 96 96 96 96 96 96 96 96 96 96 96 96 96 96 96 96 96 96 96 96 96 96 96 96 96 96 96 96 96 96 96 96 96 96 96 96 96 96 96 96 96 96 96 96 96 96 96 96 96 96 96 96 96 96 96 96 96 96 96 96 96 96 96 96 96 96 96 96 96 96 96 96 96 96

----------------------------------------------

=============================================================
test_gfp_arith - gfp sub
=============================================================

-------------------- Cycles --------------------

! @  116 94 94 94 97 94 96 94 97 94 96 94 96 94 96 94 96 94 97 94 96 94 96 94 96 94 96 94 96 94 96 94 96 94 96 94 96 94 96 94 96 94 96 94 96 94 96 94 96 94 96 94 96 94 96 94 96 94 96 94 96 94 96 94 96 94 96 94 96 94 96 94 96 94 96 94 96 94 96 94 96 94 96 94 96 94 96 94 96 94 96 94 96 94 96 94 96 94 96 94

---------------- Instructions ----------------

! @  101 101 101 101 101 101 101 101 101 101 101 101 101 101 101 101 101 101 101 101 101 101 101 101 101 101 101 101 101 101 101 101 101 101 101 101 101 101 101 101 101 101 101 101 101 101 101 101 101 101 101 101 101 101 101 101 101 101 101 101 101 101 101 101 101 101 101 101 101 101 101 101 101 101 101 101 101 101 101 101 101 101 101 101 101 101 101 101 101 101 101 101 101 101 101 101 101 101 101 101

----------------------------------------------

=============================================================
test_gfp_arith - gfp mul32
=============================================================

-------------------- Cycles --------------------

! @  164 144 144 144 144 144 144 144 144 144 144 144 144 144 144 144 144 144 144 144 144 144 144 144 144 144 144 144 144 144 144 144 144 144 144 144 144 144 144 144 144 144 144 144 144 144 144 144 144 144 144 144 144 144 144 144 144 144 144 144 144 144 144 144 144 144 144 144 144 144 144 144 144 144 144 144 144 144 144 144 144 144 144 144 144 144 144 144 144 144 144 144 144 144 144 144 144 144 144 144

---------------- Instructions ----------------

! @  134 134 134 134 134 134 134 134 134 134 134 134 134 134 134 134 134 134 134 134 134 134 134 134 134 134 134 134 134 134 134 134 134 134 134 134 134 134 134 134 134 134 134 134 134 134 134 134 134 134 134 134 134 134 134 134 134 134 134 134 134 134 134 134 134 134 134 134 134 134 134 134 134 134 134 134 134 134 134 134 134 134 134 134 134 134 134 134 134 134 134 134 134 134 134 134 134 134 134 134

----------------------------------------------

=============================================================
test_curve_arith - mon_ladder_step
=============================================================

-------------------- Cycles --------------------

! @  6949 6903 6918 6903 6924 6903 6924 79084 7125 6903 6925 6903 6928 6903 6924 6903 6924 6903 6924 6903 6924 6903 6924 6903 6925 76940 7654 6903 6924 6903 6924 6903 6924 6903 6924 6903 6924 6903 6924 6903 6924 6903 6924 6903 77859 6999 6937 6903 6926 6903 6924 6903 6924 6903 6924 6903 6924 6903 6924 6903 6924 6903 76280 7510 6918 6903 6924 6903 6924 6903 6924 6903 6924 6903 6925 6903 6924 6903 6924 6903 6924 75923 7055 6903 6924 6903 6924 6903 6924 6903 6924 6903 6924 6903 6924 6903 6924 6903 6935 6903
! @  75892 7015 6918 6903 6924 6903 6924 6903 6924 6903 6924 6903 6924 6903 6924 6903 6924 6903 75927 7787 6918 6903 6924 6903 6924 6903 6924 6903 6924 6903 6924 6903 6924 6903 6924 6903 6924 76127 7063 6903 6924 6903 6924 6903 6925 6903 6924 6903 6924 6903 6924 6903 6924 6903 6924 6903 76724 7016 6929 6903 6924 6903 6924 6903 6924 6903 6924 6903 6924 6903 6924 6903 6924 6903 76046 7716 6919 6903 6924 6903 6924 6903 6936 6903 6924 6903 6924 6903 6924 6903 6924 6903 6924 76142 7030 6903 6903 6903 6924 6903

---------------- Instructions ----------------

! @  6034 6034 6034 6034 6034 6034 6034 17436 6034 6034 6034 6034 6034 6034 6034 6034 6034 6034 6034 6034 6034 6034 6034 6034 6034 17436 6034 6034 6034 6034 6034 6034 6034 6034 6034 6034 6034 6034 6034 6034 6034 6034 6034 6034 17436 6034 6034 6034 6034 6034 6034 6034 6034 6034 6034 6034 6034 6034 6034 6034 6034 6034 17436 6034 6034 6034 6034 6034 6034 6034 6034 6034 6034 6034 6034 6034 6034 6034 6034 6034 6034 17436 6034 6034 6034 6034 6034 6034 6034 6034 6034 6034 6034 6034 6034 6034 6034 6034 6034 6034
! @  17436 6034 6034 6034 6034 6034 6034 6034 6034 6034 6034 6034 6034 6034 6034 6034 6034 6034 17436 6034 6034 6034 6034 6034 6034 6034 6034 6034 6034 6034 6034 6034 6034 6034 6034 6034 6034 17436 6034 6034 6034 6034 6034 6034 6034 6034 6034 6034 6034 6034 6034 6034 6034 6034 6034 6034 17436 6034 6034 6034 6034 6034 6034 6034 6034 6034 6034 6034 6034 6034 6034 6034 6034 6034 17436 6034 6034 6034 6034 6034 6034 6034 6034 6034 6034 6034 6034 6034 6034 6034 6034 6034 6034 17436 6034 6034 6034 6034 6034 6034

----------------------------------------------

=============================================================
ecdh correctness test
=============================================================
x25519: (alice <---> bob: rfc7748 test vectors)
- private keys:
  alice: 2A2CB91DA5FB77B12A99C0EB872F4CDF4566B25172C1163C7DA518730A6D0777
  bob  : EBE088FF278B2F1CFDB6182629B13B6FE60E80838B7FE1794B8A4A627E08AB5D
- public keys:
  alice: 6A4E9BAA8EA9A4EBF41A38260D3ABF0D5AF73EB4DC7D8B7454A7308909F02085
  bob  : 4F2B886F147EFCAD4D67785BC843833F3735E4ECC2615BD3B4C17D7B7DDB9EDE
- shared secrets:
  alice: 4217161E3C9BF076339ED147C9217EE0250F3580F43B8E72E12DCEA45B9D5D4A
  bob  : 4217161E3C9BF076339ED147C9217EE0250F3580F43B8E72E12DCEA45B9D5D4A
- results:[32m equal [0m
-------------------------------------------------------------
x25519: (carol <---> dave: random test vectors)
- private keys:
  carol: 593C88AA59876667470F7256DE31BF0187E11C7CDFBDF654FBE2FB4B6B817EC6
  dave : 363F1F8F99D95F8E761AE3CC987902DA5B65AE372F55543CD8A185D27B1356EA
- public keys:
  carol: 49335110A9BFAEE04B26E014C5B66C4F5332DD0449DB319E5CDA941E713B2A9D
  dave : 11286328E598CBF797EBDFC76708EA606825C43B99A8DB056015F0A03BC63CB1
- shared secrets:
  carol: 7EB837D18E3DF1CA004EA8BA446BE7E3EE56731E1641EF0A0A0FC3B12784468E
  dave : 7EB837D18E3DF1CA004EA8BA446BE7E3EE56731E1641EF0A0A0FC3B12784468E
- results:[32m equal [0m

=============================================================
test_mon_varbase_mul - mon_varbase_mul
=============================================================

-------------------- Cycles --------------------

! @  3024085 3021861 3189606 3024259 3091344 3026113 3023972 3024044 3200404 3989349 3194697 3025605 3023077 3548766 3030637 3024127 3090045 3026057 3183836 3028289 3028624 3025303 3087742 3023851 3196979 3983286 3111155 3106426 3024620 3025950 3558692 3026110 3029839 3023340 3091343 3119892 3092904 3026044 3025398 3201195 3024618 3828076 3192001 3192908 3091386 3021712 3482026 3024658 3091487 3027406 3022747 3190894 3025292 3024381 3091666 3029297 3196040 3025301 4147037 3120911 3093277 3026507 3550967 3027038 3027576 3222841 3027539 3190281 3023854 3094592 3024609 3204696 3027137 3023814 3991491 3190935 3026583 3024055 3555998 3026126 3092550 3023093 3027861 3191092 3026215 3023479 3024093 3204694 3088307 3024671 3991111 3189730 3024062 3199025 3475184 3098600 3025712 3024412 3025889 3182860
! @  3031527 3095116 3027426 3199932 3026972 3023418 3988643 3185669 3028588 3023904 3096551 3483061 3026325 3090104 3025843 3024656 3192970 3025963 3029694 3205072 3091075 3025453 4024638 3150399 3121255 3091448 3024770 3554411 3025576 3027317 3027757 3026621 3193376 3026181 3195202 3097197 3028481 3025691 3027232 3991821 3192843 3024907 3094995 3485381 3025725 3090153 3026559 3025004 3192765 3027280 3208942 3024648 3093448 3026793 3025706 3993733 3195094 3025688 3025848 3557354 3026836 3024846 3093118 3027422 3192285 3028861 3206273 3028030 3027315 3095021 3023386 3996987 3193593 3243565 3026593 3555578 3027187 3026997 3089447 3027683 3186232 3028147 3201839 3024243 3025677 3186226 3026384 3989418 3188067 3025370 3094845 3291510 3218029 3093866 3027577 3024285 3025722 3194045 3200518 3024544
! @  3091095 3025321 3024469 3864441 3155507 3190524 3028596 3025530 3556119 3027128 3090285 3024403 3026124 3369939 3027861 3026194 3026749 3025970 3092285 3024037 3988431 3190830 3026967 3025870 3554343 3025057 3025383 3027654 3093948 3252854 3025461 3025716 3089733 3024286 3025342 3022732 3991419 3194091 3027117 3024043 3553699 3026726 3023782 3093751 3025283 3255112 3025986 3093870 3112426 3090075 3021609 3025714 3993196 3191318 3028704 3025836 3545018 3028971 3023019 3022856 3091140 3292095 3097614 3026800 3024417 3028070 3027029 3096181 3912346 3178679 3104210 3025052 3026721 3551055 3023675 3026667 3027922 3204602 3193697 3023961 3097734 3026226 3026841 3026300 3824108 3183723 3190165 3027411 3092922 3486681 3024210 3091283 3199705 3025284 3190967 3024200 3026519 3025300 3024223 3089641
! @  3023929 3992289 3191478 3028279 3199981 3552390 3027009 3025885 3028805 3199165 3191979 3183317 3023590 3022999 3089882 3027331 3026250 3988939 3192953 3025461 3023934 3551879 3025915 3023528 3204941 3027670 3192456 3090759 3026773 3026156 3024824 3023821 3186419 4001824 3196385 3027459 3093663 3477940 3030987 3089552 3199267 3024194 3185303 3028342 3025280 3027799 3089832 3020814 3026021 3991861 3186534 3027616 3025563 3022768 3555528 3030418 3200809 3121827 3024921 3188322 3026199 3024811 3024699 3026608 3089394 3845725 3166995 3188235 3024855 3025698 3555628 3029941 3204340 3023811 3026156 3348089 3026407 3022409 3091295 3022790 3026467 3026086 3990370 3192336 3026441 3023408 3557104 3200937 3024123 3026327 3091294 3187195 3023373 3022125 3023614 3023010 3024736 3089998 3987719 3121733
! @  3093050 3025193 3482578 3208370 3086881 3025749 3025996 3190029 3025551 3025779 3096051 3025529 3022013 3026349 3992904 3191606 3029049 3024058 3368102 3389294 3024805 3023261 3092811 3108270 3103832 3026263 3026028 3024900 3089038 3025413 3979147 3028097 3187126 3023738 3027255 3655938 3091401 3025239 3185751 3024631 3192226 3026547 3024194 3025409 3089352 3026548 3827360 3189668 3192828 3023549 3023816 3580533 3025193 3021345 3090892 3023937 3190336 3025832 3025556 3021941 3091986 3022854 3024764 3987633 3189057 3024040 3028470 3726883 3025333 3027023 3026671 3025882 3192529 3089801 3027653 3024951 3026065 3027531 3026125 3924094 3191591 3095527 3201889 3483232 3027619 3093492 3025959 3021019 3189657 3026322 3026178 3024935 3024974 3023324 3025891 3989361 3189600 3031147 3029131 3200769
! @  3554690 3184064 3025727 3024184 3024972 3190952 3090323 3026315 3026199 3023705 3026591 3931733 3083046 3191160 3203350 3090979 3488191 3026341 3090289 3021164 3026022 3190096 3023936 3023830 3090224 3024531 3024586 3025244 3988834 3193414 3204163 3023943 3553075 3028252 3023459 3027701 3094009 3185462 3027174 3022713 3025276 3026944 3023826 3197563 3996874 3191190 3202493 3089592 3485889 3026050 3095739 3199025 3026170 3189716 3023062 3021014 3026297 3028713 3093612 3024612 3993021 3192535 3202337 3027677 3603044 3025612 3025998 3091476 3025532 3185166 3025602 3195178 3028252 3024282 3024364 3090534 3917311 3321280 3026858 3024367 3367017 3207635 3024499 3025846 3088540 3024273 3191053 3025041 3025005 3026633 3091563 3022099 3858984 3327263 3184381 3023287 3023815 3552476 3029976 3024249
! @  3024565 3026091 3195705 3025915 3092075 3027615 3027305 3024451 3025849 4163189 3193720 3027999 3092020 3487042 3029088 3093796 3027340 3025085 3193122 3026731 3026811 3093142 3026645 3026294 3028191 4164753 3194989 3023703 3188897 3551049 3025394 3024951 3026187 3023151 3190379 3092550 3024082 3022604 3023766 3023457 3021226 4086096 3119974 3087937 3023818 3477214 3097686 3024399 3453098 3022764 3190150 3023991 3090124 3024347 3026474 3025863 3026727 4161988 3187845 3024419 3024007 3368139 3209184 3023572 3093203 3026256 3023562 3194565 3023493 3026601 3092836 3019914 3201354 3985286 3030125 3187125 3025056 3025113 3560034 3022749 3023861 3025404 3087956 3121466 3090106 3024947 3027044 3021893 3028752 3203421 3988736 3351694 3024931 3026007 3556809 3022792 3024390 3093029 3027328 3189535
! @  3027625 3027119 3026099 3092641 3200314 3024217 3989361 3187973 3026536 3025753 3550058 3026505 3024528 3023770 3024674 3193936 3027463 3086959 3024272 3023458 3203548 3022742 3985110 3190461 3026848 3024934 3552505 3027940 3024659 3091611 3026157 3190338 3026219 3023752 3025997 3098014 3194650 3025162 3988197 3183903 3026806 3026191 3023929 3551737 3026710 3026370 3025046 3093883 3119720 3091439 3024931 3029919 3200963 3027012 3975621 3168989 3192803 3025957 3025012 3554267 3026190 3023412 3026909 3089365 3185977 3024413 3024518 3193783 3030914 3022583 3025347 3991927 3189528 3022741 3091340 3483544 3024824 3088176 3023850 3024524 3194308 3024841 3203576 3203800 3024567 3095212 3023948 3990007 3188465 3023712 3022943 3551960 3024571 3024585 3023927 3023568 3190073 3091173 3023424 3201825
! @  3024649 3025360 3025177 3986512 3191568 3024989 3024175 3545579 3028818 3024839 3199843 3093952 3186794 3026248 3029148 3198076 3029004 3025414 3184149 3994243 3191848 3025223 3090205 3294493 3215502 3092091 3026910 3023430 3026704 3191639 3028542 3199036 3022406 3089487 3022845 3862926 3153034 3191399 3023429 3026520 3555686 3027040 3024253 3119400 3025096 3193849 3208097 3020712 3022289 3024080 3092750 3023269 3992149 3185268 3023923 3020776 3553185 3026306 3024807 3023077 3024327 3192375 3202334 3087087 3022183 3026050 3026557 3023400 3985013 3190437 3020696 3022865 3551023 3027840 3026154 3089002 3024669 3194775 3207297 3026261 3024806 3184225 3023552 3024065 3991407 3188993 3022090 3089620 3473911 3030813 3088390 3025534 3027567 3184630 3209032 3027027 3026125 3091497 3022282 3021692
! @  3988803 3186206 3028729 3026362 3024908 3555902 3023117 3025721 3088232 3025320 3249519 3027437 3026668 3026942 3026381 3025536 3830029 3184924 3191359 3023480 3022924 3551310 3023936 3024616 3024979 3198326 3189951 3026002 3025796 3025866 3024503 3092008 3024691 3991884 3187922 3026185 3023300 3551255 3023094 3026957 3025520 3028147 3364792 3027094 3184374 3027792 3091162 3023737 3027300 3990700 3195471 3025254 3024345 3554628 3025262 3029807 3092558 3200997 3118833 3093113 3025176 3023814 3023421 3023215 3093563 3918313 3184940 3096487 3025155 3290567 3282405 3022648 3027845 3203388 3025010 3189257 3025524 3093040 3025344 3024733 3026418 3978075 3035655 3192025 3026424 3092089 3482211 3024737 3088694 3205999 3022205 3187799 3025278 3027485 3027962 3028703 3091509 3025232 3992218 3187823

---------------- Instructions ----------------

! @  1876411 1876411 1898273 1876411 1887813 1876411 1876411 1876411 1897919 2148869 1898277 1876411 1876411 1944825 1876411 1876411 1887813 1876411 1898021 1876411 1876411 1876411 1887813 1876555 1897775 2149121 1886875 1887813 1876411 1876411 1945099 1876411 1876411 1876411 1887813 1886871 1887813 1876411 1876411 1897836 1876411 2127815 1898164 1898277 1887813 1876411 1933668 1876411 1887813 1876411 1876411 1898021 1876411 1876411 1887813 1876555 1897937 1876424 2171028 1886920 1887861 1876456 1945153 1876456 1876456 1900214 1876456 1898321 1876456 1887861 1876456 1898140 1876456 1876456 2149315 1898325 1876456 1876456 1944872 1876456 1887861 1876456 1876456 1898069 1876456 1876456 1876456 1898133 1887861 1876456 2149181 1898325 1876456 1898573 1933503 1887861 1876456 1876456 1876456 1898321
! @  1876456 1887861 1876600 1898636 1876456 1876456 2149315 1898073 1876456 1876456 1887861 1933719 1876456 1887861 1876456 1876456 1898321 1876456 1876600 1898636 1887861 1876462 2153271 1893949 1886875 1887880 1876501 1944949 1876501 1876501 1876501 1876501 1898369 1876501 1898279 1887909 1876501 1876501 1876501 2149241 1898121 1876501 1887909 1933770 1876501 1887909 1876501 1876501 1898369 1876501 1898296 1876501 1887909 1876501 1876501 2149620 1898373 1876501 1876501 1944962 1876501 1876501 1887909 1876501 1898117 1876501 1898279 1876501 1876501 1887909 1876501 2149241 1898373 1904350 1876456 1945124 1876456 1876456 1887861 1876456 1898321 1876600 1897835 1876456 1876456 1898260 1876411 2149255 1898277 1876411 1887813 1910443 1899413 1887850 1876456 1876456 1876456 1898213 1898087 1876456
! @  1887868 1876517 1876456 2131640 1893997 1898325 1876456 1876456 1944879 1876456 1887861 1876456 1876456 1920096 1876456 1876456 1876456 1876456 1887861 1876456 2149315 1898073 1876456 1876456 1944901 1876456 1876456 1876456 1887861 1907000 1876456 1876456 1887861 1876456 1876456 1876456 2148929 1898325 1876456 1876456 1944879 1876456 1876456 1887861 1876456 1907000 1876456 1887861 1886870 1887813 1876411 1876411 2149255 1898025 1876411 1876411 1945090 1876411 1876411 1876411 1887813 1908667 1887861 1876456 1876456 1876456 1876456 1887861 2137524 1898325 1887861 1876456 1876456 1944879 1876456 1876456 1876600 1898077 1898321 1876463 1887922 1876456 1876456 1876456 2127872 1897765 1898325 1876456 1887861 1933748 1876456 1887861 1897879 1876456 1898321 1876456 1876456 1876456 1876456 1887861
! @  1876456 2149560 1898325 1876456 1897981 1945124 1876456 1876456 1876600 1898077 1898069 1898284 1876411 1876411 1887813 1876411 1876411 2149121 1898277 1876411 1876411 1945099 1876411 1876411 1898117 1876411 1898273 1887813 1876411 1876442 1876456 1876456 1898028 2149291 1898325 1876456 1887861 1933467 1876456 1887861 1898263 1876456 1898069 1876456 1876456 1876456 1887861 1876456 1876456 2149181 1898325 1876456 1876456 1876456 1944908 1876600 1898121 1891320 1876463 1898382 1876456 1876456 1876456 1876456 1887861 2129756 1896015 1898073 1876456 1876456 1945124 1876600 1898636 1876456 1876455 1920114 1876411 1876411 1887813 1876411 1876411 1876411 2148869 1898277 1876411 1876411 1944841 1898693 1876411 1876411 1887813 1897799 1876411 1876411 1876411 1876411 1876411 1887841 2149181 1886194
! @  1887861 1876456 1933245 1898231 1887861 1876456 1876456 1897847 1876456 1876456 1887861 1876456 1876456 1876456 2149560 1897851 1876456 1876456 1921773 1920868 1876456 1876456 1887861 1886190 1887861 1876456 1876456 1876456 1887861 1876456 2149181 1876456 1897851 1876456 1876456 1954996 1887861 1876456 1898331 1876411 1897799 1876411 1876411 1876411 1887813 1876411 2127815 1897851 1897803 1876411 1876555 1946920 1876411 1876411 1887813 1876411 1897547 1876411 1876411 1876411 1887813 1876411 1876411 2149121 1897803 1876446 1876600 1965760 1876456 1876456 1876456 1876456 1897847 1887861 1876456 1876456 1876456 1876456 1876456 2137910 1897599 1887861 1897996 1933022 1876456 1887861 1876456 1876456 1897847 1876456 1876456 1887861 1876456 1876456 1876456 2148929 1897851 1876456 1876600 1898104
! @  1944405 1898278 1876411 1876411 1876411 1897799 1887813 1876411 1876411 1876411 1876411 2142985 1882681 1897551 1898183 1887813 1933214 1876479 1887813 1876411 1876411 1897799 1876411 1876411 1887813 1876411 1876411 1876411 2148869 1897803 1898083 1876411 1944351 1876451 1876456 1876456 1887861 1897847 1876456 1876456 1876456 1876456 1876456 1897559 2149157 1897634 1898072 1887861 1933274 1876456 1887861 1898408 1876456 1897850 1876456 1876456 1876456 1876456 1887861 1876456 2149315 1897998 1897987 1876456 1952175 1876411 1876411 1887813 1876411 1897547 1876411 1898238 1876411 1876411 1876411 1887813 2137719 1918437 1876411 1876411 1921722 1899314 1876411 1876411 1887813 1876411 1897799 1876411 1876411 1876411 1887813 1876411 2131583 1916408 1897803 1876411 1876418 1944405 1876411 1876411
! @  1876411 1876490 1897643 1876501 1887909 1876501 1876501 1876501 1876501 2171530 1897899 1876501 1887909 1933080 1876501 1887909 1876501 1876501 1897885 1876501 1876501 1887909 1876501 1876501 1876501 2171402 1897637 1876501 1898344 1944388 1876456 1876456 1876456 1876456 1897837 1887861 1876456 1876456 1876456 1876456 1876456 2164010 1886436 1887861 1876456 1933008 1887861 1876456 1933530 1876411 1898267 1876411 1887813 1876411 1876411 1876411 1876555 2170484 1898019 1876411 1876411 1922161 1899314 1876411 1887813 1876411 1876411 1898267 1876411 1876448 1887861 1876456 1897973 2149560 1876456 1898326 1876517 1876456 1944902 1876456 1876456 1876456 1887861 1886658 1887861 1876456 1876456 1876456 1876600 1898081 2149181 1920132 1876411 1876411 1945064 1876411 1876411 1887813 1876411 1898267
! @  1876411 1876411 1876411 1887813 1898177 1876411 2149255 1898271 1876411 1876411 1944841 1876411 1876411 1876411 1876411 1898015 1876411 1887813 1876411 1876411 1898177 1876411 2149121 1898271 1876411 1876411 1944819 1876411 1876411 1887813 1876411 1898267 1876411 1876411 1876411 1887957 1898033 1876446 2149315 1898067 1876456 1876456 1876456 1944895 1876456 1876456 1876456 1887861 1886910 1887861 1876456 1876600 1898081 1876456 2148540 1895894 1898271 1876411 1876411 1944819 1876411 1876411 1876411 1887813 1898267 1876411 1876411 1898170 1876411 1876411 1876411 2149255 1898019 1876411 1887813 1933682 1876411 1887813 1876411 1876411 1898267 1876411 1897763 1898088 1876411 1887813 1876411 2148869 1898271 1876411 1876411 1944819 1876411 1876411 1876411 1876411 1898015 1887813 1876411 1898081
! @  1876411 1876411 1876411 2149121 1898272 1876456 1876456 1945147 1876456 1876456 1898029 1887861 1898315 1876456 1876600 1897866 1876456 1876456 1898263 2149500 1898271 1876411 1887813 1910660 1899413 1887813 1876411 1876411 1876411 1898015 1876555 1897828 1876411 1887813 1876484 2131583 1893949 1898271 1876411 1876411 1945093 1876411 1876411 1890545 1876411 1898267 1898722 1876411 1876411 1876411 1887813 1876411 2149255 1898271 1876411 1876411 1944812 1876411 1876411 1876411 1876411 1898015 1898722 1887813 1876411 1876411 1876411 1876411 2149121 1898271 1876411 1876411 1944852 1876456 1876456 1887861 1876456 1898315 1898770 1876456 1876456 1898275 1876411 1876411 2149255 1898019 1876411 1887813 1933410 1876411 1887813 1876411 1876411 1898267 1898722 1876411 1876411 1887813 1876411 1876411
! @  2148869 1898271 1876411 1876411 1876411 1944835 1876411 1876411 1887813 1876555 1906318 1876411 1876411 1876478 1876411 1876411 2127815 1897717 1897545 1876411 1876411 1944590 1876411 1876411 1887813 1898173 1897793 1876411 1876411 1876411 1876411 1887813 1876411 2149248 1897797 1876411 1876411 1944374 1876411 1876411 1876411 1876595 1919210 1876456 1898303 1876456 1887861 1876456 1876456 2149181 1897845 1876456 1876456 1944644 1876456 1876456 1887861 1898221 1886436 1887861 1876456 1876456 1876456 1876456 1887861 2137910 1897845 1887861 1876456 1910011 1910866 1876456 1876456 1898221 1876456 1897589 1876456 1887861 1876456 1876456 1876456 2149181 1876456 1897845 1876456 1887861 1932994 1876456 1887861 1898238 1876456 1897841 1876463 1876516 1876456 1876456 1887861 1876456 2149315 1897593

----------------------------------------------
