Usage (for mon_varbase_mul and test_scott): ./cva6_x25519_rv32_ise_full.elf <an_integer> <another_integer>
Setting num_iters = 1000 , num_warmup_iters = 100

=============================================================
test_nop - nop_routine
=============================================================

-------------------- Cycles --------------------

! @  37 13 13 13 13 13 13 13 13 13 13 13 13 13 13 13 13 13 13 13 13 13 13 13 13 13 13 13 13 13 13 13 13 13 13 13 13 13 13 13 13 13 13 13 13 13 13 13 13 13 13 13 13 13 13 13 13 13 13 13 13 13 13 13 13 13 13 13 13 13 13 13 13 13 13 13 13 13 13 13 13 13 13 13 13 13 13 13 13 13 13 13 13 13 13 13 13 13 13 13

---------------- Instructions ----------------

! @  25 25 25 25 25 25 25 25 25 25 25 25 25 25 25 25 25 25 25 25 25 25 25 25 25 25 25 25 25 25 25 25 25 25 25 25 25 25 25 25 25 25 25 25 25 25 25 25 25 25 25 25 25 25 25 25 25 25 25 25 25 25 25 25 25 25 25 25 25 25 25 25 25 25 25 25 25 25 25 25 25 25 25 25 25 25 25 25 25 25 25 25 25 25 25 25 25 25 25 25

----------------------------------------------

=============================================================
test_gfp_arith - gfp mul
=============================================================

-------------------- Cycles --------------------

! @  457 442 442 468 442 468 442 468 442 468 442 468 442 468 442 468 442 468 442 473 442 469 442 468 442 468 442 468 442 468 442 468 442 468 442 468 442 468 442 470 442 468 442 468 442 477 442 468 442 468 442 468 442 468 442 468 442 468 442 468 442 468 442 468 442 476 442 468 442 468 442 477 442 469 442 468 442 468 442 468 442 468 442 468 442 468 442 468 442 468 442 469 442 468 442 468 442 477 442 468

---------------- Instructions ----------------

! @  346 346 346 346 346 346 346 346 346 346 346 346 346 346 346 346 346 346 346 346 346 346 346 346 346 346 346 346 346 346 346 346 346 346 346 346 346 346 346 346 346 346 346 346 346 346 346 346 346 346 346 346 346 346 346 346 346 346 346 346 346 346 346 346 346 346 346 346 346 346 346 346 346 346 346 346 346 346 346 346 346 346 346 346 346 346 346 346 346 346 346 346 346 346 346 346 346 346 346 346

----------------------------------------------

=============================================================
test_gfp_arith - gfp sqr
=============================================================

-------------------- Cycles --------------------

! @  374 364 364 391 364 391 364 392 364 391 364 391 364 391 364 391 364 391 364 391 364 391 364 391 364 391 364 391 364 391 364 403 364 391 364 391 364 391 364 391 364 391 364 392 364 391 364 392 364 391 364 391 364 392 364 391 364 391 364 391 364 391 364 391 364 391 364 395 364 391 364 391 364 391 364 391 364 391 364 392 364 391 364 391 364 391 364 391 364 391 364 391 364 391 364 391 364 391 364 391

---------------- Instructions ----------------

! @  300 300 300 300 300 300 300 300 300 300 300 300 300 300 300 300 300 300 300 300 300 300 300 300 300 300 300 300 300 300 300 300 300 300 300 300 300 300 300 300 300 300 300 300 300 300 300 300 300 300 300 300 300 300 300 300 300 300 300 300 300 300 300 300 300 300 300 300 300 300 300 300 300 300 300 300 300 300 300 300 300 300 300 300 300 300 300 300 300 300 300 300 300 300 300 300 300 300 300 300

----------------------------------------------

=============================================================
test_gfp_arith - gfp inv
=============================================================

-------------------- Cycles --------------------

! @  159169 159231 93819 158495 159137 158613 93976 158679 158660 93863 158156 158596 93811 158808 158345 93763 959067 176230 175624 93874 358593 167283 161710 93976 159532 158480 93833 159168 158566 158842 93831 158670 158592 93924 158027 158157 93856 158808 158108 93845 157798 158718 158450 93860 158055 159182 93875 158395 159529 93815 159333 158816 158107 93925 158216 158414 93874 159182 159184 93823 158345 158381 93920 158711 158791 158525 93895 158372 158776 93807 158893 159155 93761 158886 158665 157370 95188 158635 158792 93876 158607 158850 93798 158472 159121 93829 158942 158994 426410 167938 257427 168743 161524 93838 159664 159302 158924 93951 158082 158555

---------------- Instructions ----------------

! @  85580 85580 74175 85580 85580 85580 74175 85580 85580 74175 85580 85580 74175 85580 85580 74175 336759 87464 87464 74175 112923 85580 85580 74175 85580 85580 74175 85580 85580 85580 74175 85580 85580 74175 85580 85580 74175 85580 85580 74175 85580 85580 85580 74175 85580 85580 74175 85580 85580 74175 85580 85580 85580 74175 85580 85580 74175 85580 85580 74175 85580 85580 74175 85580 85580 85580 74175 85580 85580 74175 85580 85580 74175 85580 85580 85580 74175 85580 85580 74175 85580 85580 74175 85580 85580 74175 85580 85580 119375 85679 96836 85580 85580 74175 85580 85580 85580 74175 85580 85580

----------------------------------------------

=============================================================
test_gfp_arith - gfp add
=============================================================

-------------------- Cycles --------------------

! @  115 95 95 95 95 95 95 95 95 95 95 95 95 95 95 95 95 95 95 95 95 95 95 95 95 95 95 95 95 95 95 95 95 95 95 96 95 95 95 95 95 95 95 95 95 95 95 95 95 95 95 95 95 95 95 95 95 95 95 95 95 95 95 95 95 95 95 95 95 95 95 95 95 96 95 95 95 95 95 95 95 95 95 95 95 95 95 95 95 95 95 95 95 95 95 95 95 95 95 95

---------------- Instructions ----------------

! @  93 93 93 93 93 93 93 93 93 93 93 93 93 93 93 93 93 93 93 93 93 93 93 93 93 93 93 93 93 93 93 93 93 93 93 93 93 93 93 93 93 93 93 93 93 93 93 93 93 93 93 93 93 93 93 93 93 93 93 93 93 93 93 93 93 93 93 93 93 93 93 93 93 93 93 93 93 93 93 93 93 93 93 93 93 93 93 93 93 93 93 93 93 93 93 93 93 93 93 93

----------------------------------------------

=============================================================
test_gfp_arith - gfp sub
=============================================================

-------------------- Cycles --------------------

! @  126 108 108 108 108 108 108 108 108 108 108 108 108 108 108 108 108 108 108 108 108 108 108 108 108 108 108 108 108 108 108 108 108 108 108 108 108 108 108 108 108 108 108 108 108 108 108 108 108 108 108 108 108 108 108 108 108 108 108 108 108 108 108 108 108 108 108 108 108 108 108 108 108 108 108 108 108 108 108 109 108 108 108 108 108 108 108 108 108 108 108 108 108 108 108 108 108 108 108 108

---------------- Instructions ----------------

! @  113 113 113 113 113 113 113 113 113 113 113 113 113 113 113 113 113 113 113 113 113 113 113 113 113 113 113 113 113 113 113 113 113 113 113 113 113 113 113 113 113 113 113 113 113 113 113 113 113 113 113 113 113 113 113 113 113 113 113 113 113 113 113 113 113 113 113 113 113 113 113 113 113 113 113 113 113 113 113 113 113 113 113 113 113 113 113 113 113 113 113 113 113 113 113 113 113 113 113 113

----------------------------------------------

=============================================================
test_gfp_arith - gfp mul32
=============================================================

-------------------- Cycles --------------------

! @  153 105 86 86 86 86 86 86 86 88 86 86 86 86 86 86 86 86 86 86 86 86 86 86 86 86 86 86 86 86 86 86 86 86 86 86 86 88 86 86 86 86 86 86 86 86 86 86 86 86 86 86 86 86 86 88 86 86 86 86 86 86 86 86 86 88 86 86 86 86 86 86 86 86 86 86 86 86 86 86 86 86 86 86 86 86 86 86 86 86 86 86 86 86 86 86 86 86 86 86

---------------- Instructions ----------------

! @  85 85 85 85 85 85 85 85 85 85 85 85 85 85 85 85 85 85 85 85 85 85 85 85 85 85 85 85 85 85 85 85 85 85 85 85 85 85 85 85 85 85 85 85 85 85 85 85 85 85 85 85 85 85 85 85 85 85 85 85 85 85 85 85 85 85 85 85 85 85 85 85 85 85 85 85 85 85 85 85 85 85 85 85 85 85 85 85 85 85 85 85 85 85 85 85 85 85 85 85

----------------------------------------------

=============================================================
test_curve_arith - mon_ladder_step
=============================================================

-------------------- Cycles --------------------

! @  4399 4401 4382 4404 4382 4404 4382 4404 4382 4404 4382 4405 4382 4404 4382 4405 4382 73905 4952 4437 4402 4404 4382 4404 4382 4404 4382 4404 4382 4404 4382 4404 4382 4404 4382 4404 4382 4404 4382 4404 4382 4404 4382 4405 4382 4404 70368 5507 4382 4404 4382 4404 4382 4404 4382 4405 4382 4404 4382 4404 4382 4404 4382 4409 4382 4404 4382 4404 4382 4404 4382 4404 4382 4415 4382 4404 70162 4719 4398 4404 4382 4405 4382 4404 4382 4405 4382 4404 4382 4405 4382 4404 4382 4404 4382 4404 4382 4404 4382 4416
! @  4382 4404 4382 4404 4382 4404 71394 4910 4382 4404 4382 4404 4382 4404 4382 4404 4382 4407 4382 4404 4382 4404 4382 4404 4382 4404 4382 4404 4382 4404 4382 4406 4382 4404 4382 4404 71077 4558 4382 4407 4382 4404 4382 4404 4382 4404 4382 4404 4382 4404 4382 4404 4382 4406 4382 4404 4382 4404 4382 4404 4382 4406 4382 4404 4382 4404 71428 4462 4382 4404 4382 4404 4382 4415 4382 4404 4382 4404 4382 4404 4382 4404 4382 4415 4382 4404 4382 4404 4382 4404 4382 4404 4382 4404 4382 4404 71230 4432 4382 4404

---------------- Instructions ----------------

! @  3461 3461 3461 3461 3461 3461 3461 3461 3461 3461 3461 3461 3461 3461 3461 3461 3461 14866 3461 3461 3461 3461 3461 3461 3461 3461 3461 3461 3461 3461 3461 3461 3461 3461 3461 3461 3461 3461 3461 3461 3461 3461 3461 3461 3461 3461 14866 3461 3461 3461 3461 3461 3461 3461 3461 3461 3461 3461 3461 3461 3461 3461 3461 3461 3461 3461 3461 3461 3461 3461 3461 3461 3461 3461 3461 3461 14866 3461 3461 3461 3461 3461 3461 3461 3461 3461 3461 3461 3461 3461 3461 3461 3461 3461 3461 3461 3461 3461 3461 3461
! @  3461 3461 3461 3461 3461 3461 14866 3461 3461 3461 3461 3461 3461 3461 3461 3461 3461 3461 3461 3461 3461 3461 3461 3461 3461 3461 3461 3461 3461 3461 3461 3461 3461 3461 3461 3461 14866 3461 3461 3461 3461 3461 3461 3461 3461 3461 3461 3461 3461 3461 3461 3461 3461 3461 3461 3461 3461 3461 3461 3461 3461 3461 3461 3461 3461 3461 14866 3461 3461 3461 3461 3461 3461 3461 3461 3461 3461 3461 3461 3461 3461 3461 3461 3461 3461 3461 3461 3461 3461 3461 3461 3461 3461 3461 3461 3461 14866 3461 3461 3461

----------------------------------------------

=============================================================
ecdh correctness test
=============================================================
x25519: (alice <---> bob: rfc7748 test vectors)
- private keys:
  alice: 2A2CB91DA5FB77B12A99C0EB872F4CDF4566B25172C1163C7DA518730A6D0777
  bob  : EBE088FF278B2F1CFDB6182629B13B6FE60E80838B7FE1794B8A4A627E08AB5D
- public keys:
  alice: 6A4E9BAA8EA9A4EBF41A38260D3ABF0D5AF73EB4DC7D8B7454A7308909F02085
  bob  : 4F2B886F147EFCAD4D67785BC843833F3735E4ECC2615BD3B4C17D7B7DDB9EDE
- shared secrets:
  alice: 4217161E3C9BF076339ED147C9217EE0250F3580F43B8E72E12DCEA45B9D5D4A
  bob  : 4217161E3C9BF076339ED147C9217EE0250F3580F43B8E72E12DCEA45B9D5D4A
- results:[32m equal [0m
-------------------------------------------------------------
x25519: (carol <---> dave: random test vectors)
- private keys:
  carol: 593C88AA59876667470F7256DE31BF0187E11C7CDFBDF654FBE2FB4B6B817EC6
  dave : 363F1F8F99D95F8E761AE3CC987902DA5B65AE372F55543CD8A185D27B1356EA
- public keys:
  carol: 49335110A9BFAEE04B26E014C5B66C4F5332DD0449DB319E5CDA941E713B2A9D
  dave : 11286328E598CBF797EBDFC76708EA606825C43B99A8DB056015F0A03BC63CB1
- shared secrets:
  carol: 7EB837D18E3DF1CA004EA8BA446BE7E3EE56731E1641EF0A0A0FC3B12784468E
  dave : 7EB837D18E3DF1CA004EA8BA446BE7E3EE56731E1641EF0A0A0FC3B12784468E
- results:[32m equal [0m
