! 32, isa, 32, 0, 1, 8, 256, 10, 10, 764, 774, 765
  result is correct!
! 32, isa, 32, 0, 1, 12, 384, 10, 10, 1609, 1989, 1658
  result is correct!
! 32, isa, 32, 0, 1, 16, 512, 10, 10, 2763, 3252, 2813
  result is correct!
! 32, isa, 32, 0, 1, 20, 640, 10, 10, 4215, 4597, 4265
  result is correct!
! 32, isa, 32, 0, 1, 24, 768, 10, 10, 5979, 6460, 6088
  result is correct!
! 32, isa, 32, 0, 1, 28, 896, 10, 10, 8055, 8542, 8204
  result is correct!
! 32, isa, 32, 0, 1, 32, 1024, 10, 10, 10443, 10929, 10630
  result is correct!
! 32, isa, 32, 0, 1, 36, 1152, 10, 10, 13143, 13629, 13341
  result is correct!
! 32, isa, 32, 0, 1, 40, 1280, 10, 10, 16167, 16642, 16405
  result is correct!
! 32, isa, 32, 0, 1, 44, 1408, 10, 10, 19589, 19970, 19818
  result is correct!
! 32, isa, 32, 0, 1, 48, 1536, 10, 10, 23225, 23616, 23512
  result is correct!
! 32, isa, 32, 0, 1, 52, 1664, 10, 10, 27173, 27565, 27513
  result is correct!
! 32, isa, 32, 0, 1, 56, 1792, 10, 10, 31815, 32198, 31859
  result is correct!
! 32, isa, 32, 0, 1, 60, 1920, 10, 10, 36387, 36767, 36486
  result is correct!
! 32, isa, 32, 0, 1, 64, 2048, 10, 10, 41272, 41657, 41464
  result is correct!

--------------------Threshold debug data--------------------
! 32, isa, 32, 0, 1, 8, 256, 10

! @  774 764 764 764 764 764 764 764 764 764
! 32, isa, 32, 0, 1, 12, 384, 10

! @  1618 1609 1609 1609 1609 1609 1609 1989 1714 1609
! 32, isa, 32, 0, 1, 16, 512, 10

! @  3252 2780 2763 2763 2763 2763 2763 2763 2763 2763
! 32, isa, 32, 0, 1, 20, 640, 10

! @  4224 4215 4215 4597 4325 4215 4215 4215 4215 4215
! 32, isa, 32, 0, 1, 24, 768, 10

! @  6097 5979 5979 5979 6361 6089 5979 5979 5979 6460
! 32, isa, 32, 0, 1, 28, 896, 10

! @  8446 8165 8055 8055 8537 8072 8055 8055 8542 8067
! 32, isa, 32, 0, 1, 32, 1024, 10

! @  10452 10928 10455 10443 10929 10455 10825 10553 10443 10826
! 32, isa, 32, 0, 1, 36, 1152, 10

! @  13152 13629 13155 13629 13155 13527 13253 13521 13253 13143
! 32, isa, 32, 0, 1, 40, 1280, 10

! @  16562 16265 16539 16265 16547 16255 16642 16167 16641 16167
! 32, isa, 32, 0, 1, 44, 1408, 10

! @  19887 19589 19966 19873 19589 19966 19874 19589 19970 19877
! 32, isa, 32, 0, 1, 48, 1536, 10

! @  23610 23616 23513 23517 23310 23607 23511 23609 23225 23605
! 32, isa, 32, 0, 1, 52, 1664, 10

! @  27565 27556 27173 27553 27565 27565 27564 27565 27559 27466
! 32, isa, 32, 0, 1, 56, 1792, 10

! @  31832 31825 31824 31825 31827 32198 31815 31815 31816 31816
! 32, isa, 32, 0, 1, 60, 1920, 10

! @  36395 36485 36401 36767 36387 36387 36491 36398 36767 36390
! 32, isa, 32, 0, 1, 64, 2048, 10

! @  41657 41272 41374 41645 41375 41651 41274 41375 41653 41370
