>>>>
====
REPO_HOME         := auto-generated-text
RISCV             := auto-generated-text
MPISE_DESTRUCTIVE := 0
MPISE_STATELESS   := 0
----
ARCH              := rv64
TYPE              := ise
RADIX             := 58
PLATFORM          := cva6-fpga
VERSION           := simple
<<<<
bbl loader
! 58, ise, 64, 0, 0, 8, 464, 10, 9, 446, 446, 446
  result is correct!
! 58, ise, 64, 0, 0, 12, 696, 10, 9, 817, 817, 817
  result is correct!
! 58, ise, 64, 0, 0, 16, 928, 10, 9, 1277, 1277, 1277
  result is correct!
! 58, ise, 64, 0, 0, 20, 1160, 10, 8, 1814, 1819, 1814
  result is correct!
! 58, ise, 64, 0, 0, 24, 1392, 10, 8, 2452, 2457, 2452
  result is correct!
! 58, ise, 64, 0, 0, 28, 1624, 10, 8, 3186, 3197, 3187
  result is correct!
! 58, ise, 64, 0, 0, 32, 1856, 10, 8, 4016, 4021, 4016
  result is correct!
! 58, ise, 64, 0, 0, 36, 2088, 10, 6, 4942, 4947, 4942
  result is correct!
! 58, ise, 64, 0, 0, 40, 2320, 10, 6, 5967, 5967, 5967
  result is correct!
! 58, ise, 64, 0, 0, 44, 2552, 10, 6, 7082, 7087, 7082
  result is correct!
! 58, ise, 64, 0, 0, 48, 2784, 10, 5, 8296, 8336, 8304
  result is correct!
! 58, ise, 64, 0, 0, 52, 3016, 10, 3, 9606, 9606, 9606
  result is correct!
! 58, ise, 64, 0, 0, 56, 3248, 10, 3, 11012, 11052, 11025
  result is correct!
! 58, ise, 64, 0, 0, 60, 3480, 10, 4, 12514, 12560, 12545
  result is correct!
! 58, ise, 64, 0, 0, 64, 3712, 10, 5, 14152, 14253, 14202
  result is correct!
