>>>>
====
REPO_HOME         := auto-generated-text
RISCV             := auto-generated-text
MPISE_DESTRUCTIVE := 0
MPISE_STATELESS   := 0
----
ARCH              := rv64
TYPE              := ise
RADIX             := 59
PLATFORM          := cva6-fpga
VERSION           := simple
<<<<
bbl loader
! 59, ise, 64, 0, 0, 8, 472, 10, 9, 446, 446, 446
  result is correct!
! 59, ise, 64, 0, 0, 12, 708, 10, 9, 817, 817, 817
  result is correct!
! 59, ise, 64, 0, 0, 16, 944, 10, 9, 1277, 1277, 1277
  result is correct!
! 59, ise, 64, 0, 0, 20, 1180, 10, 8, 1814, 1819, 1814
  result is correct!
! 59, ise, 64, 0, 0, 24, 1416, 10, 8, 2452, 2457, 2452
  result is correct!
! 59, ise, 64, 0, 0, 28, 1652, 10, 8, 3186, 3197, 3187
  result is correct!
! 59, ise, 64, 0, 0, 32, 1888, 10, 8, 4016, 4021, 4016
  result is correct!
