>>>>
====
REPO_HOME         := auto-generated-text
RISCV             := auto-generated-text
MPISE_DESTRUCTIVE := 0
MPISE_STATELESS   := 0
----
ARCH              := rv64
TYPE              := ise
RADIX             := 55
PLATFORM          := cva6-fpga
VERSION           := simple
<<<<
bbl loader
! 55, ise, 64, 0, 0, 8, 440, 10, 9, 444, 444, 444
  result is correct!
! 55, ise, 64, 0, 0, 12, 660, 10, 9, 816, 816, 816
  result is correct!
! 55, ise, 64, 0, 0, 16, 880, 10, 9, 1276, 1276, 1276
  result is correct!
! 55, ise, 64, 0, 0, 20, 1100, 10, 8, 1813, 1819, 1813
  result is correct!
! 55, ise, 64, 0, 0, 24, 1320, 10, 8, 2451, 2457, 2451
  result is correct!
! 55, ise, 64, 0, 0, 28, 1540, 10, 7, 3185, 3185, 3185
  result is correct!
! 55, ise, 64, 0, 0, 32, 1760, 10, 8, 4015, 4021, 4015
  result is correct!
! 55, ise, 64, 0, 0, 36, 1980, 10, 6, 4941, 4947, 4942
  result is correct!
! 55, ise, 64, 0, 0, 40, 2200, 10, 6, 5966, 5966, 5966
  result is correct!
! 55, ise, 64, 0, 0, 44, 2420, 10, 6, 7081, 7087, 7082
  result is correct!
! 55, ise, 64, 0, 0, 48, 2640, 10, 5, 8295, 8336, 8303
  result is correct!
! 55, ise, 64, 0, 0, 52, 2860, 10, 3, 9605, 9605, 9605
  result is correct!
! 55, ise, 64, 0, 0, 56, 3080, 10, 3, 11011, 11052, 11024
  result is correct!
! 55, ise, 64, 0, 0, 60, 3300, 10, 4, 12513, 12560, 12545
  result is correct!
! 55, ise, 64, 0, 0, 64, 3520, 10, 2, 14152, 14152, 14152
  result is correct!
! 55, ise, 64, 0, 0, 68, 3740, 10, 5, 15852, 15947, 15928
  result is correct!
! 55, ise, 64, 0, 0, 72, 3960, 10, 5, 17636, 17827, 17736
  result is correct!
