>>>>
====
REPO_HOME         := auto-generated-text
RISCV             := auto-generated-text
MPISE_DESTRUCTIVE := 0
MPISE_STATELESS   := 0
----
ARCH              := rv64
TYPE              := isa
RADIX             := 62
PLATFORM          := cva6-fpga
VERSION           := hybrid
<<<<
bbl loader
! 62, isa, 64, 0, 0, 8, 496, 10, 9, 811, 811, 811
  result is correct!
! 62, isa, 64, 0, 0, 12, 744, 10, 8, 1598, 1600, 1598
  result is correct!
! 62, isa, 64, 0, 0, 16, 992, 10, 8, 2637, 2637, 2637
  result is correct!
