=============================================================
test_nop - nop_routine
=============================================================

-------------------- Cycles --------------------

! @  12 6 6 6 6 6 6 6 6 6

---------------- Instructions ----------------

! @  13 13 13 13 13 13 13 13 13 13

----------------------------------------------

=============================================================
test_gfp_arith - gfp add
=============================================================

-------------------- Cycles --------------------

! @  44 40 40 40 40 40 40 40 40 40

---------------- Instructions ----------------

! @  37 37 37 37 37 37 37 37 37 37

----------------------------------------------

=============================================================
test_gfp_arith - gfp sub
=============================================================

-------------------- Cycles --------------------

! @  48 44 44 44 44 44 44 44 44 44

---------------- Instructions ----------------

! @  46 46 46 46 46 46 46 46 46 46

----------------------------------------------

=============================================================
test_gfp_arith - gfp mul
=============================================================

-------------------- Cycles --------------------

! @  139 131 131 131 131 131 131 131 131 131

---------------- Instructions ----------------

! @  113 113 113 113 113 113 113 113 113 113

----------------------------------------------

=============================================================
test_gfp_arith - gfp mul32
=============================================================

-------------------- Cycles --------------------

! @  63 55 55 55 55 55 55 55 55 55

---------------- Instructions ----------------

! @  50 50 50 50 50 50 50 50 50 50

----------------------------------------------

=============================================================
test_gfp_arith - gfp sqr
=============================================================

-------------------- Cycles --------------------

! @  95 90 90 90 90 90 90 90 90 90

---------------- Instructions ----------------

! @  85 85 85 85 85 85 85 85 85 85

----------------------------------------------

=============================================================
test_gfp_arith - gfp inv
=============================================================

-------------------- Cycles --------------------

! @  24264 24249 24243 23775 24250 24259 24258 24242 23775 24250

---------------- Instructions ----------------

! @  20170 20170 20170 20170 20170 20170 20170 20170 20170 20170

----------------------------------------------

=============================================================
test_curve_arith - mon_ladder_step
=============================================================

-------------------- Cycles --------------------

! @  1355 1351 1351 1351 1351 1351 1351 1351 1351 1351

---------------- Instructions ----------------

! @  1113 1113 1113 1113 1113 1113 1113 1113 1113 1113

----------------------------------------------

=============================================================
test_mon_varbase_mul - mon_varbase_mul
=============================================================

-------------------- Cycles --------------------

! @  401564 400901 400911 401571 400920 401116 401327 400908 401542 400941

---------------- Instructions ----------------

! @  325516 325516 325516 325516 325516 325516 325516 325516 325516 325516

----------------------------------------------
