=============================================================
test_nop - nop_routine
=============================================================

-------------------- Cycles --------------------

! @  12 7 7 7 7 7 7 7 7 7

---------------- Instructions ----------------

! @  13 13 13 13 13 13 13 13 13 13

----------------------------------------------

=============================================================
test_gfp_arith - gfp add
=============================================================

-------------------- Cycles --------------------

! @  52 48 48 48 48 48 48 48 48 48

---------------- Instructions ----------------

! @  54 54 54 54 54 54 54 54 54 54

----------------------------------------------

=============================================================
test_gfp_arith - gfp sub
=============================================================

-------------------- Cycles --------------------

! @  63 60 60 60 60 60 60 60 60 60

---------------- Instructions ----------------

! @  66 66 66 66 66 66 66 66 66 66

----------------------------------------------

=============================================================
test_gfp_arith - gfp mul
=============================================================

-------------------- Cycles --------------------

! @  193 190 190 190 190 190 190 190 190 190

---------------- Instructions ----------------

! @  177 177 177 177 177 177 177 177 177 177

----------------------------------------------

=============================================================
test_gfp_arith - gfp mul32
=============================================================

-------------------- Cycles --------------------

! @  55 48 48 48 48 48 48 48 48 48

---------------- Instructions ----------------

! @  50 50 50 50 50 50 50 50 50 50

----------------------------------------------

=============================================================
test_gfp_arith - gfp sqr
=============================================================

-------------------- Cycles --------------------

! @  162 160 160 160 160 160 160 160 160 160

---------------- Instructions ----------------

! @  151 151 151 151 151 151 151 151 151 151

----------------------------------------------

=============================================================
test_gfp_arith - gfp inv
=============================================================

-------------------- Cycles --------------------

! @  43416 42925 43411 42934 43410 42932 42924 43420 42926 43419

---------------- Instructions ----------------

! @  37638 37638 37638 37638 37638 37638 37638 37638 37638 37638

----------------------------------------------

=============================================================
test_curve_arith - mon_ladder_step
=============================================================

-------------------- Cycles --------------------

! @  2019 2015 2015 2015 2015 2015 2015 2015 2015 2015

---------------- Instructions ----------------

! @  1845 1845 1845 1845 1845 1845 1845 1845 1845 1845

----------------------------------------------

=============================================================
test_mon_varbase_mul - mon_varbase_mul
=============================================================

-------------------- Cycles --------------------

! @  591267 590724 591247 591276 590737 591231 591333 590743 591396 591244

---------------- Instructions ----------------

! @  525332 525332 525332 525332 525332 525332 525332 525332 525332 525332

----------------------------------------------
