====
REPO_HOME         := /home/gk24545/Documents/software/Github/mpise-releases/v22052025
RISCV             := /home/gk24545/Documents/software/Github/mpise-releases/v22052025/build/riscv-spike
MPISE_DESTRUCTIVE := 0
MPISE_STATELESS   := 0
----
ARCH              := rv64
TYPE              := ise
RADIX             := 51
PLATFORM          := spike
VERSION           := hybrid
<<<<
bbl loader
! 51, ise, 64, 0, 0, 8, 408, 417, 417, 417
  result is correct!
! 51, ise, 64, 0, 0, 12, 612, 737, 737, 737
  result is correct!
! 51, ise, 64, 0, 0, 16, 816, 1145, 1145, 1145
  result is correct!
! 51, ise, 64, 0, 0, 20, 1020, 1641, 1641, 1641
  result is correct!
! 51, ise, 64, 0, 0, 24, 1224, 2225, 2225, 2225
  result is correct!
! 51, ise, 64, 0, 0, 28, 1428, 2897, 2897, 2897
  result is correct!
! 51, ise, 64, 0, 0, 32, 1632, 3657, 3657, 3657
  result is correct!
! 51, ise, 64, 0, 0, 36, 1836, 4505, 4505, 4505
  result is correct!
! 51, ise, 64, 0, 0, 40, 2040, 5441, 5441, 5441
  result is correct!
! 51, ise, 64, 0, 0, 44, 2244, 6465, 6465, 6465
  result is correct!
! 51, ise, 64, 0, 0, 48, 2448, 7577, 7577, 7577
  result is correct!
! 51, ise, 64, 0, 0, 52, 2652, 8777, 8777, 8777
  result is correct!
! 51, ise, 64, 0, 0, 56, 2856, 10065, 10065, 10065
  result is correct!
! 51, ise, 64, 0, 0, 60, 3060, 11441, 11441, 11441
  result is correct!
! 51, ise, 64, 0, 0, 64, 3264, 12905, 12905, 12905
  result is correct!
! 51, ise, 64, 0, 0, 68, 3468, 14457, 14457, 14457
  result is correct!
! 51, ise, 64, 0, 0, 72, 3672, 16097, 16097, 16097
  result is correct!
>>>>
