====
REPO_HOME         := /home/gk24545/Documents/software/Github/mpise-releases/v22052025
RISCV             := /home/gk24545/Documents/software/Github/mpise-releases/v22052025/build/riscv-spike
MPISE_DESTRUCTIVE := 0
MPISE_STATELESS   := 0
----
ARCH              := rv64
TYPE              := ise
RADIX             := 54
PLATFORM          := spike
VERSION           := simple
<<<<
bbl loader
! 54, ise, 64, 0, 0, 8, 432, 701, 701, 701
  result is correct!
! 54, ise, 64, 0, 0, 12, 648, 1429, 1429, 1429
  result is correct!
! 54, ise, 64, 0, 0, 16, 864, 2413, 2413, 2413
  result is correct!
! 54, ise, 64, 0, 0, 20, 1080, 3653, 3653, 3653
  result is correct!
! 54, ise, 64, 0, 0, 24, 1296, 5149, 5149, 5149
  result is correct!
! 54, ise, 64, 0, 0, 28, 1512, 6901, 6901, 6901
  result is correct!
! 54, ise, 64, 0, 0, 32, 1728, 8909, 8909, 8909
  result is correct!
! 54, ise, 64, 0, 0, 36, 1944, 11173, 11173, 11173
  result is correct!
! 54, ise, 64, 0, 0, 40, 2160, 13693, 13693, 13693
  result is correct!
! 54, ise, 64, 0, 0, 44, 2376, 16469, 16469, 16469
  result is correct!
! 54, ise, 64, 0, 0, 48, 2592, 19501, 19501, 19501
  result is correct!
! 54, ise, 64, 0, 0, 52, 2808, 22789, 22789, 22789
  result is correct!
! 54, ise, 64, 0, 0, 56, 3024, 26333, 26333, 26333
  result is correct!
! 54, ise, 64, 0, 0, 60, 3240, 30133, 30133, 30133
  result is correct!
! 54, ise, 64, 0, 0, 64, 3456, 34189, 34189, 34189
  result is correct!
! 54, ise, 64, 0, 0, 68, 3672, 38501, 38501, 38501
  result is correct!
! 54, ise, 64, 0, 0, 72, 3888, 43069, 43069, 43069
  result is correct!
>>>>
