====
REPO_HOME         := /home/gk24545/Documents/software/Github/mpise-releases/v22052025
RISCV             := /home/gk24545/Documents/software/Github/mpise-releases/v22052025/build/riscv-spike
MPISE_DESTRUCTIVE := 0
MPISE_STATELESS   := 0
----
ARCH              := rv64
TYPE              := isa
RADIX             := 52
PLATFORM          := spike
VERSION           := simple
<<<<
bbl loader
! 52, isa, 64, 0, 0, 8, 416, 971, 971, 971
  result is correct!
! 52, isa, 64, 0, 0, 12, 624, 2027, 2027, 2027
  result is correct!
! 52, isa, 64, 0, 0, 16, 832, 3467, 3467, 3467
  result is correct!
! 52, isa, 64, 0, 0, 20, 1040, 5291, 5291, 5291
  result is correct!
! 52, isa, 64, 0, 0, 24, 1248, 7499, 7499, 7499
  result is correct!
! 52, isa, 64, 0, 0, 28, 1456, 10091, 10091, 10091
  result is correct!
! 52, isa, 64, 0, 0, 32, 1664, 13067, 13067, 13067
  result is correct!
! 52, isa, 64, 0, 0, 36, 1872, 16427, 16427, 16427
  result is correct!
! 52, isa, 64, 0, 0, 40, 2080, 20171, 20171, 20171
  result is correct!
! 52, isa, 64, 0, 0, 44, 2288, 24299, 24299, 24299
  result is correct!
! 52, isa, 64, 0, 0, 48, 2496, 28811, 28811, 28811
  result is correct!
! 52, isa, 64, 0, 0, 52, 2704, 33707, 33707, 33707
  result is correct!
! 52, isa, 64, 0, 0, 56, 2912, 38987, 38987, 38987
  result is correct!
! 52, isa, 64, 0, 0, 60, 3120, 44651, 44651, 44651
  result is correct!
! 52, isa, 64, 0, 0, 64, 3328, 50699, 50699, 50699
  result is correct!
! 52, isa, 64, 0, 0, 68, 3536, 57131, 57131, 57131
  result is correct!
! 52, isa, 64, 0, 0, 72, 3744, 63947, 63947, 63947
  result is correct!
>>>>
