====
REPO_HOME         := /home/gk24545/Documents/software/Github/mpise-releases/v22052025
RISCV             := /home/gk24545/Documents/software/Github/mpise-releases/v22052025/build/riscv-spike
MPISE_DESTRUCTIVE := 0
MPISE_STATELESS   := 0
----
ARCH              := rv64
TYPE              := ise
RADIX             := 64
PLATFORM          := spike
VERSION           := hybrid
<<<<
bbl loader
! 64, ise, 64, 0, 0, 8, 512, 410, 410, 410
  result is correct!
! 64, ise, 64, 0, 0, 12, 768, 828, 828, 828
  result is correct!
! 64, ise, 64, 0, 0, 16, 1024, 1398, 1398, 1398
  result is correct!
! 64, ise, 64, 0, 0, 20, 1280, 2120, 2120, 2120
  result is correct!
! 64, ise, 64, 0, 0, 24, 1536, 2994, 2994, 2994
  result is correct!
! 64, ise, 64, 0, 0, 28, 1792, 4020, 4020, 4020
  result is correct!
! 64, ise, 64, 0, 0, 32, 2048, 5198, 5198, 5198
  result is correct!
! 64, ise, 64, 0, 0, 36, 2304, 6528, 6528, 6528
  result is correct!
! 64, ise, 64, 0, 0, 40, 2560, 8010, 8010, 8010
  result is correct!
! 64, ise, 64, 0, 0, 44, 2816, 9644, 9644, 9644
  result is correct!
! 64, ise, 64, 0, 0, 48, 3072, 11430, 11430, 11430
  result is correct!
! 64, ise, 64, 0, 0, 52, 3328, 13368, 13368, 13368
  result is correct!
! 64, ise, 64, 0, 0, 56, 3584, 15458, 15458, 15458
  result is correct!
! 64, ise, 64, 0, 0, 60, 3840, 17700, 17700, 17700
  result is correct!
! 64, ise, 64, 0, 0, 64, 4096, 20094, 20094, 20094
  result is correct!
>>>>
