====
REPO_HOME         := /home/gk24545/Documents/software/Github/mpise-releases/v22052025
RISCV             := /home/gk24545/Documents/software/Github/mpise-releases/v22052025/build/riscv-spike
MPISE_DESTRUCTIVE := 0
MPISE_STATELESS   := 0
----
ARCH              := rv64
TYPE              := ise
RADIX             := 53
PLATFORM          := spike
VERSION           := simple
<<<<
bbl loader
! 53, ise, 64, 0, 0, 8, 424, 701, 701, 701
  result is correct!
! 53, ise, 64, 0, 0, 12, 636, 1429, 1429, 1429
  result is correct!
! 53, ise, 64, 0, 0, 16, 848, 2413, 2413, 2413
  result is correct!
! 53, ise, 64, 0, 0, 20, 1060, 3653, 3653, 3653
  result is correct!
! 53, ise, 64, 0, 0, 24, 1272, 5149, 5149, 5149
  result is correct!
! 53, ise, 64, 0, 0, 28, 1484, 6901, 6901, 6901
  result is correct!
! 53, ise, 64, 0, 0, 32, 1696, 8909, 8909, 8909
  result is correct!
! 53, ise, 64, 0, 0, 36, 1908, 11173, 11173, 11173
  result is correct!
! 53, ise, 64, 0, 0, 40, 2120, 13693, 13693, 13693
  result is correct!
! 53, ise, 64, 0, 0, 44, 2332, 16469, 16469, 16469
  result is correct!
! 53, ise, 64, 0, 0, 48, 2544, 19501, 19501, 19501
  result is correct!
! 53, ise, 64, 0, 0, 52, 2756, 22789, 22789, 22789
  result is correct!
! 53, ise, 64, 0, 0, 56, 2968, 26333, 26333, 26333
  result is correct!
! 53, ise, 64, 0, 0, 60, 3180, 30133, 30133, 30133
  result is correct!
! 53, ise, 64, 0, 0, 64, 3392, 34189, 34189, 34189
  result is correct!
! 53, ise, 64, 0, 0, 68, 3604, 38501, 38501, 38501
  result is correct!
! 53, ise, 64, 0, 0, 72, 3816, 43069, 43069, 43069
  result is correct!
>>>>
