====
REPO_HOME         := /home/gk24545/Documents/software/Github/mpise-releases/v22052025
RISCV             := /home/gk24545/Documents/software/Github/mpise-releases/v22052025/build/riscv-spike
MPISE_DESTRUCTIVE := 0
MPISE_STATELESS   := 0
----
ARCH              := rv64
TYPE              := ise
RADIX             := 64
PLATFORM          := spike
VERSION           := simple
<<<<
bbl loader
! 64, ise, 64, 0, 0, 8, 512, 810, 810, 810
  result is correct!
! 64, ise, 64, 0, 0, 12, 768, 1690, 1690, 1690
  result is correct!
! 64, ise, 64, 0, 0, 16, 1024, 2890, 2890, 2890
  result is correct!
! 64, ise, 64, 0, 0, 20, 1280, 4410, 4410, 4410
  result is correct!
! 64, ise, 64, 0, 0, 24, 1536, 6250, 6250, 6250
  result is correct!
! 64, ise, 64, 0, 0, 28, 1792, 8410, 8410, 8410
  result is correct!
! 64, ise, 64, 0, 0, 32, 2048, 10890, 10890, 10890
  result is correct!
! 64, ise, 64, 0, 0, 36, 2304, 13690, 13690, 13690
  result is correct!
! 64, ise, 64, 0, 0, 40, 2560, 16810, 16810, 16810
  result is correct!
! 64, ise, 64, 0, 0, 44, 2816, 20250, 20250, 20250
  result is correct!
! 64, ise, 64, 0, 0, 48, 3072, 24010, 24010, 24010
  result is correct!
! 64, ise, 64, 0, 0, 52, 3328, 28090, 28090, 28090
  result is correct!
! 64, ise, 64, 0, 0, 56, 3584, 32490, 32490, 32490
  result is correct!
! 64, ise, 64, 0, 0, 60, 3840, 37210, 37210, 37210
  result is correct!
! 64, ise, 64, 0, 0, 64, 4096, 42250, 42250, 42250
  result is correct!
>>>>
