====
REPO_HOME         := /home/gk24545/Documents/software/Github/mpise-releases/v22052025
RISCV             := /home/gk24545/Documents/software/Github/mpise-releases/v22052025/build/riscv-spike
MPISE_DESTRUCTIVE := 0
MPISE_STATELESS   := 0
----
ARCH              := rv64
TYPE              := isa
RADIX             := 61
PLATFORM          := spike
VERSION           := simple
<<<<
bbl loader
! 61, isa, 64, 0, 0, 8, 488, 971, 971, 971
  result is correct!
! 61, isa, 64, 0, 0, 12, 732, 2027, 2027, 2027
  result is correct!
! 61, isa, 64, 0, 0, 16, 976, 3467, 3467, 3467
  result is correct!
! 61, isa, 64, 0, 0, 20, 1220, 5291, 5291, 5291
  result is correct!
! 61, isa, 64, 0, 0, 24, 1464, 7499, 7499, 7499
  result is correct!
! 61, isa, 64, 0, 0, 28, 1708, 10091, 10091, 10091
  result is correct!
! 61, isa, 64, 0, 0, 32, 1952, 13067, 13067, 13067
  result is correct!
! 61, isa, 64, 0, 0, 36, 2196, 16427, 16427, 16427
  result is correct!
! 61, isa, 64, 0, 0, 40, 2440, 20171, 20171, 20171
  result is correct!
! 61, isa, 64, 0, 0, 44, 2684, 24299, 24299, 24299
  result is correct!
! 61, isa, 64, 0, 0, 48, 2928, 28811, 28811, 28811
  result is correct!
! 61, isa, 64, 0, 0, 52, 3172, 33707, 33707, 33707
  result is correct!
! 61, isa, 64, 0, 0, 56, 3416, 38987, 38987, 38987
  result is correct!
! 61, isa, 64, 0, 0, 60, 3660, 44651, 44651, 44651
  result is correct!
! 61, isa, 64, 0, 0, 64, 3904, 50699, 50699, 50699
  result is correct!
>>>>
