====
REPO_HOME         := /home/gk24545/Documents/software/Github/mpise-releases/v22052025
RISCV             := /home/gk24545/Documents/software/Github/mpise-releases/v22052025/build/riscv-spike
MPISE_DESTRUCTIVE := 0
MPISE_STATELESS   := 0
----
ARCH              := rv64
TYPE              := isa
RADIX             := 57
PLATFORM          := spike
VERSION           := simple
<<<<
bbl loader
! 57, isa, 64, 0, 0, 8, 456, 971, 971, 971
  result is correct!
! 57, isa, 64, 0, 0, 12, 684, 2027, 2027, 2027
  result is correct!
! 57, isa, 64, 0, 0, 16, 912, 3467, 3467, 3467
  result is correct!
! 57, isa, 64, 0, 0, 20, 1140, 5291, 5291, 5291
  result is correct!
! 57, isa, 64, 0, 0, 24, 1368, 7499, 7499, 7499
  result is correct!
! 57, isa, 64, 0, 0, 28, 1596, 10091, 10091, 10091
  result is correct!
! 57, isa, 64, 0, 0, 32, 1824, 13067, 13067, 13067
  result is correct!
! 57, isa, 64, 0, 0, 36, 2052, 16427, 16427, 16427
  result is correct!
! 57, isa, 64, 0, 0, 40, 2280, 20171, 20171, 20171
  result is correct!
! 57, isa, 64, 0, 0, 44, 2508, 24299, 24299, 24299
  result is correct!
! 57, isa, 64, 0, 0, 48, 2736, 28811, 28811, 28811
  result is correct!
! 57, isa, 64, 0, 0, 52, 2964, 33707, 33707, 33707
  result is correct!
! 57, isa, 64, 0, 0, 56, 3192, 38987, 38987, 38987
  result is correct!
! 57, isa, 64, 0, 0, 60, 3420, 44651, 44651, 44651
  result is correct!
! 57, isa, 64, 0, 0, 64, 3648, 50699, 50699, 50699
  result is correct!
! 57, isa, 64, 0, 0, 68, 3876, 57131, 57131, 57131
  result is correct!
! 57, isa, 64, 0, 0, 72, 4104, 63947, 63947, 63947
  result is correct!
>>>>
