====
REPO_HOME         := /home/gk24545/Documents/software/Github/mpise-releases/v22052025
RISCV             := /home/gk24545/Documents/software/Github/mpise-releases/v22052025/build/riscv-spike
MPISE_DESTRUCTIVE := 0
MPISE_STATELESS   := 0
----
ARCH              := rv64
TYPE              := ise
RADIX             := 57
PLATFORM          := spike
VERSION           := hybrid
<<<<
bbl loader
! 57, ise, 64, 0, 0, 8, 456, 417, 417, 417
  result is correct!
! 57, ise, 64, 0, 0, 12, 684, 737, 737, 737
  result is correct!
! 57, ise, 64, 0, 0, 16, 912, 1145, 1145, 1145
  result is correct!
! 57, ise, 64, 0, 0, 20, 1140, 1641, 1641, 1641
  result is correct!
! 57, ise, 64, 0, 0, 24, 1368, 2225, 2225, 2225
  result is correct!
! 57, ise, 64, 0, 0, 28, 1596, 2897, 2897, 2897
  result is correct!
! 57, ise, 64, 0, 0, 32, 1824, 3657, 3657, 3657
  result is correct!
! 57, ise, 64, 0, 0, 36, 2052, 4505, 4505, 4505
  result is correct!
! 57, ise, 64, 0, 0, 40, 2280, 5441, 5441, 5441
  result is correct!
! 57, ise, 64, 0, 0, 44, 2508, 6465, 6465, 6465
  result is correct!
! 57, ise, 64, 0, 0, 48, 2736, 7577, 7577, 7577
  result is correct!
! 57, ise, 64, 0, 0, 52, 2964, 8777, 8777, 8777
  result is correct!
! 57, ise, 64, 0, 0, 56, 3192, 10065, 10065, 10065
  result is correct!
! 57, ise, 64, 0, 0, 60, 3420, 11441, 11441, 11441
  result is correct!
! 57, ise, 64, 0, 0, 64, 3648, 12905, 12905, 12905
  result is correct!
! 57, ise, 64, 0, 0, 68, 3876, 14457, 14457, 14457
  result is correct!
! 57, ise, 64, 0, 0, 72, 4104, 16097, 16097, 16097
  result is correct!
>>>>
