====
REPO_HOME         := /home/gk24545/Documents/software/Github/mpise-releases/v22052025
RISCV             := /home/gk24545/Documents/software/Github/mpise-releases/v22052025/build/riscv-spike
MPISE_DESTRUCTIVE := 0
MPISE_STATELESS   := 0
----
ARCH              := rv64
TYPE              := isa
RADIX             := 52
PLATFORM          := spike
VERSION           := hybrid
<<<<
bbl loader
! 52, isa, 64, 0, 0, 8, 416, 722, 722, 722
  result is correct!
! 52, isa, 64, 0, 0, 12, 624, 1388, 1388, 1388
  result is correct!
! 52, isa, 64, 0, 0, 16, 832, 2270, 2270, 2270
  result is correct!
! 52, isa, 64, 0, 0, 20, 1040, 3368, 3368, 3368
  result is correct!
! 52, isa, 64, 0, 0, 24, 1248, 4682, 4682, 4682
  result is correct!
! 52, isa, 64, 0, 0, 28, 1456, 6212, 6212, 6212
  result is correct!
! 52, isa, 64, 0, 0, 32, 1664, 7958, 7958, 7958
  result is correct!
! 52, isa, 64, 0, 0, 36, 1872, 9920, 9920, 9920
  result is correct!
! 52, isa, 64, 0, 0, 40, 2080, 12098, 12098, 12098
  result is correct!
! 52, isa, 64, 0, 0, 44, 2288, 14492, 14492, 14492
  result is correct!
! 52, isa, 64, 0, 0, 48, 2496, 17102, 17102, 17102
  result is correct!
! 52, isa, 64, 0, 0, 52, 2704, 19928, 19928, 19928
  result is correct!
! 52, isa, 64, 0, 0, 56, 2912, 22970, 22970, 22970
  result is correct!
! 52, isa, 64, 0, 0, 60, 3120, 26228, 26228, 26228
  result is correct!
! 52, isa, 64, 0, 0, 64, 3328, 29702, 29702, 29702
  result is correct!
! 52, isa, 64, 0, 0, 68, 3536, 33392, 33392, 33392
  result is correct!
! 52, isa, 64, 0, 0, 72, 3744, 37298, 37298, 37298
  result is correct!
>>>>
