====
REPO_HOME         := /home/gk24545/Documents/software/Github/mpise-releases/v22052025
RISCV             := /home/gk24545/Documents/software/Github/mpise-releases/v22052025/build/riscv-spike
MPISE_DESTRUCTIVE := 0
MPISE_STATELESS   := 0
----
ARCH              := rv64
TYPE              := ise
RADIX             := 55
PLATFORM          := spike
VERSION           := simple
<<<<
bbl loader
! 55, ise, 64, 0, 0, 8, 440, 701, 701, 701
  result is correct!
! 55, ise, 64, 0, 0, 12, 660, 1429, 1429, 1429
  result is correct!
! 55, ise, 64, 0, 0, 16, 880, 2413, 2413, 2413
  result is correct!
! 55, ise, 64, 0, 0, 20, 1100, 3653, 3653, 3653
  result is correct!
! 55, ise, 64, 0, 0, 24, 1320, 5149, 5149, 5149
  result is correct!
! 55, ise, 64, 0, 0, 28, 1540, 6901, 6901, 6901
  result is correct!
! 55, ise, 64, 0, 0, 32, 1760, 8909, 8909, 8909
  result is correct!
! 55, ise, 64, 0, 0, 36, 1980, 11173, 11173, 11173
  result is correct!
! 55, ise, 64, 0, 0, 40, 2200, 13693, 13693, 13693
  result is correct!
! 55, ise, 64, 0, 0, 44, 2420, 16469, 16469, 16469
  result is correct!
! 55, ise, 64, 0, 0, 48, 2640, 19501, 19501, 19501
  result is correct!
! 55, ise, 64, 0, 0, 52, 2860, 22789, 22789, 22789
  result is correct!
! 55, ise, 64, 0, 0, 56, 3080, 26333, 26333, 26333
  result is correct!
! 55, ise, 64, 0, 0, 60, 3300, 30133, 30133, 30133
  result is correct!
! 55, ise, 64, 0, 0, 64, 3520, 34189, 34189, 34189
  result is correct!
! 55, ise, 64, 0, 0, 68, 3740, 38501, 38501, 38501
  result is correct!
! 55, ise, 64, 0, 0, 72, 3960, 43069, 43069, 43069
  result is correct!
>>>>
