====
REPO_HOME         := /home/gk24545/Documents/software/Github/mpise-releases/v22052025
RISCV             := /home/gk24545/Documents/software/Github/mpise-releases/v22052025/build/riscv-spike
MPISE_DESTRUCTIVE := 0
MPISE_STATELESS   := 0
----
ARCH              := rv64
TYPE              := isa
RADIX             := 59
PLATFORM          := spike
VERSION           := simple
<<<<
bbl loader
! 59, isa, 64, 0, 0, 8, 472, 971, 971, 971
  result is correct!
! 59, isa, 64, 0, 0, 12, 708, 2027, 2027, 2027
  result is correct!
! 59, isa, 64, 0, 0, 16, 944, 3467, 3467, 3467
  result is correct!
! 59, isa, 64, 0, 0, 20, 1180, 5291, 5291, 5291
  result is correct!
! 59, isa, 64, 0, 0, 24, 1416, 7499, 7499, 7499
  result is correct!
! 59, isa, 64, 0, 0, 28, 1652, 10091, 10091, 10091
  result is correct!
! 59, isa, 64, 0, 0, 32, 1888, 13067, 13067, 13067
  result is correct!
! 59, isa, 64, 0, 0, 36, 2124, 16427, 16427, 16427
  result is correct!
! 59, isa, 64, 0, 0, 40, 2360, 20171, 20171, 20171
  result is correct!
! 59, isa, 64, 0, 0, 44, 2596, 24299, 24299, 24299
  result is correct!
! 59, isa, 64, 0, 0, 48, 2832, 28811, 28811, 28811
  result is correct!
! 59, isa, 64, 0, 0, 52, 3068, 33707, 33707, 33707
  result is correct!
! 59, isa, 64, 0, 0, 56, 3304, 38987, 38987, 38987
  result is correct!
! 59, isa, 64, 0, 0, 60, 3540, 44651, 44651, 44651
  result is correct!
! 59, isa, 64, 0, 0, 64, 3776, 50699, 50699, 50699
  result is correct!
! 59, isa, 64, 0, 0, 68, 4012, 57131, 57131, 57131
  result is correct!
! 59, isa, 64, 0, 0, 72, 4248, 63947, 63947, 63947
  result is correct!
>>>>
