====
REPO_HOME         := /home/gk24545/Documents/software/Github/mpise-releases/v22052025
RISCV             := /home/gk24545/Documents/software/Github/mpise-releases/v22052025/build/riscv-spike
MPISE_DESTRUCTIVE := 0
MPISE_STATELESS   := 0
----
ARCH              := rv32
TYPE              := ise
RADIX             := 28
PLATFORM          := spike
VERSION           := simple
<<<<
bbl loader
! 28, ise, 32, 0, 0, 8, 224, 704, 704, 704
  result is correct!
! 28, ise, 32, 0, 0, 12, 336, 1432, 1432, 1432
  result is correct!
! 28, ise, 32, 0, 0, 16, 448, 2416, 2416, 2416
  result is correct!
>>>>
