====
REPO_HOME         := /home/gk24545/Documents/software/Github/mpise-releases/v22052025
RISCV             := /home/gk24545/Documents/software/Github/mpise-releases/v22052025/build/riscv-spike
MPISE_DESTRUCTIVE := 0
MPISE_STATELESS   := 0
----
ARCH              := rv32
TYPE              := ise
RADIX             := 26
PLATFORM          := spike
VERSION           := hybrid
<<<<
bbl loader
! 26, ise, 32, 0, 0, 8, 208, 420, 420, 420
  result is correct!
! 26, ise, 32, 0, 0, 12, 312, 740, 740, 740
  result is correct!
! 26, ise, 32, 0, 0, 16, 416, 1148, 1148, 1148
  result is correct!
! 26, ise, 32, 0, 0, 20, 520, 1644, 1644, 1644
  result is correct!
! 26, ise, 32, 0, 0, 24, 624, 2228, 2228, 2228
  result is correct!
! 26, ise, 32, 0, 0, 28, 728, 2900, 2900, 2900
  result is correct!
! 26, ise, 32, 0, 0, 32, 832, 3660, 3660, 3660
  result is correct!
! 26, ise, 32, 0, 0, 36, 936, 4508, 4508, 4508
  result is correct!
! 26, ise, 32, 0, 0, 40, 1040, 5444, 5444, 5444
  result is correct!
! 26, ise, 32, 0, 0, 44, 1144, 6468, 6468, 6468
  result is correct!
! 26, ise, 32, 0, 0, 48, 1248, 7580, 7580, 7580
  result is correct!
! 26, ise, 32, 0, 0, 52, 1352, 8780, 8780, 8780
  result is correct!
! 26, ise, 32, 0, 0, 56, 1456, 10068, 10068, 10068
  result is correct!
! 26, ise, 32, 0, 0, 60, 1560, 11444, 11444, 11444
  result is correct!
! 26, ise, 32, 0, 0, 64, 1664, 12908, 12908, 12908
  result is correct!
>>>>
