====
REPO_HOME         := /home/gk24545/Documents/software/Github/mpise-releases/v22052025
RISCV             := /home/gk24545/Documents/software/Github/mpise-releases/v22052025/build/riscv-spike
MPISE_DESTRUCTIVE := 0
MPISE_STATELESS   := 0
----
ARCH              := rv32
TYPE              := isa
RADIX             := 22
PLATFORM          := spike
VERSION           := simple
<<<<
bbl loader
! 22, isa, 32, 0, 0, 8, 176, 974, 974, 974
  result is correct!
! 22, isa, 32, 0, 0, 12, 264, 2030, 2030, 2030
  result is correct!
! 22, isa, 32, 0, 0, 16, 352, 3470, 3470, 3470
  result is correct!
! 22, isa, 32, 0, 0, 20, 440, 5294, 5294, 5294
  result is correct!
! 22, isa, 32, 0, 0, 24, 528, 7502, 7502, 7502
  result is correct!
! 22, isa, 32, 0, 0, 28, 616, 10094, 10094, 10094
  result is correct!
! 22, isa, 32, 0, 0, 32, 704, 13070, 13070, 13070
  result is correct!
! 22, isa, 32, 0, 0, 36, 792, 16430, 16430, 16430
  result is correct!
! 22, isa, 32, 0, 0, 40, 880, 20174, 20174, 20174
  result is correct!
! 22, isa, 32, 0, 0, 44, 968, 24302, 24302, 24302
  result is correct!
! 22, isa, 32, 0, 0, 48, 1056, 28814, 28814, 28814
  result is correct!
! 22, isa, 32, 0, 0, 52, 1144, 33710, 33710, 33710
  result is correct!
! 22, isa, 32, 0, 0, 56, 1232, 38990, 38990, 38990
  result is correct!
! 22, isa, 32, 0, 0, 60, 1320, 44654, 44654, 44654
  result is correct!
! 22, isa, 32, 0, 0, 64, 1408, 50702, 50702, 50702
  result is correct!
! 22, isa, 32, 0, 0, 68, 1496, 57134, 57134, 57134
  result is correct!
! 22, isa, 32, 0, 0, 72, 1584, 63950, 63950, 63950
  result is correct!
>>>>
