====
REPO_HOME         := /home/gk24545/Documents/software/Github/mpise-releases/v22052025
RISCV             := /home/gk24545/Documents/software/Github/mpise-releases/v22052025/build/riscv-spike
MPISE_DESTRUCTIVE := 0
MPISE_STATELESS   := 0
----
ARCH              := rv32
TYPE              := isa
RADIX             := 29
PLATFORM          := spike
VERSION           := hybrid
<<<<
bbl loader
! 29, isa, 32, 0, 0, 8, 232, 722, 722, 722
  result is correct!
! 29, isa, 32, 0, 0, 12, 348, 1386, 1386, 1386
  result is correct!
! 29, isa, 32, 0, 0, 16, 464, 2266, 2266, 2266
  result is correct!
! 29, isa, 32, 0, 0, 20, 580, 3362, 3362, 3362
  result is correct!
! 29, isa, 32, 0, 0, 24, 696, 4674, 4674, 4674
  result is correct!
! 29, isa, 32, 0, 0, 28, 812, 6202, 6202, 6202
  result is correct!
! 29, isa, 32, 0, 0, 32, 928, 7946, 7946, 7946
  result is correct!
! 29, isa, 32, 0, 0, 36, 1044, 9906, 9906, 9906
  result is correct!
! 29, isa, 32, 0, 0, 40, 1160, 12082, 12082, 12082
  result is correct!
! 29, isa, 32, 0, 0, 44, 1276, 14474, 14474, 14474
  result is correct!
! 29, isa, 32, 0, 0, 48, 1392, 17082, 17082, 17082
  result is correct!
! 29, isa, 32, 0, 0, 52, 1508, 19906, 19906, 19906
  result is correct!
! 29, isa, 32, 0, 0, 56, 1624, 22946, 22946, 22946
  result is correct!
! 29, isa, 32, 0, 0, 60, 1740, 26202, 26202, 26202
  result is correct!
! 29, isa, 32, 0, 0, 64, 1856, 29674, 29674, 29674
  result is correct!
>>>>
