====
REPO_HOME         := /home/gk24545/Documents/software/Github/mpise-releases/v22052025
RISCV             := /home/gk24545/Documents/software/Github/mpise-releases/v22052025/build/riscv-spike
MPISE_DESTRUCTIVE := 0
MPISE_STATELESS   := 0
----
ARCH              := rv32
TYPE              := isa
RADIX             := 28
PLATFORM          := spike
VERSION           := hybrid
<<<<
bbl loader
! 28, isa, 32, 0, 0, 8, 224, 722, 722, 722
  result is correct!
! 28, isa, 32, 0, 0, 12, 336, 1386, 1386, 1386
  result is correct!
! 28, isa, 32, 0, 0, 16, 448, 2266, 2266, 2266
  result is correct!
! 28, isa, 32, 0, 0, 20, 560, 3362, 3362, 3362
  result is correct!
! 28, isa, 32, 0, 0, 24, 672, 4674, 4674, 4674
  result is correct!
! 28, isa, 32, 0, 0, 28, 784, 6202, 6202, 6202
  result is correct!
! 28, isa, 32, 0, 0, 32, 896, 7946, 7946, 7946
  result is correct!
! 28, isa, 32, 0, 0, 36, 1008, 9906, 9906, 9906
  result is correct!
! 28, isa, 32, 0, 0, 40, 1120, 12082, 12082, 12082
  result is correct!
! 28, isa, 32, 0, 0, 44, 1232, 14474, 14474, 14474
  result is correct!
! 28, isa, 32, 0, 0, 48, 1344, 17082, 17082, 17082
  result is correct!
! 28, isa, 32, 0, 0, 52, 1456, 19906, 19906, 19906
  result is correct!
! 28, isa, 32, 0, 0, 56, 1568, 22946, 22946, 22946
  result is correct!
! 28, isa, 32, 0, 0, 60, 1680, 26202, 26202, 26202
  result is correct!
! 28, isa, 32, 0, 0, 64, 1792, 29674, 29674, 29674
  result is correct!
! 28, isa, 32, 0, 0, 68, 1904, 33362, 33362, 33362
  result is correct!
! 28, isa, 32, 0, 0, 72, 2016, 37266, 37266, 37266
  result is correct!
>>>>
