====
REPO_HOME         := /home/gk24545/Documents/software/Github/mpise-releases/v22052025
RISCV             := /home/gk24545/Documents/software/Github/mpise-releases/v22052025/build/riscv-spike
MPISE_DESTRUCTIVE := 0
MPISE_STATELESS   := 0
----
ARCH              := rv32
TYPE              := ise
RADIX             := 27
PLATFORM          := spike
VERSION           := hybrid
<<<<
bbl loader
! 27, ise, 32, 0, 0, 8, 216, 420, 420, 420
  result is correct!
! 27, ise, 32, 0, 0, 12, 324, 740, 740, 740
  result is correct!
! 27, ise, 32, 0, 0, 16, 432, 1148, 1148, 1148
  result is correct!
! 27, ise, 32, 0, 0, 20, 540, 1644, 1644, 1644
  result is correct!
! 27, ise, 32, 0, 0, 24, 648, 2228, 2228, 2228
  result is correct!
! 27, ise, 32, 0, 0, 28, 756, 2900, 2900, 2900
  result is correct!
! 27, ise, 32, 0, 0, 32, 864, 3660, 3660, 3660
  result is correct!
>>>>
