====
REPO_HOME         := /home/gk24545/Documents/software/Github/mpise-releases/v22052025
RISCV             := /home/gk24545/Documents/software/Github/mpise-releases/v22052025/build/riscv-spike
MPISE_DESTRUCTIVE := 0
MPISE_STATELESS   := 0
----
ARCH              := rv32
TYPE              := ise
RADIX             := 32
PLATFORM          := spike
VERSION           := simple
<<<<
bbl loader
! 32, ise, 32, 0, 0, 8, 256, 814, 814, 814
  result is correct!
! 32, ise, 32, 0, 0, 12, 384, 1694, 1694, 1694
  result is correct!
! 32, ise, 32, 0, 0, 16, 512, 2894, 2894, 2894
  result is correct!
! 32, ise, 32, 0, 0, 20, 640, 4414, 4414, 4414
  result is correct!
! 32, ise, 32, 0, 0, 24, 768, 6254, 6254, 6254
  result is correct!
! 32, ise, 32, 0, 0, 28, 896, 8414, 8414, 8414
  result is correct!
! 32, ise, 32, 0, 0, 32, 1024, 10894, 10894, 10894
  result is correct!
! 32, ise, 32, 0, 0, 36, 1152, 13694, 13694, 13694
  result is correct!
! 32, ise, 32, 0, 0, 40, 1280, 16814, 16814, 16814
  result is correct!
! 32, ise, 32, 0, 0, 44, 1408, 20254, 20254, 20254
  result is correct!
! 32, ise, 32, 0, 0, 48, 1536, 24014, 24014, 24014
  result is correct!
! 32, ise, 32, 0, 0, 52, 1664, 28094, 28094, 28094
  result is correct!
! 32, ise, 32, 0, 0, 56, 1792, 32494, 32494, 32494
  result is correct!
! 32, ise, 32, 0, 0, 60, 1920, 37214, 37214, 37214
  result is correct!
! 32, ise, 32, 0, 0, 64, 2048, 42254, 42254, 42254
  result is correct!
>>>>
