====
REPO_HOME         := /home/gk24545/Documents/software/Github/mpise-releases/v22052025
RISCV             := /home/gk24545/Documents/software/Github/mpise-releases/v22052025/build/riscv-spike
MPISE_DESTRUCTIVE := 0
MPISE_STATELESS   := 0
----
ARCH              := rv32
TYPE              := ise
RADIX             := 26
PLATFORM          := spike
VERSION           := simple
<<<<
bbl loader
! 26, ise, 32, 0, 0, 8, 208, 704, 704, 704
  result is correct!
! 26, ise, 32, 0, 0, 12, 312, 1432, 1432, 1432
  result is correct!
! 26, ise, 32, 0, 0, 16, 416, 2416, 2416, 2416
  result is correct!
! 26, ise, 32, 0, 0, 20, 520, 3656, 3656, 3656
  result is correct!
! 26, ise, 32, 0, 0, 24, 624, 5152, 5152, 5152
  result is correct!
! 26, ise, 32, 0, 0, 28, 728, 6904, 6904, 6904
  result is correct!
! 26, ise, 32, 0, 0, 32, 832, 8912, 8912, 8912
  result is correct!
! 26, ise, 32, 0, 0, 36, 936, 11176, 11176, 11176
  result is correct!
! 26, ise, 32, 0, 0, 40, 1040, 13696, 13696, 13696
  result is correct!
! 26, ise, 32, 0, 0, 44, 1144, 16472, 16472, 16472
  result is correct!
! 26, ise, 32, 0, 0, 48, 1248, 19504, 19504, 19504
  result is correct!
! 26, ise, 32, 0, 0, 52, 1352, 22792, 22792, 22792
  result is correct!
! 26, ise, 32, 0, 0, 56, 1456, 26336, 26336, 26336
  result is correct!
! 26, ise, 32, 0, 0, 60, 1560, 30136, 30136, 30136
  result is correct!
! 26, ise, 32, 0, 0, 64, 1664, 34192, 34192, 34192
  result is correct!
>>>>
