====
REPO_HOME         := /home/gk24545/Documents/software/Github/mpise-releases/v22052025
RISCV             := /home/gk24545/Documents/software/Github/mpise-releases/v22052025/build/riscv-spike
MPISE_DESTRUCTIVE := 0
MPISE_STATELESS   := 0
----
ARCH              := rv32
TYPE              := ise
RADIX             := 25
PLATFORM          := spike
VERSION           := hybrid
<<<<
bbl loader
! 25, ise, 32, 0, 0, 8, 200, 420, 420, 420
  result is correct!
! 25, ise, 32, 0, 0, 12, 300, 740, 740, 740
  result is correct!
! 25, ise, 32, 0, 0, 16, 400, 1148, 1148, 1148
  result is correct!
! 25, ise, 32, 0, 0, 20, 500, 1644, 1644, 1644
  result is correct!
! 25, ise, 32, 0, 0, 24, 600, 2228, 2228, 2228
  result is correct!
! 25, ise, 32, 0, 0, 28, 700, 2900, 2900, 2900
  result is correct!
! 25, ise, 32, 0, 0, 32, 800, 3660, 3660, 3660
  result is correct!
! 25, ise, 32, 0, 0, 36, 900, 4508, 4508, 4508
  result is correct!
! 25, ise, 32, 0, 0, 40, 1000, 5444, 5444, 5444
  result is correct!
! 25, ise, 32, 0, 0, 44, 1100, 6468, 6468, 6468
  result is correct!
! 25, ise, 32, 0, 0, 48, 1200, 7580, 7580, 7580
  result is correct!
! 25, ise, 32, 0, 0, 52, 1300, 8780, 8780, 8780
  result is correct!
! 25, ise, 32, 0, 0, 56, 1400, 10068, 10068, 10068
  result is correct!
! 25, ise, 32, 0, 0, 60, 1500, 11444, 11444, 11444
  result is correct!
! 25, ise, 32, 0, 0, 64, 1600, 12908, 12908, 12908
  result is correct!
! 25, ise, 32, 0, 0, 68, 1700, 14460, 14460, 14460
  result is correct!
! 25, ise, 32, 0, 0, 72, 1800, 16100, 16100, 16100
  result is correct!
>>>>
