====
REPO_HOME         := /home/gk24545/Documents/software/Github/mpise-releases/v22052025
RISCV             := /home/gk24545/Documents/software/Github/mpise-releases/v22052025/build/riscv-spike
MPISE_DESTRUCTIVE := 0
MPISE_STATELESS   := 0
----
ARCH              := rv32
TYPE              := ise
RADIX             := 23
PLATFORM          := spike
VERSION           := simple
<<<<
bbl loader
! 23, ise, 32, 0, 0, 8, 184, 704, 704, 704
  result is correct!
! 23, ise, 32, 0, 0, 12, 276, 1432, 1432, 1432
  result is correct!
! 23, ise, 32, 0, 0, 16, 368, 2416, 2416, 2416
  result is correct!
! 23, ise, 32, 0, 0, 20, 460, 3656, 3656, 3656
  result is correct!
! 23, ise, 32, 0, 0, 24, 552, 5152, 5152, 5152
  result is correct!
! 23, ise, 32, 0, 0, 28, 644, 6904, 6904, 6904
  result is correct!
! 23, ise, 32, 0, 0, 32, 736, 8912, 8912, 8912
  result is correct!
! 23, ise, 32, 0, 0, 36, 828, 11176, 11176, 11176
  result is correct!
! 23, ise, 32, 0, 0, 40, 920, 13696, 13696, 13696
  result is correct!
! 23, ise, 32, 0, 0, 44, 1012, 16472, 16472, 16472
  result is correct!
! 23, ise, 32, 0, 0, 48, 1104, 19504, 19504, 19504
  result is correct!
! 23, ise, 32, 0, 0, 52, 1196, 22792, 22792, 22792
  result is correct!
! 23, ise, 32, 0, 0, 56, 1288, 26336, 26336, 26336
  result is correct!
! 23, ise, 32, 0, 0, 60, 1380, 30136, 30136, 30136
  result is correct!
! 23, ise, 32, 0, 0, 64, 1472, 34192, 34192, 34192
  result is correct!
! 23, ise, 32, 0, 0, 68, 1564, 38504, 38504, 38504
  result is correct!
! 23, ise, 32, 0, 0, 72, 1656, 43072, 43072, 43072
  result is correct!
>>>>
